<?xml version="1.0" encoding="UTF-8"?>
<!-- Generated by org.testng.reporters.JUnitReportReporter -->
<testsuite hostname="DESKTOP-EEMVQ20" failures="0" tests="1" name="dataDrivenTesting.Jobs_API_TC05_GetRq_invalidURL" time="0.311" errors="0" timestamp="2022-02-08T10:48:30 MST" skipped="0">
  <testcase classname="dataDrivenTesting.Jobs_API_TC05_GetRq_invalidURL" name="TC_GET_Recs_invalidURL" time="0.311"/>
  <system-out/>
</testsuite> <!-- dataDrivenTesting.Jobs_API_TC05_GetRq_invalidURL -->
