<?xml version="1.0" encoding="UTF-8"?>
<!-- Generated by org.testng.reporters.JUnitReportReporter -->
<testsuite hostname="DESKTOP-EEMVQ20" failures="0" tests="1" name="DataDrivenTesting.Jobs_LMSAPI_PostRQ" time="1.701" errors="0" timestamp="2022-01-20T09:37:05 MST" skipped="0">
  <testcase classname="DataDrivenTesting.Jobs_LMSAPI_PostRQ" name="TC_PostRequest" time="1.701"/>
  <system-out/>
</testsuite> <!-- DataDrivenTesting.Jobs_LMSAPI_PostRQ -->
