<?xml version="1.0" encoding="UTF-8"?>
<!-- Generated by org.testng.reporters.JUnitReportReporter -->
<testsuite hostname="DESKTOP-EEMVQ20" failures="0" tests="8" name="dataDrivenTesting.LMS_API_POSTRQ" time="4.069" errors="0" timestamp="2022-02-22T10:51:43 MST" skipped="0">
  <testcase classname="dataDrivenTesting.LMS_API_POSTRQ" name="LMS_API_TC03_POSTRQ" time="0.621"/>
  <system-out/>
  <testcase classname="dataDrivenTesting.LMS_API_POSTRQ" name="LMS_API_TC03_POSTRQ" time="0.512"/>
  <system-out/>
  <testcase classname="dataDrivenTesting.LMS_API_POSTRQ" name="LMS_API_TC03_POSTRQ" time="0.496"/>
  <system-out/>
  <testcase classname="dataDrivenTesting.LMS_API_POSTRQ" name="LMS_API_TC03_POSTRQ" time="0.506"/>
  <system-out/>
  <testcase classname="dataDrivenTesting.LMS_API_POSTRQ" name="LMS_API_TC04_POSTRQ_missingParams" time="0.488"/>
  <system-out/>
  <testcase classname="dataDrivenTesting.LMS_API_POSTRQ" name="LMS_API_TC04_POSTRQ_missingParams" time="0.488"/>
  <system-out/>
  <testcase classname="dataDrivenTesting.LMS_API_POSTRQ" name="LMS_API_TC04_POSTRQ_missingParams" time="0.481"/>
  <system-out/>
  <testcase classname="dataDrivenTesting.LMS_API_POSTRQ" name="LMS_API_TC04_POSTRQ_missingParams" time="0.477"/>
  <system-out/>
</testsuite> <!-- dataDrivenTesting.LMS_API_POSTRQ -->
