<?xml version="1.0" encoding="UTF-8"?>
<!-- Generated by org.testng.reporters.JUnitReportReporter -->
<testsuite hostname="DESKTOP-EEMVQ20" failures="0" tests="2" name="dataDrivenTesting.Jobs_API_TC01_GETRQ" time="2.038" errors="0" timestamp="2022-02-08T14:22:50 MST" skipped="0">
  <testcase classname="dataDrivenTesting.Jobs_API_TC01_GETRQ" name="TC_GET_AllRecords" time="1.713"/>
  <system-out/>
  <testcase classname="dataDrivenTesting.Jobs_API_TC01_GETRQ" name="TC_GET_Recs_invalidURL" time="0.325"/>
  <system-out/>
</testsuite> <!-- dataDrivenTesting.Jobs_API_TC01_GETRQ -->
