<?xml version="1.0" encoding="UTF-8"?>
<!-- Generated by org.testng.reporters.JUnitReportReporter -->
<testsuite hostname="DESKTOP-EEMVQ20" failures="0" tests="1" name="dataDrivenTesting_PositiveScenarios.Jobs_API_TC07_Delete_newId" time="0.322" errors="0" timestamp="2022-01-29T18:35:09 MST" skipped="0">
  <testcase classname="dataDrivenTesting_PositiveScenarios.Jobs_API_TC07_Delete_newId" name="TC_deleteRequest" time="0.322"/>
  <system-out/>
</testsuite> <!-- dataDrivenTesting_PositiveScenarios.Jobs_API_TC07_Delete_newId -->
