<?xml version="1.0" encoding="UTF-8"?>
<!-- Generated by org.testng.reporters.JUnitReportReporter -->
<testsuite hostname="DESKTOP-EEMVQ20" failures="0" tests="6" name="dataDrivenTesting_PositiveScenarios.Jobs_API_TC06_Post_sameRecord" time="1.980" errors="0" timestamp="2022-01-29T18:35:09 MST" skipped="0">
  <testcase classname="dataDrivenTesting_PositiveScenarios.Jobs_API_TC06_Post_sameRecord" name="TC_PostRequest" time="0.329"/>
  <system-out/>
  <testcase classname="dataDrivenTesting_PositiveScenarios.Jobs_API_TC06_Post_sameRecord" name="TC_PostRequest" time="0.327"/>
  <system-out/>
  <testcase classname="dataDrivenTesting_PositiveScenarios.Jobs_API_TC06_Post_sameRecord" name="TC_PostRequest" time="0.335"/>
  <system-out/>
  <testcase classname="dataDrivenTesting_PositiveScenarios.Jobs_API_TC06_Post_sameRecord" name="TC_PostRequest" time="0.330"/>
  <system-out/>
  <testcase classname="dataDrivenTesting_PositiveScenarios.Jobs_API_TC06_Post_sameRecord" name="TC_PostRequest" time="0.321"/>
  <system-out/>
  <testcase classname="dataDrivenTesting_PositiveScenarios.Jobs_API_TC06_Post_sameRecord" name="TC_PostRequest" time="0.338"/>
  <system-out/>
</testsuite> <!-- dataDrivenTesting_PositiveScenarios.Jobs_API_TC06_Post_sameRecord -->
