<?xml version="1.0" encoding="UTF-8"?>
<!-- Generated by org.testng.reporters.JUnitReportReporter -->
<testsuite hostname="DESKTOP-EEMVQ20" failures="0" tests="13" name="dataDrivenTesting.Jobs_API_POSTRQ" time="4.030" errors="0" timestamp="2022-02-22T10:51:43 MST" skipped="0">
  <testcase classname="dataDrivenTesting.Jobs_API_POSTRQ" name="Jobs_API_TC03_POSTRQ" time="0.304"/>
  <system-out/>
  <testcase classname="dataDrivenTesting.Jobs_API_POSTRQ" name="Jobs_API_TC03_POSTRQ" time="0.306"/>
  <system-out/>
  <testcase classname="dataDrivenTesting.Jobs_API_POSTRQ" name="Jobs_API_TC03_POSTRQ" time="0.327"/>
  <system-out/>
  <testcase classname="dataDrivenTesting.Jobs_API_POSTRQ" name="Jobs_API_TC03_POSTRQ" time="0.302"/>
  <system-out/>
  <testcase classname="dataDrivenTesting.Jobs_API_POSTRQ" name="Jobs_API_TC03_POSTRQ" time="0.317"/>
  <system-out/>
  <testcase classname="dataDrivenTesting.Jobs_API_POSTRQ" name="Jobs_API_TC03_POSTRQ" time="0.307"/>
  <system-out/>
  <testcase classname="dataDrivenTesting.Jobs_API_POSTRQ" name="Jobs_API_TC03_POSTRQ" time="0.303"/>
  <system-out/>
  <testcase classname="dataDrivenTesting.Jobs_API_POSTRQ" name="Jobs_API_TC04_POSTRQ_sameData" time="0.319"/>
  <system-out/>
  <testcase classname="dataDrivenTesting.Jobs_API_POSTRQ" name="Jobs_API_TC04_POSTRQ_sameData" time="0.317"/>
  <system-out/>
  <testcase classname="dataDrivenTesting.Jobs_API_POSTRQ" name="Jobs_API_TC04_POSTRQ_sameData" time="0.310"/>
  <system-out/>
  <testcase classname="dataDrivenTesting.Jobs_API_POSTRQ" name="Jobs_API_TC04_POSTRQ_sameData" time="0.303"/>
  <system-out/>
  <testcase classname="dataDrivenTesting.Jobs_API_POSTRQ" name="Jobs_API_TC04_POSTRQ_sameData" time="0.315"/>
  <system-out/>
  <testcase classname="dataDrivenTesting.Jobs_API_POSTRQ" name="Jobs_API_TC04_POSTRQ_sameData" time="0.300"/>
  <system-out/>
</testsuite> <!-- dataDrivenTesting.Jobs_API_POSTRQ -->
