<?xml version="1.0" encoding="UTF-8"?>
<!-- Generated by org.testng.reporters.JUnitReportReporter -->
<testsuite hostname="DESKTOP-EEMVQ20" failures="0" tests="1" name="dataDrivenTesting.LMS_API_TC07_Put_newId" time="0.460" errors="0" timestamp="2022-02-08T10:48:30 MST" skipped="0">
  <testcase classname="dataDrivenTesting.LMS_API_TC07_Put_newId" name="updateRecord" time="0.460"/>
  <system-out/>
</testsuite> <!-- dataDrivenTesting.LMS_API_TC07_Put_newId -->
