<?xml version="1.0" encoding="UTF-8"?>
<!-- Generated by org.testng.reporters.JUnitReportReporter -->
<testsuite hostname="DESKTOP-EEMVQ20" failures="0" tests="1" name="dataDrivenTesting_PositiveScenarios.Jobs_API_TC01_GETRQ" time="0.322" errors="0" timestamp="2022-01-29T18:35:09 MST" skipped="0">
  <testcase classname="dataDrivenTesting_PositiveScenarios.Jobs_API_TC01_GETRQ" name="TC_GET_AllRecords" time="0.322"/>
  <system-out/>
</testsuite> <!-- dataDrivenTesting_PositiveScenarios.Jobs_API_TC01_GETRQ -->
