<?xml version="1.0" encoding="UTF-8"?>
<!-- Generated by org.testng.reporters.JUnitReportReporter -->
<testsuite hostname="DESKTOP-EEMVQ20" failures="0" tests="4" name="dataDrivenTesting.LMS_API_TC02_POSTRQ" time="3.090" errors="0" timestamp="2022-02-08T12:42:16 MST" skipped="0">
  <testcase classname="dataDrivenTesting.LMS_API_TC02_POSTRQ" name="createRecord" time="0.469"/>
  <system-out/>
  <testcase classname="dataDrivenTesting.LMS_API_TC02_POSTRQ" name="createRecord" time="0.461"/>
  <system-out/>
  <testcase classname="dataDrivenTesting.LMS_API_TC02_POSTRQ" name="createRecord" time="1.690"/>
  <system-out/>
  <testcase classname="dataDrivenTesting.LMS_API_TC02_POSTRQ" name="createRecord" time="0.470"/>
  <system-out/>
</testsuite> <!-- dataDrivenTesting.LMS_API_TC02_POSTRQ -->
