<?xml version="1.0" encoding="UTF-8"?>
<!-- Generated by org.testng.reporters.JUnitReportReporter -->
<testsuite hostname="DESKTOP-EEMVQ20" failures="0" tests="1" name="JOBSApi_RestAssured" time="1.951" errors="0" timestamp="2022-01-22T17:00:52 MST" skipped="0">
  <testcase classname="JOBSApi_RestAssured" name="TC_GET_AllRecords" time="1.951"/>
  <system-out/>
</testsuite> <!-- JOBSApi_RestAssured -->
