<?xml version="1.0" encoding="UTF-8"?>
<!-- Generated by org.testng.reporters.JUnitReportReporter -->
<testsuite hostname="DESKTOP-EEMVQ20" failures="0" tests="1" name="DataDrivenTesting.Jobs_API_DataDrivenTests" time="1.589" errors="0" timestamp="2022-01-22T21:03:13 MST" skipped="0">
  <testcase classname="DataDrivenTesting.Jobs_API_DataDrivenTests" name="TC_GET_AllRecords" time="1.589"/>
  <system-out/>
</testsuite> <!-- DataDrivenTesting.Jobs_API_DataDrivenTests -->
