<?xml version="1.0" encoding="UTF-8"?>
<!-- Generated by org.testng.reporters.JUnitReportReporter -->
<testsuite hostname="DESKTOP-EEMVQ20" failures="0" tests="1" name="dataDrivenTesting_PositiveScenarios.Jobs_API_TC05_GetRq_invalidURL" time="0.309" errors="0" timestamp="2022-01-29T18:35:09 MST" skipped="0">
  <testcase classname="dataDrivenTesting_PositiveScenarios.Jobs_API_TC05_GetRq_invalidURL" name="TC_GET_Recs_invalidURL" time="0.309"/>
  <system-out/>
</testsuite> <!-- dataDrivenTesting_PositiveScenarios.Jobs_API_TC05_GetRq_invalidURL -->
