<?xml version="1.0" encoding="UTF-8"?>
<!-- Generated by org.testng.reporters.JUnitReportReporter -->
<testsuite hostname="DESKTOP-EEMVQ20" failures="0" tests="3" name="dataDrivenTesting_PositiveScenarios.LMS_API_TC02_PUTRQ" time="2.887" errors="0" timestamp="2022-01-25T20:04:56 MST" skipped="0">
  <testcase classname="dataDrivenTesting_PositiveScenarios.LMS_API_TC02_PUTRQ" name="updateRecord" time="0.499"/>
  <system-out/>
  <testcase classname="dataDrivenTesting_PositiveScenarios.LMS_API_TC02_PUTRQ" name="updateRecord" time="1.827"/>
  <system-out/>
  <testcase classname="dataDrivenTesting_PositiveScenarios.LMS_API_TC02_PUTRQ" name="updateRecord" time="0.561"/>
  <system-out/>
</testsuite> <!-- dataDrivenTesting_PositiveScenarios.LMS_API_TC02_PUTRQ -->
