<?xml version="1.0" encoding="UTF-8"?>
<!-- Generated by org.testng.reporters.JUnitReportReporter -->
<testsuite hostname="DESKTOP-EEMVQ20" failures="0" tests="4" name="dataDrivenTesting.LMS_API_PUTRQ" time="1.835" errors="0" timestamp="2022-02-22T10:51:43 MST" skipped="0">
  <testcase classname="dataDrivenTesting.LMS_API_PUTRQ" name="LMS_API_TC05_PUTRQ" time="0.460"/>
  <system-out/>
  <testcase classname="dataDrivenTesting.LMS_API_PUTRQ" name="LMS_API_TC05_PUTRQ" time="0.485"/>
  <system-out/>
  <testcase classname="dataDrivenTesting.LMS_API_PUTRQ" name="LMS_API_TC05_PUTRQ" time="0.450"/>
  <system-out/>
  <testcase classname="dataDrivenTesting.LMS_API_PUTRQ" name="LMS_API_TC06_PUTRQ_newId" time="0.440"/>
  <system-out/>
</testsuite> <!-- dataDrivenTesting.LMS_API_PUTRQ -->
