<?xml version="1.0" encoding="UTF-8"?>
<!-- Generated by org.testng.reporters.JUnitReportReporter -->
<testsuite hostname="DESKTOP-EEMVQ20" failures="1" tests="1" name="dataDrivenTesting.LMS_API_GETRQ" time="20.086" errors="0" timestamp="2022-02-23T11:18:18 MST" skipped="0">
  <testcase classname="dataDrivenTesting.LMS_API_GETRQ" name="LMS_API_TC01_GETRQ" time="20.086">
    <failure message="
Expected: The content to match the given JSON schema.
error: instance type (string) does not match any allowed primitive type (allowed: [&quot;null&quot;])
    level: &quot;error&quot;
    schema: {&quot;loadingURI&quot;:&quot;file:/C:/Users/sofij/eclipse-workspace/API_Automation_RestAssured/target/test-classes/LMSAPI.json#&quot;,&quot;pointer&quot;:&quot;/items/221/properties/programDescription&quot;}
    instance: {&quot;pointer&quot;:&quot;/221/programDescription&quot;}
    domain: &quot;validation&quot;
    keyword: &quot;type&quot;
    found: &quot;string&quot;
    expected: [&quot;null&quot;]

     but: was &quot;[\n    {\n        \&quot;programId\&quot;: 9424,\n        \&quot;programName\&quot;: \&quot;programName Volcano1\&quot;,\n        \&quot;programDescription\&quot;: \&quot;programDescription TestPUT1\&quot;,\n        \&quot;online\&quot;: true\n    },\n    {\n        \&quot;programId\&quot;: 9438,\n        \&quot;programName\&quot;: \&quot;Assistantabc\&quot;,\n        \&quot;programDescription\&quot;: \&quot;\&quot;,\n        \&quot;online\&quot;: true\n    },\n    {\n        \&quot;programId\&quot;: 9447,\n        \&quot;programName\&quot;: \&quot;string\&quot;,\n        \&quot;programDescription\&quot;: \&quot;string\&quot;,\n        \&quot;online\&quot;: true\n    },\n    {\n        \&quot;programId\&quot;: 7606,\n        \&quot;programName\&quot;: \&quot;DS\&quot;,\n        \&quot;programDescription\&quot;: \&quot;data science\&quot;,\n        \&quot;online\&quot;: false\n    },\n    {\n        \&quot;programId\&quot;: 7609,\n        \&quot;programName\&quot;: \&quot;string\&quot;,\n        \&quot;programDescription\&quot;: \&quot;string\&quot;,\n        \&quot;online\&quot;: true\n    },\n    {\n        \&quot;programId\&quot;: 7610,\n        \&quot;programName\&quot;: \&quot;Automation\&quot;,\n        \&quot;programDescription\&quot;: \&quot;QA\&quot;,\n        \&quot;online\&quot;: true\n    },\n    {\n        \&quot;programId\&quot;: 7613,\n        \&quot;programName\&quot;: \&quot;Automation\&quot;,\n        \&quot;programDescription\&quot;: \&quot;QA\&quot;,\n        \&quot;online\&quot;: true\n    },\n    {\n        \&quot;programId\&quot;: 9455,\n        \&quot;programName\&quot;: \&quot;Devops\&quot;,\n        \&quot;programDescription\&quot;: \&quot;New Devops\&quot;,\n        \&quot;online\&quot;: true\n    },\n    {\n        \&quot;programId\&quot;: 9457,\n        \&quot;programName\&quot;: \&quot;TestingModified\&quot;,\n        \&quot;programDescription\&quot;: \&quot;TestingModified\&quot;,\n        \&quot;online\&quot;: true\n    },\n    {\n        \&quot;programId\&quot;: 7622,\n        \&quot;programName\&quot;: \&quot;SDET\&quot;,\n        \&quot;programDescription\&quot;: \&quot;Selenium Postman\&quot;,\n        \&quot;online\&quot;: true\n    },\n    {\n        \&quot;programId\&quot;: 7624,\n        \&quot;programName\&quot;: \&quot;API Testing\&quot;,\n        \&quot;programDescription\&quot;: \&quot;RestAssured Postman\&quot;,\n        \&quot;online\&quot;: false\n    },\n    {\n        \&quot;programId\&quot;: 7625,\n        \&quot;programName\&quot;: \&quot;API Testing\&quot;,\n        \&quot;programDescription\&quot;: \&quot;Selenium Postman\&quot;,\n        \&quot;online\&quot;: false\n    },\n    {\n        \&quot;programId\&quot;: 9461,\n        \&quot;programName\&quot;: \&quot;Devops\&quot;,\n        \&quot;programDescription\&quot;: \&quot;New Devops\&quot;,\n        \&quot;online\&quot;: true\n    },\n    {\n        \&quot;programId\&quot;: 7627,\n        \&quot;programName\&quot;: \&quot;Testing\&quot;,\n        \&quot;programDescription\&quot;: \&quot;Testing\&quot;,\n        \&quot;online\&quot;: true\n    },\n    {\n        \&quot;programId\&quot;: 7628,\n        \&quot;programName\&quot;: \&quot;Updating ProgramName for 273\&quot;,\n        \&quot;programDescription\&quot;: \&quot;Updating programDescription\&quot;,\n        \&quot;online\&quot;: true\n    },\n    {\n        \&quot;programId\&quot;: 7629,\n        \&quot;programName\&quot;: \&quot;Testing\&quot;,\n        \&quot;programDescription\&quot;: \&quot;AutomationTesting\&quot;,\n        \&quot;online\&quot;: true\n    },\n    {\n        \&quot;programId\&quot;: 7633,\n        \&quot;programName\&quot;: \&quot;SDET\&quot;,\n        \&quot;programDescription\&quot;: \&quot;Selenium Postman\&quot;,\n        \&quot;online\&quot;: true\n    },\n    {\n        \&quot;programId\&quot;: 9463,\n        \&quot;programName\&quot;: \&quot;Devops\&quot;,\n        \&quot;programDescription\&quot;: \&quot;New Devops\&quot;,\n        \&quot;online\&quot;: true\n    },\n    {\n        \&quot;programId\&quot;: 9466,\n        \&quot;programName\&quot;: \&quot;SME\&quot;,\n        \&quot;programDescription\&quot;: \&quot;HealthCare\&quot;,\n        \&quot;online\&quot;: false\n    },\n    {\n        \&quot;programId\&quot;: 7637,\n        \&quot;programName\&quot;: \&quot;Updating ProgramName for 272\&quot;,\n        \&quot;programDescription\&quot;: \&quot;Updating programDescription\&quot;,\n        \&quot;online\&quot;: false\n    },\n    {\n        \&quot;programId\&quot;: 9467,\n        \&quot;programName\&quot;: \&quot;Scrum Master\&quot;,\n        \&quot;programDescription\&quot;: \&quot;Agile\&quot;,\n        \&quot;online\&quot;: false\n    },\n    {\n        \&quot;programId\&quot;: 7639,\n        \&quot;programName\&quot;: \&quot;Updating ProgramName for 273\&quot;,\n        \&quot;programDescription\&quot;: \&quot;Updating programDescription\&quot;,\n        \&quot;online\&quot;: true\n    },\n    {\n        \&quot;programId\&quot;: 7640,\n        \&quot;programName\&quot;: \&quot;Testing\&quot;,\n        \&quot;programDescription\&quot;: \&quot;AutomationTesting\&quot;,\n        \&quot;online\&quot;: true\n    },\n    {\n        \&quot;programId\&quot;: 9468,\n        \&quot;programName\&quot;: \&quot;Backend Developer\&quot;,\n        \&quot;programDescription\&quot;: \&quot;Sql Developer\&quot;,\n        \&quot;online\&quot;: false\n    },\n    {\n        \&quot;programId\&quot;: 9469,\n        \&quot;programName\&quot;: \&quot;Scrum Master\&quot;,\n        \&quot;programDescription\&quot;: \&quot;Agile\&quot;,\n        \&quot;online\&quot;: false\n    },\n    {\n        \&quot;programId\&quot;: 9470,\n        \&quot;programName\&quot;: \&quot;Scrum Mastermodified\&quot;,\n        \&quot;programDescription\&quot;: \&quot;Agilemodified\&quot;,\n        \&quot;online\&quot;: false\n    },\n    {\n        \&quot;programId\&quot;: 7645,\n        \&quot;programName\&quot;: \&quot;API Testing\&quot;,\n        \&quot;programDescription\&quot;: \&quot;Selenium Postman\&quot;,\n        \&quot;online\&quot;: false\n    },\n    {\n        \&quot;programId\&quot;: 7646,\n        \&quot;programName\&quot;: \&quot;Updating ProgramName for 272\&quot;,\n        \&quot;programDescription\&quot;: \&quot;Updating programDescription\&quot;,\n        \&quot;online\&quot;: false\n    },\n    {\n        \&quot;programId\&quot;: 7647,\n        \&quot;programName\&quot;: \&quot;Testing\&quot;,\n        \&quot;programDescription\&quot;: \&quot;Testing\&quot;,\n        \&quot;online\&quot;: true\n    },\n    {\n        \&quot;programId\&quot;: 9471,\n        \&quot;programName\&quot;: \&quot;Automation\&quot;,\n        \&quot;programDescription\&quot;: \&quot;Selinium\&quot;,\n        \&quot;online\&quot;: false\n    },\n    {\n        \&quot;programId\&quot;: 7649,\n        \&quot;programName\&quot;: \&quot;Testing\&quot;,\n        \&quot;programDescription\&quot;: \&quot;AutomationTesting\&quot;,\n        \&quot;online\&quot;: true\n    },\n    {\n        \&quot;programId\&quot;: 7652,\n        \&quot;programName\&quot;: \&quot;Blank testing\&quot;,\n        \&quot;programDescription\&quot;: \&quot;\&quot;,\n        \&quot;online\&quot;: false\n    },\n    {\n        \&quot;programId\&quot;: 7653,\n        \&quot;programName\&quot;: \&quot;API Testing\&quot;,\n        \&quot;programDescription\&quot;: \&quot;RestAssured Postman\&quot;,\n        \&quot;online\&quot;: false\n    },\n    {\n        \&quot;programId\&quot;: 7654,\n        \&quot;programName\&quot;: \&quot;API Testing\&quot;,\n        \&quot;programDescription\&quot;: \&quot;Selenium Postman\&quot;,\n        \&quot;online\&quot;: false\n    },\n    {\n        \&quot;programId\&quot;: 7655,\n        \&quot;programName\&quot;: \&quot;Updating ProgramName for 272\&quot;,\n        \&quot;programDescription\&quot;: \&quot;Updating programDescription\&quot;,\n        \&quot;online\&quot;: false\n    },\n    {\n        \&quot;programId\&quot;: 7656,\n        \&quot;programName\&quot;: \&quot;Testing\&quot;,\n        \&quot;programDescription\&quot;: \&quot;Testing\&quot;,\n        \&quot;online\&quot;: true\n    },\n    {\n        \&quot;programId\&quot;: 7657,\n        \&quot;programName\&quot;: \&quot;Updating ProgramName for 273\&quot;,\n        \&quot;programDescription\&quot;: \&quot;Updating programDescription\&quot;,\n        \&quot;online\&quot;: true\n    },\n    {\n        \&quot;programId\&quot;: 7658,\n        \&quot;programName\&quot;: \&quot;Testing\&quot;,\n        \&quot;programDescription\&quot;: \&quot;AutomationTesting\&quot;,\n        \&quot;online\&quot;: true\n    },\n    {\n        \&quot;programId\&quot;: 7667,\n        \&quot;programName\&quot;: \&quot;string\&quot;,\n        \&quot;programDescription\&quot;: \&quot;string\&quot;,\n        \&quot;online\&quot;: true\n    },\n    {\n        \&quot;programId\&quot;: 7660,\n        \&quot;programName\&quot;: \&quot;int\&quot;,\n        \&quot;programDescription\&quot;: \&quot;hello\&quot;,\n        \&quot;online\&quot;: false\n    },\n    {\n        \&quot;programId\&quot;: 7661,\n        \&quot;programName\&quot;: \&quot;India\&quot;,\n        \&quot;programDescription\&quot;: \&quot;India\&quot;,\n        \&quot;online\&quot;: true\n    },\n    {\n        \&quot;programId\&quot;: 7662,\n        \&quot;programName\&quot;: \&quot;int\&quot;,\n        \&quot;programDescription\&quot;: \&quot;hello\&quot;,\n        \&quot;online\&quot;: false\n    },\n    {\n        \&quot;programId\&quot;: 7663,\n        \&quot;programName\&quot;: \&quot;India\&quot;,\n        \&quot;programDescription\&quot;: \&quot;India\&quot;,\n        \&quot;online\&quot;: true\n    },\n    {\n        \&quot;programId\&quot;: 7664,\n        \&quot;programName\&quot;: \&quot;int\&quot;,\n        \&quot;programDescription\&quot;: \&quot;hello\&quot;,\n        \&quot;online\&quot;: false\n    },\n    {\n        \&quot;programId\&quot;: 7665,\n        \&quot;programName\&quot;: \&quot;int\&quot;,\n        \&quot;programDescription\&quot;: \&quot;hello\&quot;,\n        \&quot;online\&quot;: false\n    },\n    {\n        \&quot;programId\&quot;: 7533,\n        \&quot;programName\&quot;: \&quot;Multipal Digit Testing\&quot;,\n        \&quot;programDescription\&quot;: \&quot;Program ID Testing\&quot;,\n        \&quot;online\&quot;: true\n    },\n    {\n        \&quot;programId\&quot;: 7666,\n        \&quot;programName\&quot;: \&quot;string\&quot;,\n        \&quot;programDescription\&quot;: \&quot;string\&quot;,\n        \&quot;online\&quot;: true\n    },\n    {\n        \&quot;programId\&quot;: 7668,\n        \&quot;programName\&quot;: \&quot;supriya\&quot;,\n        \&quot;programDescription\&quot;: \&quot;supriya\&quot;,\n        \&quot;online\&quot;: false\n    },\n    {\n        \&quot;programId\&quot;: 7669,\n        \&quot;programName\&quot;: \&quot;cucumber learning modified\&quot;,\n        \&quot;programDescription\&quot;: \&quot;cucumber learning\&quot;,\n        \&quot;online\&quot;: false\n    },\n    {\n        \&quot;programId\&quot;: 7614,\n        \&quot;programName\&quot;: \&quot;string\&quot;,\n        \&quot;programDescription\&quot;: \&quot;Postmanrn\&quot;,\n        \&quot;online\&quot;: true\n    },\n    {\n        \&quot;programId\&quot;: 7540,\n        \&quot;programName\&quot;: \&quot;ironman\&quot;,\n        \&quot;programDescription\&quot;: \&quot;Agile\&quot;,\n        \&quot;online\&quot;: true\n    },\n    {\n        \&quot;programId\&quot;: 7541,\n        \&quot;programName\&quot;: \&quot;Application Support\&quot;,\n        \&quot;programDescription\&quot;: \&quot;\&quot;,\n        \&quot;online\&quot;: true\n    },\n    {\n        \&quot;programId\&quot;: 7516,\n        \&quot;programName\&quot;: \&quot;java\&quot;,\n        \&quot;programDescription\&quot;: \&quot;tester\&quot;,\n        \&quot;online\&quot;: true\n    },\n    {\n        \&quot;programId\&quot;: 7539,\n        \&quot;programName\&quot;: \&quot;python\&quot;,\n        \&quot;programDescription\&quot;: \&quot;developer\&quot;,\n        \&quot;online\&quot;: true\n    },\n    {\n        \&quot;programId\&quot;: 2000,\n        \&quot;programName\&quot;: \&quot;Selenium\&quot;,\n        \&quot;programDescription\&quot;: \&quot;Testing\&quot;,\n        \&quot;online\&quot;: true\n    },\n    {\n        \&quot;programId\&quot;: 7509,\n        \&quot;programName\&quot;: \&quot;unix update\&quot;,\n        \&quot;programDescription\&quot;: \&quot;string update\&quot;,\n        \&quot;online\&quot;: true\n    },\n    {\n        \&quot;programId\&quot;: 7636,\n        \&quot;programName\&quot;: \&quot;API Testing\&quot;,\n        \&quot;programDescription\&quot;: \&quot;Selenium Postman123\&quot;,\n        \&quot;online\&quot;: false\n    },\n    {\n        \&quot;programId\&quot;: 7575,\n        \&quot;programName\&quot;: \&quot;DS\&quot;,\n        \&quot;programDescription\&quot;: \&quot;test1\&quot;,\n        \&quot;online\&quot;: true\n    },\n    {\n        \&quot;programId\&quot;: 9472,\n        \&quot;programName\&quot;: \&quot;Automationmodified\&quot;,\n        \&quot;programDescription\&quot;: \&quot;Seliniummodified\&quot;,\n        \&quot;online\&quot;: false\n    },\n    {\n        \&quot;programId\&quot;: 4067,\n        \&quot;programName\&quot;: \&quot;Testing\&quot;,\n        \&quot;programDescription\&quot;: \&quot;Testing\&quot;,\n        \&quot;online\&quot;: true\n    },\n    {\n        \&quot;programId\&quot;: 9473,\n        \&quot;programName\&quot;: \&quot;Backend Developer\&quot;,\n        \&quot;programDescription\&quot;: \&quot;Azure\&quot;,\n        \&quot;online\&quot;: false\n    },\n    {\n        \&quot;programId\&quot;: 9474,\n        \&quot;programName\&quot;: \&quot;Backend Developermodified\&quot;,\n        \&quot;programDescription\&quot;: \&quot;Azuremodified\&quot;,\n        \&quot;online\&quot;: false\n    },\n    {\n        \&quot;programId\&quot;: 4070,\n        \&quot;programName\&quot;: \&quot;Testing\&quot;,\n        \&quot;programDescription\&quot;: \&quot;Testing\&quot;,\n        \&quot;online\&quot;: true\n    },\n    {\n        \&quot;programId\&quot;: 4071,\n        \&quot;programName\&quot;: \&quot;Testing\&quot;,\n        \&quot;programDescription\&quot;: \&quot;Testing\&quot;,\n        \&quot;online\&quot;: true\n    },\n    {\n        \&quot;programId\&quot;: 4073,\n        \&quot;programName\&quot;: \&quot;SDET\&quot;,\n        \&quot;programDescription\&quot;: \&quot;SDET\&quot;,\n        \&quot;online\&quot;: true\n    },\n    {\n        \&quot;programId\&quot;: 1450,\n        \&quot;programName\&quot;: \&quot;Developer -checking POST for ExistingId\&quot;,\n        \&quot;programDescription\&quot;: \&quot;API Developer\&quot;,\n        \&quot;online\&quot;: true\n    },\n    {\n        \&quot;programId\&quot;: 4008,\n        \&quot;programName\&quot;: \&quot;Willams\&quot;,\n        \&quot;programDescription\&quot;: \&quot;Testing\&quot;,\n        \&quot;online\&quot;: true\n    },\n    {\n        \&quot;programId\&quot;: 3970,\n        \&quot;programName\&quot;: \&quot;TestAnalyst\&quot;,\n        \&quot;programDescription\&quot;: \&quot;Projet Management\&quot;,\n        \&quot;online\&quot;: false\n    },\n    {\n        \&quot;programId\&quot;: 4013,\n        \&quot;programName\&quot;: \&quot;Cadaats\&quot;,\n        \&quot;programDescription\&quot;: \&quot;testingpostman\&quot;,\n        \&quot;online\&quot;: true\n    },\n    {\n        \&quot;programId\&quot;: 9483,\n        \&quot;programName\&quot;: \&quot;LMS Automation\&quot;,\n        \&quot;programDescription\&quot;: \&quot;LMS API Testing\&quot;,\n        \&quot;online\&quot;: true\n    },\n    {\n        \&quot;programId\&quot;: 4060,\n        \&quot;programName\&quot;: \&quot;Testing\&quot;,\n        \&quot;programDescription\&quot;: \&quot;Testing\&quot;,\n        \&quot;online\&quot;: false\n    },\n    {\n        \&quot;programId\&quot;: 3319,\n        \&quot;programName\&quot;: \&quot;API Testing1\&quot;,\n        \&quot;programDescription\&quot;: \&quot;Testing2\&quot;,\n        \&quot;online\&quot;: false\n    },\n    {\n        \&quot;programId\&quot;: 9485,\n        \&quot;programName\&quot;: \&quot;API Testing1\&quot;,\n        \&quot;programDescription\&quot;: \&quot;Testing2\&quot;,\n        \&quot;online\&quot;: false\n    },\n    {\n        \&quot;programId\&quot;: 9486,\n        \&quot;programName\&quot;: \&quot;string\&quot;,\n        \&quot;programDescription\&quot;: \&quot;string\&quot;,\n        \&quot;online\&quot;: true\n    },\n    {\n        \&quot;programId\&quot;: 9487,\n        \&quot;programName\&quot;: \&quot;string\&quot;,\n        \&quot;programDescription\&quot;: \&quot;string\&quot;,\n        \&quot;online\&quot;: true\n    },\n    {\n        \&quot;programId\&quot;: 9488,\n        \&quot;programName\&quot;: \&quot;string\&quot;,\n        \&quot;programDescription\&quot;: \&quot;teststring\&quot;,\n        \&quot;online\&quot;: true\n    },\n    {\n        \&quot;programId\&quot;: 9491,\n        \&quot;programName\&quot;: \&quot;Python\&quot;,\n        \&quot;programDescription\&quot;: \&quot;Python for Beginners\&quot;,\n        \&quot;online\&quot;: true\n    },\n    {\n        \&quot;programId\&quot;: 9492,\n        \&quot;programName\&quot;: \&quot;Java\&quot;,\n        \&quot;programDescription\&quot;: \&quot;Java for Beginners\&quot;,\n        \&quot;online\&quot;: true\n    },\n    {\n        \&quot;programId\&quot;: 9493,\n        \&quot;programName\&quot;: \&quot;Data Analysis\&quot;,\n        \&quot;programDescription\&quot;: \&quot;Data Analytics\&quot;,\n        \&quot;online\&quot;: true\n    },\n    {\n        \&quot;programId\&quot;: 9494,\n        \&quot;programName\&quot;: \&quot;Python\&quot;,\n        \&quot;programDescription\&quot;: \&quot;Python for Beginners\&quot;,\n        \&quot;online\&quot;: true\n    },\n    {\n        \&quot;programId\&quot;: 9495,\n        \&quot;programName\&quot;: \&quot;Java\&quot;,\n        \&quot;programDescription\&quot;: \&quot;Java for Beginners\&quot;,\n        \&quot;online\&quot;: true\n    },\n    {\n        \&quot;programId\&quot;: 9496,\n        \&quot;programName\&quot;: \&quot;Data Analysis\&quot;,\n        \&quot;programDescription\&quot;: \&quot;Data Analytics\&quot;,\n        \&quot;online\&quot;: true\n    },\n    {\n        \&quot;programId\&quot;: 9500,\n        \&quot;programName\&quot;: \&quot;Devops\&quot;,\n        \&quot;programDescription\&quot;: \&quot;New Devops\&quot;,\n        \&quot;online\&quot;: true\n    },\n    {\n        \&quot;programId\&quot;: 9506,\n        \&quot;programName\&quot;: \&quot;Test updated\&quot;,\n        \&quot;programDescription\&quot;: \&quot;Test updated\&quot;,\n        \&quot;online\&quot;: true\n    },\n    {\n        \&quot;programId\&quot;: 4072,\n        \&quot;programName\&quot;: \&quot;testing insert\&quot;,\n        \&quot;programDescription\&quot;: \&quot;SDET\&quot;,\n        \&quot;online\&quot;: true\n    },\n    {\n        \&quot;programId\&quot;: 4002,\n        \&quot;programName\&quot;: \&quot;Csharp\&quot;,\n        \&quot;programDescription\&quot;: \&quot;Testing\&quot;,\n        \&quot;online\&quot;: true\n    },\n    {\n        \&quot;programId\&quot;: 4003,\n        \&quot;programName\&quot;: \&quot;Cypress\&quot;,\n        \&quot;programDescription\&quot;: \&quot;Testing edited\&quot;,\n        \&quot;online\&quot;: true\n    },\n    {\n        \&quot;programId\&quot;: 4004,\n        \&quot;programName\&quot;: \&quot;CoralDraw\&quot;,\n        \&quot;programDescription\&quot;: \&quot;Testing edited\&quot;,\n        \&quot;online\&quot;: true\n    },\n    {\n        \&quot;programId\&quot;: 7328,\n        \&quot;programName\&quot;: \&quot;string\&quot;,\n        \&quot;programDescription\&quot;: \&quot;string\&quot;,\n        \&quot;online\&quot;: false\n    },\n    {\n        \&quot;programId\&quot;: 3715,\n        \&quot;programName\&quot;: \&quot;testing program \&quot;,\n        \&quot;programDescription\&quot;: \&quot; \&quot;,\n        \&quot;online\&quot;: true\n    },\n    {\n        \&quot;programId\&quot;: 3721,\n        \&quot;programName\&quot;: \&quot;testing program \&quot;,\n        \&quot;programDescription\&quot;: \&quot; \&quot;,\n        \&quot;online\&quot;: true\n    },\n    {\n        \&quot;programId\&quot;: 7329,\n        \&quot;programName\&quot;: \&quot;GreatGoing\&quot;,\n        \&quot;programDescription\&quot;: \&quot;Do great things\&quot;,\n        \&quot;online\&quot;: true\n    },\n    {\n        \&quot;programId\&quot;: 7330,\n        \&quot;programName\&quot;: \&quot;string\&quot;,\n        \&quot;programDescription\&quot;: \&quot;string\&quot;,\n        \&quot;online\&quot;: true\n    },\n    {\n        \&quot;programId\&quot;: 3729,\n        \&quot;programName\&quot;: \&quot;testing program \&quot;,\n        \&quot;programDescription\&quot;: \&quot; \&quot;,\n        \&quot;online\&quot;: true\n    },\n    {\n        \&quot;programId\&quot;: 3735,\n        \&quot;programName\&quot;: \&quot;\\\&quot;Automation Testing\\\&quot;\&quot;,\n        \&quot;programDescription\&quot;: \&quot;\\\&quot;RestAssured\\\&quot;\&quot;,\n        \&quot;online\&quot;: false\n    },\n    {\n        \&quot;programId\&quot;: 3737,\n        \&quot;programName\&quot;: \&quot;\\\&quot;Develeopment\\\&quot;\&quot;,\n        \&quot;programDescription\&quot;: \&quot;\\\&quot;Java\\\&quot;\&quot;,\n        \&quot;online\&quot;: false\n    },\n    {\n        \&quot;programId\&quot;: 3738,\n        \&quot;programName\&quot;: \&quot;testing program \&quot;,\n        \&quot;programDescription\&quot;: \&quot; \&quot;,\n        \&quot;online\&quot;: true\n    },\n    {\n        \&quot;programId\&quot;: 3739,\n        \&quot;programName\&quot;: \&quot;\\\&quot;Project Management\\\&quot;\&quot;,\n        \&quot;programDescription\&quot;: \&quot;\\\&quot;scrum master\\\&quot;\&quot;,\n        \&quot;online\&quot;: false\n    },\n    {\n        \&quot;programId\&quot;: 3740,\n        \&quot;programName\&quot;: \&quot;testing program \&quot;,\n        \&quot;programDescription\&quot;: \&quot; \&quot;,\n        \&quot;online\&quot;: true\n    },\n    {\n        \&quot;programId\&quot;: 3741,\n        \&quot;programName\&quot;: \&quot;Automation Testing\&quot;,\n        \&quot;programDescription\&quot;: \&quot;RestAssured\&quot;,\n        \&quot;online\&quot;: true\n    },\n    {\n        \&quot;programId\&quot;: 3742,\n        \&quot;programName\&quot;: \&quot;microservices\&quot;,\n        \&quot;programDescription\&quot;: \&quot;training\&quot;,\n        \&quot;online\&quot;: true\n    },\n    {\n        \&quot;programId\&quot;: 3743,\n        \&quot;programName\&quot;: \&quot;microservices\&quot;,\n        \&quot;programDescription\&quot;: \&quot;training\&quot;,\n        \&quot;online\&quot;: true\n    },\n    {\n        \&quot;programId\&quot;: 3744,\n        \&quot;programName\&quot;: \&quot;microservices\&quot;,\n        \&quot;programDescription\&quot;: \&quot;training\&quot;,\n        \&quot;online\&quot;: true\n    },\n    {\n        \&quot;programId\&quot;: 3745,\n        \&quot;programName\&quot;: \&quot;microservices\&quot;,\n        \&quot;programDescription\&quot;: \&quot;training\&quot;,\n        \&quot;online\&quot;: true\n    },\n    {\n        \&quot;programId\&quot;: 3746,\n        \&quot;programName\&quot;: \&quot;\\\&quot;Automation Testing\\\&quot;\&quot;,\n        \&quot;programDescription\&quot;: \&quot;\\\&quot;RestAssured\\\&quot;\&quot;,\n        \&quot;online\&quot;: false\n    },\n    {\n        \&quot;programId\&quot;: 3747,\n        \&quot;programName\&quot;: \&quot;\\\&quot;Develeopment\\\&quot;\&quot;,\n        \&quot;programDescription\&quot;: \&quot;\\\&quot;Java\\\&quot;\&quot;,\n        \&quot;online\&quot;: false\n    },\n    {\n        \&quot;programId\&quot;: 3748,\n        \&quot;programName\&quot;: \&quot;\\\&quot;Project Management\\\&quot;\&quot;,\n        \&quot;programDescription\&quot;: \&quot;\\\&quot;scrum master\\\&quot;\&quot;,\n        \&quot;online\&quot;: false\n    },\n    {\n        \&quot;programId\&quot;: 3749,\n        \&quot;programName\&quot;: \&quot;Automation Testing\&quot;,\n        \&quot;programDescription\&quot;: \&quot;RestAssured\&quot;,\n        \&quot;online\&quot;: true\n    },\n    {\n        \&quot;programId\&quot;: 3811,\n        \&quot;programName\&quot;: \&quot;\\\&quot;Automation Testing\\\&quot;\&quot;,\n        \&quot;programDescription\&quot;: \&quot;\\\&quot;RestAssured\\\&quot;\&quot;,\n        \&quot;online\&quot;: false\n    },\n    {\n        \&quot;programId\&quot;: 3812,\n        \&quot;programName\&quot;: \&quot;\\\&quot;Develeopment\\\&quot;\&quot;,\n        \&quot;programDescription\&quot;: \&quot;\\\&quot;Java\\\&quot;\&quot;,\n        \&quot;online\&quot;: false\n    },\n    {\n        \&quot;programId\&quot;: 3813,\n        \&quot;programName\&quot;: \&quot;\\\&quot;Project Management\\\&quot;\&quot;,\n        \&quot;programDescription\&quot;: \&quot;\\\&quot;scrum master\\\&quot;\&quot;,\n        \&quot;online\&quot;: false\n    },\n    {\n        \&quot;programId\&quot;: 3819,\n        \&quot;programName\&quot;: \&quot;\\\&quot;Automation Testing\\\&quot;\&quot;,\n        \&quot;programDescription\&quot;: \&quot;\\\&quot;RestAssured\\\&quot;\&quot;,\n        \&quot;online\&quot;: false\n    },\n    {\n        \&quot;programId\&quot;: 3820,\n        \&quot;programName\&quot;: \&quot;\\\&quot;Develeopment\\\&quot;\&quot;,\n        \&quot;programDescription\&quot;: \&quot;\\\&quot;Java\\\&quot;\&quot;,\n        \&quot;online\&quot;: false\n    },\n    {\n        \&quot;programId\&quot;: 3821,\n        \&quot;programName\&quot;: \&quot;\\\&quot;Project Management\\\&quot;\&quot;,\n        \&quot;programDescription\&quot;: \&quot;\\\&quot;scrum master\\\&quot;\&quot;,\n        \&quot;online\&quot;: false\n    },\n    {\n        \&quot;programId\&quot;: 3827,\n        \&quot;programName\&quot;: \&quot;Automation Testing\&quot;,\n        \&quot;programDescription\&quot;: \&quot;RestAssured\&quot;,\n        \&quot;online\&quot;: true\n    },\n    {\n        \&quot;programId\&quot;: 3868,\n        \&quot;programName\&quot;: \&quot;string\&quot;,\n        \&quot;programDescription\&quot;: \&quot;string\&quot;,\n        \&quot;online\&quot;: true\n    },\n    {\n        \&quot;programId\&quot;: 3869,\n        \&quot;programName\&quot;: \&quot;string\&quot;,\n        \&quot;programDescription\&quot;: \&quot;string\&quot;,\n        \&quot;online\&quot;: true\n    },\n    {\n        \&quot;programId\&quot;: 3886,\n        \&quot;programName\&quot;: \&quot;Contract testing\&quot;,\n        \&quot;programDescription\&quot;: \&quot;LMS API TESTING\&quot;,\n        \&quot;online\&quot;: true\n    },\n    {\n        \&quot;programId\&quot;: 3887,\n        \&quot;programName\&quot;: \&quot;asdfa\&quot;,\n        \&quot;programDescription\&quot;: \&quot;asfa\&quot;,\n        \&quot;online\&quot;: true\n    },\n    {\n        \&quot;programId\&quot;: 3925,\n        \&quot;programName\&quot;: \&quot;batman\&quot;,\n        \&quot;programDescription\&quot;: \&quot;string\&quot;,\n        \&quot;online\&quot;: true\n    },\n    {\n        \&quot;programId\&quot;: 3899,\n        \&quot;programName\&quot;: \&quot;batman\&quot;,\n        \&quot;programDescription\&quot;: \&quot;string\&quot;,\n        \&quot;online\&quot;: true\n    },\n    {\n        \&quot;programId\&quot;: 3900,\n        \&quot;programName\&quot;: \&quot;ironman\&quot;,\n        \&quot;programDescription\&quot;: \&quot;string\&quot;,\n        \&quot;online\&quot;: true\n    },\n    {\n        \&quot;programId\&quot;: 3901,\n        \&quot;programName\&quot;: \&quot;superman\&quot;,\n        \&quot;programDescription\&quot;: \&quot;string\&quot;,\n        \&quot;online\&quot;: true\n    },\n    {\n        \&quot;programId\&quot;: 3907,\n        \&quot;programName\&quot;: \&quot;batman\&quot;,\n        \&quot;programDescription\&quot;: \&quot;string\&quot;,\n        \&quot;online\&quot;: true\n    },\n    {\n        \&quot;programId\&quot;: 3908,\n        \&quot;programName\&quot;: \&quot;ironman\&quot;,\n        \&quot;programDescription\&quot;: \&quot;string\&quot;,\n        \&quot;online\&quot;: true\n    },\n    {\n        \&quot;programId\&quot;: 3923,\n        \&quot;programName\&quot;: \&quot;batman\&quot;,\n        \&quot;programDescription\&quot;: \&quot;string\&quot;,\n        \&quot;online\&quot;: true\n    },\n    {\n        \&quot;programId\&quot;: 276,\n        \&quot;programName\&quot;: \&quot;cucumber learning\&quot;,\n        \&quot;programDescription\&quot;: \&quot;cucumber learning\&quot;,\n        \&quot;online\&quot;: false\n    },\n    {\n        \&quot;programId\&quot;: 277,\n        \&quot;programName\&quot;: \&quot;cucumber learning\&quot;,\n        \&quot;programDescription\&quot;: \&quot;cucumber learning\&quot;,\n        \&quot;online\&quot;: false\n    },\n    {\n        \&quot;programId\&quot;: 278,\n        \&quot;programName\&quot;: \&quot;cucumber learning\&quot;,\n        \&quot;programDescription\&quot;: \&quot;cucumber learning\&quot;,\n        \&quot;online\&quot;: false\n    },\n    {\n        \&quot;programId\&quot;: 3924,\n        \&quot;programName\&quot;: \&quot;ironman\&quot;,\n        \&quot;programDescription\&quot;: \&quot;string\&quot;,\n        \&quot;online\&quot;: true\n    },\n    {\n        \&quot;programId\&quot;: 3730,\n        \&quot;programName\&quot;: \&quot;0.0009\&quot;,\n        \&quot;programDescription\&quot;: \&quot;Selenium\&quot;,\n        \&quot;online\&quot;: false\n    },\n    {\n        \&quot;programId\&quot;: 281,\n        \&quot;programName\&quot;: \&quot;cucumber learning modified\&quot;,\n        \&quot;programDescription\&quot;: \&quot;cucumber learning\&quot;,\n        \&quot;online\&quot;: false\n    },\n    {\n        \&quot;programId\&quot;: 3926,\n        \&quot;programName\&quot;: \&quot;ironman\&quot;,\n        \&quot;programDescription\&quot;: \&quot;string\&quot;,\n        \&quot;online\&quot;: true\n    },\n    {\n        \&quot;programId\&quot;: 3942,\n        \&quot;programName\&quot;: \&quot;string\&quot;,\n        \&quot;programDescription\&quot;: \&quot;string\&quot;,\n        \&quot;online\&quot;: true\n    },\n    {\n        \&quot;programId\&quot;: 338,\n        \&quot;programName\&quot;: \&quot;test\&quot;,\n        \&quot;programDescription\&quot;: \&quot;testing\&quot;,\n        \&quot;online\&quot;: true\n    },\n    {\n        \&quot;programId\&quot;: 3935,\n        \&quot;programName\&quot;: \&quot;softwaretesting \&quot;,\n        \&quot;programDescription\&quot;: \&quot;training\&quot;,\n        \&quot;online\&quot;: true\n    },\n    {\n        \&quot;programId\&quot;: 3951,\n        \&quot;programName\&quot;: \&quot;string\&quot;,\n        \&quot;programDescription\&quot;: \&quot;string\&quot;,\n        \&quot;online\&quot;: true\n    },\n    {\n        \&quot;programId\&quot;: 287,\n        \&quot;programName\&quot;: \&quot;testing modified\&quot;,\n        \&quot;programDescription\&quot;: \&quot;testing modified\&quot;,\n        \&quot;online\&quot;: true\n    },\n    {\n        \&quot;programId\&quot;: 288,\n        \&quot;programName\&quot;: \&quot;testing\&quot;,\n        \&quot;programDescription\&quot;: \&quot;testing\&quot;,\n        \&quot;online\&quot;: true\n    },\n    {\n        \&quot;programId\&quot;: 289,\n        \&quot;programName\&quot;: \&quot;testing\&quot;,\n        \&quot;programDescription\&quot;: \&quot;testing\&quot;,\n        \&quot;online\&quot;: true\n    },\n    {\n        \&quot;programId\&quot;: 290,\n        \&quot;programName\&quot;: \&quot;testing123\&quot;,\n        \&quot;programDescription\&quot;: \&quot;testing\&quot;,\n        \&quot;online\&quot;: true\n    },\n    {\n        \&quot;programId\&quot;: 3952,\n        \&quot;programName\&quot;: \&quot;Testing\&quot;,\n        \&quot;programDescription\&quot;: \&quot;Testing\&quot;,\n        \&quot;online\&quot;: true\n    },\n    {\n        \&quot;programId\&quot;: 292,\n        \&quot;programName\&quot;: \&quot;cucumber learning modified\&quot;,\n        \&quot;programDescription\&quot;: \&quot;cucumber learning\&quot;,\n        \&quot;online\&quot;: false\n    },\n    {\n        \&quot;programId\&quot;: 293,\n        \&quot;programName\&quot;: \&quot;string\&quot;,\n        \&quot;programDescription\&quot;: \&quot;string\&quot;,\n        \&quot;online\&quot;: true\n    },\n    {\n        \&quot;programId\&quot;: 294,\n        \&quot;programName\&quot;: \&quot;Testing\&quot;,\n        \&quot;programDescription\&quot;: \&quot;Testing\&quot;,\n        \&quot;online\&quot;: true\n    },\n    {\n        \&quot;programId\&quot;: 295,\n        \&quot;programName\&quot;: \&quot;Testing\&quot;,\n        \&quot;programDescription\&quot;: \&quot;Testing\&quot;,\n        \&quot;online\&quot;: true\n    },\n    {\n        \&quot;programId\&quot;: 296,\n        \&quot;programName\&quot;: \&quot;Testing\&quot;,\n        \&quot;programDescription\&quot;: \&quot;Testing\&quot;,\n        \&quot;online\&quot;: true\n    },\n    {\n        \&quot;programId\&quot;: 297,\n        \&quot;programName\&quot;: \&quot;Testing\&quot;,\n        \&quot;programDescription\&quot;: \&quot;Testing\&quot;,\n        \&quot;online\&quot;: true\n    },\n    {\n        \&quot;programId\&quot;: 3963,\n        \&quot;programName\&quot;: \&quot;Multipal Digit Testing\&quot;,\n        \&quot;programDescription\&quot;: \&quot;Program ID Testing\&quot;,\n        \&quot;online\&quot;: true\n    },\n    {\n        \&quot;programId\&quot;: 3974,\n        \&quot;programName\&quot;: \&quot;Multipal Digit Testing\&quot;,\n        \&quot;programDescription\&quot;: \&quot;Program ID Testing\&quot;,\n        \&quot;online\&quot;: true\n    },\n    {\n        \&quot;programId\&quot;: 3975,\n        \&quot;programName\&quot;: \&quot;Multipal Digit Testing\&quot;,\n        \&quot;programDescription\&quot;: \&quot;Program ID Testing\&quot;,\n        \&quot;online\&quot;: true\n    },\n    {\n        \&quot;programId\&quot;: 3976,\n        \&quot;programName\&quot;: \&quot;Multipal Digit Testing\&quot;,\n        \&quot;programDescription\&quot;: \&quot;Program ID Testing\&quot;,\n        \&quot;online\&quot;: true\n    },\n    {\n        \&quot;programId\&quot;: 275,\n        \&quot;programName\&quot;: \&quot;API Testing\&quot;,\n        \&quot;programDescription\&quot;: \&quot;API Testing on LMS with json payload-doing_Aug 05_1_modification\&quot;,\n        \&quot;online\&quot;: false\n    },\n    {\n        \&quot;programId\&quot;: 302,\n        \&quot;programName\&quot;: \&quot;API Testing\&quot;,\n        \&quot;programDescription\&quot;: \&quot;Adding of third Post on LMS without programid- first change on aug 8\&quot;,\n        \&quot;online\&quot;: true\n    },\n    {\n        \&quot;programId\&quot;: 303,\n        \&quot;programName\&quot;: \&quot;string\&quot;,\n        \&quot;programDescription\&quot;: \&quot;string\&quot;,\n        \&quot;online\&quot;: true\n    },\n    {\n        \&quot;programId\&quot;: 9222,\n        \&quot;programName\&quot;: \&quot;Assistantabc\&quot;,\n        \&quot;programDescription\&quot;: \&quot;Tuesday_PN\&quot;,\n        \&quot;online\&quot;: true\n    },\n    {\n        \&quot;programId\&quot;: 306,\n        \&quot;programName\&quot;: \&quot;Automation Testing\&quot;,\n        \&quot;programDescription\&quot;: \&quot;Postman\&quot;,\n        \&quot;online\&quot;: true\n    },\n    {\n        \&quot;programId\&quot;: 7332,\n        \&quot;programName\&quot;: \&quot;testing\&quot;,\n        \&quot;programDescription\&quot;: \&quot;testing\&quot;,\n        \&quot;online\&quot;: true\n    },\n    {\n        \&quot;programId\&quot;: 308,\n        \&quot;programName\&quot;: \&quot;string\&quot;,\n        \&quot;programDescription\&quot;: \&quot;string\&quot;,\n        \&quot;online\&quot;: true\n    },\n    {\n        \&quot;programId\&quot;: 304,\n        \&quot;programName\&quot;: \&quot;SDET\&quot;,\n        \&quot;programDescription\&quot;: \&quot;UI Automation\&quot;,\n        \&quot;online\&quot;: true\n    },\n    {\n        \&quot;programId\&quot;: 328,\n        \&quot;programName\&quot;: \&quot;Prek\&quot;,\n        \&quot;programDescription\&quot;: \&quot;India\&quot;,\n        \&quot;online\&quot;: true\n    },\n    {\n        \&quot;programId\&quot;: 311,\n        \&quot;programName\&quot;: \&quot;cucumber learning modified\&quot;,\n        \&quot;programDescription\&quot;: \&quot;cucumber learning\&quot;,\n        \&quot;online\&quot;: false\n    },\n    {\n        \&quot;programId\&quot;: 365,\n        \&quot;programName\&quot;: \&quot;8.479\&quot;,\n        \&quot;programDescription\&quot;: \&quot;hellowhere\&quot;,\n        \&quot;online\&quot;: true\n    },\n    {\n        \&quot;programId\&quot;: 313,\n        \&quot;programName\&quot;: \&quot;cucumber learning modified\&quot;,\n        \&quot;programDescription\&quot;: \&quot;cucumber learning\&quot;,\n        \&quot;online\&quot;: false\n    },\n    {\n        \&quot;programId\&quot;: 344,\n        \&quot;programName\&quot;: \&quot;Blank Testing\&quot;,\n        \&quot;programDescription\&quot;: \&quot;\&quot;,\n        \&quot;online\&quot;: true\n    },\n    {\n        \&quot;programId\&quot;: 7333,\n        \&quot;programName\&quot;: \&quot;testing\&quot;,\n        \&quot;programDescription\&quot;: \&quot;testing\&quot;,\n        \&quot;online\&quot;: true\n    },\n    {\n        \&quot;programId\&quot;: 249,\n        \&quot;programName\&quot;: \&quot;testingPostman\&quot;,\n        \&quot;programDescription\&quot;: \&quot;postmantesting\&quot;,\n        \&quot;online\&quot;: true\n    },\n    {\n        \&quot;programId\&quot;: 318,\n        \&quot;programName\&quot;: \&quot;Swagger08\&quot;,\n        \&quot;programDescription\&quot;: \&quot;Swagger Training\&quot;,\n        \&quot;online\&quot;: true\n    },\n    {\n        \&quot;programId\&quot;: 254,\n        \&quot;programName\&quot;: \&quot;trial\&quot;,\n        \&quot;programDescription\&quot;: \&quot;trial\&quot;,\n        \&quot;online\&quot;: false\n    },\n    {\n        \&quot;programId\&quot;: 316,\n        \&quot;programName\&quot;: \&quot;API Testing Gson\&quot;,\n        \&quot;programDescription\&quot;: \&quot;API Testing Gson- desc CHANGED for 316\&quot;,\n        \&quot;online\&quot;: true\n    },\n    {\n        \&quot;programId\&quot;: 322,\n        \&quot;programName\&quot;: \&quot;Curl208\&quot;,\n        \&quot;programDescription\&quot;: \&quot;Curl2 Training\&quot;,\n        \&quot;online\&quot;: true\n    },\n    {\n        \&quot;programId\&quot;: 343,\n        \&quot;programName\&quot;: \&quot;string\&quot;,\n        \&quot;programDescription\&quot;: \&quot;string\&quot;,\n        \&quot;online\&quot;: true\n    },\n    {\n        \&quot;programId\&quot;: 252,\n        \&quot;programName\&quot;: \&quot;mathematics\&quot;,\n        \&quot;programDescription\&quot;: \&quot;mathematics\&quot;,\n        \&quot;online\&quot;: false\n    },\n    {\n        \&quot;programId\&quot;: 324,\n        \&quot;programName\&quot;: \&quot;API Testing Gson\&quot;,\n        \&quot;programDescription\&quot;: \&quot;API Testing Gson- desc for 377\&quot;,\n        \&quot;online\&quot;: true\n    },\n    {\n        \&quot;programId\&quot;: 325,\n        \&quot;programName\&quot;: \&quot;API Testing Gson\&quot;,\n        \&quot;programDescription\&quot;: \&quot;API Testing Gson- desc for 377\&quot;,\n        \&quot;online\&quot;: true\n    },\n    {\n        \&quot;programId\&quot;: 326,\n        \&quot;programName\&quot;: \&quot;string\&quot;,\n        \&quot;programDescription\&quot;: \&quot;string\&quot;,\n        \&quot;online\&quot;: true\n    },\n    {\n        \&quot;programId\&quot;: 327,\n        \&quot;programName\&quot;: \&quot;string\&quot;,\n        \&quot;programDescription\&quot;: \&quot;string\&quot;,\n        \&quot;online\&quot;: true\n    },\n    {\n        \&quot;programId\&quot;: 331,\n        \&quot;programName\&quot;: \&quot;string\&quot;,\n        \&quot;programDescription\&quot;: \&quot;string\&quot;,\n        \&quot;online\&quot;: true\n    },\n    {\n        \&quot;programId\&quot;: 332,\n        \&quot;programName\&quot;: \&quot;Testing modified\&quot;,\n        \&quot;programDescription\&quot;: \&quot;Testing modified\&quot;,\n        \&quot;online\&quot;: true\n    },\n    {\n        \&quot;programId\&quot;: 274,\n        \&quot;programName\&quot;: \&quot;Testing 001\&quot;,\n        \&quot;programDescription\&quot;: \&quot;Testing 001\&quot;,\n        \&quot;online\&quot;: true\n    },\n    {\n        \&quot;programId\&quot;: 334,\n        \&quot;programName\&quot;: \&quot;Testing modified\&quot;,\n        \&quot;programDescription\&quot;: \&quot;Testing modified\&quot;,\n        \&quot;online\&quot;: true\n    },\n    {\n        \&quot;programId\&quot;: 336,\n        \&quot;programName\&quot;: \&quot;string\&quot;,\n        \&quot;programDescription\&quot;: \&quot;string\&quot;,\n        \&quot;online\&quot;: true\n    },\n    {\n        \&quot;programId\&quot;: 337,\n        \&quot;programName\&quot;: \&quot;string\&quot;,\n        \&quot;programDescription\&quot;: \&quot;string\&quot;,\n        \&quot;online\&quot;: true\n    },\n    {\n        \&quot;programId\&quot;: 345,\n        \&quot;programName\&quot;: \&quot;string\&quot;,\n        \&quot;programDescription\&quot;: \&quot;string\&quot;,\n        \&quot;online\&quot;: true\n    },\n    {\n        \&quot;programId\&quot;: 346,\n        \&quot;programName\&quot;: \&quot;string\&quot;,\n        \&quot;programDescription\&quot;: \&quot;string\&quot;,\n        \&quot;online\&quot;: true\n    },\n    {\n        \&quot;programId\&quot;: 364,\n        \&quot;programName\&quot;: \&quot;Texting\&quot;,\n        \&quot;programDescription\&quot;: \&quot;Texting\&quot;,\n        \&quot;online\&quot;: true\n    },\n    {\n        \&quot;programId\&quot;: 347,\n        \&quot;programName\&quot;: \&quot;Testing\&quot;,\n        \&quot;programDescription\&quot;: \&quot;sele\&quot;,\n        \&quot;online\&quot;: true\n    },\n    {\n        \&quot;programId\&quot;: 348,\n        \&quot;programName\&quot;: \&quot;Testinggg\&quot;,\n        \&quot;programDescription\&quot;: \&quot;seleno\&quot;,\n        \&quot;online\&quot;: true\n    },\n    {\n        \&quot;programId\&quot;: 349,\n        \&quot;programName\&quot;: \&quot;Testing\&quot;,\n        \&quot;programDescription\&quot;: \&quot;Testing\&quot;,\n        \&quot;online\&quot;: true\n    },\n    {\n        \&quot;programId\&quot;: 350,\n        \&quot;programName\&quot;: \&quot;Java 10 Training Modified\&quot;,\n        \&quot;programDescription\&quot;: \&quot;Java 10 Training Modified Again2\&quot;,\n        \&quot;online\&quot;: true\n    },\n    {\n        \&quot;programId\&quot;: 351,\n        \&quot;programName\&quot;: \&quot;API Testing\&quot;,\n        \&quot;programDescription\&quot;: \&quot;API Testing on LMS with json payload\&quot;,\n        \&quot;online\&quot;: true\n    },\n    {\n        \&quot;programId\&quot;: 352,\n        \&quot;programName\&quot;: \&quot;API Testing\&quot;,\n        \&quot;programDescription\&quot;: \&quot;API Testing on LMS with json payload\&quot;,\n        \&quot;online\&quot;: true\n    },\n    {\n        \&quot;programId\&quot;: 353,\n        \&quot;programName\&quot;: \&quot;API Testing\&quot;,\n        \&quot;programDescription\&quot;: \&quot;API Testing on LMS with json payload\&quot;,\n        \&quot;online\&quot;: true\n    },\n    {\n        \&quot;programId\&quot;: 354,\n        \&quot;programName\&quot;: \&quot;API Testing Jackson\&quot;,\n        \&quot;programDescription\&quot;: \&quot;API Testing Jackson- desc\&quot;,\n        \&quot;online\&quot;: true\n    },\n    {\n        \&quot;programId\&quot;: 355,\n        \&quot;programName\&quot;: \&quot;API Testing\&quot;,\n        \&quot;programDescription\&quot;: \&quot;API Testing on LMS with json payload\&quot;,\n        \&quot;online\&quot;: true\n    },\n    {\n        \&quot;programId\&quot;: 356,\n        \&quot;programName\&quot;: \&quot;API Testing\&quot;,\n        \&quot;programDescription\&quot;: \&quot;API Testing on LMS with json payload\&quot;,\n        \&quot;online\&quot;: true\n    },\n    {\n        \&quot;programId\&quot;: 357,\n        \&quot;programName\&quot;: \&quot;API Testing\&quot;,\n        \&quot;programDescription\&quot;: \&quot;API Testing on LMS with json payload\&quot;,\n        \&quot;online\&quot;: true\n    },\n    {\n        \&quot;programId\&quot;: 359,\n        \&quot;programName\&quot;: \&quot;API Testing\&quot;,\n        \&quot;programDescription\&quot;: \&quot;API Testing on LMS with json payload\&quot;,\n        \&quot;online\&quot;: true\n    },\n    {\n        \&quot;programId\&quot;: 360,\n        \&quot;programName\&quot;: \&quot;API HunchPunch\&quot;,\n        \&quot;programDescription\&quot;: \&quot;API hunchpunch Desc\&quot;,\n        \&quot;online\&quot;: true\n    },\n    {\n        \&quot;programId\&quot;: 361,\n        \&quot;programName\&quot;: \&quot;string\&quot;,\n        \&quot;programDescription\&quot;: \&quot;string\&quot;,\n        \&quot;online\&quot;: true\n    },\n    {\n        \&quot;programId\&quot;: 362,\n        \&quot;programName\&quot;: \&quot;Texting\&quot;,\n        \&quot;programDescription\&quot;: \&quot;Texting\&quot;,\n        \&quot;online\&quot;: true\n    },\n    {\n        \&quot;programId\&quot;: 363,\n        \&quot;programName\&quot;: \&quot;Texting\&quot;,\n        \&quot;programDescription\&quot;: \&quot;Texting\&quot;,\n        \&quot;online\&quot;: true\n    },\n    {\n        \&quot;programId\&quot;: 367,\n        \&quot;programName\&quot;: \&quot;Testing\&quot;,\n        \&quot;programDescription\&quot;: \&quot;Testing\&quot;,\n        \&quot;online\&quot;: true\n    },\n    {\n        \&quot;programId\&quot;: 368,\n        \&quot;programName\&quot;: \&quot;string\&quot;,\n        \&quot;programDescription\&quot;: \&quot;string\&quot;,\n        \&quot;online\&quot;: true\n    },\n    {\n        \&quot;programId\&quot;: 369,\n        \&quot;programName\&quot;: \&quot;Testing\&quot;,\n        \&quot;programDescription\&quot;: \&quot;Testing\&quot;,\n        \&quot;online\&quot;: true\n    },\n    {\n        \&quot;programId\&quot;: 370,\n        \&quot;programName\&quot;: \&quot;Testing\&quot;,\n        \&quot;programDescription\&quot;: \&quot;Testing\&quot;,\n        \&quot;online\&quot;: true\n    },\n    {\n        \&quot;programId\&quot;: 374,\n        \&quot;programName\&quot;: \&quot;Selenium\&quot;,\n        \&quot;programDescription\&quot;: \&quot;string\&quot;,\n        \&quot;online\&quot;: true\n    },\n    {\n        \&quot;programId\&quot;: 376,\n        \&quot;programName\&quot;: \&quot;Selenium\&quot;,\n        \&quot;programDescription\&quot;: \&quot;string\&quot;,\n        \&quot;online\&quot;: true\n    },\n    {\n        \&quot;programId\&quot;: 377,\n        \&quot;programName\&quot;: \&quot;Selenium\&quot;,\n        \&quot;programDescription\&quot;: \&quot;string\&quot;,\n        \&quot;online\&quot;: true\n    },\n    {\n        \&quot;programId\&quot;: 379,\n        \&quot;programName\&quot;: \&quot;Selenium\&quot;,\n        \&quot;programDescription\&quot;: \&quot;Testing\&quot;,\n        \&quot;online\&quot;: true\n    },\n    {\n        \&quot;programId\&quot;: 598,\n        \&quot;programName\&quot;: \&quot;sttring\&quot;,\n        \&quot;programDescription\&quot;: \&quot;string\&quot;,\n        \&quot;online\&quot;: true\n    },\n    {\n        \&quot;programId\&quot;: 3750,\n        \&quot;programName\&quot;: \&quot;\\\&quot;Automation Testing\\\&quot;\&quot;,\n        \&quot;programDescription\&quot;: \&quot;\\\&quot;RestAssured\\\&quot;\&quot;,\n        \&quot;online\&quot;: false\n    },\n    {\n        \&quot;programId\&quot;: 405,\n        \&quot;programName\&quot;: \&quot;#$wwfgdf%\&quot;,\n        \&quot;programDescription\&quot;: \&quot;SDET-Testing-16\&quot;,\n        \&quot;online\&quot;: true\n    },\n    {\n        \&quot;programId\&quot;: 7334,\n        \&quot;programName\&quot;: \&quot;Testing modified\&quot;,\n        \&quot;programDescription\&quot;: \&quot;Testing modified\&quot;,\n        \&quot;online\&quot;: true\n    },\n    {\n        \&quot;programId\&quot;: 484,\n        \&quot;programName\&quot;: \&quot;API Testing\&quot;,\n        \&quot;programDescription\&quot;: \&quot;API Testing on LMS with json payload\&quot;,\n        \&quot;online\&quot;: true\n    },\n    {\n        \&quot;programId\&quot;: 420,\n        \&quot;programName\&quot;: \&quot;none\&quot;,\n        \&quot;programDescription\&quot;: \&quot;testing\&quot;,\n        \&quot;online\&quot;: false\n    },\n    {\n        \&quot;programId\&quot;: 387,\n        \&quot;programName\&quot;: \&quot;Selenium\&quot;,\n        \&quot;programDescription\&quot;: \&quot;Testing\&quot;,\n        \&quot;online\&quot;: true\n    },\n    {\n        \&quot;programId\&quot;: 388,\n        \&quot;programName\&quot;: \&quot;string\&quot;,\n        \&quot;programDescription\&quot;: \&quot;Selenium Java\&quot;,\n        \&quot;online\&quot;: true\n    },\n    {\n        \&quot;programId\&quot;: 389,\n        \&quot;programName\&quot;: \&quot;Selenium\&quot;,\n        \&quot;programDescription\&quot;: \&quot;string\&quot;,\n        \&quot;online\&quot;: true\n    },\n    {\n        \&quot;programId\&quot;: 390,\n        \&quot;programName\&quot;: \&quot;string\&quot;,\n        \&quot;programDescription\&quot;: \&quot;Selenium \&quot;,\n        \&quot;online\&quot;: true\n    },\n    {\n        \&quot;programId\&quot;: 391,\n        \&quot;programName\&quot;: \&quot;Selenium\&quot;,\n        \&quot;programDescription\&quot;: \&quot;Testing\&quot;,\n        \&quot;online\&quot;: true\n    },\n    {\n        \&quot;programId\&quot;: 9223,\n        \&quot;programName\&quot;: \&quot;VideoGame\&quot;,\n        \&quot;programDescription\&quot;: \&quot;user friendly\&quot;,\n        \&quot;online\&quot;: true\n    },\n    {\n        \&quot;programId\&quot;: 523,\n        \&quot;programName\&quot;: \&quot;123\&quot;,\n        \&quot;programDescription\&quot;: null,\n        \&quot;online\&quot;: true\n    },\n    {\n        \&quot;programId\&quot;: 445,\n        \&quot;programName\&quot;: \&quot;1225\&quot;,\n        \&quot;programDescription\&quot;: \&quot;entered with old one\&quot;,\n        \&quot;online\&quot;: true\n    },\n    {\n        \&quot;programId\&quot;: 3751,\n        \&quot;programName\&quot;: \&quot;\\\&quot;Develeopment\\\&quot;\&quot;,\n        \&quot;programDescription\&quot;: \&quot;\\\&quot;Java\\\&quot;\&quot;,\n        \&quot;online\&quot;: false\n    },\n    {\n        \&quot;programId\&quot;: 396,\n        \&quot;programName\&quot;: \&quot;Selenium\&quot;,\n        \&quot;programDescription\&quot;: \&quot;Testing\&quot;,\n        \&quot;online\&quot;: true\n    },\n    {\n        \&quot;programId\&quot;: 3752,\n        \&quot;programName\&quot;: \&quot;\\\&quot;Project Management\\\&quot;\&quot;,\n        \&quot;programDescription\&quot;: \&quot;\\\&quot;scrum master\\\&quot;\&quot;,\n        \&quot;online\&quot;: false\n    },\n    {\n        \&quot;programId\&quot;: 3753,\n        \&quot;programName\&quot;: \&quot;Automation Testing\&quot;,\n        \&quot;programDescription\&quot;: \&quot;RestAssured\&quot;,\n        \&quot;online\&quot;: true\n    },\n    {\n        \&quot;programId\&quot;: 3754,\n        \&quot;programName\&quot;: \&quot;\\\&quot;Automation Testing\\\&quot;\&quot;,\n        \&quot;programDescription\&quot;: \&quot;\\\&quot;RestAssured\\\&quot;\&quot;,\n        \&quot;online\&quot;: false\n    },\n    {\n        \&quot;programId\&quot;: 3755,\n        \&quot;programName\&quot;: \&quot;\\\&quot;Develeopment\\\&quot;\&quot;,\n        \&quot;programDescription\&quot;: \&quot;\\\&quot;Java\\\&quot;\&quot;,\n        \&quot;online\&quot;: false\n    },\n    {\n        \&quot;programId\&quot;: 511,\n        \&quot;programName\&quot;: \&quot;PythonDev\&quot;,\n        \&quot;programDescription\&quot;: \&quot;Job description\&quot;,\n        \&quot;online\&quot;: true\n    },\n    {\n        \&quot;programId\&quot;: 7335,\n        \&quot;programName\&quot;: \&quot;Testing modified\&quot;,\n        \&quot;programDescription\&quot;: \&quot;Testing modified\&quot;,\n        \&quot;online\&quot;: true\n    },\n    {\n        \&quot;programId\&quot;: 485,\n        \&quot;programName\&quot;: \&quot;API Testing\&quot;,\n        \&quot;programDescription\&quot;: \&quot;API Testing on LMS with json payload\&quot;,\n        \&quot;online\&quot;: true\n    },\n    {\n        \&quot;programId\&quot;: 7336,\n        \&quot;programName\&quot;: \&quot;Testing modified\&quot;,\n        \&quot;programDescription\&quot;: \&quot;Testing modified\&quot;,\n        \&quot;online\&quot;: true\n    },\n    {\n        \&quot;programId\&quot;: 444,\n        \&quot;programName\&quot;: \&quot;string\&quot;,\n        \&quot;programDescription\&quot;: \&quot;string\&quot;,\n        \&quot;online\&quot;: true\n    },\n    {\n        \&quot;programId\&quot;: 406,\n        \&quot;programName\&quot;: \&quot;string\&quot;,\n        \&quot;programDescription\&quot;: \&quot;string\&quot;,\n        \&quot;online\&quot;: true\n    },\n    {\n        \&quot;programId\&quot;: 407,\n        \&quot;programName\&quot;: \&quot;Application Support\&quot;,\n        \&quot;programDescription\&quot;: null,\n        \&quot;online\&quot;: false\n    },\n    {\n        \&quot;programId\&quot;: 408,\n        \&quot;programName\&quot;: \&quot;Application Support\&quot;,\n        \&quot;programDescription\&quot;: null,\n        \&quot;online\&quot;: false\n    },\n    {\n        \&quot;programId\&quot;: 409,\n        \&quot;programName\&quot;: \&quot;Application Support\&quot;,\n        \&quot;programDescription\&quot;: null,\n        \&quot;online\&quot;: false\n    },\n    {\n        \&quot;programId\&quot;: 410,\n        \&quot;programName\&quot;: \&quot;Java training\&quot;,\n        \&quot;programDescription\&quot;: \&quot;Java programmer\&quot;,\n        \&quot;online\&quot;: true\n    },\n    {\n        \&quot;programId\&quot;: 411,\n        \&quot;programName\&quot;: \&quot;Application Support\&quot;,\n        \&quot;programDescription\&quot;: null,\n        \&quot;online\&quot;: false\n    },\n    {\n        \&quot;programId\&quot;: 412,\n        \&quot;programName\&quot;: \&quot;Application Support\&quot;,\n        \&quot;programDescription\&quot;: null,\n        \&quot;online\&quot;: false\n    },\n    {\n        \&quot;programId\&quot;: 413,\n        \&quot;programName\&quot;: \&quot;API\&quot;,\n        \&quot;programDescription\&quot;: \&quot;API Testing\&quot;,\n        \&quot;online\&quot;: true\n    },\n    {\n        \&quot;programId\&quot;: 414,\n        \&quot;programName\&quot;: \&quot;API Testing Jackson3\&quot;,\n        \&quot;programDescription\&quot;: \&quot;API Testing Jackson3- desc\&quot;,\n        \&quot;online\&quot;: true\n    },\n    {\n        \&quot;programId\&quot;: 416,\n        \&quot;programName\&quot;: \&quot;Application Support\&quot;,\n        \&quot;programDescription\&quot;: null,\n        \&quot;online\&quot;: false\n    },\n    {\n        \&quot;programId\&quot;: 417,\n        \&quot;programName\&quot;: \&quot;Application Support\&quot;,\n        \&quot;programDescription\&quot;: \&quot;Full time\&quot;,\n        \&quot;online\&quot;: false\n    },\n    {\n        \&quot;programId\&quot;: 419,\n        \&quot;programName\&quot;: \&quot;Application Support\&quot;,\n        \&quot;programDescription\&quot;: \&quot;Full time\&quot;,\n        \&quot;online\&quot;: true\n    },\n    {\n        \&quot;programId\&quot;: 422,\n        \&quot;programName\&quot;: \&quot;Application Support\&quot;,\n        \&quot;programDescription\&quot;: \&quot;Full time\&quot;,\n        \&quot;online\&quot;: true\n    },\n    {\n        \&quot;programId\&quot;: 423,\n        \&quot;programName\&quot;: \&quot;Application Support\&quot;,\n        \&quot;programDescription\&quot;: \&quot;Full time\&quot;,\n        \&quot;online\&quot;: true\n    },\n    {\n        \&quot;programId\&quot;: 424,\n        \&quot;programName\&quot;: \&quot;Application Support\&quot;,\n        \&quot;programDescription\&quot;: \&quot;Full time\&quot;,\n        \&quot;online\&quot;: true\n    },\n    {\n        \&quot;programId\&quot;: 425,\n        \&quot;programName\&quot;: \&quot;Application Support\&quot;,\n        \&quot;programDescription\&quot;: \&quot;Full time\&quot;,\n        \&quot;online\&quot;: true\n    },\n    {\n        \&quot;programId\&quot;: 426,\n        \&quot;programName\&quot;: \&quot;Application Support\&quot;,\n        \&quot;programDescription\&quot;: \&quot;Full time\&quot;,\n        \&quot;online\&quot;: true\n    },\n    {\n        \&quot;programId\&quot;: 427,\n        \&quot;programName\&quot;: \&quot;Application Support\&quot;,\n        \&quot;programDescription\&quot;: \&quot;Full time\&quot;,\n        \&quot;online\&quot;: true\n    },\n    {\n        \&quot;programId\&quot;: 428,\n        \&quot;programName\&quot;: \&quot;Application Support\&quot;,\n        \&quot;programDescription\&quot;: \&quot;Full time\&quot;,\n        \&quot;online\&quot;: false\n    },\n    {\n        \&quot;programId\&quot;: 430,\n        \&quot;programName\&quot;: \&quot;SDET\&quot;,\n        \&quot;programDescription\&quot;: \&quot;Full time\&quot;,\n        \&quot;online\&quot;: false\n    },\n    {\n        \&quot;programId\&quot;: 431,\n        \&quot;programName\&quot;: \&quot;SDET\&quot;,\n        \&quot;programDescription\&quot;: \&quot;Full time\&quot;,\n        \&quot;online\&quot;: false\n    },\n    {\n        \&quot;programId\&quot;: 432,\n        \&quot;programName\&quot;: \&quot;SDET\&quot;,\n        \&quot;programDescription\&quot;: \&quot;Full time\&quot;,\n        \&quot;online\&quot;: false\n    },\n    {\n        \&quot;programId\&quot;: 433,\n        \&quot;programName\&quot;: \&quot;Application Support\&quot;,\n        \&quot;programDescription\&quot;: \&quot;Full time\&quot;,\n        \&quot;online\&quot;: true\n    },\n    {\n        \&quot;programId\&quot;: 436,\n        \&quot;programName\&quot;: \&quot;api test\&quot;,\n        \&quot;programDescription\&quot;: \&quot;Api testing for lms\&quot;,\n        \&quot;online\&quot;: true\n    },\n    {\n        \&quot;programId\&quot;: 418,\n        \&quot;programName\&quot;: \&quot;Rest Assured\&quot;,\n        \&quot;programDescription\&quot;: \&quot;Rest Assured training\&quot;,\n        \&quot;online\&quot;: false\n    },\n    {\n        \&quot;programId\&quot;: 437,\n        \&quot;programName\&quot;: \&quot;API\&quot;,\n        \&quot;programDescription\&quot;: \&quot;API Testing\&quot;,\n        \&quot;online\&quot;: true\n    },\n    {\n        \&quot;programId\&quot;: 438,\n        \&quot;programName\&quot;: \&quot;DS\&quot;,\n        \&quot;programDescription\&quot;: null,\n        \&quot;online\&quot;: true\n    },\n    {\n        \&quot;programId\&quot;: 439,\n        \&quot;programName\&quot;: \&quot;SDET\&quot;,\n        \&quot;programDescription\&quot;: \&quot;Full time\&quot;,\n        \&quot;online\&quot;: false\n    },\n    {\n        \&quot;programId\&quot;: 440,\n        \&quot;programName\&quot;: \&quot;SDET\&quot;,\n        \&quot;programDescription\&quot;: \&quot;Full time\&quot;,\n        \&quot;online\&quot;: false\n    },\n    {\n        \&quot;programId\&quot;: 441,\n        \&quot;programName\&quot;: \&quot;SDET\&quot;,\n        \&quot;programDescription\&quot;: \&quot;Full time\&quot;,\n        \&quot;online\&quot;: false\n    },\n    {\n        \&quot;programId\&quot;: 442,\n        \&quot;programName\&quot;: \&quot;DS\&quot;,\n        \&quot;programDescription\&quot;: \&quot;Full time\&quot;,\n        \&quot;online\&quot;: false\n    },\n    {\n        \&quot;programId\&quot;: 443,\n        \&quot;programName\&quot;: \&quot;SDET\&quot;,\n        \&quot;programDescription\&quot;: null,\n        \&quot;online\&quot;: false\n    },\n    {\n        \&quot;programId\&quot;: 446,\n        \&quot;programName\&quot;: \&quot;api test\&quot;,\n        \&quot;programDescription\&quot;: \&quot;Api testing for lms\&quot;,\n        \&quot;online\&quot;: true\n    },\n    {\n        \&quot;programId\&quot;: 447,\n        \&quot;programName\&quot;: \&quot;api testing\&quot;,\n        \&quot;programDescription\&quot;: \&quot;Api testing for lmsing\&quot;,\n        \&quot;online\&quot;: true\n    },\n    {\n        \&quot;programId\&quot;: 448,\n        \&quot;programName\&quot;: \&quot;api testing\&quot;,\n        \&quot;programDescription\&quot;: \&quot;Api testing for lmsing\&quot;,\n        \&quot;online\&quot;: true\n    },\n    {\n        \&quot;programId\&quot;: 449,\n        \&quot;programName\&quot;: \&quot;string\&quot;,\n        \&quot;programDescription\&quot;: \&quot;api testing lmsing\&quot;,\n        \&quot;online\&quot;: true\n    },\n    {\n        \&quot;programId\&quot;: 450,\n        \&quot;programName\&quot;: \&quot;string\&quot;,\n        \&quot;programDescription\&quot;: \&quot;api testing lmsing\&quot;,\n        \&quot;online\&quot;: true\n    },\n    {\n        \&quot;programId\&quot;: 487,\n        \&quot;programName\&quot;: \&quot;API Testing\&quot;,\n        \&quot;programDescription\&quot;: \&quot;API Testing on LMS with json payload shruthi\&quot;,\n        \&quot;online\&quot;: true\n    },\n    {\n        \&quot;programId\&quot;: 488,\n        \&quot;programName\&quot;: \&quot;API Testing\&quot;,\n        \&quot;programDescription\&quot;: \&quot;API Testing on LMS with json payload\&quot;,\n        \&quot;online\&quot;: true\n    },\n    {\n        \&quot;programId\&quot;: 489,\n        \&quot;programName\&quot;: \&quot;API Testing\&quot;,\n        \&quot;programDescription\&quot;: \&quot;API Testing on LMS with json payload shruthi\&quot;,\n        \&quot;online\&quot;: true\n    },\n    {\n        \&quot;programId\&quot;: 454,\n        \&quot;programName\&quot;: \&quot;SDET\&quot;,\n        \&quot;programDescription\&quot;: null,\n        \&quot;online\&quot;: false\n    },\n    {\n        \&quot;programId\&quot;: 461,\n        \&quot;programName\&quot;: \&quot;SDET\&quot;,\n        \&quot;programDescription\&quot;: null,\n        \&quot;online\&quot;: false\n    },\n    {\n        \&quot;programId\&quot;: 462,\n        \&quot;programName\&quot;: \&quot;string\&quot;,\n        \&quot;programDescription\&quot;: \&quot;string\&quot;,\n        \&quot;online\&quot;: true\n    },\n    {\n        \&quot;programId\&quot;: 463,\n        \&quot;programName\&quot;: \&quot;string\&quot;,\n        \&quot;programDescription\&quot;: \&quot;string\&quot;,\n        \&quot;online\&quot;: true\n    },\n    {\n        \&quot;programId\&quot;: 464,\n        \&quot;programName\&quot;: \&quot;string\&quot;,\n        \&quot;programDescription\&quot;: \&quot;string\&quot;,\n        \&quot;online\&quot;: true\n    },\n    {\n        \&quot;programId\&quot;: 465,\n        \&quot;programName\&quot;: \&quot;string\&quot;,\n        \&quot;programDescription\&quot;: \&quot;string\&quot;,\n        \&quot;online\&quot;: true\n    },\n    {\n        \&quot;programId\&quot;: 466,\n        \&quot;programName\&quot;: \&quot;string\&quot;,\n        \&quot;programDescription\&quot;: \&quot;string\&quot;,\n        \&quot;online\&quot;: true\n    },\n    {\n        \&quot;programId\&quot;: 467,\n        \&quot;programName\&quot;: \&quot;string\&quot;,\n        \&quot;programDescription\&quot;: \&quot;string\&quot;,\n        \&quot;online\&quot;: true\n    },\n    {\n        \&quot;programId\&quot;: 468,\n        \&quot;programName\&quot;: \&quot;api\&quot;,\n        \&quot;programDescription\&quot;: \&quot;string\&quot;,\n        \&quot;online\&quot;: true\n    },\n    {\n        \&quot;programId\&quot;: 469,\n        \&quot;programName\&quot;: \&quot;API\&quot;,\n        \&quot;programDescription\&quot;: \&quot;API Automation\&quot;,\n        \&quot;online\&quot;: true\n    },\n    {\n        \&quot;programId\&quot;: 470,\n        \&quot;programName\&quot;: \&quot;DS\&quot;,\n        \&quot;programDescription\&quot;: null,\n        \&quot;online\&quot;: true\n    },\n    {\n        \&quot;programId\&quot;: 471,\n        \&quot;programName\&quot;: \&quot;string\&quot;,\n        \&quot;programDescription\&quot;: \&quot;string\&quot;,\n        \&quot;online\&quot;: true\n    },\n    {\n        \&quot;programId\&quot;: 472,\n        \&quot;programName\&quot;: \&quot;SDET\&quot;,\n        \&quot;programDescription\&quot;: null,\n        \&quot;online\&quot;: true\n    },\n    {\n        \&quot;programId\&quot;: 473,\n        \&quot;programName\&quot;: \&quot;AS111\&quot;,\n        \&quot;programDescription\&quot;: \&quot;Application Support122\&quot;,\n        \&quot;online\&quot;: true\n    },\n    {\n        \&quot;programId\&quot;: 490,\n        \&quot;programName\&quot;: \&quot;Testing modified from postman\&quot;,\n        \&quot;programDescription\&quot;: \&quot;Testing modified\&quot;,\n        \&quot;online\&quot;: true\n    },\n    {\n        \&quot;programId\&quot;: 475,\n        \&quot;programName\&quot;: \&quot;API\&quot;,\n        \&quot;programDescription\&quot;: \&quot;API Automation\&quot;,\n        \&quot;online\&quot;: true\n    },\n    {\n        \&quot;programId\&quot;: 476,\n        \&quot;programName\&quot;: \&quot;API Testing\&quot;,\n        \&quot;programDescription\&quot;: \&quot;API Testing on LMS with json payload\&quot;,\n        \&quot;online\&quot;: true\n    },\n    {\n        \&quot;programId\&quot;: 477,\n        \&quot;programName\&quot;: \&quot;API Testing\&quot;,\n        \&quot;programDescription\&quot;: \&quot;API Testing on LMS with json payload\&quot;,\n        \&quot;online\&quot;: true\n    },\n    {\n        \&quot;programId\&quot;: 478,\n        \&quot;programName\&quot;: \&quot;API Testing\&quot;,\n        \&quot;programDescription\&quot;: \&quot;API Testing on LMS with json payload\&quot;,\n        \&quot;online\&quot;: true\n    },\n    {\n        \&quot;programId\&quot;: 479,\n        \&quot;programName\&quot;: \&quot;API Testing\&quot;,\n        \&quot;programDescription\&quot;: \&quot;API Testing on LMS with json payload\&quot;,\n        \&quot;online\&quot;: true\n    },\n    {\n        \&quot;programId\&quot;: 480,\n        \&quot;programName\&quot;: \&quot;API Testing\&quot;,\n        \&quot;programDescription\&quot;: \&quot;API Testing on LMS with json payload\&quot;,\n        \&quot;online\&quot;: true\n    },\n    {\n        \&quot;programId\&quot;: 481,\n        \&quot;programName\&quot;: \&quot;API Testing\&quot;,\n        \&quot;programDescription\&quot;: \&quot;API Testing on LMS with json payload\&quot;,\n        \&quot;online\&quot;: true\n    },\n    {\n        \&quot;programId\&quot;: 482,\n        \&quot;programName\&quot;: \&quot;API Testing\&quot;,\n        \&quot;programDescription\&quot;: \&quot;API Testing on LMS with json payload\&quot;,\n        \&quot;online\&quot;: true\n    },\n    {\n        \&quot;programId\&quot;: 483,\n        \&quot;programName\&quot;: \&quot;API Testing\&quot;,\n        \&quot;programDescription\&quot;: \&quot;API Testing on LMS with json payload\&quot;,\n        \&quot;online\&quot;: true\n    },\n    {\n        \&quot;programId\&quot;: 491,\n        \&quot;programName\&quot;: \&quot;API Testing\&quot;,\n        \&quot;programDescription\&quot;: \&quot;API Testing on LMS with json payload shruthi\&quot;,\n        \&quot;online\&quot;: true\n    },\n    {\n        \&quot;programId\&quot;: 497,\n        \&quot;programName\&quot;: \&quot;WELLPOINT\&quot;,\n        \&quot;programDescription\&quot;: \&quot;INDIANA\&quot;,\n        \&quot;online\&quot;: true\n    },\n    {\n        \&quot;programId\&quot;: 498,\n        \&quot;programName\&quot;: \&quot;WELLPOINT\&quot;,\n        \&quot;programDescription\&quot;: \&quot;INDIANA\&quot;,\n        \&quot;online\&quot;: true\n    },\n    {\n        \&quot;programId\&quot;: 499,\n        \&quot;programName\&quot;: \&quot;WELLPOINT\&quot;,\n        \&quot;programDescription\&quot;: \&quot;INDIANA\&quot;,\n        \&quot;online\&quot;: true\n    },\n    {\n        \&quot;programId\&quot;: 507,\n        \&quot;programName\&quot;: \&quot;API Testing\&quot;,\n        \&quot;programDescription\&quot;: \&quot;API Testing on LMS with json payload final changes\&quot;,\n        \&quot;online\&quot;: true\n    },\n    {\n        \&quot;programId\&quot;: 501,\n        \&quot;programName\&quot;: \&quot;AAAAAA\&quot;,\n        \&quot;programDescription\&quot;: \&quot;AAAAAA\&quot;,\n        \&quot;online\&quot;: true\n    },\n    {\n        \&quot;programId\&quot;: 502,\n        \&quot;programName\&quot;: \&quot;AAAAAA\&quot;,\n        \&quot;programDescription\&quot;: \&quot;AAAAAA\&quot;,\n        \&quot;online\&quot;: true\n    },\n    {\n        \&quot;programId\&quot;: 503,\n        \&quot;programName\&quot;: \&quot;API Testing\&quot;,\n        \&quot;programDescription\&quot;: \&quot;API Testing on LMS with json payload\&quot;,\n        \&quot;online\&quot;: true\n    },\n    {\n        \&quot;programId\&quot;: 504,\n        \&quot;programName\&quot;: \&quot;API Testing\&quot;,\n        \&quot;programDescription\&quot;: \&quot;API Testing on LMS with json payload shruthi\&quot;,\n        \&quot;online\&quot;: true\n    },\n    {\n        \&quot;programId\&quot;: 505,\n        \&quot;programName\&quot;: \&quot;API Testing\&quot;,\n        \&quot;programDescription\&quot;: \&quot;API Testing on LMS with json payload final changes\&quot;,\n        \&quot;online\&quot;: true\n    },\n    {\n        \&quot;programId\&quot;: 508,\n        \&quot;programName\&quot;: \&quot;API Testing\&quot;,\n        \&quot;programDescription\&quot;: \&quot;API Testing on LMS with json payload final changes\&quot;,\n        \&quot;online\&quot;: true\n    },\n    {\n        \&quot;programId\&quot;: 509,\n        \&quot;programName\&quot;: \&quot;API Testing\&quot;,\n        \&quot;programDescription\&quot;: \&quot;API Testing on LMS with json payload final changes\&quot;,\n        \&quot;online\&quot;: true\n    },\n    {\n        \&quot;programId\&quot;: 510,\n        \&quot;programName\&quot;: \&quot;DS1\&quot;,\n        \&quot;programDescription\&quot;: \&quot;Data Science\&quot;,\n        \&quot;online\&quot;: true\n    },\n    {\n        \&quot;programId\&quot;: 512,\n        \&quot;programName\&quot;: \&quot;SDET\&quot;,\n        \&quot;programDescription\&quot;: \&quot;Software Developer in Test\&quot;,\n        \&quot;online\&quot;: true\n    },\n    {\n        \&quot;programId\&quot;: 513,\n        \&quot;programName\&quot;: \&quot;DS1\&quot;,\n        \&quot;programDescription\&quot;: \&quot;Data Science\&quot;,\n        \&quot;online\&quot;: true\n    },\n    {\n        \&quot;programId\&quot;: 514,\n        \&quot;programName\&quot;: \&quot;AS111\&quot;,\n        \&quot;programDescription\&quot;: \&quot;Application Support122\&quot;,\n        \&quot;online\&quot;: true\n    },\n    {\n        \&quot;programId\&quot;: 516,\n        \&quot;programName\&quot;: \&quot;DS1\&quot;,\n        \&quot;programDescription\&quot;: \&quot;Data Science\&quot;,\n        \&quot;online\&quot;: true\n    },\n    {\n        \&quot;programId\&quot;: 515,\n        \&quot;programName\&quot;: \&quot;AS111\&quot;,\n        \&quot;programDescription\&quot;: \&quot;Application Support122\&quot;,\n        \&quot;online\&quot;: true\n    },\n    {\n        \&quot;programId\&quot;: 517,\n        \&quot;programName\&quot;: \&quot;APi Testing-e2ewithJsonObject \&quot;,\n        \&quot;programDescription\&quot;: \&quot;APi Testing-e2ewithJsonObject desc\&quot;,\n        \&quot;online\&quot;: true\n    },\n    {\n        \&quot;programId\&quot;: 521,\n        \&quot;programName\&quot;: \&quot;Testing modified\&quot;,\n        \&quot;programDescription\&quot;: \&quot;Testing modified\&quot;,\n        \&quot;online\&quot;: true\n    },\n    {\n        \&quot;programId\&quot;: 522,\n        \&quot;programName\&quot;: \&quot;QA1\&quot;,\n        \&quot;programDescription\&quot;: \&quot;QA analyst\&quot;,\n        \&quot;online\&quot;: true\n    },\n    {\n        \&quot;programId\&quot;: 524,\n        \&quot;programName\&quot;: \&quot;string\&quot;,\n        \&quot;programDescription\&quot;: \&quot;string\&quot;,\n        \&quot;online\&quot;: true\n    },\n    {\n        \&quot;programId\&quot;: 525,\n        \&quot;programName\&quot;: \&quot;string\&quot;,\n        \&quot;programDescription\&quot;: \&quot;string\&quot;,\n        \&quot;online\&quot;: true\n    },\n    {\n        \&quot;programId\&quot;: 527,\n        \&quot;programName\&quot;: \&quot;string\&quot;,\n        \&quot;programDescription\&quot;: \&quot;string\&quot;,\n        \&quot;online\&quot;: true\n    },\n    {\n        \&quot;programId\&quot;: 529,\n        \&quot;programName\&quot;: \&quot;QA2\&quot;,\n        \&quot;programDescription\&quot;: \&quot;QA analyst\&quot;,\n        \&quot;online\&quot;: true\n    },\n    {\n        \&quot;programId\&quot;: 530,\n        \&quot;programName\&quot;: \&quot;QA3\&quot;,\n        \&quot;programDescription\&quot;: \&quot;QA automation\&quot;,\n        \&quot;online\&quot;: true\n    },\n    {\n        \&quot;programId\&quot;: 531,\n        \&quot;programName\&quot;: \&quot;QA4\&quot;,\n        \&quot;programDescription\&quot;: \&quot;QA automation\&quot;,\n        \&quot;online\&quot;: true\n    },\n    {\n        \&quot;programId\&quot;: 534,\n        \&quot;programName\&quot;: \&quot;APi Testing-e2ewithJsonObject \&quot;,\n        \&quot;programDescription\&quot;: \&quot;APi Testing-e2ewithJsonObject desc\&quot;,\n        \&quot;online\&quot;: true\n    },\n    {\n        \&quot;programId\&quot;: 535,\n        \&quot;programName\&quot;: \&quot;APi Testing-e2ewithJsonObject \&quot;,\n        \&quot;programDescription\&quot;: \&quot;APi Testing-e2ewithJsonObject desc\&quot;,\n        \&quot;online\&quot;: true\n    },\n    {\n        \&quot;programId\&quot;: 537,\n        \&quot;programName\&quot;: \&quot;APi Testing-e2ewithJsonObject \&quot;,\n        \&quot;programDescription\&quot;: \&quot;APi Testing-e2ewithJsonObject desc\&quot;,\n        \&quot;online\&quot;: true\n    },\n    {\n        \&quot;programId\&quot;: 3756,\n        \&quot;programName\&quot;: \&quot;\\\&quot;Project Management\\\&quot;\&quot;,\n        \&quot;programDescription\&quot;: \&quot;\\\&quot;scrum master\\\&quot;\&quot;,\n        \&quot;online\&quot;: false\n    },\n    {\n        \&quot;programId\&quot;: 3757,\n        \&quot;programName\&quot;: \&quot;Automation Testing\&quot;,\n        \&quot;programDescription\&quot;: \&quot;RestAssured\&quot;,\n        \&quot;online\&quot;: true\n    },\n    {\n        \&quot;programId\&quot;: 661,\n        \&quot;programName\&quot;: \&quot;SDETTTTT-QA\&quot;,\n        \&quot;programDescription\&quot;: \&quot;Testing-Testing\&quot;,\n        \&quot;online\&quot;: true\n    },\n    {\n        \&quot;programId\&quot;: 3828,\n        \&quot;programName\&quot;: \&quot;API Testing 87766\&quot;,\n        \&quot;programDescription\&quot;: \&quot;Description for 87766\&quot;,\n        \&quot;online\&quot;: true\n    },\n    {\n        \&quot;programId\&quot;: 620,\n        \&quot;programName\&quot;: \&quot;SDETTTTT-QA\&quot;,\n        \&quot;programDescription\&quot;: \&quot;Testing\&quot;,\n        \&quot;online\&quot;: true\n    },\n    {\n        \&quot;programId\&quot;: 7337,\n        \&quot;programName\&quot;: \&quot;Testing modified\&quot;,\n        \&quot;programDescription\&quot;: \&quot;Testing modified\&quot;,\n        \&quot;online\&quot;: true\n    },\n    {\n        \&quot;programId\&quot;: 7338,\n        \&quot;programName\&quot;: \&quot;Testing modified\&quot;,\n        \&quot;programDescription\&quot;: \&quot;Testing modified\&quot;,\n        \&quot;online\&quot;: true\n    },\n    {\n        \&quot;programId\&quot;: 7407,\n        \&quot;programName\&quot;: \&quot;testing modify\&quot;,\n        \&quot;programDescription\&quot;: \&quot;testing \&quot;,\n        \&quot;online\&quot;: true\n    },\n    {\n        \&quot;programId\&quot;: 7424,\n        \&quot;programName\&quot;: \&quot;Test Program1\&quot;,\n        \&quot;programDescription\&quot;: \&quot;Test Program1\&quot;,\n        \&quot;online\&quot;: true\n    },\n    {\n        \&quot;programId\&quot;: 3870,\n        \&quot;programName\&quot;: \&quot;\\\&quot;Automation Testing\\\&quot;\&quot;,\n        \&quot;programDescription\&quot;: \&quot;\\\&quot;RestAssured\\\&quot;\&quot;,\n        \&quot;online\&quot;: false\n    },\n    {\n        \&quot;programId\&quot;: 3871,\n        \&quot;programName\&quot;: \&quot;\\\&quot;Develeopment\\\&quot;\&quot;,\n        \&quot;programDescription\&quot;: \&quot;\\\&quot;Java\\\&quot;\&quot;,\n        \&quot;online\&quot;: false\n    },\n    {\n        \&quot;programId\&quot;: 549,\n        \&quot;programName\&quot;: \&quot;APi Testing-e2ewithJsonObject \&quot;,\n        \&quot;programDescription\&quot;: \&quot;APi Testing-e2ewithJsonObject desc\&quot;,\n        \&quot;online\&quot;: true\n    },\n    {\n        \&quot;programId\&quot;: 3872,\n        \&quot;programName\&quot;: \&quot;\\\&quot;Project Management\\\&quot;\&quot;,\n        \&quot;programDescription\&quot;: \&quot;\\\&quot;scrum master\\\&quot;\&quot;,\n        \&quot;online\&quot;: false\n    },\n    {\n        \&quot;programId\&quot;: 7425,\n        \&quot;programName\&quot;: \&quot;Test Program7404\&quot;,\n        \&quot;programDescription\&quot;: \&quot;Test Program7404\&quot;,\n        \&quot;online\&quot;: true\n    },\n    {\n        \&quot;programId\&quot;: 551,\n        \&quot;programName\&quot;: \&quot;APi Testing-e2ewithJsonObject \&quot;,\n        \&quot;programDescription\&quot;: \&quot;APi Testing-e2ewithJsonObject desc\&quot;,\n        \&quot;online\&quot;: true\n    },\n    {\n        \&quot;programId\&quot;: 552,\n        \&quot;programName\&quot;: \&quot;APi Testing-e2ewithJsonObject \&quot;,\n        \&quot;programDescription\&quot;: \&quot;APi Testing-e2ewithJsonObject desc\&quot;,\n        \&quot;online\&quot;: true\n    },\n    {\n        \&quot;programId\&quot;: 554,\n        \&quot;programName\&quot;: \&quot;Testing\&quot;,\n        \&quot;programDescription\&quot;: \&quot;Testing\&quot;,\n        \&quot;online\&quot;: true\n    },\n    {\n        \&quot;programId\&quot;: 3878,\n        \&quot;programName\&quot;: \&quot;Automation Testing\&quot;,\n        \&quot;programDescription\&quot;: \&quot;RestAssured\&quot;,\n        \&quot;online\&quot;: true\n    },\n    {\n        \&quot;programId\&quot;: 556,\n        \&quot;programName\&quot;: \&quot;SDET12\&quot;,\n        \&quot;programDescription\&quot;: \&quot;Testing\&quot;,\n        \&quot;online\&quot;: true\n    },\n    {\n        \&quot;programId\&quot;: 3888,\n        \&quot;programName\&quot;: \&quot;Contract testing\&quot;,\n        \&quot;programDescription\&quot;: \&quot;LMS API TESTING\&quot;,\n        \&quot;online\&quot;: true\n    },\n    {\n        \&quot;programId\&quot;: 558,\n        \&quot;programName\&quot;: \&quot;APi Testing-e2ewithJsonObject \&quot;,\n        \&quot;programDescription\&quot;: \&quot;APi Testing-e2ewithJsonObject desc\&quot;,\n        \&quot;online\&quot;: true\n    },\n    {\n        \&quot;programId\&quot;: 559,\n        \&quot;programName\&quot;: \&quot;APi Testing-e2ewithJsonObject \&quot;,\n        \&quot;programDescription\&quot;: \&quot;APi Testing-e2ewithJsonObject desc_endpoints\&quot;,\n        \&quot;online\&quot;: true\n    },\n    {\n        \&quot;programId\&quot;: 560,\n        \&quot;programName\&quot;: \&quot;APi Testing-e2ewithJsonObject \&quot;,\n        \&quot;programDescription\&quot;: \&quot;APi Testing-e2ewithJsonObject desc_endpoints\&quot;,\n        \&quot;online\&quot;: false\n    },\n    {\n        \&quot;programId\&quot;: 7426,\n        \&quot;programName\&quot;: \&quot;Test Program7426\&quot;,\n        \&quot;programDescription\&quot;: \&quot;Test Program7426\&quot;,\n        \&quot;online\&quot;: true\n    },\n    {\n        \&quot;programId\&quot;: 662,\n        \&quot;programName\&quot;: \&quot;SDETTTTT-QA\&quot;,\n        \&quot;programDescription\&quot;: \&quot;Testing-Testing\&quot;,\n        \&quot;online\&quot;: true\n    },\n    {\n        \&quot;programId\&quot;: 7427,\n        \&quot;programName\&quot;: \&quot;string\&quot;,\n        \&quot;programDescription\&quot;: \&quot;string\&quot;,\n        \&quot;online\&quot;: true\n    },\n    {\n        \&quot;programId\&quot;: 663,\n        \&quot;programName\&quot;: \&quot;SDETHashmap\&quot;,\n        \&quot;programDescription\&quot;: \&quot;SDEThashmapDESC\&quot;,\n        \&quot;online\&quot;: true\n    },\n    {\n        \&quot;programId\&quot;: 7428,\n        \&quot;programName\&quot;: \&quot;string\&quot;,\n        \&quot;programDescription\&quot;: \&quot;string\&quot;,\n        \&quot;online\&quot;: true\n    },\n    {\n        \&quot;programId\&quot;: 664,\n        \&quot;programName\&quot;: \&quot;SDETHashmap\&quot;,\n        \&quot;programDescription\&quot;: \&quot;SDEThashmapDESC\&quot;,\n        \&quot;online\&quot;: true\n    },\n    {\n        \&quot;programId\&quot;: 9224,\n        \&quot;programName\&quot;: \&quot;VideoGame\&quot;,\n        \&quot;programDescription\&quot;: \&quot;user friendly\&quot;,\n        \&quot;online\&quot;: true\n    },\n    {\n        \&quot;programId\&quot;: 665,\n        \&quot;programName\&quot;: \&quot;SDET100\&quot;,\n        \&quot;programDescription\&quot;: \&quot;SDET100\&quot;,\n        \&quot;online\&quot;: true\n    },\n    {\n        \&quot;programId\&quot;: 565,\n        \&quot;programName\&quot;: \&quot;API Testing\&quot;,\n        \&quot;programDescription\&quot;: \&quot;API Testing on LMS with json payload final changes\&quot;,\n        \&quot;online\&quot;: true\n    },\n    {\n        \&quot;programId\&quot;: 607,\n        \&quot;programName\&quot;: \&quot;string\&quot;,\n        \&quot;programDescription\&quot;: \&quot;string\&quot;,\n        \&quot;online\&quot;: true\n    },\n    {\n        \&quot;programId\&quot;: 657,\n        \&quot;programName\&quot;: \&quot;online field testing\&quot;,\n        \&quot;programDescription\&quot;: \&quot;entered with numbers\&quot;,\n        \&quot;online\&quot;: true\n    },\n    {\n        \&quot;programId\&quot;: 610,\n        \&quot;programName\&quot;: \&quot;Testing\&quot;,\n        \&quot;programDescription\&quot;: \&quot;Testing_sdetsdet\&quot;,\n        \&quot;online\&quot;: true\n    },\n    {\n        \&quot;programId\&quot;: 611,\n        \&quot;programName\&quot;: \&quot;Testing\&quot;,\n        \&quot;programDescription\&quot;: \&quot;Testing_sdetsdet0000\&quot;,\n        \&quot;online\&quot;: true\n    },\n    {\n        \&quot;programId\&quot;: 615,\n        \&quot;programName\&quot;: \&quot;string\&quot;,\n        \&quot;programDescription\&quot;: \&quot;stringTESTIIIIII\&quot;,\n        \&quot;online\&quot;: true\n    },\n    {\n        \&quot;programId\&quot;: 614,\n        \&quot;programName\&quot;: \&quot;sdetsdetsdet787878\&quot;,\n        \&quot;programDescription\&quot;: \&quot;sdetsdetsdet\&quot;,\n        \&quot;online\&quot;: true\n    },\n    {\n        \&quot;programId\&quot;: 606,\n        \&quot;programName\&quot;: \&quot;sdetsdetsdet787878\&quot;,\n        \&quot;programDescription\&quot;: \&quot;sdetsdetsdet\&quot;,\n        \&quot;online\&quot;: true\n    },\n    {\n        \&quot;programId\&quot;: 618,\n        \&quot;programName\&quot;: \&quot;API Testing\&quot;,\n        \&quot;programDescription\&quot;: \&quot;Cool Trendy program\&quot;,\n        \&quot;online\&quot;: true\n    },\n    {\n        \&quot;programId\&quot;: 619,\n        \&quot;programName\&quot;: \&quot;API Testing\&quot;,\n        \&quot;programDescription\&quot;: \&quot;Cool Trendy program\&quot;,\n        \&quot;online\&quot;: true\n    },\n    {\n        \&quot;programId\&quot;: 621,\n        \&quot;programName\&quot;: \&quot;Testing\&quot;,\n        \&quot;programDescription\&quot;: \&quot;Testing\&quot;,\n        \&quot;online\&quot;: true\n    },\n    {\n        \&quot;programId\&quot;: 622,\n        \&quot;programName\&quot;: \&quot;API\&quot;,\n        \&quot;programDescription\&quot;: \&quot;API Trend\&quot;,\n        \&quot;online\&quot;: true\n    },\n    {\n        \&quot;programId\&quot;: 577,\n        \&quot;programName\&quot;: \&quot;SDETgThJj\&quot;,\n        \&quot;programDescription\&quot;: \&quot;SoftwaremRmHBjB\&quot;,\n        \&quot;online\&quot;: false\n    },\n    {\n        \&quot;programId\&quot;: 634,\n        \&quot;programName\&quot;: \&quot;Testing\&quot;,\n        \&quot;programDescription\&quot;: \&quot;Testing\&quot;,\n        \&quot;online\&quot;: false\n    },\n    {\n        \&quot;programId\&quot;: 636,\n        \&quot;programName\&quot;: \&quot;string\&quot;,\n        \&quot;programDescription\&quot;: \&quot;string\&quot;,\n        \&quot;online\&quot;: true\n    },\n    {\n        \&quot;programId\&quot;: 637,\n        \&quot;programName\&quot;: \&quot;Testing\&quot;,\n        \&quot;programDescription\&quot;: \&quot;Testing\&quot;,\n        \&quot;online\&quot;: true\n    },\n    {\n        \&quot;programId\&quot;: 638,\n        \&quot;programName\&quot;: \&quot;string\&quot;,\n        \&quot;programDescription\&quot;: \&quot;string\&quot;,\n        \&quot;online\&quot;: true\n    },\n    {\n        \&quot;programId\&quot;: 635,\n        \&quot;programName\&quot;: \&quot;Testing\&quot;,\n        \&quot;programDescription\&quot;: \&quot;Testing\&quot;,\n        \&quot;online\&quot;: true\n    },\n    {\n        \&quot;programId\&quot;: 639,\n        \&quot;programName\&quot;: \&quot;Testing modified\&quot;,\n        \&quot;programDescription\&quot;: \&quot;Testing modified\&quot;,\n        \&quot;online\&quot;: true\n    },\n    {\n        \&quot;programId\&quot;: 640,\n        \&quot;programName\&quot;: \&quot;Testing modified\&quot;,\n        \&quot;programDescription\&quot;: \&quot;Testing modified\&quot;,\n        \&quot;online\&quot;: true\n    },\n    {\n        \&quot;programId\&quot;: 666,\n        \&quot;programName\&quot;: \&quot;AS35\&quot;,\n        \&quot;programDescription\&quot;: \&quot;Application Support\&quot;,\n        \&quot;online\&quot;: true\n    },\n    {\n        \&quot;programId\&quot;: 667,\n        \&quot;programName\&quot;: \&quot;DB\&quot;,\n        \&quot;programDescription\&quot;: \&quot;DB analytics\&quot;,\n        \&quot;online\&quot;: false\n    },\n    {\n        \&quot;programId\&quot;: 669,\n        \&quot;programName\&quot;: \&quot;LMS\&quot;,\n        \&quot;programDescription\&quot;: \&quot;Test LMS\&quot;,\n        \&quot;online\&quot;: true\n    },\n    {\n        \&quot;programId\&quot;: 644,\n        \&quot;programName\&quot;: \&quot;SDETTTTT-QA\&quot;,\n        \&quot;programDescription\&quot;: \&quot;Testing-Testing\&quot;,\n        \&quot;online\&quot;: true\n    },\n    {\n        \&quot;programId\&quot;: 646,\n        \&quot;programName\&quot;: \&quot;SDETTTTT-QA\&quot;,\n        \&quot;programDescription\&quot;: \&quot;Testing-Testing\&quot;,\n        \&quot;online\&quot;: true\n    },\n    {\n        \&quot;programId\&quot;: 649,\n        \&quot;programName\&quot;: \&quot;SP1\&quot;,\n        \&quot;programDescription\&quot;: \&quot;Support Analyst\&quot;,\n        \&quot;online\&quot;: false\n    },\n    {\n        \&quot;programId\&quot;: 650,\n        \&quot;programName\&quot;: \&quot;AS35\&quot;,\n        \&quot;programDescription\&quot;: \&quot;Application Support\&quot;,\n        \&quot;online\&quot;: true\n    },\n    {\n        \&quot;programId\&quot;: 651,\n        \&quot;programName\&quot;: \&quot;AS35\&quot;,\n        \&quot;programDescription\&quot;: \&quot;Application Support\&quot;,\n        \&quot;online\&quot;: true\n    },\n    {\n        \&quot;programId\&quot;: 670,\n        \&quot;programName\&quot;: \&quot;LMS\&quot;,\n        \&quot;programDescription\&quot;: \&quot;Test LMS\&quot;,\n        \&quot;online\&quot;: true\n    },\n    {\n        \&quot;programId\&quot;: 677,\n        \&quot;programName\&quot;: \&quot;online field testing\&quot;,\n        \&quot;programDescription\&quot;: \&quot;entered with numbers\&quot;,\n        \&quot;online\&quot;: true\n    },\n    {\n        \&quot;programId\&quot;: 656,\n        \&quot;programName\&quot;: \&quot;DB\&quot;,\n        \&quot;programDescription\&quot;: \&quot;DB analyticsIIII\&quot;,\n        \&quot;online\&quot;: false\n    },\n    {\n        \&quot;programId\&quot;: 671,\n        \&quot;programName\&quot;: \&quot;LMS\&quot;,\n        \&quot;programDescription\&quot;: \&quot;Test LMS\&quot;,\n        \&quot;online\&quot;: true\n    },\n    {\n        \&quot;programId\&quot;: 672,\n        \&quot;programName\&quot;: \&quot;LMS\&quot;,\n        \&quot;programDescription\&quot;: \&quot;Test LMS\&quot;,\n        \&quot;online\&quot;: true\n    },\n    {\n        \&quot;programId\&quot;: 673,\n        \&quot;programName\&quot;: \&quot;LMS\&quot;,\n        \&quot;programDescription\&quot;: \&quot;Test LMS\&quot;,\n        \&quot;online\&quot;: true\n    },\n    {\n        \&quot;programId\&quot;: 674,\n        \&quot;programName\&quot;: \&quot;LMS\&quot;,\n        \&quot;programDescription\&quot;: \&quot;Test LMSA\&quot;,\n        \&quot;online\&quot;: true\n    },\n    {\n        \&quot;programId\&quot;: 675,\n        \&quot;programName\&quot;: \&quot;LMS\&quot;,\n        \&quot;programDescription\&quot;: \&quot;Test LMS\&quot;,\n        \&quot;online\&quot;: true\n    },\n    {\n        \&quot;programId\&quot;: 676,\n        \&quot;programName\&quot;: \&quot;LMS\&quot;,\n        \&quot;programDescription\&quot;: \&quot;Test LMSA\&quot;,\n        \&quot;online\&quot;: true\n    },\n    {\n        \&quot;programId\&quot;: 679,\n        \&quot;programName\&quot;: \&quot;string\&quot;,\n        \&quot;programDescription\&quot;: \&quot;string\&quot;,\n        \&quot;online\&quot;: true\n    },\n    {\n        \&quot;programId\&quot;: 681,\n        \&quot;programName\&quot;: \&quot;Test\&quot;,\n        \&quot;programDescription\&quot;: \&quot;Test API for post\&quot;,\n        \&quot;online\&quot;: true\n    },\n    {\n        \&quot;programId\&quot;: 682,\n        \&quot;programName\&quot;: \&quot;LMS\&quot;,\n        \&quot;programDescription\&quot;: \&quot;Test LMS\&quot;,\n        \&quot;online\&quot;: true\n    },\n    {\n        \&quot;programId\&quot;: 683,\n        \&quot;programName\&quot;: \&quot;LMS\&quot;,\n        \&quot;programDescription\&quot;: \&quot;Test LMS\&quot;,\n        \&quot;online\&quot;: true\n    },\n    {\n        \&quot;programId\&quot;: 684,\n        \&quot;programName\&quot;: \&quot;LMS\&quot;,\n        \&quot;programDescription\&quot;: \&quot;Test LMS\&quot;,\n        \&quot;online\&quot;: true\n    },\n    {\n        \&quot;programId\&quot;: 686,\n        \&quot;programName\&quot;: \&quot;LMS\&quot;,\n        \&quot;programDescription\&quot;: \&quot;Test LMSA\&quot;,\n        \&quot;online\&quot;: true\n    },\n    {\n        \&quot;programId\&quot;: 687,\n        \&quot;programName\&quot;: \&quot;Test2\&quot;,\n        \&quot;programDescription\&quot;: \&quot;Test1 API\&quot;,\n        \&quot;online\&quot;: true\n    },\n    {\n        \&quot;programId\&quot;: 689,\n        \&quot;programName\&quot;: \&quot;LMS\&quot;,\n        \&quot;programDescription\&quot;: \&quot;Updated Value for 688\&quot;,\n        \&quot;online\&quot;: false\n    },\n    {\n        \&quot;programId\&quot;: 697,\n        \&quot;programName\&quot;: \&quot;pythonselenium\&quot;,\n        \&quot;programDescription\&quot;: \&quot;sangiteja\&quot;,\n        \&quot;online\&quot;: true\n    },\n    {\n        \&quot;programId\&quot;: 703,\n        \&quot;programName\&quot;: \&quot;string\&quot;,\n        \&quot;programDescription\&quot;: \&quot;In-depth training provided on Oracle with real time examples.\&quot;,\n        \&quot;online\&quot;: true\n    },\n    {\n        \&quot;programId\&quot;: 692,\n        \&quot;programName\&quot;: \&quot;Test2\&quot;,\n        \&quot;programDescription\&quot;: \&quot;Test1 API3\&quot;,\n        \&quot;online\&quot;: true\n    },\n    {\n        \&quot;programId\&quot;: 693,\n        \&quot;programName\&quot;: \&quot;Test2\&quot;,\n        \&quot;programDescription\&quot;: \&quot;Test1 API3\&quot;,\n        \&quot;online\&quot;: true\n    },\n    {\n        \&quot;programId\&quot;: 705,\n        \&quot;programName\&quot;: \&quot;soniya\&quot;,\n        \&quot;programDescription\&quot;: \&quot;soniya\&quot;,\n        \&quot;online\&quot;: true\n    },\n    {\n        \&quot;programId\&quot;: 698,\n        \&quot;programName\&quot;: \&quot;pythonseleniumjavaaws\&quot;,\n        \&quot;programDescription\&quot;: \&quot;sangitejalucky\&quot;,\n        \&quot;online\&quot;: true\n    },\n    {\n        \&quot;programId\&quot;: 715,\n        \&quot;programName\&quot;: \&quot;string\&quot;,\n        \&quot;programDescription\&quot;: \&quot;saranya\&quot;,\n        \&quot;online\&quot;: true\n    },\n    {\n        \&quot;programId\&quot;: 716,\n        \&quot;programName\&quot;: \&quot;string\&quot;,\n        \&quot;programDescription\&quot;: \&quot;saranya\&quot;,\n        \&quot;online\&quot;: true\n    },\n    {\n        \&quot;programId\&quot;: 719,\n        \&quot;programName\&quot;: \&quot;string\&quot;,\n        \&quot;programDescription\&quot;: \&quot;string\&quot;,\n        \&quot;online\&quot;: true\n    },\n    {\n        \&quot;programId\&quot;: 720,\n        \&quot;programName\&quot;: \&quot;Testing\&quot;,\n        \&quot;programDescription\&quot;: \&quot;Testing\&quot;,\n        \&quot;online\&quot;: true\n    },\n    {\n        \&quot;programId\&quot;: 721,\n        \&quot;programName\&quot;: \&quot;string\&quot;,\n        \&quot;programDescription\&quot;: \&quot;string\&quot;,\n        \&quot;online\&quot;: true\n    },\n    {\n        \&quot;programId\&quot;: 723,\n        \&quot;programName\&quot;: \&quot;testing\&quot;,\n        \&quot;programDescription\&quot;: \&quot;testing\&quot;,\n        \&quot;online\&quot;: true\n    },\n    {\n        \&quot;programId\&quot;: 725,\n        \&quot;programName\&quot;: \&quot;string type\&quot;,\n        \&quot;programDescription\&quot;: \&quot;string type\&quot;,\n        \&quot;online\&quot;: false\n    },\n    {\n        \&quot;programId\&quot;: 726,\n        \&quot;programName\&quot;: \&quot;string type\&quot;,\n        \&quot;programDescription\&quot;: \&quot;string type\&quot;,\n        \&quot;online\&quot;: false\n    },\n    {\n        \&quot;programId\&quot;: 727,\n        \&quot;programName\&quot;: \&quot;string type\&quot;,\n        \&quot;programDescription\&quot;: \&quot;string type\&quot;,\n        \&quot;online\&quot;: false\n    },\n    {\n        \&quot;programId\&quot;: 729,\n        \&quot;programName\&quot;: \&quot;testing\&quot;,\n        \&quot;programDescription\&quot;: \&quot;testing\&quot;,\n        \&quot;online\&quot;: true\n    },\n    {\n        \&quot;programId\&quot;: 730,\n        \&quot;programName\&quot;: \&quot;testing\&quot;,\n        \&quot;programDescription\&quot;: \&quot;testing\&quot;,\n        \&quot;online\&quot;: true\n    },\n    {\n        \&quot;programId\&quot;: 731,\n        \&quot;programName\&quot;: \&quot;testing\&quot;,\n        \&quot;programDescription\&quot;: \&quot;testing\&quot;,\n        \&quot;online\&quot;: true\n    },\n    {\n        \&quot;programId\&quot;: 732,\n        \&quot;programName\&quot;: \&quot;testing\&quot;,\n        \&quot;programDescription\&quot;: \&quot;testing\&quot;,\n        \&quot;online\&quot;: true\n    },\n    {\n        \&quot;programId\&quot;: 733,\n        \&quot;programName\&quot;: \&quot;testing\&quot;,\n        \&quot;programDescription\&quot;: \&quot;testing\&quot;,\n        \&quot;online\&quot;: true\n    },\n    {\n        \&quot;programId\&quot;: 734,\n        \&quot;programName\&quot;: \&quot;testing 70\&quot;,\n        \&quot;programDescription\&quot;: \&quot;testing 70\&quot;,\n        \&quot;online\&quot;: true\n    },\n    {\n        \&quot;programId\&quot;: 735,\n        \&quot;programName\&quot;: \&quot;testing\&quot;,\n        \&quot;programDescription\&quot;: \&quot;testing\&quot;,\n        \&quot;online\&quot;: true\n    },\n    {\n        \&quot;programId\&quot;: 736,\n        \&quot;programName\&quot;: \&quot;testing\&quot;,\n        \&quot;programDescription\&quot;: \&quot;testing\&quot;,\n        \&quot;online\&quot;: true\n    },\n    {\n        \&quot;programId\&quot;: 553,\n        \&quot;programName\&quot;: \&quot;Automation Tester\&quot;,\n        \&quot;programDescription\&quot;: \&quot;Tester Nisha\&quot;,\n        \&quot;online\&quot;: true\n    },\n    {\n        \&quot;programId\&quot;: 616,\n        \&quot;programName\&quot;: \&quot;scenary\&quot;,\n        \&quot;programDescription\&quot;: \&quot;pictures\&quot;,\n        \&quot;online\&quot;: true\n    },\n    {\n        \&quot;programId\&quot;: 737,\n        \&quot;programName\&quot;: \&quot;rose\&quot;,\n        \&quot;programDescription\&quot;: \&quot;Flowers\&quot;,\n        \&quot;online\&quot;: true\n    },\n    {\n        \&quot;programId\&quot;: 536,\n        \&quot;programName\&quot;: \&quot;SdetAutomationTesting\&quot;,\n        \&quot;programDescription\&quot;: \&quot;SeniorSdet\&quot;,\n        \&quot;online\&quot;: false\n    },\n    {\n        \&quot;programId\&quot;: 532,\n        \&quot;programName\&quot;: \&quot;postman nonexisting program id\&quot;,\n        \&quot;programDescription\&quot;: \&quot;testing nonexisting program id\&quot;,\n        \&quot;online\&quot;: true\n    },\n    {\n        \&quot;programId\&quot;: 738,\n        \&quot;programName\&quot;: \&quot;testing 70\&quot;,\n        \&quot;programDescription\&quot;: \&quot;testing 70\&quot;,\n        \&quot;online\&quot;: true\n    },\n    {\n        \&quot;programId\&quot;: 739,\n        \&quot;programName\&quot;: \&quot;testing 70\&quot;,\n        \&quot;programDescription\&quot;: \&quot;testing 70\&quot;,\n        \&quot;online\&quot;: true\n    },\n    {\n        \&quot;programId\&quot;: 740,\n        \&quot;programName\&quot;: \&quot;testing 70\&quot;,\n        \&quot;programDescription\&quot;: \&quot;testing 70\&quot;,\n        \&quot;online\&quot;: true\n    },\n    {\n        \&quot;programId\&quot;: 741,\n        \&quot;programName\&quot;: \&quot;testing 70\&quot;,\n        \&quot;programDescription\&quot;: \&quot;testing 70\&quot;,\n        \&quot;online\&quot;: true\n    },\n    {\n        \&quot;programId\&quot;: 743,\n        \&quot;programName\&quot;: \&quot;string\&quot;,\n        \&quot;programDescription\&quot;: \&quot;string\&quot;,\n        \&quot;online\&quot;: true\n    },\n    {\n        \&quot;programId\&quot;: 3758,\n        \&quot;programName\&quot;: \&quot;\\\&quot;Automation Testing\\\&quot;\&quot;,\n        \&quot;programDescription\&quot;: \&quot;\\\&quot;RestAssured\\\&quot;\&quot;,\n        \&quot;online\&quot;: false\n    },\n    {\n        \&quot;programId\&quot;: 872,\n        \&quot;programName\&quot;: \&quot;Testing modified\&quot;,\n        \&quot;programDescription\&quot;: \&quot;Testing modified\&quot;,\n        \&quot;online\&quot;: true\n    },\n    {\n        \&quot;programId\&quot;: 3759,\n        \&quot;programName\&quot;: \&quot;\\\&quot;Develeopment\\\&quot;\&quot;,\n        \&quot;programDescription\&quot;: \&quot;\\\&quot;Java\\\&quot;\&quot;,\n        \&quot;online\&quot;: false\n    },\n    {\n        \&quot;programId\&quot;: 873,\n        \&quot;programName\&quot;: \&quot;Testing\&quot;,\n        \&quot;programDescription\&quot;: \&quot;Testing\&quot;,\n        \&quot;online\&quot;: true\n    },\n    {\n        \&quot;programId\&quot;: 874,\n        \&quot;programName\&quot;: \&quot;Testing\&quot;,\n        \&quot;programDescription\&quot;: \&quot;Testing\&quot;,\n        \&quot;online\&quot;: true\n    },\n    {\n        \&quot;programId\&quot;: 871,\n        \&quot;programName\&quot;: \&quot;Java\&quot;,\n        \&quot;programDescription\&quot;: \&quot;Core Java\&quot;,\n        \&quot;online\&quot;: true\n    },\n    {\n        \&quot;programId\&quot;: 876,\n        \&quot;programName\&quot;: \&quot;Testing\&quot;,\n        \&quot;programDescription\&quot;: \&quot;Testing\&quot;,\n        \&quot;online\&quot;: true\n    },\n    {\n        \&quot;programId\&quot;: 742,\n        \&quot;programName\&quot;: \&quot;testing 742\&quot;,\n        \&quot;programDescription\&quot;: \&quot;testing 742\&quot;,\n        \&quot;online\&quot;: true\n    },\n    {\n        \&quot;programId\&quot;: 747,\n        \&quot;programName\&quot;: \&quot;testing 742\&quot;,\n        \&quot;programDescription\&quot;: \&quot;testing 742\&quot;,\n        \&quot;online\&quot;: true\n    },\n    {\n        \&quot;programId\&quot;: 748,\n        \&quot;programName\&quot;: \&quot;Oracle Training with  examples\&quot;,\n        \&quot;programDescription\&quot;: \&quot;Oracle In-depth training\&quot;,\n        \&quot;online\&quot;: true\n    },\n    {\n        \&quot;programId\&quot;: 749,\n        \&quot;programName\&quot;: \&quot;string\&quot;,\n        \&quot;programDescription\&quot;: \&quot;string\&quot;,\n        \&quot;online\&quot;: true\n    },\n    {\n        \&quot;programId\&quot;: 765,\n        \&quot;programName\&quot;: \&quot;cucumber training\&quot;,\n        \&quot;programDescription\&quot;: \&quot;Test description\&quot;,\n        \&quot;online\&quot;: true\n    },\n    {\n        \&quot;programId\&quot;: 7339,\n        \&quot;programName\&quot;: \&quot;Testing test\&quot;,\n        \&quot;programDescription\&quot;: \&quot;Testing modified\&quot;,\n        \&quot;online\&quot;: true\n    },\n    {\n        \&quot;programId\&quot;: 9225,\n        \&quot;programName\&quot;: \&quot;VideoGame\&quot;,\n        \&quot;programDescription\&quot;: \&quot;user friendly\&quot;,\n        \&quot;online\&quot;: true\n    },\n    {\n        \&quot;programId\&quot;: 753,\n        \&quot;programName\&quot;: \&quot;string\&quot;,\n        \&quot;programDescription\&quot;: \&quot;string\&quot;,\n        \&quot;online\&quot;: true\n    },\n    {\n        \&quot;programId\&quot;: 7429,\n        \&quot;programName\&quot;: \&quot;string\&quot;,\n        \&quot;programDescription\&quot;: \&quot;string\&quot;,\n        \&quot;online\&quot;: true\n    },\n    {\n        \&quot;programId\&quot;: 4675,\n        \&quot;programName\&quot;: \&quot;test case\&quot;,\n        \&quot;programDescription\&quot;: \&quot;test case\&quot;,\n        \&quot;online\&quot;: true\n    },\n    {\n        \&quot;programId\&quot;: 757,\n        \&quot;programName\&quot;: \&quot;Selenium\&quot;,\n        \&quot;programDescription\&quot;: \&quot;Selenium Java\&quot;,\n        \&quot;online\&quot;: true\n    },\n    {\n        \&quot;programId\&quot;: 7442,\n        \&quot;programName\&quot;: \&quot;string\&quot;,\n        \&quot;programDescription\&quot;: \&quot;string\&quot;,\n        \&quot;online\&quot;: true\n    },\n    {\n        \&quot;programId\&quot;: 901,\n        \&quot;programName\&quot;: \&quot;QUALTY ASSUANCE\&quot;,\n        \&quot;programDescription\&quot;: \&quot;Automation testing\&quot;,\n        \&quot;online\&quot;: true\n    },\n    {\n        \&quot;programId\&quot;: 875,\n        \&quot;programName\&quot;: \&quot;Testing modified\&quot;,\n        \&quot;programDescription\&quot;: \&quot;Testing modified\&quot;,\n        \&quot;online\&quot;: true\n    },\n    {\n        \&quot;programId\&quot;: 760,\n        \&quot;programName\&quot;: \&quot;Testing modified\&quot;,\n        \&quot;programDescription\&quot;: \&quot;Testing modified\&quot;,\n        \&quot;online\&quot;: true\n    },\n    {\n        \&quot;programId\&quot;: 761,\n        \&quot;programName\&quot;: \&quot;ApiTesting\&quot;,\n        \&quot;programDescription\&quot;: \&quot;ApiTesting\&quot;,\n        \&quot;online\&quot;: true\n    },\n    {\n        \&quot;programId\&quot;: 763,\n        \&quot;programName\&quot;: \&quot;ApiTesting\&quot;,\n        \&quot;programDescription\&quot;: \&quot;Selenium\&quot;,\n        \&quot;online\&quot;: true\n    },\n    {\n        \&quot;programId\&quot;: 926,\n        \&quot;programName\&quot;: \&quot;Scrum Master\&quot;,\n        \&quot;programDescription\&quot;: \&quot;Agile\&quot;,\n        \&quot;online\&quot;: true\n    },\n    {\n        \&quot;programId\&quot;: 769,\n        \&quot;programName\&quot;: \&quot;string\&quot;,\n        \&quot;programDescription\&quot;: \&quot;string\&quot;,\n        \&quot;online\&quot;: true\n    },\n    {\n        \&quot;programId\&quot;: 770,\n        \&quot;programName\&quot;: \&quot;Testing\&quot;,\n        \&quot;programDescription\&quot;: \&quot;Testing\&quot;,\n        \&quot;online\&quot;: true\n    },\n    {\n        \&quot;programId\&quot;: 771,\n        \&quot;programName\&quot;: \&quot;Testing modified\&quot;,\n        \&quot;programDescription\&quot;: \&quot;Testing modified\&quot;,\n        \&quot;online\&quot;: true\n    },\n    {\n        \&quot;programId\&quot;: 772,\n        \&quot;programName\&quot;: \&quot;string\&quot;,\n        \&quot;programDescription\&quot;: \&quot;string\&quot;,\n        \&quot;online\&quot;: true\n    },\n    {\n        \&quot;programId\&quot;: 773,\n        \&quot;programName\&quot;: \&quot;Testing\&quot;,\n        \&quot;programDescription\&quot;: \&quot;Testing\&quot;,\n        \&quot;online\&quot;: true\n    },\n    {\n        \&quot;programId\&quot;: 774,\n        \&quot;programName\&quot;: \&quot;BA\&quot;,\n        \&quot;programDescription\&quot;: \&quot;BA\&quot;,\n        \&quot;online\&quot;: true\n    },\n    {\n        \&quot;programId\&quot;: 775,\n        \&quot;programName\&quot;: \&quot;string\&quot;,\n        \&quot;programDescription\&quot;: \&quot;string\&quot;,\n        \&quot;online\&quot;: true\n    },\n    {\n        \&quot;programId\&quot;: 776,\n        \&quot;programName\&quot;: \&quot;string\&quot;,\n        \&quot;programDescription\&quot;: \&quot;string\&quot;,\n        \&quot;online\&quot;: true\n    },\n    {\n        \&quot;programId\&quot;: 777,\n        \&quot;programName\&quot;: \&quot;string\&quot;,\n        \&quot;programDescription\&quot;: \&quot;string\&quot;,\n        \&quot;online\&quot;: true\n    },\n    {\n        \&quot;programId\&quot;: 778,\n        \&quot;programName\&quot;: \&quot;string\&quot;,\n        \&quot;programDescription\&quot;: \&quot;string\&quot;,\n        \&quot;online\&quot;: true\n    },\n    {\n        \&quot;programId\&quot;: 779,\n        \&quot;programName\&quot;: \&quot;string\&quot;,\n        \&quot;programDescription\&quot;: \&quot;string\&quot;,\n        \&quot;online\&quot;: true\n    },\n    {\n        \&quot;programId\&quot;: 780,\n        \&quot;programName\&quot;: \&quot;string\&quot;,\n        \&quot;programDescription\&quot;: \&quot;string\&quot;,\n        \&quot;online\&quot;: true\n    },\n    {\n        \&quot;programId\&quot;: 781,\n        \&quot;programName\&quot;: \&quot;string\&quot;,\n        \&quot;programDescription\&quot;: \&quot;string\&quot;,\n        \&quot;online\&quot;: true\n    },\n    {\n        \&quot;programId\&quot;: 783,\n        \&quot;programName\&quot;: \&quot;test\&quot;,\n        \&quot;programDescription\&quot;: \&quot;test\&quot;,\n        \&quot;online\&quot;: true\n    },\n    {\n        \&quot;programId\&quot;: 784,\n        \&quot;programName\&quot;: \&quot;JAVA training\&quot;,\n        \&quot;programDescription\&quot;: \&quot;JAVA training\&quot;,\n        \&quot;online\&quot;: true\n    },\n    {\n        \&quot;programId\&quot;: 785,\n        \&quot;programName\&quot;: \&quot;JAVA training\&quot;,\n        \&quot;programDescription\&quot;: \&quot;JAVA training\&quot;,\n        \&quot;online\&quot;: true\n    },\n    {\n        \&quot;programId\&quot;: 817,\n        \&quot;programName\&quot;: \&quot;string\&quot;,\n        \&quot;programDescription\&quot;: \&quot;string\&quot;,\n        \&quot;online\&quot;: true\n    },\n    {\n        \&quot;programId\&quot;: 818,\n        \&quot;programName\&quot;: \&quot;string\&quot;,\n        \&quot;programDescription\&quot;: \&quot;string\&quot;,\n        \&quot;online\&quot;: true\n    },\n    {\n        \&quot;programId\&quot;: 819,\n        \&quot;programName\&quot;: \&quot;string\&quot;,\n        \&quot;programDescription\&quot;: \&quot;string\&quot;,\n        \&quot;online\&quot;: true\n    },\n    {\n        \&quot;programId\&quot;: 820,\n        \&quot;programName\&quot;: \&quot;string\&quot;,\n        \&quot;programDescription\&quot;: \&quot;string\&quot;,\n        \&quot;online\&quot;: true\n    },\n    {\n        \&quot;programId\&quot;: 821,\n        \&quot;programName\&quot;: \&quot;cucumber learning\&quot;,\n        \&quot;programDescription\&quot;: \&quot;cucumber learning\&quot;,\n        \&quot;online\&quot;: false\n    },\n    {\n        \&quot;programId\&quot;: 822,\n        \&quot;programName\&quot;: \&quot;string\&quot;,\n        \&quot;programDescription\&quot;: \&quot;string\&quot;,\n        \&quot;online\&quot;: true\n    },\n    {\n        \&quot;programId\&quot;: 823,\n        \&quot;programName\&quot;: \&quot;string\&quot;,\n        \&quot;programDescription\&quot;: \&quot;string\&quot;,\n        \&quot;online\&quot;: true\n    },\n    {\n        \&quot;programId\&quot;: 824,\n        \&quot;programName\&quot;: \&quot;string\&quot;,\n        \&quot;programDescription\&quot;: \&quot;int\&quot;,\n        \&quot;online\&quot;: true\n    },\n    {\n        \&quot;programId\&quot;: 825,\n        \&quot;programName\&quot;: \&quot;string\&quot;,\n        \&quot;programDescription\&quot;: \&quot;string\&quot;,\n        \&quot;online\&quot;: true\n    },\n    {\n        \&quot;programId\&quot;: 826,\n        \&quot;programName\&quot;: \&quot;ASB Company\&quot;,\n        \&quot;programDescription\&quot;: \&quot;SDET\&quot;,\n        \&quot;online\&quot;: true\n    },\n    {\n        \&quot;programId\&quot;: 827,\n        \&quot;programName\&quot;: \&quot;Viku Company\&quot;,\n        \&quot;programDescription\&quot;: \&quot;Data Analyst\&quot;,\n        \&quot;online\&quot;: true\n    },\n    {\n        \&quot;programId\&quot;: 829,\n        \&quot;programName\&quot;: \&quot;string\&quot;,\n        \&quot;programDescription\&quot;: \&quot;string\&quot;,\n        \&quot;online\&quot;: true\n    },\n    {\n        \&quot;programId\&quot;: 830,\n        \&quot;programName\&quot;: \&quot;string\&quot;,\n        \&quot;programDescription\&quot;: \&quot;string\&quot;,\n        \&quot;online\&quot;: true\n    },\n    {\n        \&quot;programId\&quot;: 831,\n        \&quot;programName\&quot;: \&quot;string\&quot;,\n        \&quot;programDescription\&quot;: \&quot;string\&quot;,\n        \&quot;online\&quot;: true\n    },\n    {\n        \&quot;programId\&quot;: 832,\n        \&quot;programName\&quot;: \&quot;string\&quot;,\n        \&quot;programDescription\&quot;: \&quot;string\&quot;,\n        \&quot;online\&quot;: true\n    },\n    {\n        \&quot;programId\&quot;: 833,\n        \&quot;programName\&quot;: \&quot;string\&quot;,\n        \&quot;programDescription\&quot;: \&quot;string\&quot;,\n        \&quot;online\&quot;: true\n    },\n    {\n        \&quot;programId\&quot;: 834,\n        \&quot;programName\&quot;: \&quot;string\&quot;,\n        \&quot;programDescription\&quot;: \&quot;string\&quot;,\n        \&quot;online\&quot;: true\n    },\n    {\n        \&quot;programId\&quot;: 835,\n        \&quot;programName\&quot;: \&quot;Testing\&quot;,\n        \&quot;programDescription\&quot;: \&quot;Testing\&quot;,\n        \&quot;online\&quot;: true\n    },\n    {\n        \&quot;programId\&quot;: 836,\n        \&quot;programName\&quot;: \&quot;Testing\&quot;,\n        \&quot;programDescription\&quot;: \&quot;Testing\&quot;,\n        \&quot;online\&quot;: true\n    },\n    {\n        \&quot;programId\&quot;: 837,\n        \&quot;programName\&quot;: \&quot;Testing\&quot;,\n        \&quot;programDescription\&quot;: \&quot;Testing\&quot;,\n        \&quot;online\&quot;: true\n    },\n    {\n        \&quot;programId\&quot;: 839,\n        \&quot;programName\&quot;: \&quot;Testing\&quot;,\n        \&quot;programDescription\&quot;: \&quot;Testing\&quot;,\n        \&quot;online\&quot;: true\n    },\n    {\n        \&quot;programId\&quot;: 840,\n        \&quot;programName\&quot;: \&quot;Testing\&quot;,\n        \&quot;programDescription\&quot;: \&quot;Testing\&quot;,\n        \&quot;online\&quot;: true\n    },\n    {\n        \&quot;programId\&quot;: 841,\n        \&quot;programName\&quot;: \&quot;string\&quot;,\n        \&quot;programDescription\&quot;: \&quot;string\&quot;,\n        \&quot;online\&quot;: true\n    },\n    {\n        \&quot;programId\&quot;: 842,\n        \&quot;programName\&quot;: \&quot;string\&quot;,\n        \&quot;programDescription\&quot;: \&quot;string\&quot;,\n        \&quot;online\&quot;: true\n    },\n    {\n        \&quot;programId\&quot;: 844,\n        \&quot;programName\&quot;: \&quot;Testing\&quot;,\n        \&quot;programDescription\&quot;: \&quot;Testing\&quot;,\n        \&quot;online\&quot;: true\n    },\n    {\n        \&quot;programId\&quot;: 845,\n        \&quot;programName\&quot;: \&quot;Testing-ya\&quot;,\n        \&quot;programDescription\&quot;: \&quot;Testing-ya\&quot;,\n        \&quot;online\&quot;: true\n    },\n    {\n        \&quot;programId\&quot;: 846,\n        \&quot;programName\&quot;: \&quot;testing\&quot;,\n        \&quot;programDescription\&quot;: \&quot;testing\&quot;,\n        \&quot;online\&quot;: true\n    },\n    {\n        \&quot;programId\&quot;: 847,\n        \&quot;programName\&quot;: \&quot;Testing\&quot;,\n        \&quot;programDescription\&quot;: \&quot;Testing\&quot;,\n        \&quot;online\&quot;: true\n    },\n    {\n        \&quot;programId\&quot;: 848,\n        \&quot;programName\&quot;: \&quot;Testing modified\&quot;,\n        \&quot;programDescription\&quot;: \&quot;Testing modified\&quot;,\n        \&quot;online\&quot;: true\n    },\n    {\n        \&quot;programId\&quot;: 849,\n        \&quot;programName\&quot;: \&quot;Testing\&quot;,\n        \&quot;programDescription\&quot;: \&quot;Testing\&quot;,\n        \&quot;online\&quot;: true\n    },\n    {\n        \&quot;programId\&quot;: 850,\n        \&quot;programName\&quot;: \&quot;Testing modified\&quot;,\n        \&quot;programDescription\&quot;: \&quot;Testing modified\&quot;,\n        \&quot;online\&quot;: true\n    },\n    {\n        \&quot;programId\&quot;: 851,\n        \&quot;programName\&quot;: \&quot;Testing\&quot;,\n        \&quot;programDescription\&quot;: \&quot;Testing\&quot;,\n        \&quot;online\&quot;: true\n    },\n    {\n        \&quot;programId\&quot;: 852,\n        \&quot;programName\&quot;: \&quot;Testing modified-ya\&quot;,\n        \&quot;programDescription\&quot;: \&quot;Testing modified in postman\&quot;,\n        \&quot;online\&quot;: true\n    },\n    {\n        \&quot;programId\&quot;: 854,\n        \&quot;programName\&quot;: \&quot;string\&quot;,\n        \&quot;programDescription\&quot;: \&quot;string\&quot;,\n        \&quot;online\&quot;: true\n    },\n    {\n        \&quot;programId\&quot;: 855,\n        \&quot;programName\&quot;: \&quot;string\&quot;,\n        \&quot;programDescription\&quot;: \&quot;string\&quot;,\n        \&quot;online\&quot;: true\n    },\n    {\n        \&quot;programId\&quot;: 859,\n        \&quot;programName\&quot;: \&quot;Testing\&quot;,\n        \&quot;programDescription\&quot;: \&quot;Testing\&quot;,\n        \&quot;online\&quot;: true\n    },\n    {\n        \&quot;programId\&quot;: 860,\n        \&quot;programName\&quot;: \&quot;Testing modified\&quot;,\n        \&quot;programDescription\&quot;: \&quot;Testing modified\&quot;,\n        \&quot;online\&quot;: true\n    },\n    {\n        \&quot;programId\&quot;: 861,\n        \&quot;programName\&quot;: \&quot;Testing modified\&quot;,\n        \&quot;programDescription\&quot;: \&quot;Testing modified\&quot;,\n        \&quot;online\&quot;: true\n    },\n    {\n        \&quot;programId\&quot;: 864,\n        \&quot;programName\&quot;: \&quot;Testing modified\&quot;,\n        \&quot;programDescription\&quot;: \&quot;Testing modified\&quot;,\n        \&quot;online\&quot;: true\n    },\n    {\n        \&quot;programId\&quot;: 858,\n        \&quot;programName\&quot;: \&quot;Testing modified\&quot;,\n        \&quot;programDescription\&quot;: \&quot;Testing modified\&quot;,\n        \&quot;online\&quot;: true\n    },\n    {\n        \&quot;programId\&quot;: 868,\n        \&quot;programName\&quot;: \&quot;Testing modified\&quot;,\n        \&quot;programDescription\&quot;: \&quot;Testing modified\&quot;,\n        \&quot;online\&quot;: true\n    },\n    {\n        \&quot;programId\&quot;: 869,\n        \&quot;programName\&quot;: \&quot;Testing modified\&quot;,\n        \&quot;programDescription\&quot;: \&quot;Testing modified\&quot;,\n        \&quot;online\&quot;: true\n    },\n    {\n        \&quot;programId\&quot;: 870,\n        \&quot;programName\&quot;: \&quot;Testing modified\&quot;,\n        \&quot;programDescription\&quot;: \&quot;Testing modified\&quot;,\n        \&quot;online\&quot;: true\n    },\n    {\n        \&quot;programId\&quot;: 865,\n        \&quot;programName\&quot;: \&quot;Testing modified\&quot;,\n        \&quot;programDescription\&quot;: \&quot;Testing modified\&quot;,\n        \&quot;online\&quot;: true\n    },\n    {\n        \&quot;programId\&quot;: 878,\n        \&quot;programName\&quot;: \&quot;Testing\&quot;,\n        \&quot;programDescription\&quot;: \&quot;Testing\&quot;,\n        \&quot;online\&quot;: true\n    },\n    {\n        \&quot;programId\&quot;: 903,\n        \&quot;programName\&quot;: \&quot;string\&quot;,\n        \&quot;programDescription\&quot;: \&quot;string\&quot;,\n        \&quot;online\&quot;: true\n    },\n    {\n        \&quot;programId\&quot;: 879,\n        \&quot;programName\&quot;: \&quot;Testing\&quot;,\n        \&quot;programDescription\&quot;: \&quot;Testing\&quot;,\n        \&quot;online\&quot;: true\n    },\n    {\n        \&quot;programId\&quot;: 880,\n        \&quot;programName\&quot;: \&quot;SDET\&quot;,\n        \&quot;programDescription\&quot;: \&quot;Testing\&quot;,\n        \&quot;online\&quot;: true\n    },\n    {\n        \&quot;programId\&quot;: 882,\n        \&quot;programName\&quot;: \&quot;SDET\&quot;,\n        \&quot;programDescription\&quot;: \&quot;sdet testing\&quot;,\n        \&quot;online\&quot;: true\n    },\n    {\n        \&quot;programId\&quot;: 883,\n        \&quot;programName\&quot;: \&quot;SDET\&quot;,\n        \&quot;programDescription\&quot;: \&quot;sdet testing\&quot;,\n        \&quot;online\&quot;: true\n    },\n    {\n        \&quot;programId\&quot;: 884,\n        \&quot;programName\&quot;: \&quot;Testing\&quot;,\n        \&quot;programDescription\&quot;: \&quot;Testing\&quot;,\n        \&quot;online\&quot;: true\n    },\n    {\n        \&quot;programId\&quot;: 886,\n        \&quot;programName\&quot;: \&quot;Testing modified\&quot;,\n        \&quot;programDescription\&quot;: \&quot;SDET 17\&quot;,\n        \&quot;online\&quot;: true\n    },\n    {\n        \&quot;programId\&quot;: 887,\n        \&quot;programName\&quot;: \&quot;Testing modified\&quot;,\n        \&quot;programDescription\&quot;: \&quot;SDET 17\&quot;,\n        \&quot;online\&quot;: true\n    },\n    {\n        \&quot;programId\&quot;: 888,\n        \&quot;programName\&quot;: \&quot;Testing modified\&quot;,\n        \&quot;programDescription\&quot;: \&quot;SDET 17\&quot;,\n        \&quot;online\&quot;: true\n    },\n    {\n        \&quot;programId\&quot;: 889,\n        \&quot;programName\&quot;: \&quot;Testing modified\&quot;,\n        \&quot;programDescription\&quot;: \&quot;SDET 17\&quot;,\n        \&quot;online\&quot;: true\n    },\n    {\n        \&quot;programId\&quot;: 891,\n        \&quot;programName\&quot;: \&quot;Testing\&quot;,\n        \&quot;programDescription\&quot;: \&quot;Testing\&quot;,\n        \&quot;online\&quot;: true\n    },\n    {\n        \&quot;programId\&quot;: 893,\n        \&quot;programName\&quot;: \&quot;API TEST\&quot;,\n        \&quot;programDescription\&quot;: \&quot;SECOND TEST\&quot;,\n        \&quot;online\&quot;: true\n    },\n    {\n        \&quot;programId\&quot;: 894,\n        \&quot;programName\&quot;: \&quot;API TEST\&quot;,\n        \&quot;programDescription\&quot;: \&quot;SECOND TEST\&quot;,\n        \&quot;online\&quot;: true\n    },\n    {\n        \&quot;programId\&quot;: 895,\n        \&quot;programName\&quot;: \&quot;string\&quot;,\n        \&quot;programDescription\&quot;: \&quot;string\&quot;,\n        \&quot;online\&quot;: true\n    },\n    {\n        \&quot;programId\&quot;: 898,\n        \&quot;programName\&quot;: \&quot;API TEST\&quot;,\n        \&quot;programDescription\&quot;: \&quot;SECOND TEST\&quot;,\n        \&quot;online\&quot;: true\n    },\n    {\n        \&quot;programId\&quot;: 899,\n        \&quot;programName\&quot;: \&quot;API TEST\&quot;,\n        \&quot;programDescription\&quot;: \&quot;SECOND TEST\&quot;,\n        \&quot;online\&quot;: true\n    },\n    {\n        \&quot;programId\&quot;: 904,\n        \&quot;programName\&quot;: \&quot;string\&quot;,\n        \&quot;programDescription\&quot;: \&quot;string\&quot;,\n        \&quot;online\&quot;: true\n    },\n    {\n        \&quot;programId\&quot;: 905,\n        \&quot;programName\&quot;: \&quot;string\&quot;,\n        \&quot;programDescription\&quot;: \&quot;string\&quot;,\n        \&quot;online\&quot;: true\n    },\n    {\n        \&quot;programId\&quot;: 906,\n        \&quot;programName\&quot;: \&quot;string\&quot;,\n        \&quot;programDescription\&quot;: \&quot;string\&quot;,\n        \&quot;online\&quot;: true\n    },\n    {\n        \&quot;programId\&quot;: 907,\n        \&quot;programName\&quot;: \&quot;string\&quot;,\n        \&quot;programDescription\&quot;: \&quot;string\&quot;,\n        \&quot;online\&quot;: true\n    },\n    {\n        \&quot;programId\&quot;: 908,\n        \&quot;programName\&quot;: \&quot;string\&quot;,\n        \&quot;programDescription\&quot;: \&quot;string\&quot;,\n        \&quot;online\&quot;: true\n    },\n    {\n        \&quot;programId\&quot;: 909,\n        \&quot;programName\&quot;: \&quot;string\&quot;,\n        \&quot;programDescription\&quot;: \&quot;string\&quot;,\n        \&quot;online\&quot;: true\n    },\n    {\n        \&quot;programId\&quot;: 910,\n        \&quot;programName\&quot;: \&quot;string\&quot;,\n        \&quot;programDescription\&quot;: \&quot;string\&quot;,\n        \&quot;online\&quot;: true\n    },\n    {\n        \&quot;programId\&quot;: 911,\n        \&quot;programName\&quot;: \&quot;string\&quot;,\n        \&quot;programDescription\&quot;: \&quot;string\&quot;,\n        \&quot;online\&quot;: true\n    },\n    {\n        \&quot;programId\&quot;: 912,\n        \&quot;programName\&quot;: \&quot;string\&quot;,\n        \&quot;programDescription\&quot;: \&quot;string\&quot;,\n        \&quot;online\&quot;: true\n    },\n    {\n        \&quot;programId\&quot;: 913,\n        \&quot;programName\&quot;: \&quot;string\&quot;,\n        \&quot;programDescription\&quot;: \&quot;string\&quot;,\n        \&quot;online\&quot;: true\n    },\n    {\n        \&quot;programId\&quot;: 915,\n        \&quot;programName\&quot;: \&quot;SDET\&quot;,\n        \&quot;programDescription\&quot;: \&quot;Testing\&quot;,\n        \&quot;online\&quot;: true\n    },\n    {\n        \&quot;programId\&quot;: 917,\n        \&quot;programName\&quot;: \&quot;Testing modified\&quot;,\n        \&quot;programDescription\&quot;: \&quot;SDET 17\&quot;,\n        \&quot;online\&quot;: true\n    },\n    {\n        \&quot;programId\&quot;: 916,\n        \&quot;programName\&quot;: \&quot;put\&quot;,\n        \&quot;programDescription\&quot;: \&quot;PUT request\&quot;,\n        \&quot;online\&quot;: true\n    },\n    {\n        \&quot;programId\&quot;: 918,\n        \&quot;programName\&quot;: \&quot;Testing modified\&quot;,\n        \&quot;programDescription\&quot;: \&quot;SDET 17\&quot;,\n        \&quot;online\&quot;: true\n    },\n    {\n        \&quot;programId\&quot;: 919,\n        \&quot;programName\&quot;: \&quot;Testing modified\&quot;,\n        \&quot;programDescription\&quot;: \&quot;SDET 17\&quot;,\n        \&quot;online\&quot;: true\n    },\n    {\n        \&quot;programId\&quot;: 920,\n        \&quot;programName\&quot;: \&quot;Testing modified\&quot;,\n        \&quot;programDescription\&quot;: \&quot;SDET 17\&quot;,\n        \&quot;online\&quot;: true\n    },\n    {\n        \&quot;programId\&quot;: 928,\n        \&quot;programName\&quot;: \&quot;swagger_rest_roopa\&quot;,\n        \&quot;programDescription\&quot;: \&quot;API_14\&quot;,\n        \&quot;online\&quot;: true\n    },\n    {\n        \&quot;programId\&quot;: 930,\n        \&quot;programName\&quot;: \&quot;string\&quot;,\n        \&quot;programDescription\&quot;: \&quot;string\&quot;,\n        \&quot;online\&quot;: true\n    },\n    {\n        \&quot;programId\&quot;: 932,\n        \&quot;programName\&quot;: \&quot;string\&quot;,\n        \&quot;programDescription\&quot;: \&quot;string\&quot;,\n        \&quot;online\&quot;: true\n    },\n    {\n        \&quot;programId\&quot;: 762,\n        \&quot;programName\&quot;: \&quot;123.JAVA\&quot;,\n        \&quot;programDescription\&quot;: \&quot;JAVACLASS\&quot;,\n        \&quot;online\&quot;: true\n    },\n    {\n        \&quot;programId\&quot;: 754,\n        \&quot;programName\&quot;: \&quot;online field testing\&quot;,\n        \&quot;programDescription\&quot;: \&quot;entered with numbers\&quot;,\n        \&quot;online\&quot;: true\n    },\n    {\n        \&quot;programId\&quot;: 933,\n        \&quot;programName\&quot;: \&quot;Good morning\&quot;,\n        \&quot;programDescription\&quot;: \&quot;hi\&quot;,\n        \&quot;online\&quot;: true\n    },\n    {\n        \&quot;programId\&quot;: 934,\n        \&quot;programName\&quot;: \&quot;Testing\&quot;,\n        \&quot;programDescription\&quot;: \&quot;Testing\&quot;,\n        \&quot;online\&quot;: true\n    },\n    {\n        \&quot;programId\&quot;: 935,\n        \&quot;programName\&quot;: \&quot;QA30\&quot;,\n        \&quot;programDescription\&quot;: \&quot;QA automation\&quot;,\n        \&quot;online\&quot;: false\n    },\n    {\n        \&quot;programId\&quot;: 936,\n        \&quot;programName\&quot;: \&quot;QA30\&quot;,\n        \&quot;programDescription\&quot;: \&quot;QA automation\&quot;,\n        \&quot;online\&quot;: false\n    },\n    {\n        \&quot;programId\&quot;: 937,\n        \&quot;programName\&quot;: \&quot;QA30\&quot;,\n        \&quot;programDescription\&quot;: \&quot;QA automation\&quot;,\n        \&quot;online\&quot;: false\n    },\n    {\n        \&quot;programId\&quot;: 938,\n        \&quot;programName\&quot;: \&quot;QA30\&quot;,\n        \&quot;programDescription\&quot;: \&quot;QA automation\&quot;,\n        \&quot;online\&quot;: false\n    },\n    {\n        \&quot;programId\&quot;: 939,\n        \&quot;programName\&quot;: \&quot;QA30\&quot;,\n        \&quot;programDescription\&quot;: \&quot;QA automation\&quot;,\n        \&quot;online\&quot;: false\n    },\n    {\n        \&quot;programId\&quot;: 940,\n        \&quot;programName\&quot;: \&quot;QA33\&quot;,\n        \&quot;programDescription\&quot;: \&quot;QA automation\&quot;,\n        \&quot;online\&quot;: false\n    },\n    {\n        \&quot;programId\&quot;: 941,\n        \&quot;programName\&quot;: \&quot;QA33\&quot;,\n        \&quot;programDescription\&quot;: \&quot;QA automation\&quot;,\n        \&quot;online\&quot;: false\n    },\n    {\n        \&quot;programId\&quot;: 942,\n        \&quot;programName\&quot;: \&quot;QA33\&quot;,\n        \&quot;programDescription\&quot;: \&quot;QA automation\&quot;,\n        \&quot;online\&quot;: false\n    },\n    {\n        \&quot;programId\&quot;: 943,\n        \&quot;programName\&quot;: \&quot;SDET100\&quot;,\n        \&quot;programDescription\&quot;: \&quot;SDET\&quot;,\n        \&quot;online\&quot;: false\n    },\n    {\n        \&quot;programId\&quot;: 944,\n        \&quot;programName\&quot;: \&quot;DS100\&quot;,\n        \&quot;programDescription\&quot;: \&quot;DS\&quot;,\n        \&quot;online\&quot;: false\n    },\n    {\n        \&quot;programId\&quot;: 945,\n        \&quot;programName\&quot;: \&quot;Software Development in Test\&quot;,\n        \&quot;programDescription\&quot;: \&quot;SDET100\&quot;,\n        \&quot;online\&quot;: false\n    },\n    {\n        \&quot;programId\&quot;: 946,\n        \&quot;programName\&quot;: \&quot;Data Science\&quot;,\n        \&quot;programDescription\&quot;: \&quot;DS100\&quot;,\n        \&quot;online\&quot;: false\n    },\n    {\n        \&quot;programId\&quot;: 947,\n        \&quot;programName\&quot;: \&quot;Software Development in Test\&quot;,\n        \&quot;programDescription\&quot;: \&quot;SDET200\&quot;,\n        \&quot;online\&quot;: false\n    },\n    {\n        \&quot;programId\&quot;: 949,\n        \&quot;programName\&quot;: \&quot;Software Development in Test\&quot;,\n        \&quot;programDescription\&quot;: \&quot;SDET101\&quot;,\n        \&quot;online\&quot;: false\n    },\n    {\n        \&quot;programId\&quot;: 950,\n        \&quot;programName\&quot;: \&quot;Data Science\&quot;,\n        \&quot;programDescription\&quot;: \&quot;DS101\&quot;,\n        \&quot;online\&quot;: false\n    },\n    {\n        \&quot;programId\&quot;: 951,\n        \&quot;programName\&quot;: \&quot;Software Development in Test\&quot;,\n        \&quot;programDescription\&quot;: \&quot;SDET201\&quot;,\n        \&quot;online\&quot;: false\n    },\n    {\n        \&quot;programId\&quot;: 952,\n        \&quot;programName\&quot;: \&quot;Data Science\&quot;,\n        \&quot;programDescription\&quot;: \&quot;DS201\&quot;,\n        \&quot;online\&quot;: false\n    },\n    {\n        \&quot;programId\&quot;: 953,\n        \&quot;programName\&quot;: \&quot;Software Development in Test\&quot;,\n        \&quot;programDescription\&quot;: \&quot;SDET102\&quot;,\n        \&quot;online\&quot;: false\n    },\n    {\n        \&quot;programId\&quot;: 954,\n        \&quot;programName\&quot;: \&quot;Data Science\&quot;,\n        \&quot;programDescription\&quot;: \&quot;DS102\&quot;,\n        \&quot;online\&quot;: false\n    },\n    {\n        \&quot;programId\&quot;: 955,\n        \&quot;programName\&quot;: \&quot;Software Development in Test\&quot;,\n        \&quot;programDescription\&quot;: \&quot;SDET202\&quot;,\n        \&quot;online\&quot;: false\n    },\n    {\n        \&quot;programId\&quot;: 956,\n        \&quot;programName\&quot;: \&quot;Data Science\&quot;,\n        \&quot;programDescription\&quot;: \&quot;DS202\&quot;,\n        \&quot;online\&quot;: false\n    },\n    {\n        \&quot;programId\&quot;: 3760,\n        \&quot;programName\&quot;: \&quot;\\\&quot;Project Management\\\&quot;\&quot;,\n        \&quot;programDescription\&quot;: \&quot;\\\&quot;scrum master\\\&quot;\&quot;,\n        \&quot;online\&quot;: false\n    },\n    {\n        \&quot;programId\&quot;: 3761,\n        \&quot;programName\&quot;: \&quot;Automation Testing\&quot;,\n        \&quot;programDescription\&quot;: \&quot;RestAssured\&quot;,\n        \&quot;online\&quot;: true\n    },\n    {\n        \&quot;programId\&quot;: 959,\n        \&quot;programName\&quot;: \&quot;SDET\&quot;,\n        \&quot;programDescription\&quot;: \&quot;SDET Training\&quot;,\n        \&quot;online\&quot;: true\n    },\n    {\n        \&quot;programId\&quot;: 960,\n        \&quot;programName\&quot;: \&quot;DataScience\&quot;,\n        \&quot;programDescription\&quot;: \&quot;Data Science\&quot;,\n        \&quot;online\&quot;: false\n    },\n    {\n        \&quot;programId\&quot;: 961,\n        \&quot;programName\&quot;: \&quot;API Testing Developer\&quot;,\n        \&quot;programDescription\&quot;: \&quot;Automation testing for POST method\&quot;,\n        \&quot;online\&quot;: true\n    },\n    {\n        \&quot;programId\&quot;: 3829,\n        \&quot;programName\&quot;: \&quot;Rest Assured Project\&quot;,\n        \&quot;programDescription\&quot;: \&quot;Selenium completed batches start automation\&quot;,\n        \&quot;online\&quot;: false\n    },\n    {\n        \&quot;programId\&quot;: 3830,\n        \&quot;programName\&quot;: \&quot;Rest Assured Project Modified\&quot;,\n        \&quot;programDescription\&quot;: \&quot;Selenium completed batches start automation Modified\&quot;,\n        \&quot;online\&quot;: false\n    },\n    {\n        \&quot;programId\&quot;: 9226,\n        \&quot;programName\&quot;: \&quot;Assistantabc\&quot;,\n        \&quot;programDescription\&quot;: \&quot;Tuesday_PN\&quot;,\n        \&quot;online\&quot;: true\n    },\n    {\n        \&quot;programId\&quot;: 1087,\n        \&quot;programName\&quot;: \&quot;Prek\&quot;,\n        \&quot;programDescription\&quot;: \&quot;India\&quot;,\n        \&quot;online\&quot;: true\n    },\n    {\n        \&quot;programId\&quot;: 7341,\n        \&quot;programName\&quot;: \&quot;Testing test\&quot;,\n        \&quot;programDescription\&quot;: \&quot;Testing modified\&quot;,\n        \&quot;online\&quot;: true\n    },\n    {\n        \&quot;programId\&quot;: 3212,\n        \&quot;programName\&quot;: \&quot;Assistantabc\&quot;,\n        \&quot;programDescription\&quot;: \&quot;Tuesday_PN\&quot;,\n        \&quot;online\&quot;: true\n    },\n    {\n        \&quot;programId\&quot;: 1054,\n        \&quot;programName\&quot;: \&quot;Testing Modified\&quot;,\n        \&quot;programDescription\&quot;: \&quot;Testing Modified\&quot;,\n        \&quot;online\&quot;: true\n    },\n    {\n        \&quot;programId\&quot;: 7342,\n        \&quot;programName\&quot;: \&quot;stng\&quot;,\n        \&quot;programDescription\&quot;: \&quot;stng\&quot;,\n        \&quot;online\&quot;: true\n    },\n    {\n        \&quot;programId\&quot;: 1058,\n        \&quot;programName\&quot;: \&quot;string\&quot;,\n        \&quot;programDescription\&quot;: \&quot;string\&quot;,\n        \&quot;online\&quot;: true\n    },\n    {\n        \&quot;programId\&quot;: 1059,\n        \&quot;programName\&quot;: \&quot;string\&quot;,\n        \&quot;programDescription\&quot;: \&quot;string\&quot;,\n        \&quot;online\&quot;: true\n    },\n    {\n        \&quot;programId\&quot;: 983,\n        \&quot;programName\&quot;: \&quot;Sql Developer\&quot;,\n        \&quot;programDescription\&quot;: \&quot;Backend Developer\&quot;,\n        \&quot;online\&quot;: true\n    },\n    {\n        \&quot;programId\&quot;: 9286,\n        \&quot;programName\&quot;: \&quot;geeta\&quot;,\n        \&quot;programDescription\&quot;: \&quot;ID\&quot;,\n        \&quot;online\&quot;: true\n    },\n    {\n        \&quot;programId\&quot;: 970,\n        \&quot;programName\&quot;: \&quot;string\&quot;,\n        \&quot;programDescription\&quot;: \&quot;string\&quot;,\n        \&quot;online\&quot;: true\n    },\n    {\n        \&quot;programId\&quot;: 971,\n        \&quot;programName\&quot;: \&quot;string\&quot;,\n        \&quot;programDescription\&quot;: \&quot;string\&quot;,\n        \&quot;online\&quot;: true\n    },\n    {\n        \&quot;programId\&quot;: 972,\n        \&quot;programName\&quot;: \&quot;string\&quot;,\n        \&quot;programDescription\&quot;: \&quot;string\&quot;,\n        \&quot;online\&quot;: true\n    },\n    {\n        \&quot;programId\&quot;: 974,\n        \&quot;programName\&quot;: \&quot;string\&quot;,\n        \&quot;programDescription\&quot;: \&quot;string\&quot;,\n        \&quot;online\&quot;: true\n    },\n    {\n        \&quot;programId\&quot;: 976,\n        \&quot;programName\&quot;: \&quot;string\&quot;,\n        \&quot;programDescription\&quot;: \&quot;string\&quot;,\n        \&quot;online\&quot;: true\n    },\n    {\n        \&quot;programId\&quot;: 977,\n        \&quot;programName\&quot;: \&quot;string\&quot;,\n        \&quot;programDescription\&quot;: \&quot;string\&quot;,\n        \&quot;online\&quot;: true\n    },\n    {\n        \&quot;programId\&quot;: 979,\n        \&quot;programName\&quot;: \&quot;string\&quot;,\n        \&quot;programDescription\&quot;: \&quot;string\&quot;,\n        \&quot;online\&quot;: true\n    },\n    {\n        \&quot;programId\&quot;: 981,\n        \&quot;programName\&quot;: \&quot;API testing part1\&quot;,\n        \&quot;programDescription\&quot;: \&quot;postman testing\&quot;,\n        \&quot;online\&quot;: true\n    },\n    {\n        \&quot;programId\&quot;: 985,\n        \&quot;programName\&quot;: \&quot;string\&quot;,\n        \&quot;programDescription\&quot;: \&quot;string\&quot;,\n        \&quot;online\&quot;: true\n    },\n    {\n        \&quot;programId\&quot;: 986,\n        \&quot;programName\&quot;: \&quot;string\&quot;,\n        \&quot;programDescription\&quot;: \&quot;string\&quot;,\n        \&quot;online\&quot;: true\n    },\n    {\n        \&quot;programId\&quot;: 988,\n        \&quot;programName\&quot;: \&quot;Postman Testing\&quot;,\n        \&quot;programDescription\&quot;: \&quot;API testing\&quot;,\n        \&quot;online\&quot;: true\n    },\n    {\n        \&quot;programId\&quot;: 989,\n        \&quot;programName\&quot;: \&quot;Postman Testing\&quot;,\n        \&quot;programDescription\&quot;: \&quot;API testing with usha\&quot;,\n        \&quot;online\&quot;: true\n    },\n    {\n        \&quot;programId\&quot;: 990,\n        \&quot;programName\&quot;: \&quot;string\&quot;,\n        \&quot;programDescription\&quot;: \&quot;string\&quot;,\n        \&quot;online\&quot;: true\n    },\n    {\n        \&quot;programId\&quot;: 991,\n        \&quot;programName\&quot;: \&quot;string\&quot;,\n        \&quot;programDescription\&quot;: \&quot;string\&quot;,\n        \&quot;online\&quot;: true\n    },\n    {\n        \&quot;programId\&quot;: 1060,\n        \&quot;programName\&quot;: \&quot;string\&quot;,\n        \&quot;programDescription\&quot;: \&quot;string\&quot;,\n        \&quot;online\&quot;: true\n    },\n    {\n        \&quot;programId\&quot;: 993,\n        \&quot;programName\&quot;: \&quot;Testing\&quot;,\n        \&quot;programDescription\&quot;: \&quot;Testing\&quot;,\n        \&quot;online\&quot;: true\n    },\n    {\n        \&quot;programId\&quot;: 994,\n        \&quot;programName\&quot;: \&quot;string\&quot;,\n        \&quot;programDescription\&quot;: \&quot;string\&quot;,\n        \&quot;online\&quot;: true\n    },\n    {\n        \&quot;programId\&quot;: 995,\n        \&quot;programName\&quot;: \&quot;string\&quot;,\n        \&quot;programDescription\&quot;: \&quot;string\&quot;,\n        \&quot;online\&quot;: true\n    },\n    {\n        \&quot;programId\&quot;: 996,\n        \&quot;programName\&quot;: \&quot;Testing\&quot;,\n        \&quot;programDescription\&quot;: \&quot;Testing\&quot;,\n        \&quot;online\&quot;: true\n    },\n    {\n        \&quot;programId\&quot;: 997,\n        \&quot;programName\&quot;: \&quot;string\&quot;,\n        \&quot;programDescription\&quot;: \&quot;string\&quot;,\n        \&quot;online\&quot;: true\n    },\n    {\n        \&quot;programId\&quot;: 1021,\n        \&quot;programName\&quot;: \&quot;SDET\&quot;,\n        \&quot;programDescription\&quot;: \&quot;SDET Training SeleniumJava\&quot;,\n        \&quot;online\&quot;: true\n    },\n    {\n        \&quot;programId\&quot;: 1022,\n        \&quot;programName\&quot;: \&quot;DataScience\&quot;,\n        \&quot;programDescription\&quot;: \&quot;Data Science with real time projects\&quot;,\n        \&quot;online\&quot;: false\n    },\n    {\n        \&quot;programId\&quot;: 1031,\n        \&quot;programName\&quot;: \&quot;SDET\&quot;,\n        \&quot;programDescription\&quot;: \&quot;SDET Training\&quot;,\n        \&quot;online\&quot;: true\n    },\n    {\n        \&quot;programId\&quot;: 1032,\n        \&quot;programName\&quot;: \&quot;DataScience\&quot;,\n        \&quot;programDescription\&quot;: \&quot;Data Science\&quot;,\n        \&quot;online\&quot;: false\n    },\n    {\n        \&quot;programId\&quot;: 1061,\n        \&quot;programName\&quot;: \&quot;Savita Program\&quot;,\n        \&quot;programDescription\&quot;: \&quot;Savita\&quot;,\n        \&quot;online\&quot;: true\n    },\n    {\n        \&quot;programId\&quot;: 1062,\n        \&quot;programName\&quot;: \&quot;Savita Name\&quot;,\n        \&quot;programDescription\&quot;: \&quot;Savita Program Description\&quot;,\n        \&quot;online\&quot;: true\n    },\n    {\n        \&quot;programId\&quot;: 1037,\n        \&quot;programName\&quot;: \&quot;SDET\&quot;,\n        \&quot;programDescription\&quot;: \&quot;SDET Training\&quot;,\n        \&quot;online\&quot;: true\n    },\n    {\n        \&quot;programId\&quot;: 1063,\n        \&quot;programName\&quot;: \&quot;sailaja test\&quot;,\n        \&quot;programDescription\&quot;: \&quot;sailaja test string\&quot;,\n        \&quot;online\&quot;: true\n    },\n    {\n        \&quot;programId\&quot;: 1064,\n        \&quot;programName\&quot;: \&quot;Savita Name\&quot;,\n        \&quot;programDescription\&quot;: \&quot;Savita Program Description\&quot;,\n        \&quot;online\&quot;: true\n    },\n    {\n        \&quot;programId\&quot;: 1040,\n        \&quot;programName\&quot;: \&quot;DataScience\&quot;,\n        \&quot;programDescription\&quot;: \&quot;Data Science\&quot;,\n        \&quot;online\&quot;: false\n    },\n    {\n        \&quot;programId\&quot;: 1043,\n        \&quot;programName\&quot;: \&quot;SDET\&quot;,\n        \&quot;programDescription\&quot;: \&quot;SDET Training\&quot;,\n        \&quot;online\&quot;: true\n    },\n    {\n        \&quot;programId\&quot;: 1044,\n        \&quot;programName\&quot;: \&quot;DataScience\&quot;,\n        \&quot;programDescription\&quot;: \&quot;Data Science\&quot;,\n        \&quot;online\&quot;: false\n    },\n    {\n        \&quot;programId\&quot;: 1065,\n        \&quot;programName\&quot;: \&quot;Savita Name\&quot;,\n        \&quot;programDescription\&quot;: \&quot;Savita Program Description\&quot;,\n        \&quot;online\&quot;: true\n    },\n    {\n        \&quot;programId\&quot;: 1066,\n        \&quot;programName\&quot;: \&quot;sailaja test\&quot;,\n        \&quot;programDescription\&quot;: \&quot;sailaja test string\&quot;,\n        \&quot;online\&quot;: true\n    },\n    {\n        \&quot;programId\&quot;: 1045,\n        \&quot;programName\&quot;: \&quot;postman2021\&quot;,\n        \&quot;programDescription\&quot;: \&quot;Intro to postman\&quot;,\n        \&quot;online\&quot;: true\n    },\n    {\n        \&quot;programId\&quot;: 1046,\n        \&quot;programName\&quot;: \&quot;postman2021\&quot;,\n        \&quot;programDescription\&quot;: \&quot;Intro to postman\&quot;,\n        \&quot;online\&quot;: true\n    },\n    {\n        \&quot;programId\&quot;: 1047,\n        \&quot;programName\&quot;: \&quot;postman2021\&quot;,\n        \&quot;programDescription\&quot;: \&quot;Intro to postman\&quot;,\n        \&quot;online\&quot;: true\n    },\n    {\n        \&quot;programId\&quot;: 1048,\n        \&quot;programName\&quot;: \&quot;postman2021\&quot;,\n        \&quot;programDescription\&quot;: \&quot;Intro to postman\&quot;,\n        \&quot;online\&quot;: true\n    },\n    {\n        \&quot;programId\&quot;: 1049,\n        \&quot;programName\&quot;: \&quot;string\&quot;,\n        \&quot;programDescription\&quot;: \&quot;string\&quot;,\n        \&quot;online\&quot;: true\n    },\n    {\n        \&quot;programId\&quot;: 1050,\n        \&quot;programName\&quot;: \&quot;string\&quot;,\n        \&quot;programDescription\&quot;: \&quot;string\&quot;,\n        \&quot;online\&quot;: true\n    },\n    {\n        \&quot;programId\&quot;: 1051,\n        \&quot;programName\&quot;: \&quot;string\&quot;,\n        \&quot;programDescription\&quot;: \&quot;string\&quot;,\n        \&quot;online\&quot;: true\n    },\n    {\n        \&quot;programId\&quot;: 1052,\n        \&quot;programName\&quot;: \&quot;string\&quot;,\n        \&quot;programDescription\&quot;: \&quot;string\&quot;,\n        \&quot;online\&quot;: true\n    },\n    {\n        \&quot;programId\&quot;: 1053,\n        \&quot;programName\&quot;: \&quot;postman2021\&quot;,\n        \&quot;programDescription\&quot;: \&quot;Intro to postman\&quot;,\n        \&quot;online\&quot;: true\n    },\n    {\n        \&quot;programId\&quot;: 1055,\n        \&quot;programName\&quot;: \&quot;postman2021\&quot;,\n        \&quot;programDescription\&quot;: \&quot;Intro to postman\&quot;,\n        \&quot;online\&quot;: true\n    },\n    {\n        \&quot;programId\&quot;: 1069,\n        \&quot;programName\&quot;: \&quot;string\&quot;,\n        \&quot;programDescription\&quot;: \&quot;Savita updated string\&quot;,\n        \&quot;online\&quot;: true\n    },\n    {\n        \&quot;programId\&quot;: 1070,\n        \&quot;programName\&quot;: \&quot;Savita Name\&quot;,\n        \&quot;programDescription\&quot;: \&quot;SS Prog Desc\&quot;,\n        \&quot;online\&quot;: true\n    },\n    {\n        \&quot;programId\&quot;: 1071,\n        \&quot;programName\&quot;: \&quot;string\&quot;,\n        \&quot;programDescription\&quot;: \&quot;Savita updated string1\&quot;,\n        \&quot;online\&quot;: true\n    },\n    {\n        \&quot;programId\&quot;: 1072,\n        \&quot;programName\&quot;: \&quot;updated1\&quot;,\n        \&quot;programDescription\&quot;: \&quot;updated1\&quot;,\n        \&quot;online\&quot;: true\n    },\n    {\n        \&quot;programId\&quot;: 1073,\n        \&quot;programName\&quot;: \&quot;string\&quot;,\n        \&quot;programDescription\&quot;: \&quot;string\&quot;,\n        \&quot;online\&quot;: true\n    },\n    {\n        \&quot;programId\&quot;: 1074,\n        \&quot;programName\&quot;: \&quot;string\&quot;,\n        \&quot;programDescription\&quot;: \&quot;string\&quot;,\n        \&quot;online\&quot;: true\n    },\n    {\n        \&quot;programId\&quot;: 1075,\n        \&quot;programName\&quot;: \&quot;string\&quot;,\n        \&quot;programDescription\&quot;: \&quot;sonali string\&quot;,\n        \&quot;online\&quot;: true\n    },\n    {\n        \&quot;programId\&quot;: 1076,\n        \&quot;programName\&quot;: \&quot;string\&quot;,\n        \&quot;programDescription\&quot;: \&quot;sonali string\&quot;,\n        \&quot;online\&quot;: true\n    },\n    {\n        \&quot;programId\&quot;: 1077,\n        \&quot;programName\&quot;: \&quot;string\&quot;,\n        \&quot;programDescription\&quot;: \&quot;sonali string\&quot;,\n        \&quot;online\&quot;: true\n    },\n    {\n        \&quot;programId\&quot;: 1078,\n        \&quot;programName\&quot;: \&quot;Testing\&quot;,\n        \&quot;programDescription\&quot;: \&quot;Testing\&quot;,\n        \&quot;online\&quot;: true\n    },\n    {\n        \&quot;programId\&quot;: 1080,\n        \&quot;programName\&quot;: \&quot;Testing\&quot;,\n        \&quot;programDescription\&quot;: \&quot;Testing\&quot;,\n        \&quot;online\&quot;: true\n    },\n    {\n        \&quot;programId\&quot;: 1081,\n        \&quot;programName\&quot;: \&quot;Testing modified\&quot;,\n        \&quot;programDescription\&quot;: \&quot;Testing modified\&quot;,\n        \&quot;online\&quot;: true\n    },\n    {\n        \&quot;programId\&quot;: 1082,\n        \&quot;programName\&quot;: \&quot;Testing modified from postman\&quot;,\n        \&quot;programDescription\&quot;: \&quot;Testing modified\&quot;,\n        \&quot;online\&quot;: true\n    },\n    {\n        \&quot;programId\&quot;: 1083,\n        \&quot;programName\&quot;: \&quot;string\&quot;,\n        \&quot;programDescription\&quot;: \&quot;string\&quot;,\n        \&quot;online\&quot;: true\n    },\n    {\n        \&quot;programId\&quot;: 1084,\n        \&quot;programName\&quot;: \&quot;string\&quot;,\n        \&quot;programDescription\&quot;: \&quot;string\&quot;,\n        \&quot;online\&quot;: true\n    },\n    {\n        \&quot;programId\&quot;: 1085,\n        \&quot;programName\&quot;: \&quot;string\&quot;,\n        \&quot;programDescription\&quot;: \&quot;string\&quot;,\n        \&quot;online\&quot;: true\n    },\n    {\n        \&quot;programId\&quot;: 1086,\n        \&quot;programName\&quot;: \&quot;string\&quot;,\n        \&quot;programDescription\&quot;: \&quot;string\&quot;,\n        \&quot;online\&quot;: true\n    },\n    {\n        \&quot;programId\&quot;: 1088,\n        \&quot;programName\&quot;: \&quot;string\&quot;,\n        \&quot;programDescription\&quot;: \&quot;string\&quot;,\n        \&quot;online\&quot;: true\n    },\n    {\n        \&quot;programId\&quot;: 1089,\n        \&quot;programName\&quot;: \&quot;string\&quot;,\n        \&quot;programDescription\&quot;: \&quot;string\&quot;,\n        \&quot;online\&quot;: true\n    },\n    {\n        \&quot;programId\&quot;: 1090,\n        \&quot;programName\&quot;: \&quot;string\&quot;,\n        \&quot;programDescription\&quot;: \&quot;string\&quot;,\n        \&quot;online\&quot;: true\n    },\n    {\n        \&quot;programId\&quot;: 1091,\n        \&quot;programName\&quot;: \&quot;string\&quot;,\n        \&quot;programDescription\&quot;: \&quot;string\&quot;,\n        \&quot;online\&quot;: true\n    },\n    {\n        \&quot;programId\&quot;: 1094,\n        \&quot;programName\&quot;: \&quot;string\&quot;,\n        \&quot;programDescription\&quot;: \&quot;string\&quot;,\n        \&quot;online\&quot;: true\n    },\n    {\n        \&quot;programId\&quot;: 1095,\n        \&quot;programName\&quot;: \&quot;Testing\&quot;,\n        \&quot;programDescription\&quot;: \&quot;Testing\&quot;,\n        \&quot;online\&quot;: true\n    },\n    {\n        \&quot;programId\&quot;: 1096,\n        \&quot;programName\&quot;: \&quot;string\&quot;,\n        \&quot;programDescription\&quot;: \&quot;string\&quot;,\n        \&quot;online\&quot;: true\n    },\n    {\n        \&quot;programId\&quot;: 1097,\n        \&quot;programName\&quot;: \&quot;sept 22nd string\&quot;,\n        \&quot;programDescription\&quot;: \&quot;sept 22nd string\&quot;,\n        \&quot;online\&quot;: true\n    },\n    {\n        \&quot;programId\&quot;: 1100,\n        \&quot;programName\&quot;: \&quot;updated sailaja string\&quot;,\n        \&quot;programDescription\&quot;: \&quot;updated string\&quot;,\n        \&quot;online\&quot;: true\n    },\n    {\n        \&quot;programId\&quot;: 1101,\n        \&quot;programName\&quot;: \&quot;updated sailaja string\&quot;,\n        \&quot;programDescription\&quot;: \&quot;updated string\&quot;,\n        \&quot;online\&quot;: true\n    },\n    {\n        \&quot;programId\&quot;: 1102,\n        \&quot;programName\&quot;: \&quot;string\&quot;,\n        \&quot;programDescription\&quot;: \&quot;string\&quot;,\n        \&quot;online\&quot;: true\n    },\n    {\n        \&quot;programId\&quot;: 1103,\n        \&quot;programName\&quot;: \&quot;string\&quot;,\n        \&quot;programDescription\&quot;: \&quot;string\&quot;,\n        \&quot;online\&quot;: true\n    },\n    {\n        \&quot;programId\&quot;: 1106,\n        \&quot;programName\&quot;: \&quot;string\&quot;,\n        \&quot;programDescription\&quot;: \&quot;string\&quot;,\n        \&quot;online\&quot;: true\n    },\n    {\n        \&quot;programId\&quot;: 1107,\n        \&quot;programName\&quot;: \&quot;testing\&quot;,\n        \&quot;programDescription\&quot;: \&quot;testing\&quot;,\n        \&quot;online\&quot;: true\n    },\n    {\n        \&quot;programId\&quot;: 1108,\n        \&quot;programName\&quot;: \&quot;string\&quot;,\n        \&quot;programDescription\&quot;: \&quot;string\&quot;,\n        \&quot;online\&quot;: true\n    },\n    {\n        \&quot;programId\&quot;: 948,\n        \&quot;programName\&quot;: \&quot;API\&quot;,\n        \&quot;programDescription\&quot;: \&quot;DS200\&quot;,\n        \&quot;online\&quot;: true\n    },\n    {\n        \&quot;programId\&quot;: 1105,\n        \&quot;programName\&quot;: \&quot;string\&quot;,\n        \&quot;programDescription\&quot;: \&quot;DS\&quot;,\n        \&quot;online\&quot;: true\n    },\n    {\n        \&quot;programId\&quot;: 982,\n        \&quot;programName\&quot;: \&quot;Test\&quot;,\n        \&quot;programDescription\&quot;: \&quot;LMSTesting by nikita \&quot;,\n        \&quot;online\&quot;: true\n    },\n    {\n        \&quot;programId\&quot;: 1092,\n        \&quot;programName\&quot;: \&quot;SDET1\&quot;,\n        \&quot;programDescription\&quot;: \&quot;programmingui\&quot;,\n        \&quot;online\&quot;: true\n    },\n    {\n        \&quot;programId\&quot;: 975,\n        \&quot;programName\&quot;: \&quot;Salesforce\&quot;,\n        \&quot;programDescription\&quot;: \&quot;Salesforce Development\&quot;,\n        \&quot;online\&quot;: true\n    },\n    {\n        \&quot;programId\&quot;: 1156,\n        \&quot;programName\&quot;: \&quot;Assistantabc\&quot;,\n        \&quot;programDescription\&quot;: \&quot;Tuesday_PN\&quot;,\n        \&quot;online\&quot;: true\n    },\n    {\n        \&quot;programId\&quot;: 1110,\n        \&quot;programName\&quot;: \&quot;string\&quot;,\n        \&quot;programDescription\&quot;: \&quot;string\&quot;,\n        \&quot;online\&quot;: true\n    },\n    {\n        \&quot;programId\&quot;: 3763,\n        \&quot;programName\&quot;: \&quot;testing program \&quot;,\n        \&quot;programDescription\&quot;: \&quot; \&quot;,\n        \&quot;online\&quot;: true\n    },\n    {\n        \&quot;programId\&quot;: 1157,\n        \&quot;programName\&quot;: \&quot;Assistantabc\&quot;,\n        \&quot;programDescription\&quot;: \&quot;Tuesday_PN\&quot;,\n        \&quot;online\&quot;: true\n    },\n    {\n        \&quot;programId\&quot;: 9227,\n        \&quot;programName\&quot;: \&quot;lms api\&quot;,\n        \&quot;programDescription\&quot;: \&quot;lms api\&quot;,\n        \&quot;online\&quot;: true\n    },\n    {\n        \&quot;programId\&quot;: 7343,\n        \&quot;programName\&quot;: \&quot;Testing\&quot;,\n        \&quot;programDescription\&quot;: \&quot;Testing\&quot;,\n        \&quot;online\&quot;: true\n    },\n    {\n        \&quot;programId\&quot;: 1115,\n        \&quot;programName\&quot;: \&quot;testing\&quot;,\n        \&quot;programDescription\&quot;: \&quot;testing\&quot;,\n        \&quot;online\&quot;: true\n    },\n    {\n        \&quot;programId\&quot;: 1116,\n        \&quot;programName\&quot;: \&quot;testing\&quot;,\n        \&quot;programDescription\&quot;: \&quot;testing\&quot;,\n        \&quot;online\&quot;: true\n    },\n    {\n        \&quot;programId\&quot;: 1117,\n        \&quot;programName\&quot;: \&quot;string\&quot;,\n        \&quot;programDescription\&quot;: \&quot;string\&quot;,\n        \&quot;online\&quot;: true\n    },\n    {\n        \&quot;programId\&quot;: 1118,\n        \&quot;programName\&quot;: \&quot;string\&quot;,\n        \&quot;programDescription\&quot;: \&quot;string\&quot;,\n        \&quot;online\&quot;: true\n    },\n    {\n        \&quot;programId\&quot;: 1119,\n        \&quot;programName\&quot;: \&quot;string\&quot;,\n        \&quot;programDescription\&quot;: \&quot;string\&quot;,\n        \&quot;online\&quot;: true\n    },\n    {\n        \&quot;programId\&quot;: 9287,\n        \&quot;programName\&quot;: \&quot;VideoGame\&quot;,\n        \&quot;programDescription\&quot;: \&quot;user friendly\&quot;,\n        \&quot;online\&quot;: true\n    },\n    {\n        \&quot;programId\&quot;: 1121,\n        \&quot;programName\&quot;: \&quot;string\&quot;,\n        \&quot;programDescription\&quot;: \&quot;string\&quot;,\n        \&quot;online\&quot;: true\n    },\n    {\n        \&quot;programId\&quot;: 7345,\n        \&quot;programName\&quot;: \&quot;Twwestingg\&quot;,\n        \&quot;programDescription\&quot;: \&quot;Twwestingg\&quot;,\n        \&quot;online\&quot;: true\n    },\n    {\n        \&quot;programId\&quot;: 1124,\n        \&quot;programName\&quot;: \&quot;syama\&quot;,\n        \&quot;programDescription\&quot;: \&quot;testing\&quot;,\n        \&quot;online\&quot;: true\n    },\n    {\n        \&quot;programId\&quot;: 1125,\n        \&quot;programName\&quot;: \&quot;syama\&quot;,\n        \&quot;programDescription\&quot;: \&quot;testing\&quot;,\n        \&quot;online\&quot;: true\n    },\n    {\n        \&quot;programId\&quot;: 1126,\n        \&quot;programName\&quot;: \&quot;testing\&quot;,\n        \&quot;programDescription\&quot;: \&quot;testing\&quot;,\n        \&quot;online\&quot;: true\n    },\n    {\n        \&quot;programId\&quot;: 1127,\n        \&quot;programName\&quot;: \&quot;Testing\&quot;,\n        \&quot;programDescription\&quot;: \&quot;Testing\&quot;,\n        \&quot;online\&quot;: true\n    },\n    {\n        \&quot;programId\&quot;: 1128,\n        \&quot;programName\&quot;: \&quot;Testing\&quot;,\n        \&quot;programDescription\&quot;: \&quot;Testing\&quot;,\n        \&quot;online\&quot;: true\n    },\n    {\n        \&quot;programId\&quot;: 1129,\n        \&quot;programName\&quot;: \&quot;Testing\&quot;,\n        \&quot;programDescription\&quot;: \&quot;Testing\&quot;,\n        \&quot;online\&quot;: true\n    },\n    {\n        \&quot;programId\&quot;: 1130,\n        \&quot;programName\&quot;: \&quot;Sep 22 string\&quot;,\n        \&quot;programDescription\&quot;: \&quot;sep 22 string\&quot;,\n        \&quot;online\&quot;: true\n    },\n    {\n        \&quot;programId\&quot;: 1131,\n        \&quot;programName\&quot;: \&quot;sept 22nd string\&quot;,\n        \&quot;programDescription\&quot;: \&quot;sept 22nd string\&quot;,\n        \&quot;online\&quot;: true\n    },\n    {\n        \&quot;programId\&quot;: 3764,\n        \&quot;programName\&quot;: \&quot;testing program \&quot;,\n        \&quot;programDescription\&quot;: \&quot; \&quot;,\n        \&quot;online\&quot;: true\n    },\n    {\n        \&quot;programId\&quot;: 1133,\n        \&quot;programName\&quot;: \&quot;sept 22nd string\&quot;,\n        \&quot;programDescription\&quot;: \&quot;sept 22nd string updated\&quot;,\n        \&quot;online\&quot;: true\n    },\n    {\n        \&quot;programId\&quot;: 1218,\n        \&quot;programName\&quot;: \&quot;Salesforce Certified Develope\&quot;,\n        \&quot;programDescription\&quot;: \&quot;Developer required\&quot;,\n        \&quot;online\&quot;: true\n    },\n    {\n        \&quot;programId\&quot;: 1134,\n        \&quot;programName\&quot;: \&quot;Testing\&quot;,\n        \&quot;programDescription\&quot;: \&quot;Testing\&quot;,\n        \&quot;online\&quot;: true\n    },\n    {\n        \&quot;programId\&quot;: 1135,\n        \&quot;programName\&quot;: \&quot;Testing\&quot;,\n        \&quot;programDescription\&quot;: \&quot;Testing\&quot;,\n        \&quot;online\&quot;: true\n    },\n    {\n        \&quot;programId\&quot;: 1136,\n        \&quot;programName\&quot;: \&quot;Testing\&quot;,\n        \&quot;programDescription\&quot;: \&quot;Testing\&quot;,\n        \&quot;online\&quot;: true\n    },\n    {\n        \&quot;programId\&quot;: 1137,\n        \&quot;programName\&quot;: \&quot;Testing\&quot;,\n        \&quot;programDescription\&quot;: \&quot;Testing\&quot;,\n        \&quot;online\&quot;: true\n    },\n    {\n        \&quot;programId\&quot;: 1188,\n        \&quot;programName\&quot;: \&quot;SDET\&quot;,\n        \&quot;programDescription\&quot;: \&quot;Selenium Cucumber\&quot;,\n        \&quot;online\&quot;: true\n    },\n    {\n        \&quot;programId\&quot;: 1139,\n        \&quot;programName\&quot;: \&quot;Testing modified\&quot;,\n        \&quot;programDescription\&quot;: \&quot;Testing modified\&quot;,\n        \&quot;online\&quot;: true\n    },\n    {\n        \&quot;programId\&quot;: 7346,\n        \&quot;programName\&quot;: \&quot;Twwestingg\&quot;,\n        \&quot;programDescription\&quot;: \&quot;Twwestingg\&quot;,\n        \&quot;online\&quot;: true\n    },\n    {\n        \&quot;programId\&quot;: 7347,\n        \&quot;programName\&quot;: \&quot;test\&quot;,\n        \&quot;programDescription\&quot;: \&quot;Testing\&quot;,\n        \&quot;online\&quot;: true\n    },\n    {\n        \&quot;programId\&quot;: 1164,\n        \&quot;programName\&quot;: \&quot;Assistantabc\&quot;,\n        \&quot;programDescription\&quot;: \&quot;Tuesday_PN\&quot;,\n        \&quot;online\&quot;: true\n    },\n    {\n        \&quot;programId\&quot;: 7348,\n        \&quot;programName\&quot;: \&quot;Twwestingg\&quot;,\n        \&quot;programDescription\&quot;: \&quot;Twwestingg\&quot;,\n        \&quot;online\&quot;: true\n    },\n    {\n        \&quot;programId\&quot;: 1144,\n        \&quot;programName\&quot;: \&quot;Testing\&quot;,\n        \&quot;programDescription\&quot;: \&quot;Testing\&quot;,\n        \&quot;online\&quot;: true\n    },\n    {\n        \&quot;programId\&quot;: 1145,\n        \&quot;programName\&quot;: \&quot;Testing\&quot;,\n        \&quot;programDescription\&quot;: \&quot;Testing\&quot;,\n        \&quot;online\&quot;: true\n    },\n    {\n        \&quot;programId\&quot;: 1147,\n        \&quot;programName\&quot;: \&quot;Sonali Test Program\&quot;,\n        \&quot;programDescription\&quot;: \&quot;Sonali Three Test\&quot;,\n        \&quot;online\&quot;: true\n    },\n    {\n        \&quot;programId\&quot;: 1148,\n        \&quot;programName\&quot;: \&quot;string\&quot;,\n        \&quot;programDescription\&quot;: \&quot;string\&quot;,\n        \&quot;online\&quot;: true\n    },\n    {\n        \&quot;programId\&quot;: 1149,\n        \&quot;programName\&quot;: \&quot;string\&quot;,\n        \&quot;programDescription\&quot;: \&quot;string\&quot;,\n        \&quot;online\&quot;: true\n    },\n    {\n        \&quot;programId\&quot;: 7349,\n        \&quot;programName\&quot;: \&quot;Testing\&quot;,\n        \&quot;programDescription\&quot;: \&quot;Testing\&quot;,\n        \&quot;online\&quot;: true\n    },\n    {\n        \&quot;programId\&quot;: 1151,\n        \&quot;programName\&quot;: \&quot;Testing\&quot;,\n        \&quot;programDescription\&quot;: \&quot;Testing\&quot;,\n        \&quot;online\&quot;: true\n    },\n    {\n        \&quot;programId\&quot;: 1146,\n        \&quot;programName\&quot;: \&quot;Testing modified\&quot;,\n        \&quot;programDescription\&quot;: \&quot;Testing modified\&quot;,\n        \&quot;online\&quot;: true\n    },\n    {\n        \&quot;programId\&quot;: 1220,\n        \&quot;programName\&quot;: \&quot;qqqqq\&quot;,\n        \&quot;programDescription\&quot;: \&quot;wwwww\&quot;,\n        \&quot;online\&quot;: true\n    },\n    {\n        \&quot;programId\&quot;: 2800,\n        \&quot;programName\&quot;: \&quot;Testing modified from postman\&quot;,\n        \&quot;programDescription\&quot;: \&quot;Testing modified\&quot;,\n        \&quot;online\&quot;: true\n    },\n    {\n        \&quot;programId\&quot;: 1159,\n        \&quot;programName\&quot;: \&quot;string\&quot;,\n        \&quot;programDescription\&quot;: \&quot;string\&quot;,\n        \&quot;online\&quot;: true\n    },\n    {\n        \&quot;programId\&quot;: 1160,\n        \&quot;programName\&quot;: \&quot;string\&quot;,\n        \&quot;programDescription\&quot;: \&quot;string\&quot;,\n        \&quot;online\&quot;: true\n    },\n    {\n        \&quot;programId\&quot;: 7409,\n        \&quot;programName\&quot;: \&quot;string\&quot;,\n        \&quot;programDescription\&quot;: \&quot;string\&quot;,\n        \&quot;online\&quot;: true\n    },\n    {\n        \&quot;programId\&quot;: 7410,\n        \&quot;programName\&quot;: \&quot;SME\&quot;,\n        \&quot;programDescription\&quot;: \&quot;HealthCare\&quot;,\n        \&quot;online\&quot;: false\n    },\n    {\n        \&quot;programId\&quot;: 7411,\n        \&quot;programName\&quot;: \&quot;Scrum Master\&quot;,\n        \&quot;programDescription\&quot;: \&quot;Agile\&quot;,\n        \&quot;online\&quot;: false\n    },\n    {\n        \&quot;programId\&quot;: 1165,\n        \&quot;programName\&quot;: \&quot;lms\&quot;,\n        \&quot;programDescription\&quot;: \&quot;sdet19\&quot;,\n        \&quot;online\&quot;: true\n    },\n    {\n        \&quot;programId\&quot;: 1158,\n        \&quot;programName\&quot;: \&quot;TestPUT1\&quot;,\n        \&quot;programDescription\&quot;: \&quot;Volcano1\&quot;,\n        \&quot;online\&quot;: true\n    },\n    {\n        \&quot;programId\&quot;: 1168,\n        \&quot;programName\&quot;: \&quot;string\&quot;,\n        \&quot;programDescription\&quot;: \&quot;string\&quot;,\n        \&quot;online\&quot;: true\n    },\n    {\n        \&quot;programId\&quot;: 9347,\n        \&quot;programName\&quot;: \&quot;REST Testing\&quot;,\n        \&quot;programDescription\&quot;: \&quot;Regression\&quot;,\n        \&quot;online\&quot;: true\n    },\n    {\n        \&quot;programId\&quot;: 1166,\n        \&quot;programName\&quot;: \&quot;sdet19\&quot;,\n        \&quot;programDescription\&quot;: \&quot;LMS\&quot;,\n        \&quot;online\&quot;: true\n    },\n    {\n        \&quot;programId\&quot;: 1169,\n        \&quot;programName\&quot;: \&quot;string\&quot;,\n        \&quot;programDescription\&quot;: \&quot;string\&quot;,\n        \&quot;online\&quot;: true\n    },\n    {\n        \&quot;programId\&quot;: 1170,\n        \&quot;programName\&quot;: \&quot;India\&quot;,\n        \&quot;programDescription\&quot;: \&quot;India\&quot;,\n        \&quot;online\&quot;: true\n    },\n    {\n        \&quot;programId\&quot;: 1171,\n        \&quot;programName\&quot;: \&quot;India\&quot;,\n        \&quot;programDescription\&quot;: \&quot;India\&quot;,\n        \&quot;online\&quot;: true\n    },\n    {\n        \&quot;programId\&quot;: 1173,\n        \&quot;programName\&quot;: \&quot;Modify IND\&quot;,\n        \&quot;programDescription\&quot;: \&quot;Modify IND\&quot;,\n        \&quot;online\&quot;: true\n    },\n    {\n        \&quot;programId\&quot;: 1174,\n        \&quot;programName\&quot;: \&quot;Modify IND\&quot;,\n        \&quot;programDescription\&quot;: \&quot;Modify IND\&quot;,\n        \&quot;online\&quot;: true\n    },\n    {\n        \&quot;programId\&quot;: 1175,\n        \&quot;programName\&quot;: \&quot;Modify IND\&quot;,\n        \&quot;programDescription\&quot;: \&quot;Modify IND\&quot;,\n        \&quot;online\&quot;: true\n    },\n    {\n        \&quot;programId\&quot;: 1176,\n        \&quot;programName\&quot;: \&quot;India_USA\&quot;,\n        \&quot;programDescription\&quot;: \&quot;India_USA\&quot;,\n        \&quot;online\&quot;: true\n    },\n    {\n        \&quot;programId\&quot;: 1172,\n        \&quot;programName\&quot;: \&quot;modified\&quot;,\n        \&quot;programDescription\&quot;: \&quot;testing sdet19\&quot;,\n        \&quot;online\&quot;: true\n    },\n    {\n        \&quot;programId\&quot;: 1177,\n        \&quot;programName\&quot;: \&quot;India_123\&quot;,\n        \&quot;programDescription\&quot;: \&quot;India_123\&quot;,\n        \&quot;online\&quot;: true\n    },\n    {\n        \&quot;programId\&quot;: 1178,\n        \&quot;programName\&quot;: \&quot;India_1234\&quot;,\n        \&quot;programDescription\&quot;: \&quot;India_1234\&quot;,\n        \&quot;online\&quot;: true\n    },\n    {\n        \&quot;programId\&quot;: 1179,\n        \&quot;programName\&quot;: \&quot;India_1234\&quot;,\n        \&quot;programDescription\&quot;: \&quot;India_1234\&quot;,\n        \&quot;online\&quot;: true\n    },\n    {\n        \&quot;programId\&quot;: 1180,\n        \&quot;programName\&quot;: \&quot;India_USA\&quot;,\n        \&quot;programDescription\&quot;: \&quot;India_USA\&quot;,\n        \&quot;online\&quot;: true\n    },\n    {\n        \&quot;programId\&quot;: 1181,\n        \&quot;programName\&quot;: \&quot;India_12345\&quot;,\n        \&quot;programDescription\&quot;: \&quot;India_12345\&quot;,\n        \&quot;online\&quot;: true\n    },\n    {\n        \&quot;programId\&quot;: 1182,\n        \&quot;programName\&quot;: \&quot;Modify IND\&quot;,\n        \&quot;programDescription\&quot;: \&quot;Modify IND\&quot;,\n        \&quot;online\&quot;: true\n    },\n    {\n        \&quot;programId\&quot;: 1183,\n        \&quot;programName\&quot;: \&quot;Salesforce Certified Developer\&quot;,\n        \&quot;programDescription\&quot;: \&quot;Salesforce by savita\&quot;,\n        \&quot;online\&quot;: false\n    },\n    {\n        \&quot;programId\&quot;: 1184,\n        \&quot;programName\&quot;: \&quot;Salesforce Certified Developer\&quot;,\n        \&quot;programDescription\&quot;: \&quot;Salesforce by savita\&quot;,\n        \&quot;online\&quot;: false\n    },\n    {\n        \&quot;programId\&quot;: 1186,\n        \&quot;programName\&quot;: \&quot;Viku Company\&quot;,\n        \&quot;programDescription\&quot;: \&quot;Data Analyst\&quot;,\n        \&quot;online\&quot;: true\n    },\n    {\n        \&quot;programId\&quot;: 1185,\n        \&quot;programName\&quot;: \&quot;Viku Company\&quot;,\n        \&quot;programDescription\&quot;: \&quot;Data Analyst\&quot;,\n        \&quot;online\&quot;: true\n    },\n    {\n        \&quot;programId\&quot;: 1187,\n        \&quot;programName\&quot;: \&quot;string\&quot;,\n        \&quot;programDescription\&quot;: \&quot;string\&quot;,\n        \&quot;online\&quot;: true\n    },\n    {\n        \&quot;programId\&quot;: 1189,\n        \&quot;programName\&quot;: \&quot;string\&quot;,\n        \&quot;programDescription\&quot;: \&quot;string\&quot;,\n        \&quot;online\&quot;: true\n    },\n    {\n        \&quot;programId\&quot;: 1190,\n        \&quot;programName\&quot;: \&quot;string\&quot;,\n        \&quot;programDescription\&quot;: \&quot;string\&quot;,\n        \&quot;online\&quot;: true\n    },\n    {\n        \&quot;programId\&quot;: 1191,\n        \&quot;programName\&quot;: \&quot;sai update name 09242021\&quot;,\n        \&quot;programDescription\&quot;: \&quot;sai update 09242021\&quot;,\n        \&quot;online\&quot;: true\n    },\n    {\n        \&quot;programId\&quot;: 1192,\n        \&quot;programName\&quot;: \&quot;SDET\&quot;,\n        \&quot;programDescription\&quot;: \&quot;Testing\&quot;,\n        \&quot;online\&quot;: true\n    },\n    {\n        \&quot;programId\&quot;: 1193,\n        \&quot;programName\&quot;: \&quot;SDET\&quot;,\n        \&quot;programDescription\&quot;: \&quot;Testing\&quot;,\n        \&quot;online\&quot;: true\n    },\n    {\n        \&quot;programId\&quot;: 1194,\n        \&quot;programName\&quot;: \&quot;SDET, API,MAnual\&quot;,\n        \&quot;programDescription\&quot;: \&quot;Testing\&quot;,\n        \&quot;online\&quot;: true\n    },\n    {\n        \&quot;programId\&quot;: 1195,\n        \&quot;programName\&quot;: \&quot;SDET, API,MAnual\&quot;,\n        \&quot;programDescription\&quot;: \&quot;Testing\&quot;,\n        \&quot;online\&quot;: false\n    },\n    {\n        \&quot;programId\&quot;: 9358,\n        \&quot;programName\&quot;: \&quot;SDET\&quot;,\n        \&quot;programDescription\&quot;: \&quot;SDET20\&quot;,\n        \&quot;online\&quot;: true\n    },\n    {\n        \&quot;programId\&quot;: 1198,\n        \&quot;programName\&quot;: \&quot;cucumber learning modified\&quot;,\n        \&quot;programDescription\&quot;: \&quot;cucumber learning\&quot;,\n        \&quot;online\&quot;: false\n    },\n    {\n        \&quot;programId\&quot;: 1202,\n        \&quot;programName\&quot;: \&quot;Viku Company\&quot;,\n        \&quot;programDescription\&quot;: \&quot;Data Analyst\&quot;,\n        \&quot;online\&quot;: true\n    },\n    {\n        \&quot;programId\&quot;: 1206,\n        \&quot;programName\&quot;: \&quot;Salesforce Certified Develope\&quot;,\n        \&quot;programDescription\&quot;: \&quot;Developer required\&quot;,\n        \&quot;online\&quot;: true\n    },\n    {\n        \&quot;programId\&quot;: 1207,\n        \&quot;programName\&quot;: \&quot;SDET\&quot;,\n        \&quot;programDescription\&quot;: \&quot;SDET required\&quot;,\n        \&quot;online\&quot;: true\n    },\n    {\n        \&quot;programId\&quot;: 1208,\n        \&quot;programName\&quot;: \&quot;program name\&quot;,\n        \&quot;programDescription\&quot;: \&quot;program name required\&quot;,\n        \&quot;online\&quot;: false\n    },\n    {\n        \&quot;programId\&quot;: 1209,\n        \&quot;programName\&quot;: \&quot;SDET1\&quot;,\n        \&quot;programDescription\&quot;: \&quot;Program1\&quot;,\n        \&quot;online\&quot;: false\n    },\n    {\n        \&quot;programId\&quot;: 1210,\n        \&quot;programName\&quot;: \&quot;SDET2\&quot;,\n        \&quot;programDescription\&quot;: \&quot;program2\&quot;,\n        \&quot;online\&quot;: true\n    },\n    {\n        \&quot;programId\&quot;: 1211,\n        \&quot;programName\&quot;: \&quot;SDET3\&quot;,\n        \&quot;programDescription\&quot;: \&quot;program3\&quot;,\n        \&quot;online\&quot;: false\n    },\n    {\n        \&quot;programId\&quot;: 1212,\n        \&quot;programName\&quot;: \&quot;string\&quot;,\n        \&quot;programDescription\&quot;: \&quot;string\&quot;,\n        \&quot;online\&quot;: true\n    },\n    {\n        \&quot;programId\&quot;: 1213,\n        \&quot;programName\&quot;: \&quot;Testing\&quot;,\n        \&quot;programDescription\&quot;: \&quot;Testing\&quot;,\n        \&quot;online\&quot;: true\n    },\n    {\n        \&quot;programId\&quot;: 1214,\n        \&quot;programName\&quot;: \&quot;Testing\&quot;,\n        \&quot;programDescription\&quot;: \&quot;Testing\&quot;,\n        \&quot;online\&quot;: true\n    },\n    {\n        \&quot;programId\&quot;: 1215,\n        \&quot;programName\&quot;: \&quot;Testing\&quot;,\n        \&quot;programDescription\&quot;: \&quot;Testing\&quot;,\n        \&quot;online\&quot;: true\n    },\n    {\n        \&quot;programId\&quot;: 1216,\n        \&quot;programName\&quot;: \&quot;qqqqq\&quot;,\n        \&quot;programDescription\&quot;: \&quot;wwwww\&quot;,\n        \&quot;online\&quot;: true\n    },\n    {\n        \&quot;programId\&quot;: 1217,\n        \&quot;programName\&quot;: \&quot;qqqqq\&quot;,\n        \&quot;programDescription\&quot;: \&quot;wwwww\&quot;,\n        \&quot;online\&quot;: true\n    },\n    {\n        \&quot;programId\&quot;: 1225,\n        \&quot;programName\&quot;: \&quot;Salesforce Certified Develope\&quot;,\n        \&quot;programDescription\&quot;: \&quot;Developer required\&quot;,\n        \&quot;online\&quot;: true\n    },\n    {\n        \&quot;programId\&quot;: 1227,\n        \&quot;programName\&quot;: \&quot;program name\&quot;,\n        \&quot;programDescription\&quot;: \&quot;program name required\&quot;,\n        \&quot;online\&quot;: false\n    },\n    {\n        \&quot;programId\&quot;: 1228,\n        \&quot;programName\&quot;: \&quot;Salesforce Certified Develope\&quot;,\n        \&quot;programDescription\&quot;: \&quot;Developer required\&quot;,\n        \&quot;online\&quot;: true\n    },\n    {\n        \&quot;programId\&quot;: 1231,\n        \&quot;programName\&quot;: \&quot;Salesforce Certified Develope\&quot;,\n        \&quot;programDescription\&quot;: \&quot;Developer required\&quot;,\n        \&quot;online\&quot;: true\n    },\n    {\n        \&quot;programId\&quot;: 1232,\n        \&quot;programName\&quot;: \&quot;Salesforce Certified Develope Modified\&quot;,\n        \&quot;programDescription\&quot;: \&quot;Developer required Modified\&quot;,\n        \&quot;online\&quot;: false\n    },\n    {\n        \&quot;programId\&quot;: 1235,\n        \&quot;programName\&quot;: \&quot;program name\&quot;,\n        \&quot;programDescription\&quot;: \&quot;program name required\&quot;,\n        \&quot;online\&quot;: false\n    },\n    {\n        \&quot;programId\&quot;: 1236,\n        \&quot;programName\&quot;: \&quot;program name Modified\&quot;,\n        \&quot;programDescription\&quot;: \&quot;program name required Modified\&quot;,\n        \&quot;online\&quot;: false\n    },\n    {\n        \&quot;programId\&quot;: 1237,\n        \&quot;programName\&quot;: \&quot;Testing\&quot;,\n        \&quot;programDescription\&quot;: \&quot;Testing\&quot;,\n        \&quot;online\&quot;: true\n    },\n    {\n        \&quot;programId\&quot;: 1238,\n        \&quot;programName\&quot;: \&quot;Salesforce Certified Developer\&quot;,\n        \&quot;programDescription\&quot;: \&quot;Salesforce by savita\&quot;,\n        \&quot;online\&quot;: false\n    },\n    {\n        \&quot;programId\&quot;: 1239,\n        \&quot;programName\&quot;: \&quot;Salesforce Certified Developer\&quot;,\n        \&quot;programDescription\&quot;: \&quot;Salesforce by savita\&quot;,\n        \&quot;online\&quot;: false\n    },\n    {\n        \&quot;programId\&quot;: 1241,\n        \&quot;programName\&quot;: \&quot;SDET, API,MAnual\&quot;,\n        \&quot;programDescription\&quot;: \&quot;Testing\&quot;,\n        \&quot;online\&quot;: true\n    },\n    {\n        \&quot;programId\&quot;: 1288,\n        \&quot;programName\&quot;: \&quot;Hi\&quot;,\n        \&quot;programDescription\&quot;: \&quot;Greetings\&quot;,\n        \&quot;online\&quot;: true\n    },\n    {\n        \&quot;programId\&quot;: 1289,\n        \&quot;programName\&quot;: \&quot;Welcome\&quot;,\n        \&quot;programDescription\&quot;: \&quot;Goodday\&quot;,\n        \&quot;online\&quot;: true\n    },\n    {\n        \&quot;programId\&quot;: 1290,\n        \&quot;programName\&quot;: \&quot;Welcome\&quot;,\n        \&quot;programDescription\&quot;: \&quot;Goodday\&quot;,\n        \&quot;online\&quot;: true\n    },\n    {\n        \&quot;programId\&quot;: 1291,\n        \&quot;programName\&quot;: \&quot;apple\&quot;,\n        \&quot;programDescription\&quot;: \&quot;postmethod\&quot;,\n        \&quot;online\&quot;: true\n    },\n    {\n        \&quot;programId\&quot;: 1292,\n        \&quot;programName\&quot;: \&quot;yyystring\&quot;,\n        \&quot;programDescription\&quot;: \&quot;xxxstring\&quot;,\n        \&quot;online\&quot;: true\n    },\n    {\n        \&quot;programId\&quot;: 1293,\n        \&quot;programName\&quot;: \&quot;yyystring\&quot;,\n        \&quot;programDescription\&quot;: \&quot;xxxstring\&quot;,\n        \&quot;online\&quot;: true\n    },\n    {\n        \&quot;programId\&quot;: 1294,\n        \&quot;programName\&quot;: \&quot;Software Testing 14\&quot;,\n        \&quot;programDescription\&quot;: \&quot;SDET 14\&quot;,\n        \&quot;online\&quot;: false\n    },\n    {\n        \&quot;programId\&quot;: 1295,\n        \&quot;programName\&quot;: \&quot;Data Science 14\&quot;,\n        \&quot;programDescription\&quot;: \&quot;DS 14\&quot;,\n        \&quot;online\&quot;: false\n    },\n    {\n        \&quot;programId\&quot;: 1296,\n        \&quot;programName\&quot;: \&quot;Software Testing 15\&quot;,\n        \&quot;programDescription\&quot;: \&quot;SDET 15\&quot;,\n        \&quot;online\&quot;: false\n    },\n    {\n        \&quot;programId\&quot;: 1297,\n        \&quot;programName\&quot;: \&quot;Data Science 15\&quot;,\n        \&quot;programDescription\&quot;: \&quot;DS 15\&quot;,\n        \&quot;online\&quot;: false\n    },\n    {\n        \&quot;programId\&quot;: 1298,\n        \&quot;programName\&quot;: \&quot;Software Testing 14\&quot;,\n        \&quot;programDescription\&quot;: \&quot;SDET 14\&quot;,\n        \&quot;online\&quot;: true\n    },\n    {\n        \&quot;programId\&quot;: 1233,\n        \&quot;programName\&quot;: \&quot;JAVA 280 for testing\&quot;,\n        \&quot;programDescription\&quot;: \&quot;JAVA 280 for testing by shuba\&quot;,\n        \&quot;online\&quot;: false\n    },\n    {\n        \&quot;programId\&quot;: 1122,\n        \&quot;programName\&quot;: \&quot; divya online field testing\&quot;,\n        \&quot;programDescription\&quot;: null,\n        \&quot;online\&quot;: true\n    },\n    {\n        \&quot;programId\&quot;: 1200,\n        \&quot;programName\&quot;: \&quot;sdet1\&quot;,\n        \&quot;programDescription\&quot;: \&quot;sdet1\&quot;,\n        \&quot;online\&quot;: true\n    },\n    {\n        \&quot;programId\&quot;: 1201,\n        \&quot;programName\&quot;: \&quot;SDET1\&quot;,\n        \&quot;programDescription\&quot;: \&quot;bbbfghgfjbbbbb\&quot;,\n        \&quot;online\&quot;: true\n    },\n    {\n        \&quot;programId\&quot;: 1299,\n        \&quot;programName\&quot;: \&quot;Data Science 14\&quot;,\n        \&quot;programDescription\&quot;: \&quot;DS 14\&quot;,\n        \&quot;online\&quot;: true\n    },\n    {\n        \&quot;programId\&quot;: 1301,\n        \&quot;programName\&quot;: \&quot;Data Science 15\&quot;,\n        \&quot;programDescription\&quot;: \&quot;DS 15\&quot;,\n        \&quot;online\&quot;: true\n    },\n    {\n        \&quot;programId\&quot;: 1302,\n        \&quot;programName\&quot;: \&quot;Software Testing 14\&quot;,\n        \&quot;programDescription\&quot;: \&quot;SDET 14\&quot;,\n        \&quot;online\&quot;: true\n    },\n    {\n        \&quot;programId\&quot;: 1303,\n        \&quot;programName\&quot;: \&quot;Data Science 14\&quot;,\n        \&quot;programDescription\&quot;: \&quot;DS 14\&quot;,\n        \&quot;online\&quot;: true\n    },\n    {\n        \&quot;programId\&quot;: 1304,\n        \&quot;programName\&quot;: \&quot;Software Testing 15\&quot;,\n        \&quot;programDescription\&quot;: \&quot;SDET 15\&quot;,\n        \&quot;online\&quot;: true\n    },\n    {\n        \&quot;programId\&quot;: 1305,\n        \&quot;programName\&quot;: \&quot;Data Science 15\&quot;,\n        \&quot;programDescription\&quot;: \&quot;DS 15\&quot;,\n        \&quot;online\&quot;: true\n    },\n    {\n        \&quot;programId\&quot;: 1306,\n        \&quot;programName\&quot;: \&quot;Software Testing 14\&quot;,\n        \&quot;programDescription\&quot;: \&quot;SDET 14\&quot;,\n        \&quot;online\&quot;: true\n    },\n    {\n        \&quot;programId\&quot;: 1307,\n        \&quot;programName\&quot;: \&quot;Data Science 14\&quot;,\n        \&quot;programDescription\&quot;: \&quot;DS 14\&quot;,\n        \&quot;online\&quot;: true\n    },\n    {\n        \&quot;programId\&quot;: 1308,\n        \&quot;programName\&quot;: \&quot;Software Testing 15\&quot;,\n        \&quot;programDescription\&quot;: \&quot;SDET 15\&quot;,\n        \&quot;online\&quot;: true\n    },\n    {\n        \&quot;programId\&quot;: 1309,\n        \&quot;programName\&quot;: \&quot;Data Science 15\&quot;,\n        \&quot;programDescription\&quot;: \&quot;DS 15\&quot;,\n        \&quot;online\&quot;: true\n    },\n    {\n        \&quot;programId\&quot;: 1310,\n        \&quot;programName\&quot;: \&quot;Data Driven Testing \&quot;,\n        \&quot;programDescription\&quot;: \&quot;Data Driven\&quot;,\n        \&quot;online\&quot;: true\n    },\n    {\n        \&quot;programId\&quot;: 1312,\n        \&quot;programName\&quot;: \&quot;Samsung\&quot;,\n        \&quot;programDescription\&quot;: \&quot;Phone\&quot;,\n        \&quot;online\&quot;: true\n    },\n    {\n        \&quot;programId\&quot;: 1311,\n        \&quot;programName\&quot;: \&quot;mac\&quot;,\n        \&quot;programDescription\&quot;: \&quot;Operating system\&quot;,\n        \&quot;online\&quot;: true\n    },\n    {\n        \&quot;programId\&quot;: 1313,\n        \&quot;programName\&quot;: \&quot;The Planets\&quot;,\n        \&quot;programDescription\&quot;: \&quot;Sci-fi\&quot;,\n        \&quot;online\&quot;: true\n    },\n    {\n        \&quot;programId\&quot;: 1315,\n        \&quot;programName\&quot;: \&quot;Creative Painting\&quot;,\n        \&quot;programDescription\&quot;: null,\n        \&quot;online\&quot;: false\n    },\n    {\n        \&quot;programId\&quot;: 1316,\n        \&quot;programName\&quot;: \&quot;demo\&quot;,\n        \&quot;programDescription\&quot;: \&quot;printer\&quot;,\n        \&quot;online\&quot;: true\n    },\n    {\n        \&quot;programId\&quot;: 1317,\n        \&quot;programName\&quot;: \&quot;Chennai Super Kings\&quot;,\n        \&quot;programDescription\&quot;: \&quot;IPL Matches\&quot;,\n        \&quot;online\&quot;: true\n    },\n    {\n        \&quot;programId\&quot;: 1318,\n        \&quot;programName\&quot;: \&quot;bananas\&quot;,\n        \&quot;programDescription\&quot;: \&quot;fruits\&quot;,\n        \&quot;online\&quot;: true\n    },\n    {\n        \&quot;programId\&quot;: 1319,\n        \&quot;programName\&quot;: \&quot;Rose\&quot;,\n        \&quot;programDescription\&quot;: \&quot;flowers\&quot;,\n        \&quot;online\&quot;: true\n    },\n    {\n        \&quot;programId\&quot;: 1321,\n        \&quot;programName\&quot;: \&quot;Jewelry\&quot;,\n        \&quot;programDescription\&quot;: \&quot;crystal show\&quot;,\n        \&quot;online\&quot;: true\n    },\n    {\n        \&quot;programId\&quot;: 1322,\n        \&quot;programName\&quot;: \&quot;Rose\&quot;,\n        \&quot;programDescription\&quot;: \&quot;flowers\&quot;,\n        \&quot;online\&quot;: true\n    },\n    {\n        \&quot;programId\&quot;: 3765,\n        \&quot;programName\&quot;: \&quot;microservices\&quot;,\n        \&quot;programDescription\&quot;: \&quot;training\&quot;,\n        \&quot;online\&quot;: true\n    },\n    {\n        \&quot;programId\&quot;: 3766,\n        \&quot;programName\&quot;: \&quot;microservices\&quot;,\n        \&quot;programDescription\&quot;: \&quot;training\&quot;,\n        \&quot;online\&quot;: true\n    },\n    {\n        \&quot;programId\&quot;: 1320,\n        \&quot;programName\&quot;: \&quot;Testing\&quot;,\n        \&quot;programDescription\&quot;: \&quot;\&quot;,\n        \&quot;online\&quot;: true\n    },\n    {\n        \&quot;programId\&quot;: 1324,\n        \&quot;programName\&quot;: \&quot;string\&quot;,\n        \&quot;programDescription\&quot;: \&quot;string\&quot;,\n        \&quot;online\&quot;: true\n    },\n    {\n        \&quot;programId\&quot;: 1325,\n        \&quot;programName\&quot;: \&quot;abc\&quot;,\n        \&quot;programDescription\&quot;: \&quot;welcome\&quot;,\n        \&quot;online\&quot;: true\n    },\n    {\n        \&quot;programId\&quot;: 1326,\n        \&quot;programName\&quot;: \&quot;abc\&quot;,\n        \&quot;programDescription\&quot;: \&quot;welcome\&quot;,\n        \&quot;online\&quot;: true\n    },\n    {\n        \&quot;programId\&quot;: 3767,\n        \&quot;programName\&quot;: \&quot;microservices\&quot;,\n        \&quot;programDescription\&quot;: \&quot;training\&quot;,\n        \&quot;online\&quot;: true\n    },\n    {\n        \&quot;programId\&quot;: 1328,\n        \&quot;programName\&quot;: \&quot;cookery\&quot;,\n        \&quot;programDescription\&quot;: \&quot;cooking\&quot;,\n        \&quot;online\&quot;: true\n    },\n    {\n        \&quot;programId\&quot;: 1329,\n        \&quot;programName\&quot;: \&quot;LMS Testing Oct optional\&quot;,\n        \&quot;programDescription\&quot;: \&quot;LMS Testing Oct optional\&quot;,\n        \&quot;online\&quot;: false\n    },\n    {\n        \&quot;programId\&quot;: 1331,\n        \&quot;programName\&quot;: \&quot;LMS Testing Oct optional\&quot;,\n        \&quot;programDescription\&quot;: null,\n        \&quot;online\&quot;: false\n    },\n    {\n        \&quot;programId\&quot;: 1332,\n        \&quot;programName\&quot;: \&quot;LMS Testing Oct\&quot;,\n        \&quot;programDescription\&quot;: \&quot;LMS Testing Oct\&quot;,\n        \&quot;online\&quot;: false\n    },\n    {\n        \&quot;programId\&quot;: 9228,\n        \&quot;programName\&quot;: \&quot;Assistantabc\&quot;,\n        \&quot;programDescription\&quot;: \&quot;Tuesday_PN\&quot;,\n        \&quot;online\&quot;: true\n    },\n    {\n        \&quot;programId\&quot;: 1335,\n        \&quot;programName\&quot;: \&quot;LMS Testing Oct New\&quot;,\n        \&quot;programDescription\&quot;: \&quot;Updated Descrption oct7th New\&quot;,\n        \&quot;online\&quot;: false\n    },\n    {\n        \&quot;programId\&quot;: 3768,\n        \&quot;programName\&quot;: \&quot;microservices\&quot;,\n        \&quot;programDescription\&quot;: \&quot;training\&quot;,\n        \&quot;online\&quot;: true\n    },\n    {\n        \&quot;programId\&quot;: 1337,\n        \&quot;programName\&quot;: \&quot;string\&quot;,\n        \&quot;programDescription\&quot;: \&quot;string\&quot;,\n        \&quot;online\&quot;: true\n    },\n    {\n        \&quot;programId\&quot;: 1338,\n        \&quot;programName\&quot;: \&quot;Testing\&quot;,\n        \&quot;programDescription\&quot;: \&quot;Testing\&quot;,\n        \&quot;online\&quot;: true\n    },\n    {\n        \&quot;programId\&quot;: 1339,\n        \&quot;programName\&quot;: \&quot;string\&quot;,\n        \&quot;programDescription\&quot;: \&quot;string\&quot;,\n        \&quot;online\&quot;: true\n    },\n    {\n        \&quot;programId\&quot;: 1340,\n        \&quot;programName\&quot;: \&quot;Testing\&quot;,\n        \&quot;programDescription\&quot;: \&quot;Testing\&quot;,\n        \&quot;online\&quot;: true\n    },\n    {\n        \&quot;programId\&quot;: 3879,\n        \&quot;programName\&quot;: \&quot;string\&quot;,\n        \&quot;programDescription\&quot;: \&quot;string\&quot;,\n        \&quot;online\&quot;: true\n    },\n    {\n        \&quot;programId\&quot;: 1342,\n        \&quot;programName\&quot;: \&quot;LMS Testing Oct%%%$#New***&amp;\&quot;,\n        \&quot;programDescription\&quot;: \&quot;LMS Testing Oct\&quot;,\n        \&quot;online\&quot;: true\n    },\n    {\n        \&quot;programId\&quot;: 1343,\n        \&quot;programName\&quot;: \&quot;LMS Testing Oct%%%$#New***&amp;!!@\&quot;,\n        \&quot;programDescription\&quot;: \&quot;LMS Testing Oct\&quot;,\n        \&quot;online\&quot;: true\n    },\n    {\n        \&quot;programId\&quot;: 1346,\n        \&quot;programName\&quot;: \&quot;string\&quot;,\n        \&quot;programDescription\&quot;: \&quot;Testing\&quot;,\n        \&quot;online\&quot;: true\n    },\n    {\n        \&quot;programId\&quot;: 1347,\n        \&quot;programName\&quot;: \&quot;string\&quot;,\n        \&quot;programDescription\&quot;: \&quot;Testing\&quot;,\n        \&quot;online\&quot;: true\n    },\n    {\n        \&quot;programId\&quot;: 1389,\n        \&quot;programName\&quot;: \&quot;Name changed by PUT Request\&quot;,\n        \&quot;programDescription\&quot;: \&quot;Program Description changed by PUT\&quot;,\n        \&quot;online\&quot;: true\n    },\n    {\n        \&quot;programId\&quot;: 1390,\n        \&quot;programName\&quot;: \&quot;5 digit digit testing\&quot;,\n        \&quot;programDescription\&quot;: \&quot;programId testing\&quot;,\n        \&quot;online\&quot;: true\n    },\n    {\n        \&quot;programId\&quot;: 1349,\n        \&quot;programName\&quot;: \&quot;Selenium \&quot;,\n        \&quot;programDescription\&quot;: \&quot;data analyst\&quot;,\n        \&quot;online\&quot;: true\n    },\n    {\n        \&quot;programId\&quot;: 1400,\n        \&quot;programName\&quot;: \&quot;Name changed by PUT Request\&quot;,\n        \&quot;programDescription\&quot;: \&quot;Program Description changed by PUT\&quot;,\n        \&quot;online\&quot;: true\n    },\n    {\n        \&quot;programId\&quot;: 1351,\n        \&quot;programName\&quot;: \&quot;LMS Testing Oct\&quot;,\n        \&quot;programDescription\&quot;: \&quot;LMS Testing Oct\&quot;,\n        \&quot;online\&quot;: true\n    },\n    {\n        \&quot;programId\&quot;: 7350,\n        \&quot;programName\&quot;: \&quot;tttttttt\&quot;,\n        \&quot;programDescription\&quot;: \&quot;ttttttttttttttttt\&quot;,\n        \&quot;online\&quot;: true\n    },\n    {\n        \&quot;programId\&quot;: 1391,\n        \&quot;programName\&quot;: \&quot;5 digit digit testing\&quot;,\n        \&quot;programDescription\&quot;: \&quot;programId testing\&quot;,\n        \&quot;online\&quot;: true\n    },\n    {\n        \&quot;programId\&quot;: 1392,\n        \&quot;programName\&quot;: \&quot;5 digit digit testing\&quot;,\n        \&quot;programDescription\&quot;: \&quot;programId testing\&quot;,\n        \&quot;online\&quot;: true\n    },\n    {\n        \&quot;programId\&quot;: 1352,\n        \&quot;programName\&quot;: \&quot;in proident commodo\&quot;,\n        \&quot;programDescription\&quot;: \&quot;qui et id veniam mollit\&quot;,\n        \&quot;online\&quot;: false\n    },\n    {\n        \&quot;programId\&quot;: 1393,\n        \&quot;programName\&quot;: \&quot;5 digit digit testing\&quot;,\n        \&quot;programDescription\&quot;: \&quot;programId testing\&quot;,\n        \&quot;online\&quot;: true\n    },\n    {\n        \&quot;programId\&quot;: 1394,\n        \&quot;programName\&quot;: \&quot;j\&quot;,\n        \&quot;programDescription\&quot;: \&quot;programId testing\&quot;,\n        \&quot;online\&quot;: true\n    },\n    {\n        \&quot;programId\&quot;: 1397,\n        \&quot;programName\&quot;: \&quot;Blank testing\&quot;,\n        \&quot;programDescription\&quot;: \&quot;\&quot;,\n        \&quot;online\&quot;: true\n    },\n    {\n        \&quot;programId\&quot;: 1353,\n        \&quot;programName\&quot;: \&quot;string\&quot;,\n        \&quot;programDescription\&quot;: \&quot;string\&quot;,\n        \&quot;online\&quot;: true\n    },\n    {\n        \&quot;programId\&quot;: 1354,\n        \&quot;programName\&quot;: \&quot;string\&quot;,\n        \&quot;programDescription\&quot;: \&quot;string\&quot;,\n        \&quot;online\&quot;: true\n    },\n    {\n        \&quot;programId\&quot;: 1355,\n        \&quot;programName\&quot;: \&quot;string\&quot;,\n        \&quot;programDescription\&quot;: \&quot;string\&quot;,\n        \&quot;online\&quot;: true\n    },\n    {\n        \&quot;programId\&quot;: 1356,\n        \&quot;programName\&quot;: \&quot;in proident commodo\&quot;,\n        \&quot;programDescription\&quot;: \&quot;LMS posting\&quot;,\n        \&quot;online\&quot;: true\n    },\n    {\n        \&quot;programId\&quot;: 1357,\n        \&quot;programName\&quot;: \&quot;SDET API\&quot;,\n        \&quot;programDescription\&quot;: \&quot;LMS posting\&quot;,\n        \&quot;online\&quot;: true\n    },\n    {\n        \&quot;programId\&quot;: 1358,\n        \&quot;programName\&quot;: \&quot;SDET API\&quot;,\n        \&quot;programDescription\&quot;: \&quot;LMS posting\&quot;,\n        \&quot;online\&quot;: true\n    },\n    {\n        \&quot;programId\&quot;: 1398,\n        \&quot;programName\&quot;: \&quot;123\&quot;,\n        \&quot;programDescription\&quot;: \&quot;\&quot;,\n        \&quot;online\&quot;: true\n    },\n    {\n        \&quot;programId\&quot;: 1368,\n        \&quot;programName\&quot;: \&quot;Testing\&quot;,\n        \&quot;programDescription\&quot;: \&quot;\&quot;,\n        \&quot;online\&quot;: true\n    },\n    {\n        \&quot;programId\&quot;: 1359,\n        \&quot;programName\&quot;: \&quot;LMS updated Testing Oct\&quot;,\n        \&quot;programDescription\&quot;: \&quot;LMS updatedTesting Oct\&quot;,\n        \&quot;online\&quot;: false\n    },\n    {\n        \&quot;programId\&quot;: 1360,\n        \&quot;programName\&quot;: \&quot;SDET API\&quot;,\n        \&quot;programDescription\&quot;: \&quot;LMS posting\&quot;,\n        \&quot;online\&quot;: true\n    },\n    {\n        \&quot;programId\&quot;: 1361,\n        \&quot;programName\&quot;: \&quot;Post LMS TestingOCt7\&quot;,\n        \&quot;programDescription\&quot;: \&quot;Post LMS TestingOCt7\&quot;,\n        \&quot;online\&quot;: true\n    },\n    {\n        \&quot;programId\&quot;: 1363,\n        \&quot;programName\&quot;: \&quot;SDET API\&quot;,\n        \&quot;programDescription\&quot;: \&quot;LMS posting\&quot;,\n        \&quot;online\&quot;: true\n    },\n    {\n        \&quot;programId\&quot;: 1362,\n        \&quot;programName\&quot;: \&quot;SDET API\&quot;,\n        \&quot;programDescription\&quot;: \&quot;LMS  hsfdjkdhg posting\&quot;,\n        \&quot;online\&quot;: true\n    },\n    {\n        \&quot;programId\&quot;: 1364,\n        \&quot;programName\&quot;: \&quot;Testing\&quot;,\n        \&quot;programDescription\&quot;: \&quot;Testing\&quot;,\n        \&quot;online\&quot;: true\n    },\n    {\n        \&quot;programId\&quot;: 1365,\n        \&quot;programName\&quot;: \&quot;SDET API\&quot;,\n        \&quot;programDescription\&quot;: \&quot;LMS  hsfdjkdhg posting\&quot;,\n        \&quot;online\&quot;: true\n    },\n    {\n        \&quot;programId\&quot;: 1366,\n        \&quot;programName\&quot;: \&quot;Testing\&quot;,\n        \&quot;programDescription\&quot;: \&quot;Testing\&quot;,\n        \&quot;online\&quot;: true\n    },\n    {\n        \&quot;programId\&quot;: 1367,\n        \&quot;programName\&quot;: \&quot;SDET API\&quot;,\n        \&quot;programDescription\&quot;: \&quot;5000 programId testing\&quot;,\n        \&quot;online\&quot;: true\n    },\n    {\n        \&quot;programId\&quot;: 1369,\n        \&quot;programName\&quot;: \&quot;Testing modified\&quot;,\n        \&quot;programDescription\&quot;: \&quot;Testing modified\&quot;,\n        \&quot;online\&quot;: true\n    },\n    {\n        \&quot;programId\&quot;: 1370,\n        \&quot;programName\&quot;: \&quot;Testing for put modified\&quot;,\n        \&quot;programDescription\&quot;: \&quot;Testing modified\&quot;,\n        \&quot;online\&quot;: true\n    },\n    {\n        \&quot;programId\&quot;: 1371,\n        \&quot;programName\&quot;: \&quot;Post method\&quot;,\n        \&quot;programDescription\&quot;: \&quot;Posting\&quot;,\n        \&quot;online\&quot;: true\n    },\n    {\n        \&quot;programId\&quot;: 7412,\n        \&quot;programName\&quot;: \&quot;Backend Developer\&quot;,\n        \&quot;programDescription\&quot;: \&quot;Sql Developer\&quot;,\n        \&quot;online\&quot;: false\n    },\n    {\n        \&quot;programId\&quot;: 1373,\n        \&quot;programName\&quot;: \&quot;Post method changing to Put\&quot;,\n        \&quot;programDescription\&quot;: \&quot;700\&quot;,\n        \&quot;online\&quot;: true\n    },\n    {\n        \&quot;programId\&quot;: 1374,\n        \&quot;programName\&quot;: \&quot;Post method changing to Put\&quot;,\n        \&quot;programDescription\&quot;: \&quot; 700\&quot;,\n        \&quot;online\&quot;: true\n    },\n    {\n        \&quot;programId\&quot;: 1375,\n        \&quot;programName\&quot;: \&quot;700\&quot;,\n        \&quot;programDescription\&quot;: \&quot; 700\&quot;,\n        \&quot;online\&quot;: true\n    },\n    {\n        \&quot;programId\&quot;: 1376,\n        \&quot;programName\&quot;: \&quot;700$\&quot;,\n        \&quot;programDescription\&quot;: \&quot; 700\&quot;,\n        \&quot;online\&quot;: true\n    },\n    {\n        \&quot;programId\&quot;: 1378,\n        \&quot;programName\&quot;: \&quot;700.67\&quot;,\n        \&quot;programDescription\&quot;: \&quot; 700\&quot;,\n        \&quot;online\&quot;: true\n    },\n    {\n        \&quot;programId\&quot;: 1399,\n        \&quot;programName\&quot;: \&quot;Testing\&quot;,\n        \&quot;programDescription\&quot;: \&quot;Testing\&quot;,\n        \&quot;online\&quot;: true\n    },\n    {\n        \&quot;programId\&quot;: 1401,\n        \&quot;programName\&quot;: \&quot;Testing\&quot;,\n        \&quot;programDescription\&quot;: \&quot;Testing\&quot;,\n        \&quot;online\&quot;: true\n    },\n    {\n        \&quot;programId\&quot;: 1402,\n        \&quot;programName\&quot;: \&quot;Testing\&quot;,\n        \&quot;programDescription\&quot;: \&quot;Testing\&quot;,\n        \&quot;online\&quot;: true\n    },\n    {\n        \&quot;programId\&quot;: 1403,\n        \&quot;programName\&quot;: \&quot;Testing modified\&quot;,\n        \&quot;programDescription\&quot;: \&quot;SDET 17\&quot;,\n        \&quot;online\&quot;: true\n    },\n    {\n        \&quot;programId\&quot;: 1404,\n        \&quot;programName\&quot;: \&quot;Testing\&quot;,\n        \&quot;programDescription\&quot;: \&quot;Testing\&quot;,\n        \&quot;online\&quot;: true\n    },\n    {\n        \&quot;programId\&quot;: 1405,\n        \&quot;programName\&quot;: \&quot;SDET10-1\&quot;,\n        \&quot;programDescription\&quot;: \&quot;SDET10-1\&quot;,\n        \&quot;online\&quot;: true\n    },\n    {\n        \&quot;programId\&quot;: 1406,\n        \&quot;programName\&quot;: \&quot;SDET10-1\&quot;,\n        \&quot;programDescription\&quot;: \&quot;SDET10-1\&quot;,\n        \&quot;online\&quot;: true\n    },\n    {\n        \&quot;programId\&quot;: 7430,\n        \&quot;programName\&quot;: \&quot;Sdet38\&quot;,\n        \&quot;programDescription\&quot;: \&quot;Postman\&quot;,\n        \&quot;online\&quot;: true\n    },\n    {\n        \&quot;programId\&quot;: 9289,\n        \&quot;programName\&quot;: \&quot;now\&quot;,\n        \&quot;programDescription\&quot;: \&quot;now\&quot;,\n        \&quot;online\&quot;: true\n    },\n    {\n        \&quot;programId\&quot;: 1380,\n        \&quot;programName\&quot;: \&quot;LMStest\&quot;,\n        \&quot;programDescription\&quot;: \&quot;LMS test using postman\&quot;,\n        \&quot;online\&quot;: true\n    },\n    {\n        \&quot;programId\&quot;: 1381,\n        \&quot;programName\&quot;: \&quot;LMStest\&quot;,\n        \&quot;programDescription\&quot;: \&quot;LMS test using postman\&quot;,\n        \&quot;online\&quot;: true\n    },\n    {\n        \&quot;programId\&quot;: 1382,\n        \&quot;programName\&quot;: \&quot;Post LMS TestingOCt8\&quot;,\n        \&quot;programDescription\&quot;: \&quot;Post LMS TestingOCt8\&quot;,\n        \&quot;online\&quot;: true\n    },\n    {\n        \&quot;programId\&quot;: 9316,\n        \&quot;programName\&quot;: \&quot;QA\&quot;,\n        \&quot;programDescription\&quot;: \&quot;BASICS\&quot;,\n        \&quot;online\&quot;: true\n    },\n    {\n        \&quot;programId\&quot;: 9317,\n        \&quot;programName\&quot;: \&quot;QA\&quot;,\n        \&quot;programDescription\&quot;: \&quot;BASICS\&quot;,\n        \&quot;online\&quot;: true\n    },\n    {\n        \&quot;programId\&quot;: 1385,\n        \&quot;programName\&quot;: \&quot;SDET API\&quot;,\n        \&quot;programDescription\&quot;: \&quot;5000 programId testing\&quot;,\n        \&quot;online\&quot;: true\n    },\n    {\n        \&quot;programId\&quot;: 1386,\n        \&quot;programName\&quot;: \&quot;string\&quot;,\n        \&quot;programDescription\&quot;: \&quot;DS\&quot;,\n        \&quot;online\&quot;: true\n    },\n    {\n        \&quot;programId\&quot;: 1387,\n        \&quot;programName\&quot;: \&quot;1243254\&quot;,\n        \&quot;programDescription\&quot;: \&quot;5000 programId testing\&quot;,\n        \&quot;online\&quot;: true\n    },\n    {\n        \&quot;programId\&quot;: 1407,\n        \&quot;programName\&quot;: \&quot;SDET10-1\&quot;,\n        \&quot;programDescription\&quot;: \&quot;SDET10-1\&quot;,\n        \&quot;online\&quot;: true\n    },\n    {\n        \&quot;programId\&quot;: 1408,\n        \&quot;programName\&quot;: \&quot;string\&quot;,\n        \&quot;programDescription\&quot;: \&quot;string\&quot;,\n        \&quot;online\&quot;: true\n    },\n    {\n        \&quot;programId\&quot;: 1409,\n        \&quot;programName\&quot;: \&quot;string\&quot;,\n        \&quot;programDescription\&quot;: \&quot;string\&quot;,\n        \&quot;online\&quot;: true\n    },\n    {\n        \&quot;programId\&quot;: 1410,\n        \&quot;programName\&quot;: \&quot;Testing modified\&quot;,\n        \&quot;programDescription\&quot;: \&quot;SDET 17\&quot;,\n        \&quot;online\&quot;: true\n    },\n    {\n        \&quot;programId\&quot;: 1411,\n        \&quot;programName\&quot;: \&quot;Testing modified\&quot;,\n        \&quot;programDescription\&quot;: \&quot;SDET 17\&quot;,\n        \&quot;online\&quot;: true\n    },\n    {\n        \&quot;programId\&quot;: 1412,\n        \&quot;programName\&quot;: \&quot;Testing modified\&quot;,\n        \&quot;programDescription\&quot;: \&quot;SDET 17\&quot;,\n        \&quot;online\&quot;: true\n    },\n    {\n        \&quot;programId\&quot;: 1413,\n        \&quot;programName\&quot;: \&quot;Blank testing\&quot;,\n        \&quot;programDescription\&quot;: \&quot;\&quot;,\n        \&quot;online\&quot;: true\n    },\n    {\n        \&quot;programId\&quot;: 1414,\n        \&quot;programName\&quot;: \&quot;Blank testing\&quot;,\n        \&quot;programDescription\&quot;: \&quot;\&quot;,\n        \&quot;online\&quot;: true\n    },\n    {\n        \&quot;programId\&quot;: 1416,\n        \&quot;programName\&quot;: \&quot;string\&quot;,\n        \&quot;programDescription\&quot;: \&quot;string\&quot;,\n        \&quot;online\&quot;: true\n    },\n    {\n        \&quot;programId\&quot;: 1417,\n        \&quot;programName\&quot;: \&quot;string\&quot;,\n        \&quot;programDescription\&quot;: \&quot;string\&quot;,\n        \&quot;online\&quot;: true\n    },\n    {\n        \&quot;programId\&quot;: 1419,\n        \&quot;programName\&quot;: \&quot;Fiction\&quot;,\n        \&quot;programDescription\&quot;: \&quot;Movies\&quot;,\n        \&quot;online\&quot;: true\n    },\n    {\n        \&quot;programId\&quot;: 1422,\n        \&quot;programName\&quot;: \&quot;string\&quot;,\n        \&quot;programDescription\&quot;: \&quot;string\&quot;,\n        \&quot;online\&quot;: true\n    },\n    {\n        \&quot;programId\&quot;: 1423,\n        \&quot;programName\&quot;: \&quot;Fiction\&quot;,\n        \&quot;programDescription\&quot;: \&quot;Movies\&quot;,\n        \&quot;online\&quot;: true\n    },\n    {\n        \&quot;programId\&quot;: 1424,\n        \&quot;programName\&quot;: \&quot;Hadoop\&quot;,\n        \&quot;programDescription\&quot;: \&quot;BigData\&quot;,\n        \&quot;online\&quot;: true\n    },\n    {\n        \&quot;programId\&quot;: 1425,\n        \&quot;programName\&quot;: \&quot;string\&quot;,\n        \&quot;programDescription\&quot;: \&quot;string\&quot;,\n        \&quot;online\&quot;: true\n    },\n    {\n        \&quot;programId\&quot;: 1426,\n        \&quot;programName\&quot;: \&quot;string\&quot;,\n        \&quot;programDescription\&quot;: \&quot;string\&quot;,\n        \&quot;online\&quot;: true\n    },\n    {\n        \&quot;programId\&quot;: 1428,\n        \&quot;programName\&quot;: \&quot;string\&quot;,\n        \&quot;programDescription\&quot;: \&quot;string\&quot;,\n        \&quot;online\&quot;: true\n    },\n    {\n        \&quot;programId\&quot;: 1429,\n        \&quot;programName\&quot;: \&quot;string\&quot;,\n        \&quot;programDescription\&quot;: \&quot;string\&quot;,\n        \&quot;online\&quot;: true\n    },\n    {\n        \&quot;programId\&quot;: 1430,\n        \&quot;programName\&quot;: \&quot;string\&quot;,\n        \&quot;programDescription\&quot;: \&quot;string\&quot;,\n        \&quot;online\&quot;: true\n    },\n    {\n        \&quot;programId\&quot;: 1431,\n        \&quot;programName\&quot;: \&quot;string\&quot;,\n        \&quot;programDescription\&quot;: \&quot;this is Megha&#039;s testing script\&quot;,\n        \&quot;online\&quot;: true\n    },\n    {\n        \&quot;programId\&quot;: 1432,\n        \&quot;programName\&quot;: \&quot;string\&quot;,\n        \&quot;programDescription\&quot;: \&quot;this is Megha&#039;s testing script\&quot;,\n        \&quot;online\&quot;: true\n    },\n    {\n        \&quot;programId\&quot;: 1433,\n        \&quot;programName\&quot;: \&quot;fiction\&quot;,\n        \&quot;programDescription\&quot;: \&quot;Movies\&quot;,\n        \&quot;online\&quot;: true\n    },\n    {\n        \&quot;programId\&quot;: 1434,\n        \&quot;programName\&quot;: \&quot;fiction\&quot;,\n        \&quot;programDescription\&quot;: \&quot;Movies\&quot;,\n        \&quot;online\&quot;: true\n    },\n    {\n        \&quot;programId\&quot;: 1436,\n        \&quot;programName\&quot;: \&quot;LMStest\&quot;,\n        \&quot;programDescription\&quot;: \&quot;LMS postman\&quot;,\n        \&quot;online\&quot;: true\n    },\n    {\n        \&quot;programId\&quot;: 1437,\n        \&quot;programName\&quot;: \&quot;LMStest\&quot;,\n        \&quot;programDescription\&quot;: \&quot;LMS postman\&quot;,\n        \&quot;online\&quot;: true\n    },\n    {\n        \&quot;programId\&quot;: 1439,\n        \&quot;programName\&quot;: \&quot;string\&quot;,\n        \&quot;programDescription\&quot;: \&quot;string\&quot;,\n        \&quot;online\&quot;: true\n    },\n    {\n        \&quot;programId\&quot;: 1440,\n        \&quot;programName\&quot;: \&quot;string\&quot;,\n        \&quot;programDescription\&quot;: \&quot;string\&quot;,\n        \&quot;online\&quot;: true\n    },\n    {\n        \&quot;programId\&quot;: 1441,\n        \&quot;programName\&quot;: \&quot;string\&quot;,\n        \&quot;programDescription\&quot;: \&quot;string\&quot;,\n        \&quot;online\&quot;: true\n    },\n    {\n        \&quot;programId\&quot;: 1348,\n        \&quot;programName\&quot;: \&quot;0.00009\&quot;,\n        \&quot;programDescription\&quot;: \&quot;entered with numbers\&quot;,\n        \&quot;online\&quot;: true\n    },\n    {\n        \&quot;programId\&quot;: 1442,\n        \&quot;programName\&quot;: \&quot;string\&quot;,\n        \&quot;programDescription\&quot;: \&quot;string\&quot;,\n        \&quot;online\&quot;: true\n    },\n    {\n        \&quot;programId\&quot;: 1443,\n        \&quot;programName\&quot;: \&quot;string\&quot;,\n        \&quot;programDescription\&quot;: \&quot;string\&quot;,\n        \&quot;online\&quot;: true\n    },\n    {\n        \&quot;programId\&quot;: 1444,\n        \&quot;programName\&quot;: \&quot;string\&quot;,\n        \&quot;programDescription\&quot;: \&quot;this is Megha&#039;s testing script\&quot;,\n        \&quot;online\&quot;: true\n    },\n    {\n        \&quot;programId\&quot;: 1445,\n        \&quot;programName\&quot;: \&quot;string\&quot;,\n        \&quot;programDescription\&quot;: \&quot;string\&quot;,\n        \&quot;online\&quot;: true\n    },\n    {\n        \&quot;programId\&quot;: 1449,\n        \&quot;programName\&quot;: \&quot;Descriptionless\&quot;,\n        \&quot;programDescription\&quot;: \&quot;\&quot;,\n        \&quot;online\&quot;: true\n    },\n    {\n        \&quot;programId\&quot;: 7351,\n        \&quot;programName\&quot;: \&quot;string\&quot;,\n        \&quot;programDescription\&quot;: \&quot;string\&quot;,\n        \&quot;online\&quot;: false\n    },\n    {\n        \&quot;programId\&quot;: 1451,\n        \&quot;programName\&quot;: \&quot;Descriptionless\&quot;,\n        \&quot;programDescription\&quot;: \&quot;\&quot;,\n        \&quot;online\&quot;: true\n    },\n    {\n        \&quot;programId\&quot;: 1452,\n        \&quot;programName\&quot;: \&quot;online filed testing\&quot;,\n        \&quot;programDescription\&quot;: \&quot;entered with numbers\&quot;,\n        \&quot;online\&quot;: true\n    },\n    {\n        \&quot;programId\&quot;: 1548,\n        \&quot;programName\&quot;: \&quot;string\&quot;,\n        \&quot;programDescription\&quot;: \&quot;string\&quot;,\n        \&quot;online\&quot;: true\n    },\n    {\n        \&quot;programId\&quot;: 1453,\n        \&quot;programName\&quot;: \&quot;123\&quot;,\n        \&quot;programDescription\&quot;: \&quot;entered with numbers\&quot;,\n        \&quot;online\&quot;: true\n    },\n    {\n        \&quot;programId\&quot;: 1454,\n        \&quot;programName\&quot;: \&quot;in proident commodo\&quot;,\n        \&quot;programDescription\&quot;: \&quot;qui et id veniam mollit\&quot;,\n        \&quot;online\&quot;: false\n    },\n    {\n        \&quot;programId\&quot;: 3769,\n        \&quot;programName\&quot;: \&quot;Java 9 Training\&quot;,\n        \&quot;programDescription\&quot;: \&quot;Java 9 Training\&quot;,\n        \&quot;online\&quot;: false\n    },\n    {\n        \&quot;programId\&quot;: 1550,\n        \&quot;programName\&quot;: \&quot;nonexisting program id\&quot;,\n        \&quot;programDescription\&quot;: \&quot;nonexisting program id\&quot;,\n        \&quot;online\&quot;: true\n    },\n    {\n        \&quot;programId\&quot;: 1551,\n        \&quot;programName\&quot;: \&quot;LMS2\&quot;,\n        \&quot;programDescription\&quot;: \&quot;Test description LMS\&quot;,\n        \&quot;online\&quot;: true\n    },\n    {\n        \&quot;programId\&quot;: 1552,\n        \&quot;programName\&quot;: \&quot;LMS2\&quot;,\n        \&quot;programDescription\&quot;: \&quot;Test description LMS\&quot;,\n        \&quot;online\&quot;: true\n    },\n    {\n        \&quot;programId\&quot;: 1553,\n        \&quot;programName\&quot;: \&quot;LMS2\&quot;,\n        \&quot;programDescription\&quot;: \&quot;Test description LMS\&quot;,\n        \&quot;online\&quot;: true\n    },\n    {\n        \&quot;programId\&quot;: 9229,\n        \&quot;programName\&quot;: \&quot;lms api\&quot;,\n        \&quot;programDescription\&quot;: \&quot;lms api\&quot;,\n        \&quot;online\&quot;: true\n    },\n    {\n        \&quot;programId\&quot;: 1457,\n        \&quot;programName\&quot;: \&quot;testing\&quot;,\n        \&quot;programDescription\&quot;: \&quot;testing\&quot;,\n        \&quot;online\&quot;: true\n    },\n    {\n        \&quot;programId\&quot;: 1458,\n        \&quot;programName\&quot;: \&quot;string\&quot;,\n        \&quot;programDescription\&quot;: \&quot;string\&quot;,\n        \&quot;online\&quot;: true\n    },\n    {\n        \&quot;programId\&quot;: 1459,\n        \&quot;programName\&quot;: \&quot;string\&quot;,\n        \&quot;programDescription\&quot;: \&quot;string\&quot;,\n        \&quot;online\&quot;: true\n    },\n    {\n        \&quot;programId\&quot;: 1460,\n        \&quot;programName\&quot;: \&quot;string\&quot;,\n        \&quot;programDescription\&quot;: \&quot;string\&quot;,\n        \&quot;online\&quot;: true\n    },\n    {\n        \&quot;programId\&quot;: 1461,\n        \&quot;programName\&quot;: \&quot;testing\&quot;,\n        \&quot;programDescription\&quot;: \&quot;testing\&quot;,\n        \&quot;online\&quot;: true\n    },\n    {\n        \&quot;programId\&quot;: 1462,\n        \&quot;programName\&quot;: \&quot;string\&quot;,\n        \&quot;programDescription\&quot;: \&quot;string\&quot;,\n        \&quot;online\&quot;: true\n    },\n    {\n        \&quot;programId\&quot;: 1463,\n        \&quot;programName\&quot;: \&quot;string\&quot;,\n        \&quot;programDescription\&quot;: \&quot;string\&quot;,\n        \&quot;online\&quot;: true\n    },\n    {\n        \&quot;programId\&quot;: 1464,\n        \&quot;programName\&quot;: \&quot;testing\&quot;,\n        \&quot;programDescription\&quot;: \&quot;testing\&quot;,\n        \&quot;online\&quot;: true\n    },\n    {\n        \&quot;programId\&quot;: 1465,\n        \&quot;programName\&quot;: \&quot;testing\&quot;,\n        \&quot;programDescription\&quot;: \&quot;testing\&quot;,\n        \&quot;online\&quot;: true\n    },\n    {\n        \&quot;programId\&quot;: 1466,\n        \&quot;programName\&quot;: \&quot;testing\&quot;,\n        \&quot;programDescription\&quot;: \&quot;testing\&quot;,\n        \&quot;online\&quot;: true\n    },\n    {\n        \&quot;programId\&quot;: 1467,\n        \&quot;programName\&quot;: \&quot;testing\&quot;,\n        \&quot;programDescription\&quot;: \&quot;testing\&quot;,\n        \&quot;online\&quot;: true\n    },\n    {\n        \&quot;programId\&quot;: 1468,\n        \&quot;programName\&quot;: \&quot;testing\&quot;,\n        \&quot;programDescription\&quot;: \&quot;testing\&quot;,\n        \&quot;online\&quot;: true\n    },\n    {\n        \&quot;programId\&quot;: 1469,\n        \&quot;programName\&quot;: \&quot;testing\&quot;,\n        \&quot;programDescription\&quot;: \&quot;This is my name\&quot;,\n        \&quot;online\&quot;: true\n    },\n    {\n        \&quot;programId\&quot;: 1470,\n        \&quot;programName\&quot;: \&quot;string\&quot;,\n        \&quot;programDescription\&quot;: \&quot;string\&quot;,\n        \&quot;online\&quot;: true\n    },\n    {\n        \&quot;programId\&quot;: 1471,\n        \&quot;programName\&quot;: \&quot;string\&quot;,\n        \&quot;programDescription\&quot;: \&quot;string\&quot;,\n        \&quot;online\&quot;: true\n    },\n    {\n        \&quot;programId\&quot;: 1472,\n        \&quot;programName\&quot;: \&quot;testing\&quot;,\n        \&quot;programDescription\&quot;: \&quot;This is my name\&quot;,\n        \&quot;online\&quot;: true\n    },\n    {\n        \&quot;programId\&quot;: 1473,\n        \&quot;programName\&quot;: \&quot;#$wwfgdf%\&quot;,\n        \&quot;programDescription\&quot;: \&quot;SDET-Testing-16\&quot;,\n        \&quot;online\&quot;: true\n    },\n    {\n        \&quot;programId\&quot;: 1474,\n        \&quot;programName\&quot;: \&quot;testing\&quot;,\n        \&quot;programDescription\&quot;: \&quot;This is my name\&quot;,\n        \&quot;online\&quot;: true\n    },\n    {\n        \&quot;programId\&quot;: 1476,\n        \&quot;programName\&quot;: \&quot;testing in swagger\&quot;,\n        \&quot;programDescription\&quot;: \&quot;testing\&quot;,\n        \&quot;online\&quot;: true\n    },\n    {\n        \&quot;programId\&quot;: 1478,\n        \&quot;programName\&quot;: \&quot;t\&quot;,\n        \&quot;programDescription\&quot;: \&quot;test\&quot;,\n        \&quot;online\&quot;: true\n    },\n    {\n        \&quot;programId\&quot;: 1479,\n        \&quot;programName\&quot;: \&quot;testing in swagger\&quot;,\n        \&quot;programDescription\&quot;: \&quot;testing\&quot;,\n        \&quot;online\&quot;: true\n    },\n    {\n        \&quot;programId\&quot;: 1480,\n        \&quot;programName\&quot;: \&quot;testing in swagger\&quot;,\n        \&quot;programDescription\&quot;: \&quot;testing\&quot;,\n        \&quot;online\&quot;: true\n    },\n    {\n        \&quot;programId\&quot;: 1481,\n        \&quot;programName\&quot;: \&quot;testing in swagger\&quot;,\n        \&quot;programDescription\&quot;: \&quot;testing\&quot;,\n        \&quot;online\&quot;: true\n    },\n    {\n        \&quot;programId\&quot;: 1482,\n        \&quot;programName\&quot;: \&quot;testing in swagger\&quot;,\n        \&quot;programDescription\&quot;: \&quot;testing\&quot;,\n        \&quot;online\&quot;: true\n    },\n    {\n        \&quot;programId\&quot;: 1483,\n        \&quot;programName\&quot;: \&quot;testing in swagger\&quot;,\n        \&quot;programDescription\&quot;: \&quot;testing\&quot;,\n        \&quot;online\&quot;: true\n    },\n    {\n        \&quot;programId\&quot;: 1484,\n        \&quot;programName\&quot;: \&quot;testing in swagger\&quot;,\n        \&quot;programDescription\&quot;: \&quot;testing\&quot;,\n        \&quot;online\&quot;: true\n    },\n    {\n        \&quot;programId\&quot;: 1485,\n        \&quot;programName\&quot;: \&quot;testing in swagger\&quot;,\n        \&quot;programDescription\&quot;: \&quot;testing\&quot;,\n        \&quot;online\&quot;: true\n    },\n    {\n        \&quot;programId\&quot;: 1486,\n        \&quot;programName\&quot;: \&quot;online field testing\&quot;,\n        \&quot;programDescription\&quot;: \&quot;entered with numbers\&quot;,\n        \&quot;online\&quot;: true\n    },\n    {\n        \&quot;programId\&quot;: 1487,\n        \&quot;programName\&quot;: \&quot;online field testing\&quot;,\n        \&quot;programDescription\&quot;: \&quot;entered with numbers\&quot;,\n        \&quot;online\&quot;: true\n    },\n    {\n        \&quot;programId\&quot;: 1488,\n        \&quot;programName\&quot;: \&quot;online field testing\&quot;,\n        \&quot;programDescription\&quot;: \&quot;entered with numbers\&quot;,\n        \&quot;online\&quot;: true\n    },\n    {\n        \&quot;programId\&quot;: 1489,\n        \&quot;programName\&quot;: \&quot;online field testing\&quot;,\n        \&quot;programDescription\&quot;: \&quot;entered with numbers\&quot;,\n        \&quot;online\&quot;: true\n    },\n    {\n        \&quot;programId\&quot;: 1490,\n        \&quot;programName\&quot;: \&quot;t\&quot;,\n        \&quot;programDescription\&quot;: \&quot;test\&quot;,\n        \&quot;online\&quot;: true\n    },\n    {\n        \&quot;programId\&quot;: 1491,\n        \&quot;programName\&quot;: \&quot;testing in swagger\&quot;,\n        \&quot;programDescription\&quot;: \&quot;testing\&quot;,\n        \&quot;online\&quot;: true\n    },\n    {\n        \&quot;programId\&quot;: 1492,\n        \&quot;programName\&quot;: \&quot;testing in swagger\&quot;,\n        \&quot;programDescription\&quot;: \&quot;testing\&quot;,\n        \&quot;online\&quot;: true\n    },\n    {\n        \&quot;programId\&quot;: 1493,\n        \&quot;programName\&quot;: \&quot;New1\&quot;,\n        \&quot;programDescription\&quot;: \&quot;First new user\&quot;,\n        \&quot;online\&quot;: true\n    },\n    {\n        \&quot;programId\&quot;: 1494,\n        \&quot;programName\&quot;: \&quot;string\&quot;,\n        \&quot;programDescription\&quot;: \&quot;string\&quot;,\n        \&quot;online\&quot;: true\n    },\n    {\n        \&quot;programId\&quot;: 3770,\n        \&quot;programName\&quot;: \&quot;Java 10 Training\&quot;,\n        \&quot;programDescription\&quot;: \&quot;Java 10 Training\&quot;,\n        \&quot;online\&quot;: false\n    },\n    {\n        \&quot;programId\&quot;: 1496,\n        \&quot;programName\&quot;: \&quot;string\&quot;,\n        \&quot;programDescription\&quot;: \&quot;string\&quot;,\n        \&quot;online\&quot;: true\n    },\n    {\n        \&quot;programId\&quot;: 1497,\n        \&quot;programName\&quot;: \&quot;null testing\&quot;,\n        \&quot;programDescription\&quot;: \&quot;testing\&quot;,\n        \&quot;online\&quot;: true\n    },\n    {\n        \&quot;programId\&quot;: 1498,\n        \&quot;programName\&quot;: \&quot;string\&quot;,\n        \&quot;programDescription\&quot;: \&quot;string\&quot;,\n        \&quot;online\&quot;: true\n    },\n    {\n        \&quot;programId\&quot;: 3771,\n        \&quot;programName\&quot;: \&quot;Spring boot traning\&quot;,\n        \&quot;programDescription\&quot;: \&quot;Spring Boot\&quot;,\n        \&quot;online\&quot;: false\n    },\n    {\n        \&quot;programId\&quot;: 1502,\n        \&quot;programName\&quot;: \&quot;string\&quot;,\n        \&quot;programDescription\&quot;: \&quot;string\&quot;,\n        \&quot;online\&quot;: true\n    },\n    {\n        \&quot;programId\&quot;: 1503,\n        \&quot;programName\&quot;: \&quot;Int\&quot;,\n        \&quot;programDescription\&quot;: \&quot;Integer\&quot;,\n        \&quot;online\&quot;: true\n    },\n    {\n        \&quot;programId\&quot;: 1504,\n        \&quot;programName\&quot;: \&quot;string\&quot;,\n        \&quot;programDescription\&quot;: \&quot;string\&quot;,\n        \&quot;online\&quot;: true\n    },\n    {\n        \&quot;programId\&quot;: 1505,\n        \&quot;programName\&quot;: \&quot;string\&quot;,\n        \&quot;programDescription\&quot;: \&quot;string\&quot;,\n        \&quot;online\&quot;: true\n    },\n    {\n        \&quot;programId\&quot;: 1506,\n        \&quot;programName\&quot;: \&quot;multiple digit testing\&quot;,\n        \&quot;programDescription\&quot;: \&quot;programId testing\&quot;,\n        \&quot;online\&quot;: true\n    },\n    {\n        \&quot;programId\&quot;: 9230,\n        \&quot;programName\&quot;: \&quot;lms api\&quot;,\n        \&quot;programDescription\&quot;: \&quot;lms api\&quot;,\n        \&quot;online\&quot;: true\n    },\n    {\n        \&quot;programId\&quot;: 1508,\n        \&quot;programName\&quot;: \&quot;string\&quot;,\n        \&quot;programDescription\&quot;: \&quot;string\&quot;,\n        \&quot;online\&quot;: true\n    },\n    {\n        \&quot;programId\&quot;: 1510,\n        \&quot;programName\&quot;: \&quot;0.009\&quot;,\n        \&quot;programDescription\&quot;: \&quot;string\&quot;,\n        \&quot;online\&quot;: true\n    },\n    {\n        \&quot;programId\&quot;: 1511,\n        \&quot;programName\&quot;: \&quot;online filed testing\&quot;,\n        \&quot;programDescription\&quot;: \&quot;entered with numbers\&quot;,\n        \&quot;online\&quot;: true\n    },\n    {\n        \&quot;programId\&quot;: 1512,\n        \&quot;programName\&quot;: \&quot;0.009\&quot;,\n        \&quot;programDescription\&quot;: \&quot;string\&quot;,\n        \&quot;online\&quot;: true\n    },\n    {\n        \&quot;programId\&quot;: 1513,\n        \&quot;programName\&quot;: \&quot;Blank testing\&quot;,\n        \&quot;programDescription\&quot;: \&quot;\&quot;,\n        \&quot;online\&quot;: true\n    },\n    {\n        \&quot;programId\&quot;: 1554,\n        \&quot;programName\&quot;: \&quot;LMS2\&quot;,\n        \&quot;programDescription\&quot;: \&quot;Test description LMS\&quot;,\n        \&quot;online\&quot;: true\n    },\n    {\n        \&quot;programId\&quot;: 1509,\n        \&quot;programName\&quot;: \&quot;java\&quot;,\n        \&quot;programDescription\&quot;: \&quot;java Program\&quot;,\n        \&quot;online\&quot;: true\n    },\n    {\n        \&quot;programId\&quot;: 1555,\n        \&quot;programName\&quot;: \&quot;LMS2\&quot;,\n        \&quot;programDescription\&quot;: \&quot;Test description LMS\&quot;,\n        \&quot;online\&quot;: true\n    },\n    {\n        \&quot;programId\&quot;: 500,\n        \&quot;programName\&quot;: \&quot;Testing\&quot;,\n        \&quot;programDescription\&quot;: \&quot;Testing\&quot;,\n        \&quot;online\&quot;: false\n    },\n    {\n        \&quot;programId\&quot;: 1514,\n        \&quot;programName\&quot;: \&quot;Int\&quot;,\n        \&quot;programDescription\&quot;: \&quot;Integer\&quot;,\n        \&quot;online\&quot;: true\n    },\n    {\n        \&quot;programId\&quot;: 1557,\n        \&quot;programName\&quot;: \&quot;cucumber learning modified\&quot;,\n        \&quot;programDescription\&quot;: \&quot;cucumber learning\&quot;,\n        \&quot;online\&quot;: false\n    },\n    {\n        \&quot;programId\&quot;: 555,\n        \&quot;programName\&quot;: \&quot;selenium\&quot;,\n        \&quot;programDescription\&quot;: \&quot;selenium for automating scripts\&quot;,\n        \&quot;online\&quot;: true\n    },\n    {\n        \&quot;programId\&quot;: 1515,\n        \&quot;programName\&quot;: \&quot;string\&quot;,\n        \&quot;programDescription\&quot;: \&quot;string\&quot;,\n        \&quot;online\&quot;: true\n    },\n    {\n        \&quot;programId\&quot;: 1516,\n        \&quot;programName\&quot;: \&quot;string\&quot;,\n        \&quot;programDescription\&quot;: \&quot;string\&quot;,\n        \&quot;online\&quot;: true\n    },\n    {\n        \&quot;programId\&quot;: 1585,\n        \&quot;programName\&quot;: \&quot;Test\&quot;,\n        \&quot;programDescription\&quot;: \&quot;C6\&quot;,\n        \&quot;online\&quot;: true\n    },\n    {\n        \&quot;programId\&quot;: 1518,\n        \&quot;programName\&quot;: \&quot;string\&quot;,\n        \&quot;programDescription\&quot;: \&quot;string\&quot;,\n        \&quot;online\&quot;: true\n    },\n    {\n        \&quot;programId\&quot;: 1519,\n        \&quot;programName\&quot;: \&quot;string\&quot;,\n        \&quot;programDescription\&quot;: \&quot;string\&quot;,\n        \&quot;online\&quot;: true\n    },\n    {\n        \&quot;programId\&quot;: 1520,\n        \&quot;programName\&quot;: \&quot;70\&quot;,\n        \&quot;programDescription\&quot;: \&quot;70\&quot;,\n        \&quot;online\&quot;: true\n    },\n    {\n        \&quot;programId\&quot;: 1522,\n        \&quot;programName\&quot;: \&quot;New user1\&quot;,\n        \&quot;programDescription\&quot;: \&quot;Second new user2\&quot;,\n        \&quot;online\&quot;: true\n    },\n    {\n        \&quot;programId\&quot;: 1523,\n        \&quot;programName\&quot;: \&quot;New check1\&quot;,\n        \&quot;programDescription\&quot;: \&quot;\&quot;,\n        \&quot;online\&quot;: true\n    },\n    {\n        \&quot;programId\&quot;: 1524,\n        \&quot;programName\&quot;: \&quot;string\&quot;,\n        \&quot;programDescription\&quot;: \&quot;string1\&quot;,\n        \&quot;online\&quot;: true\n    },\n    {\n        \&quot;programId\&quot;: 1525,\n        \&quot;programName\&quot;: \&quot;string\&quot;,\n        \&quot;programDescription\&quot;: \&quot;string1\&quot;,\n        \&quot;online\&quot;: true\n    },\n    {\n        \&quot;programId\&quot;: 1526,\n        \&quot;programName\&quot;: \&quot;string\&quot;,\n        \&quot;programDescription\&quot;: \&quot;string1\&quot;,\n        \&quot;online\&quot;: true\n    },\n    {\n        \&quot;programId\&quot;: 1527,\n        \&quot;programName\&quot;: \&quot;string\&quot;,\n        \&quot;programDescription\&quot;: \&quot;string1\&quot;,\n        \&quot;online\&quot;: true\n    },\n    {\n        \&quot;programId\&quot;: 1529,\n        \&quot;programName\&quot;: \&quot;string\&quot;,\n        \&quot;programDescription\&quot;: \&quot;string1\&quot;,\n        \&quot;online\&quot;: true\n    },\n    {\n        \&quot;programId\&quot;: 1415,\n        \&quot;programName\&quot;: \&quot;Testing modified\&quot;,\n        \&quot;programDescription\&quot;: \&quot;SDET 17\&quot;,\n        \&quot;online\&quot;: true\n    },\n    {\n        \&quot;programId\&quot;: 1530,\n        \&quot;programName\&quot;: \&quot;this\&quot;,\n        \&quot;programDescription\&quot;: \&quot;SDET-Testing-16\&quot;,\n        \&quot;online\&quot;: true\n    },\n    {\n        \&quot;programId\&quot;: 1531,\n        \&quot;programName\&quot;: \&quot;this is\&quot;,\n        \&quot;programDescription\&quot;: \&quot;SDET-Testing-16\&quot;,\n        \&quot;online\&quot;: true\n    },\n    {\n        \&quot;programId\&quot;: 1532,\n        \&quot;programName\&quot;: \&quot;ML\&quot;,\n        \&quot;programDescription\&quot;: \&quot;Datascience\&quot;,\n        \&quot;online\&quot;: true\n    },\n    {\n        \&quot;programId\&quot;: 1533,\n        \&quot;programName\&quot;: \&quot;string\&quot;,\n        \&quot;programDescription\&quot;: \&quot;string\&quot;,\n        \&quot;online\&quot;: true\n    },\n    {\n        \&quot;programId\&quot;: 1535,\n        \&quot;programName\&quot;: \&quot;JAVA 280 for testing\&quot;,\n        \&quot;programDescription\&quot;: \&quot;JAVA 280 for testing by shuba\&quot;,\n        \&quot;online\&quot;: false\n    },\n    {\n        \&quot;programId\&quot;: 1536,\n        \&quot;programName\&quot;: \&quot;string\&quot;,\n        \&quot;programDescription\&quot;: \&quot;string\&quot;,\n        \&quot;online\&quot;: true\n    },\n    {\n        \&quot;programId\&quot;: 1537,\n        \&quot;programName\&quot;: \&quot;dcdstring\&quot;,\n        \&quot;programDescription\&quot;: \&quot;string\&quot;,\n        \&quot;online\&quot;: true\n    },\n    {\n        \&quot;programId\&quot;: 1538,\n        \&quot;programName\&quot;: \&quot;online filed testing\&quot;,\n        \&quot;programDescription\&quot;: \&quot;entered with numbers\&quot;,\n        \&quot;online\&quot;: true\n    },\n    {\n        \&quot;programId\&quot;: 1539,\n        \&quot;programName\&quot;: \&quot;multiple digit testing\&quot;,\n        \&quot;programDescription\&quot;: \&quot;programId testing\&quot;,\n        \&quot;online\&quot;: true\n    },\n    {\n        \&quot;programId\&quot;: 1540,\n        \&quot;programName\&quot;: \&quot;aliqu\&quot;,\n        \&quot;programDescription\&quot;: \&quot;nisi proident sit\&quot;,\n        \&quot;online\&quot;: true\n    },\n    {\n        \&quot;programId\&quot;: 1534,\n        \&quot;programName\&quot;: \&quot;Testing modified monika 73\&quot;,\n        \&quot;programDescription\&quot;: \&quot;Testing modified 73\&quot;,\n        \&quot;online\&quot;: true\n    },\n    {\n        \&quot;programId\&quot;: 1541,\n        \&quot;programName\&quot;: \&quot;Testing modified monika 73\&quot;,\n        \&quot;programDescription\&quot;: \&quot;Testing modified 73\&quot;,\n        \&quot;online\&quot;: true\n    },\n    {\n        \&quot;programId\&quot;: 1543,\n        \&quot;programName\&quot;: \&quot;JAVA 280 for testing\&quot;,\n        \&quot;programDescription\&quot;: \&quot;JAVA 280 for testing by shuba\&quot;,\n        \&quot;online\&quot;: false\n    },\n    {\n        \&quot;programId\&quot;: 1544,\n        \&quot;programName\&quot;: \&quot;JAVA 280 for testing\&quot;,\n        \&quot;programDescription\&quot;: \&quot;JAVA 280 for testing by shuba\&quot;,\n        \&quot;online\&quot;: false\n    },\n    {\n        \&quot;programId\&quot;: 1545,\n        \&quot;programName\&quot;: \&quot;JAVA 280 for testing\&quot;,\n        \&quot;programDescription\&quot;: \&quot;JAVA 280 for testing by shuba\&quot;,\n        \&quot;online\&quot;: false\n    },\n    {\n        \&quot;programId\&quot;: 1546,\n        \&quot;programName\&quot;: \&quot;JAVA 280 for testing\&quot;,\n        \&quot;programDescription\&quot;: \&quot;JAVA 280 for testing by shuba\&quot;,\n        \&quot;online\&quot;: false\n    },\n    {\n        \&quot;programId\&quot;: 1547,\n        \&quot;programName\&quot;: \&quot;JAVA 280 for testing\&quot;,\n        \&quot;programDescription\&quot;: \&quot;JAVA 280 for testing by shuba\&quot;,\n        \&quot;online\&quot;: false\n    },\n    {\n        \&quot;programId\&quot;: 1559,\n        \&quot;programName\&quot;: \&quot;cucumber learning modified\&quot;,\n        \&quot;programDescription\&quot;: \&quot;cucumber learning\&quot;,\n        \&quot;online\&quot;: false\n    },\n    {\n        \&quot;programId\&quot;: 1561,\n        \&quot;programName\&quot;: \&quot;cucumber learning modified\&quot;,\n        \&quot;programDescription\&quot;: \&quot;cucumber learning\&quot;,\n        \&quot;online\&quot;: false\n    },\n    {\n        \&quot;programId\&quot;: 1570,\n        \&quot;programName\&quot;: \&quot;s1\&quot;,\n        \&quot;programDescription\&quot;: \&quot;s1\&quot;,\n        \&quot;online\&quot;: true\n    },\n    {\n        \&quot;programId\&quot;: 1564,\n        \&quot;programName\&quot;: \&quot;current check\&quot;,\n        \&quot;programDescription\&quot;: \&quot;current check\&quot;,\n        \&quot;online\&quot;: true\n    },\n    {\n        \&quot;programId\&quot;: 1569,\n        \&quot;programName\&quot;: \&quot;collection run\&quot;,\n        \&quot;programDescription\&quot;: \&quot;collection run\&quot;,\n        \&quot;online\&quot;: true\n    },\n    {\n        \&quot;programId\&quot;: 1571,\n        \&quot;programName\&quot;: \&quot;s2\&quot;,\n        \&quot;programDescription\&quot;: \&quot;s2\&quot;,\n        \&quot;online\&quot;: true\n    },\n    {\n        \&quot;programId\&quot;: 1573,\n        \&quot;programName\&quot;: \&quot;s3\&quot;,\n        \&quot;programDescription\&quot;: \&quot;s3\&quot;,\n        \&quot;online\&quot;: true\n    },\n    {\n        \&quot;programId\&quot;: 1574,\n        \&quot;programName\&quot;: \&quot;s4\&quot;,\n        \&quot;programDescription\&quot;: \&quot;s4\&quot;,\n        \&quot;online\&quot;: true\n    },\n    {\n        \&quot;programId\&quot;: 1575,\n        \&quot;programName\&quot;: \&quot;string\&quot;,\n        \&quot;programDescription\&quot;: \&quot;string\&quot;,\n        \&quot;online\&quot;: true\n    },\n    {\n        \&quot;programId\&quot;: 1576,\n        \&quot;programName\&quot;: \&quot;newstring\&quot;,\n        \&quot;programDescription\&quot;: \&quot;string\&quot;,\n        \&quot;online\&quot;: true\n    },\n    {\n        \&quot;programId\&quot;: 1580,\n        \&quot;programName\&quot;: \&quot;123\&quot;,\n        \&quot;programDescription\&quot;: \&quot;\&quot;,\n        \&quot;online\&quot;: true\n    },\n    {\n        \&quot;programId\&quot;: 1582,\n        \&quot;programName\&quot;: \&quot;333\&quot;,\n        \&quot;programDescription\&quot;: \&quot;\&quot;,\n        \&quot;online\&quot;: true\n    },\n    {\n        \&quot;programId\&quot;: 1584,\n        \&quot;programName\&quot;: \&quot;33\&quot;,\n        \&quot;programDescription\&quot;: \&quot;\&quot;,\n        \&quot;online\&quot;: true\n    },\n    {\n        \&quot;programId\&quot;: 1542,\n        \&quot;programName\&quot;: \&quot;fdgfdhfdhg field testing\&quot;,\n        \&quot;programDescription\&quot;: \&quot;da45656ssh\&quot;,\n        \&quot;online\&quot;: true\n    },\n    {\n        \&quot;programId\&quot;: 1587,\n        \&quot;programName\&quot;: \&quot;c7\&quot;,\n        \&quot;programDescription\&quot;: \&quot;\&quot;,\n        \&quot;online\&quot;: false\n    },\n    {\n        \&quot;programId\&quot;: 1586,\n        \&quot;programName\&quot;: \&quot;c7\&quot;,\n        \&quot;programDescription\&quot;: \&quot;\&quot;,\n        \&quot;online\&quot;: false\n    },\n    {\n        \&quot;programId\&quot;: 1588,\n        \&quot;programName\&quot;: \&quot;c7\&quot;,\n        \&quot;programDescription\&quot;: \&quot;c8\&quot;,\n        \&quot;online\&quot;: false\n    },\n    {\n        \&quot;programId\&quot;: 1589,\n        \&quot;programName\&quot;: \&quot;c8\&quot;,\n        \&quot;programDescription\&quot;: \&quot;c8\&quot;,\n        \&quot;online\&quot;: false\n    },\n    {\n        \&quot;programId\&quot;: 1590,\n        \&quot;programName\&quot;: \&quot;erer\&quot;,\n        \&quot;programDescription\&quot;: \&quot;Cstring\&quot;,\n        \&quot;online\&quot;: true\n    },\n    {\n        \&quot;programId\&quot;: 1455,\n        \&quot;programName\&quot;: \&quot;@#$\&quot;,\n        \&quot;programDescription\&quot;: \&quot;\&quot;,\n        \&quot;online\&quot;: true\n    },\n    {\n        \&quot;programId\&quot;: 750,\n        \&quot;programName\&quot;: \&quot;Testing\&quot;,\n        \&quot;programDescription\&quot;: \&quot;Tseting\&quot;,\n        \&quot;online\&quot;: true\n    },\n    {\n        \&quot;programId\&quot;: 1591,\n        \&quot;programName\&quot;: \&quot;erer\&quot;,\n        \&quot;programDescription\&quot;: \&quot;Cstring\&quot;,\n        \&quot;online\&quot;: true\n    },\n    {\n        \&quot;programId\&quot;: 1592,\n        \&quot;programName\&quot;: \&quot;c8\&quot;,\n        \&quot;programDescription\&quot;: \&quot;c8\&quot;,\n        \&quot;online\&quot;: false\n    },\n    {\n        \&quot;programId\&quot;: 1593,\n        \&quot;programName\&quot;: \&quot;string\&quot;,\n        \&quot;programDescription\&quot;: \&quot;string\&quot;,\n        \&quot;online\&quot;: true\n    },\n    {\n        \&quot;programId\&quot;: 1594,\n        \&quot;programName\&quot;: \&quot;c8\&quot;,\n        \&quot;programDescription\&quot;: \&quot;c8\&quot;,\n        \&quot;online\&quot;: true\n    },\n    {\n        \&quot;programId\&quot;: 1595,\n        \&quot;programName\&quot;: \&quot;c8\&quot;,\n        \&quot;programDescription\&quot;: \&quot;c8\&quot;,\n        \&quot;online\&quot;: true\n    },\n    {\n        \&quot;programId\&quot;: 1596,\n        \&quot;programName\&quot;: \&quot;c8\&quot;,\n        \&quot;programDescription\&quot;: \&quot;c8\&quot;,\n        \&quot;online\&quot;: true\n    },\n    {\n        \&quot;programId\&quot;: 1597,\n        \&quot;programName\&quot;: \&quot;c8\&quot;,\n        \&quot;programDescription\&quot;: \&quot;c8\&quot;,\n        \&quot;online\&quot;: true\n    },\n    {\n        \&quot;programId\&quot;: 1598,\n        \&quot;programName\&quot;: \&quot;c8\&quot;,\n        \&quot;programDescription\&quot;: \&quot;c8\&quot;,\n        \&quot;online\&quot;: true\n    },\n    {\n        \&quot;programId\&quot;: 1599,\n        \&quot;programName\&quot;: \&quot;c8\&quot;,\n        \&quot;programDescription\&quot;: \&quot;c8\&quot;,\n        \&quot;online\&quot;: true\n    },\n    {\n        \&quot;programId\&quot;: 1600,\n        \&quot;programName\&quot;: \&quot;c8\&quot;,\n        \&quot;programDescription\&quot;: \&quot;c8\&quot;,\n        \&quot;online\&quot;: true\n    },\n    {\n        \&quot;programId\&quot;: 3773,\n        \&quot;programName\&quot;: \&quot;Spring boot traning\&quot;,\n        \&quot;programDescription\&quot;: \&quot;Spring Boot\&quot;,\n        \&quot;online\&quot;: false\n    },\n    {\n        \&quot;programId\&quot;: 1602,\n        \&quot;programName\&quot;: \&quot;c8\&quot;,\n        \&quot;programDescription\&quot;: \&quot;c8\&quot;,\n        \&quot;online\&quot;: true\n    },\n    {\n        \&quot;programId\&quot;: 1603,\n        \&quot;programName\&quot;: \&quot;c8\&quot;,\n        \&quot;programDescription\&quot;: \&quot;c8\&quot;,\n        \&quot;online\&quot;: true\n    },\n    {\n        \&quot;programId\&quot;: 1605,\n        \&quot;programName\&quot;: \&quot;c8\&quot;,\n        \&quot;programDescription\&quot;: \&quot;c8\&quot;,\n        \&quot;online\&quot;: true\n    },\n    {\n        \&quot;programId\&quot;: 1606,\n        \&quot;programName\&quot;: \&quot;SDET\&quot;,\n        \&quot;programDescription\&quot;: \&quot;SDET,API,WEB,Mobile,UAT Testing\&quot;,\n        \&quot;online\&quot;: false\n    },\n    {\n        \&quot;programId\&quot;: 1607,\n        \&quot;programName\&quot;: \&quot;Adding test record\&quot;,\n        \&quot;programDescription\&quot;: \&quot;Adding test record\&quot;,\n        \&quot;online\&quot;: true\n    },\n    {\n        \&quot;programId\&quot;: 1608,\n        \&quot;programName\&quot;: \&quot;Adding test record\&quot;,\n        \&quot;programDescription\&quot;: \&quot;Adding test record\&quot;,\n        \&quot;online\&quot;: false\n    },\n    {\n        \&quot;programId\&quot;: 1609,\n        \&quot;programName\&quot;: \&quot;Adding test record\&quot;,\n        \&quot;programDescription\&quot;: \&quot;Adding test record\&quot;,\n        \&quot;online\&quot;: true\n    },\n    {\n        \&quot;programId\&quot;: 1610,\n        \&quot;programName\&quot;: \&quot;Adding test record\&quot;,\n        \&quot;programDescription\&quot;: \&quot;Adding test record\&quot;,\n        \&quot;online\&quot;: true\n    },\n    {\n        \&quot;programId\&quot;: 1611,\n        \&quot;programName\&quot;: \&quot;Modified\&quot;,\n        \&quot;programDescription\&quot;: \&quot;Modified\&quot;,\n        \&quot;online\&quot;: true\n    },\n    {\n        \&quot;programId\&quot;: 1612,\n        \&quot;programName\&quot;: \&quot;string\&quot;,\n        \&quot;programDescription\&quot;: \&quot;string\&quot;,\n        \&quot;online\&quot;: true\n    },\n    {\n        \&quot;programId\&quot;: 1613,\n        \&quot;programName\&quot;: \&quot;string\&quot;,\n        \&quot;programDescription\&quot;: \&quot;this is Megha&#039;s testing script\&quot;,\n        \&quot;online\&quot;: true\n    },\n    {\n        \&quot;programId\&quot;: 3774,\n        \&quot;programName\&quot;: \&quot;api dev\&quot;,\n        \&quot;programDescription\&quot;: \&quot;api dev \&quot;,\n        \&quot;online\&quot;: false\n    },\n    {\n        \&quot;programId\&quot;: 1615,\n        \&quot;programName\&quot;: \&quot;c8\&quot;,\n        \&quot;programDescription\&quot;: \&quot;c8\&quot;,\n        \&quot;online\&quot;: true\n    },\n    {\n        \&quot;programId\&quot;: 1616,\n        \&quot;programName\&quot;: \&quot;c8\&quot;,\n        \&quot;programDescription\&quot;: \&quot;c8\&quot;,\n        \&quot;online\&quot;: true\n    },\n    {\n        \&quot;programId\&quot;: 1617,\n        \&quot;programName\&quot;: \&quot;Validate Test\&quot;,\n        \&quot;programDescription\&quot;: \&quot;Validate Test\&quot;,\n        \&quot;online\&quot;: true\n    },\n    {\n        \&quot;programId\&quot;: 1618,\n        \&quot;programName\&quot;: \&quot;newstring\&quot;,\n        \&quot;programDescription\&quot;: \&quot;string\&quot;,\n        \&quot;online\&quot;: true\n    },\n    {\n        \&quot;programId\&quot;: 1708,\n        \&quot;programName\&quot;: \&quot;string\&quot;,\n        \&quot;programDescription\&quot;: \&quot;this is Megha&#039;s testing script\&quot;,\n        \&quot;online\&quot;: true\n    },\n    {\n        \&quot;programId\&quot;: 1619,\n        \&quot;programName\&quot;: \&quot;newstring\&quot;,\n        \&quot;programDescription\&quot;: \&quot;update programName\&quot;,\n        \&quot;online\&quot;: true\n    },\n    {\n        \&quot;programId\&quot;: 1641,\n        \&quot;programName\&quot;: \&quot;SDET19 Testoct18th\&quot;,\n        \&quot;programDescription\&quot;: \&quot;SDET19 Testoct18th\&quot;,\n        \&quot;online\&quot;: false\n    },\n    {\n        \&quot;programId\&quot;: 1642,\n        \&quot;programName\&quot;: \&quot;nonexisting program id\&quot;,\n        \&quot;programDescription\&quot;: \&quot;nonexisting program id\&quot;,\n        \&quot;online\&quot;: true\n    },\n    {\n        \&quot;programId\&quot;: 1644,\n        \&quot;programName\&quot;: \&quot;string\&quot;,\n        \&quot;programDescription\&quot;: \&quot;string\&quot;,\n        \&quot;online\&quot;: true\n    },\n    {\n        \&quot;programId\&quot;: 1709,\n        \&quot;programName\&quot;: \&quot;Selenium\&quot;,\n        \&quot;programDescription\&quot;: \&quot;API Testing\&quot;,\n        \&quot;online\&quot;: true\n    },\n    {\n        \&quot;programId\&quot;: 1710,\n        \&quot;programName\&quot;: \&quot;swagger_rest_contract_testing\&quot;,\n        \&quot;programDescription\&quot;: \&quot;API_Change\&quot;,\n        \&quot;online\&quot;: true\n    },\n    {\n        \&quot;programId\&quot;: 7352,\n        \&quot;programName\&quot;: \&quot;string\&quot;,\n        \&quot;programDescription\&quot;: \&quot;string\&quot;,\n        \&quot;online\&quot;: false\n    },\n    {\n        \&quot;programId\&quot;: 7353,\n        \&quot;programName\&quot;: \&quot;Angular\&quot;,\n        \&quot;programDescription\&quot;: \&quot;Wwwwwwwwwwwwwwww\&quot;,\n        \&quot;online\&quot;: true\n    },\n    {\n        \&quot;programId\&quot;: 1721,\n        \&quot;programName\&quot;: \&quot;Salesforce Certified Developer\&quot;,\n        \&quot;programDescription\&quot;: \&quot;Changed by shuba earlier Added by monika from POSTMAN\&quot;,\n        \&quot;online\&quot;: true\n    },\n    {\n        \&quot;programId\&quot;: 1678,\n        \&quot;programName\&quot;: \&quot;1678testing\&quot;,\n        \&quot;programDescription\&quot;: \&quot;string\&quot;,\n        \&quot;online\&quot;: true\n    },\n    {\n        \&quot;programId\&quot;: 1712,\n        \&quot;programName\&quot;: \&quot;Selenium\&quot;,\n        \&quot;programDescription\&quot;: \&quot;API Testing\&quot;,\n        \&quot;online\&quot;: true\n    },\n    {\n        \&quot;programId\&quot;: 1713,\n        \&quot;programName\&quot;: \&quot;Random\&quot;,\n        \&quot;programDescription\&quot;: \&quot;Numbers\&quot;,\n        \&quot;online\&quot;: true\n    },\n    {\n        \&quot;programId\&quot;: 1643,\n        \&quot;programName\&quot;: \&quot;0.0009\&quot;,\n        \&quot;programDescription\&quot;: \&quot;entered with numbers\&quot;,\n        \&quot;online\&quot;: false\n    },\n    {\n        \&quot;programId\&quot;: 1645,\n        \&quot;programName\&quot;: \&quot;QA Testing By Baisali_2\&quot;,\n        \&quot;programDescription\&quot;: \&quot;POSTMAN Swagger Api Testing By Baisali\&quot;,\n        \&quot;online\&quot;: true\n    },\n    {\n        \&quot;programId\&quot;: 1604,\n        \&quot;programName\&quot;: \&quot;QA Testing By Baisali_2\&quot;,\n        \&quot;programDescription\&quot;: \&quot;POSTMAN Swagger Api Testing By Baisali\&quot;,\n        \&quot;online\&quot;: true\n    },\n    {\n        \&quot;programId\&quot;: 1646,\n        \&quot;programName\&quot;: \&quot;QA Testing By Baisali_3\&quot;,\n        \&quot;programDescription\&quot;: \&quot;POSTMAN Swagger Api Testing By Baisali\&quot;,\n        \&quot;online\&quot;: true\n    },\n    {\n        \&quot;programId\&quot;: 1647,\n        \&quot;programName\&quot;: \&quot;QA Testing By Baisali_3\&quot;,\n        \&quot;programDescription\&quot;: \&quot;POSTMAN Swagger Api Testing By Baisali\&quot;,\n        \&quot;online\&quot;: true\n    },\n    {\n        \&quot;programId\&quot;: 1648,\n        \&quot;programName\&quot;: \&quot;POSTMAN_Test\&quot;,\n        \&quot;programDescription\&quot;: \&quot;POSTMAN Swagger Api Testing Done By Baisali\&quot;,\n        \&quot;online\&quot;: false\n    },\n    {\n        \&quot;programId\&quot;: 1649,\n        \&quot;programName\&quot;: \&quot;POSTMAN_Test\&quot;,\n        \&quot;programDescription\&quot;: \&quot;POSTMAN Swagger Api Testing Done By Baisali\&quot;,\n        \&quot;online\&quot;: false\n    },\n    {\n        \&quot;programId\&quot;: 1650,\n        \&quot;programName\&quot;: \&quot;Postman Test-1\&quot;,\n        \&quot;programDescription\&quot;: \&quot;POSTMAN Swagger Api Testing Done By Baisali\&quot;,\n        \&quot;online\&quot;: true\n    },\n    {\n        \&quot;programId\&quot;: 1651,\n        \&quot;programName\&quot;: \&quot;SDET19 Testoct18th\&quot;,\n        \&quot;programDescription\&quot;: \&quot;SDET19 Testoct18th\&quot;,\n        \&quot;online\&quot;: false\n    },\n    {\n        \&quot;programId\&quot;: 1652,\n        \&quot;programName\&quot;: \&quot;SDET\&quot;,\n        \&quot;programDescription\&quot;: \&quot;SDET,API,WEB,Mobile,UAT Testing\&quot;,\n        \&quot;online\&quot;: false\n    },\n    {\n        \&quot;programId\&quot;: 1653,\n        \&quot;programName\&quot;: \&quot;PostTest SDET19SAV\&quot;,\n        \&quot;programDescription\&quot;: \&quot;PostTest SDET19SAV DESC\&quot;,\n        \&quot;online\&quot;: true\n    },\n    {\n        \&quot;programId\&quot;: 1654,\n        \&quot;programName\&quot;: \&quot;PostTest SDET19SAV\&quot;,\n        \&quot;programDescription\&quot;: \&quot;PostTest SDET19SAV DESC\&quot;,\n        \&quot;online\&quot;: true\n    },\n    {\n        \&quot;programId\&quot;: 1655,\n        \&quot;programName\&quot;: \&quot;c8\&quot;,\n        \&quot;programDescription\&quot;: \&quot;c8\&quot;,\n        \&quot;online\&quot;: true\n    },\n    {\n        \&quot;programId\&quot;: 1656,\n        \&quot;programName\&quot;: \&quot;Validate Test\&quot;,\n        \&quot;programDescription\&quot;: \&quot;Validate Test\&quot;,\n        \&quot;online\&quot;: true\n    },\n    {\n        \&quot;programId\&quot;: 1657,\n        \&quot;programName\&quot;: \&quot;Validate Test\&quot;,\n        \&quot;programDescription\&quot;: \&quot;Validate Test\&quot;,\n        \&quot;online\&quot;: true\n    },\n    {\n        \&quot;programId\&quot;: 1658,\n        \&quot;programName\&quot;: \&quot;Gherkin\&quot;,\n        \&quot;programDescription\&quot;: \&quot;string\&quot;,\n        \&quot;online\&quot;: true\n    },\n    {\n        \&quot;programId\&quot;: 1659,\n        \&quot;programName\&quot;: \&quot;this is\&quot;,\n        \&quot;programDescription\&quot;: \&quot;SDET-Testing-16\&quot;,\n        \&quot;online\&quot;: true\n    },\n    {\n        \&quot;programId\&quot;: 1660,\n        \&quot;programName\&quot;: \&quot;this is\&quot;,\n        \&quot;programDescription\&quot;: \&quot;SDET-Testing-16\&quot;,\n        \&quot;online\&quot;: true\n    },\n    {\n        \&quot;programId\&quot;: 1661,\n        \&quot;programName\&quot;: \&quot;this is\&quot;,\n        \&quot;programDescription\&quot;: \&quot;SDET-Testing-16\&quot;,\n        \&quot;online\&quot;: true\n    },\n    {\n        \&quot;programId\&quot;: 1662,\n        \&quot;programName\&quot;: \&quot;string\&quot;,\n        \&quot;programDescription\&quot;: \&quot;string\&quot;,\n        \&quot;online\&quot;: true\n    },\n    {\n        \&quot;programId\&quot;: 1663,\n        \&quot;programName\&quot;: \&quot;string\&quot;,\n        \&quot;programDescription\&quot;: \&quot;string\&quot;,\n        \&quot;online\&quot;: true\n    },\n    {\n        \&quot;programId\&quot;: 1664,\n        \&quot;programName\&quot;: \&quot;string\&quot;,\n        \&quot;programDescription\&quot;: \&quot;this is Megha&#039;s testing script\&quot;,\n        \&quot;online\&quot;: true\n    },\n    {\n        \&quot;programId\&quot;: 1665,\n        \&quot;programName\&quot;: \&quot;string\&quot;,\n        \&quot;programDescription\&quot;: \&quot;this is Megha&#039;s testing script\&quot;,\n        \&quot;online\&quot;: true\n    },\n    {\n        \&quot;programId\&quot;: 1666,\n        \&quot;programName\&quot;: \&quot;JAVA 280 for testing\&quot;,\n        \&quot;programDescription\&quot;: \&quot;JAVA 280 for testing by shuba\&quot;,\n        \&quot;online\&quot;: false\n    },\n    {\n        \&quot;programId\&quot;: 1667,\n        \&quot;programName\&quot;: \&quot;JAVA 280 for testing\&quot;,\n        \&quot;programDescription\&quot;: \&quot;JAVA 280 for testing by shuba\&quot;,\n        \&quot;online\&quot;: false\n    },\n    {\n        \&quot;programId\&quot;: 1668,\n        \&quot;programName\&quot;: \&quot;SDET19 Testoct18th\&quot;,\n        \&quot;programDescription\&quot;: \&quot;SDET19 Testoct18th\&quot;,\n        \&quot;online\&quot;: false\n    },\n    {\n        \&quot;programId\&quot;: 1669,\n        \&quot;programName\&quot;: \&quot;JAVA 280 for testing\&quot;,\n        \&quot;programDescription\&quot;: \&quot;JAVA 280 for testing by shuba\&quot;,\n        \&quot;online\&quot;: false\n    },\n    {\n        \&quot;programId\&quot;: 1671,\n        \&quot;programName\&quot;: \&quot;online field testing\&quot;,\n        \&quot;programDescription\&quot;: \&quot;entermbers\&quot;,\n        \&quot;online\&quot;: true\n    },\n    {\n        \&quot;programId\&quot;: 1672,\n        \&quot;programName\&quot;: \&quot;online field testing\&quot;,\n        \&quot;programDescription\&quot;: \&quot;entermbers\&quot;,\n        \&quot;online\&quot;: true\n    },\n    {\n        \&quot;programId\&quot;: 1674,\n        \&quot;programName\&quot;: \&quot;online field testing\&quot;,\n        \&quot;programDescription\&quot;: \&quot;dash\&quot;,\n        \&quot;online\&quot;: true\n    },\n    {\n        \&quot;programId\&quot;: 1675,\n        \&quot;programName\&quot;: \&quot;Testing\&quot;,\n        \&quot;programDescription\&quot;: \&quot;Testing\&quot;,\n        \&quot;online\&quot;: true\n    },\n    {\n        \&quot;programId\&quot;: 1676,\n        \&quot;programName\&quot;: \&quot;SDETTTTT-QA\&quot;,\n        \&quot;programDescription\&quot;: \&quot;Testing-Testing\&quot;,\n        \&quot;online\&quot;: true\n    },\n    {\n        \&quot;programId\&quot;: 1677,\n        \&quot;programName\&quot;: \&quot;SDET\&quot;,\n        \&quot;programDescription\&quot;: \&quot;afhdfhadfh\&quot;,\n        \&quot;online\&quot;: false\n    },\n    {\n        \&quot;programId\&quot;: 1679,\n        \&quot;programName\&quot;: \&quot;123JAVA\&quot;,\n        \&quot;programDescription\&quot;: \&quot;JAVACLASS\&quot;,\n        \&quot;online\&quot;: true\n    },\n    {\n        \&quot;programId\&quot;: 1680,\n        \&quot;programName\&quot;: \&quot;JAVA\&quot;,\n        \&quot;programDescription\&quot;: \&quot;JAVACLASS\&quot;,\n        \&quot;online\&quot;: true\n    },\n    {\n        \&quot;programId\&quot;: 1681,\n        \&quot;programName\&quot;: \&quot;JAVA\&quot;,\n        \&quot;programDescription\&quot;: \&quot;JAVACLASS\&quot;,\n        \&quot;online\&quot;: false\n    },\n    {\n        \&quot;programId\&quot;: 1682,\n        \&quot;programName\&quot;: \&quot;c8\&quot;,\n        \&quot;programDescription\&quot;: \&quot;c8\&quot;,\n        \&quot;online\&quot;: true\n    },\n    {\n        \&quot;programId\&quot;: 1683,\n        \&quot;programName\&quot;: \&quot;JAVA\&quot;,\n        \&quot;programDescription\&quot;: \&quot;JAVACLASS\&quot;,\n        \&quot;online\&quot;: true\n    },\n    {\n        \&quot;programId\&quot;: 1686,\n        \&quot;programName\&quot;: \&quot;c8\&quot;,\n        \&quot;programDescription\&quot;: \&quot;c8\&quot;,\n        \&quot;online\&quot;: true\n    },\n    {\n        \&quot;programId\&quot;: 1687,\n        \&quot;programName\&quot;: \&quot;online field testing\&quot;,\n        \&quot;programDescription\&quot;: \&quot;entered with numbers\&quot;,\n        \&quot;online\&quot;: true\n    },\n    {\n        \&quot;programId\&quot;: 1688,\n        \&quot;programName\&quot;: \&quot;online field testing\&quot;,\n        \&quot;programDescription\&quot;: \&quot;entered with numbers\&quot;,\n        \&quot;online\&quot;: true\n    },\n    {\n        \&quot;programId\&quot;: 1689,\n        \&quot;programName\&quot;: \&quot;online field testing\&quot;,\n        \&quot;programDescription\&quot;: \&quot;entered with numbers\&quot;,\n        \&quot;online\&quot;: true\n    },\n    {\n        \&quot;programId\&quot;: 1690,\n        \&quot;programName\&quot;: \&quot;online field testing\&quot;,\n        \&quot;programDescription\&quot;: \&quot;entered with numbers\&quot;,\n        \&quot;online\&quot;: true\n    },\n    {\n        \&quot;programId\&quot;: 1691,\n        \&quot;programName\&quot;: \&quot;c8\&quot;,\n        \&quot;programDescription\&quot;: \&quot;c8\&quot;,\n        \&quot;online\&quot;: true\n    },\n    {\n        \&quot;programId\&quot;: 1692,\n        \&quot;programName\&quot;: \&quot;online field testing\&quot;,\n        \&quot;programDescription\&quot;: \&quot;dasdfsafssh\&quot;,\n        \&quot;online\&quot;: true\n    },\n    {\n        \&quot;programId\&quot;: 1693,\n        \&quot;programName\&quot;: \&quot;online field testing\&quot;,\n        \&quot;programDescription\&quot;: \&quot;da45656ssh\&quot;,\n        \&quot;online\&quot;: true\n    },\n    {\n        \&quot;programId\&quot;: 1694,\n        \&quot;programName\&quot;: \&quot;online field testing\&quot;,\n        \&quot;programDescription\&quot;: \&quot;da45656ssh\&quot;,\n        \&quot;online\&quot;: true\n    },\n    {\n        \&quot;programId\&quot;: 1695,\n        \&quot;programName\&quot;: \&quot;online field testing\&quot;,\n        \&quot;programDescription\&quot;: \&quot;da45656ssh\&quot;,\n        \&quot;online\&quot;: true\n    },\n    {\n        \&quot;programId\&quot;: 1696,\n        \&quot;programName\&quot;: \&quot;PostTest SDET19SAV\&quot;,\n        \&quot;programDescription\&quot;: \&quot;PostTest SDET19SAV DESC\&quot;,\n        \&quot;online\&quot;: true\n    },\n    {\n        \&quot;programId\&quot;: 1697,\n        \&quot;programName\&quot;: \&quot;PostTest SDET19SAV\&quot;,\n        \&quot;programDescription\&quot;: \&quot;PostTest SDET19SAV DESC\&quot;,\n        \&quot;online\&quot;: true\n    },\n    {\n        \&quot;programId\&quot;: 1698,\n        \&quot;programName\&quot;: \&quot;PostTest SDET19SAV\&quot;,\n        \&quot;programDescription\&quot;: \&quot;PostTest SDET19SAV DESC\&quot;,\n        \&quot;online\&quot;: true\n    },\n    {\n        \&quot;programId\&quot;: 1699,\n        \&quot;programName\&quot;: \&quot;PostTest SDET19SAV\&quot;,\n        \&quot;programDescription\&quot;: \&quot;PostTest SDET19SAV DESC\&quot;,\n        \&quot;online\&quot;: true\n    },\n    {\n        \&quot;programId\&quot;: 1700,\n        \&quot;programName\&quot;: \&quot;PostTest SDET19SAV\&quot;,\n        \&quot;programDescription\&quot;: \&quot;PostTest SDET19SAV DESC\&quot;,\n        \&quot;online\&quot;: true\n    },\n    {\n        \&quot;programId\&quot;: 1701,\n        \&quot;programName\&quot;: \&quot;PostTest SDET19SAV\&quot;,\n        \&quot;programDescription\&quot;: \&quot;PostTest SDET19SAV DESC\&quot;,\n        \&quot;online\&quot;: true\n    },\n    {\n        \&quot;programId\&quot;: 1702,\n        \&quot;programName\&quot;: \&quot;online field testing\&quot;,\n        \&quot;programDescription\&quot;: \&quot;entered with numbers\&quot;,\n        \&quot;online\&quot;: true\n    },\n    {\n        \&quot;programId\&quot;: 1703,\n        \&quot;programName\&quot;: \&quot;online field testing\&quot;,\n        \&quot;programDescription\&quot;: \&quot;entered with numbers\&quot;,\n        \&quot;online\&quot;: true\n    },\n    {\n        \&quot;programId\&quot;: 1704,\n        \&quot;programName\&quot;: \&quot;online field testing\&quot;,\n        \&quot;programDescription\&quot;: \&quot;entered with numbers\&quot;,\n        \&quot;online\&quot;: true\n    },\n    {\n        \&quot;programId\&quot;: 1705,\n        \&quot;programName\&quot;: \&quot;41848514581\&quot;,\n        \&quot;programDescription\&quot;: \&quot;entered with numbers\&quot;,\n        \&quot;online\&quot;: true\n    },\n    {\n        \&quot;programId\&quot;: 1706,\n        \&quot;programName\&quot;: \&quot;41848514581\&quot;,\n        \&quot;programDescription\&quot;: \&quot;entered with numbers\&quot;,\n        \&quot;online\&quot;: true\n    },\n    {\n        \&quot;programId\&quot;: 1707,\n        \&quot;programName\&quot;: \&quot;online field testing\&quot;,\n        \&quot;programDescription\&quot;: \&quot;entered with numbers\&quot;,\n        \&quot;online\&quot;: true\n    },\n    {\n        \&quot;programId\&quot;: 1714,\n        \&quot;programName\&quot;: \&quot;Salesforce Certified Develope\&quot;,\n        \&quot;programDescription\&quot;: \&quot;Developer required\&quot;,\n        \&quot;online\&quot;: true\n    },\n    {\n        \&quot;programId\&quot;: 1715,\n        \&quot;programName\&quot;: \&quot;Salesforce Certified Develope Modified\&quot;,\n        \&quot;programDescription\&quot;: \&quot;Developer required Modified\&quot;,\n        \&quot;online\&quot;: false\n    },\n    {\n        \&quot;programId\&quot;: 1716,\n        \&quot;programName\&quot;: \&quot;SDET\&quot;,\n        \&quot;programDescription\&quot;: \&quot;SDET required\&quot;,\n        \&quot;online\&quot;: true\n    },\n    {\n        \&quot;programId\&quot;: 1717,\n        \&quot;programName\&quot;: \&quot;SDET Modified\&quot;,\n        \&quot;programDescription\&quot;: \&quot;SDET required Modified\&quot;,\n        \&quot;online\&quot;: false\n    },\n    {\n        \&quot;programId\&quot;: 1718,\n        \&quot;programName\&quot;: \&quot;program name\&quot;,\n        \&quot;programDescription\&quot;: \&quot;program name required\&quot;,\n        \&quot;online\&quot;: false\n    },\n    {\n        \&quot;programId\&quot;: 1719,\n        \&quot;programName\&quot;: \&quot;program name Modified\&quot;,\n        \&quot;programDescription\&quot;: \&quot;program name required Modified\&quot;,\n        \&quot;online\&quot;: false\n    },\n    {\n        \&quot;programId\&quot;: 1722,\n        \&quot;programName\&quot;: \&quot;existing programid\&quot;,\n        \&quot;programDescription\&quot;: \&quot;Changed by shuba earlier Added by monika from POSTMAN\&quot;,\n        \&quot;online\&quot;: true\n    },\n    {\n        \&quot;programId\&quot;: 1723,\n        \&quot;programName\&quot;: \&quot;1233existing programid\&quot;,\n        \&quot;programDescription\&quot;: \&quot;Changed by shuba earlier Added by monika from POSTMAN\&quot;,\n        \&quot;online\&quot;: true\n    },\n    {\n        \&quot;programId\&quot;: 1724,\n        \&quot;programName\&quot;: \&quot;null programid\&quot;,\n        \&quot;programDescription\&quot;: \&quot;Changed by shuba earlier Added by monika from POSTMAN\&quot;,\n        \&quot;online\&quot;: true\n    },\n    {\n        \&quot;programId\&quot;: 1725,\n        \&quot;programName\&quot;: \&quot;Test check\&quot;,\n        \&quot;programDescription\&quot;: \&quot;Test check\&quot;,\n        \&quot;online\&quot;: true\n    },\n    {\n        \&quot;programId\&quot;: 1727,\n        \&quot;programName\&quot;: \&quot;multiple digit testing\&quot;,\n        \&quot;programDescription\&quot;: \&quot;programId testing\&quot;,\n        \&quot;online\&quot;: true\n    },\n    {\n        \&quot;programId\&quot;: 1728,\n        \&quot;programName\&quot;: \&quot;multiple digit testing\&quot;,\n        \&quot;programDescription\&quot;: \&quot;programId testing\&quot;,\n        \&quot;online\&quot;: true\n    },\n    {\n        \&quot;programId\&quot;: 1729,\n        \&quot;programName\&quot;: \&quot;Test check\&quot;,\n        \&quot;programDescription\&quot;: \&quot;Test check\&quot;,\n        \&quot;online\&quot;: true\n    },\n    {\n        \&quot;programId\&quot;: 1730,\n        \&quot;programName\&quot;: \&quot;multiple digit testing\&quot;,\n        \&quot;programDescription\&quot;: \&quot;programId testing\&quot;,\n        \&quot;online\&quot;: true\n    },\n    {\n        \&quot;programId\&quot;: 1731,\n        \&quot;programName\&quot;: \&quot;multiple digit testing\&quot;,\n        \&quot;programDescription\&quot;: \&quot;programId testing\&quot;,\n        \&quot;online\&quot;: true\n    },\n    {\n        \&quot;programId\&quot;: 1732,\n        \&quot;programName\&quot;: \&quot;multiple digit testing\&quot;,\n        \&quot;programDescription\&quot;: \&quot;programId testing\&quot;,\n        \&quot;online\&quot;: true\n    },\n    {\n        \&quot;programId\&quot;: 1733,\n        \&quot;programName\&quot;: \&quot;online filed testing\&quot;,\n        \&quot;programDescription\&quot;: \&quot;entered with numbers\&quot;,\n        \&quot;online\&quot;: true\n    },\n    {\n        \&quot;programId\&quot;: 1734,\n        \&quot;programName\&quot;: \&quot;SDET19 Testoct18th New\&quot;,\n        \&quot;programDescription\&quot;: \&quot;SDET19 Testoct18th New\&quot;,\n        \&quot;online\&quot;: false\n    },\n    {\n        \&quot;programId\&quot;: 1735,\n        \&quot;programName\&quot;: \&quot;hhhmmmmh\&quot;,\n        \&quot;programDescription\&quot;: \&quot;stringssssskkk\&quot;,\n        \&quot;online\&quot;: false\n    },\n    {\n        \&quot;programId\&quot;: 1740,\n        \&quot;programName\&quot;: \&quot;string\&quot;,\n        \&quot;programDescription\&quot;: \&quot;string\&quot;,\n        \&quot;online\&quot;: true\n    },\n    {\n        \&quot;programId\&quot;: 7354,\n        \&quot;programName\&quot;: \&quot;Angular\&quot;,\n        \&quot;programDescription\&quot;: \&quot;Wwwwwwwwwwwwwwww\&quot;,\n        \&quot;online\&quot;: true\n    },\n    {\n        \&quot;programId\&quot;: 1742,\n        \&quot;programName\&quot;: \&quot;yrutiyreiut\&quot;,\n        \&quot;programDescription\&quot;: \&quot;nnnn\&quot;,\n        \&quot;online\&quot;: true\n    },\n    {\n        \&quot;programId\&quot;: 1850,\n        \&quot;programName\&quot;: \&quot;string\&quot;,\n        \&quot;programDescription\&quot;: \&quot;string\&quot;,\n        \&quot;online\&quot;: true\n    },\n    {\n        \&quot;programId\&quot;: 1851,\n        \&quot;programName\&quot;: \&quot;string\&quot;,\n        \&quot;programDescription\&quot;: \&quot;string\&quot;,\n        \&quot;online\&quot;: true\n    },\n    {\n        \&quot;programId\&quot;: 1852,\n        \&quot;programName\&quot;: \&quot;string\&quot;,\n        \&quot;programDescription\&quot;: \&quot;string\&quot;,\n        \&quot;online\&quot;: true\n    },\n    {\n        \&quot;programId\&quot;: 1853,\n        \&quot;programName\&quot;: \&quot;string\&quot;,\n        \&quot;programDescription\&quot;: \&quot;string\&quot;,\n        \&quot;online\&quot;: true\n    },\n    {\n        \&quot;programId\&quot;: 1854,\n        \&quot;programName\&quot;: \&quot;string\&quot;,\n        \&quot;programDescription\&quot;: \&quot;string\&quot;,\n        \&quot;online\&quot;: true\n    },\n    {\n        \&quot;programId\&quot;: 1743,\n        \&quot;programName\&quot;: \&quot;JAVA 280 for testing\&quot;,\n        \&quot;programDescription\&quot;: \&quot;JAVA 280 for testing by shuba\&quot;,\n        \&quot;online\&quot;: false\n    },\n    {\n        \&quot;programId\&quot;: 1744,\n        \&quot;programName\&quot;: \&quot;Testing_Types\&quot;,\n        \&quot;programDescription\&quot;: \&quot;Regression Testing\&quot;,\n        \&quot;online\&quot;: true\n    },\n    {\n        \&quot;programId\&quot;: 1745,\n        \&quot;programName\&quot;: \&quot;online field testing with postman\&quot;,\n        \&quot;programDescription\&quot;: \&quot;entered with numbers\&quot;,\n        \&quot;online\&quot;: true\n    },\n    {\n        \&quot;programId\&quot;: 1746,\n        \&quot;programName\&quot;: \&quot;online testing\&quot;,\n        \&quot;programDescription\&quot;: \&quot;entered with numbers\&quot;,\n        \&quot;online\&quot;: true\n    },\n    {\n        \&quot;programId\&quot;: 1747,\n        \&quot;programName\&quot;: \&quot;string\&quot;,\n        \&quot;programDescription\&quot;: \&quot;string\&quot;,\n        \&quot;online\&quot;: true\n    },\n    {\n        \&quot;programId\&quot;: 1748,\n        \&quot;programName\&quot;: \&quot;Bigdata\&quot;,\n        \&quot;programDescription\&quot;: \&quot;Yellow\&quot;,\n        \&quot;online\&quot;: true\n    },\n    {\n        \&quot;programId\&quot;: 1749,\n        \&quot;programName\&quot;: \&quot;Validate Test\&quot;,\n        \&quot;programDescription\&quot;: \&quot;Validate Test\&quot;,\n        \&quot;online\&quot;: true\n    },\n    {\n        \&quot;programId\&quot;: 1750,\n        \&quot;programName\&quot;: \&quot;SDET\&quot;,\n        \&quot;programDescription\&quot;: \&quot;afhdfhadfh\&quot;,\n        \&quot;online\&quot;: false\n    },\n    {\n        \&quot;programId\&quot;: 1751,\n        \&quot;programName\&quot;: \&quot;SDET\&quot;,\n        \&quot;programDescription\&quot;: \&quot;afhdfhadfh\&quot;,\n        \&quot;online\&quot;: false\n    },\n    {\n        \&quot;programId\&quot;: 1752,\n        \&quot;programName\&quot;: \&quot;SDET\&quot;,\n        \&quot;programDescription\&quot;: \&quot;afhdfhadfh\&quot;,\n        \&quot;online\&quot;: false\n    },\n    {\n        \&quot;programId\&quot;: 1753,\n        \&quot;programName\&quot;: \&quot;SDET\&quot;,\n        \&quot;programDescription\&quot;: \&quot;afhdfhadfh\&quot;,\n        \&quot;online\&quot;: false\n    },\n    {\n        \&quot;programId\&quot;: 1754,\n        \&quot;programName\&quot;: \&quot;SDET\&quot;,\n        \&quot;programDescription\&quot;: \&quot;afhdfhadfh\&quot;,\n        \&quot;online\&quot;: false\n    },\n    {\n        \&quot;programId\&quot;: 1755,\n        \&quot;programName\&quot;: \&quot;SDET\&quot;,\n        \&quot;programDescription\&quot;: \&quot;afhdfhadfh\&quot;,\n        \&quot;online\&quot;: false\n    },\n    {\n        \&quot;programId\&quot;: 1756,\n        \&quot;programName\&quot;: \&quot;string\&quot;,\n        \&quot;programDescription\&quot;: \&quot;string\&quot;,\n        \&quot;online\&quot;: true\n    },\n    {\n        \&quot;programId\&quot;: 1757,\n        \&quot;programName\&quot;: \&quot;string\&quot;,\n        \&quot;programDescription\&quot;: \&quot;string\&quot;,\n        \&quot;online\&quot;: true\n    },\n    {\n        \&quot;programId\&quot;: 1758,\n        \&quot;programName\&quot;: \&quot;string\&quot;,\n        \&quot;programDescription\&quot;: \&quot;string\&quot;,\n        \&quot;online\&quot;: true\n    },\n    {\n        \&quot;programId\&quot;: 1759,\n        \&quot;programName\&quot;: \&quot;Testing\&quot;,\n        \&quot;programDescription\&quot;: \&quot;Testing\&quot;,\n        \&quot;online\&quot;: true\n    },\n    {\n        \&quot;programId\&quot;: 1760,\n        \&quot;programName\&quot;: \&quot;Testing\&quot;,\n        \&quot;programDescription\&quot;: \&quot;Testing\&quot;,\n        \&quot;online\&quot;: true\n    },\n    {\n        \&quot;programId\&quot;: 1761,\n        \&quot;programName\&quot;: \&quot;Testing\&quot;,\n        \&quot;programDescription\&quot;: \&quot;Testing\&quot;,\n        \&quot;online\&quot;: true\n    },\n    {\n        \&quot;programId\&quot;: 1762,\n        \&quot;programName\&quot;: \&quot;string\&quot;,\n        \&quot;programDescription\&quot;: \&quot;string\&quot;,\n        \&quot;online\&quot;: true\n    },\n    {\n        \&quot;programId\&quot;: 1763,\n        \&quot;programName\&quot;: \&quot;string\&quot;,\n        \&quot;programDescription\&quot;: \&quot;string\&quot;,\n        \&quot;online\&quot;: true\n    },\n    {\n        \&quot;programId\&quot;: 1764,\n        \&quot;programName\&quot;: \&quot;string\&quot;,\n        \&quot;programDescription\&quot;: \&quot;string\&quot;,\n        \&quot;online\&quot;: true\n    },\n    {\n        \&quot;programId\&quot;: 1765,\n        \&quot;programName\&quot;: \&quot;string\&quot;,\n        \&quot;programDescription\&quot;: \&quot;string\&quot;,\n        \&quot;online\&quot;: true\n    },\n    {\n        \&quot;programId\&quot;: 1766,\n        \&quot;programName\&quot;: \&quot;Testing\&quot;,\n        \&quot;programDescription\&quot;: \&quot;Testing\&quot;,\n        \&quot;online\&quot;: true\n    },\n    {\n        \&quot;programId\&quot;: 1767,\n        \&quot;programName\&quot;: \&quot;Testing\&quot;,\n        \&quot;programDescription\&quot;: \&quot;Testing005\&quot;,\n        \&quot;online\&quot;: true\n    },\n    {\n        \&quot;programId\&quot;: 1768,\n        \&quot;programName\&quot;: \&quot;Testing\&quot;,\n        \&quot;programDescription\&quot;: \&quot;Testing\&quot;,\n        \&quot;online\&quot;: true\n    },\n    {\n        \&quot;programId\&quot;: 1769,\n        \&quot;programName\&quot;: \&quot;string\&quot;,\n        \&quot;programDescription\&quot;: \&quot;string\&quot;,\n        \&quot;online\&quot;: true\n    },\n    {\n        \&quot;programId\&quot;: 1770,\n        \&quot;programName\&quot;: \&quot;string\&quot;,\n        \&quot;programDescription\&quot;: \&quot;Testing\&quot;,\n        \&quot;online\&quot;: true\n    },\n    {\n        \&quot;programId\&quot;: 1771,\n        \&quot;programName\&quot;: \&quot;string\&quot;,\n        \&quot;programDescription\&quot;: \&quot;Testing\&quot;,\n        \&quot;online\&quot;: true\n    },\n    {\n        \&quot;programId\&quot;: 1772,\n        \&quot;programName\&quot;: \&quot;string\&quot;,\n        \&quot;programDescription\&quot;: \&quot;Testing\&quot;,\n        \&quot;online\&quot;: true\n    },\n    {\n        \&quot;programId\&quot;: 1773,\n        \&quot;programName\&quot;: \&quot;string\&quot;,\n        \&quot;programDescription\&quot;: \&quot;string\&quot;,\n        \&quot;online\&quot;: true\n    },\n    {\n        \&quot;programId\&quot;: 1774,\n        \&quot;programName\&quot;: \&quot;Testing modified\&quot;,\n        \&quot;programDescription\&quot;: \&quot;Testing modified\&quot;,\n        \&quot;online\&quot;: true\n    },\n    {\n        \&quot;programId\&quot;: 1775,\n        \&quot;programName\&quot;: \&quot;Testing modified\&quot;,\n        \&quot;programDescription\&quot;: \&quot;Testing modified\&quot;,\n        \&quot;online\&quot;: true\n    },\n    {\n        \&quot;programId\&quot;: 1776,\n        \&quot;programName\&quot;: \&quot;Testing modified\&quot;,\n        \&quot;programDescription\&quot;: \&quot;Testing modified\&quot;,\n        \&quot;online\&quot;: true\n    },\n    {\n        \&quot;programId\&quot;: 1777,\n        \&quot;programName\&quot;: \&quot;Testing modified\&quot;,\n        \&quot;programDescription\&quot;: \&quot;Testing modified\&quot;,\n        \&quot;online\&quot;: true\n    },\n    {\n        \&quot;programId\&quot;: 1778,\n        \&quot;programName\&quot;: \&quot;Testing modified\&quot;,\n        \&quot;programDescription\&quot;: \&quot;Testing modified\&quot;,\n        \&quot;online\&quot;: true\n    },\n    {\n        \&quot;programId\&quot;: 1779,\n        \&quot;programName\&quot;: \&quot;string\&quot;,\n        \&quot;programDescription\&quot;: \&quot;Testing\&quot;,\n        \&quot;online\&quot;: true\n    },\n    {\n        \&quot;programId\&quot;: 1780,\n        \&quot;programName\&quot;: \&quot;string\&quot;,\n        \&quot;programDescription\&quot;: \&quot;Testing\&quot;,\n        \&quot;online\&quot;: true\n    },\n    {\n        \&quot;programId\&quot;: 1782,\n        \&quot;programName\&quot;: \&quot;string\&quot;,\n        \&quot;programDescription\&quot;: \&quot;Testing\&quot;,\n        \&quot;online\&quot;: true\n    },\n    {\n        \&quot;programId\&quot;: 1783,\n        \&quot;programName\&quot;: \&quot;string\&quot;,\n        \&quot;programDescription\&quot;: \&quot;Testing\&quot;,\n        \&quot;online\&quot;: true\n    },\n    {\n        \&quot;programId\&quot;: 1784,\n        \&quot;programName\&quot;: \&quot;string\&quot;,\n        \&quot;programDescription\&quot;: \&quot;Testing\&quot;,\n        \&quot;online\&quot;: true\n    },\n    {\n        \&quot;programId\&quot;: 1785,\n        \&quot;programName\&quot;: \&quot;string\&quot;,\n        \&quot;programDescription\&quot;: \&quot;Testing\&quot;,\n        \&quot;online\&quot;: true\n    },\n    {\n        \&quot;programId\&quot;: 1786,\n        \&quot;programName\&quot;: \&quot;string\&quot;,\n        \&quot;programDescription\&quot;: \&quot;Testing\&quot;,\n        \&quot;online\&quot;: true\n    },\n    {\n        \&quot;programId\&quot;: 1787,\n        \&quot;programName\&quot;: \&quot;string\&quot;,\n        \&quot;programDescription\&quot;: \&quot;Testing\&quot;,\n        \&quot;online\&quot;: true\n    },\n    {\n        \&quot;programId\&quot;: 1788,\n        \&quot;programName\&quot;: \&quot;string\&quot;,\n        \&quot;programDescription\&quot;: \&quot;Testing\&quot;,\n        \&quot;online\&quot;: true\n    },\n    {\n        \&quot;programId\&quot;: 1789,\n        \&quot;programName\&quot;: \&quot;Testing modified\&quot;,\n        \&quot;programDescription\&quot;: \&quot;Testing modified from Postman\&quot;,\n        \&quot;online\&quot;: true\n    },\n    {\n        \&quot;programId\&quot;: 3832,\n        \&quot;programName\&quot;: \&quot;Selenium Scrapper Project Modified\&quot;,\n        \&quot;programDescription\&quot;: \&quot;Selenium completed batches start automation Modified\&quot;,\n        \&quot;online\&quot;: false\n    },\n    {\n        \&quot;programId\&quot;: 1791,\n        \&quot;programName\&quot;: \&quot;Testing modified\&quot;,\n        \&quot;programDescription\&quot;: \&quot;Testing modified from Postman\&quot;,\n        \&quot;online\&quot;: true\n    },\n    {\n        \&quot;programId\&quot;: 1792,\n        \&quot;programName\&quot;: \&quot;Testing modified\&quot;,\n        \&quot;programDescription\&quot;: \&quot;Testing modified from Postman\&quot;,\n        \&quot;online\&quot;: true\n    },\n    {\n        \&quot;programId\&quot;: 1793,\n        \&quot;programName\&quot;: \&quot;Testing modified\&quot;,\n        \&quot;programDescription\&quot;: \&quot;Testing modified from Postman\&quot;,\n        \&quot;online\&quot;: true\n    },\n    {\n        \&quot;programId\&quot;: 1794,\n        \&quot;programName\&quot;: \&quot;Testing modified\&quot;,\n        \&quot;programDescription\&quot;: \&quot;Testing modified from Postman\&quot;,\n        \&quot;online\&quot;: true\n    },\n    {\n        \&quot;programId\&quot;: 1795,\n        \&quot;programName\&quot;: \&quot;Testing modified\&quot;,\n        \&quot;programDescription\&quot;: \&quot;Testing modified from Postman\&quot;,\n        \&quot;online\&quot;: true\n    },\n    {\n        \&quot;programId\&quot;: 1796,\n        \&quot;programName\&quot;: \&quot;Testing modified\&quot;,\n        \&quot;programDescription\&quot;: \&quot;Testing modified from Postman\&quot;,\n        \&quot;online\&quot;: true\n    },\n    {\n        \&quot;programId\&quot;: 1797,\n        \&quot;programName\&quot;: \&quot;Testing modified\&quot;,\n        \&quot;programDescription\&quot;: \&quot;Testing modified from Postman\&quot;,\n        \&quot;online\&quot;: true\n    },\n    {\n        \&quot;programId\&quot;: 1799,\n        \&quot;programName\&quot;: \&quot;string\&quot;,\n        \&quot;programDescription\&quot;: \&quot;string\&quot;,\n        \&quot;online\&quot;: true\n    },\n    {\n        \&quot;programId\&quot;: 1801,\n        \&quot;programName\&quot;: \&quot;string\&quot;,\n        \&quot;programDescription\&quot;: \&quot;string\&quot;,\n        \&quot;online\&quot;: true\n    },\n    {\n        \&quot;programId\&quot;: 1804,\n        \&quot;programName\&quot;: \&quot;string\&quot;,\n        \&quot;programDescription\&quot;: \&quot;string\&quot;,\n        \&quot;online\&quot;: true\n    },\n    {\n        \&quot;programId\&quot;: 1805,\n        \&quot;programName\&quot;: \&quot;string\&quot;,\n        \&quot;programDescription\&quot;: \&quot;string\&quot;,\n        \&quot;online\&quot;: true\n    },\n    {\n        \&quot;programId\&quot;: 1806,\n        \&quot;programName\&quot;: \&quot;string\&quot;,\n        \&quot;programDescription\&quot;: \&quot;string\&quot;,\n        \&quot;online\&quot;: true\n    },\n    {\n        \&quot;programId\&quot;: 1807,\n        \&quot;programName\&quot;: \&quot;string\&quot;,\n        \&quot;programDescription\&quot;: \&quot;string\&quot;,\n        \&quot;online\&quot;: true\n    },\n    {\n        \&quot;programId\&quot;: 1808,\n        \&quot;programName\&quot;: \&quot;string\&quot;,\n        \&quot;programDescription\&quot;: \&quot;string\&quot;,\n        \&quot;online\&quot;: true\n    },\n    {\n        \&quot;programId\&quot;: 1809,\n        \&quot;programName\&quot;: \&quot;string\&quot;,\n        \&quot;programDescription\&quot;: \&quot;string\&quot;,\n        \&quot;online\&quot;: true\n    },\n    {\n        \&quot;programId\&quot;: 1810,\n        \&quot;programName\&quot;: \&quot;string\&quot;,\n        \&quot;programDescription\&quot;: \&quot;string\&quot;,\n        \&quot;online\&quot;: true\n    },\n    {\n        \&quot;programId\&quot;: 1811,\n        \&quot;programName\&quot;: \&quot;string\&quot;,\n        \&quot;programDescription\&quot;: \&quot;Hello\&quot;,\n        \&quot;online\&quot;: true\n    },\n    {\n        \&quot;programId\&quot;: 1812,\n        \&quot;programName\&quot;: \&quot;string\&quot;,\n        \&quot;programDescription\&quot;: \&quot;string\&quot;,\n        \&quot;online\&quot;: true\n    },\n    {\n        \&quot;programId\&quot;: 1813,\n        \&quot;programName\&quot;: \&quot;string\&quot;,\n        \&quot;programDescription\&quot;: \&quot;string\&quot;,\n        \&quot;online\&quot;: true\n    },\n    {\n        \&quot;programId\&quot;: 1814,\n        \&quot;programName\&quot;: \&quot;Java training\&quot;,\n        \&quot;programDescription\&quot;: \&quot;Java programmer\&quot;,\n        \&quot;online\&quot;: true\n    },\n    {\n        \&quot;programId\&quot;: 1815,\n        \&quot;programName\&quot;: \&quot;Java training\&quot;,\n        \&quot;programDescription\&quot;: \&quot;Java programmer\&quot;,\n        \&quot;online\&quot;: true\n    },\n    {\n        \&quot;programId\&quot;: 1816,\n        \&quot;programName\&quot;: \&quot;Java training\&quot;,\n        \&quot;programDescription\&quot;: \&quot;Java programmer\&quot;,\n        \&quot;online\&quot;: true\n    },\n    {\n        \&quot;programId\&quot;: 1817,\n        \&quot;programName\&quot;: \&quot;Java training\&quot;,\n        \&quot;programDescription\&quot;: \&quot;Java programmer\&quot;,\n        \&quot;online\&quot;: true\n    },\n    {\n        \&quot;programId\&quot;: 1818,\n        \&quot;programName\&quot;: \&quot;string\&quot;,\n        \&quot;programDescription\&quot;: \&quot;string\&quot;,\n        \&quot;online\&quot;: true\n    },\n    {\n        \&quot;programId\&quot;: 1819,\n        \&quot;programName\&quot;: \&quot;string\&quot;,\n        \&quot;programDescription\&quot;: \&quot;HDstring\&quot;,\n        \&quot;online\&quot;: true\n    },\n    {\n        \&quot;programId\&quot;: 1820,\n        \&quot;programName\&quot;: \&quot;string\&quot;,\n        \&quot;programDescription\&quot;: \&quot;HDstring\&quot;,\n        \&quot;online\&quot;: true\n    },\n    {\n        \&quot;programId\&quot;: 1821,\n        \&quot;programName\&quot;: \&quot;string\&quot;,\n        \&quot;programDescription\&quot;: \&quot;HDstring\&quot;,\n        \&quot;online\&quot;: true\n    },\n    {\n        \&quot;programId\&quot;: 1822,\n        \&quot;programName\&quot;: \&quot;string\&quot;,\n        \&quot;programDescription\&quot;: \&quot;HDstring\&quot;,\n        \&quot;online\&quot;: true\n    },\n    {\n        \&quot;programId\&quot;: 1823,\n        \&quot;programName\&quot;: \&quot;string\&quot;,\n        \&quot;programDescription\&quot;: \&quot;HDstring\&quot;,\n        \&quot;online\&quot;: true\n    },\n    {\n        \&quot;programId\&quot;: 1824,\n        \&quot;programName\&quot;: \&quot;string\&quot;,\n        \&quot;programDescription\&quot;: \&quot;string\&quot;,\n        \&quot;online\&quot;: true\n    },\n    {\n        \&quot;programId\&quot;: 1825,\n        \&quot;programName\&quot;: \&quot;string\&quot;,\n        \&quot;programDescription\&quot;: \&quot;string\&quot;,\n        \&quot;online\&quot;: true\n    },\n    {\n        \&quot;programId\&quot;: 1826,\n        \&quot;programName\&quot;: \&quot;string\&quot;,\n        \&quot;programDescription\&quot;: \&quot;string\&quot;,\n        \&quot;online\&quot;: true\n    },\n    {\n        \&quot;programId\&quot;: 1827,\n        \&quot;programName\&quot;: \&quot;string\&quot;,\n        \&quot;programDescription\&quot;: \&quot;string\&quot;,\n        \&quot;online\&quot;: true\n    },\n    {\n        \&quot;programId\&quot;: 1828,\n        \&quot;programName\&quot;: \&quot;string\&quot;,\n        \&quot;programDescription\&quot;: \&quot;string\&quot;,\n        \&quot;online\&quot;: true\n    },\n    {\n        \&quot;programId\&quot;: 1829,\n        \&quot;programName\&quot;: \&quot;string\&quot;,\n        \&quot;programDescription\&quot;: \&quot;string\&quot;,\n        \&quot;online\&quot;: true\n    },\n    {\n        \&quot;programId\&quot;: 1830,\n        \&quot;programName\&quot;: \&quot;string\&quot;,\n        \&quot;programDescription\&quot;: \&quot;string\&quot;,\n        \&quot;online\&quot;: true\n    },\n    {\n        \&quot;programId\&quot;: 1831,\n        \&quot;programName\&quot;: \&quot;string\&quot;,\n        \&quot;programDescription\&quot;: \&quot;string\&quot;,\n        \&quot;online\&quot;: true\n    },\n    {\n        \&quot;programId\&quot;: 1832,\n        \&quot;programName\&quot;: \&quot;string\&quot;,\n        \&quot;programDescription\&quot;: \&quot;string\&quot;,\n        \&quot;online\&quot;: true\n    },\n    {\n        \&quot;programId\&quot;: 1833,\n        \&quot;programName\&quot;: \&quot;string\&quot;,\n        \&quot;programDescription\&quot;: \&quot;string\&quot;,\n        \&quot;online\&quot;: true\n    },\n    {\n        \&quot;programId\&quot;: 1834,\n        \&quot;programName\&quot;: \&quot;string\&quot;,\n        \&quot;programDescription\&quot;: \&quot;string\&quot;,\n        \&quot;online\&quot;: true\n    },\n    {\n        \&quot;programId\&quot;: 1835,\n        \&quot;programName\&quot;: \&quot;string\&quot;,\n        \&quot;programDescription\&quot;: \&quot;string\&quot;,\n        \&quot;online\&quot;: true\n    },\n    {\n        \&quot;programId\&quot;: 1836,\n        \&quot;programName\&quot;: \&quot;new string\&quot;,\n        \&quot;programDescription\&quot;: \&quot; new string\&quot;,\n        \&quot;online\&quot;: true\n    },\n    {\n        \&quot;programId\&quot;: 1837,\n        \&quot;programName\&quot;: \&quot;new string\&quot;,\n        \&quot;programDescription\&quot;: \&quot; new string\&quot;,\n        \&quot;online\&quot;: true\n    },\n    {\n        \&quot;programId\&quot;: 1838,\n        \&quot;programName\&quot;: \&quot;new string\&quot;,\n        \&quot;programDescription\&quot;: \&quot; new string\&quot;,\n        \&quot;online\&quot;: true\n    },\n    {\n        \&quot;programId\&quot;: 1839,\n        \&quot;programName\&quot;: \&quot;new string\&quot;,\n        \&quot;programDescription\&quot;: \&quot; new string\&quot;,\n        \&quot;online\&quot;: true\n    },\n    {\n        \&quot;programId\&quot;: 1840,\n        \&quot;programName\&quot;: \&quot;new string\&quot;,\n        \&quot;programDescription\&quot;: \&quot; new string\&quot;,\n        \&quot;online\&quot;: true\n    },\n    {\n        \&quot;programId\&quot;: 1841,\n        \&quot;programName\&quot;: \&quot;new string\&quot;,\n        \&quot;programDescription\&quot;: \&quot; new string\&quot;,\n        \&quot;online\&quot;: true\n    },\n    {\n        \&quot;programId\&quot;: 1842,\n        \&quot;programName\&quot;: \&quot;string\&quot;,\n        \&quot;programDescription\&quot;: \&quot;string\&quot;,\n        \&quot;online\&quot;: true\n    },\n    {\n        \&quot;programId\&quot;: 1843,\n        \&quot;programName\&quot;: \&quot;string\&quot;,\n        \&quot;programDescription\&quot;: \&quot;string\&quot;,\n        \&quot;online\&quot;: true\n    },\n    {\n        \&quot;programId\&quot;: 1845,\n        \&quot;programName\&quot;: \&quot;string\&quot;,\n        \&quot;programDescription\&quot;: \&quot;hello string\&quot;,\n        \&quot;online\&quot;: true\n    },\n    {\n        \&quot;programId\&quot;: 1846,\n        \&quot;programName\&quot;: \&quot;string\&quot;,\n        \&quot;programDescription\&quot;: \&quot;hello string\&quot;,\n        \&quot;online\&quot;: true\n    },\n    {\n        \&quot;programId\&quot;: 1847,\n        \&quot;programName\&quot;: \&quot;string\&quot;,\n        \&quot;programDescription\&quot;: \&quot;hello string\&quot;,\n        \&quot;online\&quot;: true\n    },\n    {\n        \&quot;programId\&quot;: 1848,\n        \&quot;programName\&quot;: \&quot;string\&quot;,\n        \&quot;programDescription\&quot;: \&quot;hello string\&quot;,\n        \&quot;online\&quot;: true\n    },\n    {\n        \&quot;programId\&quot;: 1855,\n        \&quot;programName\&quot;: \&quot;stringjlkklklk\&quot;,\n        \&quot;programDescription\&quot;: \&quot;stringjkj\&quot;,\n        \&quot;online\&quot;: true\n    },\n    {\n        \&quot;programId\&quot;: 1857,\n        \&quot;programName\&quot;: \&quot;stringkjk\&quot;,\n        \&quot;programDescription\&quot;: \&quot;string\&quot;,\n        \&quot;online\&quot;: true\n    },\n    {\n        \&quot;programId\&quot;: 1858,\n        \&quot;programName\&quot;: \&quot;SDET24\&quot;,\n        \&quot;programDescription\&quot;: \&quot;SDET24\&quot;,\n        \&quot;online\&quot;: true\n    },\n    {\n        \&quot;programId\&quot;: 1859,\n        \&quot;programName\&quot;: \&quot;online field testing\&quot;,\n        \&quot;programDescription\&quot;: \&quot;entered with numbers\&quot;,\n        \&quot;online\&quot;: true\n    },\n    {\n        \&quot;programId\&quot;: 1860,\n        \&quot;programName\&quot;: \&quot;online field testing\&quot;,\n        \&quot;programDescription\&quot;: \&quot;entered with numbers\&quot;,\n        \&quot;online\&quot;: true\n    },\n    {\n        \&quot;programId\&quot;: 1861,\n        \&quot;programName\&quot;: \&quot;TATA\&quot;,\n        \&quot;programDescription\&quot;: \&quot;TATA workshop\&quot;,\n        \&quot;online\&quot;: true\n    },\n    {\n        \&quot;programId\&quot;: 1862,\n        \&quot;programName\&quot;: \&quot;TATA\&quot;,\n        \&quot;programDescription\&quot;: \&quot;TATA workshop\&quot;,\n        \&quot;online\&quot;: true\n    },\n    {\n        \&quot;programId\&quot;: 1863,\n        \&quot;programName\&quot;: \&quot;Java training\&quot;,\n        \&quot;programDescription\&quot;: \&quot;Java programmer\&quot;,\n        \&quot;online\&quot;: true\n    },\n    {\n        \&quot;programId\&quot;: 1864,\n        \&quot;programName\&quot;: \&quot;Java training\&quot;,\n        \&quot;programDescription\&quot;: \&quot;Java programmer\&quot;,\n        \&quot;online\&quot;: true\n    },\n    {\n        \&quot;programId\&quot;: 1865,\n        \&quot;programName\&quot;: \&quot;Java training\&quot;,\n        \&quot;programDescription\&quot;: \&quot;Java programmer\&quot;,\n        \&quot;online\&quot;: true\n    },\n    {\n        \&quot;programId\&quot;: 1736,\n        \&quot;programName\&quot;: \&quot;545\&quot;,\n        \&quot;programDescription\&quot;: \&quot;Numeric program name test\&quot;,\n        \&quot;online\&quot;: true\n    },\n    {\n        \&quot;programId\&quot;: 1844,\n        \&quot;programName\&quot;: \&quot;Blank Test\&quot;,\n        \&quot;programDescription\&quot;: \&quot;\&quot;,\n        \&quot;online\&quot;: true\n    },\n    {\n        \&quot;programId\&quot;: 1868,\n        \&quot;programName\&quot;: \&quot;Java training\&quot;,\n        \&quot;programDescription\&quot;: \&quot;Java programmer\&quot;,\n        \&quot;online\&quot;: true\n    },\n    {\n        \&quot;programId\&quot;: 1869,\n        \&quot;programName\&quot;: \&quot;Java training\&quot;,\n        \&quot;programDescription\&quot;: \&quot;Java programmer\&quot;,\n        \&quot;online\&quot;: true\n    },\n    {\n        \&quot;programId\&quot;: 1871,\n        \&quot;programName\&quot;: \&quot;Java training\&quot;,\n        \&quot;programDescription\&quot;: \&quot;Java programmer\&quot;,\n        \&quot;online\&quot;: true\n    },\n    {\n        \&quot;programId\&quot;: 1872,\n        \&quot;programName\&quot;: \&quot;Java training\&quot;,\n        \&quot;programDescription\&quot;: \&quot;Java programmer\&quot;,\n        \&quot;online\&quot;: true\n    },\n    {\n        \&quot;programId\&quot;: 1873,\n        \&quot;programName\&quot;: \&quot;Testing modified\&quot;,\n        \&quot;programDescription\&quot;: \&quot;Testing modified\&quot;,\n        \&quot;online\&quot;: true\n    },\n    {\n        \&quot;programId\&quot;: 1874,\n        \&quot;programName\&quot;: \&quot;SDET\&quot;,\n        \&quot;programDescription\&quot;: \&quot;SDET,API,WEB,Mobile,UAT Testing\&quot;,\n        \&quot;online\&quot;: false\n    },\n    {\n        \&quot;programId\&quot;: 1875,\n        \&quot;programName\&quot;: \&quot;string\&quot;,\n        \&quot;programDescription\&quot;: \&quot;string\&quot;,\n        \&quot;online\&quot;: true\n    },\n    {\n        \&quot;programId\&quot;: 3779,\n        \&quot;programName\&quot;: \&quot;softwaretesting \&quot;,\n        \&quot;programDescription\&quot;: \&quot;training\&quot;,\n        \&quot;online\&quot;: true\n    },\n    {\n        \&quot;programId\&quot;: 1877,\n        \&quot;programName\&quot;: \&quot;string\&quot;,\n        \&quot;programDescription\&quot;: \&quot;string\&quot;,\n        \&quot;online\&quot;: true\n    },\n    {\n        \&quot;programId\&quot;: 1878,\n        \&quot;programName\&quot;: \&quot;string\&quot;,\n        \&quot;programDescription\&quot;: \&quot;string\&quot;,\n        \&quot;online\&quot;: true\n    },\n    {\n        \&quot;programId\&quot;: 1879,\n        \&quot;programName\&quot;: \&quot;string\&quot;,\n        \&quot;programDescription\&quot;: \&quot;string\&quot;,\n        \&quot;online\&quot;: true\n    },\n    {\n        \&quot;programId\&quot;: 1880,\n        \&quot;programName\&quot;: \&quot;string\&quot;,\n        \&quot;programDescription\&quot;: \&quot;string\&quot;,\n        \&quot;online\&quot;: true\n    },\n    {\n        \&quot;programId\&quot;: 1881,\n        \&quot;programName\&quot;: \&quot;string\&quot;,\n        \&quot;programDescription\&quot;: \&quot;string\&quot;,\n        \&quot;online\&quot;: true\n    },\n    {\n        \&quot;programId\&quot;: 1882,\n        \&quot;programName\&quot;: \&quot;23string\&quot;,\n        \&quot;programDescription\&quot;: \&quot;23string\&quot;,\n        \&quot;online\&quot;: true\n    },\n    {\n        \&quot;programId\&quot;: 1883,\n        \&quot;programName\&quot;: \&quot;string\&quot;,\n        \&quot;programDescription\&quot;: \&quot;qwstring\&quot;,\n        \&quot;online\&quot;: true\n    },\n    {\n        \&quot;programId\&quot;: 1884,\n        \&quot;programName\&quot;: \&quot;test22\&quot;,\n        \&quot;programDescription\&quot;: \&quot;test22\&quot;,\n        \&quot;online\&quot;: true\n    },\n    {\n        \&quot;programId\&quot;: 1885,\n        \&quot;programName\&quot;: \&quot;string\&quot;,\n        \&quot;programDescription\&quot;: \&quot;2string\&quot;,\n        \&quot;online\&quot;: true\n    },\n    {\n        \&quot;programId\&quot;: 1886,\n        \&quot;programName\&quot;: \&quot;sjjjtring\&quot;,\n        \&quot;programDescription\&quot;: \&quot;2string\&quot;,\n        \&quot;online\&quot;: true\n    },\n    {\n        \&quot;programId\&quot;: 1887,\n        \&quot;programName\&quot;: \&quot;string\&quot;,\n        \&quot;programDescription\&quot;: \&quot;string\&quot;,\n        \&quot;online\&quot;: true\n    },\n    {\n        \&quot;programId\&quot;: 1889,\n        \&quot;programName\&quot;: \&quot;jhjhkjh \&quot;,\n        \&quot;programDescription\&quot;: \&quot; \&quot;,\n        \&quot;online\&quot;: true\n    },\n    {\n        \&quot;programId\&quot;: 1891,\n        \&quot;programName\&quot;: \&quot; dsada\&quot;,\n        \&quot;programDescription\&quot;: \&quot; \&quot;,\n        \&quot;online\&quot;: true\n    },\n    {\n        \&quot;programId\&quot;: 1892,\n        \&quot;programName\&quot;: \&quot; dsada\&quot;,\n        \&quot;programDescription\&quot;: \&quot;etwe \&quot;,\n        \&quot;online\&quot;: true\n    },\n    {\n        \&quot;programId\&quot;: 1893,\n        \&quot;programName\&quot;: \&quot; dsada\&quot;,\n        \&quot;programDescription\&quot;: \&quot;etwe \&quot;,\n        \&quot;online\&quot;: true\n    },\n    {\n        \&quot;programId\&quot;: 3780,\n        \&quot;programName\&quot;: \&quot;softwaretesting \&quot;,\n        \&quot;programDescription\&quot;: \&quot;training\&quot;,\n        \&quot;online\&quot;: true\n    },\n    {\n        \&quot;programId\&quot;: 1895,\n        \&quot;programName\&quot;: \&quot; dsada\&quot;,\n        \&quot;programDescription\&quot;: \&quot;etwe \&quot;,\n        \&quot;online\&quot;: true\n    },\n    {\n        \&quot;programId\&quot;: 1896,\n        \&quot;programName\&quot;: \&quot; dsada\&quot;,\n        \&quot;programDescription\&quot;: \&quot;etwe \&quot;,\n        \&quot;online\&quot;: true\n    },\n    {\n        \&quot;programId\&quot;: 1897,\n        \&quot;programName\&quot;: \&quot; dsada\&quot;,\n        \&quot;programDescription\&quot;: \&quot;etwe \&quot;,\n        \&quot;online\&quot;: true\n    },\n    {\n        \&quot;programId\&quot;: 1898,\n        \&quot;programName\&quot;: \&quot; dsada\&quot;,\n        \&quot;programDescription\&quot;: \&quot;etwe \&quot;,\n        \&quot;online\&quot;: true\n    },\n    {\n        \&quot;programId\&quot;: 1899,\n        \&quot;programName\&quot;: \&quot; dsada\&quot;,\n        \&quot;programDescription\&quot;: \&quot;etwe \&quot;,\n        \&quot;online\&quot;: true\n    },\n    {\n        \&quot;programId\&quot;: 1900,\n        \&quot;programName\&quot;: \&quot;SDET\&quot;,\n        \&quot;programDescription\&quot;: \&quot;SDET\&quot;,\n        \&quot;online\&quot;: true\n    },\n    {\n        \&quot;programId\&quot;: 1901,\n        \&quot;programName\&quot;: \&quot;SDET\&quot;,\n        \&quot;programDescription\&quot;: \&quot;SDET\&quot;,\n        \&quot;online\&quot;: true\n    },\n    {\n        \&quot;programId\&quot;: 1902,\n        \&quot;programName\&quot;: \&quot;DATASCIENCDE\&quot;,\n        \&quot;programDescription\&quot;: \&quot;Programming\&quot;,\n        \&quot;online\&quot;: true\n    },\n    {\n        \&quot;programId\&quot;: 1903,\n        \&quot;programName\&quot;: \&quot;DATASCIENCDE\&quot;,\n        \&quot;programDescription\&quot;: \&quot;Programming\&quot;,\n        \&quot;online\&quot;: true\n    },\n    {\n        \&quot;programId\&quot;: 1904,\n        \&quot;programName\&quot;: \&quot;SDET200\&quot;,\n        \&quot;programDescription\&quot;: \&quot;NumpyNinja\&quot;,\n        \&quot;online\&quot;: true\n    },\n    {\n        \&quot;programId\&quot;: 1905,\n        \&quot;programName\&quot;: \&quot;SDET200\&quot;,\n        \&quot;programDescription\&quot;: \&quot;NumpyNinja\&quot;,\n        \&quot;online\&quot;: true\n    },\n    {\n        \&quot;programId\&quot;: 1906,\n        \&quot;programName\&quot;: \&quot;SDET200\&quot;,\n        \&quot;programDescription\&quot;: \&quot;NumpyNinja\&quot;,\n        \&quot;online\&quot;: true\n    },\n    {\n        \&quot;programId\&quot;: 1907,\n        \&quot;programName\&quot;: \&quot;Testing\&quot;,\n        \&quot;programDescription\&quot;: \&quot;Testing\&quot;,\n        \&quot;online\&quot;: true\n    },\n    {\n        \&quot;programId\&quot;: 1908,\n        \&quot;programName\&quot;: \&quot;Testing\&quot;,\n        \&quot;programDescription\&quot;: \&quot;Testing\&quot;,\n        \&quot;online\&quot;: true\n    },\n    {\n        \&quot;programId\&quot;: 1909,\n        \&quot;programName\&quot;: \&quot;Testing\&quot;,\n        \&quot;programDescription\&quot;: \&quot;Testing\&quot;,\n        \&quot;online\&quot;: true\n    },\n    {\n        \&quot;programId\&quot;: 1910,\n        \&quot;programName\&quot;: \&quot;Testing\&quot;,\n        \&quot;programDescription\&quot;: \&quot;Testing\&quot;,\n        \&quot;online\&quot;: true\n    },\n    {\n        \&quot;programId\&quot;: 1911,\n        \&quot;programName\&quot;: \&quot;Testing\&quot;,\n        \&quot;programDescription\&quot;: \&quot;Testing\&quot;,\n        \&quot;online\&quot;: true\n    },\n    {\n        \&quot;programId\&quot;: 1914,\n        \&quot;programName\&quot;: \&quot;SDET200\&quot;,\n        \&quot;programDescription\&quot;: \&quot;NumpyNinja_Updated11\&quot;,\n        \&quot;online\&quot;: true\n    },\n    {\n        \&quot;programId\&quot;: 1915,\n        \&quot;programName\&quot;: \&quot;string\&quot;,\n        \&quot;programDescription\&quot;: \&quot;string\&quot;,\n        \&quot;online\&quot;: true\n    },\n    {\n        \&quot;programId\&quot;: 1916,\n        \&quot;programName\&quot;: \&quot;string\&quot;,\n        \&quot;programDescription\&quot;: \&quot;string\&quot;,\n        \&quot;online\&quot;: true\n    },\n    {\n        \&quot;programId\&quot;: 1917,\n        \&quot;programName\&quot;: \&quot;SDET200\&quot;,\n        \&quot;programDescription\&quot;: \&quot;NumpyNinja_Updated11\&quot;,\n        \&quot;online\&quot;: true\n    },\n    {\n        \&quot;programId\&quot;: 1918,\n        \&quot;programName\&quot;: \&quot;SDET200\&quot;,\n        \&quot;programDescription\&quot;: \&quot;NumpyNinja_Updated11\&quot;,\n        \&quot;online\&quot;: true\n    },\n    {\n        \&quot;programId\&quot;: 1919,\n        \&quot;programName\&quot;: \&quot;SDET200\&quot;,\n        \&quot;programDescription\&quot;: \&quot;NumpyNinja_Updated11\&quot;,\n        \&quot;online\&quot;: true\n    },\n    {\n        \&quot;programId\&quot;: 1920,\n        \&quot;programName\&quot;: \&quot;SDET200\&quot;,\n        \&quot;programDescription\&quot;: \&quot;NumpyNinja\&quot;,\n        \&quot;online\&quot;: true\n    },\n    {\n        \&quot;programId\&quot;: 1921,\n        \&quot;programName\&quot;: \&quot;string\&quot;,\n        \&quot;programDescription\&quot;: \&quot;string\&quot;,\n        \&quot;online\&quot;: true\n    },\n    {\n        \&quot;programId\&quot;: 1922,\n        \&quot;programName\&quot;: \&quot;Automation Tester\&quot;,\n        \&quot;programDescription\&quot;: \&quot;Tester sagarika\&quot;,\n        \&quot;online\&quot;: true\n    },\n    {\n        \&quot;programId\&quot;: 1925,\n        \&quot;programName\&quot;: \&quot;master\&quot;,\n        \&quot;programDescription\&quot;: \&quot;sdet5\&quot;,\n        \&quot;online\&quot;: false\n    },\n    {\n        \&quot;programId\&quot;: 1926,\n        \&quot;programName\&quot;: \&quot;Master\&quot;,\n        \&quot;programDescription\&quot;: \&quot;Tester5\&quot;,\n        \&quot;online\&quot;: false\n    },\n    {\n        \&quot;programId\&quot;: 1927,\n        \&quot;programName\&quot;: \&quot;master\&quot;,\n        \&quot;programDescription\&quot;: \&quot;sdet5\&quot;,\n        \&quot;online\&quot;: false\n    },\n    {\n        \&quot;programId\&quot;: 1928,\n        \&quot;programName\&quot;: \&quot;Master\&quot;,\n        \&quot;programDescription\&quot;: \&quot;Tester5\&quot;,\n        \&quot;online\&quot;: false\n    },\n    {\n        \&quot;programId\&quot;: 1929,\n        \&quot;programName\&quot;: \&quot;string\&quot;,\n        \&quot;programDescription\&quot;: \&quot;string\&quot;,\n        \&quot;online\&quot;: true\n    },\n    {\n        \&quot;programId\&quot;: 1930,\n        \&quot;programName\&quot;: \&quot;string\&quot;,\n        \&quot;programDescription\&quot;: \&quot;string\&quot;,\n        \&quot;online\&quot;: true\n    },\n    {\n        \&quot;programId\&quot;: 1932,\n        \&quot;programName\&quot;: \&quot;shhj\&quot;,\n        \&quot;programDescription\&quot;: \&quot;string\&quot;,\n        \&quot;online\&quot;: true\n    },\n    {\n        \&quot;programId\&quot;: 1933,\n        \&quot;programName\&quot;: \&quot;@#34343\&quot;,\n        \&quot;programDescription\&quot;: \&quot;Tets\&quot;,\n        \&quot;online\&quot;: true\n    },\n    {\n        \&quot;programId\&quot;: 1934,\n        \&quot;programName\&quot;: \&quot;@#34343\&quot;,\n        \&quot;programDescription\&quot;: \&quot;Tets\&quot;,\n        \&quot;online\&quot;: true\n    },\n    {\n        \&quot;programId\&quot;: 1935,\n        \&quot;programName\&quot;: \&quot;@#34343\&quot;,\n        \&quot;programDescription\&quot;: \&quot;Tets\&quot;,\n        \&quot;online\&quot;: true\n    },\n    {\n        \&quot;programId\&quot;: 1936,\n        \&quot;programName\&quot;: \&quot;sailaja&amp;&amp;&amp;string\&quot;,\n        \&quot;programDescription\&quot;: \&quot;sailaja@###\&quot;,\n        \&quot;online\&quot;: true\n    },\n    {\n        \&quot;programId\&quot;: 1938,\n        \&quot;programName\&quot;: \&quot;sailajastring\&quot;,\n        \&quot;programDescription\&quot;: \&quot;sailaja\&quot;,\n        \&quot;online\&quot;: true\n    },\n    {\n        \&quot;programId\&quot;: 1939,\n        \&quot;programName\&quot;: \&quot;sailajastring\&quot;,\n        \&quot;programDescription\&quot;: \&quot;sailaja\&quot;,\n        \&quot;online\&quot;: true\n    },\n    {\n        \&quot;programId\&quot;: 1992,\n        \&quot;programName\&quot;: \&quot;BDD\&quot;,\n        \&quot;programDescription\&quot;: \&quot;BDD testing\&quot;,\n        \&quot;online\&quot;: true\n    },\n    {\n        \&quot;programId\&quot;: 1870,\n        \&quot;programName\&quot;: \&quot;SDET1\&quot;,\n        \&quot;programDescription\&quot;: \&quot;p45465jkhjkhkj\&quot;,\n        \&quot;online\&quot;: true\n    },\n    {\n        \&quot;programId\&quot;: 1940,\n        \&quot;programName\&quot;: \&quot;SDET100\&quot;,\n        \&quot;programDescription\&quot;: \&quot;NumpyNinja1\&quot;,\n        \&quot;online\&quot;: true\n    },\n    {\n        \&quot;programId\&quot;: 1941,\n        \&quot;programName\&quot;: \&quot;sssss\&quot;,\n        \&quot;programDescription\&quot;: \&quot;aaaa\&quot;,\n        \&quot;online\&quot;: true\n    },\n    {\n        \&quot;programId\&quot;: 1942,\n        \&quot;programName\&quot;: \&quot;SDET200\&quot;,\n        \&quot;programDescription\&quot;: \&quot;NumpyNinja\&quot;,\n        \&quot;online\&quot;: true\n    },\n    {\n        \&quot;programId\&quot;: 1943,\n        \&quot;programName\&quot;: \&quot;SDET200\&quot;,\n        \&quot;programDescription\&quot;: \&quot;NumpyNinja\&quot;,\n        \&quot;online\&quot;: true\n    },\n    {\n        \&quot;programId\&quot;: 1944,\n        \&quot;programName\&quot;: \&quot;SDET100\&quot;,\n        \&quot;programDescription\&quot;: \&quot;NumpyNinja1\&quot;,\n        \&quot;online\&quot;: true\n    },\n    {\n        \&quot;programId\&quot;: 1945,\n        \&quot;programName\&quot;: \&quot;BDD\&quot;,\n        \&quot;programDescription\&quot;: \&quot;BDD testing\&quot;,\n        \&quot;online\&quot;: true\n    },\n    {\n        \&quot;programId\&quot;: 1946,\n        \&quot;programName\&quot;: \&quot;BDD\&quot;,\n        \&quot;programDescription\&quot;: \&quot;BDD testing\&quot;,\n        \&quot;online\&quot;: true\n    },\n    {\n        \&quot;programId\&quot;: 1947,\n        \&quot;programName\&quot;: \&quot;BDD\&quot;,\n        \&quot;programDescription\&quot;: \&quot;BDD testing\&quot;,\n        \&quot;online\&quot;: true\n    },\n    {\n        \&quot;programId\&quot;: 1948,\n        \&quot;programName\&quot;: \&quot;BDD\&quot;,\n        \&quot;programDescription\&quot;: \&quot;BDD testing\&quot;,\n        \&quot;online\&quot;: true\n    },\n    {\n        \&quot;programId\&quot;: 1949,\n        \&quot;programName\&quot;: \&quot;BDD\&quot;,\n        \&quot;programDescription\&quot;: \&quot;BDD testing\&quot;,\n        \&quot;online\&quot;: true\n    },\n    {\n        \&quot;programId\&quot;: 9231,\n        \&quot;programName\&quot;: \&quot;lms api\&quot;,\n        \&quot;programDescription\&quot;: null,\n        \&quot;online\&quot;: true\n    },\n    {\n        \&quot;programId\&quot;: 1951,\n        \&quot;programName\&quot;: \&quot;SDET200\&quot;,\n        \&quot;programDescription\&quot;: \&quot;NumpyNinja\&quot;,\n        \&quot;online\&quot;: true\n    },\n    {\n        \&quot;programId\&quot;: 1952,\n        \&quot;programName\&quot;: \&quot;SDET200\&quot;,\n        \&quot;programDescription\&quot;: \&quot;NumpyNinja\&quot;,\n        \&quot;online\&quot;: true\n    },\n    {\n        \&quot;programId\&quot;: 1953,\n        \&quot;programName\&quot;: \&quot;online field testing\&quot;,\n        \&quot;programDescription\&quot;: \&quot;entered with numbers\&quot;,\n        \&quot;online\&quot;: true\n    },\n    {\n        \&quot;programId\&quot;: 1954,\n        \&quot;programName\&quot;: \&quot;SDET100\&quot;,\n        \&quot;programDescription\&quot;: \&quot;NumpyNinja1\&quot;,\n        \&quot;online\&quot;: true\n    },\n    {\n        \&quot;programId\&quot;: 1955,\n        \&quot;programName\&quot;: \&quot;SDET100\&quot;,\n        \&quot;programDescription\&quot;: \&quot;NumpyNinja1\&quot;,\n        \&quot;online\&quot;: true\n    },\n    {\n        \&quot;programId\&quot;: 1956,\n        \&quot;programName\&quot;: \&quot;string\&quot;,\n        \&quot;programDescription\&quot;: \&quot;athu_changed\&quot;,\n        \&quot;online\&quot;: true\n    },\n    {\n        \&quot;programId\&quot;: 1957,\n        \&quot;programName\&quot;: \&quot;string\&quot;,\n        \&quot;programDescription\&quot;: \&quot;athu_changed_again\&quot;,\n        \&quot;online\&quot;: true\n    },\n    {\n        \&quot;programId\&quot;: 1958,\n        \&quot;programName\&quot;: \&quot;online field testing\&quot;,\n        \&quot;programDescription\&quot;: \&quot;entered with numbers\&quot;,\n        \&quot;online\&quot;: true\n    },\n    {\n        \&quot;programId\&quot;: 1959,\n        \&quot;programName\&quot;: \&quot;SDET100\&quot;,\n        \&quot;programDescription\&quot;: \&quot;NumpyNinja1\&quot;,\n        \&quot;online\&quot;: true\n    },\n    {\n        \&quot;programId\&quot;: 1960,\n        \&quot;programName\&quot;: \&quot;BDD\&quot;,\n        \&quot;programDescription\&quot;: \&quot;BDD testing\&quot;,\n        \&quot;online\&quot;: true\n    },\n    {\n        \&quot;programId\&quot;: 1961,\n        \&quot;programName\&quot;: \&quot;BDD\&quot;,\n        \&quot;programDescription\&quot;: \&quot;BDD testing\&quot;,\n        \&quot;online\&quot;: true\n    },\n    {\n        \&quot;programId\&quot;: 1962,\n        \&quot;programName\&quot;: \&quot;BDD\&quot;,\n        \&quot;programDescription\&quot;: \&quot;BDD testing\&quot;,\n        \&quot;online\&quot;: true\n    },\n    {\n        \&quot;programId\&quot;: 1963,\n        \&quot;programName\&quot;: \&quot;BDD\&quot;,\n        \&quot;programDescription\&quot;: \&quot;BDD testing\&quot;,\n        \&quot;online\&quot;: true\n    },\n    {\n        \&quot;programId\&quot;: 1964,\n        \&quot;programName\&quot;: \&quot;BDD\&quot;,\n        \&quot;programDescription\&quot;: \&quot;BDD testing\&quot;,\n        \&quot;online\&quot;: true\n    },\n    {\n        \&quot;programId\&quot;: 1965,\n        \&quot;programName\&quot;: \&quot;online fields testing\&quot;,\n        \&quot;programDescription\&quot;: \&quot;entered with numbers\&quot;,\n        \&quot;online\&quot;: true\n    },\n    {\n        \&quot;programId\&quot;: 1966,\n        \&quot;programName\&quot;: \&quot;online fields testing\&quot;,\n        \&quot;programDescription\&quot;: \&quot;entered with numbers\&quot;,\n        \&quot;online\&quot;: true\n    },\n    {\n        \&quot;programId\&quot;: 1967,\n        \&quot;programName\&quot;: \&quot;online fields testing\&quot;,\n        \&quot;programDescription\&quot;: \&quot;entered with numbers\&quot;,\n        \&quot;online\&quot;: true\n    },\n    {\n        \&quot;programId\&quot;: 1968,\n        \&quot;programName\&quot;: \&quot;ega\&quot;,\n        \&quot;programDescription\&quot;: \&quot;frs\&quot;,\n        \&quot;online\&quot;: true\n    },\n    {\n        \&quot;programId\&quot;: 1969,\n        \&quot;programName\&quot;: \&quot;ega\&quot;,\n        \&quot;programDescription\&quot;: \&quot;frs\&quot;,\n        \&quot;online\&quot;: true\n    },\n    {\n        \&quot;programId\&quot;: 1970,\n        \&quot;programName\&quot;: \&quot;BDD\&quot;,\n        \&quot;programDescription\&quot;: \&quot;BDD testing\&quot;,\n        \&quot;online\&quot;: true\n    },\n    {\n        \&quot;programId\&quot;: 1971,\n        \&quot;programName\&quot;: \&quot;SDET200\&quot;,\n        \&quot;programDescription\&quot;: \&quot;NumpyNinja\&quot;,\n        \&quot;online\&quot;: true\n    },\n    {\n        \&quot;programId\&quot;: 1972,\n        \&quot;programName\&quot;: \&quot;SDET200\&quot;,\n        \&quot;programDescription\&quot;: \&quot;NumpyNinja_Updated11\&quot;,\n        \&quot;online\&quot;: true\n    },\n    {\n        \&quot;programId\&quot;: 7355,\n        \&quot;programName\&quot;: \&quot;Testing\&quot;,\n        \&quot;programDescription\&quot;: \&quot;Testing\&quot;,\n        \&quot;online\&quot;: true\n    },\n    {\n        \&quot;programId\&quot;: 1974,\n        \&quot;programName\&quot;: \&quot;SDET200\&quot;,\n        \&quot;programDescription\&quot;: \&quot;NumpyNinja_Updated11\&quot;,\n        \&quot;online\&quot;: true\n    },\n    {\n        \&quot;programId\&quot;: 1975,\n        \&quot;programName\&quot;: \&quot;SDET200\&quot;,\n        \&quot;programDescription\&quot;: \&quot;NumpyNinja_Updated11\&quot;,\n        \&quot;online\&quot;: true\n    },\n    {\n        \&quot;programId\&quot;: 1976,\n        \&quot;programName\&quot;: \&quot;SDET200\&quot;,\n        \&quot;programDescription\&quot;: \&quot;NumpyNinja_Updated11\&quot;,\n        \&quot;online\&quot;: true\n    },\n    {\n        \&quot;programId\&quot;: 1977,\n        \&quot;programName\&quot;: \&quot;BDD\&quot;,\n        \&quot;programDescription\&quot;: \&quot;BDD testing\&quot;,\n        \&quot;online\&quot;: true\n    },\n    {\n        \&quot;programId\&quot;: 1978,\n        \&quot;programName\&quot;: \&quot;BDD\&quot;,\n        \&quot;programDescription\&quot;: \&quot;BDD testing\&quot;,\n        \&quot;online\&quot;: true\n    },\n    {\n        \&quot;programId\&quot;: 1979,\n        \&quot;programName\&quot;: \&quot;BDD\&quot;,\n        \&quot;programDescription\&quot;: \&quot;BDD testing\&quot;,\n        \&quot;online\&quot;: true\n    },\n    {\n        \&quot;programId\&quot;: 1980,\n        \&quot;programName\&quot;: \&quot;BDD\&quot;,\n        \&quot;programDescription\&quot;: \&quot;BDD testing\&quot;,\n        \&quot;online\&quot;: true\n    },\n    {\n        \&quot;programId\&quot;: 1981,\n        \&quot;programName\&quot;: \&quot;SDET100\&quot;,\n        \&quot;programDescription\&quot;: \&quot;NumpyNinja1\&quot;,\n        \&quot;online\&quot;: true\n    },\n    {\n        \&quot;programId\&quot;: 1982,\n        \&quot;programName\&quot;: \&quot;SDET100\&quot;,\n        \&quot;programDescription\&quot;: \&quot;NumpyNinja1\&quot;,\n        \&quot;online\&quot;: true\n    },\n    {\n        \&quot;programId\&quot;: 1983,\n        \&quot;programName\&quot;: \&quot;SDET200\&quot;,\n        \&quot;programDescription\&quot;: \&quot;NumpyNinja_Updated11\&quot;,\n        \&quot;online\&quot;: true\n    },\n    {\n        \&quot;programId\&quot;: 1984,\n        \&quot;programName\&quot;: \&quot;BDD\&quot;,\n        \&quot;programDescription\&quot;: \&quot;BDD testing\&quot;,\n        \&quot;online\&quot;: true\n    },\n    {\n        \&quot;programId\&quot;: 9232,\n        \&quot;programName\&quot;: \&quot;VideoGame\&quot;,\n        \&quot;programDescription\&quot;: \&quot;user friendly\&quot;,\n        \&quot;online\&quot;: true\n    },\n    {\n        \&quot;programId\&quot;: 7413,\n        \&quot;programName\&quot;: \&quot;string\&quot;,\n        \&quot;programDescription\&quot;: \&quot;string\&quot;,\n        \&quot;online\&quot;: true\n    },\n    {\n        \&quot;programId\&quot;: 1987,\n        \&quot;programName\&quot;: \&quot;BDD\&quot;,\n        \&quot;programDescription\&quot;: \&quot;BDD testing\&quot;,\n        \&quot;online\&quot;: true\n    },\n    {\n        \&quot;programId\&quot;: 1988,\n        \&quot;programName\&quot;: \&quot;BDD\&quot;,\n        \&quot;programDescription\&quot;: \&quot;BDD testing\&quot;,\n        \&quot;online\&quot;: true\n    },\n    {\n        \&quot;programId\&quot;: 1989,\n        \&quot;programName\&quot;: \&quot;BDD\&quot;,\n        \&quot;programDescription\&quot;: \&quot;BDD testing\&quot;,\n        \&quot;online\&quot;: true\n    },\n    {\n        \&quot;programId\&quot;: 1990,\n        \&quot;programName\&quot;: \&quot;BDD\&quot;,\n        \&quot;programDescription\&quot;: \&quot;BDD testing\&quot;,\n        \&quot;online\&quot;: true\n    },\n    {\n        \&quot;programId\&quot;: 1991,\n        \&quot;programName\&quot;: \&quot;SDET100\&quot;,\n        \&quot;programDescription\&quot;: \&quot;NumpyNinja1\&quot;,\n        \&quot;online\&quot;: true\n    },\n    {\n        \&quot;programId\&quot;: 1937,\n        \&quot;programName\&quot;: \&quot;Prek\&quot;,\n        \&quot;programDescription\&quot;: \&quot;India\&quot;,\n        \&quot;online\&quot;: true\n    },\n    {\n        \&quot;programId\&quot;: 1994,\n        \&quot;programName\&quot;: \&quot;SDET100\&quot;,\n        \&quot;programDescription\&quot;: \&quot;NumpyNinja1\&quot;,\n        \&quot;online\&quot;: true\n    },\n    {\n        \&quot;programId\&quot;: 1995,\n        \&quot;programName\&quot;: \&quot;SDET200\&quot;,\n        \&quot;programDescription\&quot;: \&quot;NumpyNinja_Updated11\&quot;,\n        \&quot;online\&quot;: true\n    },\n    {\n        \&quot;programId\&quot;: 1996,\n        \&quot;programName\&quot;: \&quot;SDET200\&quot;,\n        \&quot;programDescription\&quot;: \&quot;NumpyNinja\&quot;,\n        \&quot;online\&quot;: true\n    },\n    {\n        \&quot;programId\&quot;: 1997,\n        \&quot;programName\&quot;: \&quot;SDET200\&quot;,\n        \&quot;programDescription\&quot;: \&quot;NumpyNinja_Updated11\&quot;,\n        \&quot;online\&quot;: true\n    },\n    {\n        \&quot;programId\&quot;: 1998,\n        \&quot;programName\&quot;: \&quot;SDET200\&quot;,\n        \&quot;programDescription\&quot;: \&quot;NumpyNinja\&quot;,\n        \&quot;online\&quot;: true\n    },\n    {\n        \&quot;programId\&quot;: 1999,\n        \&quot;programName\&quot;: \&quot;SDET200\&quot;,\n        \&quot;programDescription\&quot;: \&quot;NumpyNinja_Updated11\&quot;,\n        \&quot;online\&quot;: true\n    },\n    {\n        \&quot;programId\&quot;: 2003,\n        \&quot;programName\&quot;: \&quot;Cypress\&quot;,\n        \&quot;programDescription\&quot;: \&quot;Testing edited\&quot;,\n        \&quot;online\&quot;: false\n    },\n    {\n        \&quot;programId\&quot;: 9233,\n        \&quot;programName\&quot;: \&quot;VideoGame\&quot;,\n        \&quot;programDescription\&quot;: \&quot;user friendly\&quot;,\n        \&quot;online\&quot;: true\n    },\n    {\n        \&quot;programId\&quot;: 2007,\n        \&quot;programName\&quot;: \&quot;str\&quot;,\n        \&quot;programDescription\&quot;: \&quot;string\&quot;,\n        \&quot;online\&quot;: true\n    },\n    {\n        \&quot;programId\&quot;: 2008,\n        \&quot;programName\&quot;: \&quot;str\&quot;,\n        \&quot;programDescription\&quot;: \&quot;string\&quot;,\n        \&quot;online\&quot;: true\n    },\n    {\n        \&quot;programId\&quot;: 2004,\n        \&quot;programName\&quot;: \&quot;CoralDraw\&quot;,\n        \&quot;programDescription\&quot;: \&quot;Testing edited\&quot;,\n        \&quot;online\&quot;: true\n    },\n    {\n        \&quot;programId\&quot;: 2006,\n        \&quot;programName\&quot;: \&quot;Cucumber\&quot;,\n        \&quot;programDescription\&quot;: \&quot;Testing edited\&quot;,\n        \&quot;online\&quot;: true\n    },\n    {\n        \&quot;programId\&quot;: 2009,\n        \&quot;programName\&quot;: \&quot;BDD\&quot;,\n        \&quot;programDescription\&quot;: \&quot;BDD testing\&quot;,\n        \&quot;online\&quot;: true\n    },\n    {\n        \&quot;programId\&quot;: 2010,\n        \&quot;programName\&quot;: \&quot;BDD\&quot;,\n        \&quot;programDescription\&quot;: \&quot;BDD testing\&quot;,\n        \&quot;online\&quot;: true\n    },\n    {\n        \&quot;programId\&quot;: 2011,\n        \&quot;programName\&quot;: \&quot;BDD\&quot;,\n        \&quot;programDescription\&quot;: \&quot;BDD testing\&quot;,\n        \&quot;online\&quot;: true\n    },\n    {\n        \&quot;programId\&quot;: 2012,\n        \&quot;programName\&quot;: \&quot;BDD\&quot;,\n        \&quot;programDescription\&quot;: \&quot;BDD testing\&quot;,\n        \&quot;online\&quot;: true\n    },\n    {\n        \&quot;programId\&quot;: 2013,\n        \&quot;programName\&quot;: \&quot;BDD\&quot;,\n        \&quot;programDescription\&quot;: \&quot;BDD testing\&quot;,\n        \&quot;online\&quot;: true\n    },\n    {\n        \&quot;programId\&quot;: 3781,\n        \&quot;programName\&quot;: \&quot;softwaretesting \&quot;,\n        \&quot;programDescription\&quot;: \&quot;training\&quot;,\n        \&quot;online\&quot;: true\n    },\n    {\n        \&quot;programId\&quot;: 2015,\n        \&quot;programName\&quot;: \&quot;BDD\&quot;,\n        \&quot;programDescription\&quot;: \&quot;BDD testing\&quot;,\n        \&quot;online\&quot;: true\n    },\n    {\n        \&quot;programId\&quot;: 2016,\n        \&quot;programName\&quot;: \&quot;assertion\&quot;,\n        \&quot;programDescription\&quot;: \&quot;string\&quot;,\n        \&quot;online\&quot;: true\n    },\n    {\n        \&quot;programId\&quot;: 2017,\n        \&quot;programName\&quot;: \&quot;BDD\&quot;,\n        \&quot;programDescription\&quot;: \&quot;BDD testing\&quot;,\n        \&quot;online\&quot;: true\n    },\n    {\n        \&quot;programId\&quot;: 2018,\n        \&quot;programName\&quot;: \&quot;Testing\&quot;,\n        \&quot;programDescription\&quot;: \&quot;Testing\&quot;,\n        \&quot;online\&quot;: true\n    },\n    {\n        \&quot;programId\&quot;: 2019,\n        \&quot;programName\&quot;: \&quot;Testing\&quot;,\n        \&quot;programDescription\&quot;: \&quot;Testing\&quot;,\n        \&quot;online\&quot;: true\n    },\n    {\n        \&quot;programId\&quot;: 2020,\n        \&quot;programName\&quot;: \&quot;Testing\&quot;,\n        \&quot;programDescription\&quot;: \&quot;Testing\&quot;,\n        \&quot;online\&quot;: true\n    },\n    {\n        \&quot;programId\&quot;: 2021,\n        \&quot;programName\&quot;: \&quot;Testing\&quot;,\n        \&quot;programDescription\&quot;: \&quot;Testing\&quot;,\n        \&quot;online\&quot;: true\n    },\n    {\n        \&quot;programId\&quot;: 2022,\n        \&quot;programName\&quot;: \&quot;Testing\&quot;,\n        \&quot;programDescription\&quot;: \&quot;Testing\&quot;,\n        \&quot;online\&quot;: true\n    },\n    {\n        \&quot;programId\&quot;: 2023,\n        \&quot;programName\&quot;: \&quot;Testing\&quot;,\n        \&quot;programDescription\&quot;: \&quot;Testing\&quot;,\n        \&quot;online\&quot;: true\n    },\n    {\n        \&quot;programId\&quot;: 2024,\n        \&quot;programName\&quot;: \&quot;Testing\&quot;,\n        \&quot;programDescription\&quot;: \&quot;Testing\&quot;,\n        \&quot;online\&quot;: true\n    },\n    {\n        \&quot;programId\&quot;: 2025,\n        \&quot;programName\&quot;: \&quot;Testing\&quot;,\n        \&quot;programDescription\&quot;: \&quot;Testing\&quot;,\n        \&quot;online\&quot;: true\n    },\n    {\n        \&quot;programId\&quot;: 2026,\n        \&quot;programName\&quot;: \&quot;Testing\&quot;,\n        \&quot;programDescription\&quot;: \&quot;Testing\&quot;,\n        \&quot;online\&quot;: true\n    },\n    {\n        \&quot;programId\&quot;: 2027,\n        \&quot;programName\&quot;: \&quot;Testing\&quot;,\n        \&quot;programDescription\&quot;: \&quot;Testing\&quot;,\n        \&quot;online\&quot;: true\n    },\n    {\n        \&quot;programId\&quot;: 2028,\n        \&quot;programName\&quot;: \&quot;Testing\&quot;,\n        \&quot;programDescription\&quot;: \&quot;Testing\&quot;,\n        \&quot;online\&quot;: true\n    },\n    {\n        \&quot;programId\&quot;: 2029,\n        \&quot;programName\&quot;: \&quot;Testing\&quot;,\n        \&quot;programDescription\&quot;: \&quot;Testing\&quot;,\n        \&quot;online\&quot;: true\n    },\n    {\n        \&quot;programId\&quot;: 2030,\n        \&quot;programName\&quot;: \&quot;Testing\&quot;,\n        \&quot;programDescription\&quot;: \&quot;Testing\&quot;,\n        \&quot;online\&quot;: true\n    },\n    {\n        \&quot;programId\&quot;: 2031,\n        \&quot;programName\&quot;: \&quot;Testing\&quot;,\n        \&quot;programDescription\&quot;: \&quot;Testing\&quot;,\n        \&quot;online\&quot;: true\n    },\n    {\n        \&quot;programId\&quot;: 2032,\n        \&quot;programName\&quot;: \&quot;Testing\&quot;,\n        \&quot;programDescription\&quot;: \&quot;Testing\&quot;,\n        \&quot;online\&quot;: true\n    },\n    {\n        \&quot;programId\&quot;: 2033,\n        \&quot;programName\&quot;: \&quot;BDD\&quot;,\n        \&quot;programDescription\&quot;: \&quot;BDD testing\&quot;,\n        \&quot;online\&quot;: true\n    },\n    {\n        \&quot;programId\&quot;: 2034,\n        \&quot;programName\&quot;: \&quot;Testing\&quot;,\n        \&quot;programDescription\&quot;: \&quot;Testing\&quot;,\n        \&quot;online\&quot;: true\n    },\n    {\n        \&quot;programId\&quot;: 2035,\n        \&quot;programName\&quot;: \&quot;Testing\&quot;,\n        \&quot;programDescription\&quot;: \&quot;Testing\&quot;,\n        \&quot;online\&quot;: true\n    },\n    {\n        \&quot;programId\&quot;: 2036,\n        \&quot;programName\&quot;: \&quot;Testing\&quot;,\n        \&quot;programDescription\&quot;: \&quot;Testing\&quot;,\n        \&quot;online\&quot;: true\n    },\n    {\n        \&quot;programId\&quot;: 2037,\n        \&quot;programName\&quot;: \&quot;Testing\&quot;,\n        \&quot;programDescription\&quot;: \&quot;Testing\&quot;,\n        \&quot;online\&quot;: true\n    },\n    {\n        \&quot;programId\&quot;: 2038,\n        \&quot;programName\&quot;: \&quot;Testing\&quot;,\n        \&quot;programDescription\&quot;: \&quot;Testing\&quot;,\n        \&quot;online\&quot;: true\n    },\n    {\n        \&quot;programId\&quot;: 2039,\n        \&quot;programName\&quot;: \&quot;Testing\&quot;,\n        \&quot;programDescription\&quot;: \&quot;Testing\&quot;,\n        \&quot;online\&quot;: true\n    },\n    {\n        \&quot;programId\&quot;: 2040,\n        \&quot;programName\&quot;: \&quot;Testing\&quot;,\n        \&quot;programDescription\&quot;: \&quot;Testing\&quot;,\n        \&quot;online\&quot;: true\n    },\n    {\n        \&quot;programId\&quot;: 2041,\n        \&quot;programName\&quot;: \&quot;BDD\&quot;,\n        \&quot;programDescription\&quot;: \&quot;BDD testing\&quot;,\n        \&quot;online\&quot;: true\n    },\n    {\n        \&quot;programId\&quot;: 2042,\n        \&quot;programName\&quot;: \&quot;BDD\&quot;,\n        \&quot;programDescription\&quot;: \&quot;BDD testing\&quot;,\n        \&quot;online\&quot;: true\n    },\n    {\n        \&quot;programId\&quot;: 2043,\n        \&quot;programName\&quot;: \&quot;string\&quot;,\n        \&quot;programDescription\&quot;: \&quot;string\&quot;,\n        \&quot;online\&quot;: true\n    },\n    {\n        \&quot;programId\&quot;: 3782,\n        \&quot;programName\&quot;: \&quot;softwaretesting \&quot;,\n        \&quot;programDescription\&quot;: \&quot;training\&quot;,\n        \&quot;online\&quot;: true\n    },\n    {\n        \&quot;programId\&quot;: 2045,\n        \&quot;programName\&quot;: \&quot;SDET100\&quot;,\n        \&quot;programDescription\&quot;: \&quot;NumpyNinja1\&quot;,\n        \&quot;online\&quot;: true\n    },\n    {\n        \&quot;programId\&quot;: 3833,\n        \&quot;programName\&quot;: \&quot;\\\&quot;Automation Testing\\\&quot;\&quot;,\n        \&quot;programDescription\&quot;: \&quot;\\\&quot;RestAssured\\\&quot;\&quot;,\n        \&quot;online\&quot;: false\n    },\n    {\n        \&quot;programId\&quot;: 9234,\n        \&quot;programName\&quot;: \&quot;lms api modified\&quot;,\n        \&quot;programDescription\&quot;: \&quot;lms api modified\&quot;,\n        \&quot;online\&quot;: true\n    },\n    {\n        \&quot;programId\&quot;: 2049,\n        \&quot;programName\&quot;: \&quot;BDD\&quot;,\n        \&quot;programDescription\&quot;: \&quot;BDD testing\&quot;,\n        \&quot;online\&quot;: true\n    },\n    {\n        \&quot;programId\&quot;: 2050,\n        \&quot;programName\&quot;: \&quot;TEst Zone\&quot;,\n        \&quot;programDescription\&quot;: \&quot;Testing is fun\&quot;,\n        \&quot;online\&quot;: true\n    },\n    {\n        \&quot;programId\&quot;: 2051,\n        \&quot;programName\&quot;: \&quot;Manual Testing\&quot;,\n        \&quot;programDescription\&quot;: \&quot;Testing is more fun\&quot;,\n        \&quot;online\&quot;: true\n    },\n    {\n        \&quot;programId\&quot;: 2052,\n        \&quot;programName\&quot;: \&quot;BDD\&quot;,\n        \&quot;programDescription\&quot;: \&quot;BDD testing\&quot;,\n        \&quot;online\&quot;: true\n    },\n    {\n        \&quot;programId\&quot;: 2053,\n        \&quot;programName\&quot;: \&quot;string\&quot;,\n        \&quot;programDescription\&quot;: \&quot;string\&quot;,\n        \&quot;online\&quot;: true\n    },\n    {\n        \&quot;programId\&quot;: 9290,\n        \&quot;programName\&quot;: \&quot;lms api\&quot;,\n        \&quot;programDescription\&quot;: \&quot;lms api\&quot;,\n        \&quot;online\&quot;: true\n    },\n    {\n        \&quot;programId\&quot;: 2055,\n        \&quot;programName\&quot;: \&quot;string\&quot;,\n        \&quot;programDescription\&quot;: \&quot;string\&quot;,\n        \&quot;online\&quot;: false\n    },\n    {\n        \&quot;programId\&quot;: 2056,\n        \&quot;programName\&quot;: \&quot;string\&quot;,\n        \&quot;programDescription\&quot;: \&quot;strings\&quot;,\n        \&quot;online\&quot;: true\n    },\n    {\n        \&quot;programId\&quot;: 2058,\n        \&quot;programName\&quot;: \&quot;Selenium\&quot;,\n        \&quot;programDescription\&quot;: \&quot;Selenium 4 Week Course\&quot;,\n        \&quot;online\&quot;: true\n    },\n    {\n        \&quot;programId\&quot;: 2057,\n        \&quot;programName\&quot;: \&quot;Selenium\&quot;,\n        \&quot;programDescription\&quot;: \&quot;Selenium 4 Week Course\&quot;,\n        \&quot;online\&quot;: true\n    },\n    {\n        \&quot;programId\&quot;: 2059,\n        \&quot;programName\&quot;: \&quot;SDET200\&quot;,\n        \&quot;programDescription\&quot;: \&quot;NumpyNinja\&quot;,\n        \&quot;online\&quot;: true\n    },\n    {\n        \&quot;programId\&quot;: 2060,\n        \&quot;programName\&quot;: \&quot;SDET200\&quot;,\n        \&quot;programDescription\&quot;: \&quot;NumpyNinja_Updated11\&quot;,\n        \&quot;online\&quot;: true\n    },\n    {\n        \&quot;programId\&quot;: 2061,\n        \&quot;programName\&quot;: \&quot;SDET100\&quot;,\n        \&quot;programDescription\&quot;: \&quot;NumpyNinja1\&quot;,\n        \&quot;online\&quot;: true\n    },\n    {\n        \&quot;programId\&quot;: 9291,\n        \&quot;programName\&quot;: \&quot;geeta\&quot;,\n        \&quot;programDescription\&quot;: \&quot;ID\&quot;,\n        \&quot;online\&quot;: true\n    },\n    {\n        \&quot;programId\&quot;: 9292,\n        \&quot;programName\&quot;: \&quot;geeta\&quot;,\n        \&quot;programDescription\&quot;: \&quot;ID\&quot;,\n        \&quot;online\&quot;: true\n    },\n    {\n        \&quot;programId\&quot;: 9293,\n        \&quot;programName\&quot;: \&quot;geeta\&quot;,\n        \&quot;programDescription\&quot;: \&quot;ID\&quot;,\n        \&quot;online\&quot;: true\n    },\n    {\n        \&quot;programId\&quot;: 9294,\n        \&quot;programName\&quot;: \&quot;now\&quot;,\n        \&quot;programDescription\&quot;: \&quot;now\&quot;,\n        \&quot;online\&quot;: true\n    },\n    {\n        \&quot;programId\&quot;: 2066,\n        \&quot;programName\&quot;: \&quot;string\&quot;,\n        \&quot;programDescription\&quot;: \&quot;string\&quot;,\n        \&quot;online\&quot;: true\n    },\n    {\n        \&quot;programId\&quot;: 2067,\n        \&quot;programName\&quot;: \&quot;string\&quot;,\n        \&quot;programDescription\&quot;: \&quot;string\&quot;,\n        \&quot;online\&quot;: true\n    },\n    {\n        \&quot;programId\&quot;: 2068,\n        \&quot;programName\&quot;: \&quot;SDET\&quot;,\n        \&quot;programDescription\&quot;: \&quot;programming\&quot;,\n        \&quot;online\&quot;: true\n    },\n    {\n        \&quot;programId\&quot;: 1856,\n        \&quot;programName\&quot;: \&quot;SDET\&quot;,\n        \&quot;programDescription\&quot;: \&quot;programming\&quot;,\n        \&quot;online\&quot;: true\n    },\n    {\n        \&quot;programId\&quot;: 2069,\n        \&quot;programName\&quot;: \&quot;BDD\&quot;,\n        \&quot;programDescription\&quot;: \&quot;BDD testing\&quot;,\n        \&quot;online\&quot;: true\n    },\n    {\n        \&quot;programId\&quot;: 2070,\n        \&quot;programName\&quot;: \&quot;JAVAtraining\&quot;,\n        \&quot;programDescription\&quot;: \&quot;SDET20 training\&quot;,\n        \&quot;online\&quot;: true\n    },\n    {\n        \&quot;programId\&quot;: 2071,\n        \&quot;programName\&quot;: \&quot;BDD\&quot;,\n        \&quot;programDescription\&quot;: \&quot;BDD testing\&quot;,\n        \&quot;online\&quot;: true\n    },\n    {\n        \&quot;programId\&quot;: 2072,\n        \&quot;programName\&quot;: \&quot;SDET200\&quot;,\n        \&quot;programDescription\&quot;: \&quot;NumpyNinja\&quot;,\n        \&quot;online\&quot;: true\n    },\n    {\n        \&quot;programId\&quot;: 2073,\n        \&quot;programName\&quot;: \&quot;SDET200\&quot;,\n        \&quot;programDescription\&quot;: \&quot;NumpyNinja_Updated11\&quot;,\n        \&quot;online\&quot;: true\n    },\n    {\n        \&quot;programId\&quot;: 2074,\n        \&quot;programName\&quot;: \&quot;SDET200\&quot;,\n        \&quot;programDescription\&quot;: \&quot;NumpyNinja_Updated11\&quot;,\n        \&quot;online\&quot;: true\n    },\n    {\n        \&quot;programId\&quot;: 2075,\n        \&quot;programName\&quot;: \&quot;SDET200\&quot;,\n        \&quot;programDescription\&quot;: \&quot;NumpyNinja\&quot;,\n        \&quot;online\&quot;: true\n    },\n    {\n        \&quot;programId\&quot;: 2076,\n        \&quot;programName\&quot;: \&quot;SDET200\&quot;,\n        \&quot;programDescription\&quot;: \&quot;NumpyNinja_Updated11\&quot;,\n        \&quot;online\&quot;: true\n    },\n    {\n        \&quot;programId\&quot;: 2077,\n        \&quot;programName\&quot;: \&quot;BDD\&quot;,\n        \&quot;programDescription\&quot;: \&quot;BDD testing\&quot;,\n        \&quot;online\&quot;: true\n    },\n    {\n        \&quot;programId\&quot;: 2078,\n        \&quot;programName\&quot;: \&quot;SDET100\&quot;,\n        \&quot;programDescription\&quot;: \&quot;NumpyNinja1\&quot;,\n        \&quot;online\&quot;: true\n    },\n    {\n        \&quot;programId\&quot;: 2079,\n        \&quot;programName\&quot;: \&quot;Testing\&quot;,\n        \&quot;programDescription\&quot;: \&quot;Testing\&quot;,\n        \&quot;online\&quot;: true\n    },\n    {\n        \&quot;programId\&quot;: 2080,\n        \&quot;programName\&quot;: \&quot;Testing\&quot;,\n        \&quot;programDescription\&quot;: \&quot;Testing\&quot;,\n        \&quot;online\&quot;: true\n    },\n    {\n        \&quot;programId\&quot;: 2081,\n        \&quot;programName\&quot;: \&quot;Testing\&quot;,\n        \&quot;programDescription\&quot;: \&quot;Testing\&quot;,\n        \&quot;online\&quot;: true\n    },\n    {\n        \&quot;programId\&quot;: 9295,\n        \&quot;programName\&quot;: \&quot;now\&quot;,\n        \&quot;programDescription\&quot;: \&quot;now\&quot;,\n        \&quot;online\&quot;: true\n    },\n    {\n        \&quot;programId\&quot;: 9296,\n        \&quot;programName\&quot;: \&quot;rekha\&quot;,\n        \&quot;programDescription\&quot;: \&quot;string\&quot;,\n        \&quot;online\&quot;: true\n    },\n    {\n        \&quot;programId\&quot;: 2085,\n        \&quot;programName\&quot;: \&quot;Testing\&quot;,\n        \&quot;programDescription\&quot;: \&quot;Testing\&quot;,\n        \&quot;online\&quot;: true\n    },\n    {\n        \&quot;programId\&quot;: 2086,\n        \&quot;programName\&quot;: \&quot;Testing\&quot;,\n        \&quot;programDescription\&quot;: \&quot;Testing\&quot;,\n        \&quot;online\&quot;: true\n    },\n    {\n        \&quot;programId\&quot;: 2087,\n        \&quot;programName\&quot;: \&quot;Testing\&quot;,\n        \&quot;programDescription\&quot;: \&quot;Testing\&quot;,\n        \&quot;online\&quot;: true\n    },\n    {\n        \&quot;programId\&quot;: 2088,\n        \&quot;programName\&quot;: \&quot;Testing\&quot;,\n        \&quot;programDescription\&quot;: \&quot;Testing\&quot;,\n        \&quot;online\&quot;: true\n    },\n    {\n        \&quot;programId\&quot;: 2089,\n        \&quot;programName\&quot;: \&quot;Testing modified\&quot;,\n        \&quot;programDescription\&quot;: \&quot;Testing modified\&quot;,\n        \&quot;online\&quot;: true\n    },\n    {\n        \&quot;programId\&quot;: 2090,\n        \&quot;programName\&quot;: \&quot;Testing modified\&quot;,\n        \&quot;programDescription\&quot;: \&quot;Testing modified\&quot;,\n        \&quot;online\&quot;: true\n    },\n    {\n        \&quot;programId\&quot;: 2091,\n        \&quot;programName\&quot;: \&quot;Testing modified\&quot;,\n        \&quot;programDescription\&quot;: \&quot;Testing modified\&quot;,\n        \&quot;online\&quot;: true\n    },\n    {\n        \&quot;programId\&quot;: 2092,\n        \&quot;programName\&quot;: \&quot;Testing modified\&quot;,\n        \&quot;programDescription\&quot;: \&quot;Testing modified\&quot;,\n        \&quot;online\&quot;: true\n    },\n    {\n        \&quot;programId\&quot;: 2093,\n        \&quot;programName\&quot;: \&quot;SDET200\&quot;,\n        \&quot;programDescription\&quot;: \&quot;NumpyNinja_Updated11\&quot;,\n        \&quot;online\&quot;: true\n    },\n    {\n        \&quot;programId\&quot;: 2094,\n        \&quot;programName\&quot;: \&quot;Testing modified\&quot;,\n        \&quot;programDescription\&quot;: \&quot;Testing modified\&quot;,\n        \&quot;online\&quot;: true\n    },\n    {\n        \&quot;programId\&quot;: 2095,\n        \&quot;programName\&quot;: \&quot;SDET100\&quot;,\n        \&quot;programDescription\&quot;: \&quot;NumpyNinja1\&quot;,\n        \&quot;online\&quot;: true\n    },\n    {\n        \&quot;programId\&quot;: 2096,\n        \&quot;programName\&quot;: \&quot;SDET100\&quot;,\n        \&quot;programDescription\&quot;: \&quot;NumpyNinja1\&quot;,\n        \&quot;online\&quot;: true\n    },\n    {\n        \&quot;programId\&quot;: 9297,\n        \&quot;programName\&quot;: \&quot;tesr now\&quot;,\n        \&quot;programDescription\&quot;: \&quot;test now\&quot;,\n        \&quot;online\&quot;: true\n    },\n    {\n        \&quot;programId\&quot;: 2098,\n        \&quot;programName\&quot;: \&quot;SDET100\&quot;,\n        \&quot;programDescription\&quot;: \&quot;NumpyNinja1\&quot;,\n        \&quot;online\&quot;: true\n    },\n    {\n        \&quot;programId\&quot;: 2099,\n        \&quot;programName\&quot;: \&quot;SDET100\&quot;,\n        \&quot;programDescription\&quot;: \&quot;NumpyNinja1\&quot;,\n        \&quot;online\&quot;: true\n    },\n    {\n        \&quot;programId\&quot;: 2102,\n        \&quot;programName\&quot;: \&quot;BDD\&quot;,\n        \&quot;programDescription\&quot;: \&quot;BDD testing\&quot;,\n        \&quot;online\&quot;: true\n    },\n    {\n        \&quot;programId\&quot;: 2103,\n        \&quot;programName\&quot;: \&quot;BDD\&quot;,\n        \&quot;programDescription\&quot;: \&quot;BDD testing\&quot;,\n        \&quot;online\&quot;: true\n    },\n    {\n        \&quot;programId\&quot;: 2104,\n        \&quot;programName\&quot;: \&quot;Testing\&quot;,\n        \&quot;programDescription\&quot;: \&quot;Testing\&quot;,\n        \&quot;online\&quot;: true\n    },\n    {\n        \&quot;programId\&quot;: 2105,\n        \&quot;programName\&quot;: \&quot;Testing\&quot;,\n        \&quot;programDescription\&quot;: \&quot;Testing\&quot;,\n        \&quot;online\&quot;: true\n    },\n    {\n        \&quot;programId\&quot;: 2106,\n        \&quot;programName\&quot;: \&quot;Testing\&quot;,\n        \&quot;programDescription\&quot;: \&quot;Testing\&quot;,\n        \&quot;online\&quot;: true\n    },\n    {\n        \&quot;programId\&quot;: 2107,\n        \&quot;programName\&quot;: \&quot;Testing\&quot;,\n        \&quot;programDescription\&quot;: \&quot;Testing\&quot;,\n        \&quot;online\&quot;: true\n    },\n    {\n        \&quot;programId\&quot;: 2108,\n        \&quot;programName\&quot;: \&quot;Testing\&quot;,\n        \&quot;programDescription\&quot;: \&quot;Testing\&quot;,\n        \&quot;online\&quot;: true\n    },\n    {\n        \&quot;programId\&quot;: 2109,\n        \&quot;programName\&quot;: \&quot;Testing\&quot;,\n        \&quot;programDescription\&quot;: \&quot;Testing\&quot;,\n        \&quot;online\&quot;: true\n    },\n    {\n        \&quot;programId\&quot;: 2110,\n        \&quot;programName\&quot;: \&quot;Testing post\&quot;,\n        \&quot;programDescription\&quot;: \&quot;Testing post\&quot;,\n        \&quot;online\&quot;: true\n    },\n    {\n        \&quot;programId\&quot;: 2111,\n        \&quot;programName\&quot;: \&quot;Testing post\&quot;,\n        \&quot;programDescription\&quot;: \&quot;Testing post\&quot;,\n        \&quot;online\&quot;: true\n    },\n    {\n        \&quot;programId\&quot;: 2112,\n        \&quot;programName\&quot;: \&quot;Testing post\&quot;,\n        \&quot;programDescription\&quot;: \&quot;Testing post\&quot;,\n        \&quot;online\&quot;: true\n    },\n    {\n        \&quot;programId\&quot;: 2113,\n        \&quot;programName\&quot;: \&quot;Testing modified\&quot;,\n        \&quot;programDescription\&quot;: \&quot;Testing modified\&quot;,\n        \&quot;online\&quot;: true\n    },\n    {\n        \&quot;programId\&quot;: 2115,\n        \&quot;programName\&quot;: \&quot;Testing 1\&quot;,\n        \&quot;programDescription\&quot;: \&quot;Testing 1\&quot;,\n        \&quot;online\&quot;: true\n    },\n    {\n        \&quot;programId\&quot;: 2123,\n        \&quot;programName\&quot;: \&quot;Testing modified\&quot;,\n        \&quot;programDescription\&quot;: \&quot;Testing modified\&quot;,\n        \&quot;online\&quot;: true\n    },\n    {\n        \&quot;programId\&quot;: 2124,\n        \&quot;programName\&quot;: \&quot;Testing modified\&quot;,\n        \&quot;programDescription\&quot;: \&quot;Testing modified\&quot;,\n        \&quot;online\&quot;: true\n    },\n    {\n        \&quot;programId\&quot;: 2118,\n        \&quot;programName\&quot;: \&quot;string\&quot;,\n        \&quot;programDescription\&quot;: \&quot;string\&quot;,\n        \&quot;online\&quot;: true\n    },\n    {\n        \&quot;programId\&quot;: 2119,\n        \&quot;programName\&quot;: \&quot;BDD\&quot;,\n        \&quot;programDescription\&quot;: \&quot;BDD testing\&quot;,\n        \&quot;online\&quot;: true\n    },\n    {\n        \&quot;programId\&quot;: 2120,\n        \&quot;programName\&quot;: \&quot;Testing modified\&quot;,\n        \&quot;programDescription\&quot;: \&quot;Testing modified\&quot;,\n        \&quot;online\&quot;: true\n    },\n    {\n        \&quot;programId\&quot;: 2121,\n        \&quot;programName\&quot;: \&quot;Testing modified\&quot;,\n        \&quot;programDescription\&quot;: \&quot;Testing modified\&quot;,\n        \&quot;online\&quot;: true\n    },\n    {\n        \&quot;programId\&quot;: 2122,\n        \&quot;programName\&quot;: \&quot;Testing modified\&quot;,\n        \&quot;programDescription\&quot;: \&quot;Testing modified\&quot;,\n        \&quot;online\&quot;: true\n    },\n    {\n        \&quot;programId\&quot;: 2128,\n        \&quot;programName\&quot;: \&quot;Selenium\&quot;,\n        \&quot;programDescription\&quot;: \&quot;Hackathon\&quot;,\n        \&quot;online\&quot;: true\n    },\n    {\n        \&quot;programId\&quot;: 2129,\n        \&quot;programName\&quot;: \&quot;Testing1\&quot;,\n        \&quot;programDescription\&quot;: \&quot;Testing1\&quot;,\n        \&quot;online\&quot;: true\n    },\n    {\n        \&quot;programId\&quot;: 2130,\n        \&quot;programName\&quot;: \&quot;Testing2\&quot;,\n        \&quot;programDescription\&quot;: \&quot;Testing2\&quot;,\n        \&quot;online\&quot;: true\n    },\n    {\n        \&quot;programId\&quot;: 2131,\n        \&quot;programName\&quot;: \&quot;Testing1\&quot;,\n        \&quot;programDescription\&quot;: \&quot;Testing1\&quot;,\n        \&quot;online\&quot;: true\n    },\n    {\n        \&quot;programId\&quot;: 2132,\n        \&quot;programName\&quot;: \&quot;SDET100\&quot;,\n        \&quot;programDescription\&quot;: \&quot;NumpyNinja1\&quot;,\n        \&quot;online\&quot;: true\n    },\n    {\n        \&quot;programId\&quot;: 2133,\n        \&quot;programName\&quot;: \&quot;google nest \&quot;,\n        \&quot;programDescription\&quot;: \&quot;devlopment project in API\&quot;,\n        \&quot;online\&quot;: true\n    },\n    {\n        \&quot;programId\&quot;: 2135,\n        \&quot;programName\&quot;: \&quot;string\&quot;,\n        \&quot;programDescription\&quot;: \&quot;string\&quot;,\n        \&quot;online\&quot;: true\n    },\n    {\n        \&quot;programId\&quot;: 2136,\n        \&quot;programName\&quot;: \&quot;string\&quot;,\n        \&quot;programDescription\&quot;: \&quot;string\&quot;,\n        \&quot;online\&quot;: true\n    },\n    {\n        \&quot;programId\&quot;: 2137,\n        \&quot;programName\&quot;: \&quot;SDET100\&quot;,\n        \&quot;programDescription\&quot;: \&quot;NumpyNinja1\&quot;,\n        \&quot;online\&quot;: true\n    },\n    {\n        \&quot;programId\&quot;: 2138,\n        \&quot;programName\&quot;: \&quot;SDET100\&quot;,\n        \&quot;programDescription\&quot;: \&quot;NumpyNinja1\&quot;,\n        \&quot;online\&quot;: true\n    },\n    {\n        \&quot;programId\&quot;: 2139,\n        \&quot;programName\&quot;: \&quot;SDET100\&quot;,\n        \&quot;programDescription\&quot;: \&quot;NumpyNinja1\&quot;,\n        \&quot;online\&quot;: true\n    },\n    {\n        \&quot;programId\&quot;: 2140,\n        \&quot;programName\&quot;: \&quot;mangomaza\&quot;,\n        \&quot;programDescription\&quot;: \&quot;mango123\&quot;,\n        \&quot;online\&quot;: true\n    },\n    {\n        \&quot;programId\&quot;: 2141,\n        \&quot;programName\&quot;: \&quot;TRUE\&quot;,\n        \&quot;programDescription\&quot;: \&quot;Test Savi TEST\&quot;,\n        \&quot;online\&quot;: false\n    },\n    {\n        \&quot;programId\&quot;: 2142,\n        \&quot;programName\&quot;: \&quot;TRUE\&quot;,\n        \&quot;programDescription\&quot;: \&quot;Test Savi TEST\&quot;,\n        \&quot;online\&quot;: false\n    },\n    {\n        \&quot;programId\&quot;: 2143,\n        \&quot;programName\&quot;: \&quot;TRUE\&quot;,\n        \&quot;programDescription\&quot;: \&quot;Test Savi TEST\&quot;,\n        \&quot;online\&quot;: false\n    },\n    {\n        \&quot;programId\&quot;: 2144,\n        \&quot;programName\&quot;: \&quot;TRUE\&quot;,\n        \&quot;programDescription\&quot;: \&quot;Test Savi TEST\&quot;,\n        \&quot;online\&quot;: false\n    },\n    {\n        \&quot;programId\&quot;: 2145,\n        \&quot;programName\&quot;: \&quot;TRUE\&quot;,\n        \&quot;programDescription\&quot;: \&quot;Test Savi TEST\&quot;,\n        \&quot;online\&quot;: false\n    },\n    {\n        \&quot;programId\&quot;: 2146,\n        \&quot;programName\&quot;: \&quot;TRUE\&quot;,\n        \&quot;programDescription\&quot;: \&quot;Test Savi TEST\&quot;,\n        \&quot;online\&quot;: false\n    },\n    {\n        \&quot;programId\&quot;: 2147,\n        \&quot;programName\&quot;: \&quot;TRUE\&quot;,\n        \&quot;programDescription\&quot;: \&quot;Test Savi TEST\&quot;,\n        \&quot;online\&quot;: false\n    },\n    {\n        \&quot;programId\&quot;: 2084,\n        \&quot;programName\&quot;: \&quot;LMS2\&quot;,\n        \&quot;programDescription\&quot;: \&quot;Test description LMS\&quot;,\n        \&quot;online\&quot;: true\n    },\n    {\n        \&quot;programId\&quot;: 2148,\n        \&quot;programName\&quot;: \&quot;TRUE\&quot;,\n        \&quot;programDescription\&quot;: \&quot;Test Savi TEST\&quot;,\n        \&quot;online\&quot;: false\n    },\n    {\n        \&quot;programId\&quot;: 2149,\n        \&quot;programName\&quot;: \&quot;TRUE\&quot;,\n        \&quot;programDescription\&quot;: \&quot;Test Savi TEST\&quot;,\n        \&quot;online\&quot;: false\n    },\n    {\n        \&quot;programId\&quot;: 2150,\n        \&quot;programName\&quot;: \&quot;TRUE\&quot;,\n        \&quot;programDescription\&quot;: \&quot;Test Savi TEST\&quot;,\n        \&quot;online\&quot;: false\n    },\n    {\n        \&quot;programId\&quot;: 2151,\n        \&quot;programName\&quot;: \&quot;TRUE\&quot;,\n        \&quot;programDescription\&quot;: \&quot;Test Savi TEST\&quot;,\n        \&quot;online\&quot;: false\n    },\n    {\n        \&quot;programId\&quot;: 2152,\n        \&quot;programName\&quot;: \&quot;TRUE\&quot;,\n        \&quot;programDescription\&quot;: \&quot;Test Savi TEST\&quot;,\n        \&quot;online\&quot;: false\n    },\n    {\n        \&quot;programId\&quot;: 2153,\n        \&quot;programName\&quot;: \&quot;TRUE\&quot;,\n        \&quot;programDescription\&quot;: \&quot;Test Savi TEST\&quot;,\n        \&quot;online\&quot;: false\n    },\n    {\n        \&quot;programId\&quot;: 2154,\n        \&quot;programName\&quot;: \&quot;SDET19 Testoct18th New\&quot;,\n        \&quot;programDescription\&quot;: \&quot;SDET19 Testoct18th New\&quot;,\n        \&quot;online\&quot;: false\n    },\n    {\n        \&quot;programId\&quot;: 2155,\n        \&quot;programName\&quot;: \&quot;SDET011\&quot;,\n        \&quot;programDescription\&quot;: \&quot;Test Savi TEST\&quot;,\n        \&quot;online\&quot;: false\n    },\n    {\n        \&quot;programId\&quot;: 2156,\n        \&quot;programName\&quot;: \&quot;Testing\&quot;,\n        \&quot;programDescription\&quot;: \&quot;Testing\&quot;,\n        \&quot;online\&quot;: true\n    },\n    {\n        \&quot;programId\&quot;: 2157,\n        \&quot;programName\&quot;: \&quot;Testing Modified\&quot;,\n        \&quot;programDescription\&quot;: \&quot;Testing Modified \&quot;,\n        \&quot;online\&quot;: true\n    },\n    {\n        \&quot;programId\&quot;: 2158,\n        \&quot;programName\&quot;: \&quot;Testing Modified\&quot;,\n        \&quot;programDescription\&quot;: \&quot;Testing Modified \&quot;,\n        \&quot;online\&quot;: true\n    },\n    {\n        \&quot;programId\&quot;: 2159,\n        \&quot;programName\&quot;: \&quot;Testing Modified\&quot;,\n        \&quot;programDescription\&quot;: \&quot;Testing Modified \&quot;,\n        \&quot;online\&quot;: true\n    },\n    {\n        \&quot;programId\&quot;: 2160,\n        \&quot;programName\&quot;: \&quot;Testing Modified\&quot;,\n        \&quot;programDescription\&quot;: \&quot;Testing Modified \&quot;,\n        \&quot;online\&quot;: true\n    },\n    {\n        \&quot;programId\&quot;: 2161,\n        \&quot;programName\&quot;: \&quot;SDET100\&quot;,\n        \&quot;programDescription\&quot;: \&quot;NumpyNinja1\&quot;,\n        \&quot;online\&quot;: true\n    },\n    {\n        \&quot;programId\&quot;: 2162,\n        \&quot;programName\&quot;: \&quot;SDET200\&quot;,\n        \&quot;programDescription\&quot;: \&quot;NumpyNinja_Updated11\&quot;,\n        \&quot;online\&quot;: true\n    },\n    {\n        \&quot;programId\&quot;: 2163,\n        \&quot;programName\&quot;: \&quot;SDET100\&quot;,\n        \&quot;programDescription\&quot;: \&quot;NumpyNinja1\&quot;,\n        \&quot;online\&quot;: true\n    },\n    {\n        \&quot;programId\&quot;: 2164,\n        \&quot;programName\&quot;: \&quot;SDET200\&quot;,\n        \&quot;programDescription\&quot;: \&quot;NumpyNinja_Updated11\&quot;,\n        \&quot;online\&quot;: true\n    },\n    {\n        \&quot;programId\&quot;: 2165,\n        \&quot;programName\&quot;: \&quot;SDET100\&quot;,\n        \&quot;programDescription\&quot;: \&quot;NumpyNinja1\&quot;,\n        \&quot;online\&quot;: true\n    },\n    {\n        \&quot;programId\&quot;: 2166,\n        \&quot;programName\&quot;: \&quot;SDET200\&quot;,\n        \&quot;programDescription\&quot;: \&quot;NumpyNinja_Updated11\&quot;,\n        \&quot;online\&quot;: true\n    },\n    {\n        \&quot;programId\&quot;: 2167,\n        \&quot;programName\&quot;: \&quot;hello world\&quot;,\n        \&quot;programDescription\&quot;: \&quot;abcxyz\&quot;,\n        \&quot;online\&quot;: true\n    },\n    {\n        \&quot;programId\&quot;: 2168,\n        \&quot;programName\&quot;: \&quot;SDET\&quot;,\n        \&quot;programDescription\&quot;: \&quot;programming\&quot;,\n        \&quot;online\&quot;: true\n    },\n    {\n        \&quot;programId\&quot;: 2054,\n        \&quot;programName\&quot;: \&quot;LMS2\&quot;,\n        \&quot;programDescription\&quot;: \&quot;Test description LMS\&quot;,\n        \&quot;online\&quot;: true\n    },\n    {\n        \&quot;programId\&quot;: 2169,\n        \&quot;programName\&quot;: \&quot;SDET011\&quot;,\n        \&quot;programDescription\&quot;: \&quot;Test Savi TEST\&quot;,\n        \&quot;online\&quot;: false\n    },\n    {\n        \&quot;programId\&quot;: 2170,\n        \&quot;programName\&quot;: \&quot;SDET011\&quot;,\n        \&quot;programDescription\&quot;: \&quot;Test Savi TEST\&quot;,\n        \&quot;online\&quot;: false\n    },\n    {\n        \&quot;programId\&quot;: 2171,\n        \&quot;programName\&quot;: \&quot;SDET011\&quot;,\n        \&quot;programDescription\&quot;: \&quot;Test Savi TEST\&quot;,\n        \&quot;online\&quot;: false\n    },\n    {\n        \&quot;programId\&quot;: 2172,\n        \&quot;programName\&quot;: \&quot;SDET011\&quot;,\n        \&quot;programDescription\&quot;: \&quot;Test Savi TEST\&quot;,\n        \&quot;online\&quot;: false\n    },\n    {\n        \&quot;programId\&quot;: 2173,\n        \&quot;programName\&quot;: \&quot;SDET011\&quot;,\n        \&quot;programDescription\&quot;: \&quot;Test Savi TEST\&quot;,\n        \&quot;online\&quot;: false\n    },\n    {\n        \&quot;programId\&quot;: 2174,\n        \&quot;programName\&quot;: \&quot;SDET011\&quot;,\n        \&quot;programDescription\&quot;: \&quot;Test Savi TEST\&quot;,\n        \&quot;online\&quot;: false\n    },\n    {\n        \&quot;programId\&quot;: 2175,\n        \&quot;programName\&quot;: \&quot;SDET011\&quot;,\n        \&quot;programDescription\&quot;: \&quot;Test Savi TEST\&quot;,\n        \&quot;online\&quot;: false\n    },\n    {\n        \&quot;programId\&quot;: 2176,\n        \&quot;programName\&quot;: \&quot;SDET011\&quot;,\n        \&quot;programDescription\&quot;: \&quot;Test Savi TEST\&quot;,\n        \&quot;online\&quot;: false\n    },\n    {\n        \&quot;programId\&quot;: 2177,\n        \&quot;programName\&quot;: \&quot;SDET011\&quot;,\n        \&quot;programDescription\&quot;: \&quot;Test Savi TEST\&quot;,\n        \&quot;online\&quot;: false\n    },\n    {\n        \&quot;programId\&quot;: 2178,\n        \&quot;programName\&quot;: \&quot;SDET011\&quot;,\n        \&quot;programDescription\&quot;: \&quot;Test Savi TEST\&quot;,\n        \&quot;online\&quot;: false\n    },\n    {\n        \&quot;programId\&quot;: 2179,\n        \&quot;programName\&quot;: \&quot;SDET011\&quot;,\n        \&quot;programDescription\&quot;: \&quot;Test Savi TEST\&quot;,\n        \&quot;online\&quot;: false\n    },\n    {\n        \&quot;programId\&quot;: 2180,\n        \&quot;programName\&quot;: \&quot;SDET011\&quot;,\n        \&quot;programDescription\&quot;: \&quot;Test Savi TEST\&quot;,\n        \&quot;online\&quot;: false\n    },\n    {\n        \&quot;programId\&quot;: 2181,\n        \&quot;programName\&quot;: \&quot;C++ programming\&quot;,\n        \&quot;programDescription\&quot;: \&quot;Programming language \&quot;,\n        \&quot;online\&quot;: false\n    },\n    {\n        \&quot;programId\&quot;: 2182,\n        \&quot;programName\&quot;: \&quot;Python with selenium\&quot;,\n        \&quot;programDescription\&quot;: \&quot;Testing \&quot;,\n        \&quot;online\&quot;: false\n    },\n    {\n        \&quot;programId\&quot;: 2183,\n        \&quot;programName\&quot;: \&quot;Ruby with selenium\&quot;,\n        \&quot;programDescription\&quot;: \&quot;Testing using ruby language\&quot;,\n        \&quot;online\&quot;: false\n    },\n    {\n        \&quot;programId\&quot;: 2184,\n        \&quot;programName\&quot;: \&quot;Pearl with selenium\&quot;,\n        \&quot;programDescription\&quot;: \&quot;Testing using pearl language\&quot;,\n        \&quot;online\&quot;: false\n    },\n    {\n        \&quot;programId\&quot;: 2185,\n        \&quot;programName\&quot;: \&quot;.Net with selenium\&quot;,\n        \&quot;programDescription\&quot;: \&quot;Testing using .net language\&quot;,\n        \&quot;online\&quot;: false\n    },\n    {\n        \&quot;programId\&quot;: 2186,\n        \&quot;programName\&quot;: \&quot;C++ programming\&quot;,\n        \&quot;programDescription\&quot;: \&quot;Programming language \&quot;,\n        \&quot;online\&quot;: false\n    },\n    {\n        \&quot;programId\&quot;: 2187,\n        \&quot;programName\&quot;: \&quot;Python with selenium\&quot;,\n        \&quot;programDescription\&quot;: \&quot;Testing \&quot;,\n        \&quot;online\&quot;: false\n    },\n    {\n        \&quot;programId\&quot;: 2188,\n        \&quot;programName\&quot;: \&quot;Ruby with selenium\&quot;,\n        \&quot;programDescription\&quot;: \&quot;Testing using ruby language\&quot;,\n        \&quot;online\&quot;: false\n    },\n    {\n        \&quot;programId\&quot;: 2189,\n        \&quot;programName\&quot;: \&quot;Pearl with selenium\&quot;,\n        \&quot;programDescription\&quot;: \&quot;Testing using pearl language\&quot;,\n        \&quot;online\&quot;: false\n    },\n    {\n        \&quot;programId\&quot;: 2190,\n        \&quot;programName\&quot;: \&quot;.Net with selenium\&quot;,\n        \&quot;programDescription\&quot;: \&quot;Testing using .net language\&quot;,\n        \&quot;online\&quot;: false\n    },\n    {\n        \&quot;programId\&quot;: 2191,\n        \&quot;programName\&quot;: \&quot;C++ programming\&quot;,\n        \&quot;programDescription\&quot;: \&quot;Programming language \&quot;,\n        \&quot;online\&quot;: false\n    },\n    {\n        \&quot;programId\&quot;: 2192,\n        \&quot;programName\&quot;: \&quot;Python with selenium\&quot;,\n        \&quot;programDescription\&quot;: \&quot;Testing \&quot;,\n        \&quot;online\&quot;: false\n    },\n    {\n        \&quot;programId\&quot;: 2193,\n        \&quot;programName\&quot;: \&quot;Ruby with selenium\&quot;,\n        \&quot;programDescription\&quot;: \&quot;Testing using ruby language\&quot;,\n        \&quot;online\&quot;: false\n    },\n    {\n        \&quot;programId\&quot;: 2194,\n        \&quot;programName\&quot;: \&quot;Pearl with selenium\&quot;,\n        \&quot;programDescription\&quot;: \&quot;Testing using pearl language\&quot;,\n        \&quot;online\&quot;: false\n    },\n    {\n        \&quot;programId\&quot;: 2195,\n        \&quot;programName\&quot;: \&quot;.Net with selenium\&quot;,\n        \&quot;programDescription\&quot;: \&quot;Testing using .net language\&quot;,\n        \&quot;online\&quot;: false\n    },\n    {\n        \&quot;programId\&quot;: 2196,\n        \&quot;programName\&quot;: \&quot;C++ programming\&quot;,\n        \&quot;programDescription\&quot;: \&quot;Programming language \&quot;,\n        \&quot;online\&quot;: false\n    },\n    {\n        \&quot;programId\&quot;: 2197,\n        \&quot;programName\&quot;: \&quot;Python with selenium\&quot;,\n        \&quot;programDescription\&quot;: \&quot;Testing \&quot;,\n        \&quot;online\&quot;: false\n    },\n    {\n        \&quot;programId\&quot;: 2198,\n        \&quot;programName\&quot;: \&quot;Ruby with selenium\&quot;,\n        \&quot;programDescription\&quot;: \&quot;Testing using ruby language\&quot;,\n        \&quot;online\&quot;: false\n    },\n    {\n        \&quot;programId\&quot;: 2199,\n        \&quot;programName\&quot;: \&quot;Pearl with selenium\&quot;,\n        \&quot;programDescription\&quot;: \&quot;Testing using pearl language\&quot;,\n        \&quot;online\&quot;: false\n    },\n    {\n        \&quot;programId\&quot;: 9235,\n        \&quot;programName\&quot;: \&quot;lms api modified\&quot;,\n        \&quot;programDescription\&quot;: \&quot;lms api modified\&quot;,\n        \&quot;online\&quot;: true\n    },\n    {\n        \&quot;programId\&quot;: 2201,\n        \&quot;programName\&quot;: \&quot;C++ programming\&quot;,\n        \&quot;programDescription\&quot;: \&quot;Programming language \&quot;,\n        \&quot;online\&quot;: false\n    },\n    {\n        \&quot;programId\&quot;: 2202,\n        \&quot;programName\&quot;: \&quot;Python with selenium\&quot;,\n        \&quot;programDescription\&quot;: \&quot;Testing \&quot;,\n        \&quot;online\&quot;: false\n    },\n    {\n        \&quot;programId\&quot;: 2203,\n        \&quot;programName\&quot;: \&quot;Ruby with selenium\&quot;,\n        \&quot;programDescription\&quot;: \&quot;Testing using ruby language\&quot;,\n        \&quot;online\&quot;: false\n    },\n    {\n        \&quot;programId\&quot;: 2204,\n        \&quot;programName\&quot;: \&quot;Pearl with selenium\&quot;,\n        \&quot;programDescription\&quot;: \&quot;Testing using pearl language\&quot;,\n        \&quot;online\&quot;: false\n    },\n    {\n        \&quot;programId\&quot;: 2205,\n        \&quot;programName\&quot;: \&quot;.Net with selenium\&quot;,\n        \&quot;programDescription\&quot;: \&quot;Testing using .net language\&quot;,\n        \&quot;online\&quot;: false\n    },\n    {\n        \&quot;programId\&quot;: 2206,\n        \&quot;programName\&quot;: \&quot;Testing\&quot;,\n        \&quot;programDescription\&quot;: \&quot;Testing\&quot;,\n        \&quot;online\&quot;: true\n    },\n    {\n        \&quot;programId\&quot;: 2207,\n        \&quot;programName\&quot;: \&quot;Testing modified\&quot;,\n        \&quot;programDescription\&quot;: \&quot;non Testing modified\&quot;,\n        \&quot;online\&quot;: true\n    },\n    {\n        \&quot;programId\&quot;: 2208,\n        \&quot;programName\&quot;: \&quot;string\&quot;,\n        \&quot;programDescription\&quot;: \&quot;string\&quot;,\n        \&quot;online\&quot;: true\n    },\n    {\n        \&quot;programId\&quot;: 3834,\n        \&quot;programName\&quot;: \&quot;\\\&quot;Develeopment\\\&quot;\&quot;,\n        \&quot;programDescription\&quot;: \&quot;\\\&quot;Java\\\&quot;\&quot;,\n        \&quot;online\&quot;: false\n    },\n    {\n        \&quot;programId\&quot;: 2210,\n        \&quot;programName\&quot;: \&quot;Testing\&quot;,\n        \&quot;programDescription\&quot;: \&quot;Testing\&quot;,\n        \&quot;online\&quot;: true\n    },\n    {\n        \&quot;programId\&quot;: 2211,\n        \&quot;programName\&quot;: \&quot;string\&quot;,\n        \&quot;programDescription\&quot;: \&quot;string\&quot;,\n        \&quot;online\&quot;: true\n    },\n    {\n        \&quot;programId\&quot;: 9299,\n        \&quot;programName\&quot;: \&quot;string\&quot;,\n        \&quot;programDescription\&quot;: \&quot;string\&quot;,\n        \&quot;online\&quot;: true\n    },\n    {\n        \&quot;programId\&quot;: 2213,\n        \&quot;programName\&quot;: \&quot;java\&quot;,\n        \&quot;programDescription\&quot;: \&quot;java\&quot;,\n        \&quot;online\&quot;: true\n    },\n    {\n        \&quot;programId\&quot;: 2272,\n        \&quot;programName\&quot;: \&quot;Testing\&quot;,\n        \&quot;programDescription\&quot;: \&quot;Testing\&quot;,\n        \&quot;online\&quot;: true\n    },\n    {\n        \&quot;programId\&quot;: 2273,\n        \&quot;programName\&quot;: \&quot;Testing\&quot;,\n        \&quot;programDescription\&quot;: \&quot;Testing\&quot;,\n        \&quot;online\&quot;: true\n    },\n    {\n        \&quot;programId\&quot;: 1985,\n        \&quot;programName\&quot;: \&quot;string\&quot;,\n        \&quot;programDescription\&quot;: \&quot;string\&quot;,\n        \&quot;online\&quot;: true\n    },\n    {\n        \&quot;programId\&quot;: 2214,\n        \&quot;programName\&quot;: \&quot;string\&quot;,\n        \&quot;programDescription\&quot;: \&quot;string\&quot;,\n        \&quot;online\&quot;: true\n    },\n    {\n        \&quot;programId\&quot;: 2215,\n        \&quot;programName\&quot;: \&quot;string\&quot;,\n        \&quot;programDescription\&quot;: \&quot;string\&quot;,\n        \&quot;online\&quot;: true\n    },\n    {\n        \&quot;programId\&quot;: 2216,\n        \&quot;programName\&quot;: \&quot;string\&quot;,\n        \&quot;programDescription\&quot;: \&quot;string\&quot;,\n        \&quot;online\&quot;: true\n    },\n    {\n        \&quot;programId\&quot;: 2217,\n        \&quot;programName\&quot;: \&quot;string\&quot;,\n        \&quot;programDescription\&quot;: \&quot;string\&quot;,\n        \&quot;online\&quot;: true\n    },\n    {\n        \&quot;programId\&quot;: 2218,\n        \&quot;programName\&quot;: \&quot;string\&quot;,\n        \&quot;programDescription\&quot;: \&quot;string\&quot;,\n        \&quot;online\&quot;: true\n    },\n    {\n        \&quot;programId\&quot;: 2219,\n        \&quot;programName\&quot;: \&quot;C++ programming\&quot;,\n        \&quot;programDescription\&quot;: \&quot;Programming language \&quot;,\n        \&quot;online\&quot;: false\n    },\n    {\n        \&quot;programId\&quot;: 2220,\n        \&quot;programName\&quot;: \&quot;Python with selenium\&quot;,\n        \&quot;programDescription\&quot;: \&quot;Testing \&quot;,\n        \&quot;online\&quot;: false\n    },\n    {\n        \&quot;programId\&quot;: 2221,\n        \&quot;programName\&quot;: \&quot;Ruby with selenium\&quot;,\n        \&quot;programDescription\&quot;: \&quot;Testing using ruby language\&quot;,\n        \&quot;online\&quot;: false\n    },\n    {\n        \&quot;programId\&quot;: 9300,\n        \&quot;programName\&quot;: \&quot;string\&quot;,\n        \&quot;programDescription\&quot;: \&quot;string\&quot;,\n        \&quot;online\&quot;: true\n    },\n    {\n        \&quot;programId\&quot;: 2223,\n        \&quot;programName\&quot;: \&quot;.Net with selenium\&quot;,\n        \&quot;programDescription\&quot;: \&quot;Testing using .net language\&quot;,\n        \&quot;online\&quot;: false\n    },\n    {\n        \&quot;programId\&quot;: 2224,\n        \&quot;programName\&quot;: \&quot;JAVA 280 for testing\&quot;,\n        \&quot;programDescription\&quot;: \&quot;JAVA 280 for testing by lavisha\&quot;,\n        \&quot;online\&quot;: false\n    },\n    {\n        \&quot;programId\&quot;: 2225,\n        \&quot;programName\&quot;: \&quot;C++ programming\&quot;,\n        \&quot;programDescription\&quot;: \&quot;Programming language \&quot;,\n        \&quot;online\&quot;: false\n    },\n    {\n        \&quot;programId\&quot;: 2226,\n        \&quot;programName\&quot;: \&quot;Python with selenium\&quot;,\n        \&quot;programDescription\&quot;: \&quot;Testing \&quot;,\n        \&quot;online\&quot;: false\n    },\n    {\n        \&quot;programId\&quot;: 2227,\n        \&quot;programName\&quot;: \&quot;Ruby with selenium\&quot;,\n        \&quot;programDescription\&quot;: \&quot;Testing using ruby language\&quot;,\n        \&quot;online\&quot;: false\n    },\n    {\n        \&quot;programId\&quot;: 2228,\n        \&quot;programName\&quot;: \&quot;Pearl with selenium\&quot;,\n        \&quot;programDescription\&quot;: \&quot;Testing using pearl language\&quot;,\n        \&quot;online\&quot;: false\n    },\n    {\n        \&quot;programId\&quot;: 2229,\n        \&quot;programName\&quot;: \&quot;.Net with selenium\&quot;,\n        \&quot;programDescription\&quot;: \&quot;Testing using .net language\&quot;,\n        \&quot;online\&quot;: false\n    },\n    {\n        \&quot;programId\&quot;: 2230,\n        \&quot;programName\&quot;: \&quot;hi post\&quot;,\n        \&quot;programDescription\&quot;: \&quot;hi post\&quot;,\n        \&quot;online\&quot;: true\n    },\n    {\n        \&quot;programId\&quot;: 2232,\n        \&quot;programName\&quot;: \&quot;Testing\&quot;,\n        \&quot;programDescription\&quot;: \&quot;Testing\&quot;,\n        \&quot;online\&quot;: true\n    },\n    {\n        \&quot;programId\&quot;: 2233,\n        \&quot;programName\&quot;: \&quot;Testing\&quot;,\n        \&quot;programDescription\&quot;: \&quot;Testing\&quot;,\n        \&quot;online\&quot;: true\n    },\n    {\n        \&quot;programId\&quot;: 2234,\n        \&quot;programName\&quot;: \&quot;string\&quot;,\n        \&quot;programDescription\&quot;: \&quot;string\&quot;,\n        \&quot;online\&quot;: true\n    },\n    {\n        \&quot;programId\&quot;: 2239,\n        \&quot;programName\&quot;: \&quot;JAVA 280 for testing\&quot;,\n        \&quot;programDescription\&quot;: \&quot;JAVA 280 for testing by lavisha\&quot;,\n        \&quot;online\&quot;: false\n    },\n    {\n        \&quot;programId\&quot;: 2240,\n        \&quot;programName\&quot;: \&quot;C++ programming\&quot;,\n        \&quot;programDescription\&quot;: \&quot;Programming language \&quot;,\n        \&quot;online\&quot;: false\n    },\n    {\n        \&quot;programId\&quot;: 2241,\n        \&quot;programName\&quot;: \&quot;Python with selenium\&quot;,\n        \&quot;programDescription\&quot;: \&quot;Testing \&quot;,\n        \&quot;online\&quot;: false\n    },\n    {\n        \&quot;programId\&quot;: 2242,\n        \&quot;programName\&quot;: \&quot;Ruby with selenium\&quot;,\n        \&quot;programDescription\&quot;: \&quot;Testing using ruby language\&quot;,\n        \&quot;online\&quot;: false\n    },\n    {\n        \&quot;programId\&quot;: 2243,\n        \&quot;programName\&quot;: \&quot;Pearl with selenium\&quot;,\n        \&quot;programDescription\&quot;: \&quot;Testing using pearl language\&quot;,\n        \&quot;online\&quot;: false\n    },\n    {\n        \&quot;programId\&quot;: 2244,\n        \&quot;programName\&quot;: \&quot;.Net with selenium\&quot;,\n        \&quot;programDescription\&quot;: \&quot;Testing using .net language\&quot;,\n        \&quot;online\&quot;: false\n    },\n    {\n        \&quot;programId\&quot;: 2245,\n        \&quot;programName\&quot;: \&quot;JAVA 280 for testing\&quot;,\n        \&quot;programDescription\&quot;: \&quot;JAVA 280 for testing by lavisha\&quot;,\n        \&quot;online\&quot;: false\n    },\n    {\n        \&quot;programId\&quot;: 2246,\n        \&quot;programName\&quot;: \&quot;C++ programming\&quot;,\n        \&quot;programDescription\&quot;: \&quot;Programming language \&quot;,\n        \&quot;online\&quot;: false\n    },\n    {\n        \&quot;programId\&quot;: 2247,\n        \&quot;programName\&quot;: \&quot;Python with selenium\&quot;,\n        \&quot;programDescription\&quot;: \&quot;Testing \&quot;,\n        \&quot;online\&quot;: false\n    },\n    {\n        \&quot;programId\&quot;: 2248,\n        \&quot;programName\&quot;: \&quot;Ruby with selenium\&quot;,\n        \&quot;programDescription\&quot;: \&quot;Testing using ruby language\&quot;,\n        \&quot;online\&quot;: false\n    },\n    {\n        \&quot;programId\&quot;: 2249,\n        \&quot;programName\&quot;: \&quot;Pearl with selenium\&quot;,\n        \&quot;programDescription\&quot;: \&quot;Testing using pearl language\&quot;,\n        \&quot;online\&quot;: false\n    },\n    {\n        \&quot;programId\&quot;: 2250,\n        \&quot;programName\&quot;: \&quot;.Net with selenium\&quot;,\n        \&quot;programDescription\&quot;: \&quot;Testing using .net language\&quot;,\n        \&quot;online\&quot;: false\n    },\n    {\n        \&quot;programId\&quot;: 2264,\n        \&quot;programName\&quot;: \&quot;TestingModified\&quot;,\n        \&quot;programDescription\&quot;: \&quot;TestModified\&quot;,\n        \&quot;online\&quot;: true\n    },\n    {\n        \&quot;programId\&quot;: 2265,\n        \&quot;programName\&quot;: \&quot;TestingModified\&quot;,\n        \&quot;programDescription\&quot;: \&quot;TestModified\&quot;,\n        \&quot;online\&quot;: true\n    },\n    {\n        \&quot;programId\&quot;: 2266,\n        \&quot;programName\&quot;: \&quot;Testin gModified from postman\&quot;,\n        \&quot;programDescription\&quot;: \&quot;TestModified\&quot;,\n        \&quot;online\&quot;: true\n    },\n    {\n        \&quot;programId\&quot;: 2267,\n        \&quot;programName\&quot;: \&quot;Testing Modified from postman\&quot;,\n        \&quot;programDescription\&quot;: \&quot;TestModified\&quot;,\n        \&quot;online\&quot;: true\n    },\n    {\n        \&quot;programId\&quot;: 2268,\n        \&quot;programName\&quot;: \&quot;TestingModified\&quot;,\n        \&quot;programDescription\&quot;: \&quot;TestModified\&quot;,\n        \&quot;online\&quot;: true\n    },\n    {\n        \&quot;programId\&quot;: 2269,\n        \&quot;programName\&quot;: \&quot;Testing Modified from postman\&quot;,\n        \&quot;programDescription\&quot;: \&quot;TestModified\&quot;,\n        \&quot;online\&quot;: true\n    },\n    {\n        \&quot;programId\&quot;: 2271,\n        \&quot;programName\&quot;: \&quot;Testing Modified from postman\&quot;,\n        \&quot;programDescription\&quot;: \&quot;TestModified\&quot;,\n        \&quot;online\&quot;: true\n    },\n    {\n        \&quot;programId\&quot;: 2274,\n        \&quot;programName\&quot;: \&quot;Testing modified\&quot;,\n        \&quot;programDescription\&quot;: \&quot;Testing modified\&quot;,\n        \&quot;online\&quot;: true\n    },\n    {\n        \&quot;programId\&quot;: 2275,\n        \&quot;programName\&quot;: \&quot;Testing modified\&quot;,\n        \&quot;programDescription\&quot;: \&quot;Testing modified\&quot;,\n        \&quot;online\&quot;: true\n    },\n    {\n        \&quot;programId\&quot;: 2276,\n        \&quot;programName\&quot;: \&quot;Testing modified\&quot;,\n        \&quot;programDescription\&quot;: \&quot;Testing modified\&quot;,\n        \&quot;online\&quot;: true\n    },\n    {\n        \&quot;programId\&quot;: 2277,\n        \&quot;programName\&quot;: \&quot;Testing modified\&quot;,\n        \&quot;programDescription\&quot;: \&quot;Testing modified\&quot;,\n        \&quot;online\&quot;: true\n    },\n    {\n        \&quot;programId\&quot;: 2278,\n        \&quot;programName\&quot;: \&quot;Testing modified\&quot;,\n        \&quot;programDescription\&quot;: \&quot;Testing modified\&quot;,\n        \&quot;online\&quot;: true\n    },\n    {\n        \&quot;programId\&quot;: 2279,\n        \&quot;programName\&quot;: \&quot;Testing modified\&quot;,\n        \&quot;programDescription\&quot;: \&quot;Testing modified\&quot;,\n        \&quot;online\&quot;: true\n    },\n    {\n        \&quot;programId\&quot;: 2356,\n        \&quot;programName\&quot;: \&quot;SDET\&quot;,\n        \&quot;programDescription\&quot;: \&quot;Selenium\&quot;,\n        \&quot;online\&quot;: true\n    },\n    {\n        \&quot;programId\&quot;: 2281,\n        \&quot;programName\&quot;: \&quot;JAVA 280 for testing\&quot;,\n        \&quot;programDescription\&quot;: \&quot;JAVA 280 for testing by lavisha\&quot;,\n        \&quot;online\&quot;: false\n    },\n    {\n        \&quot;programId\&quot;: 2282,\n        \&quot;programName\&quot;: \&quot;JAVA 280 for testing\&quot;,\n        \&quot;programDescription\&quot;: \&quot;JAVA 280 for testing by lavisha\&quot;,\n        \&quot;online\&quot;: false\n    },\n    {\n        \&quot;programId\&quot;: 2283,\n        \&quot;programName\&quot;: \&quot;C++ programming\&quot;,\n        \&quot;programDescription\&quot;: \&quot;Programming language \&quot;,\n        \&quot;online\&quot;: false\n    },\n    {\n        \&quot;programId\&quot;: 2284,\n        \&quot;programName\&quot;: \&quot;C++ programming\&quot;,\n        \&quot;programDescription\&quot;: \&quot;Programming language \&quot;,\n        \&quot;online\&quot;: false\n    },\n    {\n        \&quot;programId\&quot;: 2285,\n        \&quot;programName\&quot;: \&quot;Python with selenium\&quot;,\n        \&quot;programDescription\&quot;: \&quot;Testing \&quot;,\n        \&quot;online\&quot;: false\n    },\n    {\n        \&quot;programId\&quot;: 2286,\n        \&quot;programName\&quot;: \&quot;Python with selenium\&quot;,\n        \&quot;programDescription\&quot;: \&quot;Testing \&quot;,\n        \&quot;online\&quot;: false\n    },\n    {\n        \&quot;programId\&quot;: 2287,\n        \&quot;programName\&quot;: \&quot;Ruby with selenium\&quot;,\n        \&quot;programDescription\&quot;: \&quot;Testing using ruby language\&quot;,\n        \&quot;online\&quot;: false\n    },\n    {\n        \&quot;programId\&quot;: 2288,\n        \&quot;programName\&quot;: \&quot;Ruby with selenium\&quot;,\n        \&quot;programDescription\&quot;: \&quot;Testing using ruby language\&quot;,\n        \&quot;online\&quot;: false\n    },\n    {\n        \&quot;programId\&quot;: 2289,\n        \&quot;programName\&quot;: \&quot;Pearl with selenium\&quot;,\n        \&quot;programDescription\&quot;: \&quot;Testing using pearl language\&quot;,\n        \&quot;online\&quot;: false\n    },\n    {\n        \&quot;programId\&quot;: 2290,\n        \&quot;programName\&quot;: \&quot;Pearl with selenium\&quot;,\n        \&quot;programDescription\&quot;: \&quot;Testing using pearl language\&quot;,\n        \&quot;online\&quot;: false\n    },\n    {\n        \&quot;programId\&quot;: 2291,\n        \&quot;programName\&quot;: \&quot;.Net with selenium\&quot;,\n        \&quot;programDescription\&quot;: \&quot;Testing using .net language\&quot;,\n        \&quot;online\&quot;: false\n    },\n    {\n        \&quot;programId\&quot;: 2292,\n        \&quot;programName\&quot;: \&quot;.Net with selenium\&quot;,\n        \&quot;programDescription\&quot;: \&quot;Testing using .net language\&quot;,\n        \&quot;online\&quot;: false\n    },\n    {\n        \&quot;programId\&quot;: 2293,\n        \&quot;programName\&quot;: \&quot;SDET011\&quot;,\n        \&quot;programDescription\&quot;: \&quot;Test Savi TEST\&quot;,\n        \&quot;online\&quot;: false\n    },\n    {\n        \&quot;programId\&quot;: 2294,\n        \&quot;programName\&quot;: \&quot;SDET011\&quot;,\n        \&quot;programDescription\&quot;: \&quot;Test Savi TEST\&quot;,\n        \&quot;online\&quot;: false\n    },\n    {\n        \&quot;programId\&quot;: 2399,\n        \&quot;programName\&quot;: \&quot;Robert\&quot;,\n        \&quot;programDescription\&quot;: \&quot;XYZ modified\&quot;,\n        \&quot;online\&quot;: true\n    },\n    {\n        \&quot;programId\&quot;: 2296,\n        \&quot;programName\&quot;: \&quot;Testing\&quot;,\n        \&quot;programDescription\&quot;: \&quot;\&quot;,\n        \&quot;online\&quot;: true\n    },\n    {\n        \&quot;programId\&quot;: 2297,\n        \&quot;programName\&quot;: \&quot;SDET011\&quot;,\n        \&quot;programDescription\&quot;: \&quot;Test Savi TEST\&quot;,\n        \&quot;online\&quot;: false\n    },\n    {\n        \&quot;programId\&quot;: 2298,\n        \&quot;programName\&quot;: \&quot;updated\&quot;,\n        \&quot;programDescription\&quot;: null,\n        \&quot;online\&quot;: false\n    },\n    {\n        \&quot;programId\&quot;: 2299,\n        \&quot;programName\&quot;: \&quot;JAVA 280 for testing\&quot;,\n        \&quot;programDescription\&quot;: \&quot;JAVA 280 for testing by lavisha\&quot;,\n        \&quot;online\&quot;: false\n    },\n    {\n        \&quot;programId\&quot;: 7358,\n        \&quot;programName\&quot;: \&quot;string\&quot;,\n        \&quot;programDescription\&quot;: \&quot;string\&quot;,\n        \&quot;online\&quot;: true\n    },\n    {\n        \&quot;programId\&quot;: 7359,\n        \&quot;programName\&quot;: \&quot;string\&quot;,\n        \&quot;programDescription\&quot;: \&quot;string\&quot;,\n        \&quot;online\&quot;: true\n    },\n    {\n        \&quot;programId\&quot;: 2302,\n        \&quot;programName\&quot;: \&quot;C++ programming\&quot;,\n        \&quot;programDescription\&quot;: \&quot;Programming language \&quot;,\n        \&quot;online\&quot;: false\n    },\n    {\n        \&quot;programId\&quot;: 2303,\n        \&quot;programName\&quot;: \&quot;Python with selenium\&quot;,\n        \&quot;programDescription\&quot;: \&quot;Testing \&quot;,\n        \&quot;online\&quot;: false\n    },\n    {\n        \&quot;programId\&quot;: 2304,\n        \&quot;programName\&quot;: \&quot;Python with selenium\&quot;,\n        \&quot;programDescription\&quot;: \&quot;Testing \&quot;,\n        \&quot;online\&quot;: false\n    },\n    {\n        \&quot;programId\&quot;: 2305,\n        \&quot;programName\&quot;: \&quot;Ruby with selenium\&quot;,\n        \&quot;programDescription\&quot;: \&quot;Testing using ruby language\&quot;,\n        \&quot;online\&quot;: false\n    },\n    {\n        \&quot;programId\&quot;: 2306,\n        \&quot;programName\&quot;: \&quot;Ruby with selenium\&quot;,\n        \&quot;programDescription\&quot;: \&quot;Testing using ruby language\&quot;,\n        \&quot;online\&quot;: false\n    },\n    {\n        \&quot;programId\&quot;: 2307,\n        \&quot;programName\&quot;: \&quot;Pearl with selenium\&quot;,\n        \&quot;programDescription\&quot;: \&quot;Testing using pearl language\&quot;,\n        \&quot;online\&quot;: false\n    },\n    {\n        \&quot;programId\&quot;: 2308,\n        \&quot;programName\&quot;: \&quot;Pearl with selenium\&quot;,\n        \&quot;programDescription\&quot;: \&quot;Testing using pearl language\&quot;,\n        \&quot;online\&quot;: false\n    },\n    {\n        \&quot;programId\&quot;: 2309,\n        \&quot;programName\&quot;: \&quot;.Net with selenium\&quot;,\n        \&quot;programDescription\&quot;: \&quot;Testing using .net language\&quot;,\n        \&quot;online\&quot;: false\n    },\n    {\n        \&quot;programId\&quot;: 2310,\n        \&quot;programName\&quot;: \&quot;.Net with selenium\&quot;,\n        \&quot;programDescription\&quot;: \&quot;Testing using .net language\&quot;,\n        \&quot;online\&quot;: false\n    },\n    {\n        \&quot;programId\&quot;: 2311,\n        \&quot;programName\&quot;: \&quot;JAVA 280 for testing\&quot;,\n        \&quot;programDescription\&quot;: \&quot;JAVA 280 for testing by lavisha\&quot;,\n        \&quot;online\&quot;: false\n    },\n    {\n        \&quot;programId\&quot;: 2312,\n        \&quot;programName\&quot;: \&quot;C++ programming\&quot;,\n        \&quot;programDescription\&quot;: \&quot;Programming language \&quot;,\n        \&quot;online\&quot;: false\n    },\n    {\n        \&quot;programId\&quot;: 2313,\n        \&quot;programName\&quot;: \&quot;Python with selenium\&quot;,\n        \&quot;programDescription\&quot;: \&quot;Testing \&quot;,\n        \&quot;online\&quot;: false\n    },\n    {\n        \&quot;programId\&quot;: 2314,\n        \&quot;programName\&quot;: \&quot;Ruby with selenium\&quot;,\n        \&quot;programDescription\&quot;: \&quot;Testing using ruby language\&quot;,\n        \&quot;online\&quot;: false\n    },\n    {\n        \&quot;programId\&quot;: 2315,\n        \&quot;programName\&quot;: \&quot;Pearl with selenium\&quot;,\n        \&quot;programDescription\&quot;: \&quot;Testing using pearl language\&quot;,\n        \&quot;online\&quot;: false\n    },\n    {\n        \&quot;programId\&quot;: 2316,\n        \&quot;programName\&quot;: \&quot;.Net with selenium\&quot;,\n        \&quot;programDescription\&quot;: \&quot;Testing using .net language\&quot;,\n        \&quot;online\&quot;: false\n    },\n    {\n        \&quot;programId\&quot;: 2317,\n        \&quot;programName\&quot;: \&quot;JAVA 280 for testing\&quot;,\n        \&quot;programDescription\&quot;: \&quot;JAVA 280 for testing by lavisha\&quot;,\n        \&quot;online\&quot;: false\n    },\n    {\n        \&quot;programId\&quot;: 2318,\n        \&quot;programName\&quot;: \&quot;C++ programming\&quot;,\n        \&quot;programDescription\&quot;: \&quot;Programming language \&quot;,\n        \&quot;online\&quot;: false\n    },\n    {\n        \&quot;programId\&quot;: 2319,\n        \&quot;programName\&quot;: \&quot;Python with selenium\&quot;,\n        \&quot;programDescription\&quot;: \&quot;Testing \&quot;,\n        \&quot;online\&quot;: false\n    },\n    {\n        \&quot;programId\&quot;: 2320,\n        \&quot;programName\&quot;: \&quot;Ruby with selenium\&quot;,\n        \&quot;programDescription\&quot;: \&quot;Testing using ruby language\&quot;,\n        \&quot;online\&quot;: false\n    },\n    {\n        \&quot;programId\&quot;: 2321,\n        \&quot;programName\&quot;: \&quot;Pearl with selenium\&quot;,\n        \&quot;programDescription\&quot;: \&quot;Testing using pearl language\&quot;,\n        \&quot;online\&quot;: false\n    },\n    {\n        \&quot;programId\&quot;: 2322,\n        \&quot;programName\&quot;: \&quot;.Net with selenium\&quot;,\n        \&quot;programDescription\&quot;: \&quot;Testing using .net language\&quot;,\n        \&quot;online\&quot;: false\n    },\n    {\n        \&quot;programId\&quot;: 2323,\n        \&quot;programName\&quot;: \&quot;SDETUpdated\&quot;,\n        \&quot;programDescription\&quot;: null,\n        \&quot;online\&quot;: false\n    },\n    {\n        \&quot;programId\&quot;: 2324,\n        \&quot;programName\&quot;: \&quot;updated\&quot;,\n        \&quot;programDescription\&quot;: null,\n        \&quot;online\&quot;: false\n    },\n    {\n        \&quot;programId\&quot;: 2325,\n        \&quot;programName\&quot;: \&quot;updated\&quot;,\n        \&quot;programDescription\&quot;: null,\n        \&quot;online\&quot;: false\n    },\n    {\n        \&quot;programId\&quot;: 2326,\n        \&quot;programName\&quot;: \&quot;JAVA 280 for testingModified\&quot;,\n        \&quot;programDescription\&quot;: \&quot;JAVA 280 for testing by lavisha\&quot;,\n        \&quot;online\&quot;: false\n    },\n    {\n        \&quot;programId\&quot;: 2327,\n        \&quot;programName\&quot;: \&quot;C++ programmingModified\&quot;,\n        \&quot;programDescription\&quot;: \&quot;Programming language \&quot;,\n        \&quot;online\&quot;: false\n    },\n    {\n        \&quot;programId\&quot;: 2328,\n        \&quot;programName\&quot;: \&quot;Python with seleniumModified\&quot;,\n        \&quot;programDescription\&quot;: \&quot;Testing \&quot;,\n        \&quot;online\&quot;: false\n    },\n    {\n        \&quot;programId\&quot;: 2329,\n        \&quot;programName\&quot;: \&quot;Ruby with seleniumModified\&quot;,\n        \&quot;programDescription\&quot;: \&quot;Testing using ruby language\&quot;,\n        \&quot;online\&quot;: false\n    },\n    {\n        \&quot;programId\&quot;: 2330,\n        \&quot;programName\&quot;: \&quot;Pearl with seleniumModified\&quot;,\n        \&quot;programDescription\&quot;: \&quot;Testing using pearl language\&quot;,\n        \&quot;online\&quot;: false\n    },\n    {\n        \&quot;programId\&quot;: 9236,\n        \&quot;programName\&quot;: \&quot;lms api modified\&quot;,\n        \&quot;programDescription\&quot;: \&quot;lms api modified\&quot;,\n        \&quot;online\&quot;: true\n    },\n    {\n        \&quot;programId\&quot;: 2332,\n        \&quot;programName\&quot;: \&quot;JAVA 280 for testingModified\&quot;,\n        \&quot;programDescription\&quot;: \&quot;JAVA 280 for testing by lavisha\&quot;,\n        \&quot;online\&quot;: false\n    },\n    {\n        \&quot;programId\&quot;: 2333,\n        \&quot;programName\&quot;: \&quot;C++ programmingModified\&quot;,\n        \&quot;programDescription\&quot;: \&quot;Programming language \&quot;,\n        \&quot;online\&quot;: false\n    },\n    {\n        \&quot;programId\&quot;: 2334,\n        \&quot;programName\&quot;: \&quot;Python with seleniumModified\&quot;,\n        \&quot;programDescription\&quot;: \&quot;Testing \&quot;,\n        \&quot;online\&quot;: false\n    },\n    {\n        \&quot;programId\&quot;: 2335,\n        \&quot;programName\&quot;: \&quot;Ruby with seleniumModified\&quot;,\n        \&quot;programDescription\&quot;: \&quot;Testing using ruby language\&quot;,\n        \&quot;online\&quot;: false\n    },\n    {\n        \&quot;programId\&quot;: 2336,\n        \&quot;programName\&quot;: \&quot;Pearl with seleniumModified\&quot;,\n        \&quot;programDescription\&quot;: \&quot;Testing using pearl language\&quot;,\n        \&quot;online\&quot;: false\n    },\n    {\n        \&quot;programId\&quot;: 2337,\n        \&quot;programName\&quot;: \&quot;.Net with seleniumModified\&quot;,\n        \&quot;programDescription\&quot;: \&quot;Testing using .net language\&quot;,\n        \&quot;online\&quot;: false\n    },\n    {\n        \&quot;programId\&quot;: 2338,\n        \&quot;programName\&quot;: \&quot;JAVA 280 for testingModified\&quot;,\n        \&quot;programDescription\&quot;: \&quot;JAVA 280 for testing by lavisha\&quot;,\n        \&quot;online\&quot;: false\n    },\n    {\n        \&quot;programId\&quot;: 2339,\n        \&quot;programName\&quot;: \&quot;C++ programmingModified\&quot;,\n        \&quot;programDescription\&quot;: \&quot;Programming language \&quot;,\n        \&quot;online\&quot;: false\n    },\n    {\n        \&quot;programId\&quot;: 2340,\n        \&quot;programName\&quot;: \&quot;Python with seleniumModified\&quot;,\n        \&quot;programDescription\&quot;: \&quot;Testing \&quot;,\n        \&quot;online\&quot;: false\n    },\n    {\n        \&quot;programId\&quot;: 2341,\n        \&quot;programName\&quot;: \&quot;Ruby with seleniumModified\&quot;,\n        \&quot;programDescription\&quot;: \&quot;Testing using ruby language\&quot;,\n        \&quot;online\&quot;: false\n    },\n    {\n        \&quot;programId\&quot;: 2342,\n        \&quot;programName\&quot;: \&quot;Pearl with seleniumModified\&quot;,\n        \&quot;programDescription\&quot;: \&quot;Testing using pearl language\&quot;,\n        \&quot;online\&quot;: false\n    },\n    {\n        \&quot;programId\&quot;: 2343,\n        \&quot;programName\&quot;: \&quot;.Net with seleniumModified\&quot;,\n        \&quot;programDescription\&quot;: \&quot;Testing using .net language\&quot;,\n        \&quot;online\&quot;: false\n    },\n    {\n        \&quot;programId\&quot;: 2344,\n        \&quot;programName\&quot;: \&quot;SDET011\&quot;,\n        \&quot;programDescription\&quot;: \&quot;Test Savi TEST\&quot;,\n        \&quot;online\&quot;: false\n    },\n    {\n        \&quot;programId\&quot;: 2345,\n        \&quot;programName\&quot;: \&quot;testing\&quot;,\n        \&quot;programDescription\&quot;: \&quot;testing\&quot;,\n        \&quot;online\&quot;: true\n    },\n    {\n        \&quot;programId\&quot;: 2346,\n        \&quot;programName\&quot;: \&quot;xyzstring\&quot;,\n        \&quot;programDescription\&quot;: \&quot;xyzstring\&quot;,\n        \&quot;online\&quot;: true\n    },\n    {\n        \&quot;programId\&quot;: 2347,\n        \&quot;programName\&quot;: \&quot;xyzstring\&quot;,\n        \&quot;programDescription\&quot;: \&quot;xyzstring\&quot;,\n        \&quot;online\&quot;: true\n    },\n    {\n        \&quot;programId\&quot;: 2348,\n        \&quot;programName\&quot;: \&quot;xyzstring\&quot;,\n        \&quot;programDescription\&quot;: \&quot;xyzstring\&quot;,\n        \&quot;online\&quot;: true\n    },\n    {\n        \&quot;programId\&quot;: 2349,\n        \&quot;programName\&quot;: \&quot;abcstring\&quot;,\n        \&quot;programDescription\&quot;: \&quot;abcstring\&quot;,\n        \&quot;online\&quot;: true\n    },\n    {\n        \&quot;programId\&quot;: 2350,\n        \&quot;programName\&quot;: \&quot;abcstring\&quot;,\n        \&quot;programDescription\&quot;: \&quot;abcstring\&quot;,\n        \&quot;online\&quot;: true\n    },\n    {\n        \&quot;programId\&quot;: 2351,\n        \&quot;programName\&quot;: \&quot;abcstring\&quot;,\n        \&quot;programDescription\&quot;: \&quot;abcstring\&quot;,\n        \&quot;online\&quot;: true\n    },\n    {\n        \&quot;programId\&quot;: 2352,\n        \&quot;programName\&quot;: \&quot;string\&quot;,\n        \&quot;programDescription\&quot;: \&quot;string\&quot;,\n        \&quot;online\&quot;: true\n    },\n    {\n        \&quot;programId\&quot;: 2353,\n        \&quot;programName\&quot;: \&quot;stringkjkklklk\&quot;,\n        \&quot;programDescription\&quot;: \&quot;stringjhjhj\&quot;,\n        \&quot;online\&quot;: true\n    },\n    {\n        \&quot;programId\&quot;: 2354,\n        \&quot;programName\&quot;: \&quot;string\&quot;,\n        \&quot;programDescription\&quot;: \&quot;string\&quot;,\n        \&quot;online\&quot;: true\n    },\n    {\n        \&quot;programId\&quot;: 2355,\n        \&quot;programName\&quot;: \&quot;string\&quot;,\n        \&quot;programDescription\&quot;: \&quot;string\&quot;,\n        \&quot;online\&quot;: true\n    },\n    {\n        \&quot;programId\&quot;: 2357,\n        \&quot;programName\&quot;: \&quot;string\&quot;,\n        \&quot;programDescription\&quot;: \&quot;string\&quot;,\n        \&quot;online\&quot;: true\n    },\n    {\n        \&quot;programId\&quot;: 2358,\n        \&quot;programName\&quot;: \&quot;string\&quot;,\n        \&quot;programDescription\&quot;: \&quot;string\&quot;,\n        \&quot;online\&quot;: true\n    },\n    {\n        \&quot;programId\&quot;: 2359,\n        \&quot;programName\&quot;: \&quot;kjjstring\&quot;,\n        \&quot;programDescription\&quot;: \&quot;jkjstring\&quot;,\n        \&quot;online\&quot;: true\n    },\n    {\n        \&quot;programId\&quot;: 2360,\n        \&quot;programName\&quot;: \&quot;Hi\&quot;,\n        \&quot;programDescription\&quot;: \&quot;Hello\&quot;,\n        \&quot;online\&quot;: true\n    },\n    {\n        \&quot;programId\&quot;: 2361,\n        \&quot;programName\&quot;: \&quot;string\&quot;,\n        \&quot;programDescription\&quot;: \&quot;New Pgm test\&quot;,\n        \&quot;online\&quot;: true\n    },\n    {\n        \&quot;programId\&quot;: 2376,\n        \&quot;programName\&quot;: \&quot;string\&quot;,\n        \&quot;programDescription\&quot;: \&quot;string\&quot;,\n        \&quot;online\&quot;: true\n    },\n    {\n        \&quot;programId\&quot;: 2363,\n        \&quot;programName\&quot;: \&quot;string\&quot;,\n        \&quot;programDescription\&quot;: \&quot;string\&quot;,\n        \&quot;online\&quot;: true\n    },\n    {\n        \&quot;programId\&quot;: 2364,\n        \&quot;programName\&quot;: \&quot;string\&quot;,\n        \&quot;programDescription\&quot;: \&quot;string\&quot;,\n        \&quot;online\&quot;: true\n    },\n    {\n        \&quot;programId\&quot;: 2365,\n        \&quot;programName\&quot;: \&quot;string\&quot;,\n        \&quot;programDescription\&quot;: \&quot;string\&quot;,\n        \&quot;online\&quot;: true\n    },\n    {\n        \&quot;programId\&quot;: 2366,\n        \&quot;programName\&quot;: \&quot;string\&quot;,\n        \&quot;programDescription\&quot;: \&quot;string\&quot;,\n        \&quot;online\&quot;: true\n    },\n    {\n        \&quot;programId\&quot;: 7357,\n        \&quot;programName\&quot;: \&quot;string\&quot;,\n        \&quot;programDescription\&quot;: \&quot;string\&quot;,\n        \&quot;online\&quot;: true\n    },\n    {\n        \&quot;programId\&quot;: 2368,\n        \&quot;programName\&quot;: \&quot;Hi\&quot;,\n        \&quot;programDescription\&quot;: \&quot;Hello\&quot;,\n        \&quot;online\&quot;: true\n    },\n    {\n        \&quot;programId\&quot;: 2369,\n        \&quot;programName\&quot;: \&quot;Hi\&quot;,\n        \&quot;programDescription\&quot;: \&quot;Hello\&quot;,\n        \&quot;online\&quot;: true\n    },\n    {\n        \&quot;programId\&quot;: 2370,\n        \&quot;programName\&quot;: \&quot;Hi\&quot;,\n        \&quot;programDescription\&quot;: \&quot;Hello\&quot;,\n        \&quot;online\&quot;: true\n    },\n    {\n        \&quot;programId\&quot;: 2371,\n        \&quot;programName\&quot;: \&quot;Hi\&quot;,\n        \&quot;programDescription\&quot;: \&quot;Hello\&quot;,\n        \&quot;online\&quot;: true\n    },\n    {\n        \&quot;programId\&quot;: 2372,\n        \&quot;programName\&quot;: \&quot;Hi\&quot;,\n        \&quot;programDescription\&quot;: \&quot;Hello\&quot;,\n        \&quot;online\&quot;: true\n    },\n    {\n        \&quot;programId\&quot;: 2373,\n        \&quot;programName\&quot;: \&quot;Hi\&quot;,\n        \&quot;programDescription\&quot;: \&quot;Hello\&quot;,\n        \&quot;online\&quot;: true\n    },\n    {\n        \&quot;programId\&quot;: 2374,\n        \&quot;programName\&quot;: \&quot;Hi\&quot;,\n        \&quot;programDescription\&quot;: \&quot;Hello\&quot;,\n        \&quot;online\&quot;: true\n    },\n    {\n        \&quot;programId\&quot;: 2375,\n        \&quot;programName\&quot;: \&quot;Hi\&quot;,\n        \&quot;programDescription\&quot;: \&quot;Hello\&quot;,\n        \&quot;online\&quot;: true\n    },\n    {\n        \&quot;programId\&quot;: 2377,\n        \&quot;programName\&quot;: \&quot;string\&quot;,\n        \&quot;programDescription\&quot;: \&quot;string\&quot;,\n        \&quot;online\&quot;: true\n    },\n    {\n        \&quot;programId\&quot;: 2378,\n        \&quot;programName\&quot;: \&quot;string\&quot;,\n        \&quot;programDescription\&quot;: \&quot;string\&quot;,\n        \&quot;online\&quot;: true\n    },\n    {\n        \&quot;programId\&quot;: 2379,\n        \&quot;programName\&quot;: \&quot;string\&quot;,\n        \&quot;programDescription\&quot;: \&quot;string\&quot;,\n        \&quot;online\&quot;: true\n    },\n    {\n        \&quot;programId\&quot;: 2380,\n        \&quot;programName\&quot;: \&quot;string\&quot;,\n        \&quot;programDescription\&quot;: \&quot;string\&quot;,\n        \&quot;online\&quot;: true\n    },\n    {\n        \&quot;programId\&quot;: 2381,\n        \&quot;programName\&quot;: \&quot;stringkjk\&quot;,\n        \&quot;programDescription\&quot;: \&quot;string\&quot;,\n        \&quot;online\&quot;: true\n    },\n    {\n        \&quot;programId\&quot;: 2382,\n        \&quot;programName\&quot;: \&quot;stringkjk\&quot;,\n        \&quot;programDescription\&quot;: \&quot;string\&quot;,\n        \&quot;online\&quot;: true\n    },\n    {\n        \&quot;programId\&quot;: 2383,\n        \&quot;programName\&quot;: \&quot;stringkjk\&quot;,\n        \&quot;programDescription\&quot;: \&quot;string\&quot;,\n        \&quot;online\&quot;: true\n    },\n    {\n        \&quot;programId\&quot;: 2384,\n        \&quot;programName\&quot;: \&quot;stringkjk\&quot;,\n        \&quot;programDescription\&quot;: \&quot;string\&quot;,\n        \&quot;online\&quot;: true\n    },\n    {\n        \&quot;programId\&quot;: 2385,\n        \&quot;programName\&quot;: \&quot;stringkjk\&quot;,\n        \&quot;programDescription\&quot;: \&quot;string\&quot;,\n        \&quot;online\&quot;: true\n    },\n    {\n        \&quot;programId\&quot;: 2386,\n        \&quot;programName\&quot;: \&quot;stringkjk\&quot;,\n        \&quot;programDescription\&quot;: \&quot;string\&quot;,\n        \&quot;online\&quot;: true\n    },\n    {\n        \&quot;programId\&quot;: 2387,\n        \&quot;programName\&quot;: \&quot;stringkjk\&quot;,\n        \&quot;programDescription\&quot;: \&quot;string\&quot;,\n        \&quot;online\&quot;: true\n    },\n    {\n        \&quot;programId\&quot;: 2388,\n        \&quot;programName\&quot;: \&quot;stringkjk\&quot;,\n        \&quot;programDescription\&quot;: \&quot;string\&quot;,\n        \&quot;online\&quot;: true\n    },\n    {\n        \&quot;programId\&quot;: 2389,\n        \&quot;programName\&quot;: \&quot;stringkjk\&quot;,\n        \&quot;programDescription\&quot;: \&quot;string\&quot;,\n        \&quot;online\&quot;: true\n    },\n    {\n        \&quot;programId\&quot;: 2390,\n        \&quot;programName\&quot;: \&quot;stringkjk\&quot;,\n        \&quot;programDescription\&quot;: \&quot;string\&quot;,\n        \&quot;online\&quot;: true\n    },\n    {\n        \&quot;programId\&quot;: 2391,\n        \&quot;programName\&quot;: \&quot;Testing\&quot;,\n        \&quot;programDescription\&quot;: \&quot;Testing\&quot;,\n        \&quot;online\&quot;: true\n    },\n    {\n        \&quot;programId\&quot;: 2392,\n        \&quot;programName\&quot;: \&quot;Testing modified from postman\&quot;,\n        \&quot;programDescription\&quot;: \&quot;Testing modified\&quot;,\n        \&quot;online\&quot;: true\n    },\n    {\n        \&quot;programId\&quot;: 2393,\n        \&quot;programName\&quot;: \&quot;testing\&quot;,\n        \&quot;programDescription\&quot;: \&quot;testing\&quot;,\n        \&quot;online\&quot;: true\n    },\n    {\n        \&quot;programId\&quot;: 2394,\n        \&quot;programName\&quot;: \&quot;1234\&quot;,\n        \&quot;programDescription\&quot;: \&quot;testing\&quot;,\n        \&quot;online\&quot;: true\n    },\n    {\n        \&quot;programId\&quot;: 2395,\n        \&quot;programName\&quot;: \&quot;testing modified\&quot;,\n        \&quot;programDescription\&quot;: \&quot;testing modified\&quot;,\n        \&quot;online\&quot;: true\n    },\n    {\n        \&quot;programId\&quot;: 2396,\n        \&quot;programName\&quot;: \&quot;string\&quot;,\n        \&quot;programDescription\&quot;: \&quot;string\&quot;,\n        \&quot;online\&quot;: true\n    },\n    {\n        \&quot;programId\&quot;: 2397,\n        \&quot;programName\&quot;: \&quot;string\&quot;,\n        \&quot;programDescription\&quot;: \&quot;string\&quot;,\n        \&quot;online\&quot;: true\n    },\n    {\n        \&quot;programId\&quot;: 2398,\n        \&quot;programName\&quot;: \&quot;string\&quot;,\n        \&quot;programDescription\&quot;: \&quot;string\&quot;,\n        \&quot;online\&quot;: true\n    },\n    {\n        \&quot;programId\&quot;: 9318,\n        \&quot;programName\&quot;: \&quot;QA\&quot;,\n        \&quot;programDescription\&quot;: \&quot;BASICS\&quot;,\n        \&quot;online\&quot;: true\n    },\n    {\n        \&quot;programId\&quot;: 2400,\n        \&quot;programName\&quot;: \&quot;Testing\&quot;,\n        \&quot;programDescription\&quot;: \&quot;Tseting\&quot;,\n        \&quot;online\&quot;: true\n    },\n    {\n        \&quot;programId\&quot;: 2401,\n        \&quot;programName\&quot;: \&quot;Testing\&quot;,\n        \&quot;programDescription\&quot;: \&quot;Tseting\&quot;,\n        \&quot;online\&quot;: true\n    },\n    {\n        \&quot;programId\&quot;: 2402,\n        \&quot;programName\&quot;: \&quot;nullModified\&quot;,\n        \&quot;programDescription\&quot;: null,\n        \&quot;online\&quot;: false\n    },\n    {\n        \&quot;programId\&quot;: 2403,\n        \&quot;programName\&quot;: \&quot;nullModified\&quot;,\n        \&quot;programDescription\&quot;: null,\n        \&quot;online\&quot;: false\n    },\n    {\n        \&quot;programId\&quot;: 2404,\n        \&quot;programName\&quot;: \&quot;nullModified\&quot;,\n        \&quot;programDescription\&quot;: null,\n        \&quot;online\&quot;: false\n    },\n    {\n        \&quot;programId\&quot;: 2405,\n        \&quot;programName\&quot;: \&quot;nullModified\&quot;,\n        \&quot;programDescription\&quot;: null,\n        \&quot;online\&quot;: false\n    },\n    {\n        \&quot;programId\&quot;: 2406,\n        \&quot;programName\&quot;: \&quot;nullModified\&quot;,\n        \&quot;programDescription\&quot;: null,\n        \&quot;online\&quot;: false\n    },\n    {\n        \&quot;programId\&quot;: 2407,\n        \&quot;programName\&quot;: \&quot;nullModified\&quot;,\n        \&quot;programDescription\&quot;: null,\n        \&quot;online\&quot;: false\n    },\n    {\n        \&quot;programId\&quot;: 2408,\n        \&quot;programName\&quot;: \&quot;nullModified\&quot;,\n        \&quot;programDescription\&quot;: null,\n        \&quot;online\&quot;: false\n    },\n    {\n        \&quot;programId\&quot;: 2409,\n        \&quot;programName\&quot;: \&quot;nullModified\&quot;,\n        \&quot;programDescription\&quot;: null,\n        \&quot;online\&quot;: false\n    },\n    {\n        \&quot;programId\&quot;: 2410,\n        \&quot;programName\&quot;: \&quot;nullModified\&quot;,\n        \&quot;programDescription\&quot;: null,\n        \&quot;online\&quot;: false\n    },\n    {\n        \&quot;programId\&quot;: 2411,\n        \&quot;programName\&quot;: \&quot;nullModified\&quot;,\n        \&quot;programDescription\&quot;: null,\n        \&quot;online\&quot;: false\n    },\n    {\n        \&quot;programId\&quot;: 2412,\n        \&quot;programName\&quot;: \&quot;nullModified\&quot;,\n        \&quot;programDescription\&quot;: null,\n        \&quot;online\&quot;: false\n    },\n    {\n        \&quot;programId\&quot;: 2413,\n        \&quot;programName\&quot;: \&quot;nullModified\&quot;,\n        \&quot;programDescription\&quot;: null,\n        \&quot;online\&quot;: false\n    },\n    {\n        \&quot;programId\&quot;: 2414,\n        \&quot;programName\&quot;: \&quot;nullModified\&quot;,\n        \&quot;programDescription\&quot;: null,\n        \&quot;online\&quot;: false\n    },\n    {\n        \&quot;programId\&quot;: 2415,\n        \&quot;programName\&quot;: \&quot;nullModified\&quot;,\n        \&quot;programDescription\&quot;: null,\n        \&quot;online\&quot;: false\n    },\n    {\n        \&quot;programId\&quot;: 2416,\n        \&quot;programName\&quot;: \&quot;nullModified\&quot;,\n        \&quot;programDescription\&quot;: null,\n        \&quot;online\&quot;: false\n    },\n    {\n        \&quot;programId\&quot;: 2417,\n        \&quot;programName\&quot;: \&quot;nullModified\&quot;,\n        \&quot;programDescription\&quot;: null,\n        \&quot;online\&quot;: false\n    },\n    {\n        \&quot;programId\&quot;: 3783,\n        \&quot;programName\&quot;: \&quot;\\\&quot;Automation Testing\\\&quot;\&quot;,\n        \&quot;programDescription\&quot;: \&quot;\\\&quot;RestAssured\\\&quot;\&quot;,\n        \&quot;online\&quot;: false\n    },\n    {\n        \&quot;programId\&quot;: 2419,\n        \&quot;programName\&quot;: \&quot;nullModified\&quot;,\n        \&quot;programDescription\&quot;: null,\n        \&quot;online\&quot;: false\n    },\n    {\n        \&quot;programId\&quot;: 2420,\n        \&quot;programName\&quot;: \&quot;nullModified\&quot;,\n        \&quot;programDescription\&quot;: null,\n        \&quot;online\&quot;: false\n    },\n    {\n        \&quot;programId\&quot;: 2421,\n        \&quot;programName\&quot;: \&quot;nullModified\&quot;,\n        \&quot;programDescription\&quot;: null,\n        \&quot;online\&quot;: false\n    },\n    {\n        \&quot;programId\&quot;: 2422,\n        \&quot;programName\&quot;: \&quot;nullModified\&quot;,\n        \&quot;programDescription\&quot;: null,\n        \&quot;online\&quot;: false\n    },\n    {\n        \&quot;programId\&quot;: 2424,\n        \&quot;programName\&quot;: \&quot;nullModified\&quot;,\n        \&quot;programDescription\&quot;: null,\n        \&quot;online\&quot;: false\n    },\n    {\n        \&quot;programId\&quot;: 2425,\n        \&quot;programName\&quot;: \&quot;nullModified\&quot;,\n        \&quot;programDescription\&quot;: null,\n        \&quot;online\&quot;: false\n    },\n    {\n        \&quot;programId\&quot;: 2426,\n        \&quot;programName\&quot;: \&quot;nullModified\&quot;,\n        \&quot;programDescription\&quot;: null,\n        \&quot;online\&quot;: false\n    },\n    {\n        \&quot;programId\&quot;: 2427,\n        \&quot;programName\&quot;: \&quot;online field testing\&quot;,\n        \&quot;programDescription\&quot;: \&quot;entered with numbers\&quot;,\n        \&quot;online\&quot;: true\n    },\n    {\n        \&quot;programId\&quot;: 2428,\n        \&quot;programName\&quot;: \&quot;nullModified\&quot;,\n        \&quot;programDescription\&quot;: null,\n        \&quot;online\&quot;: false\n    },\n    {\n        \&quot;programId\&quot;: 2429,\n        \&quot;programName\&quot;: \&quot;JAVA 280 for testingModified\&quot;,\n        \&quot;programDescription\&quot;: \&quot;JAVA 280 for testing by lavisha\&quot;,\n        \&quot;online\&quot;: false\n    },\n    {\n        \&quot;programId\&quot;: 2430,\n        \&quot;programName\&quot;: \&quot;online field testing\&quot;,\n        \&quot;programDescription\&quot;: \&quot;entered with numbers\&quot;,\n        \&quot;online\&quot;: true\n    },\n    {\n        \&quot;programId\&quot;: 2431,\n        \&quot;programName\&quot;: \&quot;string\&quot;,\n        \&quot;programDescription\&quot;: \&quot;string\&quot;,\n        \&quot;online\&quot;: true\n    },\n    {\n        \&quot;programId\&quot;: 2432,\n        \&quot;programName\&quot;: \&quot;string\&quot;,\n        \&quot;programDescription\&quot;: \&quot;string\&quot;,\n        \&quot;online\&quot;: true\n    },\n    {\n        \&quot;programId\&quot;: 2433,\n        \&quot;programName\&quot;: \&quot;string\&quot;,\n        \&quot;programDescription\&quot;: \&quot;string\&quot;,\n        \&quot;online\&quot;: true\n    },\n    {\n        \&quot;programId\&quot;: 2434,\n        \&quot;programName\&quot;: \&quot;string\&quot;,\n        \&quot;programDescription\&quot;: \&quot;\&quot;,\n        \&quot;online\&quot;: true\n    },\n    {\n        \&quot;programId\&quot;: 2435,\n        \&quot;programName\&quot;: \&quot;string\&quot;,\n        \&quot;programDescription\&quot;: \&quot;\&quot;,\n        \&quot;online\&quot;: true\n    },\n    {\n        \&quot;programId\&quot;: 2436,\n        \&quot;programName\&quot;: \&quot;string\&quot;,\n        \&quot;programDescription\&quot;: \&quot;string\&quot;,\n        \&quot;online\&quot;: true\n    },\n    {\n        \&quot;programId\&quot;: 2438,\n        \&quot;programName\&quot;: \&quot;string\&quot;,\n        \&quot;programDescription\&quot;: \&quot;\&quot;,\n        \&quot;online\&quot;: true\n    },\n    {\n        \&quot;programId\&quot;: 2439,\n        \&quot;programName\&quot;: \&quot;JAVA 280 for testing is Modified Now\&quot;,\n        \&quot;programDescription\&quot;: \&quot;JAVA 280 for testing by lavisha\&quot;,\n        \&quot;online\&quot;: false\n    },\n    {\n        \&quot;programId\&quot;: 2440,\n        \&quot;programName\&quot;: \&quot;JAVA 280 for testing New\&quot;,\n        \&quot;programDescription\&quot;: \&quot;JAVA 280 for testing by lavisha\&quot;,\n        \&quot;online\&quot;: false\n    },\n    {\n        \&quot;programId\&quot;: 2441,\n        \&quot;programName\&quot;: \&quot;JAVA 280 for testing is Modified Now\&quot;,\n        \&quot;programDescription\&quot;: \&quot;JAVA 280 for testing by lavisha\&quot;,\n        \&quot;online\&quot;: false\n    },\n    {\n        \&quot;programId\&quot;: 2442,\n        \&quot;programName\&quot;: \&quot;JAVA 280 for testing New\&quot;,\n        \&quot;programDescription\&quot;: \&quot;JAVA 280 for testing by lavisha\&quot;,\n        \&quot;online\&quot;: false\n    },\n    {\n        \&quot;programId\&quot;: 2443,\n        \&quot;programName\&quot;: \&quot;JAVA 280 for testing New\&quot;,\n        \&quot;programDescription\&quot;: \&quot;JAVA 280 for testing by lavisha\&quot;,\n        \&quot;online\&quot;: false\n    },\n    {\n        \&quot;programId\&quot;: 2444,\n        \&quot;programName\&quot;: \&quot;JAVA 280 for testing New\&quot;,\n        \&quot;programDescription\&quot;: \&quot;JAVA 280 for testing by lavisha\&quot;,\n        \&quot;online\&quot;: false\n    },\n    {\n        \&quot;programId\&quot;: 2446,\n        \&quot;programName\&quot;: \&quot;JAVA 280 for testing is Modified Now\&quot;,\n        \&quot;programDescription\&quot;: \&quot;JAVA 280 for testing by lavisha\&quot;,\n        \&quot;online\&quot;: false\n    },\n    {\n        \&quot;programId\&quot;: 2447,\n        \&quot;programName\&quot;: \&quot;SDET\&quot;,\n        \&quot;programDescription\&quot;: \&quot;fgds\&quot;,\n        \&quot;online\&quot;: true\n    },\n    {\n        \&quot;programId\&quot;: 2449,\n        \&quot;programName\&quot;: \&quot;stringkjk\&quot;,\n        \&quot;programDescription\&quot;: \&quot;string\&quot;,\n        \&quot;online\&quot;: true\n    },\n    {\n        \&quot;programId\&quot;: 2450,\n        \&quot;programName\&quot;: \&quot;stringkjk\&quot;,\n        \&quot;programDescription\&quot;: \&quot;string\&quot;,\n        \&quot;online\&quot;: true\n    },\n    {\n        \&quot;programId\&quot;: 2451,\n        \&quot;programName\&quot;: \&quot;stringkjk\&quot;,\n        \&quot;programDescription\&quot;: \&quot;string\&quot;,\n        \&quot;online\&quot;: true\n    },\n    {\n        \&quot;programId\&quot;: 2452,\n        \&quot;programName\&quot;: \&quot;stringkjk\&quot;,\n        \&quot;programDescription\&quot;: \&quot;string\&quot;,\n        \&quot;online\&quot;: true\n    },\n    {\n        \&quot;programId\&quot;: 2453,\n        \&quot;programName\&quot;: \&quot;stringkjk\&quot;,\n        \&quot;programDescription\&quot;: \&quot;string\&quot;,\n        \&quot;online\&quot;: true\n    },\n    {\n        \&quot;programId\&quot;: 2454,\n        \&quot;programName\&quot;: \&quot;stringkjk\&quot;,\n        \&quot;programDescription\&quot;: \&quot;string\&quot;,\n        \&quot;online\&quot;: true\n    },\n    {\n        \&quot;programId\&quot;: 2455,\n        \&quot;programName\&quot;: \&quot;stringkjk\&quot;,\n        \&quot;programDescription\&quot;: \&quot;string\&quot;,\n        \&quot;online\&quot;: true\n    },\n    {\n        \&quot;programId\&quot;: 2457,\n        \&quot;programName\&quot;: \&quot;stringkjk\&quot;,\n        \&quot;programDescription\&quot;: \&quot;string\&quot;,\n        \&quot;online\&quot;: true\n    },\n    {\n        \&quot;programId\&quot;: 2458,\n        \&quot;programName\&quot;: \&quot;stringkjk\&quot;,\n        \&quot;programDescription\&quot;: \&quot;string\&quot;,\n        \&quot;online\&quot;: true\n    },\n    {\n        \&quot;programId\&quot;: 2459,\n        \&quot;programName\&quot;: \&quot;stringkjk\&quot;,\n        \&quot;programDescription\&quot;: \&quot;string\&quot;,\n        \&quot;online\&quot;: true\n    },\n    {\n        \&quot;programId\&quot;: 2460,\n        \&quot;programName\&quot;: \&quot;BDD\&quot;,\n        \&quot;programDescription\&quot;: \&quot;BDD testing\&quot;,\n        \&quot;online\&quot;: true\n    },\n    {\n        \&quot;programId\&quot;: 2461,\n        \&quot;programName\&quot;: \&quot;Testing\&quot;,\n        \&quot;programDescription\&quot;: \&quot;Testing\&quot;,\n        \&quot;online\&quot;: true\n    },\n    {\n        \&quot;programId\&quot;: 2462,\n        \&quot;programName\&quot;: \&quot;Testing\&quot;,\n        \&quot;programDescription\&quot;: \&quot;Testing\&quot;,\n        \&quot;online\&quot;: true\n    },\n    {\n        \&quot;programId\&quot;: 3784,\n        \&quot;programName\&quot;: \&quot;\\\&quot;Develeopment\\\&quot;\&quot;,\n        \&quot;programDescription\&quot;: \&quot;\\\&quot;Java\\\&quot;\&quot;,\n        \&quot;online\&quot;: false\n    },\n    {\n        \&quot;programId\&quot;: 3785,\n        \&quot;programName\&quot;: \&quot;\\\&quot;Project Management\\\&quot;\&quot;,\n        \&quot;programDescription\&quot;: \&quot;\\\&quot;scrum master\\\&quot;\&quot;,\n        \&quot;online\&quot;: false\n    },\n    {\n        \&quot;programId\&quot;: 3786,\n        \&quot;programName\&quot;: \&quot;Automation Testing\&quot;,\n        \&quot;programDescription\&quot;: \&quot;RestAssured\&quot;,\n        \&quot;online\&quot;: true\n    },\n    {\n        \&quot;programId\&quot;: 2466,\n        \&quot;programName\&quot;: \&quot;JAVA 250 for testing\&quot;,\n        \&quot;programDescription\&quot;: \&quot;JAVA 250 for testing by shuba_112121\&quot;,\n        \&quot;online\&quot;: true\n    },\n    {\n        \&quot;programId\&quot;: 2468,\n        \&quot;programName\&quot;: \&quot;online field testing\&quot;,\n        \&quot;programDescription\&quot;: \&quot;entered with numbers\&quot;,\n        \&quot;online\&quot;: true\n    },\n    {\n        \&quot;programId\&quot;: 2469,\n        \&quot;programName\&quot;: \&quot;online field testing\&quot;,\n        \&quot;programDescription\&quot;: \&quot;entered with numbers\&quot;,\n        \&quot;online\&quot;: true\n    },\n    {\n        \&quot;programId\&quot;: 2470,\n        \&quot;programName\&quot;: \&quot;online field testing\&quot;,\n        \&quot;programDescription\&quot;: \&quot;entered with numbers\&quot;,\n        \&quot;online\&quot;: true\n    },\n    {\n        \&quot;programId\&quot;: 2471,\n        \&quot;programName\&quot;: \&quot;online field testing\&quot;,\n        \&quot;programDescription\&quot;: \&quot;entered with numbers\&quot;,\n        \&quot;online\&quot;: true\n    },\n    {\n        \&quot;programId\&quot;: 2472,\n        \&quot;programName\&quot;: \&quot;online field testing\&quot;,\n        \&quot;programDescription\&quot;: \&quot;entered with numbers\&quot;,\n        \&quot;online\&quot;: true\n    },\n    {\n        \&quot;programId\&quot;: 2473,\n        \&quot;programName\&quot;: \&quot;onlines field testing\&quot;,\n        \&quot;programDescription\&quot;: \&quot;entered with numbers\&quot;,\n        \&quot;online\&quot;: true\n    },\n    {\n        \&quot;programId\&quot;: 2474,\n        \&quot;programName\&quot;: \&quot;online field testing\&quot;,\n        \&quot;programDescription\&quot;: \&quot;entered with numbers\&quot;,\n        \&quot;online\&quot;: true\n    },\n    {\n        \&quot;programId\&quot;: 2475,\n        \&quot;programName\&quot;: \&quot;online field testing\&quot;,\n        \&quot;programDescription\&quot;: \&quot;entered with numbers\&quot;,\n        \&quot;online\&quot;: true\n    },\n    {\n        \&quot;programId\&quot;: 2476,\n        \&quot;programName\&quot;: \&quot;online field testing\&quot;,\n        \&quot;programDescription\&quot;: \&quot;entered with numbers\&quot;,\n        \&quot;online\&quot;: true\n    },\n    {\n        \&quot;programId\&quot;: 2477,\n        \&quot;programName\&quot;: \&quot;online field testing\&quot;,\n        \&quot;programDescription\&quot;: \&quot;entered with numbers\&quot;,\n        \&quot;online\&quot;: true\n    },\n    {\n        \&quot;programId\&quot;: 2478,\n        \&quot;programName\&quot;: \&quot;online field testing\&quot;,\n        \&quot;programDescription\&quot;: \&quot;entered with numbers\&quot;,\n        \&quot;online\&quot;: true\n    },\n    {\n        \&quot;programId\&quot;: 2479,\n        \&quot;programName\&quot;: \&quot;online field testing\&quot;,\n        \&quot;programDescription\&quot;: \&quot;entered with numbers\&quot;,\n        \&quot;online\&quot;: true\n    },\n    {\n        \&quot;programId\&quot;: 2480,\n        \&quot;programName\&quot;: \&quot;online field testing\&quot;,\n        \&quot;programDescription\&quot;: \&quot;entered with numbers\&quot;,\n        \&quot;online\&quot;: true\n    },\n    {\n        \&quot;programId\&quot;: 2481,\n        \&quot;programName\&quot;: \&quot;string\&quot;,\n        \&quot;programDescription\&quot;: \&quot;string\&quot;,\n        \&quot;online\&quot;: true\n    },\n    {\n        \&quot;programId\&quot;: 2482,\n        \&quot;programName\&quot;: \&quot;string\&quot;,\n        \&quot;programDescription\&quot;: \&quot;string\&quot;,\n        \&quot;online\&quot;: true\n    },\n    {\n        \&quot;programId\&quot;: 2483,\n        \&quot;programName\&quot;: \&quot;postman \&quot;,\n        \&quot;programDescription\&quot;: \&quot;testing \&quot;,\n        \&quot;online\&quot;: true\n    },\n    {\n        \&quot;programId\&quot;: 2484,\n        \&quot;programName\&quot;: \&quot;postman \&quot;,\n        \&quot;programDescription\&quot;: \&quot;testing \&quot;,\n        \&quot;online\&quot;: true\n    },\n    {\n        \&quot;programId\&quot;: 2510,\n        \&quot;programName\&quot;: \&quot;none\&quot;,\n        \&quot;programDescription\&quot;: \&quot;testing\&quot;,\n        \&quot;online\&quot;: false\n    },\n    {\n        \&quot;programId\&quot;: 2485,\n        \&quot;programName\&quot;: \&quot;java\&quot;,\n        \&quot;programDescription\&quot;: \&quot;java-training\&quot;,\n        \&quot;online\&quot;: true\n    },\n    {\n        \&quot;programId\&quot;: 2486,\n        \&quot;programName\&quot;: \&quot;1234\&quot;,\n        \&quot;programDescription\&quot;: \&quot;sigma\&quot;,\n        \&quot;online\&quot;: true\n    },\n    {\n        \&quot;programId\&quot;: 2489,\n        \&quot;programName\&quot;: \&quot;multiple digit testing\&quot;,\n        \&quot;programDescription\&quot;: \&quot;programId testing\&quot;,\n        \&quot;online\&quot;: true\n    },\n    {\n        \&quot;programId\&quot;: 2490,\n        \&quot;programName\&quot;: \&quot;sigma\&quot;,\n        \&quot;programDescription\&quot;: \&quot;sigma\&quot;,\n        \&quot;online\&quot;: true\n    },\n    {\n        \&quot;programId\&quot;: 2491,\n        \&quot;programName\&quot;: \&quot;multiple digit testing\&quot;,\n        \&quot;programDescription\&quot;: \&quot;programId testing\&quot;,\n        \&quot;online\&quot;: true\n    },\n    {\n        \&quot;programId\&quot;: 2492,\n        \&quot;programName\&quot;: \&quot;multiple digit testing\&quot;,\n        \&quot;programDescription\&quot;: \&quot;programId testing\&quot;,\n        \&quot;online\&quot;: true\n    },\n    {\n        \&quot;programId\&quot;: 2493,\n        \&quot;programName\&quot;: \&quot;multiple digit testing\&quot;,\n        \&quot;programDescription\&quot;: \&quot;programId testing\&quot;,\n        \&quot;online\&quot;: true\n    },\n    {\n        \&quot;programId\&quot;: 2494,\n        \&quot;programName\&quot;: \&quot;multiple digit testing\&quot;,\n        \&quot;programDescription\&quot;: \&quot;programId testing\&quot;,\n        \&quot;online\&quot;: true\n    },\n    {\n        \&quot;programId\&quot;: 2495,\n        \&quot;programName\&quot;: \&quot;postman \&quot;,\n        \&quot;programDescription\&quot;: \&quot;testing \&quot;,\n        \&quot;online\&quot;: true\n    },\n    {\n        \&quot;programId\&quot;: 2496,\n        \&quot;programName\&quot;: \&quot;postman \&quot;,\n        \&quot;programDescription\&quot;: \&quot;testing \&quot;,\n        \&quot;online\&quot;: true\n    },\n    {\n        \&quot;programId\&quot;: 2497,\n        \&quot;programName\&quot;: \&quot;boolean less\&quot;,\n        \&quot;programDescription\&quot;: \&quot;test boolean\&quot;,\n        \&quot;online\&quot;: true\n    },\n    {\n        \&quot;programId\&quot;: 2498,\n        \&quot;programName\&quot;: \&quot;boolean less\&quot;,\n        \&quot;programDescription\&quot;: \&quot;test boolean\&quot;,\n        \&quot;online\&quot;: true\n    },\n    {\n        \&quot;programId\&quot;: 2499,\n        \&quot;programName\&quot;: \&quot;boolean less\&quot;,\n        \&quot;programDescription\&quot;: \&quot;test boolean\&quot;,\n        \&quot;online\&quot;: true\n    },\n    {\n        \&quot;programId\&quot;: 2500,\n        \&quot;programName\&quot;: \&quot;boolean less\&quot;,\n        \&quot;programDescription\&quot;: \&quot;test boolean\&quot;,\n        \&quot;online\&quot;: true\n    },\n    {\n        \&quot;programId\&quot;: 2501,\n        \&quot;programName\&quot;: \&quot;boolean less\&quot;,\n        \&quot;programDescription\&quot;: \&quot;test boolean\&quot;,\n        \&quot;online\&quot;: true\n    },\n    {\n        \&quot;programId\&quot;: 2502,\n        \&quot;programName\&quot;: \&quot;boolean less\&quot;,\n        \&quot;programDescription\&quot;: \&quot;test boolean\&quot;,\n        \&quot;online\&quot;: true\n    },\n    {\n        \&quot;programId\&quot;: 2503,\n        \&quot;programName\&quot;: \&quot;test\&quot;,\n        \&quot;programDescription\&quot;: \&quot;testing\&quot;,\n        \&quot;online\&quot;: true\n    },\n    {\n        \&quot;programId\&quot;: 2504,\n        \&quot;programName\&quot;: \&quot;test\&quot;,\n        \&quot;programDescription\&quot;: \&quot;testing\&quot;,\n        \&quot;online\&quot;: true\n    },\n    {\n        \&quot;programId\&quot;: 2505,\n        \&quot;programName\&quot;: \&quot;test\&quot;,\n        \&quot;programDescription\&quot;: \&quot;testing\&quot;,\n        \&quot;online\&quot;: true\n    },\n    {\n        \&quot;programId\&quot;: 2506,\n        \&quot;programName\&quot;: \&quot;test\&quot;,\n        \&quot;programDescription\&quot;: \&quot;testing\&quot;,\n        \&quot;online\&quot;: true\n    },\n    {\n        \&quot;programId\&quot;: 2507,\n        \&quot;programName\&quot;: \&quot;Blank testing\&quot;,\n        \&quot;programDescription\&quot;: \&quot;\&quot;,\n        \&quot;online\&quot;: true\n    },\n    {\n        \&quot;programId\&quot;: 2508,\n        \&quot;programName\&quot;: \&quot;online field\&quot;,\n        \&quot;programDescription\&quot;: \&quot;entered with numbers\&quot;,\n        \&quot;online\&quot;: true\n    },\n    {\n        \&quot;programId\&quot;: 2509,\n        \&quot;programName\&quot;: \&quot;none\&quot;,\n        \&quot;programDescription\&quot;: \&quot;testing\&quot;,\n        \&quot;online\&quot;: false\n    },\n    {\n        \&quot;programId\&quot;: 2511,\n        \&quot;programName\&quot;: \&quot;none\&quot;,\n        \&quot;programDescription\&quot;: \&quot;testing\&quot;,\n        \&quot;online\&quot;: false\n    },\n    {\n        \&quot;programId\&quot;: 2512,\n        \&quot;programName\&quot;: \&quot;none\&quot;,\n        \&quot;programDescription\&quot;: \&quot;testing\&quot;,\n        \&quot;online\&quot;: false\n    },\n    {\n        \&quot;programId\&quot;: 2513,\n        \&quot;programName\&quot;: \&quot;online field testing\&quot;,\n        \&quot;programDescription\&quot;: \&quot;entered with numbers\&quot;,\n        \&quot;online\&quot;: true\n    },\n    {\n        \&quot;programId\&quot;: 2514,\n        \&quot;programName\&quot;: \&quot;Testing\&quot;,\n        \&quot;programDescription\&quot;: \&quot;Testing\&quot;,\n        \&quot;online\&quot;: true\n    },\n    {\n        \&quot;programId\&quot;: 2515,\n        \&quot;programName\&quot;: \&quot;string\&quot;,\n        \&quot;programDescription\&quot;: \&quot;string\&quot;,\n        \&quot;online\&quot;: true\n    },\n    {\n        \&quot;programId\&quot;: 2516,\n        \&quot;programName\&quot;: \&quot;Computer Science Eng\&quot;,\n        \&quot;programDescription\&quot;: \&quot;CS44\&quot;,\n        \&quot;online\&quot;: true\n    },\n    {\n        \&quot;programId\&quot;: 2517,\n        \&quot;programName\&quot;: \&quot;Computer Science Eng\&quot;,\n        \&quot;programDescription\&quot;: \&quot;CS44\&quot;,\n        \&quot;online\&quot;: true\n    },\n    {\n        \&quot;programId\&quot;: 2518,\n        \&quot;programName\&quot;: \&quot;Electrical Science Eng\&quot;,\n        \&quot;programDescription\&quot;: \&quot;EC55\&quot;,\n        \&quot;online\&quot;: true\n    },\n    {\n        \&quot;programId\&quot;: 2520,\n        \&quot;programName\&quot;: \&quot;Electrical Science Eng\&quot;,\n        \&quot;programDescription\&quot;: \&quot;EC55\&quot;,\n        \&quot;online\&quot;: true\n    },\n    {\n        \&quot;programId\&quot;: 2521,\n        \&quot;programName\&quot;: \&quot;Social Studies\&quot;,\n        \&quot;programDescription\&quot;: \&quot;SS22\&quot;,\n        \&quot;online\&quot;: false\n    },\n    {\n        \&quot;programId\&quot;: 2522,\n        \&quot;programName\&quot;: \&quot;none\&quot;,\n        \&quot;programDescription\&quot;: \&quot;testing\&quot;,\n        \&quot;online\&quot;: false\n    },\n    {\n        \&quot;programId\&quot;: 2523,\n        \&quot;programName\&quot;: \&quot;none\&quot;,\n        \&quot;programDescription\&quot;: \&quot;testing\&quot;,\n        \&quot;online\&quot;: false\n    },\n    {\n        \&quot;programId\&quot;: 2525,\n        \&quot;programName\&quot;: \&quot;Shell Developer\&quot;,\n        \&quot;programDescription\&quot;: \&quot;Shell Developer\&quot;,\n        \&quot;online\&quot;: true\n    },\n    {\n        \&quot;programId\&quot;: 2423,\n        \&quot;programName\&quot;: \&quot;Java 1003 Training\&quot;,\n        \&quot;programDescription\&quot;: \&quot;Java 100 Training\&quot;,\n        \&quot;online\&quot;: false\n    },\n    {\n        \&quot;programId\&quot;: 2527,\n        \&quot;programName\&quot;: \&quot;2255\&quot;,\n        \&quot;programDescription\&quot;: \&quot;CS25\&quot;,\n        \&quot;online\&quot;: false\n    },\n    {\n        \&quot;programId\&quot;: 2528,\n        \&quot;programName\&quot;: \&quot;42266884\&quot;,\n        \&quot;programDescription\&quot;: \&quot;abc321\&quot;,\n        \&quot;online\&quot;: false\n    },\n    {\n        \&quot;programId\&quot;: 2529,\n        \&quot;programName\&quot;: \&quot;multiple digit testing\&quot;,\n        \&quot;programDescription\&quot;: \&quot;programId testing\&quot;,\n        \&quot;online\&quot;: true\n    },\n    {\n        \&quot;programId\&quot;: 2530,\n        \&quot;programName\&quot;: \&quot;string\&quot;,\n        \&quot;programDescription\&quot;: \&quot;string\&quot;,\n        \&quot;online\&quot;: true\n    },\n    {\n        \&quot;programId\&quot;: 2526,\n        \&quot;programName\&quot;: \&quot;Associate Shell Developer\&quot;,\n        \&quot;programDescription\&quot;: \&quot;Associate Shell Developer\&quot;,\n        \&quot;online\&quot;: true\n    },\n    {\n        \&quot;programId\&quot;: 2531,\n        \&quot;programName\&quot;: \&quot;HR\&quot;,\n        \&quot;programDescription\&quot;: \&quot;HR\&quot;,\n        \&quot;online\&quot;: true\n    },\n    {\n        \&quot;programId\&quot;: 2532,\n        \&quot;programName\&quot;: \&quot;HR\&quot;,\n        \&quot;programDescription\&quot;: \&quot;HR\&quot;,\n        \&quot;online\&quot;: true\n    },\n    {\n        \&quot;programId\&quot;: 2533,\n        \&quot;programName\&quot;: \&quot;Assistant\&quot;,\n        \&quot;programDescription\&quot;: \&quot;Assistant\&quot;,\n        \&quot;online\&quot;: true\n    },\n    {\n        \&quot;programId\&quot;: 2534,\n        \&quot;programName\&quot;: \&quot;SDET\&quot;,\n        \&quot;programDescription\&quot;: \&quot;Postman, Selenium\&quot;,\n        \&quot;online\&quot;: true\n    },\n    {\n        \&quot;programId\&quot;: 7360,\n        \&quot;programName\&quot;: \&quot;Angular\&quot;,\n        \&quot;programDescription\&quot;: \&quot;Wwwwwwwwwwwwwwww\&quot;,\n        \&quot;online\&quot;: true\n    },\n    {\n        \&quot;programId\&quot;: 2538,\n        \&quot;programName\&quot;: \&quot;Assistantabc\&quot;,\n        \&quot;programDescription\&quot;: \&quot;Assistantabc\&quot;,\n        \&quot;online\&quot;: true\n    },\n    {\n        \&quot;programId\&quot;: 2539,\n        \&quot;programName\&quot;: \&quot;OK\&quot;,\n        \&quot;programDescription\&quot;: \&quot;OK\&quot;,\n        \&quot;online\&quot;: true\n    },\n    {\n        \&quot;programId\&quot;: 2540,\n        \&quot;programName\&quot;: \&quot;JAVA\&quot;,\n        \&quot;programDescription\&quot;: \&quot;JAVA Basics\&quot;,\n        \&quot;online\&quot;: true\n    },\n    {\n        \&quot;programId\&quot;: 2541,\n        \&quot;programName\&quot;: \&quot;JAVA\&quot;,\n        \&quot;programDescription\&quot;: \&quot;JAVA Basics\&quot;,\n        \&quot;online\&quot;: true\n    },\n    {\n        \&quot;programId\&quot;: 2542,\n        \&quot;programName\&quot;: \&quot;nonexisting program id\&quot;,\n        \&quot;programDescription\&quot;: \&quot;nonexisting program id\&quot;,\n        \&quot;online\&quot;: true\n    },\n    {\n        \&quot;programId\&quot;: 2544,\n        \&quot;programName\&quot;: \&quot;JAVA\&quot;,\n        \&quot;programDescription\&quot;: \&quot;JAVA Basics\&quot;,\n        \&quot;online\&quot;: true\n    },\n    {\n        \&quot;programId\&quot;: 2545,\n        \&quot;programName\&quot;: \&quot;JAVA\&quot;,\n        \&quot;programDescription\&quot;: \&quot;JAVA Basics\&quot;,\n        \&quot;online\&quot;: true\n    },\n    {\n        \&quot;programId\&quot;: 2546,\n        \&quot;programName\&quot;: \&quot;JAVA\&quot;,\n        \&quot;programDescription\&quot;: \&quot;JAVA Basics\&quot;,\n        \&quot;online\&quot;: true\n    },\n    {\n        \&quot;programId\&quot;: 2638,\n        \&quot;programName\&quot;: \&quot;Data science \&quot;,\n        \&quot;programDescription\&quot;: \&quot;SDET203\&quot;,\n        \&quot;online\&quot;: false\n    },\n    {\n        \&quot;programId\&quot;: 2639,\n        \&quot;programName\&quot;: \&quot;Java\&quot;,\n        \&quot;programDescription\&quot;: \&quot;Sdet180\&quot;,\n        \&quot;online\&quot;: false\n    },\n    {\n        \&quot;programId\&quot;: 2640,\n        \&quot;programName\&quot;: \&quot;Testing\&quot;,\n        \&quot;programDescription\&quot;: \&quot;\&quot;,\n        \&quot;online\&quot;: true\n    },\n    {\n        \&quot;programId\&quot;: 2641,\n        \&quot;programName\&quot;: \&quot;testing\&quot;,\n        \&quot;programDescription\&quot;: \&quot;testing\&quot;,\n        \&quot;online\&quot;: true\n    },\n    {\n        \&quot;programId\&quot;: 2642,\n        \&quot;programName\&quot;: \&quot;testing\&quot;,\n        \&quot;programDescription\&quot;: \&quot;testing\&quot;,\n        \&quot;online\&quot;: true\n    },\n    {\n        \&quot;programId\&quot;: 2643,\n        \&quot;programName\&quot;: \&quot;Testing\&quot;,\n        \&quot;programDescription\&quot;: \&quot;Testing\&quot;,\n        \&quot;online\&quot;: true\n    },\n    {\n        \&quot;programId\&quot;: 2547,\n        \&quot;programName\&quot;: \&quot;multiple digit testing\&quot;,\n        \&quot;programDescription\&quot;: \&quot;programId testing\&quot;,\n        \&quot;online\&quot;: true\n    },\n    {\n        \&quot;programId\&quot;: 2548,\n        \&quot;programName\&quot;: \&quot;multiple digit testing\&quot;,\n        \&quot;programDescription\&quot;: \&quot;programId testing\&quot;,\n        \&quot;online\&quot;: true\n    },\n    {\n        \&quot;programId\&quot;: 7361,\n        \&quot;programName\&quot;: \&quot;string\&quot;,\n        \&quot;programDescription\&quot;: \&quot;string\&quot;,\n        \&quot;online\&quot;: true\n    },\n    {\n        \&quot;programId\&quot;: 2549,\n        \&quot;programName\&quot;: \&quot;noprogdesc\&quot;,\n        \&quot;programDescription\&quot;: \&quot;\&quot;,\n        \&quot;online\&quot;: true\n    },\n    {\n        \&quot;programId\&quot;: 2550,\n        \&quot;programName\&quot;: \&quot;API Testing\&quot;,\n        \&quot;programDescription\&quot;: \&quot;E2E\&quot;,\n        \&quot;online\&quot;: true\n    },\n    {\n        \&quot;programId\&quot;: 2551,\n        \&quot;programName\&quot;: \&quot;Data Scientist\&quot;,\n        \&quot;programDescription\&quot;: \&quot;Postman, Selenium\&quot;,\n        \&quot;online\&quot;: true\n    },\n    {\n        \&quot;programId\&quot;: 2553,\n        \&quot;programName\&quot;: \&quot;string\&quot;,\n        \&quot;programDescription\&quot;: \&quot;string\&quot;,\n        \&quot;online\&quot;: true\n    },\n    {\n        \&quot;programId\&quot;: 2554,\n        \&quot;programName\&quot;: \&quot;string\&quot;,\n        \&quot;programDescription\&quot;: \&quot;string\&quot;,\n        \&quot;online\&quot;: true\n    },\n    {\n        \&quot;programId\&quot;: 2555,\n        \&quot;programName\&quot;: \&quot;post\&quot;,\n        \&quot;programDescription\&quot;: \&quot;entered with numbers\&quot;,\n        \&quot;online\&quot;: true\n    },\n    {\n        \&quot;programId\&quot;: 2556,\n        \&quot;programName\&quot;: \&quot;CPP\&quot;,\n        \&quot;programDescription\&quot;: \&quot;\&quot;,\n        \&quot;online\&quot;: true\n    },\n    {\n        \&quot;programId\&quot;: 2557,\n        \&quot;programName\&quot;: \&quot;CPP\&quot;,\n        \&quot;programDescription\&quot;: \&quot;\&quot;,\n        \&quot;online\&quot;: true\n    },\n    {\n        \&quot;programId\&quot;: 2558,\n        \&quot;programName\&quot;: \&quot;online filed testing\&quot;,\n        \&quot;programDescription\&quot;: \&quot;entered with numbers\&quot;,\n        \&quot;online\&quot;: true\n    },\n    {\n        \&quot;programId\&quot;: 2559,\n        \&quot;programName\&quot;: \&quot;post\&quot;,\n        \&quot;programDescription\&quot;: \&quot;null\&quot;,\n        \&quot;online\&quot;: true\n    },\n    {\n        \&quot;programId\&quot;: 2560,\n        \&quot;programName\&quot;: \&quot;CPP\&quot;,\n        \&quot;programDescription\&quot;: \&quot;\&quot;,\n        \&quot;online\&quot;: true\n    },\n    {\n        \&quot;programId\&quot;: 3789,\n        \&quot;programName\&quot;: \&quot;\\\&quot;Project Management\\\&quot;\&quot;,\n        \&quot;programDescription\&quot;: \&quot;\\\&quot;scrum master\\\&quot;\&quot;,\n        \&quot;online\&quot;: false\n    },\n    {\n        \&quot;programId\&quot;: 2565,\n        \&quot;programName\&quot;: \&quot;online field testing\&quot;,\n        \&quot;programDescription\&quot;: \&quot;entered with numbers\&quot;,\n        \&quot;online\&quot;: true\n    },\n    {\n        \&quot;programId\&quot;: 2566,\n        \&quot;programName\&quot;: \&quot;Data Scientist\&quot;,\n        \&quot;programDescription\&quot;: \&quot;Postman, Selenium\&quot;,\n        \&quot;online\&quot;: true\n    },\n    {\n        \&quot;programId\&quot;: 2567,\n        \&quot;programName\&quot;: \&quot;12454545484\&quot;,\n        \&quot;programDescription\&quot;: \&quot;Postman, Selenium\&quot;,\n        \&quot;online\&quot;: true\n    },\n    {\n        \&quot;programId\&quot;: 3835,\n        \&quot;programName\&quot;: \&quot;\\\&quot;Project Management\\\&quot;\&quot;,\n        \&quot;programDescription\&quot;: \&quot;\\\&quot;scrum master\\\&quot;\&quot;,\n        \&quot;online\&quot;: false\n    },\n    {\n        \&quot;programId\&quot;: 2645,\n        \&quot;programName\&quot;: \&quot;string\&quot;,\n        \&quot;programDescription\&quot;: \&quot;string\&quot;,\n        \&quot;online\&quot;: true\n    },\n    {\n        \&quot;programId\&quot;: 2646,\n        \&quot;programName\&quot;: \&quot;string\&quot;,\n        \&quot;programDescription\&quot;: \&quot;string\&quot;,\n        \&quot;online\&quot;: true\n    },\n    {\n        \&quot;programId\&quot;: 2570,\n        \&quot;programName\&quot;: \&quot;string\&quot;,\n        \&quot;programDescription\&quot;: \&quot;core Java\&quot;,\n        \&quot;online\&quot;: true\n    },\n    {\n        \&quot;programId\&quot;: 2591,\n        \&quot;programName\&quot;: \&quot;JAVA\&quot;,\n        \&quot;programDescription\&quot;: \&quot;SELENIUM Basics\&quot;,\n        \&quot;online\&quot;: true\n    },\n    {\n        \&quot;programId\&quot;: 3841,\n        \&quot;programName\&quot;: \&quot;Automation Testing\&quot;,\n        \&quot;programDescription\&quot;: \&quot;RestAssured\&quot;,\n        \&quot;online\&quot;: true\n    },\n    {\n        \&quot;programId\&quot;: 2571,\n        \&quot;programName\&quot;: \&quot;Testing\&quot;,\n        \&quot;programDescription\&quot;: \&quot;Testing\&quot;,\n        \&quot;online\&quot;: true\n    },\n    {\n        \&quot;programId\&quot;: 2578,\n        \&quot;programName\&quot;: \&quot;Computer Science Eng\&quot;,\n        \&quot;programDescription\&quot;: \&quot;CS44\&quot;,\n        \&quot;online\&quot;: true\n    },\n    {\n        \&quot;programId\&quot;: 2579,\n        \&quot;programName\&quot;: \&quot;Computer Science Eng\&quot;,\n        \&quot;programDescription\&quot;: \&quot;CS44\&quot;,\n        \&quot;online\&quot;: true\n    },\n    {\n        \&quot;programId\&quot;: 2580,\n        \&quot;programName\&quot;: \&quot;Computer Science Eng\&quot;,\n        \&quot;programDescription\&quot;: \&quot;CS44\&quot;,\n        \&quot;online\&quot;: true\n    },\n    {\n        \&quot;programId\&quot;: 2581,\n        \&quot;programName\&quot;: \&quot;Computer Science Eng\&quot;,\n        \&quot;programDescription\&quot;: \&quot;Testing\&quot;,\n        \&quot;online\&quot;: true\n    },\n    {\n        \&quot;programId\&quot;: 2582,\n        \&quot;programName\&quot;: \&quot;Testing\&quot;,\n        \&quot;programDescription\&quot;: \&quot;Testing\&quot;,\n        \&quot;online\&quot;: true\n    },\n    {\n        \&quot;programId\&quot;: 2583,\n        \&quot;programName\&quot;: \&quot;Testing Modified\&quot;,\n        \&quot;programDescription\&quot;: \&quot;Testing Modified\&quot;,\n        \&quot;online\&quot;: true\n    },\n    {\n        \&quot;programId\&quot;: 3880,\n        \&quot;programName\&quot;: \&quot;string\&quot;,\n        \&quot;programDescription\&quot;: \&quot;string\&quot;,\n        \&quot;online\&quot;: true\n    },\n    {\n        \&quot;programId\&quot;: 2585,\n        \&quot;programName\&quot;: \&quot;Testing modified from postman\&quot;,\n        \&quot;programDescription\&quot;: null,\n        \&quot;online\&quot;: true\n    },\n    {\n        \&quot;programId\&quot;: 7362,\n        \&quot;programName\&quot;: \&quot;string\&quot;,\n        \&quot;programDescription\&quot;: \&quot;string\&quot;,\n        \&quot;online\&quot;: true\n    },\n    {\n        \&quot;programId\&quot;: 2587,\n        \&quot;programName\&quot;: \&quot;Testing modified from postman\&quot;,\n        \&quot;programDescription\&quot;: null,\n        \&quot;online\&quot;: true\n    },\n    {\n        \&quot;programId\&quot;: 2588,\n        \&quot;programName\&quot;: \&quot;Testing modified from postman\&quot;,\n        \&quot;programDescription\&quot;: null,\n        \&quot;online\&quot;: true\n    },\n    {\n        \&quot;programId\&quot;: 3889,\n        \&quot;programName\&quot;: \&quot;asdfa\&quot;,\n        \&quot;programDescription\&quot;: \&quot;asfa\&quot;,\n        \&quot;online\&quot;: true\n    },\n    {\n        \&quot;programId\&quot;: 2590,\n        \&quot;programName\&quot;: \&quot;testing\&quot;,\n        \&quot;programDescription\&quot;: \&quot;testing\&quot;,\n        \&quot;online\&quot;: true\n    },\n    {\n        \&quot;programId\&quot;: 2592,\n        \&quot;programName\&quot;: \&quot;testing modified\&quot;,\n        \&quot;programDescription\&quot;: \&quot;testing modified\&quot;,\n        \&quot;online\&quot;: true\n    },\n    {\n        \&quot;programId\&quot;: 2593,\n        \&quot;programName\&quot;: \&quot;testing modified\&quot;,\n        \&quot;programDescription\&quot;: \&quot; testing modified\&quot;,\n        \&quot;online\&quot;: true\n    },\n    {\n        \&quot;programId\&quot;: 2594,\n        \&quot;programName\&quot;: \&quot;testing\&quot;,\n        \&quot;programDescription\&quot;: \&quot;testing\&quot;,\n        \&quot;online\&quot;: true\n    },\n    {\n        \&quot;programId\&quot;: 2595,\n        \&quot;programName\&quot;: \&quot;testing modified\&quot;,\n        \&quot;programDescription\&quot;: \&quot;Testing modified\&quot;,\n        \&quot;online\&quot;: true\n    },\n    {\n        \&quot;programId\&quot;: 2596,\n        \&quot;programName\&quot;: \&quot;testing \&quot;,\n        \&quot;programDescription\&quot;: \&quot;testing \&quot;,\n        \&quot;online\&quot;: true\n    },\n    {\n        \&quot;programId\&quot;: 2597,\n        \&quot;programName\&quot;: \&quot;online field testing\&quot;,\n        \&quot;programDescription\&quot;: \&quot;entered with numbers\&quot;,\n        \&quot;online\&quot;: true\n    },\n    {\n        \&quot;programId\&quot;: 2598,\n        \&quot;programName\&quot;: \&quot;postman \&quot;,\n        \&quot;programDescription\&quot;: \&quot;testing \&quot;,\n        \&quot;online\&quot;: true\n    },\n    {\n        \&quot;programId\&quot;: 2599,\n        \&quot;programName\&quot;: \&quot;testing\&quot;,\n        \&quot;programDescription\&quot;: \&quot;testing\&quot;,\n        \&quot;online\&quot;: true\n    },\n    {\n        \&quot;programId\&quot;: 2600,\n        \&quot;programName\&quot;: \&quot;testing modified\&quot;,\n        \&quot;programDescription\&quot;: \&quot;Testing modified\&quot;,\n        \&quot;online\&quot;: true\n    },\n    {\n        \&quot;programId\&quot;: 2601,\n        \&quot;programName\&quot;: \&quot;testing\&quot;,\n        \&quot;programDescription\&quot;: \&quot;testing\&quot;,\n        \&quot;online\&quot;: true\n    },\n    {\n        \&quot;programId\&quot;: 2602,\n        \&quot;programName\&quot;: \&quot;online field testing\&quot;,\n        \&quot;programDescription\&quot;: \&quot;entered with numbers\&quot;,\n        \&quot;online\&quot;: true\n    },\n    {\n        \&quot;programId\&quot;: 2603,\n        \&quot;programName\&quot;: \&quot;Testing\&quot;,\n        \&quot;programDescription\&quot;: \&quot;Testing\&quot;,\n        \&quot;online\&quot;: true\n    },\n    {\n        \&quot;programId\&quot;: 2604,\n        \&quot;programName\&quot;: \&quot;Testing\&quot;,\n        \&quot;programDescription\&quot;: \&quot;Testing\&quot;,\n        \&quot;online\&quot;: true\n    },\n    {\n        \&quot;programId\&quot;: 2605,\n        \&quot;programName\&quot;: \&quot;string\&quot;,\n        \&quot;programDescription\&quot;: \&quot;string\&quot;,\n        \&quot;online\&quot;: true\n    },\n    {\n        \&quot;programId\&quot;: 2606,\n        \&quot;programName\&quot;: \&quot;Testing\&quot;,\n        \&quot;programDescription\&quot;: \&quot;Testing\&quot;,\n        \&quot;online\&quot;: true\n    },\n    {\n        \&quot;programId\&quot;: 3890,\n        \&quot;programName\&quot;: \&quot;Contract testing\&quot;,\n        \&quot;programDescription\&quot;: \&quot;LMS API TESTING\&quot;,\n        \&quot;online\&quot;: true\n    },\n    {\n        \&quot;programId\&quot;: 2608,\n        \&quot;programName\&quot;: \&quot;Testing\&quot;,\n        \&quot;programDescription\&quot;: \&quot;Testing\&quot;,\n        \&quot;online\&quot;: true\n    },\n    {\n        \&quot;programId\&quot;: 3891,\n        \&quot;programName\&quot;: \&quot;asdfa\&quot;,\n        \&quot;programDescription\&quot;: \&quot;asfa\&quot;,\n        \&quot;online\&quot;: true\n    },\n    {\n        \&quot;programId\&quot;: 3892,\n        \&quot;programName\&quot;: \&quot;Contract testing\&quot;,\n        \&quot;programDescription\&quot;: \&quot;LMS API TESTING\&quot;,\n        \&quot;online\&quot;: true\n    },\n    {\n        \&quot;programId\&quot;: 2611,\n        \&quot;programName\&quot;: \&quot;Gayatri\&quot;,\n        \&quot;programDescription\&quot;: \&quot;Gayatri\&quot;,\n        \&quot;online\&quot;: true\n    },\n    {\n        \&quot;programId\&quot;: 2612,\n        \&quot;programName\&quot;: \&quot;Gayatri\&quot;,\n        \&quot;programDescription\&quot;: \&quot;\&quot;,\n        \&quot;online\&quot;: true\n    },\n    {\n        \&quot;programId\&quot;: 2613,\n        \&quot;programName\&quot;: \&quot;Testing\&quot;,\n        \&quot;programDescription\&quot;: \&quot;\&quot;,\n        \&quot;online\&quot;: true\n    },\n    {\n        \&quot;programId\&quot;: 2614,\n        \&quot;programName\&quot;: \&quot;testing\&quot;,\n        \&quot;programDescription\&quot;: \&quot;testing\&quot;,\n        \&quot;online\&quot;: true\n    },\n    {\n        \&quot;programId\&quot;: 2615,\n        \&quot;programName\&quot;: \&quot;Gayatri\&quot;,\n        \&quot;programDescription\&quot;: \&quot;\&quot;,\n        \&quot;online\&quot;: true\n    },\n    {\n        \&quot;programId\&quot;: 3893,\n        \&quot;programName\&quot;: \&quot;asdfa\&quot;,\n        \&quot;programDescription\&quot;: \&quot;asfa\&quot;,\n        \&quot;online\&quot;: true\n    },\n    {\n        \&quot;programId\&quot;: 2617,\n        \&quot;programName\&quot;: \&quot;testing modified\&quot;,\n        \&quot;programDescription\&quot;: \&quot;Testing modified\&quot;,\n        \&quot;online\&quot;: true\n    },\n    {\n        \&quot;programId\&quot;: 2543,\n        \&quot;programName\&quot;: \&quot;PYTHON \&quot;,\n        \&quot;programDescription\&quot;: null,\n        \&quot;online\&quot;: true\n    },\n    {\n        \&quot;programId\&quot;: 7363,\n        \&quot;programName\&quot;: \&quot;string\&quot;,\n        \&quot;programDescription\&quot;: \&quot;string\&quot;,\n        \&quot;online\&quot;: true\n    },\n    {\n        \&quot;programId\&quot;: 3894,\n        \&quot;programName\&quot;: \&quot;Contract testing\&quot;,\n        \&quot;programDescription\&quot;: \&quot;LMS API TESTING\&quot;,\n        \&quot;online\&quot;: true\n    },\n    {\n        \&quot;programId\&quot;: 2618,\n        \&quot;programName\&quot;: \&quot;Testing\&quot;,\n        \&quot;programDescription\&quot;: \&quot;\&quot;,\n        \&quot;online\&quot;: true\n    },\n    {\n        \&quot;programId\&quot;: 3895,\n        \&quot;programName\&quot;: \&quot;asdfa\&quot;,\n        \&quot;programDescription\&quot;: \&quot;asfa\&quot;,\n        \&quot;online\&quot;: true\n    },\n    {\n        \&quot;programId\&quot;: 7364,\n        \&quot;programName\&quot;: \&quot;testing\&quot;,\n        \&quot;programDescription\&quot;: \&quot;testing\&quot;,\n        \&quot;online\&quot;: true\n    },\n    {\n        \&quot;programId\&quot;: 2619,\n        \&quot;programName\&quot;: \&quot;Post\&quot;,\n        \&quot;programDescription\&quot;: \&quot;700\&quot;,\n        \&quot;online\&quot;: true\n    },\n    {\n        \&quot;programId\&quot;: 2620,\n        \&quot;programName\&quot;: \&quot;Testing modified\&quot;,\n        \&quot;programDescription\&quot;: \&quot;Testing modified\&quot;,\n        \&quot;online\&quot;: true\n    },\n    {\n        \&quot;programId\&quot;: 2621,\n        \&quot;programName\&quot;: \&quot;$ Testing modified\&quot;,\n        \&quot;programDescription\&quot;: \&quot;Testing modified\&quot;,\n        \&quot;online\&quot;: true\n    },\n    {\n        \&quot;programId\&quot;: 2622,\n        \&quot;programName\&quot;: \&quot;$ Testing modified\&quot;,\n        \&quot;programDescription\&quot;: \&quot;Testing modified\&quot;,\n        \&quot;online\&quot;: true\n    },\n    {\n        \&quot;programId\&quot;: 2623,\n        \&quot;programName\&quot;: \&quot;$ Testing modified\&quot;,\n        \&quot;programDescription\&quot;: \&quot;12\&quot;,\n        \&quot;online\&quot;: true\n    },\n    {\n        \&quot;programId\&quot;: 2624,\n        \&quot;programName\&quot;: \&quot;$ Testing modified\&quot;,\n        \&quot;programDescription\&quot;: \&quot;dff12\&quot;,\n        \&quot;online\&quot;: true\n    },\n    {\n        \&quot;programId\&quot;: 2625,\n        \&quot;programName\&quot;: \&quot;.988\&quot;,\n        \&quot;programDescription\&quot;: \&quot;dff12\&quot;,\n        \&quot;online\&quot;: true\n    },\n    {\n        \&quot;programId\&quot;: 2626,\n        \&quot;programName\&quot;: \&quot;string\&quot;,\n        \&quot;programDescription\&quot;: \&quot;string\&quot;,\n        \&quot;online\&quot;: true\n    },\n    {\n        \&quot;programId\&quot;: 2627,\n        \&quot;programName\&quot;: \&quot;string\&quot;,\n        \&quot;programDescription\&quot;: \&quot;string\&quot;,\n        \&quot;online\&quot;: true\n    },\n    {\n        \&quot;programId\&quot;: 2628,\n        \&quot;programName\&quot;: \&quot;string\&quot;,\n        \&quot;programDescription\&quot;: \&quot;string\&quot;,\n        \&quot;online\&quot;: true\n    },\n    {\n        \&quot;programId\&quot;: 2630,\n        \&quot;programName\&quot;: \&quot;.234\&quot;,\n        \&quot;programDescription\&quot;: \&quot;:\&quot;,\n        \&quot;online\&quot;: true\n    },\n    {\n        \&quot;programId\&quot;: 2633,\n        \&quot;programName\&quot;: \&quot;Java\&quot;,\n        \&quot;programDescription\&quot;: \&quot;Sdet180\&quot;,\n        \&quot;online\&quot;: false\n    },\n    {\n        \&quot;programId\&quot;: 2634,\n        \&quot;programName\&quot;: \&quot;Data science \&quot;,\n        \&quot;programDescription\&quot;: \&quot;SDET203\&quot;,\n        \&quot;online\&quot;: false\n    },\n    {\n        \&quot;programId\&quot;: 2635,\n        \&quot;programName\&quot;: \&quot;Java\&quot;,\n        \&quot;programDescription\&quot;: \&quot;Sdet180\&quot;,\n        \&quot;online\&quot;: false\n    },\n    {\n        \&quot;programId\&quot;: 2636,\n        \&quot;programName\&quot;: \&quot;Data science \&quot;,\n        \&quot;programDescription\&quot;: \&quot;SDET203\&quot;,\n        \&quot;online\&quot;: false\n    },\n    {\n        \&quot;programId\&quot;: 2637,\n        \&quot;programName\&quot;: \&quot;Java\&quot;,\n        \&quot;programDescription\&quot;: \&quot;Sdet180\&quot;,\n        \&quot;online\&quot;: false\n    },\n    {\n        \&quot;programId\&quot;: 2680,\n        \&quot;programName\&quot;: \&quot;JAVA 280 for testing\&quot;,\n        \&quot;programDescription\&quot;: \&quot;JAVA 280 for testing by lavisha\&quot;,\n        \&quot;online\&quot;: false\n    },\n    {\n        \&quot;programId\&quot;: 2681,\n        \&quot;programName\&quot;: \&quot;C++ programming\&quot;,\n        \&quot;programDescription\&quot;: \&quot;Programming language \&quot;,\n        \&quot;online\&quot;: false\n    },\n    {\n        \&quot;programId\&quot;: 2682,\n        \&quot;programName\&quot;: \&quot;Python with selenium\&quot;,\n        \&quot;programDescription\&quot;: \&quot;Testing \&quot;,\n        \&quot;online\&quot;: false\n    },\n    {\n        \&quot;programId\&quot;: 2683,\n        \&quot;programName\&quot;: \&quot;Ruby with selenium\&quot;,\n        \&quot;programDescription\&quot;: \&quot;Testing using ruby language\&quot;,\n        \&quot;online\&quot;: false\n    },\n    {\n        \&quot;programId\&quot;: 2684,\n        \&quot;programName\&quot;: \&quot;Pearl with selenium\&quot;,\n        \&quot;programDescription\&quot;: \&quot;Testing using pearl language\&quot;,\n        \&quot;online\&quot;: false\n    },\n    {\n        \&quot;programId\&quot;: 2685,\n        \&quot;programName\&quot;: \&quot;.Net with selenium\&quot;,\n        \&quot;programDescription\&quot;: \&quot;Testing using .net language\&quot;,\n        \&quot;online\&quot;: false\n    },\n    {\n        \&quot;programId\&quot;: 2686,\n        \&quot;programName\&quot;: \&quot;JAVA 280 for testing\&quot;,\n        \&quot;programDescription\&quot;: \&quot;JAVA 280 for testing by lavisha\&quot;,\n        \&quot;online\&quot;: false\n    },\n    {\n        \&quot;programId\&quot;: 2687,\n        \&quot;programName\&quot;: \&quot;C++ programming\&quot;,\n        \&quot;programDescription\&quot;: \&quot;Programming language \&quot;,\n        \&quot;online\&quot;: false\n    },\n    {\n        \&quot;programId\&quot;: 2688,\n        \&quot;programName\&quot;: \&quot;Python with selenium\&quot;,\n        \&quot;programDescription\&quot;: \&quot;Testing \&quot;,\n        \&quot;online\&quot;: false\n    },\n    {\n        \&quot;programId\&quot;: 2689,\n        \&quot;programName\&quot;: \&quot;Ruby with selenium\&quot;,\n        \&quot;programDescription\&quot;: \&quot;Testing using ruby language\&quot;,\n        \&quot;online\&quot;: false\n    },\n    {\n        \&quot;programId\&quot;: 2690,\n        \&quot;programName\&quot;: \&quot;Pearl with selenium\&quot;,\n        \&quot;programDescription\&quot;: \&quot;Testing using pearl language\&quot;,\n        \&quot;online\&quot;: false\n    },\n    {\n        \&quot;programId\&quot;: 2691,\n        \&quot;programName\&quot;: \&quot;.Net with selenium\&quot;,\n        \&quot;programDescription\&quot;: \&quot;Testing using .net language\&quot;,\n        \&quot;online\&quot;: false\n    },\n    {\n        \&quot;programId\&quot;: 2692,\n        \&quot;programName\&quot;: \&quot;JAVA 280 for testing\&quot;,\n        \&quot;programDescription\&quot;: \&quot;JAVA 280 for testing by lavisha\&quot;,\n        \&quot;online\&quot;: false\n    },\n    {\n        \&quot;programId\&quot;: 2693,\n        \&quot;programName\&quot;: \&quot;JAVA 280 for testing\&quot;,\n        \&quot;programDescription\&quot;: \&quot;JAVA 280 for testing by lavisha\&quot;,\n        \&quot;online\&quot;: false\n    },\n    {\n        \&quot;programId\&quot;: 2694,\n        \&quot;programName\&quot;: \&quot;JAVA 280 for testing\&quot;,\n        \&quot;programDescription\&quot;: \&quot;JAVA 280 for testing by lavisha\&quot;,\n        \&quot;online\&quot;: false\n    },\n    {\n        \&quot;programId\&quot;: 2695,\n        \&quot;programName\&quot;: \&quot;JAVA 280 for testing\&quot;,\n        \&quot;programDescription\&quot;: \&quot;JAVA 280 for testing by lavisha\&quot;,\n        \&quot;online\&quot;: false\n    },\n    {\n        \&quot;programId\&quot;: 2696,\n        \&quot;programName\&quot;: \&quot;JAVA 280 for testing\&quot;,\n        \&quot;programDescription\&quot;: \&quot;JAVA 280 for testing by lavisha\&quot;,\n        \&quot;online\&quot;: false\n    },\n    {\n        \&quot;programId\&quot;: 2697,\n        \&quot;programName\&quot;: \&quot;JAVA 280 for testing\&quot;,\n        \&quot;programDescription\&quot;: \&quot;JAVA 280 for testing by lavisha\&quot;,\n        \&quot;online\&quot;: false\n    },\n    {\n        \&quot;programId\&quot;: 2698,\n        \&quot;programName\&quot;: \&quot;JAVA 280 for testing\&quot;,\n        \&quot;programDescription\&quot;: \&quot;JAVA 280 for testing by lavisha\&quot;,\n        \&quot;online\&quot;: false\n    },\n    {\n        \&quot;programId\&quot;: 3790,\n        \&quot;programName\&quot;: \&quot;online field testing\&quot;,\n        \&quot;programDescription\&quot;: \&quot;entered with numbers\&quot;,\n        \&quot;online\&quot;: true\n    },\n    {\n        \&quot;programId\&quot;: 2700,\n        \&quot;programName\&quot;: \&quot;Data science \&quot;,\n        \&quot;programDescription\&quot;: \&quot;SDET203\&quot;,\n        \&quot;online\&quot;: false\n    },\n    {\n        \&quot;programId\&quot;: 2701,\n        \&quot;programName\&quot;: \&quot;Java\&quot;,\n        \&quot;programDescription\&quot;: \&quot;Sdet180\&quot;,\n        \&quot;online\&quot;: false\n    },\n    {\n        \&quot;programId\&quot;: 2702,\n        \&quot;programName\&quot;: \&quot;Data science \&quot;,\n        \&quot;programDescription\&quot;: \&quot;SDET203\&quot;,\n        \&quot;online\&quot;: false\n    },\n    {\n        \&quot;programId\&quot;: 2703,\n        \&quot;programName\&quot;: \&quot;Java\&quot;,\n        \&quot;programDescription\&quot;: \&quot;Sdet180\&quot;,\n        \&quot;online\&quot;: false\n    },\n    {\n        \&quot;programId\&quot;: 3842,\n        \&quot;programName\&quot;: \&quot;Python programming\&quot;,\n        \&quot;programDescription\&quot;: \&quot;Learn Python\&quot;,\n        \&quot;online\&quot;: false\n    },\n    {\n        \&quot;programId\&quot;: 2705,\n        \&quot;programName\&quot;: \&quot;Software Development in Test\&quot;,\n        \&quot;programDescription\&quot;: \&quot;SDET102\&quot;,\n        \&quot;online\&quot;: true\n    },\n    {\n        \&quot;programId\&quot;: 2706,\n        \&quot;programName\&quot;: \&quot;Data Science\&quot;,\n        \&quot;programDescription\&quot;: \&quot;DS102\&quot;,\n        \&quot;online\&quot;: true\n    },\n    {\n        \&quot;programId\&quot;: 2707,\n        \&quot;programName\&quot;: \&quot;Software Development in Test\&quot;,\n        \&quot;programDescription\&quot;: \&quot;SDET202\&quot;,\n        \&quot;online\&quot;: true\n    },\n    {\n        \&quot;programId\&quot;: 2708,\n        \&quot;programName\&quot;: \&quot;Data Science\&quot;,\n        \&quot;programDescription\&quot;: \&quot;DS202\&quot;,\n        \&quot;online\&quot;: true\n    },\n    {\n        \&quot;programId\&quot;: 2726,\n        \&quot;programName\&quot;: \&quot;java\&quot;,\n        \&quot;programDescription\&quot;: \&quot;sdet45\&quot;,\n        \&quot;online\&quot;: false\n    },\n    {\n        \&quot;programId\&quot;: 2727,\n        \&quot;programName\&quot;: \&quot;c++\&quot;,\n        \&quot;programDescription\&quot;: \&quot;sdet12\&quot;,\n        \&quot;online\&quot;: false\n    },\n    {\n        \&quot;programId\&quot;: 2728,\n        \&quot;programName\&quot;: \&quot;Software Development in Test\&quot;,\n        \&quot;programDescription\&quot;: \&quot;SDET102\&quot;,\n        \&quot;online\&quot;: true\n    },\n    {\n        \&quot;programId\&quot;: 2729,\n        \&quot;programName\&quot;: \&quot;Data Science\&quot;,\n        \&quot;programDescription\&quot;: \&quot;DS102\&quot;,\n        \&quot;online\&quot;: true\n    },\n    {\n        \&quot;programId\&quot;: 2730,\n        \&quot;programName\&quot;: \&quot;Software Development in Test\&quot;,\n        \&quot;programDescription\&quot;: \&quot;SDET202\&quot;,\n        \&quot;online\&quot;: true\n    },\n    {\n        \&quot;programId\&quot;: 2731,\n        \&quot;programName\&quot;: \&quot;Data Science\&quot;,\n        \&quot;programDescription\&quot;: \&quot;DS202\&quot;,\n        \&quot;online\&quot;: true\n    },\n    {\n        \&quot;programId\&quot;: 2732,\n        \&quot;programName\&quot;: \&quot;Software Development in Test\&quot;,\n        \&quot;programDescription\&quot;: \&quot;SDET102\&quot;,\n        \&quot;online\&quot;: true\n    },\n    {\n        \&quot;programId\&quot;: 2733,\n        \&quot;programName\&quot;: \&quot;Data Science\&quot;,\n        \&quot;programDescription\&quot;: \&quot;DS102\&quot;,\n        \&quot;online\&quot;: true\n    },\n    {\n        \&quot;programId\&quot;: 2734,\n        \&quot;programName\&quot;: \&quot;Software Development in Test\&quot;,\n        \&quot;programDescription\&quot;: \&quot;SDET202\&quot;,\n        \&quot;online\&quot;: true\n    },\n    {\n        \&quot;programId\&quot;: 2735,\n        \&quot;programName\&quot;: \&quot;Data Science\&quot;,\n        \&quot;programDescription\&quot;: \&quot;DS202\&quot;,\n        \&quot;online\&quot;: true\n    },\n    {\n        \&quot;programId\&quot;: 9237,\n        \&quot;programName\&quot;: \&quot;Testing\&quot;,\n        \&quot;programDescription\&quot;: \&quot;Testing\&quot;,\n        \&quot;online\&quot;: true\n    },\n    {\n        \&quot;programId\&quot;: 2737,\n        \&quot;programName\&quot;: \&quot;c++\&quot;,\n        \&quot;programDescription\&quot;: \&quot;sdet12\&quot;,\n        \&quot;online\&quot;: true\n    },\n    {\n        \&quot;programId\&quot;: 2738,\n        \&quot;programName\&quot;: \&quot;JAVA 280 for testing\&quot;,\n        \&quot;programDescription\&quot;: \&quot;JAVA 280 for testing by lavisha\&quot;,\n        \&quot;online\&quot;: false\n    },\n    {\n        \&quot;programId\&quot;: 2739,\n        \&quot;programName\&quot;: \&quot;JAVA 280 for testing\&quot;,\n        \&quot;programDescription\&quot;: \&quot;JAVA 280 for testing by lavisha\&quot;,\n        \&quot;online\&quot;: false\n    },\n    {\n        \&quot;programId\&quot;: 2740,\n        \&quot;programName\&quot;: \&quot;C++ programming\&quot;,\n        \&quot;programDescription\&quot;: \&quot;Programming language \&quot;,\n        \&quot;online\&quot;: false\n    },\n    {\n        \&quot;programId\&quot;: 2741,\n        \&quot;programName\&quot;: \&quot;Python with selenium\&quot;,\n        \&quot;programDescription\&quot;: \&quot;Testing \&quot;,\n        \&quot;online\&quot;: false\n    },\n    {\n        \&quot;programId\&quot;: 2742,\n        \&quot;programName\&quot;: \&quot;Ruby with selenium\&quot;,\n        \&quot;programDescription\&quot;: \&quot;Testing using ruby language\&quot;,\n        \&quot;online\&quot;: false\n    },\n    {\n        \&quot;programId\&quot;: 2743,\n        \&quot;programName\&quot;: \&quot;Pearl with selenium\&quot;,\n        \&quot;programDescription\&quot;: \&quot;Testing using pearl language\&quot;,\n        \&quot;online\&quot;: false\n    },\n    {\n        \&quot;programId\&quot;: 2744,\n        \&quot;programName\&quot;: \&quot;.Net with selenium\&quot;,\n        \&quot;programDescription\&quot;: \&quot;Testing using .net language\&quot;,\n        \&quot;online\&quot;: false\n    },\n    {\n        \&quot;programId\&quot;: 2745,\n        \&quot;programName\&quot;: \&quot;JAVA 280 for testing\&quot;,\n        \&quot;programDescription\&quot;: \&quot;JAVA 280 for testing by lavisha\&quot;,\n        \&quot;online\&quot;: false\n    },\n    {\n        \&quot;programId\&quot;: 2746,\n        \&quot;programName\&quot;: \&quot;C++ programming\&quot;,\n        \&quot;programDescription\&quot;: \&quot;Programming language \&quot;,\n        \&quot;online\&quot;: false\n    },\n    {\n        \&quot;programId\&quot;: 2747,\n        \&quot;programName\&quot;: \&quot;Python with selenium\&quot;,\n        \&quot;programDescription\&quot;: \&quot;Testing \&quot;,\n        \&quot;online\&quot;: false\n    },\n    {\n        \&quot;programId\&quot;: 2748,\n        \&quot;programName\&quot;: \&quot;Ruby with selenium\&quot;,\n        \&quot;programDescription\&quot;: \&quot;Testing using ruby language\&quot;,\n        \&quot;online\&quot;: false\n    },\n    {\n        \&quot;programId\&quot;: 2749,\n        \&quot;programName\&quot;: \&quot;Pearl with selenium\&quot;,\n        \&quot;programDescription\&quot;: \&quot;Testing using pearl language\&quot;,\n        \&quot;online\&quot;: false\n    },\n    {\n        \&quot;programId\&quot;: 2750,\n        \&quot;programName\&quot;: \&quot;.Net with selenium\&quot;,\n        \&quot;programDescription\&quot;: \&quot;Testing using .net language\&quot;,\n        \&quot;online\&quot;: false\n    },\n    {\n        \&quot;programId\&quot;: 2751,\n        \&quot;programName\&quot;: \&quot;JAVA 280 for testing\&quot;,\n        \&quot;programDescription\&quot;: \&quot;JAVA 280 for testing by lavisha\&quot;,\n        \&quot;online\&quot;: false\n    },\n    {\n        \&quot;programId\&quot;: 2752,\n        \&quot;programName\&quot;: \&quot;C++ programming\&quot;,\n        \&quot;programDescription\&quot;: \&quot;Programming language \&quot;,\n        \&quot;online\&quot;: false\n    },\n    {\n        \&quot;programId\&quot;: 2753,\n        \&quot;programName\&quot;: \&quot;Python with selenium\&quot;,\n        \&quot;programDescription\&quot;: \&quot;Testing \&quot;,\n        \&quot;online\&quot;: false\n    },\n    {\n        \&quot;programId\&quot;: 2754,\n        \&quot;programName\&quot;: \&quot;Ruby with selenium\&quot;,\n        \&quot;programDescription\&quot;: \&quot;Testing using ruby language\&quot;,\n        \&quot;online\&quot;: false\n    },\n    {\n        \&quot;programId\&quot;: 2755,\n        \&quot;programName\&quot;: \&quot;Pearl with selenium\&quot;,\n        \&quot;programDescription\&quot;: \&quot;Testing using pearl language\&quot;,\n        \&quot;online\&quot;: false\n    },\n    {\n        \&quot;programId\&quot;: 2756,\n        \&quot;programName\&quot;: \&quot;.Net with selenium\&quot;,\n        \&quot;programDescription\&quot;: \&quot;Testing using .net language\&quot;,\n        \&quot;online\&quot;: false\n    },\n    {\n        \&quot;programId\&quot;: 2757,\n        \&quot;programName\&quot;: \&quot;JAVA 280 for testing\&quot;,\n        \&quot;programDescription\&quot;: \&quot;JAVA 280 for testing by lavisha\&quot;,\n        \&quot;online\&quot;: false\n    },\n    {\n        \&quot;programId\&quot;: 2758,\n        \&quot;programName\&quot;: \&quot;C++ programming\&quot;,\n        \&quot;programDescription\&quot;: \&quot;Programming language \&quot;,\n        \&quot;online\&quot;: false\n    },\n    {\n        \&quot;programId\&quot;: 2759,\n        \&quot;programName\&quot;: \&quot;Python with selenium\&quot;,\n        \&quot;programDescription\&quot;: \&quot;Testing \&quot;,\n        \&quot;online\&quot;: false\n    },\n    {\n        \&quot;programId\&quot;: 2760,\n        \&quot;programName\&quot;: \&quot;Ruby with selenium\&quot;,\n        \&quot;programDescription\&quot;: \&quot;Testing using ruby language\&quot;,\n        \&quot;online\&quot;: false\n    },\n    {\n        \&quot;programId\&quot;: 2761,\n        \&quot;programName\&quot;: \&quot;Pearl with selenium\&quot;,\n        \&quot;programDescription\&quot;: \&quot;Testing using pearl language\&quot;,\n        \&quot;online\&quot;: false\n    },\n    {\n        \&quot;programId\&quot;: 2762,\n        \&quot;programName\&quot;: \&quot;.Net with selenium\&quot;,\n        \&quot;programDescription\&quot;: \&quot;Testing using .net language\&quot;,\n        \&quot;online\&quot;: false\n    },\n    {\n        \&quot;programId\&quot;: 2763,\n        \&quot;programName\&quot;: \&quot;JAVA 280 for testing\&quot;,\n        \&quot;programDescription\&quot;: \&quot;JAVA 280 for testing by lavisha\&quot;,\n        \&quot;online\&quot;: false\n    },\n    {\n        \&quot;programId\&quot;: 2764,\n        \&quot;programName\&quot;: \&quot;C++ programming\&quot;,\n        \&quot;programDescription\&quot;: \&quot;Programming language \&quot;,\n        \&quot;online\&quot;: false\n    },\n    {\n        \&quot;programId\&quot;: 2765,\n        \&quot;programName\&quot;: \&quot;Python with selenium\&quot;,\n        \&quot;programDescription\&quot;: \&quot;Testing \&quot;,\n        \&quot;online\&quot;: false\n    },\n    {\n        \&quot;programId\&quot;: 2766,\n        \&quot;programName\&quot;: \&quot;Ruby with selenium\&quot;,\n        \&quot;programDescription\&quot;: \&quot;Testing using ruby language\&quot;,\n        \&quot;online\&quot;: false\n    },\n    {\n        \&quot;programId\&quot;: 2767,\n        \&quot;programName\&quot;: \&quot;Pearl with selenium\&quot;,\n        \&quot;programDescription\&quot;: \&quot;Testing using pearl language\&quot;,\n        \&quot;online\&quot;: false\n    },\n    {\n        \&quot;programId\&quot;: 2768,\n        \&quot;programName\&quot;: \&quot;.Net with selenium\&quot;,\n        \&quot;programDescription\&quot;: \&quot;Testing using .net language\&quot;,\n        \&quot;online\&quot;: false\n    },\n    {\n        \&quot;programId\&quot;: 2769,\n        \&quot;programName\&quot;: \&quot;java\&quot;,\n        \&quot;programDescription\&quot;: \&quot;sdet45\&quot;,\n        \&quot;online\&quot;: true\n    },\n    {\n        \&quot;programId\&quot;: 2772,\n        \&quot;programName\&quot;: \&quot;c++\&quot;,\n        \&quot;programDescription\&quot;: \&quot;sdet12\&quot;,\n        \&quot;online\&quot;: true\n    },\n    {\n        \&quot;programId\&quot;: 2773,\n        \&quot;programName\&quot;: \&quot;java\&quot;,\n        \&quot;programDescription\&quot;: \&quot;sdet45\&quot;,\n        \&quot;online\&quot;: true\n    },\n    {\n        \&quot;programId\&quot;: 2774,\n        \&quot;programName\&quot;: \&quot;c++\&quot;,\n        \&quot;programDescription\&quot;: \&quot;sdet12\&quot;,\n        \&quot;online\&quot;: true\n    },\n    {\n        \&quot;programId\&quot;: 2776,\n        \&quot;programName\&quot;: \&quot;java\&quot;,\n        \&quot;programDescription\&quot;: \&quot;sdet45\&quot;,\n        \&quot;online\&quot;: true\n    },\n    {\n        \&quot;programId\&quot;: 2777,\n        \&quot;programName\&quot;: \&quot;java\&quot;,\n        \&quot;programDescription\&quot;: \&quot;sdet45\&quot;,\n        \&quot;online\&quot;: true\n    },\n    {\n        \&quot;programId\&quot;: 2778,\n        \&quot;programName\&quot;: \&quot;c++\&quot;,\n        \&quot;programDescription\&quot;: \&quot;sdet12\&quot;,\n        \&quot;online\&quot;: true\n    },\n    {\n        \&quot;programId\&quot;: 2780,\n        \&quot;programName\&quot;: \&quot;java\&quot;,\n        \&quot;programDescription\&quot;: \&quot;sdet45\&quot;,\n        \&quot;online\&quot;: true\n    },\n    {\n        \&quot;programId\&quot;: 2781,\n        \&quot;programName\&quot;: \&quot;c++\&quot;,\n        \&quot;programDescription\&quot;: \&quot;sdet12\&quot;,\n        \&quot;online\&quot;: true\n    },\n    {\n        \&quot;programId\&quot;: 2783,\n        \&quot;programName\&quot;: \&quot;java\&quot;,\n        \&quot;programDescription\&quot;: \&quot;sdet45\&quot;,\n        \&quot;online\&quot;: true\n    },\n    {\n        \&quot;programId\&quot;: 2784,\n        \&quot;programName\&quot;: \&quot;c++\&quot;,\n        \&quot;programDescription\&quot;: \&quot;sdet12\&quot;,\n        \&quot;online\&quot;: true\n    },\n    {\n        \&quot;programId\&quot;: 2785,\n        \&quot;programName\&quot;: \&quot;java version 2\&quot;,\n        \&quot;programDescription\&quot;: \&quot;sdet46\&quot;,\n        \&quot;online\&quot;: true\n    },\n    {\n        \&quot;programId\&quot;: 2787,\n        \&quot;programName\&quot;: \&quot;Java\&quot;,\n        \&quot;programDescription\&quot;: \&quot;Returnship\&quot;,\n        \&quot;online\&quot;: true\n    },\n    {\n        \&quot;programId\&quot;: 2788,\n        \&quot;programName\&quot;: \&quot;Java\&quot;,\n        \&quot;programDescription\&quot;: \&quot;Returnship\&quot;,\n        \&quot;online\&quot;: true\n    },\n    {\n        \&quot;programId\&quot;: 2789,\n        \&quot;programName\&quot;: \&quot;Retrunship\&quot;,\n        \&quot;programDescription\&quot;: \&quot;Java Dev\&quot;,\n        \&quot;online\&quot;: true\n    },\n    {\n        \&quot;programId\&quot;: 2790,\n        \&quot;programName\&quot;: \&quot;Java\&quot;,\n        \&quot;programDescription\&quot;: \&quot;Returnship\&quot;,\n        \&quot;online\&quot;: true\n    },\n    {\n        \&quot;programId\&quot;: 2791,\n        \&quot;programName\&quot;: \&quot;java\&quot;,\n        \&quot;programDescription\&quot;: \&quot;sdet45\&quot;,\n        \&quot;online\&quot;: true\n    },\n    {\n        \&quot;programId\&quot;: 2770,\n        \&quot;programName\&quot;: \&quot;java version 2\&quot;,\n        \&quot;programDescription\&quot;: \&quot;sdet39\&quot;,\n        \&quot;online\&quot;: true\n    },\n    {\n        \&quot;programId\&quot;: 2792,\n        \&quot;programName\&quot;: \&quot;AutomationTesting\&quot;,\n        \&quot;programDescription\&quot;: \&quot;Freshers\&quot;,\n        \&quot;online\&quot;: false\n    },\n    {\n        \&quot;programId\&quot;: 2794,\n        \&quot;programName\&quot;: \&quot;JAVA 280 for testing\&quot;,\n        \&quot;programDescription\&quot;: \&quot;JAVA 280 for testing by lavisha\&quot;,\n        \&quot;online\&quot;: false\n    },\n    {\n        \&quot;programId\&quot;: 2795,\n        \&quot;programName\&quot;: \&quot;C++ programming\&quot;,\n        \&quot;programDescription\&quot;: \&quot;Programming language \&quot;,\n        \&quot;online\&quot;: false\n    },\n    {\n        \&quot;programId\&quot;: 2796,\n        \&quot;programName\&quot;: \&quot;Python with selenium\&quot;,\n        \&quot;programDescription\&quot;: \&quot;Testing \&quot;,\n        \&quot;online\&quot;: false\n    },\n    {\n        \&quot;programId\&quot;: 2797,\n        \&quot;programName\&quot;: \&quot;Ruby with selenium\&quot;,\n        \&quot;programDescription\&quot;: \&quot;Testing using ruby language\&quot;,\n        \&quot;online\&quot;: false\n    },\n    {\n        \&quot;programId\&quot;: 2798,\n        \&quot;programName\&quot;: \&quot;Pearl with selenium\&quot;,\n        \&quot;programDescription\&quot;: \&quot;Testing using pearl language\&quot;,\n        \&quot;online\&quot;: false\n    },\n    {\n        \&quot;programId\&quot;: 2799,\n        \&quot;programName\&quot;: \&quot;.Net with selenium\&quot;,\n        \&quot;programDescription\&quot;: \&quot;Testing using .net language\&quot;,\n        \&quot;online\&quot;: false\n    },\n    {\n        \&quot;programId\&quot;: 2801,\n        \&quot;programName\&quot;: \&quot;C++ programming\&quot;,\n        \&quot;programDescription\&quot;: \&quot;Programming language \&quot;,\n        \&quot;online\&quot;: false\n    },\n    {\n        \&quot;programId\&quot;: 2802,\n        \&quot;programName\&quot;: \&quot;C++ programming is Modified Now\&quot;,\n        \&quot;programDescription\&quot;: \&quot;Programming language \&quot;,\n        \&quot;online\&quot;: false\n    },\n    {\n        \&quot;programId\&quot;: 3843,\n        \&quot;programName\&quot;: \&quot;Python programming Modified\&quot;,\n        \&quot;programDescription\&quot;: \&quot;Learn Python Modified\&quot;,\n        \&quot;online\&quot;: false\n    },\n    {\n        \&quot;programId\&quot;: 3844,\n        \&quot;programName\&quot;: \&quot;API testing\&quot;,\n        \&quot;programDescription\&quot;: \&quot;Testing using Postman \&quot;,\n        \&quot;online\&quot;: false\n    },\n    {\n        \&quot;programId\&quot;: 2806,\n        \&quot;programName\&quot;: \&quot;C++ programming\&quot;,\n        \&quot;programDescription\&quot;: \&quot;Programming language \&quot;,\n        \&quot;online\&quot;: false\n    },\n    {\n        \&quot;programId\&quot;: 2807,\n        \&quot;programName\&quot;: \&quot;C++ programming is Modified Now\&quot;,\n        \&quot;programDescription\&quot;: \&quot;Programming language \&quot;,\n        \&quot;online\&quot;: false\n    },\n    {\n        \&quot;programId\&quot;: 2809,\n        \&quot;programName\&quot;: \&quot;JAVA 280 for testing\&quot;,\n        \&quot;programDescription\&quot;: \&quot;JAVA 280 for testing by lavisha\&quot;,\n        \&quot;online\&quot;: false\n    },\n    {\n        \&quot;programId\&quot;: 2810,\n        \&quot;programName\&quot;: \&quot;C++ programming\&quot;,\n        \&quot;programDescription\&quot;: \&quot;Programming language \&quot;,\n        \&quot;online\&quot;: false\n    },\n    {\n        \&quot;programId\&quot;: 2811,\n        \&quot;programName\&quot;: \&quot;Python with selenium\&quot;,\n        \&quot;programDescription\&quot;: \&quot;Testing \&quot;,\n        \&quot;online\&quot;: false\n    },\n    {\n        \&quot;programId\&quot;: 2812,\n        \&quot;programName\&quot;: \&quot;Ruby with selenium\&quot;,\n        \&quot;programDescription\&quot;: \&quot;Testing using ruby language\&quot;,\n        \&quot;online\&quot;: false\n    },\n    {\n        \&quot;programId\&quot;: 2813,\n        \&quot;programName\&quot;: \&quot;Pearl with selenium\&quot;,\n        \&quot;programDescription\&quot;: \&quot;Testing using pearl language\&quot;,\n        \&quot;online\&quot;: false\n    },\n    {\n        \&quot;programId\&quot;: 2814,\n        \&quot;programName\&quot;: \&quot;.Net with selenium\&quot;,\n        \&quot;programDescription\&quot;: \&quot;Testing using .net language\&quot;,\n        \&quot;online\&quot;: false\n    },\n    {\n        \&quot;programId\&quot;: 2815,\n        \&quot;programName\&quot;: \&quot;JAVA 280 for testing\&quot;,\n        \&quot;programDescription\&quot;: \&quot;JAVA 280 for testing by lavisha\&quot;,\n        \&quot;online\&quot;: false\n    },\n    {\n        \&quot;programId\&quot;: 2816,\n        \&quot;programName\&quot;: \&quot;C++ programming\&quot;,\n        \&quot;programDescription\&quot;: \&quot;Programming language \&quot;,\n        \&quot;online\&quot;: false\n    },\n    {\n        \&quot;programId\&quot;: 2817,\n        \&quot;programName\&quot;: \&quot;Python with selenium\&quot;,\n        \&quot;programDescription\&quot;: \&quot;Testing \&quot;,\n        \&quot;online\&quot;: false\n    },\n    {\n        \&quot;programId\&quot;: 2818,\n        \&quot;programName\&quot;: \&quot;Ruby with selenium\&quot;,\n        \&quot;programDescription\&quot;: \&quot;Testing using ruby language\&quot;,\n        \&quot;online\&quot;: false\n    },\n    {\n        \&quot;programId\&quot;: 2819,\n        \&quot;programName\&quot;: \&quot;Pearl with selenium\&quot;,\n        \&quot;programDescription\&quot;: \&quot;Testing using pearl language\&quot;,\n        \&quot;online\&quot;: false\n    },\n    {\n        \&quot;programId\&quot;: 2820,\n        \&quot;programName\&quot;: \&quot;.Net with selenium\&quot;,\n        \&quot;programDescription\&quot;: \&quot;Testing using .net language\&quot;,\n        \&quot;online\&quot;: false\n    },\n    {\n        \&quot;programId\&quot;: 2821,\n        \&quot;programName\&quot;: \&quot;C++ programming\&quot;,\n        \&quot;programDescription\&quot;: \&quot;Programming language \&quot;,\n        \&quot;online\&quot;: false\n    },\n    {\n        \&quot;programId\&quot;: 2822,\n        \&quot;programName\&quot;: \&quot;C++ programming is Modified Now\&quot;,\n        \&quot;programDescription\&quot;: \&quot;Programming language \&quot;,\n        \&quot;online\&quot;: false\n    },\n    {\n        \&quot;programId\&quot;: 2824,\n        \&quot;programName\&quot;: \&quot;JAVA 280 for testing\&quot;,\n        \&quot;programDescription\&quot;: \&quot;JAVA 280 for testing by lavisha\&quot;,\n        \&quot;online\&quot;: false\n    },\n    {\n        \&quot;programId\&quot;: 2825,\n        \&quot;programName\&quot;: \&quot;C++ programming\&quot;,\n        \&quot;programDescription\&quot;: \&quot;Programming language \&quot;,\n        \&quot;online\&quot;: false\n    },\n    {\n        \&quot;programId\&quot;: 2830,\n        \&quot;programName\&quot;: \&quot;JAVA 280 for testing\&quot;,\n        \&quot;programDescription\&quot;: \&quot;JAVA 280 for testing by lavisha\&quot;,\n        \&quot;online\&quot;: false\n    },\n    {\n        \&quot;programId\&quot;: 2831,\n        \&quot;programName\&quot;: \&quot;C++ programming\&quot;,\n        \&quot;programDescription\&quot;: \&quot;Programming language \&quot;,\n        \&quot;online\&quot;: false\n    },\n    {\n        \&quot;programId\&quot;: 2832,\n        \&quot;programName\&quot;: \&quot;Python with selenium\&quot;,\n        \&quot;programDescription\&quot;: \&quot;Testing \&quot;,\n        \&quot;online\&quot;: false\n    },\n    {\n        \&quot;programId\&quot;: 2833,\n        \&quot;programName\&quot;: \&quot;Ruby with selenium\&quot;,\n        \&quot;programDescription\&quot;: \&quot;Testing using ruby language\&quot;,\n        \&quot;online\&quot;: false\n    },\n    {\n        \&quot;programId\&quot;: 2834,\n        \&quot;programName\&quot;: \&quot;Pearl with selenium\&quot;,\n        \&quot;programDescription\&quot;: \&quot;Testing using pearl language\&quot;,\n        \&quot;online\&quot;: false\n    },\n    {\n        \&quot;programId\&quot;: 2952,\n        \&quot;programName\&quot;: \&quot;SDET19put test\&quot;,\n        \&quot;programDescription\&quot;: \&quot;put test\&quot;,\n        \&quot;online\&quot;: false\n    },\n    {\n        \&quot;programId\&quot;: 3262,\n        \&quot;programName\&quot;: \&quot;5\&quot;,\n        \&quot;programDescription\&quot;: \&quot;entered with numbers\&quot;,\n        \&quot;online\&quot;: true\n    },\n    {\n        \&quot;programId\&quot;: 2835,\n        \&quot;programName\&quot;: \&quot;.Net with selenium\&quot;,\n        \&quot;programDescription\&quot;: \&quot;Testing using .net language\&quot;,\n        \&quot;online\&quot;: false\n    },\n    {\n        \&quot;programId\&quot;: 2836,\n        \&quot;programName\&quot;: \&quot;Post method\&quot;,\n        \&quot;programDescription\&quot;: \&quot;Posting\&quot;,\n        \&quot;online\&quot;: true\n    },\n    {\n        \&quot;programId\&quot;: 2837,\n        \&quot;programName\&quot;: \&quot;JAVA 280 for testing\&quot;,\n        \&quot;programDescription\&quot;: \&quot;JAVA 280 for testing by lavisha\&quot;,\n        \&quot;online\&quot;: false\n    },\n    {\n        \&quot;programId\&quot;: 2838,\n        \&quot;programName\&quot;: \&quot;C++ programming\&quot;,\n        \&quot;programDescription\&quot;: \&quot;Programming language \&quot;,\n        \&quot;online\&quot;: false\n    },\n    {\n        \&quot;programId\&quot;: 2839,\n        \&quot;programName\&quot;: \&quot;Python with selenium\&quot;,\n        \&quot;programDescription\&quot;: \&quot;Testing \&quot;,\n        \&quot;online\&quot;: false\n    },\n    {\n        \&quot;programId\&quot;: 2840,\n        \&quot;programName\&quot;: \&quot;Ruby with selenium\&quot;,\n        \&quot;programDescription\&quot;: \&quot;Testing using ruby language\&quot;,\n        \&quot;online\&quot;: false\n    },\n    {\n        \&quot;programId\&quot;: 2841,\n        \&quot;programName\&quot;: \&quot;Pearl with selenium\&quot;,\n        \&quot;programDescription\&quot;: \&quot;Testing using pearl language\&quot;,\n        \&quot;online\&quot;: false\n    },\n    {\n        \&quot;programId\&quot;: 2842,\n        \&quot;programName\&quot;: \&quot;.Net with selenium\&quot;,\n        \&quot;programDescription\&quot;: \&quot;Testing using .net language\&quot;,\n        \&quot;online\&quot;: false\n    },\n    {\n        \&quot;programId\&quot;: 2843,\n        \&quot;programName\&quot;: \&quot;C++ programming\&quot;,\n        \&quot;programDescription\&quot;: \&quot;Programming language \&quot;,\n        \&quot;online\&quot;: false\n    },\n    {\n        \&quot;programId\&quot;: 2844,\n        \&quot;programName\&quot;: \&quot;C++ programming is Modified Now\&quot;,\n        \&quot;programDescription\&quot;: \&quot;Programming language \&quot;,\n        \&quot;online\&quot;: false\n    },\n    {\n        \&quot;programId\&quot;: 2845,\n        \&quot;programName\&quot;: \&quot;C++ programming\&quot;,\n        \&quot;programDescription\&quot;: \&quot;Programming language \&quot;,\n        \&quot;online\&quot;: false\n    },\n    {\n        \&quot;programId\&quot;: 2846,\n        \&quot;programName\&quot;: \&quot;C++ programming is Modified Now\&quot;,\n        \&quot;programDescription\&quot;: \&quot;Programming language \&quot;,\n        \&quot;online\&quot;: false\n    },\n    {\n        \&quot;programId\&quot;: 2847,\n        \&quot;programName\&quot;: \&quot;C++ programming\&quot;,\n        \&quot;programDescription\&quot;: \&quot;Programming language \&quot;,\n        \&quot;online\&quot;: false\n    },\n    {\n        \&quot;programId\&quot;: 2848,\n        \&quot;programName\&quot;: \&quot;C++ programming is Modified Now\&quot;,\n        \&quot;programDescription\&quot;: \&quot;Programming language \&quot;,\n        \&quot;online\&quot;: false\n    },\n    {\n        \&quot;programId\&quot;: 2849,\n        \&quot;programName\&quot;: \&quot;AutomationTesting\&quot;,\n        \&quot;programDescription\&quot;: \&quot;Freshers\&quot;,\n        \&quot;online\&quot;: false\n    },\n    {\n        \&quot;programId\&quot;: 2850,\n        \&quot;programName\&quot;: \&quot;SDETAutomationTesting\&quot;,\n        \&quot;programDescription\&quot;: \&quot;Freshers\&quot;,\n        \&quot;online\&quot;: false\n    },\n    {\n        \&quot;programId\&quot;: 3791,\n        \&quot;programName\&quot;: \&quot;\\\&quot;Automation Testing\\\&quot;\&quot;,\n        \&quot;programDescription\&quot;: \&quot;\\\&quot;RestAssured\\\&quot;\&quot;,\n        \&quot;online\&quot;: false\n    },\n    {\n        \&quot;programId\&quot;: 2852,\n        \&quot;programName\&quot;: \&quot;RestAssured\&quot;,\n        \&quot;programDescription\&quot;: \&quot;Fresher\&quot;,\n        \&quot;online\&quot;: false\n    },\n    {\n        \&quot;programId\&quot;: 2853,\n        \&quot;programName\&quot;: \&quot;Java\&quot;,\n        \&quot;programDescription\&quot;: \&quot;Java Training\&quot;,\n        \&quot;online\&quot;: true\n    },\n    {\n        \&quot;programId\&quot;: 2854,\n        \&quot;programName\&quot;: \&quot;Java\&quot;,\n        \&quot;programDescription\&quot;: \&quot;Java Training\&quot;,\n        \&quot;online\&quot;: true\n    },\n    {\n        \&quot;programId\&quot;: 2855,\n        \&quot;programName\&quot;: \&quot;Java\&quot;,\n        \&quot;programDescription\&quot;: \&quot;Java Training\&quot;,\n        \&quot;online\&quot;: true\n    },\n    {\n        \&quot;programId\&quot;: 2856,\n        \&quot;programName\&quot;: \&quot;Java\&quot;,\n        \&quot;programDescription\&quot;: \&quot;Java Training\&quot;,\n        \&quot;online\&quot;: true\n    },\n    {\n        \&quot;programId\&quot;: 2857,\n        \&quot;programName\&quot;: \&quot;Java\&quot;,\n        \&quot;programDescription\&quot;: \&quot;Java Training\&quot;,\n        \&quot;online\&quot;: true\n    },\n    {\n        \&quot;programId\&quot;: 2858,\n        \&quot;programName\&quot;: \&quot;Java\&quot;,\n        \&quot;programDescription\&quot;: \&quot;Java Training\&quot;,\n        \&quot;online\&quot;: true\n    },\n    {\n        \&quot;programId\&quot;: 2859,\n        \&quot;programName\&quot;: \&quot;Java\&quot;,\n        \&quot;programDescription\&quot;: \&quot;Java Training\&quot;,\n        \&quot;online\&quot;: true\n    },\n    {\n        \&quot;programId\&quot;: 2860,\n        \&quot;programName\&quot;: \&quot;Java\&quot;,\n        \&quot;programDescription\&quot;: \&quot;Java Training\&quot;,\n        \&quot;online\&quot;: true\n    },\n    {\n        \&quot;programId\&quot;: 2861,\n        \&quot;programName\&quot;: \&quot;java\&quot;,\n        \&quot;programDescription\&quot;: \&quot;Java Training\&quot;,\n        \&quot;online\&quot;: true\n    },\n    {\n        \&quot;programId\&quot;: 2862,\n        \&quot;programName\&quot;: \&quot;Selenium\&quot;,\n        \&quot;programDescription\&quot;: \&quot;Selenium Training\&quot;,\n        \&quot;online\&quot;: false\n    },\n    {\n        \&quot;programId\&quot;: 2863,\n        \&quot;programName\&quot;: \&quot;Python\&quot;,\n        \&quot;programDescription\&quot;: \&quot;Python Training\&quot;,\n        \&quot;online\&quot;: true\n    },\n    {\n        \&quot;programId\&quot;: 2864,\n        \&quot;programName\&quot;: \&quot;java\&quot;,\n        \&quot;programDescription\&quot;: \&quot;Java Training\&quot;,\n        \&quot;online\&quot;: true\n    },\n    {\n        \&quot;programId\&quot;: 2865,\n        \&quot;programName\&quot;: \&quot;Selenium\&quot;,\n        \&quot;programDescription\&quot;: \&quot;Selenium Training\&quot;,\n        \&quot;online\&quot;: false\n    },\n    {\n        \&quot;programId\&quot;: 2866,\n        \&quot;programName\&quot;: \&quot;Python\&quot;,\n        \&quot;programDescription\&quot;: \&quot;Python Training\&quot;,\n        \&quot;online\&quot;: true\n    },\n    {\n        \&quot;programId\&quot;: 2867,\n        \&quot;programName\&quot;: \&quot;java\&quot;,\n        \&quot;programDescription\&quot;: \&quot;Java Training\&quot;,\n        \&quot;online\&quot;: true\n    },\n    {\n        \&quot;programId\&quot;: 2868,\n        \&quot;programName\&quot;: \&quot;Selenium\&quot;,\n        \&quot;programDescription\&quot;: \&quot;Selenium Training\&quot;,\n        \&quot;online\&quot;: false\n    },\n    {\n        \&quot;programId\&quot;: 2869,\n        \&quot;programName\&quot;: \&quot;Python\&quot;,\n        \&quot;programDescription\&quot;: \&quot;Python Training\&quot;,\n        \&quot;online\&quot;: true\n    },\n    {\n        \&quot;programId\&quot;: 2870,\n        \&quot;programName\&quot;: \&quot;Java\&quot;,\n        \&quot;programDescription\&quot;: \&quot;Java Training\&quot;,\n        \&quot;online\&quot;: true\n    },\n    {\n        \&quot;programId\&quot;: 3792,\n        \&quot;programName\&quot;: \&quot;\\\&quot;Develeopment\\\&quot;\&quot;,\n        \&quot;programDescription\&quot;: \&quot;\\\&quot;Java\\\&quot;\&quot;,\n        \&quot;online\&quot;: false\n    },\n    {\n        \&quot;programId\&quot;: 2872,\n        \&quot;programName\&quot;: \&quot;JAVA training\&quot;,\n        \&quot;programDescription\&quot;: \&quot;JAVA training\&quot;,\n        \&quot;online\&quot;: true\n    },\n    {\n        \&quot;programId\&quot;: 2873,\n        \&quot;programName\&quot;: \&quot;API Testing1\&quot;,\n        \&quot;programDescription\&quot;: \&quot;API Testing1 on LMS with json payload\&quot;,\n        \&quot;online\&quot;: true\n    },\n    {\n        \&quot;programId\&quot;: 2874,\n        \&quot;programName\&quot;: \&quot;API Testing1\&quot;,\n        \&quot;programDescription\&quot;: \&quot;API Testing1 on LMS with json payload\&quot;,\n        \&quot;online\&quot;: true\n    },\n    {\n        \&quot;programId\&quot;: 2875,\n        \&quot;programName\&quot;: \&quot;API Testing1\&quot;,\n        \&quot;programDescription\&quot;: \&quot;API Testing1 on LMS with json payload\&quot;,\n        \&quot;online\&quot;: true\n    },\n    {\n        \&quot;programId\&quot;: 2876,\n        \&quot;programName\&quot;: \&quot;Testing\&quot;,\n        \&quot;programDescription\&quot;: \&quot;Testing\&quot;,\n        \&quot;online\&quot;: true\n    },\n    {\n        \&quot;programId\&quot;: 2877,\n        \&quot;programName\&quot;: \&quot;API Testing1\&quot;,\n        \&quot;programDescription\&quot;: \&quot;API Testing1 on LMS with json payload\&quot;,\n        \&quot;online\&quot;: true\n    },\n    {\n        \&quot;programId\&quot;: 2878,\n        \&quot;programName\&quot;: \&quot;Testing\&quot;,\n        \&quot;programDescription\&quot;: \&quot;Testing\&quot;,\n        \&quot;online\&quot;: true\n    },\n    {\n        \&quot;programId\&quot;: 2879,\n        \&quot;programName\&quot;: \&quot;API Testing1\&quot;,\n        \&quot;programDescription\&quot;: \&quot;API Testing1 on LMS with json payload\&quot;,\n        \&quot;online\&quot;: true\n    },\n    {\n        \&quot;programId\&quot;: 2880,\n        \&quot;programName\&quot;: \&quot;Testing\&quot;,\n        \&quot;programDescription\&quot;: \&quot;Testing\&quot;,\n        \&quot;online\&quot;: true\n    },\n    {\n        \&quot;programId\&quot;: 2881,\n        \&quot;programName\&quot;: \&quot;Testing modified\&quot;,\n        \&quot;programDescription\&quot;: \&quot;Testing modified\&quot;,\n        \&quot;online\&quot;: true\n    },\n    {\n        \&quot;programId\&quot;: 2882,\n        \&quot;programName\&quot;: \&quot;Java\&quot;,\n        \&quot;programDescription\&quot;: \&quot;Java Training\&quot;,\n        \&quot;online\&quot;: true\n    },\n    {\n        \&quot;programId\&quot;: 2883,\n        \&quot;programName\&quot;: \&quot;Java\&quot;,\n        \&quot;programDescription\&quot;: \&quot;Java Training\&quot;,\n        \&quot;online\&quot;: true\n    },\n    {\n        \&quot;programId\&quot;: 2884,\n        \&quot;programName\&quot;: \&quot;Testing modified\&quot;,\n        \&quot;programDescription\&quot;: \&quot;string\&quot;,\n        \&quot;online\&quot;: true\n    },\n    {\n        \&quot;programId\&quot;: 2885,\n        \&quot;programName\&quot;: \&quot;JAVA 280 for testing\&quot;,\n        \&quot;programDescription\&quot;: \&quot;JAVA 280 for testing by lavisha\&quot;,\n        \&quot;online\&quot;: false\n    },\n    {\n        \&quot;programId\&quot;: 2886,\n        \&quot;programName\&quot;: \&quot;C++ programming\&quot;,\n        \&quot;programDescription\&quot;: \&quot;Programming language \&quot;,\n        \&quot;online\&quot;: false\n    },\n    {\n        \&quot;programId\&quot;: 9238,\n        \&quot;programName\&quot;: \&quot;Testing\&quot;,\n        \&quot;programDescription\&quot;: \&quot;Testing\&quot;,\n        \&quot;online\&quot;: true\n    },\n    {\n        \&quot;programId\&quot;: 9239,\n        \&quot;programName\&quot;: \&quot;Testing\&quot;,\n        \&quot;programDescription\&quot;: \&quot;Testing\&quot;,\n        \&quot;online\&quot;: true\n    },\n    {\n        \&quot;programId\&quot;: 2889,\n        \&quot;programName\&quot;: \&quot;Pearl with selenium\&quot;,\n        \&quot;programDescription\&quot;: \&quot;Testing using pearl language\&quot;,\n        \&quot;online\&quot;: false\n    },\n    {\n        \&quot;programId\&quot;: 2890,\n        \&quot;programName\&quot;: \&quot;.Net with selenium\&quot;,\n        \&quot;programDescription\&quot;: \&quot;Testing using .net language\&quot;,\n        \&quot;online\&quot;: false\n    },\n    {\n        \&quot;programId\&quot;: 2891,\n        \&quot;programName\&quot;: \&quot;JAVA 280 for testing\&quot;,\n        \&quot;programDescription\&quot;: \&quot;JAVA 280 for testing by lavisha\&quot;,\n        \&quot;online\&quot;: false\n    },\n    {\n        \&quot;programId\&quot;: 2892,\n        \&quot;programName\&quot;: \&quot;C++ programming\&quot;,\n        \&quot;programDescription\&quot;: \&quot;Programming language \&quot;,\n        \&quot;online\&quot;: false\n    },\n    {\n        \&quot;programId\&quot;: 2893,\n        \&quot;programName\&quot;: \&quot;Python with selenium\&quot;,\n        \&quot;programDescription\&quot;: \&quot;Testing \&quot;,\n        \&quot;online\&quot;: false\n    },\n    {\n        \&quot;programId\&quot;: 2894,\n        \&quot;programName\&quot;: \&quot;Ruby with selenium\&quot;,\n        \&quot;programDescription\&quot;: \&quot;Testing using ruby language\&quot;,\n        \&quot;online\&quot;: false\n    },\n    {\n        \&quot;programId\&quot;: 2895,\n        \&quot;programName\&quot;: \&quot;Pearl with selenium\&quot;,\n        \&quot;programDescription\&quot;: \&quot;Testing using pearl language\&quot;,\n        \&quot;online\&quot;: false\n    },\n    {\n        \&quot;programId\&quot;: 2896,\n        \&quot;programName\&quot;: \&quot;.Net with selenium\&quot;,\n        \&quot;programDescription\&quot;: \&quot;Testing using .net language\&quot;,\n        \&quot;online\&quot;: false\n    },\n    {\n        \&quot;programId\&quot;: 2897,\n        \&quot;programName\&quot;: \&quot;string\&quot;,\n        \&quot;programDescription\&quot;: \&quot;string\&quot;,\n        \&quot;online\&quot;: true\n    },\n    {\n        \&quot;programId\&quot;: 2898,\n        \&quot;programName\&quot;: \&quot;testing\&quot;,\n        \&quot;programDescription\&quot;: \&quot;testing\&quot;,\n        \&quot;online\&quot;: true\n    },\n    {\n        \&quot;programId\&quot;: 2899,\n        \&quot;programName\&quot;: \&quot;testing\&quot;,\n        \&quot;programDescription\&quot;: \&quot;testing\&quot;,\n        \&quot;online\&quot;: true\n    },\n    {\n        \&quot;programId\&quot;: 2900,\n        \&quot;programName\&quot;: \&quot;Testing\&quot;,\n        \&quot;programDescription\&quot;: \&quot;Testing\&quot;,\n        \&quot;online\&quot;: true\n    },\n    {\n        \&quot;programId\&quot;: 2901,\n        \&quot;programName\&quot;: \&quot;Wood\&quot;,\n        \&quot;programDescription\&quot;: \&quot;Chair\&quot;,\n        \&quot;online\&quot;: true\n    },\n    {\n        \&quot;programId\&quot;: 2902,\n        \&quot;programName\&quot;: \&quot;saistring\&quot;,\n        \&quot;programDescription\&quot;: \&quot;saidesstring\&quot;,\n        \&quot;online\&quot;: true\n    },\n    {\n        \&quot;programId\&quot;: 3793,\n        \&quot;programName\&quot;: \&quot;\\\&quot;Project Management\\\&quot;\&quot;,\n        \&quot;programDescription\&quot;: \&quot;\\\&quot;scrum master\\\&quot;\&quot;,\n        \&quot;online\&quot;: false\n    },\n    {\n        \&quot;programId\&quot;: 2905,\n        \&quot;programName\&quot;: \&quot;Devlopment\&quot;,\n        \&quot;programDescription\&quot;: \&quot;API Dev java\&quot;,\n        \&quot;online\&quot;: true\n    },\n    {\n        \&quot;programId\&quot;: 2906,\n        \&quot;programName\&quot;: \&quot;Dev\&quot;,\n        \&quot;programDescription\&quot;: \&quot;API Dev project\&quot;,\n        \&quot;online\&quot;: true\n    },\n    {\n        \&quot;programId\&quot;: 2907,\n        \&quot;programName\&quot;: \&quot;Deployment\&quot;,\n        \&quot;programDescription\&quot;: \&quot;API\&quot;,\n        \&quot;online\&quot;: true\n    },\n    {\n        \&quot;programId\&quot;: 2934,\n        \&quot;programName\&quot;: \&quot;Cypress UI Automation\&quot;,\n        \&quot;programDescription\&quot;: \&quot;string\&quot;,\n        \&quot;online\&quot;: true\n    },\n    {\n        \&quot;programId\&quot;: 2935,\n        \&quot;programName\&quot;: \&quot;Cypress UI test Automation\&quot;,\n        \&quot;programDescription\&quot;: \&quot;SDET\&quot;,\n        \&quot;online\&quot;: true\n    },\n    {\n        \&quot;programId\&quot;: 2908,\n        \&quot;programName\&quot;: \&quot;JAVA 280 for testing\&quot;,\n        \&quot;programDescription\&quot;: \&quot;JAVA 280 for testing by lavisha\&quot;,\n        \&quot;online\&quot;: false\n    },\n    {\n        \&quot;programId\&quot;: 2909,\n        \&quot;programName\&quot;: \&quot;C++ programming\&quot;,\n        \&quot;programDescription\&quot;: \&quot;Programming language \&quot;,\n        \&quot;online\&quot;: false\n    },\n    {\n        \&quot;programId\&quot;: 2912,\n        \&quot;programName\&quot;: \&quot;Pearl with selenium\&quot;,\n        \&quot;programDescription\&quot;: \&quot;Testing using pearl language\&quot;,\n        \&quot;online\&quot;: false\n    },\n    {\n        \&quot;programId\&quot;: 2913,\n        \&quot;programName\&quot;: \&quot;.Net with selenium\&quot;,\n        \&quot;programDescription\&quot;: \&quot;Testing using .net language\&quot;,\n        \&quot;online\&quot;: false\n    },\n    {\n        \&quot;programId\&quot;: 2914,\n        \&quot;programName\&quot;: \&quot;JAVA 280 for testing\&quot;,\n        \&quot;programDescription\&quot;: \&quot;JAVA 280 for testing by lavisha\&quot;,\n        \&quot;online\&quot;: false\n    },\n    {\n        \&quot;programId\&quot;: 2915,\n        \&quot;programName\&quot;: \&quot;C++ programming\&quot;,\n        \&quot;programDescription\&quot;: \&quot;Programming language \&quot;,\n        \&quot;online\&quot;: false\n    },\n    {\n        \&quot;programId\&quot;: 2916,\n        \&quot;programName\&quot;: \&quot;Python with selenium\&quot;,\n        \&quot;programDescription\&quot;: \&quot;Testing \&quot;,\n        \&quot;online\&quot;: false\n    },\n    {\n        \&quot;programId\&quot;: 2917,\n        \&quot;programName\&quot;: \&quot;Ruby with selenium\&quot;,\n        \&quot;programDescription\&quot;: \&quot;Testing using ruby language\&quot;,\n        \&quot;online\&quot;: false\n    },\n    {\n        \&quot;programId\&quot;: 2918,\n        \&quot;programName\&quot;: \&quot;Pearl with selenium\&quot;,\n        \&quot;programDescription\&quot;: \&quot;Testing using pearl language\&quot;,\n        \&quot;online\&quot;: false\n    },\n    {\n        \&quot;programId\&quot;: 2919,\n        \&quot;programName\&quot;: \&quot;.Net with selenium\&quot;,\n        \&quot;programDescription\&quot;: \&quot;Testing using .net language\&quot;,\n        \&quot;online\&quot;: false\n    },\n    {\n        \&quot;programId\&quot;: 2920,\n        \&quot;programName\&quot;: \&quot;JAVA 280 for testing\&quot;,\n        \&quot;programDescription\&quot;: \&quot;JAVA 280 for testing by lavisha\&quot;,\n        \&quot;online\&quot;: false\n    },\n    {\n        \&quot;programId\&quot;: 2921,\n        \&quot;programName\&quot;: \&quot;C++ programming\&quot;,\n        \&quot;programDescription\&quot;: \&quot;Programming language \&quot;,\n        \&quot;online\&quot;: false\n    },\n    {\n        \&quot;programId\&quot;: 2922,\n        \&quot;programName\&quot;: \&quot;Python with selenium\&quot;,\n        \&quot;programDescription\&quot;: \&quot;Testing \&quot;,\n        \&quot;online\&quot;: false\n    },\n    {\n        \&quot;programId\&quot;: 2923,\n        \&quot;programName\&quot;: \&quot;Ruby with selenium\&quot;,\n        \&quot;programDescription\&quot;: \&quot;Testing using ruby language\&quot;,\n        \&quot;online\&quot;: false\n    },\n    {\n        \&quot;programId\&quot;: 2924,\n        \&quot;programName\&quot;: \&quot;Pearl with selenium\&quot;,\n        \&quot;programDescription\&quot;: \&quot;Testing using pearl language\&quot;,\n        \&quot;online\&quot;: false\n    },\n    {\n        \&quot;programId\&quot;: 2925,\n        \&quot;programName\&quot;: \&quot;.Net with selenium\&quot;,\n        \&quot;programDescription\&quot;: \&quot;Testing using .net language\&quot;,\n        \&quot;online\&quot;: false\n    },\n    {\n        \&quot;programId\&quot;: 2926,\n        \&quot;programName\&quot;: \&quot;string\&quot;,\n        \&quot;programDescription\&quot;: \&quot;string\&quot;,\n        \&quot;online\&quot;: true\n    },\n    {\n        \&quot;programId\&quot;: 2927,\n        \&quot;programName\&quot;: \&quot;SDET200\&quot;,\n        \&quot;programDescription\&quot;: \&quot;NumpyNinja_Updated11\&quot;,\n        \&quot;online\&quot;: true\n    },\n    {\n        \&quot;programId\&quot;: 2928,\n        \&quot;programName\&quot;: \&quot;SDET19dittu\&quot;,\n        \&quot;programDescription\&quot;: \&quot;sampledittu\&quot;,\n        \&quot;online\&quot;: false\n    },\n    {\n        \&quot;programId\&quot;: 2929,\n        \&quot;programName\&quot;: \&quot;SDET19dittu\&quot;,\n        \&quot;programDescription\&quot;: \&quot;sampledittu\&quot;,\n        \&quot;online\&quot;: false\n    },\n    {\n        \&quot;programId\&quot;: 2930,\n        \&quot;programName\&quot;: \&quot;SDET19dittuxxx\&quot;,\n        \&quot;programDescription\&quot;: \&quot;sampledittuxxx\&quot;,\n        \&quot;online\&quot;: false\n    },\n    {\n        \&quot;programId\&quot;: 2931,\n        \&quot;programName\&quot;: \&quot;Cypress Testing\&quot;,\n        \&quot;programDescription\&quot;: \&quot;SDET\&quot;,\n        \&quot;online\&quot;: true\n    },\n    {\n        \&quot;programId\&quot;: 2932,\n        \&quot;programName\&quot;: \&quot;SDET19dittuxxx\&quot;,\n        \&quot;programDescription\&quot;: \&quot;sampledittuxxx\&quot;,\n        \&quot;online\&quot;: false\n    },\n    {\n        \&quot;programId\&quot;: 2936,\n        \&quot;programName\&quot;: \&quot;Cypress UI test Automation\&quot;,\n        \&quot;programDescription\&quot;: \&quot;SDET\&quot;,\n        \&quot;online\&quot;: true\n    },\n    {\n        \&quot;programId\&quot;: 2938,\n        \&quot;programName\&quot;: \&quot;Testing\&quot;,\n        \&quot;programDescription\&quot;: \&quot;Testing\&quot;,\n        \&quot;online\&quot;: true\n    },\n    {\n        \&quot;programId\&quot;: 2939,\n        \&quot;programName\&quot;: \&quot;string\&quot;,\n        \&quot;programDescription\&quot;: \&quot;string\&quot;,\n        \&quot;online\&quot;: true\n    },\n    {\n        \&quot;programId\&quot;: 2940,\n        \&quot;programName\&quot;: \&quot;testing\&quot;,\n        \&quot;programDescription\&quot;: \&quot;SelviTestingLMSAPI\&quot;,\n        \&quot;online\&quot;: true\n    },\n    {\n        \&quot;programId\&quot;: 2941,\n        \&quot;programName\&quot;: \&quot;SDET19put test\&quot;,\n        \&quot;programDescription\&quot;: \&quot;put test\&quot;,\n        \&quot;online\&quot;: false\n    },\n    {\n        \&quot;programId\&quot;: 2942,\n        \&quot;programName\&quot;: \&quot;SDET19put test is Modified Nowxx\&quot;,\n        \&quot;programDescription\&quot;: \&quot;put test\&quot;,\n        \&quot;online\&quot;: false\n    },\n    {\n        \&quot;programId\&quot;: 2943,\n        \&quot;programName\&quot;: \&quot;SDET19put test\&quot;,\n        \&quot;programDescription\&quot;: \&quot;put test\&quot;,\n        \&quot;online\&quot;: false\n    },\n    {\n        \&quot;programId\&quot;: 2944,\n        \&quot;programName\&quot;: \&quot;SDET19put test is Modified Nowxx\&quot;,\n        \&quot;programDescription\&quot;: \&quot;put test\&quot;,\n        \&quot;online\&quot;: false\n    },\n    {\n        \&quot;programId\&quot;: 2945,\n        \&quot;programName\&quot;: \&quot;testing\&quot;,\n        \&quot;programDescription\&quot;: \&quot;testing\&quot;,\n        \&quot;online\&quot;: true\n    },\n    {\n        \&quot;programId\&quot;: 2946,\n        \&quot;programName\&quot;: \&quot;SDET19put test\&quot;,\n        \&quot;programDescription\&quot;: \&quot;put test\&quot;,\n        \&quot;online\&quot;: false\n    },\n    {\n        \&quot;programId\&quot;: 2947,\n        \&quot;programName\&quot;: \&quot;SDET19put test is Modified Nowxx\&quot;,\n        \&quot;programDescription\&quot;: \&quot;put test\&quot;,\n        \&quot;online\&quot;: false\n    },\n    {\n        \&quot;programId\&quot;: 2949,\n        \&quot;programName\&quot;: \&quot;string\&quot;,\n        \&quot;programDescription\&quot;: \&quot;string\&quot;,\n        \&quot;online\&quot;: true\n    },\n    {\n        \&quot;programId\&quot;: 2950,\n        \&quot;programName\&quot;: \&quot;string\&quot;,\n        \&quot;programDescription\&quot;: \&quot;string\&quot;,\n        \&quot;online\&quot;: true\n    },\n    {\n        \&quot;programId\&quot;: 2951,\n        \&quot;programName\&quot;: \&quot;string\&quot;,\n        \&quot;programDescription\&quot;: \&quot;string\&quot;,\n        \&quot;online\&quot;: true\n    },\n    {\n        \&quot;programId\&quot;: 2910,\n        \&quot;programName\&quot;: \&quot;Testing\&quot;,\n        \&quot;programDescription\&quot;: \&quot;Testing\&quot;,\n        \&quot;online\&quot;: true\n    },\n    {\n        \&quot;programId\&quot;: 2911,\n        \&quot;programName\&quot;: \&quot;Testing\&quot;,\n        \&quot;programDescription\&quot;: \&quot;Testing\&quot;,\n        \&quot;online\&quot;: true\n    },\n    {\n        \&quot;programId\&quot;: 3000,\n        \&quot;programName\&quot;: \&quot;Selenium\&quot;,\n        \&quot;programDescription\&quot;: \&quot;Testing\&quot;,\n        \&quot;online\&quot;: true\n    },\n    {\n        \&quot;programId\&quot;: 2986,\n        \&quot;programName\&quot;: \&quot;saranya\&quot;,\n        \&quot;programDescription\&quot;: \&quot;string\&quot;,\n        \&quot;online\&quot;: true\n    },\n    {\n        \&quot;programId\&quot;: 2955,\n        \&quot;programName\&quot;: \&quot;SDET19put test\&quot;,\n        \&quot;programDescription\&quot;: \&quot;put test\&quot;,\n        \&quot;online\&quot;: false\n    },\n    {\n        \&quot;programId\&quot;: 2956,\n        \&quot;programName\&quot;: \&quot;SDET19put test is Modified Nowxx\&quot;,\n        \&quot;programDescription\&quot;: \&quot;put test\&quot;,\n        \&quot;online\&quot;: false\n    },\n    {\n        \&quot;programId\&quot;: 5374,\n        \&quot;programName\&quot;: \&quot;Selenium\&quot;,\n        \&quot;programDescription\&quot;: \&quot;Testing\&quot;,\n        \&quot;online\&quot;: true\n    },\n    {\n        \&quot;programId\&quot;: 5110,\n        \&quot;programName\&quot;: \&quot;CoralDraw Modified\&quot;,\n        \&quot;programDescription\&quot;: \&quot;Testing edited Modified\&quot;,\n        \&quot;online\&quot;: true\n    },\n    {\n        \&quot;programId\&quot;: 5111,\n        \&quot;programName\&quot;: \&quot;Adobe Reader\&quot;,\n        \&quot;programDescription\&quot;: \&quot;Testing edited\&quot;,\n        \&quot;online\&quot;: true\n    },\n    {\n        \&quot;programId\&quot;: 5375,\n        \&quot;programName\&quot;: \&quot;Java\&quot;,\n        \&quot;programDescription\&quot;: \&quot;Testing\&quot;,\n        \&quot;online\&quot;: true\n    },\n    {\n        \&quot;programId\&quot;: 2961,\n        \&quot;programName\&quot;: \&quot;SDET19put test\&quot;,\n        \&quot;programDescription\&quot;: \&quot;put test\&quot;,\n        \&quot;online\&quot;: false\n    },\n    {\n        \&quot;programId\&quot;: 2962,\n        \&quot;programName\&quot;: \&quot;SDET19put test is Modified Nowxx\&quot;,\n        \&quot;programDescription\&quot;: \&quot;put test\&quot;,\n        \&quot;online\&quot;: false\n    },\n    {\n        \&quot;programId\&quot;: 2963,\n        \&quot;programName\&quot;: \&quot;SDET19dittuxxx1111final\&quot;,\n        \&quot;programDescription\&quot;: \&quot;sampledittuxxxfinal\&quot;,\n        \&quot;online\&quot;: false\n    },\n    {\n        \&quot;programId\&quot;: 3030,\n        \&quot;programName\&quot;: \&quot;Prek\&quot;,\n        \&quot;programDescription\&quot;: \&quot;India\&quot;,\n        \&quot;online\&quot;: true\n    },\n    {\n        \&quot;programId\&quot;: 9240,\n        \&quot;programName\&quot;: \&quot;Testing\&quot;,\n        \&quot;programDescription\&quot;: \&quot;Testing\&quot;,\n        \&quot;online\&quot;: true\n    },\n    {\n        \&quot;programId\&quot;: 7365,\n        \&quot;programName\&quot;: \&quot;testing\&quot;,\n        \&quot;programDescription\&quot;: \&quot;testing\&quot;,\n        \&quot;online\&quot;: true\n    },\n    {\n        \&quot;programId\&quot;: 2968,\n        \&quot;programName\&quot;: \&quot;SDET19put test is Modified Nowxx\&quot;,\n        \&quot;programDescription\&quot;: \&quot;put test\&quot;,\n        \&quot;online\&quot;: false\n    },\n    {\n        \&quot;programId\&quot;: 2969,\n        \&quot;programName\&quot;: \&quot;Testing\&quot;,\n        \&quot;programDescription\&quot;: \&quot;Testing\&quot;,\n        \&quot;online\&quot;: true\n    },\n    {\n        \&quot;programId\&quot;: 2971,\n        \&quot;programName\&quot;: \&quot;string\&quot;,\n        \&quot;programDescription\&quot;: \&quot;string\&quot;,\n        \&quot;online\&quot;: true\n    },\n    {\n        \&quot;programId\&quot;: 2972,\n        \&quot;programName\&quot;: \&quot;string\&quot;,\n        \&quot;programDescription\&quot;: \&quot;string\&quot;,\n        \&quot;online\&quot;: true\n    },\n    {\n        \&quot;programId\&quot;: 2973,\n        \&quot;programName\&quot;: \&quot;string\&quot;,\n        \&quot;programDescription\&quot;: \&quot;string\&quot;,\n        \&quot;online\&quot;: true\n    },\n    {\n        \&quot;programId\&quot;: 2974,\n        \&quot;programName\&quot;: \&quot;string\&quot;,\n        \&quot;programDescription\&quot;: \&quot;string\&quot;,\n        \&quot;online\&quot;: true\n    },\n    {\n        \&quot;programId\&quot;: 2978,\n        \&quot;programName\&quot;: \&quot;Testing\&quot;,\n        \&quot;programDescription\&quot;: \&quot;Testing\&quot;,\n        \&quot;online\&quot;: true\n    },\n    {\n        \&quot;programId\&quot;: 2979,\n        \&quot;programName\&quot;: \&quot;SDET19dittuxxx1111final\&quot;,\n        \&quot;programDescription\&quot;: \&quot;sampledittuxxxfinal\&quot;,\n        \&quot;online\&quot;: false\n    },\n    {\n        \&quot;programId\&quot;: 2980,\n        \&quot;programName\&quot;: \&quot;SDET19put test\&quot;,\n        \&quot;programDescription\&quot;: \&quot;put test\&quot;,\n        \&quot;online\&quot;: false\n    },\n    {\n        \&quot;programId\&quot;: 2981,\n        \&quot;programName\&quot;: \&quot;SDET19put test is Modified Nowxx\&quot;,\n        \&quot;programDescription\&quot;: \&quot;put test\&quot;,\n        \&quot;online\&quot;: false\n    },\n    {\n        \&quot;programId\&quot;: 2982,\n        \&quot;programName\&quot;: \&quot;SDET19dittuxxx1111final\&quot;,\n        \&quot;programDescription\&quot;: \&quot;sampledittuxxxfinal\&quot;,\n        \&quot;online\&quot;: false\n    },\n    {\n        \&quot;programId\&quot;: 2983,\n        \&quot;programName\&quot;: \&quot;SDET19put test\&quot;,\n        \&quot;programDescription\&quot;: \&quot;put test\&quot;,\n        \&quot;online\&quot;: false\n    },\n    {\n        \&quot;programId\&quot;: 2984,\n        \&quot;programName\&quot;: \&quot;SDET19put test is Modified Nowxx\&quot;,\n        \&quot;programDescription\&quot;: \&quot;put test\&quot;,\n        \&quot;online\&quot;: false\n    },\n    {\n        \&quot;programId\&quot;: 2985,\n        \&quot;programName\&quot;: \&quot;string\&quot;,\n        \&quot;programDescription\&quot;: \&quot;string\&quot;,\n        \&quot;online\&quot;: true\n    },\n    {\n        \&quot;programId\&quot;: 2987,\n        \&quot;programName\&quot;: \&quot;string\&quot;,\n        \&quot;programDescription\&quot;: \&quot;string\&quot;,\n        \&quot;online\&quot;: true\n    },\n    {\n        \&quot;programId\&quot;: 2977,\n        \&quot;programName\&quot;: \&quot;test put\&quot;,\n        \&quot;programDescription\&quot;: \&quot;test put\&quot;,\n        \&quot;online\&quot;: true\n    },\n    {\n        \&quot;programId\&quot;: 2988,\n        \&quot;programName\&quot;: \&quot;string\&quot;,\n        \&quot;programDescription\&quot;: \&quot;string\&quot;,\n        \&quot;online\&quot;: true\n    },\n    {\n        \&quot;programId\&quot;: 3058,\n        \&quot;programName\&quot;: \&quot;SDET put test\&quot;,\n        \&quot;programDescription\&quot;: \&quot;put test desc\&quot;,\n        \&quot;online\&quot;: false\n    },\n    {\n        \&quot;programId\&quot;: 3059,\n        \&quot;programName\&quot;: \&quot;SDET put test is Modified Nowxx\&quot;,\n        \&quot;programDescription\&quot;: \&quot;put test desc\&quot;,\n        \&quot;online\&quot;: false\n    },\n    {\n        \&quot;programId\&quot;: 3060,\n        \&quot;programName\&quot;: \&quot;SDET post record test\&quot;,\n        \&quot;programDescription\&quot;: \&quot;sample description\&quot;,\n        \&quot;online\&quot;: false\n    },\n    {\n        \&quot;programId\&quot;: 2991,\n        \&quot;programName\&quot;: \&quot;string\&quot;,\n        \&quot;programDescription\&quot;: \&quot;string\&quot;,\n        \&quot;online\&quot;: true\n    },\n    {\n        \&quot;programId\&quot;: 2992,\n        \&quot;programName\&quot;: \&quot;string\&quot;,\n        \&quot;programDescription\&quot;: \&quot;string\&quot;,\n        \&quot;online\&quot;: true\n    },\n    {\n        \&quot;programId\&quot;: 2993,\n        \&quot;programName\&quot;: \&quot;string\&quot;,\n        \&quot;programDescription\&quot;: \&quot;string\&quot;,\n        \&quot;online\&quot;: true\n    },\n    {\n        \&quot;programId\&quot;: 2994,\n        \&quot;programName\&quot;: \&quot;string\&quot;,\n        \&quot;programDescription\&quot;: \&quot;string\&quot;,\n        \&quot;online\&quot;: true\n    },\n    {\n        \&quot;programId\&quot;: 2995,\n        \&quot;programName\&quot;: \&quot;Testing modified\&quot;,\n        \&quot;programDescription\&quot;: \&quot;Testing modified\&quot;,\n        \&quot;online\&quot;: true\n    },\n    {\n        \&quot;programId\&quot;: 2996,\n        \&quot;programName\&quot;: \&quot;string\&quot;,\n        \&quot;programDescription\&quot;: \&quot;string\&quot;,\n        \&quot;online\&quot;: true\n    },\n    {\n        \&quot;programId\&quot;: 2999,\n        \&quot;programName\&quot;: \&quot;Testing modified\&quot;,\n        \&quot;programDescription\&quot;: \&quot;Testing modified\&quot;,\n        \&quot;online\&quot;: true\n    },\n    {\n        \&quot;programId\&quot;: 3007,\n        \&quot;programName\&quot;: \&quot;java\&quot;,\n        \&quot;programDescription\&quot;: \&quot;java\&quot;,\n        \&quot;online\&quot;: true\n    },\n    {\n        \&quot;programId\&quot;: 3008,\n        \&quot;programName\&quot;: \&quot;java\&quot;,\n        \&quot;programDescription\&quot;: \&quot;java\&quot;,\n        \&quot;online\&quot;: true\n    },\n    {\n        \&quot;programId\&quot;: 3009,\n        \&quot;programName\&quot;: \&quot;string\&quot;,\n        \&quot;programDescription\&quot;: \&quot;string\&quot;,\n        \&quot;online\&quot;: true\n    },\n    {\n        \&quot;programId\&quot;: 3010,\n        \&quot;programName\&quot;: \&quot;SDET19put testupadted\&quot;,\n        \&quot;programDescription\&quot;: \&quot;put test\&quot;,\n        \&quot;online\&quot;: false\n    },\n    {\n        \&quot;programId\&quot;: 3011,\n        \&quot;programName\&quot;: \&quot;SDET19put testupadted is Modified Nowxx\&quot;,\n        \&quot;programDescription\&quot;: \&quot;put test\&quot;,\n        \&quot;online\&quot;: false\n    },\n    {\n        \&quot;programId\&quot;: 3012,\n        \&quot;programName\&quot;: \&quot;SDET19put testupadted\&quot;,\n        \&quot;programDescription\&quot;: \&quot;put test\&quot;,\n        \&quot;online\&quot;: false\n    },\n    {\n        \&quot;programId\&quot;: 3013,\n        \&quot;programName\&quot;: \&quot;SDET19put testupadted is Modified Nowxx\&quot;,\n        \&quot;programDescription\&quot;: \&quot;put test\&quot;,\n        \&quot;online\&quot;: false\n    },\n    {\n        \&quot;programId\&quot;: 3014,\n        \&quot;programName\&quot;: \&quot;string\&quot;,\n        \&quot;programDescription\&quot;: \&quot;string\&quot;,\n        \&quot;online\&quot;: true\n    },\n    {\n        \&quot;programId\&quot;: 3015,\n        \&quot;programName\&quot;: \&quot;string\&quot;,\n        \&quot;programDescription\&quot;: \&quot;string\&quot;,\n        \&quot;online\&quot;: true\n    },\n    {\n        \&quot;programId\&quot;: 3016,\n        \&quot;programName\&quot;: \&quot;string\&quot;,\n        \&quot;programDescription\&quot;: \&quot;string\&quot;,\n        \&quot;online\&quot;: true\n    },\n    {\n        \&quot;programId\&quot;: 3017,\n        \&quot;programName\&quot;: \&quot;string\&quot;,\n        \&quot;programDescription\&quot;: \&quot;string\&quot;,\n        \&quot;online\&quot;: true\n    },\n    {\n        \&quot;programId\&quot;: 3018,\n        \&quot;programName\&quot;: \&quot;string\&quot;,\n        \&quot;programDescription\&quot;: \&quot;string\&quot;,\n        \&quot;online\&quot;: true\n    },\n    {\n        \&quot;programId\&quot;: 3019,\n        \&quot;programName\&quot;: \&quot;string\&quot;,\n        \&quot;programDescription\&quot;: \&quot;string\&quot;,\n        \&quot;online\&quot;: true\n    },\n    {\n        \&quot;programId\&quot;: 3020,\n        \&quot;programName\&quot;: \&quot;string\&quot;,\n        \&quot;programDescription\&quot;: \&quot;string\&quot;,\n        \&quot;online\&quot;: true\n    },\n    {\n        \&quot;programId\&quot;: 3022,\n        \&quot;programName\&quot;: \&quot;string\&quot;,\n        \&quot;programDescription\&quot;: \&quot;string\&quot;,\n        \&quot;online\&quot;: true\n    },\n    {\n        \&quot;programId\&quot;: 3023,\n        \&quot;programName\&quot;: \&quot;string\&quot;,\n        \&quot;programDescription\&quot;: \&quot;string\&quot;,\n        \&quot;online\&quot;: true\n    },\n    {\n        \&quot;programId\&quot;: 3024,\n        \&quot;programName\&quot;: \&quot;java\&quot;,\n        \&quot;programDescription\&quot;: \&quot;java\&quot;,\n        \&quot;online\&quot;: true\n    },\n    {\n        \&quot;programId\&quot;: 3025,\n        \&quot;programName\&quot;: \&quot;java\&quot;,\n        \&quot;programDescription\&quot;: \&quot;java\&quot;,\n        \&quot;online\&quot;: true\n    },\n    {\n        \&quot;programId\&quot;: 3026,\n        \&quot;programName\&quot;: \&quot;Testing modified\&quot;,\n        \&quot;programDescription\&quot;: \&quot;Testing modified\&quot;,\n        \&quot;online\&quot;: true\n    },\n    {\n        \&quot;programId\&quot;: 3027,\n        \&quot;programName\&quot;: \&quot;Testing modified\&quot;,\n        \&quot;programDescription\&quot;: \&quot;Testing modified\&quot;,\n        \&quot;online\&quot;: true\n    },\n    {\n        \&quot;programId\&quot;: 3061,\n        \&quot;programName\&quot;: \&quot;LMSAPI\&quot;,\n        \&quot;programDescription\&quot;: \&quot;Automation\&quot;,\n        \&quot;online\&quot;: true\n    },\n    {\n        \&quot;programId\&quot;: 3028,\n        \&quot;programName\&quot;: \&quot;SDET19dittuafter clean up\&quot;,\n        \&quot;programDescription\&quot;: \&quot;sampledittuafter clean\&quot;,\n        \&quot;online\&quot;: false\n    },\n    {\n        \&quot;programId\&quot;: 3029,\n        \&quot;programName\&quot;: \&quot;SDET19put testupadted\&quot;,\n        \&quot;programDescription\&quot;: \&quot;put test\&quot;,\n        \&quot;online\&quot;: false\n    },\n    {\n        \&quot;programId\&quot;: 3263,\n        \&quot;programName\&quot;: \&quot;5\&quot;,\n        \&quot;programDescription\&quot;: \&quot;entered with numbers\&quot;,\n        \&quot;online\&quot;: true\n    },\n    {\n        \&quot;programId\&quot;: 3032,\n        \&quot;programName\&quot;: \&quot;Testing\&quot;,\n        \&quot;programDescription\&quot;: \&quot;Testing\&quot;,\n        \&quot;online\&quot;: true\n    },\n    {\n        \&quot;programId\&quot;: 3062,\n        \&quot;programName\&quot;: \&quot;JobsAPI\&quot;,\n        \&quot;programDescription\&quot;: \&quot;Manual\&quot;,\n        \&quot;online\&quot;: false\n    },\n    {\n        \&quot;programId\&quot;: 3063,\n        \&quot;programName\&quot;: \&quot;Selenium\&quot;,\n        \&quot;programDescription\&quot;: \&quot;Hackathon\&quot;,\n        \&quot;online\&quot;: true\n    },\n    {\n        \&quot;programId\&quot;: 3064,\n        \&quot;programName\&quot;: \&quot;LMSAPI\&quot;,\n        \&quot;programDescription\&quot;: \&quot;Automation\&quot;,\n        \&quot;online\&quot;: true\n    },\n    {\n        \&quot;programId\&quot;: 3033,\n        \&quot;programName\&quot;: \&quot;Testing\&quot;,\n        \&quot;programDescription\&quot;: \&quot;Testing\&quot;,\n        \&quot;online\&quot;: true\n    },\n    {\n        \&quot;programId\&quot;: 3035,\n        \&quot;programName\&quot;: \&quot;string\&quot;,\n        \&quot;programDescription\&quot;: \&quot;string\&quot;,\n        \&quot;online\&quot;: true\n    },\n    {\n        \&quot;programId\&quot;: 3040,\n        \&quot;programName\&quot;: \&quot;SDET19dittuafter clean up\&quot;,\n        \&quot;programDescription\&quot;: \&quot;sampledittuafter clean\&quot;,\n        \&quot;online\&quot;: false\n    },\n    {\n        \&quot;programId\&quot;: 3041,\n        \&quot;programName\&quot;: \&quot;SDET19put testupadted\&quot;,\n        \&quot;programDescription\&quot;: \&quot;put test\&quot;,\n        \&quot;online\&quot;: false\n    },\n    {\n        \&quot;programId\&quot;: 3042,\n        \&quot;programName\&quot;: \&quot;SDET19put testupadted is Modified Nowxx\&quot;,\n        \&quot;programDescription\&quot;: \&quot;put test\&quot;,\n        \&quot;online\&quot;: false\n    },\n    {\n        \&quot;programId\&quot;: 3043,\n        \&quot;programName\&quot;: \&quot;string\&quot;,\n        \&quot;programDescription\&quot;: \&quot;string\&quot;,\n        \&quot;online\&quot;: true\n    },\n    {\n        \&quot;programId\&quot;: 3044,\n        \&quot;programName\&quot;: \&quot;Testing modified\&quot;,\n        \&quot;programDescription\&quot;: \&quot;Testing modified\&quot;,\n        \&quot;online\&quot;: true\n    },\n    {\n        \&quot;programId\&quot;: 3045,\n        \&quot;programName\&quot;: \&quot;Testing\&quot;,\n        \&quot;programDescription\&quot;: \&quot;Testing\&quot;,\n        \&quot;online\&quot;: true\n    },\n    {\n        \&quot;programId\&quot;: 3048,\n        \&quot;programName\&quot;: \&quot;string\&quot;,\n        \&quot;programDescription\&quot;: \&quot;string\&quot;,\n        \&quot;online\&quot;: true\n    },\n    {\n        \&quot;programId\&quot;: 3050,\n        \&quot;programName\&quot;: \&quot;string\&quot;,\n        \&quot;programDescription\&quot;: \&quot;string\&quot;,\n        \&quot;online\&quot;: true\n    },\n    {\n        \&quot;programId\&quot;: 3051,\n        \&quot;programName\&quot;: \&quot;string\&quot;,\n        \&quot;programDescription\&quot;: \&quot;string\&quot;,\n        \&quot;online\&quot;: true\n    },\n    {\n        \&quot;programId\&quot;: 3052,\n        \&quot;programName\&quot;: \&quot;string\&quot;,\n        \&quot;programDescription\&quot;: \&quot;string\&quot;,\n        \&quot;online\&quot;: true\n    },\n    {\n        \&quot;programId\&quot;: 3053,\n        \&quot;programName\&quot;: \&quot;string\&quot;,\n        \&quot;programDescription\&quot;: \&quot;string\&quot;,\n        \&quot;online\&quot;: true\n    },\n    {\n        \&quot;programId\&quot;: 3055,\n        \&quot;programName\&quot;: \&quot;string\&quot;,\n        \&quot;programDescription\&quot;: \&quot;string\&quot;,\n        \&quot;online\&quot;: true\n    },\n    {\n        \&quot;programId\&quot;: 3057,\n        \&quot;programName\&quot;: \&quot;SDET post record test\&quot;,\n        \&quot;programDescription\&quot;: \&quot;sample description\&quot;,\n        \&quot;online\&quot;: false\n    },\n    {\n        \&quot;programId\&quot;: 3066,\n        \&quot;programName\&quot;: \&quot;Selenium\&quot;,\n        \&quot;programDescription\&quot;: \&quot;Hackathon\&quot;,\n        \&quot;online\&quot;: true\n    },\n    {\n        \&quot;programId\&quot;: 3067,\n        \&quot;programName\&quot;: \&quot;SDET post record test\&quot;,\n        \&quot;programDescription\&quot;: \&quot;sample description\&quot;,\n        \&quot;online\&quot;: false\n    },\n    {\n        \&quot;programId\&quot;: 3068,\n        \&quot;programName\&quot;: \&quot;SDET put test\&quot;,\n        \&quot;programDescription\&quot;: \&quot;put test desc\&quot;,\n        \&quot;online\&quot;: false\n    },\n    {\n        \&quot;programId\&quot;: 3069,\n        \&quot;programName\&quot;: \&quot;SDET put test is Modified Nowxx\&quot;,\n        \&quot;programDescription\&quot;: \&quot;put test desc\&quot;,\n        \&quot;online\&quot;: false\n    },\n    {\n        \&quot;programId\&quot;: 3070,\n        \&quot;programName\&quot;: \&quot;string\&quot;,\n        \&quot;programDescription\&quot;: \&quot;string\&quot;,\n        \&quot;online\&quot;: true\n    },\n    {\n        \&quot;programId\&quot;: 3072,\n        \&quot;programName\&quot;: \&quot;SdetAutomationTesting\&quot;,\n        \&quot;programDescription\&quot;: \&quot;SeniorSdet18\&quot;,\n        \&quot;online\&quot;: false\n    },\n    {\n        \&quot;programId\&quot;: 3073,\n        \&quot;programName\&quot;: \&quot;string\&quot;,\n        \&quot;programDescription\&quot;: \&quot;string\&quot;,\n        \&quot;online\&quot;: true\n    },\n    {\n        \&quot;programId\&quot;: 3074,\n        \&quot;programName\&quot;: \&quot;Testing\&quot;,\n        \&quot;programDescription\&quot;: \&quot;Testing\&quot;,\n        \&quot;online\&quot;: true\n    },\n    {\n        \&quot;programId\&quot;: 3076,\n        \&quot;programName\&quot;: \&quot;string\&quot;,\n        \&quot;programDescription\&quot;: \&quot;string\&quot;,\n        \&quot;online\&quot;: true\n    },\n    {\n        \&quot;programId\&quot;: 3086,\n        \&quot;programName\&quot;: \&quot;DSALGOSdet18\&quot;,\n        \&quot;programDescription\&quot;: \&quot;Hackethon\&quot;,\n        \&quot;online\&quot;: true\n    },\n    {\n        \&quot;programId\&quot;: 3079,\n        \&quot;programName\&quot;: \&quot;API Testing1\&quot;,\n        \&quot;programDescription\&quot;: \&quot;API Testing1 on LMS with json payload\&quot;,\n        \&quot;online\&quot;: true\n    },\n    {\n        \&quot;programId\&quot;: 3075,\n        \&quot;programName\&quot;: \&quot;SdetAutomationTesting\&quot;,\n        \&quot;programDescription\&quot;: \&quot;SeniorSdet18\&quot;,\n        \&quot;online\&quot;: false\n    },\n    {\n        \&quot;programId\&quot;: 3080,\n        \&quot;programName\&quot;: \&quot;java\&quot;,\n        \&quot;programDescription\&quot;: \&quot;sdet45\&quot;,\n        \&quot;online\&quot;: true\n    },\n    {\n        \&quot;programId\&quot;: 3081,\n        \&quot;programName\&quot;: \&quot;c++\&quot;,\n        \&quot;programDescription\&quot;: \&quot;sdet12\&quot;,\n        \&quot;online\&quot;: true\n    },\n    {\n        \&quot;programId\&quot;: 3082,\n        \&quot;programName\&quot;: \&quot;java\&quot;,\n        \&quot;programDescription\&quot;: \&quot;sdet45\&quot;,\n        \&quot;online\&quot;: true\n    },\n    {\n        \&quot;programId\&quot;: 3083,\n        \&quot;programName\&quot;: \&quot;c++\&quot;,\n        \&quot;programDescription\&quot;: \&quot;sdet12\&quot;,\n        \&quot;online\&quot;: true\n    },\n    {\n        \&quot;programId\&quot;: 3084,\n        \&quot;programName\&quot;: \&quot;programName\&quot;,\n        \&quot;programDescription\&quot;: \&quot;programDescription\&quot;,\n        \&quot;online\&quot;: true\n    },\n    {\n        \&quot;programId\&quot;: 3085,\n        \&quot;programName\&quot;: \&quot;DSALGOSdet18\&quot;,\n        \&quot;programDescription\&quot;: \&quot;Hackethon\&quot;,\n        \&quot;online\&quot;: true\n    },\n    {\n        \&quot;programId\&quot;: 3087,\n        \&quot;programName\&quot;: \&quot;DSALGOSdet18\&quot;,\n        \&quot;programDescription\&quot;: \&quot;Hackethon\&quot;,\n        \&quot;online\&quot;: true\n    },\n    {\n        \&quot;programId\&quot;: 3088,\n        \&quot;programName\&quot;: \&quot;1234\&quot;,\n        \&quot;programDescription\&quot;: \&quot;testing\&quot;,\n        \&quot;online\&quot;: true\n    },\n    {\n        \&quot;programId\&quot;: 3089,\n        \&quot;programName\&quot;: \&quot;string\&quot;,\n        \&quot;programDescription\&quot;: \&quot;string\&quot;,\n        \&quot;online\&quot;: true\n    },\n    {\n        \&quot;programId\&quot;: 3090,\n        \&quot;programName\&quot;: \&quot;string\&quot;,\n        \&quot;programDescription\&quot;: \&quot;string\&quot;,\n        \&quot;online\&quot;: true\n    },\n    {\n        \&quot;programId\&quot;: 3091,\n        \&quot;programName\&quot;: \&quot;string\&quot;,\n        \&quot;programDescription\&quot;: \&quot;string\&quot;,\n        \&quot;online\&quot;: true\n    },\n    {\n        \&quot;programId\&quot;: 3092,\n        \&quot;programName\&quot;: \&quot;string\&quot;,\n        \&quot;programDescription\&quot;: \&quot;string\&quot;,\n        \&quot;online\&quot;: true\n    },\n    {\n        \&quot;programId\&quot;: 3093,\n        \&quot;programName\&quot;: \&quot;string\&quot;,\n        \&quot;programDescription\&quot;: \&quot;string\&quot;,\n        \&quot;online\&quot;: true\n    },\n    {\n        \&quot;programId\&quot;: 3094,\n        \&quot;programName\&quot;: \&quot;string\&quot;,\n        \&quot;programDescription\&quot;: \&quot;string\&quot;,\n        \&quot;online\&quot;: true\n    },\n    {\n        \&quot;programId\&quot;: 3095,\n        \&quot;programName\&quot;: \&quot;string\&quot;,\n        \&quot;programDescription\&quot;: \&quot;string\&quot;,\n        \&quot;online\&quot;: true\n    },\n    {\n        \&quot;programId\&quot;: 3096,\n        \&quot;programName\&quot;: \&quot;string\&quot;,\n        \&quot;programDescription\&quot;: \&quot;string\&quot;,\n        \&quot;online\&quot;: true\n    },\n    {\n        \&quot;programId\&quot;: 3097,\n        \&quot;programName\&quot;: \&quot;string\&quot;,\n        \&quot;programDescription\&quot;: \&quot;string\&quot;,\n        \&quot;online\&quot;: true\n    },\n    {\n        \&quot;programId\&quot;: 3098,\n        \&quot;programName\&quot;: \&quot;Testing modified from postman\&quot;,\n        \&quot;programDescription\&quot;: \&quot;Testing modified\&quot;,\n        \&quot;online\&quot;: true\n    },\n    {\n        \&quot;programId\&quot;: 3099,\n        \&quot;programName\&quot;: \&quot;Testing modified from postman\&quot;,\n        \&quot;programDescription\&quot;: \&quot;Testing modified\&quot;,\n        \&quot;online\&quot;: true\n    },\n    {\n        \&quot;programId\&quot;: 3100,\n        \&quot;programName\&quot;: \&quot;Testing modified from postman\&quot;,\n        \&quot;programDescription\&quot;: \&quot;Testing modified\&quot;,\n        \&quot;online\&quot;: true\n    },\n    {\n        \&quot;programId\&quot;: 3101,\n        \&quot;programName\&quot;: \&quot;Testing modified from postman\&quot;,\n        \&quot;programDescription\&quot;: \&quot;Testing modified\&quot;,\n        \&quot;online\&quot;: true\n    },\n    {\n        \&quot;programId\&quot;: 3102,\n        \&quot;programName\&quot;: \&quot;Testing modified from postman\&quot;,\n        \&quot;programDescription\&quot;: \&quot;Testing modified\&quot;,\n        \&quot;online\&quot;: true\n    },\n    {\n        \&quot;programId\&quot;: 3103,\n        \&quot;programName\&quot;: \&quot;BDD\&quot;,\n        \&quot;programDescription\&quot;: \&quot;BDD testing\&quot;,\n        \&quot;online\&quot;: true\n    },\n    {\n        \&quot;programId\&quot;: 3104,\n        \&quot;programName\&quot;: \&quot;Testing modified from postman\&quot;,\n        \&quot;programDescription\&quot;: \&quot;Testing modified\&quot;,\n        \&quot;online\&quot;: true\n    },\n    {\n        \&quot;programId\&quot;: 3105,\n        \&quot;programName\&quot;: \&quot;Testing modified from postman\&quot;,\n        \&quot;programDescription\&quot;: \&quot;Testing modified\&quot;,\n        \&quot;online\&quot;: true\n    },\n    {\n        \&quot;programId\&quot;: 3106,\n        \&quot;programName\&quot;: \&quot;Testing modified from postman\&quot;,\n        \&quot;programDescription\&quot;: \&quot;Testing modified\&quot;,\n        \&quot;online\&quot;: true\n    },\n    {\n        \&quot;programId\&quot;: 3107,\n        \&quot;programName\&quot;: \&quot;Testing modified from postman\&quot;,\n        \&quot;programDescription\&quot;: \&quot;Testing modified\&quot;,\n        \&quot;online\&quot;: true\n    },\n    {\n        \&quot;programId\&quot;: 3442,\n        \&quot;programName\&quot;: \&quot;Blank Testing\&quot;,\n        \&quot;programDescription\&quot;: \&quot;\&quot;,\n        \&quot;online\&quot;: true\n    },\n    {\n        \&quot;programId\&quot;: 3443,\n        \&quot;programName\&quot;: \&quot;Blank Testing\&quot;,\n        \&quot;programDescription\&quot;: \&quot;\&quot;,\n        \&quot;online\&quot;: true\n    },\n    {\n        \&quot;programId\&quot;: 3799,\n        \&quot;programName\&quot;: \&quot;Automation Testing\&quot;,\n        \&quot;programDescription\&quot;: \&quot;RestAssured\&quot;,\n        \&quot;online\&quot;: true\n    },\n    {\n        \&quot;programId\&quot;: 3109,\n        \&quot;programName\&quot;: \&quot;cucumber learning part 1 modified\&quot;,\n        \&quot;programDescription\&quot;: \&quot;cucumber learning part 1\&quot;,\n        \&quot;online\&quot;: false\n    },\n    {\n        \&quot;programId\&quot;: 3881,\n        \&quot;programName\&quot;: \&quot;string\&quot;,\n        \&quot;programDescription\&quot;: \&quot;pg test\&quot;,\n        \&quot;online\&quot;: true\n    },\n    {\n        \&quot;programId\&quot;: 3111,\n        \&quot;programName\&quot;: \&quot;cucumber learning part 1 modified\&quot;,\n        \&quot;programDescription\&quot;: \&quot;cucumber learning part 1\&quot;,\n        \&quot;online\&quot;: false\n    },\n    {\n        \&quot;programId\&quot;: 7366,\n        \&quot;programName\&quot;: \&quot;Testing test\&quot;,\n        \&quot;programDescription\&quot;: \&quot;Testing modified\&quot;,\n        \&quot;online\&quot;: true\n    },\n    {\n        \&quot;programId\&quot;: 3113,\n        \&quot;programName\&quot;: \&quot;cucumber learning part 1 modified\&quot;,\n        \&quot;programDescription\&quot;: \&quot;cucumber learning part 1\&quot;,\n        \&quot;online\&quot;: false\n    },\n    {\n        \&quot;programId\&quot;: 3233,\n        \&quot;programName\&quot;: \&quot;Project Manager\&quot;,\n        \&quot;programDescription\&quot;: \&quot;Projet Management\&quot;,\n        \&quot;online\&quot;: false\n    },\n    {\n        \&quot;programId\&quot;: 3115,\n        \&quot;programName\&quot;: \&quot;cucumber learning part 1 modified\&quot;,\n        \&quot;programDescription\&quot;: \&quot;cucumber learning part 1\&quot;,\n        \&quot;online\&quot;: false\n    },\n    {\n        \&quot;programId\&quot;: 7367,\n        \&quot;programName\&quot;: \&quot;Angular\&quot;,\n        \&quot;programDescription\&quot;: \&quot;AngularTESTST\&quot;,\n        \&quot;online\&quot;: true\n    },\n    {\n        \&quot;programId\&quot;: 3117,\n        \&quot;programName\&quot;: \&quot;cucumber learning part 1 modified\&quot;,\n        \&quot;programDescription\&quot;: \&quot;cucumber learning part 1\&quot;,\n        \&quot;online\&quot;: false\n    },\n    {\n        \&quot;programId\&quot;: 7414,\n        \&quot;programName\&quot;: \&quot;anjali\&quot;,\n        \&quot;programDescription\&quot;: \&quot;anjali\&quot;,\n        \&quot;online\&quot;: true\n    },\n    {\n        \&quot;programId\&quot;: 3119,\n        \&quot;programName\&quot;: \&quot;cucumber learning part 1 modified\&quot;,\n        \&quot;programDescription\&quot;: \&quot;cucumber learning part 1\&quot;,\n        \&quot;online\&quot;: false\n    },\n    {\n        \&quot;programId\&quot;: 3120,\n        \&quot;programName\&quot;: \&quot;testing\&quot;,\n        \&quot;programDescription\&quot;: \&quot;testing\&quot;,\n        \&quot;online\&quot;: true\n    },\n    {\n        \&quot;programId\&quot;: 3121,\n        \&quot;programName\&quot;: \&quot;testing\&quot;,\n        \&quot;programDescription\&quot;: \&quot;testing\&quot;,\n        \&quot;online\&quot;: true\n    },\n    {\n        \&quot;programId\&quot;: 3122,\n        \&quot;programName\&quot;: \&quot;Testing modifier\&quot;,\n        \&quot;programDescription\&quot;: \&quot;Testing modifier\&quot;,\n        \&quot;online\&quot;: true\n    },\n    {\n        \&quot;programId\&quot;: 3123,\n        \&quot;programName\&quot;: \&quot;testing\&quot;,\n        \&quot;programDescription\&quot;: \&quot;testing\&quot;,\n        \&quot;online\&quot;: true\n    },\n    {\n        \&quot;programId\&quot;: 7415,\n        \&quot;programName\&quot;: \&quot;anjali\&quot;,\n        \&quot;programDescription\&quot;: \&quot;anjali\&quot;,\n        \&quot;online\&quot;: true\n    },\n    {\n        \&quot;programId\&quot;: 3126,\n        \&quot;programName\&quot;: \&quot;Testing modifier\&quot;,\n        \&quot;programDescription\&quot;: \&quot;Testing modifier\&quot;,\n        \&quot;online\&quot;: true\n    },\n    {\n        \&quot;programId\&quot;: 3127,\n        \&quot;programName\&quot;: \&quot;testing\&quot;,\n        \&quot;programDescription\&quot;: \&quot;testing\&quot;,\n        \&quot;online\&quot;: true\n    },\n    {\n        \&quot;programId\&quot;: 3130,\n        \&quot;programName\&quot;: \&quot;putprogram\&quot;,\n        \&quot;programDescription\&quot;: \&quot;Put Program Testing\&quot;,\n        \&quot;online\&quot;: true\n    },\n    {\n        \&quot;programId\&quot;: 3131,\n        \&quot;programName\&quot;: \&quot;putprogram\&quot;,\n        \&quot;programDescription\&quot;: \&quot;Put Program Testing\&quot;,\n        \&quot;online\&quot;: true\n    },\n    {\n        \&quot;programId\&quot;: 3132,\n        \&quot;programName\&quot;: \&quot;Testing modified\&quot;,\n        \&quot;programDescription\&quot;: \&quot;Testing modified\&quot;,\n        \&quot;online\&quot;: true\n    },\n    {\n        \&quot;programId\&quot;: 3133,\n        \&quot;programName\&quot;: \&quot;putprogram\&quot;,\n        \&quot;programDescription\&quot;: \&quot;Put Program Testing\&quot;,\n        \&quot;online\&quot;: true\n    },\n    {\n        \&quot;programId\&quot;: 3134,\n        \&quot;programName\&quot;: \&quot;putprogram\&quot;,\n        \&quot;programDescription\&quot;: \&quot;Put Program Testing\&quot;,\n        \&quot;online\&quot;: true\n    },\n    {\n        \&quot;programId\&quot;: 3135,\n        \&quot;programName\&quot;: \&quot;Testing modified from postman\&quot;,\n        \&quot;programDescription\&quot;: \&quot;Testing modified\&quot;,\n        \&quot;online\&quot;: true\n    },\n    {\n        \&quot;programId\&quot;: 3136,\n        \&quot;programName\&quot;: \&quot;putprogram\&quot;,\n        \&quot;programDescription\&quot;: \&quot;Put Program Testing\&quot;,\n        \&quot;online\&quot;: true\n    },\n    {\n        \&quot;programId\&quot;: 3137,\n        \&quot;programName\&quot;: \&quot;Testing modified from postman\&quot;,\n        \&quot;programDescription\&quot;: \&quot;Testing modified\&quot;,\n        \&quot;online\&quot;: true\n    },\n    {\n        \&quot;programId\&quot;: 3138,\n        \&quot;programName\&quot;: \&quot;Testing modified from postman\&quot;,\n        \&quot;programDescription\&quot;: \&quot;Testing modified\&quot;,\n        \&quot;online\&quot;: true\n    },\n    {\n        \&quot;programId\&quot;: 3139,\n        \&quot;programName\&quot;: \&quot;Testing modified from postman\&quot;,\n        \&quot;programDescription\&quot;: \&quot;Testing modified\&quot;,\n        \&quot;online\&quot;: true\n    },\n    {\n        \&quot;programId\&quot;: 3141,\n        \&quot;programName\&quot;: \&quot;Testing\&quot;,\n        \&quot;programDescription\&quot;: \&quot;Testing\&quot;,\n        \&quot;online\&quot;: true\n    },\n    {\n        \&quot;programId\&quot;: 3142,\n        \&quot;programName\&quot;: \&quot;string\&quot;,\n        \&quot;programDescription\&quot;: \&quot;string\&quot;,\n        \&quot;online\&quot;: true\n    },\n    {\n        \&quot;programId\&quot;: 3143,\n        \&quot;programName\&quot;: \&quot;string\&quot;,\n        \&quot;programDescription\&quot;: \&quot;string\&quot;,\n        \&quot;online\&quot;: true\n    },\n    {\n        \&quot;programId\&quot;: 3145,\n        \&quot;programName\&quot;: \&quot;Testing\&quot;,\n        \&quot;programDescription\&quot;: \&quot;Testing\&quot;,\n        \&quot;online\&quot;: true\n    },\n    {\n        \&quot;programId\&quot;: 3213,\n        \&quot;programName\&quot;: \&quot;string\&quot;,\n        \&quot;programDescription\&quot;: \&quot;string\&quot;,\n        \&quot;online\&quot;: true\n    },\n    {\n        \&quot;programId\&quot;: 3146,\n        \&quot;programName\&quot;: \&quot;Testing modified from postman\&quot;,\n        \&quot;programDescription\&quot;: \&quot;Testing modified\&quot;,\n        \&quot;online\&quot;: true\n    },\n    {\n        \&quot;programId\&quot;: 3147,\n        \&quot;programName\&quot;: \&quot;Testing\&quot;,\n        \&quot;programDescription\&quot;: \&quot;Testing\&quot;,\n        \&quot;online\&quot;: true\n    },\n    {\n        \&quot;programId\&quot;: 3148,\n        \&quot;programName\&quot;: \&quot;string\&quot;,\n        \&quot;programDescription\&quot;: \&quot;string\&quot;,\n        \&quot;online\&quot;: true\n    },\n    {\n        \&quot;programId\&quot;: 3149,\n        \&quot;programName\&quot;: \&quot;string\&quot;,\n        \&quot;programDescription\&quot;: \&quot;string\&quot;,\n        \&quot;online\&quot;: true\n    },\n    {\n        \&quot;programId\&quot;: 3150,\n        \&quot;programName\&quot;: \&quot;string\&quot;,\n        \&quot;programDescription\&quot;: \&quot;string\&quot;,\n        \&quot;online\&quot;: true\n    },\n    {\n        \&quot;programId\&quot;: 3151,\n        \&quot;programName\&quot;: \&quot;testing\&quot;,\n        \&quot;programDescription\&quot;: \&quot;testing\&quot;,\n        \&quot;online\&quot;: true\n    },\n    {\n        \&quot;programId\&quot;: 3152,\n        \&quot;programName\&quot;: \&quot;Testing\&quot;,\n        \&quot;programDescription\&quot;: \&quot;Testing\&quot;,\n        \&quot;online\&quot;: true\n    },\n    {\n        \&quot;programId\&quot;: 3214,\n        \&quot;programName\&quot;: \&quot;Testing\&quot;,\n        \&quot;programDescription\&quot;: \&quot;Testing\&quot;,\n        \&quot;online\&quot;: true\n    },\n    {\n        \&quot;programId\&quot;: 3153,\n        \&quot;programName\&quot;: \&quot;Testing_Modified123\&quot;,\n        \&quot;programDescription\&quot;: \&quot;Testing_Modified123\&quot;,\n        \&quot;online\&quot;: true\n    },\n    {\n        \&quot;programId\&quot;: 3154,\n        \&quot;programName\&quot;: \&quot;string\&quot;,\n        \&quot;programDescription\&quot;: \&quot;string\&quot;,\n        \&quot;online\&quot;: true\n    },\n    {\n        \&quot;programId\&quot;: 3215,\n        \&quot;programName\&quot;: \&quot;Testing\&quot;,\n        \&quot;programDescription\&quot;: \&quot;Testing\&quot;,\n        \&quot;online\&quot;: true\n    },\n    {\n        \&quot;programId\&quot;: 3216,\n        \&quot;programName\&quot;: \&quot;Testing\&quot;,\n        \&quot;programDescription\&quot;: \&quot;Testing\&quot;,\n        \&quot;online\&quot;: true\n    },\n    {\n        \&quot;programId\&quot;: 3217,\n        \&quot;programName\&quot;: \&quot;Testing\&quot;,\n        \&quot;programDescription\&quot;: \&quot;Testing\&quot;,\n        \&quot;online\&quot;: true\n    },\n    {\n        \&quot;programId\&quot;: 3161,\n        \&quot;programName\&quot;: \&quot;string\&quot;,\n        \&quot;programDescription\&quot;: \&quot;string\&quot;,\n        \&quot;online\&quot;: true\n    },\n    {\n        \&quot;programId\&quot;: 3162,\n        \&quot;programName\&quot;: \&quot;string\&quot;,\n        \&quot;programDescription\&quot;: \&quot;string\&quot;,\n        \&quot;online\&quot;: true\n    },\n    {\n        \&quot;programId\&quot;: 3163,\n        \&quot;programName\&quot;: \&quot;Testing\&quot;,\n        \&quot;programDescription\&quot;: \&quot;Testing\&quot;,\n        \&quot;online\&quot;: true\n    },\n    {\n        \&quot;programId\&quot;: 3165,\n        \&quot;programName\&quot;: \&quot;string\&quot;,\n        \&quot;programDescription\&quot;: \&quot;string\&quot;,\n        \&quot;online\&quot;: true\n    },\n    {\n        \&quot;programId\&quot;: 3166,\n        \&quot;programName\&quot;: \&quot;Testing\&quot;,\n        \&quot;programDescription\&quot;: \&quot;Testing\&quot;,\n        \&quot;online\&quot;: true\n    },\n    {\n        \&quot;programId\&quot;: 3167,\n        \&quot;programName\&quot;: \&quot;string\&quot;,\n        \&quot;programDescription\&quot;: \&quot;string\&quot;,\n        \&quot;online\&quot;: true\n    },\n    {\n        \&quot;programId\&quot;: 3170,\n        \&quot;programName\&quot;: \&quot;Testing\&quot;,\n        \&quot;programDescription\&quot;: \&quot;Testing\&quot;,\n        \&quot;online\&quot;: true\n    },\n    {\n        \&quot;programId\&quot;: 3171,\n        \&quot;programName\&quot;: \&quot;Testing\&quot;,\n        \&quot;programDescription\&quot;: \&quot;Testing\&quot;,\n        \&quot;online\&quot;: true\n    },\n    {\n        \&quot;programId\&quot;: 3172,\n        \&quot;programName\&quot;: \&quot;string\&quot;,\n        \&quot;programDescription\&quot;: \&quot;string\&quot;,\n        \&quot;online\&quot;: true\n    },\n    {\n        \&quot;programId\&quot;: 3173,\n        \&quot;programName\&quot;: \&quot;string\&quot;,\n        \&quot;programDescription\&quot;: \&quot;string\&quot;,\n        \&quot;online\&quot;: true\n    },\n    {\n        \&quot;programId\&quot;: 3174,\n        \&quot;programName\&quot;: \&quot;string\&quot;,\n        \&quot;programDescription\&quot;: \&quot;string\&quot;,\n        \&quot;online\&quot;: true\n    },\n    {\n        \&quot;programId\&quot;: 3175,\n        \&quot;programName\&quot;: \&quot;string\&quot;,\n        \&quot;programDescription\&quot;: \&quot;string\&quot;,\n        \&quot;online\&quot;: true\n    },\n    {\n        \&quot;programId\&quot;: 3176,\n        \&quot;programName\&quot;: \&quot;Testing\&quot;,\n        \&quot;programDescription\&quot;: \&quot;Testing\&quot;,\n        \&quot;online\&quot;: true\n    },\n    {\n        \&quot;programId\&quot;: 3177,\n        \&quot;programName\&quot;: \&quot;Testing\&quot;,\n        \&quot;programDescription\&quot;: \&quot;Testing\&quot;,\n        \&quot;online\&quot;: true\n    },\n    {\n        \&quot;programId\&quot;: 3178,\n        \&quot;programName\&quot;: \&quot;string\&quot;,\n        \&quot;programDescription\&quot;: \&quot;string\&quot;,\n        \&quot;online\&quot;: true\n    },\n    {\n        \&quot;programId\&quot;: 3179,\n        \&quot;programName\&quot;: \&quot;string\&quot;,\n        \&quot;programDescription\&quot;: \&quot;string\&quot;,\n        \&quot;online\&quot;: true\n    },\n    {\n        \&quot;programId\&quot;: 3180,\n        \&quot;programName\&quot;: \&quot;string\&quot;,\n        \&quot;programDescription\&quot;: \&quot;string\&quot;,\n        \&quot;online\&quot;: true\n    },\n    {\n        \&quot;programId\&quot;: 3181,\n        \&quot;programName\&quot;: \&quot;string\&quot;,\n        \&quot;programDescription\&quot;: \&quot;string\&quot;,\n        \&quot;online\&quot;: true\n    },\n    {\n        \&quot;programId\&quot;: 3182,\n        \&quot;programName\&quot;: \&quot;string\&quot;,\n        \&quot;programDescription\&quot;: \&quot;string\&quot;,\n        \&quot;online\&quot;: true\n    },\n    {\n        \&quot;programId\&quot;: 3183,\n        \&quot;programName\&quot;: \&quot;string\&quot;,\n        \&quot;programDescription\&quot;: \&quot;string\&quot;,\n        \&quot;online\&quot;: true\n    },\n    {\n        \&quot;programId\&quot;: 3184,\n        \&quot;programName\&quot;: \&quot;string\&quot;,\n        \&quot;programDescription\&quot;: \&quot;string\&quot;,\n        \&quot;online\&quot;: true\n    },\n    {\n        \&quot;programId\&quot;: 3185,\n        \&quot;programName\&quot;: \&quot;Testing\&quot;,\n        \&quot;programDescription\&quot;: \&quot;Testing\&quot;,\n        \&quot;online\&quot;: true\n    },\n    {\n        \&quot;programId\&quot;: 3186,\n        \&quot;programName\&quot;: \&quot;string\&quot;,\n        \&quot;programDescription\&quot;: \&quot;string\&quot;,\n        \&quot;online\&quot;: true\n    },\n    {\n        \&quot;programId\&quot;: 3187,\n        \&quot;programName\&quot;: \&quot;string\&quot;,\n        \&quot;programDescription\&quot;: \&quot;string\&quot;,\n        \&quot;online\&quot;: true\n    },\n    {\n        \&quot;programId\&quot;: 3188,\n        \&quot;programName\&quot;: \&quot;string\&quot;,\n        \&quot;programDescription\&quot;: \&quot;string\&quot;,\n        \&quot;online\&quot;: true\n    },\n    {\n        \&quot;programId\&quot;: 3189,\n        \&quot;programName\&quot;: \&quot;Testing\&quot;,\n        \&quot;programDescription\&quot;: \&quot;Testing\&quot;,\n        \&quot;online\&quot;: true\n    },\n    {\n        \&quot;programId\&quot;: 3190,\n        \&quot;programName\&quot;: \&quot;string\&quot;,\n        \&quot;programDescription\&quot;: \&quot;string\&quot;,\n        \&quot;online\&quot;: true\n    },\n    {\n        \&quot;programId\&quot;: 3191,\n        \&quot;programName\&quot;: \&quot;Testing\&quot;,\n        \&quot;programDescription\&quot;: \&quot;Testing\&quot;,\n        \&quot;online\&quot;: true\n    },\n    {\n        \&quot;programId\&quot;: 3192,\n        \&quot;programName\&quot;: \&quot;Testing\&quot;,\n        \&quot;programDescription\&quot;: \&quot;Testing\&quot;,\n        \&quot;online\&quot;: true\n    },\n    {\n        \&quot;programId\&quot;: 3193,\n        \&quot;programName\&quot;: \&quot;Testing\&quot;,\n        \&quot;programDescription\&quot;: \&quot;Testing\&quot;,\n        \&quot;online\&quot;: true\n    },\n    {\n        \&quot;programId\&quot;: 3195,\n        \&quot;programName\&quot;: \&quot;string\&quot;,\n        \&quot;programDescription\&quot;: \&quot;string\&quot;,\n        \&quot;online\&quot;: true\n    },\n    {\n        \&quot;programId\&quot;: 3196,\n        \&quot;programName\&quot;: \&quot;Testing\&quot;,\n        \&quot;programDescription\&quot;: \&quot;Testing\&quot;,\n        \&quot;online\&quot;: true\n    },\n    {\n        \&quot;programId\&quot;: 3197,\n        \&quot;programName\&quot;: \&quot;Testing modified\&quot;,\n        \&quot;programDescription\&quot;: \&quot;Testing modified\&quot;,\n        \&quot;online\&quot;: true\n    },\n    {\n        \&quot;programId\&quot;: 3198,\n        \&quot;programName\&quot;: \&quot;Testing modified\&quot;,\n        \&quot;programDescription\&quot;: \&quot;Testing modified\&quot;,\n        \&quot;online\&quot;: true\n    },\n    {\n        \&quot;programId\&quot;: 3199,\n        \&quot;programName\&quot;: \&quot;Testing\&quot;,\n        \&quot;programDescription\&quot;: \&quot;Testing%%%\&quot;,\n        \&quot;online\&quot;: true\n    },\n    {\n        \&quot;programId\&quot;: 3200,\n        \&quot;programName\&quot;: \&quot;Testing\&quot;,\n        \&quot;programDescription\&quot;: \&quot;Testing\&quot;,\n        \&quot;online\&quot;: true\n    },\n    {\n        \&quot;programId\&quot;: 3169,\n        \&quot;programName\&quot;: \&quot;string\&quot;,\n        \&quot;programDescription\&quot;: \&quot;string23\&quot;,\n        \&quot;online\&quot;: true\n    },\n    {\n        \&quot;programId\&quot;: 3201,\n        \&quot;programName\&quot;: \&quot;Testing\&quot;,\n        \&quot;programDescription\&quot;: \&quot;Testing\&quot;,\n        \&quot;online\&quot;: true\n    },\n    {\n        \&quot;programId\&quot;: 3202,\n        \&quot;programName\&quot;: \&quot;Testing modifier\&quot;,\n        \&quot;programDescription\&quot;: \&quot;Testing modifier\&quot;,\n        \&quot;online\&quot;: true\n    },\n    {\n        \&quot;programId\&quot;: 3203,\n        \&quot;programName\&quot;: \&quot;Testing modified\&quot;,\n        \&quot;programDescription\&quot;: \&quot;Testing modified\&quot;,\n        \&quot;online\&quot;: true\n    },\n    {\n        \&quot;programId\&quot;: 3205,\n        \&quot;programName\&quot;: \&quot;string\&quot;,\n        \&quot;programDescription\&quot;: \&quot;string\&quot;,\n        \&quot;online\&quot;: true\n    },\n    {\n        \&quot;programId\&quot;: 3206,\n        \&quot;programName\&quot;: \&quot;string\&quot;,\n        \&quot;programDescription\&quot;: \&quot;string\&quot;,\n        \&quot;online\&quot;: true\n    },\n    {\n        \&quot;programId\&quot;: 3208,\n        \&quot;programName\&quot;: \&quot;string\&quot;,\n        \&quot;programDescription\&quot;: \&quot;string\&quot;,\n        \&quot;online\&quot;: true\n    },\n    {\n        \&quot;programId\&quot;: 3209,\n        \&quot;programName\&quot;: \&quot;delete\&quot;,\n        \&quot;programDescription\&quot;: \&quot;delete\&quot;,\n        \&quot;online\&quot;: true\n    },\n    {\n        \&quot;programId\&quot;: 3218,\n        \&quot;programName\&quot;: \&quot;Testing\&quot;,\n        \&quot;programDescription\&quot;: \&quot;Testing\&quot;,\n        \&quot;online\&quot;: true\n    },\n    {\n        \&quot;programId\&quot;: 3219,\n        \&quot;programName\&quot;: \&quot;Testing\&quot;,\n        \&quot;programDescription\&quot;: \&quot;Testing\&quot;,\n        \&quot;online\&quot;: true\n    },\n    {\n        \&quot;programId\&quot;: 3220,\n        \&quot;programName\&quot;: \&quot;Testing\&quot;,\n        \&quot;programDescription\&quot;: \&quot;Testing\&quot;,\n        \&quot;online\&quot;: true\n    },\n    {\n        \&quot;programId\&quot;: 3221,\n        \&quot;programName\&quot;: \&quot;Testing\&quot;,\n        \&quot;programDescription\&quot;: \&quot;Testing\&quot;,\n        \&quot;online\&quot;: true\n    },\n    {\n        \&quot;programId\&quot;: 3222,\n        \&quot;programName\&quot;: \&quot;string\&quot;,\n        \&quot;programDescription\&quot;: \&quot;string\&quot;,\n        \&quot;online\&quot;: true\n    },\n    {\n        \&quot;programId\&quot;: 3223,\n        \&quot;programName\&quot;: \&quot;online field testing\&quot;,\n        \&quot;programDescription\&quot;: \&quot;entered with numbers\&quot;,\n        \&quot;online\&quot;: true\n    },\n    {\n        \&quot;programId\&quot;: 3224,\n        \&quot;programName\&quot;: \&quot;java\&quot;,\n        \&quot;programDescription\&quot;: \&quot;java-training\&quot;,\n        \&quot;online\&quot;: false\n    },\n    {\n        \&quot;programId\&quot;: 3225,\n        \&quot;programName\&quot;: \&quot;.234\&quot;,\n        \&quot;programDescription\&quot;: \&quot;:\&quot;,\n        \&quot;online\&quot;: true\n    },\n    {\n        \&quot;programId\&quot;: 3226,\n        \&quot;programName\&quot;: \&quot;.988\&quot;,\n        \&quot;programDescription\&quot;: \&quot;dff12\&quot;,\n        \&quot;online\&quot;: true\n    },\n    {\n        \&quot;programId\&quot;: 3229,\n        \&quot;programName\&quot;: \&quot;JAVA\&quot;,\n        \&quot;programDescription\&quot;: \&quot;JAVA Basics\&quot;,\n        \&quot;online\&quot;: true\n    },\n    {\n        \&quot;programId\&quot;: 3230,\n        \&quot;programName\&quot;: \&quot;JAVA\&quot;,\n        \&quot;programDescription\&quot;: \&quot;JAVA Basics\&quot;,\n        \&quot;online\&quot;: true\n    },\n    {\n        \&quot;programId\&quot;: 3231,\n        \&quot;programName\&quot;: \&quot;JAVA\&quot;,\n        \&quot;programDescription\&quot;: \&quot;1JAVA Basics\&quot;,\n        \&quot;online\&quot;: true\n    },\n    {\n        \&quot;programId\&quot;: 3232,\n        \&quot;programName\&quot;: \&quot;JAVA\&quot;,\n        \&quot;programDescription\&quot;: \&quot;\&quot;,\n        \&quot;online\&quot;: true\n    },\n    {\n        \&quot;programId\&quot;: 3168,\n        \&quot;programName\&quot;: \&quot;string\&quot;,\n        \&quot;programDescription\&quot;: \&quot;string23\&quot;,\n        \&quot;online\&quot;: true\n    },\n    {\n        \&quot;programId\&quot;: 3234,\n        \&quot;programName\&quot;: \&quot;JAVA\&quot;,\n        \&quot;programDescription\&quot;: \&quot;\&quot;,\n        \&quot;online\&quot;: true\n    },\n    {\n        \&quot;programId\&quot;: 3235,\n        \&quot;programName\&quot;: \&quot;Testing modified\&quot;,\n        \&quot;programDescription\&quot;: \&quot;Testing modified\&quot;,\n        \&quot;online\&quot;: true\n    },\n    {\n        \&quot;programId\&quot;: 3236,\n        \&quot;programName\&quot;: \&quot;JAVA\&quot;,\n        \&quot;programDescription\&quot;: \&quot;\&quot;,\n        \&quot;online\&quot;: true\n    },\n    {\n        \&quot;programId\&quot;: 3238,\n        \&quot;programName\&quot;: \&quot;.988\&quot;,\n        \&quot;programDescription\&quot;: \&quot;dff12\&quot;,\n        \&quot;online\&quot;: true\n    },\n    {\n        \&quot;programId\&quot;: 3237,\n        \&quot;programName\&quot;: \&quot;.988\&quot;,\n        \&quot;programDescription\&quot;: \&quot;d456735f12\&quot;,\n        \&quot;online\&quot;: true\n    },\n    {\n        \&quot;programId\&quot;: 3239,\n        \&quot;programName\&quot;: \&quot;Testing\&quot;,\n        \&quot;programDescription\&quot;: \&quot;Testing\&quot;,\n        \&quot;online\&quot;: true\n    },\n    {\n        \&quot;programId\&quot;: 3240,\n        \&quot;programName\&quot;: \&quot;Testing\&quot;,\n        \&quot;programDescription\&quot;: \&quot;Testing\&quot;,\n        \&quot;online\&quot;: true\n    },\n    {\n        \&quot;programId\&quot;: 3241,\n        \&quot;programName\&quot;: \&quot;Testing\&quot;,\n        \&quot;programDescription\&quot;: \&quot;Testing\&quot;,\n        \&quot;online\&quot;: true\n    },\n    {\n        \&quot;programId\&quot;: 3242,\n        \&quot;programName\&quot;: \&quot;Testing\&quot;,\n        \&quot;programDescription\&quot;: \&quot;Testing\&quot;,\n        \&quot;online\&quot;: true\n    },\n    {\n        \&quot;programId\&quot;: 3243,\n        \&quot;programName\&quot;: \&quot;Testing\&quot;,\n        \&quot;programDescription\&quot;: \&quot;Testing\&quot;,\n        \&quot;online\&quot;: true\n    },\n    {\n        \&quot;programId\&quot;: 3244,\n        \&quot;programName\&quot;: \&quot;Testing\&quot;,\n        \&quot;programDescription\&quot;: \&quot;Testing\&quot;,\n        \&quot;online\&quot;: true\n    },\n    {\n        \&quot;programId\&quot;: 3247,\n        \&quot;programName\&quot;: \&quot;Testing modified\&quot;,\n        \&quot;programDescription\&quot;: \&quot;Testing modified\&quot;,\n        \&quot;online\&quot;: true\n    },\n    {\n        \&quot;programId\&quot;: 3251,\n        \&quot;programName\&quot;: \&quot;Testing modifier\&quot;,\n        \&quot;programDescription\&quot;: \&quot;Testing modifier\&quot;,\n        \&quot;online\&quot;: true\n    },\n    {\n        \&quot;programId\&quot;: 3252,\n        \&quot;programName\&quot;: \&quot;string\&quot;,\n        \&quot;programDescription\&quot;: \&quot;string\&quot;,\n        \&quot;online\&quot;: true\n    },\n    {\n        \&quot;programId\&quot;: 3253,\n        \&quot;programName\&quot;: \&quot;online field testing\&quot;,\n        \&quot;programDescription\&quot;: null,\n        \&quot;online\&quot;: true\n    },\n    {\n        \&quot;programId\&quot;: 3254,\n        \&quot;programName\&quot;: \&quot;online field testing\&quot;,\n        \&quot;programDescription\&quot;: null,\n        \&quot;online\&quot;: true\n    },\n    {\n        \&quot;programId\&quot;: 3255,\n        \&quot;programName\&quot;: \&quot; divya online field testing\&quot;,\n        \&quot;programDescription\&quot;: null,\n        \&quot;online\&quot;: true\n    },\n    {\n        \&quot;programId\&quot;: 3256,\n        \&quot;programName\&quot;: \&quot; divya online field testing\&quot;,\n        \&quot;programDescription\&quot;: null,\n        \&quot;online\&quot;: true\n    },\n    {\n        \&quot;programId\&quot;: 3257,\n        \&quot;programName\&quot;: \&quot; divya online field testing\&quot;,\n        \&quot;programDescription\&quot;: null,\n        \&quot;online\&quot;: true\n    },\n    {\n        \&quot;programId\&quot;: 3258,\n        \&quot;programName\&quot;: \&quot;online field testing\&quot;,\n        \&quot;programDescription\&quot;: \&quot;entered with numbers\&quot;,\n        \&quot;online\&quot;: true\n    },\n    {\n        \&quot;programId\&quot;: 3259,\n        \&quot;programName\&quot;: \&quot;5\&quot;,\n        \&quot;programDescription\&quot;: \&quot;entered with numbers\&quot;,\n        \&quot;online\&quot;: true\n    },\n    {\n        \&quot;programId\&quot;: 3260,\n        \&quot;programName\&quot;: \&quot;5\&quot;,\n        \&quot;programDescription\&quot;: \&quot;entered with numbers\&quot;,\n        \&quot;online\&quot;: true\n    },\n    {\n        \&quot;programId\&quot;: 3261,\n        \&quot;programName\&quot;: \&quot;5\&quot;,\n        \&quot;programDescription\&quot;: \&quot;entered with numbers\&quot;,\n        \&quot;online\&quot;: true\n    },\n    {\n        \&quot;programId\&quot;: 3264,\n        \&quot;programName\&quot;: \&quot;online field testing\&quot;,\n        \&quot;programDescription\&quot;: \&quot;entered with numbers\&quot;,\n        \&quot;online\&quot;: true\n    },\n    {\n        \&quot;programId\&quot;: 3265,\n        \&quot;programName\&quot;: \&quot;online field testing\&quot;,\n        \&quot;programDescription\&quot;: \&quot;entered with numbers\&quot;,\n        \&quot;online\&quot;: true\n    },\n    {\n        \&quot;programId\&quot;: 3124,\n        \&quot;programName\&quot;: \&quot;Testing1\&quot;,\n        \&quot;programDescription\&quot;: \&quot;Testing1\&quot;,\n        \&quot;online\&quot;: true\n    },\n    {\n        \&quot;programId\&quot;: 3267,\n        \&quot;programName\&quot;: \&quot;online field testing\&quot;,\n        \&quot;programDescription\&quot;: \&quot;entered with numbers\&quot;,\n        \&quot;online\&quot;: true\n    },\n    {\n        \&quot;programId\&quot;: 3268,\n        \&quot;programName\&quot;: \&quot;5\&quot;,\n        \&quot;programDescription\&quot;: \&quot;entered with numbers\&quot;,\n        \&quot;online\&quot;: true\n    },\n    {\n        \&quot;programId\&quot;: 3269,\n        \&quot;programName\&quot;: \&quot;0.2458\&quot;,\n        \&quot;programDescription\&quot;: \&quot;thous7and100\&quot;,\n        \&quot;online\&quot;: true\n    },\n    {\n        \&quot;programId\&quot;: 3270,\n        \&quot;programName\&quot;: \&quot;0.2458\&quot;,\n        \&quot;programDescription\&quot;: \&quot;thousand100\&quot;,\n        \&quot;online\&quot;: true\n    },\n    {\n        \&quot;programId\&quot;: 3271,\n        \&quot;programName\&quot;: \&quot;0.2458\&quot;,\n        \&quot;programDescription\&quot;: \&quot;thousand100\&quot;,\n        \&quot;online\&quot;: true\n    },\n    {\n        \&quot;programId\&quot;: 3272,\n        \&quot;programName\&quot;: \&quot;null program id update\&quot;,\n        \&quot;programDescription\&quot;: \&quot;null numeric\&quot;,\n        \&quot;online\&quot;: true\n    },\n    {\n        \&quot;programId\&quot;: 3273,\n        \&quot;programName\&quot;: \&quot;how r u\&quot;,\n        \&quot;programDescription\&quot;: \&quot;hellothousand100\&quot;,\n        \&quot;online\&quot;: true\n    },\n    {\n        \&quot;programId\&quot;: 3274,\n        \&quot;programName\&quot;: \&quot;nonexisting program id\&quot;,\n        \&quot;programDescription\&quot;: \&quot;nonexisting program id\&quot;,\n        \&quot;online\&quot;: true\n    },\n    {\n        \&quot;programId\&quot;: 3275,\n        \&quot;programName\&quot;: \&quot;postman nonexisting program id\&quot;,\n        \&quot;programDescription\&quot;: \&quot;testing nonexisting program id\&quot;,\n        \&quot;online\&quot;: true\n    },\n    {\n        \&quot;programId\&quot;: 3276,\n        \&quot;programName\&quot;: \&quot;postman nonexisting program id\&quot;,\n        \&quot;programDescription\&quot;: \&quot;testing nonexisting program id\&quot;,\n        \&quot;online\&quot;: true\n    },\n    {\n        \&quot;programId\&quot;: 3277,\n        \&quot;programName\&quot;: \&quot;postman nonexisting program id\&quot;,\n        \&quot;programDescription\&quot;: \&quot;testing nonexisting program id\&quot;,\n        \&quot;online\&quot;: true\n    },\n    {\n        \&quot;programId\&quot;: 3278,\n        \&quot;programName\&quot;: \&quot;postman nonexisting program id\&quot;,\n        \&quot;programDescription\&quot;: \&quot;testing nonexisting program id\&quot;,\n        \&quot;online\&quot;: true\n    },\n    {\n        \&quot;programId\&quot;: 3279,\n        \&quot;programName\&quot;: \&quot;Company\&quot;,\n        \&quot;programDescription\&quot;: \&quot;Trying\&quot;,\n        \&quot;online\&quot;: true\n    },\n    {\n        \&quot;programId\&quot;: 3280,\n        \&quot;programName\&quot;: \&quot;Company\&quot;,\n        \&quot;programDescription\&quot;: \&quot;Trying\&quot;,\n        \&quot;online\&quot;: true\n    },\n    {\n        \&quot;programId\&quot;: 3281,\n        \&quot;programName\&quot;: \&quot;Company\&quot;,\n        \&quot;programDescription\&quot;: \&quot;Trying\&quot;,\n        \&quot;online\&quot;: true\n    },\n    {\n        \&quot;programId\&quot;: 3282,\n        \&quot;programName\&quot;: \&quot;Company\&quot;,\n        \&quot;programDescription\&quot;: \&quot;Trying\&quot;,\n        \&quot;online\&quot;: true\n    },\n    {\n        \&quot;programId\&quot;: 3283,\n        \&quot;programName\&quot;: \&quot;online field testing\&quot;,\n        \&quot;programDescription\&quot;: \&quot;entered with numbers\&quot;,\n        \&quot;online\&quot;: true\n    },\n    {\n        \&quot;programId\&quot;: 3284,\n        \&quot;programName\&quot;: \&quot;online field testing\&quot;,\n        \&quot;programDescription\&quot;: \&quot;entered with numbers\&quot;,\n        \&quot;online\&quot;: true\n    },\n    {\n        \&quot;programId\&quot;: 3285,\n        \&quot;programName\&quot;: \&quot;online field testing\&quot;,\n        \&quot;programDescription\&quot;: \&quot;online field - entered numbers\&quot;,\n        \&quot;online\&quot;: true\n    },\n    {\n        \&quot;programId\&quot;: 3286,\n        \&quot;programName\&quot;: \&quot;Testing\&quot;,\n        \&quot;programDescription\&quot;: \&quot;Testing\&quot;,\n        \&quot;online\&quot;: true\n    },\n    {\n        \&quot;programId\&quot;: 3287,\n        \&quot;programName\&quot;: \&quot;Testing\&quot;,\n        \&quot;programDescription\&quot;: \&quot;Testing\&quot;,\n        \&quot;online\&quot;: true\n    },\n    {\n        \&quot;programId\&quot;: 3288,\n        \&quot;programName\&quot;: \&quot;string\&quot;,\n        \&quot;programDescription\&quot;: \&quot;string\&quot;,\n        \&quot;online\&quot;: true\n    },\n    {\n        \&quot;programId\&quot;: 3289,\n        \&quot;programName\&quot;: \&quot;string\&quot;,\n        \&quot;programDescription\&quot;: \&quot;string\&quot;,\n        \&quot;online\&quot;: true\n    },\n    {\n        \&quot;programId\&quot;: 3290,\n        \&quot;programName\&quot;: \&quot;string\&quot;,\n        \&quot;programDescription\&quot;: \&quot;string\&quot;,\n        \&quot;online\&quot;: true\n    },\n    {\n        \&quot;programId\&quot;: 3291,\n        \&quot;programName\&quot;: \&quot;string\&quot;,\n        \&quot;programDescription\&quot;: \&quot;string\&quot;,\n        \&quot;online\&quot;: true\n    },\n    {\n        \&quot;programId\&quot;: 3292,\n        \&quot;programName\&quot;: \&quot;online field testing\&quot;,\n        \&quot;programDescription\&quot;: \&quot;entered with numbers\&quot;,\n        \&quot;online\&quot;: true\n    },\n    {\n        \&quot;programId\&quot;: 3293,\n        \&quot;programName\&quot;: \&quot;online field testing\&quot;,\n        \&quot;programDescription\&quot;: \&quot;entered with numbers\&quot;,\n        \&quot;online\&quot;: true\n    },\n    {\n        \&quot;programId\&quot;: 3294,\n        \&quot;programName\&quot;: \&quot;online field testing\&quot;,\n        \&quot;programDescription\&quot;: \&quot;entered with numbers\&quot;,\n        \&quot;online\&quot;: true\n    },\n    {\n        \&quot;programId\&quot;: 3295,\n        \&quot;programName\&quot;: \&quot;online field testing\&quot;,\n        \&quot;programDescription\&quot;: \&quot;entered with numbers\&quot;,\n        \&quot;online\&quot;: true\n    },\n    {\n        \&quot;programId\&quot;: 3296,\n        \&quot;programName\&quot;: \&quot;string\&quot;,\n        \&quot;programDescription\&quot;: \&quot;string\&quot;,\n        \&quot;online\&quot;: true\n    },\n    {\n        \&quot;programId\&quot;: 3297,\n        \&quot;programName\&quot;: \&quot;Testing\&quot;,\n        \&quot;programDescription\&quot;: \&quot;Testing\&quot;,\n        \&quot;online\&quot;: true\n    },\n    {\n        \&quot;programId\&quot;: 3298,\n        \&quot;programName\&quot;: \&quot;string\&quot;,\n        \&quot;programDescription\&quot;: \&quot;string\&quot;,\n        \&quot;online\&quot;: true\n    },\n    {\n        \&quot;programId\&quot;: 3299,\n        \&quot;programName\&quot;: \&quot;string\&quot;,\n        \&quot;programDescription\&quot;: \&quot;string\&quot;,\n        \&quot;online\&quot;: true\n    },\n    {\n        \&quot;programId\&quot;: 9241,\n        \&quot;programName\&quot;: \&quot;Testing\&quot;,\n        \&quot;programDescription\&quot;: \&quot;Testing\&quot;,\n        \&quot;online\&quot;: true\n    },\n    {\n        \&quot;programId\&quot;: 3302,\n        \&quot;programName\&quot;: \&quot;testing\&quot;,\n        \&quot;programDescription\&quot;: \&quot;testing\&quot;,\n        \&quot;online\&quot;: true\n    },\n    {\n        \&quot;programId\&quot;: 3303,\n        \&quot;programName\&quot;: \&quot;string\&quot;,\n        \&quot;programDescription\&quot;: \&quot;string\&quot;,\n        \&quot;online\&quot;: true\n    },\n    {\n        \&quot;programId\&quot;: 3304,\n        \&quot;programName\&quot;: \&quot;string\&quot;,\n        \&quot;programDescription\&quot;: \&quot;string\&quot;,\n        \&quot;online\&quot;: true\n    },\n    {\n        \&quot;programId\&quot;: 3305,\n        \&quot;programName\&quot;: \&quot;string\&quot;,\n        \&quot;programDescription\&quot;: \&quot;string\&quot;,\n        \&quot;online\&quot;: true\n    },\n    {\n        \&quot;programId\&quot;: 3306,\n        \&quot;programName\&quot;: \&quot;string\&quot;,\n        \&quot;programDescription\&quot;: \&quot;string\&quot;,\n        \&quot;online\&quot;: true\n    },\n    {\n        \&quot;programId\&quot;: 3307,\n        \&quot;programName\&quot;: \&quot;testing modified\&quot;,\n        \&quot;programDescription\&quot;: \&quot;testing modified\&quot;,\n        \&quot;online\&quot;: true\n    },\n    {\n        \&quot;programId\&quot;: 3308,\n        \&quot;programName\&quot;: \&quot;Testing\&quot;,\n        \&quot;programDescription\&quot;: \&quot;Testing\&quot;,\n        \&quot;online\&quot;: true\n    },\n    {\n        \&quot;programId\&quot;: 3309,\n        \&quot;programName\&quot;: \&quot;Testing\&quot;,\n        \&quot;programDescription\&quot;: \&quot;Testing1\&quot;,\n        \&quot;online\&quot;: true\n    },\n    {\n        \&quot;programId\&quot;: 3310,\n        \&quot;programName\&quot;: \&quot;Testing\&quot;,\n        \&quot;programDescription\&quot;: \&quot;Testing1\&quot;,\n        \&quot;online\&quot;: true\n    },\n    {\n        \&quot;programId\&quot;: 3311,\n        \&quot;programName\&quot;: \&quot;1234\&quot;,\n        \&quot;programDescription\&quot;: \&quot;Testing1\&quot;,\n        \&quot;online\&quot;: true\n    },\n    {\n        \&quot;programId\&quot;: 3312,\n        \&quot;programName\&quot;: \&quot;12.66\&quot;,\n        \&quot;programDescription\&quot;: \&quot;Testing1\&quot;,\n        \&quot;online\&quot;: true\n    },\n    {\n        \&quot;programId\&quot;: 3313,\n        \&quot;programName\&quot;: \&quot;Testing1\&quot;,\n        \&quot;programDescription\&quot;: \&quot;Testing1\&quot;,\n        \&quot;online\&quot;: true\n    },\n    {\n        \&quot;programId\&quot;: 9242,\n        \&quot;programName\&quot;: \&quot;Testing\&quot;,\n        \&quot;programDescription\&quot;: \&quot;Testing\&quot;,\n        \&quot;online\&quot;: true\n    },\n    {\n        \&quot;programId\&quot;: 3344,\n        \&quot;programName\&quot;: \&quot;API Testing1\&quot;,\n        \&quot;programDescription\&quot;: \&quot;Testing2\&quot;,\n        \&quot;online\&quot;: false\n    },\n    {\n        \&quot;programId\&quot;: 3317,\n        \&quot;programName\&quot;: \&quot;API Testing\&quot;,\n        \&quot;programDescription\&quot;: \&quot;test program\&quot;,\n        \&quot;online\&quot;: true\n    },\n    {\n        \&quot;programId\&quot;: 3320,\n        \&quot;programName\&quot;: \&quot;API updated Testing1\&quot;,\n        \&quot;programDescription\&quot;: \&quot;Testing2\&quot;,\n        \&quot;online\&quot;: true\n    },\n    {\n        \&quot;programId\&quot;: 3321,\n        \&quot;programName\&quot;: \&quot;API updated Testing1\&quot;,\n        \&quot;programDescription\&quot;: \&quot;Testing2\&quot;,\n        \&quot;online\&quot;: true\n    },\n    {\n        \&quot;programId\&quot;: 3322,\n        \&quot;programName\&quot;: \&quot;API updated Testing1\&quot;,\n        \&quot;programDescription\&quot;: \&quot;Testing3\&quot;,\n        \&quot;online\&quot;: true\n    },\n    {\n        \&quot;programId\&quot;: 3318,\n        \&quot;programName\&quot;: \&quot;API updated Testing1\&quot;,\n        \&quot;programDescription\&quot;: \&quot;Testing3\&quot;,\n        \&quot;online\&quot;: true\n    },\n    {\n        \&quot;programId\&quot;: 3323,\n        \&quot;programName\&quot;: \&quot;postman non program id\&quot;,\n        \&quot;programDescription\&quot;: \&quot;test\&quot;,\n        \&quot;online\&quot;: false\n    },\n    {\n        \&quot;programId\&quot;: 3324,\n        \&quot;programName\&quot;: \&quot;postman non program id\&quot;,\n        \&quot;programDescription\&quot;: \&quot;test\&quot;,\n        \&quot;online\&quot;: false\n    },\n    {\n        \&quot;programId\&quot;: 3325,\n        \&quot;programName\&quot;: \&quot;Testing\&quot;,\n        \&quot;programDescription\&quot;: \&quot;Testing\&quot;,\n        \&quot;online\&quot;: true\n    },\n    {\n        \&quot;programId\&quot;: 3326,\n        \&quot;programName\&quot;: \&quot;Testing\&quot;,\n        \&quot;programDescription\&quot;: \&quot;Testing\&quot;,\n        \&quot;online\&quot;: true\n    },\n    {\n        \&quot;programId\&quot;: 3327,\n        \&quot;programName\&quot;: \&quot;postman program id\&quot;,\n        \&quot;programDescription\&quot;: \&quot;test\&quot;,\n        \&quot;online\&quot;: false\n    },\n    {\n        \&quot;programId\&quot;: 3328,\n        \&quot;programName\&quot;: \&quot;Testing modified\&quot;,\n        \&quot;programDescription\&quot;: \&quot;Testing modified\&quot;,\n        \&quot;online\&quot;: true\n    },\n    {\n        \&quot;programId\&quot;: 3329,\n        \&quot;programName\&quot;: \&quot;Testing modified\&quot;,\n        \&quot;programDescription\&quot;: \&quot;Testing modified\&quot;,\n        \&quot;online\&quot;: true\n    },\n    {\n        \&quot;programId\&quot;: 3331,\n        \&quot;programName\&quot;: \&quot;Testing modified\&quot;,\n        \&quot;programDescription\&quot;: \&quot;Testing modified\&quot;,\n        \&quot;online\&quot;: true\n    },\n    {\n        \&quot;programId\&quot;: 3333,\n        \&quot;programName\&quot;: \&quot;Testing\&quot;,\n        \&quot;programDescription\&quot;: \&quot;Testing\&quot;,\n        \&quot;online\&quot;: true\n    },\n    {\n        \&quot;programId\&quot;: 3335,\n        \&quot;programName\&quot;: \&quot;string\&quot;,\n        \&quot;programDescription\&quot;: \&quot;string\&quot;,\n        \&quot;online\&quot;: true\n    },\n    {\n        \&quot;programId\&quot;: 3336,\n        \&quot;programName\&quot;: \&quot;string\&quot;,\n        \&quot;programDescription\&quot;: \&quot;string\&quot;,\n        \&quot;online\&quot;: true\n    },\n    {\n        \&quot;programId\&quot;: 3337,\n        \&quot;programName\&quot;: \&quot;Testing modified\&quot;,\n        \&quot;programDescription\&quot;: \&quot;Testing modified\&quot;,\n        \&quot;online\&quot;: true\n    },\n    {\n        \&quot;programId\&quot;: 3338,\n        \&quot;programName\&quot;: \&quot;string\&quot;,\n        \&quot;programDescription\&quot;: \&quot;string\&quot;,\n        \&quot;online\&quot;: true\n    },\n    {\n        \&quot;programId\&quot;: 3339,\n        \&quot;programName\&quot;: \&quot;string\&quot;,\n        \&quot;programDescription\&quot;: \&quot;string\&quot;,\n        \&quot;online\&quot;: true\n    },\n    {\n        \&quot;programId\&quot;: 3340,\n        \&quot;programName\&quot;: \&quot;Testing modified\&quot;,\n        \&quot;programDescription\&quot;: \&quot;Testing modified\&quot;,\n        \&quot;online\&quot;: true\n    },\n    {\n        \&quot;programId\&quot;: 3342,\n        \&quot;programName\&quot;: \&quot;online field testing\&quot;,\n        \&quot;programDescription\&quot;: \&quot;entered with numbers\&quot;,\n        \&quot;online\&quot;: true\n    },\n    {\n        \&quot;programId\&quot;: 3343,\n        \&quot;programName\&quot;: \&quot;string\&quot;,\n        \&quot;programDescription\&quot;: \&quot;string\&quot;,\n        \&quot;online\&quot;: true\n    },\n    {\n        \&quot;programId\&quot;: 3345,\n        \&quot;programName\&quot;: \&quot;Testing\&quot;,\n        \&quot;programDescription\&quot;: \&quot;Testing\&quot;,\n        \&quot;online\&quot;: true\n    },\n    {\n        \&quot;programId\&quot;: 3346,\n        \&quot;programName\&quot;: \&quot;Testing\&quot;,\n        \&quot;programDescription\&quot;: \&quot;Testing\&quot;,\n        \&quot;online\&quot;: true\n    },\n    {\n        \&quot;programId\&quot;: 3347,\n        \&quot;programName\&quot;: \&quot;string\&quot;,\n        \&quot;programDescription\&quot;: \&quot;string\&quot;,\n        \&quot;online\&quot;: true\n    },\n    {\n        \&quot;programId\&quot;: 3348,\n        \&quot;programName\&quot;: \&quot;string\&quot;,\n        \&quot;programDescription\&quot;: \&quot;string\&quot;,\n        \&quot;online\&quot;: true\n    },\n    {\n        \&quot;programId\&quot;: 3349,\n        \&quot;programName\&quot;: \&quot;string\&quot;,\n        \&quot;programDescription\&quot;: \&quot;string\&quot;,\n        \&quot;online\&quot;: true\n    },\n    {\n        \&quot;programId\&quot;: 3351,\n        \&quot;programName\&quot;: \&quot;string\&quot;,\n        \&quot;programDescription\&quot;: \&quot;string\&quot;,\n        \&quot;online\&quot;: true\n    },\n    {\n        \&quot;programId\&quot;: 3352,\n        \&quot;programName\&quot;: \&quot;Testing\&quot;,\n        \&quot;programDescription\&quot;: \&quot;Testing\&quot;,\n        \&quot;online\&quot;: true\n    },\n    {\n        \&quot;programId\&quot;: 3353,\n        \&quot;programName\&quot;: \&quot;Testing\&quot;,\n        \&quot;programDescription\&quot;: \&quot;Testing\&quot;,\n        \&quot;online\&quot;: true\n    },\n    {\n        \&quot;programId\&quot;: 3369,\n        \&quot;programName\&quot;: \&quot;fffffhhhh\&quot;,\n        \&quot;programDescription\&quot;: \&quot;dddddddttttttrrrrrrtttttwwwwwwwooo\&quot;,\n        \&quot;online\&quot;: false\n    },\n    {\n        \&quot;programId\&quot;: 3356,\n        \&quot;programName\&quot;: \&quot;string\&quot;,\n        \&quot;programDescription\&quot;: \&quot;string\&quot;,\n        \&quot;online\&quot;: true\n    },\n    {\n        \&quot;programId\&quot;: 3358,\n        \&quot;programName\&quot;: \&quot;Java 100 Training888\&quot;,\n        \&quot;programDescription\&quot;: \&quot;Java 100 Training8888\&quot;,\n        \&quot;online\&quot;: false\n    },\n    {\n        \&quot;programId\&quot;: 3359,\n        \&quot;programName\&quot;: \&quot;Java 100 Training2525\&quot;,\n        \&quot;programDescription\&quot;: \&quot;Java 100 Training2525\&quot;,\n        \&quot;online\&quot;: true\n    },\n    {\n        \&quot;programId\&quot;: 3360,\n        \&quot;programName\&quot;: \&quot;Java 2525 Training2525\&quot;,\n        \&quot;programDescription\&quot;: \&quot;Java 2525 Training2525\&quot;,\n        \&quot;online\&quot;: true\n    },\n    {\n        \&quot;programId\&quot;: 3362,\n        \&quot;programName\&quot;: \&quot;ffffftttttt\&quot;,\n        \&quot;programDescription\&quot;: \&quot;ddddddd\&quot;,\n        \&quot;online\&quot;: false\n    },\n    {\n        \&quot;programId\&quot;: 3363,\n        \&quot;programName\&quot;: \&quot;ffffftttttt\&quot;,\n        \&quot;programDescription\&quot;: \&quot;ddddddd\&quot;,\n        \&quot;online\&quot;: false\n    },\n    {\n        \&quot;programId\&quot;: 3364,\n        \&quot;programName\&quot;: \&quot;fffff\&quot;,\n        \&quot;programDescription\&quot;: \&quot;dddddddtttttt\&quot;,\n        \&quot;online\&quot;: false\n    },\n    {\n        \&quot;programId\&quot;: 3419,\n        \&quot;programName\&quot;: \&quot;LMSTest70\&quot;,\n        \&quot;programDescription\&quot;: \&quot;\&quot;,\n        \&quot;online\&quot;: true\n    },\n    {\n        \&quot;programId\&quot;: 3365,\n        \&quot;programName\&quot;: \&quot;fffff\&quot;,\n        \&quot;programDescription\&quot;: \&quot;dddddddttttttrrrrrr\&quot;,\n        \&quot;online\&quot;: false\n    },\n    {\n        \&quot;programId\&quot;: 3420,\n        \&quot;programName\&quot;: \&quot;testing\&quot;,\n        \&quot;programDescription\&quot;: \&quot;testing\&quot;,\n        \&quot;online\&quot;: true\n    },\n    {\n        \&quot;programId\&quot;: 3366,\n        \&quot;programName\&quot;: \&quot;fffff\&quot;,\n        \&quot;programDescription\&quot;: \&quot;dddddddttttttrrrrrr\&quot;,\n        \&quot;online\&quot;: false\n    },\n    {\n        \&quot;programId\&quot;: 3367,\n        \&quot;programName\&quot;: \&quot;fffff\&quot;,\n        \&quot;programDescription\&quot;: \&quot;dddddddttttttrrrrrrooooo\&quot;,\n        \&quot;online\&quot;: false\n    },\n    {\n        \&quot;programId\&quot;: 3401,\n        \&quot;programName\&quot;: \&quot;SDET\&quot;,\n        \&quot;programDescription\&quot;: \&quot;programming\&quot;,\n        \&quot;online\&quot;: true\n    },\n    {\n        \&quot;programId\&quot;: 3402,\n        \&quot;programName\&quot;: \&quot;0 program ID Test\&quot;,\n        \&quot;programDescription\&quot;: \&quot;programming\&quot;,\n        \&quot;online\&quot;: true\n    },\n    {\n        \&quot;programId\&quot;: 3403,\n        \&quot;programName\&quot;: \&quot;SDET\&quot;,\n        \&quot;programDescription\&quot;: \&quot;programming\&quot;,\n        \&quot;online\&quot;: true\n    },\n    {\n        \&quot;programId\&quot;: 3404,\n        \&quot;programName\&quot;: \&quot;0 program ID Test\&quot;,\n        \&quot;programDescription\&quot;: \&quot;programming\&quot;,\n        \&quot;online\&quot;: true\n    },\n    {\n        \&quot;programId\&quot;: 3405,\n        \&quot;programName\&quot;: \&quot;SDET\&quot;,\n        \&quot;programDescription\&quot;: \&quot;programming\&quot;,\n        \&quot;online\&quot;: true\n    },\n    {\n        \&quot;programId\&quot;: 3406,\n        \&quot;programName\&quot;: \&quot;string\&quot;,\n        \&quot;programDescription\&quot;: \&quot;string\&quot;,\n        \&quot;online\&quot;: true\n    },\n    {\n        \&quot;programId\&quot;: 3407,\n        \&quot;programName\&quot;: \&quot;java\&quot;,\n        \&quot;programDescription\&quot;: \&quot;sdet45\&quot;,\n        \&quot;online\&quot;: true\n    },\n    {\n        \&quot;programId\&quot;: 3408,\n        \&quot;programName\&quot;: \&quot;c++\&quot;,\n        \&quot;programDescription\&quot;: \&quot;sdet12\&quot;,\n        \&quot;online\&quot;: true\n    },\n    {\n        \&quot;programId\&quot;: 3410,\n        \&quot;programName\&quot;: \&quot;Testing\&quot;,\n        \&quot;programDescription\&quot;: \&quot;Testing\&quot;,\n        \&quot;online\&quot;: true\n    },\n    {\n        \&quot;programId\&quot;: 3413,\n        \&quot;programName\&quot;: \&quot;Testing modified from postman\&quot;,\n        \&quot;programDescription\&quot;: \&quot;Testing modified\&quot;,\n        \&quot;online\&quot;: true\n    },\n    {\n        \&quot;programId\&quot;: 3415,\n        \&quot;programName\&quot;: \&quot;string\&quot;,\n        \&quot;programDescription\&quot;: \&quot;string\&quot;,\n        \&quot;online\&quot;: true\n    },\n    {\n        \&quot;programId\&quot;: 3416,\n        \&quot;programName\&quot;: \&quot;string\&quot;,\n        \&quot;programDescription\&quot;: \&quot;string\&quot;,\n        \&quot;online\&quot;: true\n    },\n    {\n        \&quot;programId\&quot;: 3417,\n        \&quot;programName\&quot;: \&quot;LMSTest70\&quot;,\n        \&quot;programDescription\&quot;: \&quot;Updated LMS\&quot;,\n        \&quot;online\&quot;: true\n    },\n    {\n        \&quot;programId\&quot;: 3421,\n        \&quot;programName\&quot;: \&quot;testin\&quot;,\n        \&quot;programDescription\&quot;: \&quot;testing\&quot;,\n        \&quot;online\&quot;: true\n    },\n    {\n        \&quot;programId\&quot;: 3422,\n        \&quot;programName\&quot;: \&quot;testing\&quot;,\n        \&quot;programDescription\&quot;: \&quot;testing\&quot;,\n        \&quot;online\&quot;: true\n    },\n    {\n        \&quot;programId\&quot;: 3423,\n        \&quot;programName\&quot;: \&quot;snhtest\&quot;,\n        \&quot;programDescription\&quot;: \&quot;snhtestone\&quot;,\n        \&quot;online\&quot;: true\n    },\n    {\n        \&quot;programId\&quot;: 3424,\n        \&quot;programName\&quot;: \&quot;putsnhtestone\&quot;,\n        \&quot;programDescription\&quot;: \&quot;putsnhtest\&quot;,\n        \&quot;online\&quot;: true\n    },\n    {\n        \&quot;programId\&quot;: 3425,\n        \&quot;programName\&quot;: \&quot;putsnhtestone\&quot;,\n        \&quot;programDescription\&quot;: \&quot;putsnhtest\&quot;,\n        \&quot;online\&quot;: true\n    },\n    {\n        \&quot;programId\&quot;: 3426,\n        \&quot;programName\&quot;: \&quot;putsnhtestone\&quot;,\n        \&quot;programDescription\&quot;: \&quot;putsnhtest\&quot;,\n        \&quot;online\&quot;: true\n    },\n    {\n        \&quot;programId\&quot;: 3427,\n        \&quot;programName\&quot;: \&quot;putsnhtestone\&quot;,\n        \&quot;programDescription\&quot;: \&quot;putsnhtest\&quot;,\n        \&quot;online\&quot;: true\n    },\n    {\n        \&quot;programId\&quot;: 3431,\n        \&quot;programName\&quot;: \&quot;LMSTesting\&quot;,\n        \&quot;programDescription\&quot;: \&quot;LMSTesting by nikita \&quot;,\n        \&quot;online\&quot;: true\n    },\n    {\n        \&quot;programId\&quot;: 3432,\n        \&quot;programName\&quot;: \&quot;LMSTesting\&quot;,\n        \&quot;programDescription\&quot;: \&quot;LMSTesting by nikita \&quot;,\n        \&quot;online\&quot;: true\n    },\n    {\n        \&quot;programId\&quot;: 3433,\n        \&quot;programName\&quot;: \&quot;LMSTesting\&quot;,\n        \&quot;programDescription\&quot;: \&quot;LMSTesting by nikita \&quot;,\n        \&quot;online\&quot;: true\n    },\n    {\n        \&quot;programId\&quot;: 3434,\n        \&quot;programName\&quot;: \&quot;in\&quot;,\n        \&quot;programDescription\&quot;: \&quot;in id\&quot;,\n        \&quot;online\&quot;: false\n    },\n    {\n        \&quot;programId\&quot;: 3435,\n        \&quot;programName\&quot;: \&quot;in\&quot;,\n        \&quot;programDescription\&quot;: \&quot;in id\&quot;,\n        \&quot;online\&quot;: false\n    },\n    {\n        \&quot;programId\&quot;: 3436,\n        \&quot;programName\&quot;: \&quot;in\&quot;,\n        \&quot;programDescription\&quot;: \&quot;in id\&quot;,\n        \&quot;online\&quot;: false\n    },\n    {\n        \&quot;programId\&quot;: 3437,\n        \&quot;programName\&quot;: \&quot;in\&quot;,\n        \&quot;programDescription\&quot;: \&quot;in id\&quot;,\n        \&quot;online\&quot;: false\n    },\n    {\n        \&quot;programId\&quot;: 3438,\n        \&quot;programName\&quot;: \&quot;in\&quot;,\n        \&quot;programDescription\&quot;: \&quot;in id\&quot;,\n        \&quot;online\&quot;: true\n    },\n    {\n        \&quot;programId\&quot;: 3440,\n        \&quot;programName\&quot;: \&quot;Blank Testing\&quot;,\n        \&quot;programDescription\&quot;: \&quot;\&quot;,\n        \&quot;online\&quot;: true\n    },\n    {\n        \&quot;programId\&quot;: 3441,\n        \&quot;programName\&quot;: \&quot;Blank Testing\&quot;,\n        \&quot;programDescription\&quot;: \&quot;\&quot;,\n        \&quot;online\&quot;: true\n    },\n    {\n        \&quot;programId\&quot;: 3444,\n        \&quot;programName\&quot;: \&quot;Blank Testing\&quot;,\n        \&quot;programDescription\&quot;: \&quot;\&quot;,\n        \&quot;online\&quot;: true\n    },\n    {\n        \&quot;programId\&quot;: 3445,\n        \&quot;programName\&quot;: \&quot;Blank Testing\&quot;,\n        \&quot;programDescription\&quot;: \&quot;\&quot;,\n        \&quot;online\&quot;: true\n    },\n    {\n        \&quot;programId\&quot;: 3446,\n        \&quot;programName\&quot;: \&quot;Blank Testing\&quot;,\n        \&quot;programDescription\&quot;: \&quot;\&quot;,\n        \&quot;online\&quot;: true\n    },\n    {\n        \&quot;programId\&quot;: 3447,\n        \&quot;programName\&quot;: \&quot;online field testing\&quot;,\n        \&quot;programDescription\&quot;: \&quot;entered with numbers\&quot;,\n        \&quot;online\&quot;: true\n    },\n    {\n        \&quot;programId\&quot;: 3448,\n        \&quot;programName\&quot;: \&quot;field testing\&quot;,\n        \&quot;programDescription\&quot;: \&quot;entered with deleted one\&quot;,\n        \&quot;online\&quot;: true\n    },\n    {\n        \&quot;programId\&quot;: 3449,\n        \&quot;programName\&quot;: \&quot;New testing\&quot;,\n        \&quot;programDescription\&quot;: \&quot;entered with old one\&quot;,\n        \&quot;online\&quot;: true\n    },\n    {\n        \&quot;programId\&quot;: 3450,\n        \&quot;programName\&quot;: \&quot;testingPostman\&quot;,\n        \&quot;programDescription\&quot;: \&quot;postmantesting\&quot;,\n        \&quot;online\&quot;: true\n    },\n    {\n        \&quot;programId\&quot;: 3451,\n        \&quot;programName\&quot;: \&quot;testingPostman\&quot;,\n        \&quot;programDescription\&quot;: \&quot;postmantesting\&quot;,\n        \&quot;online\&quot;: true\n    },\n    {\n        \&quot;programId\&quot;: 3453,\n        \&quot;programName\&quot;: \&quot;mathematics\&quot;,\n        \&quot;programDescription\&quot;: \&quot;mathematics\&quot;,\n        \&quot;online\&quot;: false\n    },\n    {\n        \&quot;programId\&quot;: 3454,\n        \&quot;programName\&quot;: \&quot;1234\&quot;,\n        \&quot;programDescription\&quot;: \&quot;mathematics\&quot;,\n        \&quot;online\&quot;: false\n    },\n    {\n        \&quot;programId\&quot;: 3882,\n        \&quot;programName\&quot;: \&quot;Java\&quot;,\n        \&quot;programDescription\&quot;: \&quot;Rest Assured\&quot;,\n        \&quot;online\&quot;: true\n    },\n    {\n        \&quot;programId\&quot;: 3457,\n        \&quot;programName\&quot;: \&quot;JAVA\&quot;,\n        \&quot;programDescription\&quot;: \&quot;\&quot;,\n        \&quot;online\&quot;: true\n    },\n    {\n        \&quot;programId\&quot;: 3500,\n        \&quot;programName\&quot;: \&quot;API Testing 3705\&quot;,\n        \&quot;programDescription\&quot;: \&quot;Description for 3705\&quot;,\n        \&quot;online\&quot;: true\n    },\n    {\n        \&quot;programId\&quot;: 3459,\n        \&quot;programName\&quot;: \&quot;cucumber learning modified\&quot;,\n        \&quot;programDescription\&quot;: \&quot;cucumber learning\&quot;,\n        \&quot;online\&quot;: false\n    },\n    {\n        \&quot;programId\&quot;: 3460,\n        \&quot;programName\&quot;: \&quot;online field testing\&quot;,\n        \&quot;programDescription\&quot;: \&quot;entered with numbers\&quot;,\n        \&quot;online\&quot;: true\n    },\n    {\n        \&quot;programId\&quot;: 3461,\n        \&quot;programName\&quot;: \&quot;online field testing\&quot;,\n        \&quot;programDescription\&quot;: \&quot;entered with numbers\&quot;,\n        \&quot;online\&quot;: true\n    },\n    {\n        \&quot;programId\&quot;: 3462,\n        \&quot;programName\&quot;: \&quot;online field testing\&quot;,\n        \&quot;programDescription\&quot;: \&quot;entered with numbers\&quot;,\n        \&quot;online\&quot;: true\n    },\n    {\n        \&quot;programId\&quot;: 3463,\n        \&quot;programName\&quot;: \&quot;online field testing\&quot;,\n        \&quot;programDescription\&quot;: \&quot;entered with numbers\&quot;,\n        \&quot;online\&quot;: true\n    },\n    {\n        \&quot;programId\&quot;: 3464,\n        \&quot;programName\&quot;: \&quot;online field testing\&quot;,\n        \&quot;programDescription\&quot;: \&quot;entered with numbers\&quot;,\n        \&quot;online\&quot;: true\n    },\n    {\n        \&quot;programId\&quot;: 3465,\n        \&quot;programName\&quot;: \&quot;JAVA\&quot;,\n        \&quot;programDescription\&quot;: \&quot;\&quot;,\n        \&quot;online\&quot;: true\n    },\n    {\n        \&quot;programId\&quot;: 3466,\n        \&quot;programName\&quot;: \&quot;online field testing\&quot;,\n        \&quot;programDescription\&quot;: \&quot;entered with numbers\&quot;,\n        \&quot;online\&quot;: true\n    },\n    {\n        \&quot;programId\&quot;: 3467,\n        \&quot;programName\&quot;: \&quot;cucumber learning\&quot;,\n        \&quot;programDescription\&quot;: \&quot;cucumber learning\&quot;,\n        \&quot;online\&quot;: false\n    },\n    {\n        \&quot;programId\&quot;: 3468,\n        \&quot;programName\&quot;: \&quot;cucumber learning modified\&quot;,\n        \&quot;programDescription\&quot;: \&quot;cucumber learning\&quot;,\n        \&quot;online\&quot;: false\n    },\n    {\n        \&quot;programId\&quot;: 3469,\n        \&quot;programName\&quot;: \&quot;Testing\&quot;,\n        \&quot;programDescription\&quot;: \&quot;Testing\&quot;,\n        \&quot;online\&quot;: true\n    },\n    {\n        \&quot;programId\&quot;: 3470,\n        \&quot;programName\&quot;: \&quot;Teach\&quot;,\n        \&quot;programDescription\&quot;: \&quot;Teaching\&quot;,\n        \&quot;online\&quot;: true\n    },\n    {\n        \&quot;programId\&quot;: 3471,\n        \&quot;programName\&quot;: \&quot;Teach\&quot;,\n        \&quot;programDescription\&quot;: \&quot;Teaching\&quot;,\n        \&quot;online\&quot;: true\n    },\n    {\n        \&quot;programId\&quot;: 3472,\n        \&quot;programName\&quot;: \&quot;Teach\&quot;,\n        \&quot;programDescription\&quot;: \&quot;Teaching\&quot;,\n        \&quot;online\&quot;: true\n    },\n    {\n        \&quot;programId\&quot;: 3473,\n        \&quot;programName\&quot;: \&quot;ModifiedTesting\&quot;,\n        \&quot;programDescription\&quot;: \&quot;NewTesting\&quot;,\n        \&quot;online\&quot;: true\n    },\n    {\n        \&quot;programId\&quot;: 3474,\n        \&quot;programName\&quot;: \&quot;JAVA\&quot;,\n        \&quot;programDescription\&quot;: \&quot;\&quot;,\n        \&quot;online\&quot;: true\n    },\n    {\n        \&quot;programId\&quot;: 3475,\n        \&quot;programName\&quot;: \&quot;testing\&quot;,\n        \&quot;programDescription\&quot;: \&quot;testing\&quot;,\n        \&quot;online\&quot;: true\n    },\n    {\n        \&quot;programId\&quot;: 3476,\n        \&quot;programName\&quot;: \&quot;testing\&quot;,\n        \&quot;programDescription\&quot;: \&quot;testing\&quot;,\n        \&quot;online\&quot;: true\n    },\n    {\n        \&quot;programId\&quot;: 3477,\n        \&quot;programName\&quot;: \&quot;automation testing\&quot;,\n        \&quot;programDescription\&quot;: \&quot;SDET27\&quot;,\n        \&quot;online\&quot;: true\n    },\n    {\n        \&quot;programId\&quot;: 3478,\n        \&quot;programName\&quot;: \&quot;automation testing\&quot;,\n        \&quot;programDescription\&quot;: \&quot;SDET27\&quot;,\n        \&quot;online\&quot;: true\n    },\n    {\n        \&quot;programId\&quot;: 3479,\n        \&quot;programName\&quot;: \&quot;Java\&quot;,\n        \&quot;programDescription\&quot;: \&quot;Rest Assured\&quot;,\n        \&quot;online\&quot;: true\n    },\n    {\n        \&quot;programId\&quot;: 3480,\n        \&quot;programName\&quot;: \&quot;Java\&quot;,\n        \&quot;programDescription\&quot;: \&quot;Rest Assured\&quot;,\n        \&quot;online\&quot;: true\n    },\n    {\n        \&quot;programId\&quot;: 3481,\n        \&quot;programName\&quot;: \&quot;automation testing\&quot;,\n        \&quot;programDescription\&quot;: \&quot;SDET2728\&quot;,\n        \&quot;online\&quot;: true\n    },\n    {\n        \&quot;programId\&quot;: 3482,\n        \&quot;programName\&quot;: \&quot;testing\&quot;,\n        \&quot;programDescription\&quot;: \&quot;testing\&quot;,\n        \&quot;online\&quot;: true\n    },\n    {\n        \&quot;programId\&quot;: 3483,\n        \&quot;programName\&quot;: \&quot;testing modified\&quot;,\n        \&quot;programDescription\&quot;: \&quot;testing modified\&quot;,\n        \&quot;online\&quot;: true\n    },\n    {\n        \&quot;programId\&quot;: 3484,\n        \&quot;programName\&quot;: \&quot;JAVA\&quot;,\n        \&quot;programDescription\&quot;: \&quot;\&quot;,\n        \&quot;online\&quot;: true\n    },\n    {\n        \&quot;programId\&quot;: 3902,\n        \&quot;programName\&quot;: \&quot;batman\&quot;,\n        \&quot;programDescription\&quot;: \&quot;string\&quot;,\n        \&quot;online\&quot;: true\n    },\n    {\n        \&quot;programId\&quot;: 3486,\n        \&quot;programName\&quot;: \&quot;cucumber learning modified\&quot;,\n        \&quot;programDescription\&quot;: \&quot;cucumber learning\&quot;,\n        \&quot;online\&quot;: false\n    },\n    {\n        \&quot;programId\&quot;: 3487,\n        \&quot;programName\&quot;: \&quot;Java\&quot;,\n        \&quot;programDescription\&quot;: \&quot;Rest Assured\&quot;,\n        \&quot;online\&quot;: true\n    },\n    {\n        \&quot;programId\&quot;: 3488,\n        \&quot;programName\&quot;: \&quot;Java\&quot;,\n        \&quot;programDescription\&quot;: \&quot;Rest Assured\&quot;,\n        \&quot;online\&quot;: true\n    },\n    {\n        \&quot;programId\&quot;: 3489,\n        \&quot;programName\&quot;: \&quot;Java\&quot;,\n        \&quot;programDescription\&quot;: \&quot;Rest Assured\&quot;,\n        \&quot;online\&quot;: true\n    },\n    {\n        \&quot;programId\&quot;: 3490,\n        \&quot;programName\&quot;: \&quot;Java\&quot;,\n        \&quot;programDescription\&quot;: \&quot;Rest Assured\&quot;,\n        \&quot;online\&quot;: true\n    },\n    {\n        \&quot;programId\&quot;: 3491,\n        \&quot;programName\&quot;: \&quot;Java\&quot;,\n        \&quot;programDescription\&quot;: \&quot;Rest Assured\&quot;,\n        \&quot;online\&quot;: true\n    },\n    {\n        \&quot;programId\&quot;: 7368,\n        \&quot;programName\&quot;: \&quot;string\&quot;,\n        \&quot;programDescription\&quot;: \&quot;string\&quot;,\n        \&quot;online\&quot;: true\n    },\n    {\n        \&quot;programId\&quot;: 7369,\n        \&quot;programName\&quot;: \&quot;string\&quot;,\n        \&quot;programDescription\&quot;: \&quot;string\&quot;,\n        \&quot;online\&quot;: true\n    },\n    {\n        \&quot;programId\&quot;: 3568,\n        \&quot;programName\&quot;: \&quot;SDSD\&quot;,\n        \&quot;programDescription\&quot;: \&quot;SAPSAP\&quot;,\n        \&quot;online\&quot;: false\n    },\n    {\n        \&quot;programId\&quot;: 3570,\n        \&quot;programName\&quot;: \&quot;SDSD\&quot;,\n        \&quot;programDescription\&quot;: \&quot;SAPSAP\&quot;,\n        \&quot;online\&quot;: false\n    },\n    {\n        \&quot;programId\&quot;: 3498,\n        \&quot;programName\&quot;: \&quot;Java 9 Training\&quot;,\n        \&quot;programDescription\&quot;: \&quot;Java 9 Training\&quot;,\n        \&quot;online\&quot;: false\n    },\n    {\n        \&quot;programId\&quot;: 3499,\n        \&quot;programName\&quot;: \&quot;Java 9 Training Modified\&quot;,\n        \&quot;programDescription\&quot;: \&quot;Java 9 Training Modified\&quot;,\n        \&quot;online\&quot;: false\n    },\n    {\n        \&quot;programId\&quot;: 3501,\n        \&quot;programName\&quot;: \&quot;Java 10 Training Modified\&quot;,\n        \&quot;programDescription\&quot;: \&quot;Java 10 Training Modified\&quot;,\n        \&quot;online\&quot;: false\n    },\n    {\n        \&quot;programId\&quot;: 3502,\n        \&quot;programName\&quot;: \&quot;Java 9 Training\&quot;,\n        \&quot;programDescription\&quot;: \&quot;Java 9 Training\&quot;,\n        \&quot;online\&quot;: false\n    },\n    {\n        \&quot;programId\&quot;: 3503,\n        \&quot;programName\&quot;: \&quot;Java 10 Training\&quot;,\n        \&quot;programDescription\&quot;: \&quot;Java 10 Training\&quot;,\n        \&quot;online\&quot;: false\n    },\n    {\n        \&quot;programId\&quot;: 3504,\n        \&quot;programName\&quot;: \&quot;testing\&quot;,\n        \&quot;programDescription\&quot;: \&quot;testing\&quot;,\n        \&quot;online\&quot;: true\n    },\n    {\n        \&quot;programId\&quot;: 3505,\n        \&quot;programName\&quot;: \&quot;cucumber learning modified\&quot;,\n        \&quot;programDescription\&quot;: \&quot;cucumber learning\&quot;,\n        \&quot;online\&quot;: false\n    },\n    {\n        \&quot;programId\&quot;: 3506,\n        \&quot;programName\&quot;: \&quot;testing\&quot;,\n        \&quot;programDescription\&quot;: \&quot;Test adding a new Program\&quot;,\n        \&quot;online\&quot;: true\n    },\n    {\n        \&quot;programId\&quot;: 3508,\n        \&quot;programName\&quot;: \&quot;Testing\&quot;,\n        \&quot;programDescription\&quot;: \&quot;Adding a program thro AutomationTesting\&quot;,\n        \&quot;online\&quot;: true\n    },\n    {\n        \&quot;programId\&quot;: 3569,\n        \&quot;programName\&quot;: \&quot;automation testing\&quot;,\n        \&quot;programDescription\&quot;: \&quot;RestAssured\&quot;,\n        \&quot;online\&quot;: true\n    },\n    {\n        \&quot;programId\&quot;: 3510,\n        \&quot;programName\&quot;: \&quot;testing modified from Postman\&quot;,\n        \&quot;programDescription\&quot;: \&quot;Selvi TestingLMSAPI modified from Postman\&quot;,\n        \&quot;online\&quot;: true\n    },\n    {\n        \&quot;programId\&quot;: 3511,\n        \&quot;programName\&quot;: \&quot;testing modified from Postman\&quot;,\n        \&quot;programDescription\&quot;: \&quot;Selvi TestingLMSAPI modified from Postman\&quot;,\n        \&quot;online\&quot;: true\n    },\n    {\n        \&quot;programId\&quot;: 3512,\n        \&quot;programName\&quot;: \&quot;testing modified from Postman\&quot;,\n        \&quot;programDescription\&quot;: \&quot;Selvi TestingLMSAPI modified from Postman\&quot;,\n        \&quot;online\&quot;: true\n    },\n    {\n        \&quot;programId\&quot;: 3513,\n        \&quot;programName\&quot;: \&quot;testing modified from Postman\&quot;,\n        \&quot;programDescription\&quot;: \&quot;Selvi TestingLMSAPI modified from Postman\&quot;,\n        \&quot;online\&quot;: true\n    },\n    {\n        \&quot;programId\&quot;: 3507,\n        \&quot;programName\&quot;: \&quot;updating Testing for 3507\&quot;,\n        \&quot;programDescription\&quot;: \&quot; updating request thro AutomationTesting for 3507\&quot;,\n        \&quot;online\&quot;: true\n    },\n    {\n        \&quot;programId\&quot;: 3515,\n        \&quot;programName\&quot;: \&quot;Testing\&quot;,\n        \&quot;programDescription\&quot;: \&quot;Adding a program thro AutomationTesting\&quot;,\n        \&quot;online\&quot;: true\n    },\n    {\n        \&quot;programId\&quot;: 3516,\n        \&quot;programName\&quot;: \&quot;Testing\&quot;,\n        \&quot;programDescription\&quot;: \&quot;Adding a program thro AutomationTesting\&quot;,\n        \&quot;online\&quot;: true\n    },\n    {\n        \&quot;programId\&quot;: 3518,\n        \&quot;programName\&quot;: \&quot;Testing\&quot;,\n        \&quot;programDescription\&quot;: \&quot;Adding a program thro AutomationTesting\&quot;,\n        \&quot;online\&quot;: true\n    },\n    {\n        \&quot;programId\&quot;: 3519,\n        \&quot;programName\&quot;: \&quot;Testing\&quot;,\n        \&quot;programDescription\&quot;: \&quot;Adding a program thro AutomationTesting\&quot;,\n        \&quot;online\&quot;: true\n    },\n    {\n        \&quot;programId\&quot;: 3520,\n        \&quot;programName\&quot;: \&quot;Testing\&quot;,\n        \&quot;programDescription\&quot;: \&quot;Adding a program thro AutomationTesting\&quot;,\n        \&quot;online\&quot;: true\n    },\n    {\n        \&quot;programId\&quot;: 3521,\n        \&quot;programName\&quot;: \&quot;Testing\&quot;,\n        \&quot;programDescription\&quot;: \&quot;Adding a program thro AutomationTesting\&quot;,\n        \&quot;online\&quot;: true\n    },\n    {\n        \&quot;programId\&quot;: 3522,\n        \&quot;programName\&quot;: \&quot;automation testing\&quot;,\n        \&quot;programDescription\&quot;: \&quot;Selenium Java\&quot;,\n        \&quot;online\&quot;: true\n    },\n    {\n        \&quot;programId\&quot;: 3523,\n        \&quot;programName\&quot;: \&quot;Testing\&quot;,\n        \&quot;programDescription\&quot;: \&quot;Adding a program thro AutomationTesting\&quot;,\n        \&quot;online\&quot;: true\n    },\n    {\n        \&quot;programId\&quot;: 3524,\n        \&quot;programName\&quot;: \&quot;Updating Program Name\&quot;,\n        \&quot;programDescription\&quot;: \&quot;Updating Program Description\&quot;,\n        \&quot;online\&quot;: true\n    },\n    {\n        \&quot;programId\&quot;: 3456,\n        \&quot;programName\&quot;: \&quot;1234\&quot;,\n        \&quot;programDescription\&quot;: \&quot;testing\&quot;,\n        \&quot;online\&quot;: true\n    },\n    {\n        \&quot;programId\&quot;: 3525,\n        \&quot;programName\&quot;: \&quot;1234\&quot;,\n        \&quot;programDescription\&quot;: \&quot;testing\&quot;,\n        \&quot;online\&quot;: true\n    },\n    {\n        \&quot;programId\&quot;: 3509,\n        \&quot;programName\&quot;: \&quot;JMeter\&quot;,\n        \&quot;programDescription\&quot;: \&quot;Performance Testing\&quot;,\n        \&quot;online\&quot;: true\n    },\n    {\n        \&quot;programId\&quot;: 3526,\n        \&quot;programName\&quot;: \&quot;JMeter\&quot;,\n        \&quot;programDescription\&quot;: \&quot;Performance Testing\&quot;,\n        \&quot;online\&quot;: true\n    },\n    {\n        \&quot;programId\&quot;: 3527,\n        \&quot;programName\&quot;: \&quot;updating Testing for 3514\&quot;,\n        \&quot;programDescription\&quot;: \&quot; updating request thro AutomationTesting for 3514\&quot;,\n        \&quot;online\&quot;: true\n    },\n    {\n        \&quot;programId\&quot;: 3528,\n        \&quot;programName\&quot;: \&quot;automation testing\&quot;,\n        \&quot;programDescription\&quot;: \&quot;RestassuredBDD\&quot;,\n        \&quot;online\&quot;: true\n    },\n    {\n        \&quot;programId\&quot;: 3529,\n        \&quot;programName\&quot;: \&quot;automation testing\&quot;,\n        \&quot;programDescription\&quot;: \&quot;RestassuredBDD\&quot;,\n        \&quot;online\&quot;: true\n    },\n    {\n        \&quot;programId\&quot;: 3531,\n        \&quot;programName\&quot;: \&quot;automation testing\&quot;,\n        \&quot;programDescription\&quot;: \&quot;RestassuredBDD\&quot;,\n        \&quot;online\&quot;: true\n    },\n    {\n        \&quot;programId\&quot;: 3533,\n        \&quot;programName\&quot;: \&quot;automation testing\&quot;,\n        \&quot;programDescription\&quot;: \&quot;RestassuredBDD\&quot;,\n        \&quot;online\&quot;: true\n    },\n    {\n        \&quot;programId\&quot;: 3534,\n        \&quot;programName\&quot;: \&quot;JMeter\&quot;,\n        \&quot;programDescription\&quot;: null,\n        \&quot;online\&quot;: true\n    },\n    {\n        \&quot;programId\&quot;: 3535,\n        \&quot;programName\&quot;: \&quot;JMeter\&quot;,\n        \&quot;programDescription\&quot;: \&quot;Performance Testing\&quot;,\n        \&quot;online\&quot;: false\n    },\n    {\n        \&quot;programId\&quot;: 3536,\n        \&quot;programName\&quot;: \&quot;JMeter\&quot;,\n        \&quot;programDescription\&quot;: \&quot;Performance Testing\&quot;,\n        \&quot;online\&quot;: true\n    },\n    {\n        \&quot;programId\&quot;: 3538,\n        \&quot;programName\&quot;: \&quot;automation testing\&quot;,\n        \&quot;programDescription\&quot;: \&quot;RestassuredBDD\&quot;,\n        \&quot;online\&quot;: true\n    },\n    {\n        \&quot;programId\&quot;: 3542,\n        \&quot;programName\&quot;: \&quot;ABAP\&quot;,\n        \&quot;programDescription\&quot;: \&quot;SAP\&quot;,\n        \&quot;online\&quot;: false\n    },\n    {\n        \&quot;programId\&quot;: 3543,\n        \&quot;programName\&quot;: \&quot;ABAP\&quot;,\n        \&quot;programDescription\&quot;: \&quot;SAP\&quot;,\n        \&quot;online\&quot;: false\n    },\n    {\n        \&quot;programId\&quot;: 3545,\n        \&quot;programName\&quot;: \&quot;ABAP\&quot;,\n        \&quot;programDescription\&quot;: \&quot;SAP\&quot;,\n        \&quot;online\&quot;: false\n    },\n    {\n        \&quot;programId\&quot;: 3546,\n        \&quot;programName\&quot;: \&quot;ABAP\&quot;,\n        \&quot;programDescription\&quot;: null,\n        \&quot;online\&quot;: false\n    },\n    {\n        \&quot;programId\&quot;: 3547,\n        \&quot;programName\&quot;: \&quot;ABAP\&quot;,\n        \&quot;programDescription\&quot;: \&quot;SAP\&quot;,\n        \&quot;online\&quot;: false\n    },\n    {\n        \&quot;programId\&quot;: 3555,\n        \&quot;programName\&quot;: \&quot;45@#j\&quot;,\n        \&quot;programDescription\&quot;: \&quot;SAP\&quot;,\n        \&quot;online\&quot;: false\n    },\n    {\n        \&quot;programId\&quot;: 3557,\n        \&quot;programName\&quot;: \&quot;automation testing\&quot;,\n        \&quot;programDescription\&quot;: \&quot;RestassuredBDD\&quot;,\n        \&quot;online\&quot;: true\n    },\n    {\n        \&quot;programId\&quot;: 3571,\n        \&quot;programName\&quot;: \&quot;SDSD\&quot;,\n        \&quot;programDescription\&quot;: \&quot;SAPSAP\&quot;,\n        \&quot;online\&quot;: false\n    },\n    {\n        \&quot;programId\&quot;: 3572,\n        \&quot;programName\&quot;: \&quot;SDSD\&quot;,\n        \&quot;programDescription\&quot;: \&quot;SAPSAP\&quot;,\n        \&quot;online\&quot;: false\n    },\n    {\n        \&quot;programId\&quot;: 3573,\n        \&quot;programName\&quot;: \&quot;SDSD\&quot;,\n        \&quot;programDescription\&quot;: \&quot;SAPSAP\&quot;,\n        \&quot;online\&quot;: false\n    },\n    {\n        \&quot;programId\&quot;: 3575,\n        \&quot;programName\&quot;: \&quot;string\&quot;,\n        \&quot;programDescription\&quot;: \&quot;string\&quot;,\n        \&quot;online\&quot;: true\n    },\n    {\n        \&quot;programId\&quot;: 3576,\n        \&quot;programName\&quot;: \&quot;MBA\&quot;,\n        \&quot;programDescription\&quot;: \&quot;Mgmt\&quot;,\n        \&quot;online\&quot;: true\n    },\n    {\n        \&quot;programId\&quot;: 3577,\n        \&quot;programName\&quot;: \&quot;string\&quot;,\n        \&quot;programDescription\&quot;: \&quot;string\&quot;,\n        \&quot;online\&quot;: true\n    },\n    {\n        \&quot;programId\&quot;: 3578,\n        \&quot;programName\&quot;: \&quot;MBA\&quot;,\n        \&quot;programDescription\&quot;: \&quot;Mgmt\&quot;,\n        \&quot;online\&quot;: true\n    },\n    {\n        \&quot;programId\&quot;: 3579,\n        \&quot;programName\&quot;: \&quot;string\&quot;,\n        \&quot;programDescription\&quot;: \&quot;string\&quot;,\n        \&quot;online\&quot;: true\n    },\n    {\n        \&quot;programId\&quot;: 3580,\n        \&quot;programName\&quot;: \&quot;string\&quot;,\n        \&quot;programDescription\&quot;: \&quot;string\&quot;,\n        \&quot;online\&quot;: true\n    },\n    {\n        \&quot;programId\&quot;: 3581,\n        \&quot;programName\&quot;: \&quot;string\&quot;,\n        \&quot;programDescription\&quot;: \&quot;string\&quot;,\n        \&quot;online\&quot;: true\n    },\n    {\n        \&quot;programId\&quot;: 3582,\n        \&quot;programName\&quot;: \&quot;BDD\&quot;,\n        \&quot;programDescription\&quot;: \&quot;BDD testing\&quot;,\n        \&quot;online\&quot;: true\n    },\n    {\n        \&quot;programId\&quot;: 3583,\n        \&quot;programName\&quot;: \&quot;Developer\&quot;,\n        \&quot;programDescription\&quot;: \&quot;API Developer\&quot;,\n        \&quot;online\&quot;: true\n    },\n    {\n        \&quot;programId\&quot;: 3584,\n        \&quot;programName\&quot;: \&quot;string\&quot;,\n        \&quot;programDescription\&quot;: \&quot;string\&quot;,\n        \&quot;online\&quot;: true\n    },\n    {\n        \&quot;programId\&quot;: 3585,\n        \&quot;programName\&quot;: \&quot;string\&quot;,\n        \&quot;programDescription\&quot;: \&quot;string\&quot;,\n        \&quot;online\&quot;: true\n    },\n    {\n        \&quot;programId\&quot;: 3586,\n        \&quot;programName\&quot;: \&quot;string\&quot;,\n        \&quot;programDescription\&quot;: \&quot;string\&quot;,\n        \&quot;online\&quot;: true\n    },\n    {\n        \&quot;programId\&quot;: 3587,\n        \&quot;programName\&quot;: \&quot;string\&quot;,\n        \&quot;programDescription\&quot;: \&quot;string\&quot;,\n        \&quot;online\&quot;: true\n    },\n    {\n        \&quot;programId\&quot;: 3588,\n        \&quot;programName\&quot;: \&quot;string\&quot;,\n        \&quot;programDescription\&quot;: \&quot;string\&quot;,\n        \&quot;online\&quot;: true\n    },\n    {\n        \&quot;programId\&quot;: 3589,\n        \&quot;programName\&quot;: \&quot;string\&quot;,\n        \&quot;programDescription\&quot;: \&quot;string\&quot;,\n        \&quot;online\&quot;: true\n    },\n    {\n        \&quot;programId\&quot;: 3591,\n        \&quot;programName\&quot;: \&quot;string\&quot;,\n        \&quot;programDescription\&quot;: \&quot;string\&quot;,\n        \&quot;online\&quot;: true\n    },\n    {\n        \&quot;programId\&quot;: 3592,\n        \&quot;programName\&quot;: \&quot;string\&quot;,\n        \&quot;programDescription\&quot;: \&quot;string\&quot;,\n        \&quot;online\&quot;: true\n    },\n    {\n        \&quot;programId\&quot;: 3593,\n        \&quot;programName\&quot;: \&quot;string\&quot;,\n        \&quot;programDescription\&quot;: \&quot;string\&quot;,\n        \&quot;online\&quot;: true\n    },\n    {\n        \&quot;programId\&quot;: 3594,\n        \&quot;programName\&quot;: \&quot;string\&quot;,\n        \&quot;programDescription\&quot;: \&quot;string\&quot;,\n        \&quot;online\&quot;: true\n    },\n    {\n        \&quot;programId\&quot;: 3596,\n        \&quot;programName\&quot;: \&quot;string\&quot;,\n        \&quot;programDescription\&quot;: \&quot;string\&quot;,\n        \&quot;online\&quot;: true\n    },\n    {\n        \&quot;programId\&quot;: 3597,\n        \&quot;programName\&quot;: \&quot;string\&quot;,\n        \&quot;programDescription\&quot;: \&quot;string\&quot;,\n        \&quot;online\&quot;: true\n    },\n    {\n        \&quot;programId\&quot;: 3598,\n        \&quot;programName\&quot;: \&quot;string\&quot;,\n        \&quot;programDescription\&quot;: \&quot;string\&quot;,\n        \&quot;online\&quot;: true\n    },\n    {\n        \&quot;programId\&quot;: 3599,\n        \&quot;programName\&quot;: \&quot;string\&quot;,\n        \&quot;programDescription\&quot;: \&quot;string\&quot;,\n        \&quot;online\&quot;: true\n    },\n    {\n        \&quot;programId\&quot;: 3601,\n        \&quot;programName\&quot;: \&quot;string\&quot;,\n        \&quot;programDescription\&quot;: \&quot;string\&quot;,\n        \&quot;online\&quot;: true\n    },\n    {\n        \&quot;programId\&quot;: 3800,\n        \&quot;programName\&quot;: \&quot;Rest Assured Project\&quot;,\n        \&quot;programDescription\&quot;: \&quot;Selenium completed batches start automation\&quot;,\n        \&quot;online\&quot;: false\n    },\n    {\n        \&quot;programId\&quot;: 3603,\n        \&quot;programName\&quot;: \&quot;String\&quot;,\n        \&quot;programDescription\&quot;: \&quot;String\&quot;,\n        \&quot;online\&quot;: true\n    },\n    {\n        \&quot;programId\&quot;: 3604,\n        \&quot;programName\&quot;: \&quot;String\&quot;,\n        \&quot;programDescription\&quot;: \&quot;String\&quot;,\n        \&quot;online\&quot;: true\n    },\n    {\n        \&quot;programId\&quot;: 3605,\n        \&quot;programName\&quot;: \&quot;String\&quot;,\n        \&quot;programDescription\&quot;: \&quot;String\&quot;,\n        \&quot;online\&quot;: true\n    },\n    {\n        \&quot;programId\&quot;: 3606,\n        \&quot;programName\&quot;: \&quot;MBAAAA\&quot;,\n        \&quot;programDescription\&quot;: \&quot;Business Mgmt\&quot;,\n        \&quot;online\&quot;: true\n    },\n    {\n        \&quot;programId\&quot;: 3607,\n        \&quot;programName\&quot;: \&quot;MBAAAA\&quot;,\n        \&quot;programDescription\&quot;: \&quot;Business Mgmt\&quot;,\n        \&quot;online\&quot;: true\n    },\n    {\n        \&quot;programId\&quot;: 3608,\n        \&quot;programName\&quot;: \&quot;MBAAAA\&quot;,\n        \&quot;programDescription\&quot;: \&quot;Business Mgmt\&quot;,\n        \&quot;online\&quot;: true\n    },\n    {\n        \&quot;programId\&quot;: 3801,\n        \&quot;programName\&quot;: \&quot;Selenium Scrapper Project\&quot;,\n        \&quot;programDescription\&quot;: \&quot;Selenium completed batches start automation\&quot;,\n        \&quot;online\&quot;: false\n    },\n    {\n        \&quot;programId\&quot;: 3610,\n        \&quot;programName\&quot;: \&quot;MBAAAA\&quot;,\n        \&quot;programDescription\&quot;: \&quot;Business Mgmt\&quot;,\n        \&quot;online\&quot;: true\n    },\n    {\n        \&quot;programId\&quot;: 3611,\n        \&quot;programName\&quot;: \&quot;MBAAAA\&quot;,\n        \&quot;programDescription\&quot;: \&quot;Business Mgmt\&quot;,\n        \&quot;online\&quot;: true\n    },\n    {\n        \&quot;programId\&quot;: 3612,\n        \&quot;programName\&quot;: \&quot;string\&quot;,\n        \&quot;programDescription\&quot;: \&quot;string\&quot;,\n        \&quot;online\&quot;: true\n    },\n    {\n        \&quot;programId\&quot;: 3613,\n        \&quot;programName\&quot;: \&quot;MBAAAA\&quot;,\n        \&quot;programDescription\&quot;: \&quot;Business Mgmt\&quot;,\n        \&quot;online\&quot;: true\n    },\n    {\n        \&quot;programId\&quot;: 3614,\n        \&quot;programName\&quot;: \&quot;MBAAAA\&quot;,\n        \&quot;programDescription\&quot;: \&quot;Business Mgmt\&quot;,\n        \&quot;online\&quot;: true\n    },\n    {\n        \&quot;programId\&quot;: 3615,\n        \&quot;programName\&quot;: \&quot;MBAAAA\&quot;,\n        \&quot;programDescription\&quot;: \&quot;Business Mgmt\&quot;,\n        \&quot;online\&quot;: true\n    },\n    {\n        \&quot;programId\&quot;: 3616,\n        \&quot;programName\&quot;: \&quot;MBAAAA\&quot;,\n        \&quot;programDescription\&quot;: \&quot;Business Mgmt\&quot;,\n        \&quot;online\&quot;: true\n    },\n    {\n        \&quot;programId\&quot;: 3617,\n        \&quot;programName\&quot;: \&quot;MBAAAA\&quot;,\n        \&quot;programDescription\&quot;: \&quot;Business Mgmt\&quot;,\n        \&quot;online\&quot;: true\n    },\n    {\n        \&quot;programId\&quot;: 3618,\n        \&quot;programName\&quot;: \&quot;MBC\&quot;,\n        \&quot;programDescription\&quot;: \&quot;Business Mgmt\&quot;,\n        \&quot;online\&quot;: true\n    },\n    {\n        \&quot;programId\&quot;: 3619,\n        \&quot;programName\&quot;: \&quot;MBAAAA\&quot;,\n        \&quot;programDescription\&quot;: \&quot;Business Mgmt\&quot;,\n        \&quot;online\&quot;: true\n    },\n    {\n        \&quot;programId\&quot;: 3620,\n        \&quot;programName\&quot;: \&quot;MBC\&quot;,\n        \&quot;programDescription\&quot;: \&quot;Business Mgmt\&quot;,\n        \&quot;online\&quot;: true\n    },\n    {\n        \&quot;programId\&quot;: 3621,\n        \&quot;programName\&quot;: \&quot;MBAAAA\&quot;,\n        \&quot;programDescription\&quot;: \&quot;Business Mgmt\&quot;,\n        \&quot;online\&quot;: true\n    },\n    {\n        \&quot;programId\&quot;: 3802,\n        \&quot;programName\&quot;: \&quot;API Testing 87766\&quot;,\n        \&quot;programDescription\&quot;: \&quot;Description for 87766\&quot;,\n        \&quot;online\&quot;: true\n    },\n    {\n        \&quot;programId\&quot;: 3622,\n        \&quot;programName\&quot;: \&quot;MBAAAA\&quot;,\n        \&quot;programDescription\&quot;: \&quot;Business Mgmt\&quot;,\n        \&quot;online\&quot;: true\n    },\n    {\n        \&quot;programId\&quot;: 3623,\n        \&quot;programName\&quot;: \&quot;MBAAAA\&quot;,\n        \&quot;programDescription\&quot;: \&quot;Business Mgmt\&quot;,\n        \&quot;online\&quot;: true\n    },\n    {\n        \&quot;programId\&quot;: 3624,\n        \&quot;programName\&quot;: \&quot;MBAAAA\&quot;,\n        \&quot;programDescription\&quot;: \&quot;Business Mgmt\&quot;,\n        \&quot;online\&quot;: true\n    },\n    {\n        \&quot;programId\&quot;: 3625,\n        \&quot;programName\&quot;: \&quot;MBAAAA\&quot;,\n        \&quot;programDescription\&quot;: \&quot;Business Mgmt\&quot;,\n        \&quot;online\&quot;: true\n    },\n    {\n        \&quot;programId\&quot;: 3626,\n        \&quot;programName\&quot;: \&quot;MBAAAA\&quot;,\n        \&quot;programDescription\&quot;: \&quot;Business Mgmt\&quot;,\n        \&quot;online\&quot;: true\n    },\n    {\n        \&quot;programId\&quot;: 7370,\n        \&quot;programName\&quot;: \&quot;Angular\&quot;,\n        \&quot;programDescription\&quot;: \&quot;AngularStudy\&quot;,\n        \&quot;online\&quot;: true\n    },\n    {\n        \&quot;programId\&quot;: 3628,\n        \&quot;programName\&quot;: \&quot;MBAAAA\&quot;,\n        \&quot;programDescription\&quot;: \&quot;Business Mgmt\&quot;,\n        \&quot;online\&quot;: true\n    },\n    {\n        \&quot;programId\&quot;: 3803,\n        \&quot;programName\&quot;: \&quot;Rest Assured Project\&quot;,\n        \&quot;programDescription\&quot;: \&quot;Selenium completed batches start automation\&quot;,\n        \&quot;online\&quot;: false\n    },\n    {\n        \&quot;programId\&quot;: 3804,\n        \&quot;programName\&quot;: \&quot;Selenium Scrapper Project\&quot;,\n        \&quot;programDescription\&quot;: \&quot;Selenium completed batches start automation\&quot;,\n        \&quot;online\&quot;: false\n    },\n    {\n        \&quot;programId\&quot;: 3805,\n        \&quot;programName\&quot;: \&quot;API Testing 87766\&quot;,\n        \&quot;programDescription\&quot;: \&quot;Description for 87766\&quot;,\n        \&quot;online\&quot;: true\n    },\n    {\n        \&quot;programId\&quot;: 3806,\n        \&quot;programName\&quot;: \&quot;test1\&quot;,\n        \&quot;programDescription\&quot;: \&quot;test1\&quot;,\n        \&quot;online\&quot;: true\n    },\n    {\n        \&quot;programId\&quot;: 3635,\n        \&quot;programName\&quot;: \&quot;MBAAAA\&quot;,\n        \&quot;programDescription\&quot;: \&quot;Business Mgmt\&quot;,\n        \&quot;online\&quot;: true\n    },\n    {\n        \&quot;programId\&quot;: 3636,\n        \&quot;programName\&quot;: \&quot;SCIENCE\&quot;,\n        \&quot;programDescription\&quot;: \&quot;Business Mgmt\&quot;,\n        \&quot;online\&quot;: true\n    },\n    {\n        \&quot;programId\&quot;: 3637,\n        \&quot;programName\&quot;: \&quot;SCIENCE\&quot;,\n        \&quot;programDescription\&quot;: \&quot;Business Mgmt\&quot;,\n        \&quot;online\&quot;: true\n    },\n    {\n        \&quot;programId\&quot;: 3638,\n        \&quot;programName\&quot;: \&quot;string\&quot;,\n        \&quot;programDescription\&quot;: \&quot;string\&quot;,\n        \&quot;online\&quot;: true\n    },\n    {\n        \&quot;programId\&quot;: 3845,\n        \&quot;programName\&quot;: \&quot;API testing Modified\&quot;,\n        \&quot;programDescription\&quot;: \&quot;Testing using Postman  Modified\&quot;,\n        \&quot;online\&quot;: false\n    },\n    {\n        \&quot;programId\&quot;: 3640,\n        \&quot;programName\&quot;: \&quot;SCIENCE2\&quot;,\n        \&quot;programDescription\&quot;: \&quot;Business Mgmt\&quot;,\n        \&quot;online\&quot;: true\n    },\n    {\n        \&quot;programId\&quot;: 3846,\n        \&quot;programName\&quot;: \&quot;Python programming\&quot;,\n        \&quot;programDescription\&quot;: \&quot;Learn Python\&quot;,\n        \&quot;online\&quot;: false\n    },\n    {\n        \&quot;programId\&quot;: 3847,\n        \&quot;programName\&quot;: \&quot;API testing\&quot;,\n        \&quot;programDescription\&quot;: \&quot;Testing using Postman \&quot;,\n        \&quot;online\&quot;: false\n    },\n    {\n        \&quot;programId\&quot;: 3643,\n        \&quot;programName\&quot;: \&quot;string\&quot;,\n        \&quot;programDescription\&quot;: \&quot;jobs\&quot;,\n        \&quot;online\&quot;: true\n    },\n    {\n        \&quot;programId\&quot;: 3883,\n        \&quot;programName\&quot;: \&quot;spiderman\&quot;,\n        \&quot;programDescription\&quot;: \&quot;string\&quot;,\n        \&quot;online\&quot;: true\n    },\n    {\n        \&quot;programId\&quot;: 7372,\n        \&quot;programName\&quot;: \&quot;testing\&quot;,\n        \&quot;programDescription\&quot;: \&quot;testing\&quot;,\n        \&quot;online\&quot;: true\n    },\n    {\n        \&quot;programId\&quot;: 3633,\n        \&quot;programName\&quot;: \&quot;Developer\&quot;,\n        \&quot;programDescription\&quot;: \&quot;API Developer\&quot;,\n        \&quot;online\&quot;: true\n    },\n    {\n        \&quot;programId\&quot;: 3645,\n        \&quot;programName\&quot;: \&quot;spiderman\&quot;,\n        \&quot;programDescription\&quot;: \&quot;string\&quot;,\n        \&quot;online\&quot;: true\n    },\n    {\n        \&quot;programId\&quot;: 3884,\n        \&quot;programName\&quot;: \&quot;Contract testing\&quot;,\n        \&quot;programDescription\&quot;: \&quot;LMS API TESTING\&quot;,\n        \&quot;online\&quot;: true\n    },\n    {\n        \&quot;programId\&quot;: 3646,\n        \&quot;programName\&quot;: \&quot;spiderman\&quot;,\n        \&quot;programDescription\&quot;: \&quot;string\&quot;,\n        \&quot;online\&quot;: true\n    },\n    {\n        \&quot;programId\&quot;: 3647,\n        \&quot;programName\&quot;: \&quot;spiderman\&quot;,\n        \&quot;programDescription\&quot;: \&quot;string\&quot;,\n        \&quot;online\&quot;: true\n    },\n    {\n        \&quot;programId\&quot;: 3648,\n        \&quot;programName\&quot;: \&quot;spiderman\&quot;,\n        \&quot;programDescription\&quot;: \&quot;string\&quot;,\n        \&quot;online\&quot;: true\n    },\n    {\n        \&quot;programId\&quot;: 3649,\n        \&quot;programName\&quot;: \&quot;spiderman\&quot;,\n        \&quot;programDescription\&quot;: \&quot;string\&quot;,\n        \&quot;online\&quot;: true\n    },\n    {\n        \&quot;programId\&quot;: 3650,\n        \&quot;programName\&quot;: \&quot;SCIENCE2\&quot;,\n        \&quot;programDescription\&quot;: \&quot;Business Mgmt\&quot;,\n        \&quot;online\&quot;: true\n    },\n    {\n        \&quot;programId\&quot;: 3651,\n        \&quot;programName\&quot;: \&quot;SCIENCE4\&quot;,\n        \&quot;programDescription\&quot;: \&quot;Business Mgmt\&quot;,\n        \&quot;online\&quot;: true\n    },\n    {\n        \&quot;programId\&quot;: 3652,\n        \&quot;programName\&quot;: \&quot;automation testing\&quot;,\n        \&quot;programDescription\&quot;: \&quot;RestassuredBDD\&quot;,\n        \&quot;online\&quot;: true\n    },\n    {\n        \&quot;programId\&quot;: 3658,\n        \&quot;programName\&quot;: \&quot;automation \&quot;,\n        \&quot;programDescription\&quot;: \&quot;RestAssured\&quot;,\n        \&quot;online\&quot;: true\n    },\n    {\n        \&quot;programId\&quot;: 3659,\n        \&quot;programName\&quot;: \&quot;API Testing\&quot;,\n        \&quot;programDescription\&quot;: \&quot;API Testing on LMS\&quot;,\n        \&quot;online\&quot;: true\n    },\n    {\n        \&quot;programId\&quot;: 3896,\n        \&quot;programName\&quot;: \&quot;Contract testing\&quot;,\n        \&quot;programDescription\&quot;: \&quot;LMS API TESTING\&quot;,\n        \&quot;online\&quot;: true\n    },\n    {\n        \&quot;programId\&quot;: 3660,\n        \&quot;programName\&quot;: \&quot;Developer-same ProgramId\&quot;,\n        \&quot;programDescription\&quot;: \&quot;API Developer-same ProgramId\&quot;,\n        \&quot;online\&quot;: true\n    },\n    {\n        \&quot;programId\&quot;: 3661,\n        \&quot;programName\&quot;: \&quot;Developer-3661\&quot;,\n        \&quot;programDescription\&quot;: \&quot;API Developer-3661\&quot;,\n        \&quot;online\&quot;: true\n    },\n    {\n        \&quot;programId\&quot;: 3662,\n        \&quot;programName\&quot;: \&quot;API Testing\&quot;,\n        \&quot;programDescription\&quot;: \&quot;API Testing on LMS\&quot;,\n        \&quot;online\&quot;: true\n    },\n    {\n        \&quot;programId\&quot;: 3663,\n        \&quot;programName\&quot;: \&quot;cucumber learning modified\&quot;,\n        \&quot;programDescription\&quot;: \&quot;cucumber learning\&quot;,\n        \&quot;online\&quot;: false\n    },\n    {\n        \&quot;programId\&quot;: 3664,\n        \&quot;programName\&quot;: \&quot;API Testing\&quot;,\n        \&quot;programDescription\&quot;: \&quot;API Testing on LMS\&quot;,\n        \&quot;online\&quot;: true\n    },\n    {\n        \&quot;programId\&quot;: 3665,\n        \&quot;programName\&quot;: \&quot;cucumber learning modified\&quot;,\n        \&quot;programDescription\&quot;: \&quot;cucumber learning\&quot;,\n        \&quot;online\&quot;: false\n    },\n    {\n        \&quot;programId\&quot;: 3666,\n        \&quot;programName\&quot;: \&quot;API Testing\&quot;,\n        \&quot;programDescription\&quot;: \&quot;API Testing on LMS\&quot;,\n        \&quot;online\&quot;: true\n    },\n    {\n        \&quot;programId\&quot;: 3667,\n        \&quot;programName\&quot;: \&quot;cucumber learning modified\&quot;,\n        \&quot;programDescription\&quot;: \&quot;cucumber learning\&quot;,\n        \&quot;online\&quot;: false\n    },\n    {\n        \&quot;programId\&quot;: 3668,\n        \&quot;programName\&quot;: \&quot;API Testing\&quot;,\n        \&quot;programDescription\&quot;: \&quot;API Testing on LMS\&quot;,\n        \&quot;online\&quot;: true\n    },\n    {\n        \&quot;programId\&quot;: 3669,\n        \&quot;programName\&quot;: \&quot;cucumber learning modified\&quot;,\n        \&quot;programDescription\&quot;: \&quot;cucumber learning\&quot;,\n        \&quot;online\&quot;: false\n    },\n    {\n        \&quot;programId\&quot;: 3897,\n        \&quot;programName\&quot;: \&quot;asdfa\&quot;,\n        \&quot;programDescription\&quot;: \&quot;asfa\&quot;,\n        \&quot;online\&quot;: true\n    },\n    {\n        \&quot;programId\&quot;: 3946,\n        \&quot;programName\&quot;: \&quot;string\&quot;,\n        \&quot;programDescription\&quot;: \&quot;string\&quot;,\n        \&quot;online\&quot;: true\n    },\n    {\n        \&quot;programId\&quot;: 3903,\n        \&quot;programName\&quot;: \&quot;ironman\&quot;,\n        \&quot;programDescription\&quot;: \&quot;string\&quot;,\n        \&quot;online\&quot;: true\n    },\n    {\n        \&quot;programId\&quot;: 3674,\n        \&quot;programName\&quot;: \&quot;Developer\&quot;,\n        \&quot;programDescription\&quot;: \&quot;API Developer\&quot;,\n        \&quot;online\&quot;: true\n    },\n    {\n        \&quot;programId\&quot;: 3675,\n        \&quot;programName\&quot;: \&quot;API Testing\&quot;,\n        \&quot;programDescription\&quot;: \&quot;API Testing on LMS\&quot;,\n        \&quot;online\&quot;: true\n    },\n    {\n        \&quot;programId\&quot;: 3676,\n        \&quot;programName\&quot;: \&quot;cucumber learning modified\&quot;,\n        \&quot;programDescription\&quot;: \&quot;cucumber learning\&quot;,\n        \&quot;online\&quot;: false\n    },\n    {\n        \&quot;programId\&quot;: 3687,\n        \&quot;programName\&quot;: \&quot;JMeter\&quot;,\n        \&quot;programDescription\&quot;: \&quot;Performance Testing\&quot;,\n        \&quot;online\&quot;: true\n    },\n    {\n        \&quot;programId\&quot;: 3688,\n        \&quot;programName\&quot;: \&quot;\\\&quot;Automatio Testing\\\&quot;\&quot;,\n        \&quot;programDescription\&quot;: \&quot;\\\&quot;RestAssured\\\&quot;\&quot;,\n        \&quot;online\&quot;: false\n    },\n    {\n        \&quot;programId\&quot;: 3689,\n        \&quot;programName\&quot;: \&quot;\\\&quot;Develeopment\\\&quot;\&quot;,\n        \&quot;programDescription\&quot;: \&quot;\\\&quot;Java\\\&quot;\&quot;,\n        \&quot;online\&quot;: false\n    },\n    {\n        \&quot;programId\&quot;: 3690,\n        \&quot;programName\&quot;: \&quot;\\\&quot;Project Management\\\&quot;\&quot;,\n        \&quot;programDescription\&quot;: \&quot;\\\&quot;scrum master\\\&quot;\&quot;,\n        \&quot;online\&quot;: false\n    },\n    {\n        \&quot;programId\&quot;: 3905,\n        \&quot;programName\&quot;: \&quot;batman\&quot;,\n        \&quot;programDescription\&quot;: \&quot;string\&quot;,\n        \&quot;online\&quot;: true\n    },\n    {\n        \&quot;programId\&quot;: 3692,\n        \&quot;programName\&quot;: \&quot;automation \&quot;,\n        \&quot;programDescription\&quot;: \&quot;RestAssured\&quot;,\n        \&quot;online\&quot;: true\n    },\n    {\n        \&quot;programId\&quot;: 3906,\n        \&quot;programName\&quot;: \&quot;ironman\&quot;,\n        \&quot;programDescription\&quot;: \&quot;string\&quot;,\n        \&quot;online\&quot;: true\n    },\n    {\n        \&quot;programId\&quot;: 3909,\n        \&quot;programName\&quot;: \&quot;batman\&quot;,\n        \&quot;programDescription\&quot;: \&quot;string\&quot;,\n        \&quot;online\&quot;: true\n    },\n    {\n        \&quot;programId\&quot;: 3910,\n        \&quot;programName\&quot;: \&quot;ironman\&quot;,\n        \&quot;programDescription\&quot;: \&quot;string\&quot;,\n        \&quot;online\&quot;: true\n    },\n    {\n        \&quot;programId\&quot;: 3911,\n        \&quot;programName\&quot;: \&quot;superman\&quot;,\n        \&quot;programDescription\&quot;: \&quot;string\&quot;,\n        \&quot;online\&quot;: true\n    },\n    {\n        \&quot;programId\&quot;: 3912,\n        \&quot;programName\&quot;: \&quot;batman\&quot;,\n        \&quot;programDescription\&quot;: \&quot;string\&quot;,\n        \&quot;online\&quot;: true\n    },\n    {\n        \&quot;programId\&quot;: 3913,\n        \&quot;programName\&quot;: \&quot;ironman\&quot;,\n        \&quot;programDescription\&quot;: \&quot;string\&quot;,\n        \&quot;online\&quot;: true\n    },\n    {\n        \&quot;programId\&quot;: 3914,\n        \&quot;programName\&quot;: \&quot;superman\&quot;,\n        \&quot;programDescription\&quot;: \&quot;string\&quot;,\n        \&quot;online\&quot;: true\n    },\n    {\n        \&quot;programId\&quot;: 3915,\n        \&quot;programName\&quot;: \&quot;batman\&quot;,\n        \&quot;programDescription\&quot;: \&quot;string\&quot;,\n        \&quot;online\&quot;: true\n    },\n    {\n        \&quot;programId\&quot;: 3916,\n        \&quot;programName\&quot;: \&quot;ironman\&quot;,\n        \&quot;programDescription\&quot;: \&quot;string\&quot;,\n        \&quot;online\&quot;: true\n    },\n    {\n        \&quot;programId\&quot;: 3917,\n        \&quot;programName\&quot;: \&quot;batman\&quot;,\n        \&quot;programDescription\&quot;: \&quot;string\&quot;,\n        \&quot;online\&quot;: true\n    },\n    {\n        \&quot;programId\&quot;: 3918,\n        \&quot;programName\&quot;: \&quot;ironman\&quot;,\n        \&quot;programDescription\&quot;: \&quot;string\&quot;,\n        \&quot;online\&quot;: true\n    },\n    {\n        \&quot;programId\&quot;: 3919,\n        \&quot;programName\&quot;: \&quot;batman\&quot;,\n        \&quot;programDescription\&quot;: \&quot;string\&quot;,\n        \&quot;online\&quot;: true\n    },\n    {\n        \&quot;programId\&quot;: 3920,\n        \&quot;programName\&quot;: \&quot;ironman\&quot;,\n        \&quot;programDescription\&quot;: \&quot;string\&quot;,\n        \&quot;online\&quot;: true\n    },\n    {\n        \&quot;programId\&quot;: 3927,\n        \&quot;programName\&quot;: \&quot;softwaretesting \&quot;,\n        \&quot;programDescription\&quot;: \&quot;training\&quot;,\n        \&quot;online\&quot;: true\n    },\n    {\n        \&quot;programId\&quot;: 3928,\n        \&quot;programName\&quot;: \&quot;batman\&quot;,\n        \&quot;programDescription\&quot;: \&quot;string\&quot;,\n        \&quot;online\&quot;: true\n    },\n    {\n        \&quot;programId\&quot;: 3929,\n        \&quot;programName\&quot;: \&quot;ironman\&quot;,\n        \&quot;programDescription\&quot;: \&quot;string\&quot;,\n        \&quot;online\&quot;: true\n    },\n    {\n        \&quot;programId\&quot;: 3930,\n        \&quot;programName\&quot;: \&quot;batman\&quot;,\n        \&quot;programDescription\&quot;: \&quot;string\&quot;,\n        \&quot;online\&quot;: true\n    },\n    {\n        \&quot;programId\&quot;: 3931,\n        \&quot;programName\&quot;: \&quot;ironman\&quot;,\n        \&quot;programDescription\&quot;: \&quot;string\&quot;,\n        \&quot;online\&quot;: true\n    },\n    {\n        \&quot;programId\&quot;: 3932,\n        \&quot;programName\&quot;: \&quot;API Testing 87766\&quot;,\n        \&quot;programDescription\&quot;: \&quot;Description for 87766\&quot;,\n        \&quot;online\&quot;: true\n    },\n    {\n        \&quot;programId\&quot;: 3600,\n        \&quot;programName\&quot;: \&quot;1.00\&quot;,\n        \&quot;programDescription\&quot;: \&quot;Lms Automation\&quot;,\n        \&quot;online\&quot;: true\n    },\n    {\n        \&quot;programId\&quot;: 3956,\n        \&quot;programName\&quot;: \&quot;DEMOname\&quot;,\n        \&quot;programDescription\&quot;: \&quot;DEMOid\&quot;,\n        \&quot;online\&quot;: true\n    },\n    {\n        \&quot;programId\&quot;: 3957,\n        \&quot;programName\&quot;: \&quot;DEMOname\&quot;,\n        \&quot;programDescription\&quot;: \&quot;DEMOid\&quot;,\n        \&quot;online\&quot;: true\n    },\n    {\n        \&quot;programId\&quot;: 3964,\n        \&quot;programName\&quot;: \&quot;Multipal Digit Testing\&quot;,\n        \&quot;programDescription\&quot;: \&quot;Program ID Testing\&quot;,\n        \&quot;online\&quot;: true\n    },\n    {\n        \&quot;programId\&quot;: 3965,\n        \&quot;programName\&quot;: \&quot;Multipal Digit Testing\&quot;,\n        \&quot;programDescription\&quot;: \&quot;Program ID Testing\&quot;,\n        \&quot;online\&quot;: true\n    },\n    {\n        \&quot;programId\&quot;: 3966,\n        \&quot;programName\&quot;: \&quot;Multipal Digit Testing\&quot;,\n        \&quot;programDescription\&quot;: \&quot;Program ID Testing\&quot;,\n        \&quot;online\&quot;: true\n    },\n    {\n        \&quot;programId\&quot;: 3968,\n        \&quot;programName\&quot;: \&quot;ironman\&quot;,\n        \&quot;programDescription\&quot;: \&quot;string\&quot;,\n        \&quot;online\&quot;: true\n    },\n    {\n        \&quot;programId\&quot;: 3967,\n        \&quot;programName\&quot;: \&quot;Multipal Digit Testing\&quot;,\n        \&quot;programDescription\&quot;: \&quot;Program ID Testing\&quot;,\n        \&quot;online\&quot;: true\n    },\n    {\n        \&quot;programId\&quot;: 3977,\n        \&quot;programName\&quot;: \&quot;Multipal Digit Testing\&quot;,\n        \&quot;programDescription\&quot;: \&quot;Program ID Testing\&quot;,\n        \&quot;online\&quot;: true\n    },\n    {\n        \&quot;programId\&quot;: 3982,\n        \&quot;programName\&quot;: \&quot;SCIENCE4\&quot;,\n        \&quot;programDescription\&quot;: \&quot;Business Mgmt\&quot;,\n        \&quot;online\&quot;: true\n    },\n    {\n        \&quot;programId\&quot;: 3631,\n        \&quot;programName\&quot;: \&quot;MBBBBBC\&quot;,\n        \&quot;programDescription\&quot;: \&quot;Business Mgmt\&quot;,\n        \&quot;online\&quot;: true\n    },\n    {\n        \&quot;programId\&quot;: 3987,\n        \&quot;programName\&quot;: \&quot;MBBBBBC\&quot;,\n        \&quot;programDescription\&quot;: \&quot;Business Mgmt\&quot;,\n        \&quot;online\&quot;: true\n    },\n    {\n        \&quot;programId\&quot;: 3988,\n        \&quot;programName\&quot;: \&quot;SCIENCE4\&quot;,\n        \&quot;programDescription\&quot;: \&quot;Business Mgmt\&quot;,\n        \&quot;online\&quot;: true\n    },\n    {\n        \&quot;programId\&quot;: 3989,\n        \&quot;programName\&quot;: \&quot;MBBBBBC\&quot;,\n        \&quot;programDescription\&quot;: \&quot;Business Mgmt\&quot;,\n        \&quot;online\&quot;: true\n    },\n    {\n        \&quot;programId\&quot;: 3990,\n        \&quot;programName\&quot;: \&quot;SCIENCE4\&quot;,\n        \&quot;programDescription\&quot;: \&quot;Business Mgmt\&quot;,\n        \&quot;online\&quot;: true\n    },\n    {\n        \&quot;programId\&quot;: 3992,\n        \&quot;programName\&quot;: \&quot;SCIENCE4\&quot;,\n        \&quot;programDescription\&quot;: \&quot;Business Mgmt\&quot;,\n        \&quot;online\&quot;: true\n    },\n    {\n        \&quot;programId\&quot;: 3993,\n        \&quot;programName\&quot;: \&quot;MBBBBBC\&quot;,\n        \&quot;programDescription\&quot;: \&quot;Business Mgmt\&quot;,\n        \&quot;online\&quot;: true\n    },\n    {\n        \&quot;programId\&quot;: 3994,\n        \&quot;programName\&quot;: \&quot;SCIENCE4\&quot;,\n        \&quot;programDescription\&quot;: \&quot;Business Mgmt\&quot;,\n        \&quot;online\&quot;: true\n    },\n    {\n        \&quot;programId\&quot;: 3980,\n        \&quot;programName\&quot;: \&quot;MBBBBBC\&quot;,\n        \&quot;programDescription\&quot;: \&quot;Business Mgmt\&quot;,\n        \&quot;online\&quot;: true\n    },\n    {\n        \&quot;programId\&quot;: 3995,\n        \&quot;programName\&quot;: \&quot;SCIENCE4\&quot;,\n        \&quot;programDescription\&quot;: \&quot;Business Mgmt\&quot;,\n        \&quot;online\&quot;: true\n    },\n    {\n        \&quot;programId\&quot;: 3996,\n        \&quot;programName\&quot;: \&quot;SCIENCE4\&quot;,\n        \&quot;programDescription\&quot;: \&quot;Business Mgmt\&quot;,\n        \&quot;online\&quot;: true\n    },\n    {\n        \&quot;programId\&quot;: 3997,\n        \&quot;programName\&quot;: \&quot;SCIENCE4\&quot;,\n        \&quot;programDescription\&quot;: \&quot;Business Mgmt\&quot;,\n        \&quot;online\&quot;: true\n    },\n    {\n        \&quot;programId\&quot;: 3936,\n        \&quot;programName\&quot;: \&quot;softwaretesting\&quot;,\n        \&quot;programDescription\&quot;: \&quot;Newtraining\&quot;,\n        \&quot;online\&quot;: true\n    },\n    {\n        \&quot;programId\&quot;: 3562,\n        \&quot;programName\&quot;: \&quot;modified today\&quot;,\n        \&quot;programDescription\&quot;: \&quot;modidied today\&quot;,\n        \&quot;online\&quot;: true\n    },\n    {\n        \&quot;programId\&quot;: 4074,\n        \&quot;programName\&quot;: \&quot;API Testing 3705\&quot;,\n        \&quot;programDescription\&quot;: \&quot;Description for 3705\&quot;,\n        \&quot;online\&quot;: true\n    },\n    {\n        \&quot;programId\&quot;: 4075,\n        \&quot;programName\&quot;: \&quot;API Testing 3705\&quot;,\n        \&quot;programDescription\&quot;: \&quot;Description for 3705\&quot;,\n        \&quot;online\&quot;: true\n    },\n    {\n        \&quot;programId\&quot;: 4076,\n        \&quot;programName\&quot;: \&quot;API Testing 3705\&quot;,\n        \&quot;programDescription\&quot;: \&quot;Description for 3705\&quot;,\n        \&quot;online\&quot;: true\n    },\n    {\n        \&quot;programId\&quot;: 4077,\n        \&quot;programName\&quot;: \&quot;API Testing 3705\&quot;,\n        \&quot;programDescription\&quot;: \&quot;Description for 3705\&quot;,\n        \&quot;online\&quot;: true\n    },\n    {\n        \&quot;programId\&quot;: 4078,\n        \&quot;programName\&quot;: \&quot;API Testing 3705\&quot;,\n        \&quot;programDescription\&quot;: \&quot;Description for 3705\&quot;,\n        \&quot;online\&quot;: true\n    },\n    {\n        \&quot;programId\&quot;: 3300,\n        \&quot;programName\&quot;: \&quot;API Testing 3705\&quot;,\n        \&quot;programDescription\&quot;: \&quot;Description for 3705\&quot;,\n        \&quot;online\&quot;: true\n    },\n    {\n        \&quot;programId\&quot;: 4079,\n        \&quot;programName\&quot;: \&quot;API Testing 3705\&quot;,\n        \&quot;programDescription\&quot;: \&quot;Description for 3705\&quot;,\n        \&quot;online\&quot;: true\n    },\n    {\n        \&quot;programId\&quot;: 4080,\n        \&quot;programName\&quot;: \&quot;API Testing 3705\&quot;,\n        \&quot;programDescription\&quot;: \&quot;Description for 3705\&quot;,\n        \&quot;online\&quot;: true\n    },\n    {\n        \&quot;programId\&quot;: 4081,\n        \&quot;programName\&quot;: \&quot;API Testing 3705\&quot;,\n        \&quot;programDescription\&quot;: \&quot;Description for 3705\&quot;,\n        \&quot;online\&quot;: true\n    },\n    {\n        \&quot;programId\&quot;: 4082,\n        \&quot;programName\&quot;: \&quot;API Testing 3705\&quot;,\n        \&quot;programDescription\&quot;: \&quot;Description for 3705\&quot;,\n        \&quot;online\&quot;: true\n    },\n    {\n        \&quot;programId\&quot;: 4083,\n        \&quot;programName\&quot;: \&quot;Csharp\&quot;,\n        \&quot;programDescription\&quot;: null,\n        \&quot;online\&quot;: true\n    },\n    {\n        \&quot;programId\&quot;: 4084,\n        \&quot;programName\&quot;: \&quot;Csharp\&quot;,\n        \&quot;programDescription\&quot;: null,\n        \&quot;online\&quot;: true\n    },\n    {\n        \&quot;programId\&quot;: 4085,\n        \&quot;programName\&quot;: \&quot;Csharp\&quot;,\n        \&quot;programDescription\&quot;: null,\n        \&quot;online\&quot;: true\n    },\n    {\n        \&quot;programId\&quot;: 4086,\n        \&quot;programName\&quot;: \&quot;Csharp\&quot;,\n        \&quot;programDescription\&quot;: null,\n        \&quot;online\&quot;: true\n    },\n    {\n        \&quot;programId\&quot;: 4087,\n        \&quot;programName\&quot;: \&quot;Csharp\&quot;,\n        \&quot;programDescription\&quot;: null,\n        \&quot;online\&quot;: true\n    },\n    {\n        \&quot;programId\&quot;: 4088,\n        \&quot;programName\&quot;: \&quot;Csharp\&quot;,\n        \&quot;programDescription\&quot;: null,\n        \&quot;online\&quot;: true\n    },\n    {\n        \&quot;programId\&quot;: 4089,\n        \&quot;programName\&quot;: \&quot;Selenium\&quot;,\n        \&quot;programDescription\&quot;: null,\n        \&quot;online\&quot;: true\n    },\n    {\n        \&quot;programId\&quot;: 4090,\n        \&quot;programName\&quot;: \&quot;Java\&quot;,\n        \&quot;programDescription\&quot;: null,\n        \&quot;online\&quot;: false\n    },\n    {\n        \&quot;programId\&quot;: 4091,\n        \&quot;programName\&quot;: \&quot;Csharp\&quot;,\n        \&quot;programDescription\&quot;: null,\n        \&quot;online\&quot;: true\n    },\n    {\n        \&quot;programId\&quot;: 4092,\n        \&quot;programName\&quot;: \&quot;Cypress\&quot;,\n        \&quot;programDescription\&quot;: null,\n        \&quot;online\&quot;: false\n    },\n    {\n        \&quot;programId\&quot;: 4093,\n        \&quot;programName\&quot;: \&quot;CoralDraw\&quot;,\n        \&quot;programDescription\&quot;: null,\n        \&quot;online\&quot;: true\n    },\n    {\n        \&quot;programId\&quot;: 4094,\n        \&quot;programName\&quot;: \&quot;Adobe Reader\&quot;,\n        \&quot;programDescription\&quot;: null,\n        \&quot;online\&quot;: true\n    },\n    {\n        \&quot;programId\&quot;: 4095,\n        \&quot;programName\&quot;: \&quot;Cucumber\&quot;,\n        \&quot;programDescription\&quot;: null,\n        \&quot;online\&quot;: true\n    },\n    {\n        \&quot;programId\&quot;: 4096,\n        \&quot;programName\&quot;: \&quot;Selenium\&quot;,\n        \&quot;programDescription\&quot;: null,\n        \&quot;online\&quot;: true\n    },\n    {\n        \&quot;programId\&quot;: 4097,\n        \&quot;programName\&quot;: \&quot;Selenium Modified\&quot;,\n        \&quot;programDescription\&quot;: null,\n        \&quot;online\&quot;: true\n    },\n    {\n        \&quot;programId\&quot;: 4098,\n        \&quot;programName\&quot;: \&quot;Java\&quot;,\n        \&quot;programDescription\&quot;: null,\n        \&quot;online\&quot;: false\n    },\n    {\n        \&quot;programId\&quot;: 4099,\n        \&quot;programName\&quot;: \&quot;Java Modified\&quot;,\n        \&quot;programDescription\&quot;: null,\n        \&quot;online\&quot;: false\n    },\n    {\n        \&quot;programId\&quot;: 4100,\n        \&quot;programName\&quot;: \&quot;Csharp\&quot;,\n        \&quot;programDescription\&quot;: null,\n        \&quot;online\&quot;: true\n    },\n    {\n        \&quot;programId\&quot;: 4101,\n        \&quot;programName\&quot;: \&quot;Csharp Modified\&quot;,\n        \&quot;programDescription\&quot;: null,\n        \&quot;online\&quot;: true\n    },\n    {\n        \&quot;programId\&quot;: 4102,\n        \&quot;programName\&quot;: \&quot;Cypress\&quot;,\n        \&quot;programDescription\&quot;: null,\n        \&quot;online\&quot;: false\n    },\n    {\n        \&quot;programId\&quot;: 4103,\n        \&quot;programName\&quot;: \&quot;Cypress Modified\&quot;,\n        \&quot;programDescription\&quot;: null,\n        \&quot;online\&quot;: false\n    },\n    {\n        \&quot;programId\&quot;: 4104,\n        \&quot;programName\&quot;: \&quot;CoralDraw\&quot;,\n        \&quot;programDescription\&quot;: null,\n        \&quot;online\&quot;: true\n    },\n    {\n        \&quot;programId\&quot;: 4105,\n        \&quot;programName\&quot;: \&quot;CoralDraw Modified\&quot;,\n        \&quot;programDescription\&quot;: null,\n        \&quot;online\&quot;: true\n    },\n    {\n        \&quot;programId\&quot;: 4106,\n        \&quot;programName\&quot;: \&quot;Adobe Reader\&quot;,\n        \&quot;programDescription\&quot;: null,\n        \&quot;online\&quot;: true\n    },\n    {\n        \&quot;programId\&quot;: 4107,\n        \&quot;programName\&quot;: \&quot;Adobe Reader Modified\&quot;,\n        \&quot;programDescription\&quot;: null,\n        \&quot;online\&quot;: true\n    },\n    {\n        \&quot;programId\&quot;: 4108,\n        \&quot;programName\&quot;: \&quot;Cucumber\&quot;,\n        \&quot;programDescription\&quot;: null,\n        \&quot;online\&quot;: true\n    },\n    {\n        \&quot;programId\&quot;: 4109,\n        \&quot;programName\&quot;: \&quot;Cucumber Modified\&quot;,\n        \&quot;programDescription\&quot;: null,\n        \&quot;online\&quot;: true\n    },\n    {\n        \&quot;programId\&quot;: 4110,\n        \&quot;programName\&quot;: \&quot;Testing1\&quot;,\n        \&quot;programDescription\&quot;: \&quot;Testing1\&quot;,\n        \&quot;online\&quot;: true\n    },\n    {\n        \&quot;programId\&quot;: 4111,\n        \&quot;programName\&quot;: \&quot;batman\&quot;,\n        \&quot;programDescription\&quot;: \&quot;string\&quot;,\n        \&quot;online\&quot;: true\n    },\n    {\n        \&quot;programId\&quot;: 4112,\n        \&quot;programName\&quot;: \&quot;ironman\&quot;,\n        \&quot;programDescription\&quot;: \&quot;string\&quot;,\n        \&quot;online\&quot;: true\n    },\n    {\n        \&quot;programId\&quot;: 4113,\n        \&quot;programName\&quot;: \&quot;batman\&quot;,\n        \&quot;programDescription\&quot;: \&quot;string\&quot;,\n        \&quot;online\&quot;: true\n    },\n    {\n        \&quot;programId\&quot;: 4114,\n        \&quot;programName\&quot;: \&quot;ironman\&quot;,\n        \&quot;programDescription\&quot;: \&quot;string\&quot;,\n        \&quot;online\&quot;: true\n    },\n    {\n        \&quot;programId\&quot;: 4115,\n        \&quot;programName\&quot;: \&quot;batman\&quot;,\n        \&quot;programDescription\&quot;: \&quot;string\&quot;,\n        \&quot;online\&quot;: true\n    },\n    {\n        \&quot;programId\&quot;: 4116,\n        \&quot;programName\&quot;: \&quot;ironman\&quot;,\n        \&quot;programDescription\&quot;: \&quot;string\&quot;,\n        \&quot;online\&quot;: true\n    },\n    {\n        \&quot;programId\&quot;: 4117,\n        \&quot;programName\&quot;: \&quot;batman\&quot;,\n        \&quot;programDescription\&quot;: \&quot;string\&quot;,\n        \&quot;online\&quot;: true\n    },\n    {\n        \&quot;programId\&quot;: 4118,\n        \&quot;programName\&quot;: \&quot;ironman\&quot;,\n        \&quot;programDescription\&quot;: \&quot;string\&quot;,\n        \&quot;online\&quot;: true\n    },\n    {\n        \&quot;programId\&quot;: 4119,\n        \&quot;programName\&quot;: \&quot;batman\&quot;,\n        \&quot;programDescription\&quot;: \&quot;string\&quot;,\n        \&quot;online\&quot;: true\n    },\n    {\n        \&quot;programId\&quot;: 4120,\n        \&quot;programName\&quot;: \&quot;ironman\&quot;,\n        \&quot;programDescription\&quot;: \&quot;string\&quot;,\n        \&quot;online\&quot;: true\n    },\n    {\n        \&quot;programId\&quot;: 4122,\n        \&quot;programName\&quot;: \&quot;cucumber learning\&quot;,\n        \&quot;programDescription\&quot;: \&quot;cucumber learning\&quot;,\n        \&quot;online\&quot;: false\n    },\n    {\n        \&quot;programId\&quot;: 4123,\n        \&quot;programName\&quot;: \&quot;Selenium\&quot;,\n        \&quot;programDescription\&quot;: null,\n        \&quot;online\&quot;: true\n    },\n    {\n        \&quot;programId\&quot;: 4124,\n        \&quot;programName\&quot;: \&quot;Java\&quot;,\n        \&quot;programDescription\&quot;: null,\n        \&quot;online\&quot;: false\n    },\n    {\n        \&quot;programId\&quot;: 4125,\n        \&quot;programName\&quot;: \&quot;Csharp\&quot;,\n        \&quot;programDescription\&quot;: null,\n        \&quot;online\&quot;: true\n    },\n    {\n        \&quot;programId\&quot;: 4126,\n        \&quot;programName\&quot;: \&quot;Cypress\&quot;,\n        \&quot;programDescription\&quot;: null,\n        \&quot;online\&quot;: false\n    },\n    {\n        \&quot;programId\&quot;: 4127,\n        \&quot;programName\&quot;: \&quot;CoralDraw\&quot;,\n        \&quot;programDescription\&quot;: null,\n        \&quot;online\&quot;: true\n    },\n    {\n        \&quot;programId\&quot;: 4128,\n        \&quot;programName\&quot;: \&quot;Adobe Reader\&quot;,\n        \&quot;programDescription\&quot;: null,\n        \&quot;online\&quot;: true\n    },\n    {\n        \&quot;programId\&quot;: 4129,\n        \&quot;programName\&quot;: \&quot;Cucumber\&quot;,\n        \&quot;programDescription\&quot;: null,\n        \&quot;online\&quot;: true\n    },\n    {\n        \&quot;programId\&quot;: 4131,\n        \&quot;programName\&quot;: \&quot;Selenium\&quot;,\n        \&quot;programDescription\&quot;: null,\n        \&quot;online\&quot;: true\n    },\n    {\n        \&quot;programId\&quot;: 4132,\n        \&quot;programName\&quot;: \&quot;Java\&quot;,\n        \&quot;programDescription\&quot;: null,\n        \&quot;online\&quot;: false\n    },\n    {\n        \&quot;programId\&quot;: 4133,\n        \&quot;programName\&quot;: \&quot;Csharp\&quot;,\n        \&quot;programDescription\&quot;: null,\n        \&quot;online\&quot;: true\n    },\n    {\n        \&quot;programId\&quot;: 4134,\n        \&quot;programName\&quot;: \&quot;Cypress\&quot;,\n        \&quot;programDescription\&quot;: null,\n        \&quot;online\&quot;: false\n    },\n    {\n        \&quot;programId\&quot;: 4135,\n        \&quot;programName\&quot;: \&quot;CoralDraw\&quot;,\n        \&quot;programDescription\&quot;: null,\n        \&quot;online\&quot;: true\n    },\n    {\n        \&quot;programId\&quot;: 4136,\n        \&quot;programName\&quot;: \&quot;Adobe Reader\&quot;,\n        \&quot;programDescription\&quot;: null,\n        \&quot;online\&quot;: true\n    },\n    {\n        \&quot;programId\&quot;: 4137,\n        \&quot;programName\&quot;: \&quot;Cucumber\&quot;,\n        \&quot;programDescription\&quot;: null,\n        \&quot;online\&quot;: true\n    },\n    {\n        \&quot;programId\&quot;: 305,\n        \&quot;programName\&quot;: \&quot;Java\&quot;,\n        \&quot;programDescription\&quot;: \&quot;Web Development\&quot;,\n        \&quot;online\&quot;: true\n    },\n    {\n        \&quot;programId\&quot;: 4147,\n        \&quot;programName\&quot;: \&quot;Selenium\&quot;,\n        \&quot;programDescription\&quot;: null,\n        \&quot;online\&quot;: true\n    },\n    {\n        \&quot;programId\&quot;: 4148,\n        \&quot;programName\&quot;: \&quot;Java\&quot;,\n        \&quot;programDescription\&quot;: null,\n        \&quot;online\&quot;: false\n    },\n    {\n        \&quot;programId\&quot;: 4149,\n        \&quot;programName\&quot;: \&quot;Csharp\&quot;,\n        \&quot;programDescription\&quot;: null,\n        \&quot;online\&quot;: true\n    },\n    {\n        \&quot;programId\&quot;: 4150,\n        \&quot;programName\&quot;: \&quot;Cypress\&quot;,\n        \&quot;programDescription\&quot;: null,\n        \&quot;online\&quot;: false\n    },\n    {\n        \&quot;programId\&quot;: 4151,\n        \&quot;programName\&quot;: \&quot;CoralDraw\&quot;,\n        \&quot;programDescription\&quot;: null,\n        \&quot;online\&quot;: true\n    },\n    {\n        \&quot;programId\&quot;: 4152,\n        \&quot;programName\&quot;: \&quot;Adobe Reader\&quot;,\n        \&quot;programDescription\&quot;: null,\n        \&quot;online\&quot;: true\n    },\n    {\n        \&quot;programId\&quot;: 4153,\n        \&quot;programName\&quot;: \&quot;Cucumber\&quot;,\n        \&quot;programDescription\&quot;: null,\n        \&quot;online\&quot;: true\n    },\n    {\n        \&quot;programId\&quot;: 4155,\n        \&quot;programName\&quot;: \&quot;Selenium\&quot;,\n        \&quot;programDescription\&quot;: null,\n        \&quot;online\&quot;: true\n    },\n    {\n        \&quot;programId\&quot;: 4156,\n        \&quot;programName\&quot;: \&quot;Java\&quot;,\n        \&quot;programDescription\&quot;: null,\n        \&quot;online\&quot;: false\n    },\n    {\n        \&quot;programId\&quot;: 4157,\n        \&quot;programName\&quot;: \&quot;Csharp\&quot;,\n        \&quot;programDescription\&quot;: null,\n        \&quot;online\&quot;: true\n    },\n    {\n        \&quot;programId\&quot;: 4158,\n        \&quot;programName\&quot;: \&quot;Cypress\&quot;,\n        \&quot;programDescription\&quot;: null,\n        \&quot;online\&quot;: false\n    },\n    {\n        \&quot;programId\&quot;: 4159,\n        \&quot;programName\&quot;: \&quot;CoralDraw\&quot;,\n        \&quot;programDescription\&quot;: null,\n        \&quot;online\&quot;: true\n    },\n    {\n        \&quot;programId\&quot;: 4160,\n        \&quot;programName\&quot;: \&quot;Adobe Reader\&quot;,\n        \&quot;programDescription\&quot;: null,\n        \&quot;online\&quot;: true\n    },\n    {\n        \&quot;programId\&quot;: 4161,\n        \&quot;programName\&quot;: \&quot;Cucumber\&quot;,\n        \&quot;programDescription\&quot;: null,\n        \&quot;online\&quot;: true\n    },\n    {\n        \&quot;programId\&quot;: 4171,\n        \&quot;programName\&quot;: \&quot;Selenium\&quot;,\n        \&quot;programDescription\&quot;: null,\n        \&quot;online\&quot;: true\n    },\n    {\n        \&quot;programId\&quot;: 4172,\n        \&quot;programName\&quot;: \&quot;Selenium Modified\&quot;,\n        \&quot;programDescription\&quot;: null,\n        \&quot;online\&quot;: true\n    },\n    {\n        \&quot;programId\&quot;: 4173,\n        \&quot;programName\&quot;: \&quot;Java\&quot;,\n        \&quot;programDescription\&quot;: null,\n        \&quot;online\&quot;: false\n    },\n    {\n        \&quot;programId\&quot;: 4174,\n        \&quot;programName\&quot;: \&quot;Java Modified\&quot;,\n        \&quot;programDescription\&quot;: null,\n        \&quot;online\&quot;: false\n    },\n    {\n        \&quot;programId\&quot;: 4175,\n        \&quot;programName\&quot;: \&quot;Csharp\&quot;,\n        \&quot;programDescription\&quot;: null,\n        \&quot;online\&quot;: true\n    },\n    {\n        \&quot;programId\&quot;: 4176,\n        \&quot;programName\&quot;: \&quot;Csharp Modified\&quot;,\n        \&quot;programDescription\&quot;: null,\n        \&quot;online\&quot;: true\n    },\n    {\n        \&quot;programId\&quot;: 4177,\n        \&quot;programName\&quot;: \&quot;Cypress\&quot;,\n        \&quot;programDescription\&quot;: null,\n        \&quot;online\&quot;: false\n    },\n    {\n        \&quot;programId\&quot;: 4178,\n        \&quot;programName\&quot;: \&quot;Cypress Modified\&quot;,\n        \&quot;programDescription\&quot;: null,\n        \&quot;online\&quot;: false\n    },\n    {\n        \&quot;programId\&quot;: 4179,\n        \&quot;programName\&quot;: \&quot;CoralDraw\&quot;,\n        \&quot;programDescription\&quot;: null,\n        \&quot;online\&quot;: true\n    },\n    {\n        \&quot;programId\&quot;: 4180,\n        \&quot;programName\&quot;: \&quot;CoralDraw Modified\&quot;,\n        \&quot;programDescription\&quot;: null,\n        \&quot;online\&quot;: true\n    },\n    {\n        \&quot;programId\&quot;: 4181,\n        \&quot;programName\&quot;: \&quot;Adobe Reader\&quot;,\n        \&quot;programDescription\&quot;: null,\n        \&quot;online\&quot;: true\n    },\n    {\n        \&quot;programId\&quot;: 4182,\n        \&quot;programName\&quot;: \&quot;Adobe Reader Modified\&quot;,\n        \&quot;programDescription\&quot;: null,\n        \&quot;online\&quot;: true\n    },\n    {\n        \&quot;programId\&quot;: 4183,\n        \&quot;programName\&quot;: \&quot;Cucumber\&quot;,\n        \&quot;programDescription\&quot;: null,\n        \&quot;online\&quot;: true\n    },\n    {\n        \&quot;programId\&quot;: 4184,\n        \&quot;programName\&quot;: \&quot;Cucumber Modified\&quot;,\n        \&quot;programDescription\&quot;: null,\n        \&quot;online\&quot;: true\n    },\n    {\n        \&quot;programId\&quot;: 4186,\n        \&quot;programName\&quot;: \&quot;string\&quot;,\n        \&quot;programDescription\&quot;: \&quot;string\&quot;,\n        \&quot;online\&quot;: true\n    },\n    {\n        \&quot;programId\&quot;: 4187,\n        \&quot;programName\&quot;: \&quot;string\&quot;,\n        \&quot;programDescription\&quot;: \&quot;string\&quot;,\n        \&quot;online\&quot;: true\n    },\n    {\n        \&quot;programId\&quot;: 4188,\n        \&quot;programName\&quot;: \&quot;testing\&quot;,\n        \&quot;programDescription\&quot;: \&quot;testing\&quot;,\n        \&quot;online\&quot;: true\n    },\n    {\n        \&quot;programId\&quot;: 4189,\n        \&quot;programName\&quot;: \&quot;Testing\&quot;,\n        \&quot;programDescription\&quot;: \&quot;Testing\&quot;,\n        \&quot;online\&quot;: true\n    },\n    {\n        \&quot;programId\&quot;: 4190,\n        \&quot;programName\&quot;: \&quot;Testing\&quot;,\n        \&quot;programDescription\&quot;: \&quot;Testing\&quot;,\n        \&quot;online\&quot;: true\n    },\n    {\n        \&quot;programId\&quot;: 4191,\n        \&quot;programName\&quot;: \&quot;string34\&quot;,\n        \&quot;programDescription\&quot;: \&quot;string34\&quot;,\n        \&quot;online\&quot;: true\n    },\n    {\n        \&quot;programId\&quot;: 4192,\n        \&quot;programName\&quot;: \&quot;Testing\&quot;,\n        \&quot;programDescription\&quot;: \&quot;Testing\&quot;,\n        \&quot;online\&quot;: true\n    },\n    {\n        \&quot;programId\&quot;: 4193,\n        \&quot;programName\&quot;: \&quot;Testing\&quot;,\n        \&quot;programDescription\&quot;: \&quot;Testing\&quot;,\n        \&quot;online\&quot;: true\n    },\n    {\n        \&quot;programId\&quot;: 4194,\n        \&quot;programName\&quot;: \&quot;Testing\&quot;,\n        \&quot;programDescription\&quot;: \&quot;Testing\&quot;,\n        \&quot;online\&quot;: true\n    },\n    {\n        \&quot;programId\&quot;: 4195,\n        \&quot;programName\&quot;: \&quot;Testing\&quot;,\n        \&quot;programDescription\&quot;: \&quot;Testing\&quot;,\n        \&quot;online\&quot;: true\n    },\n    {\n        \&quot;programId\&quot;: 4196,\n        \&quot;programName\&quot;: \&quot;Testing\&quot;,\n        \&quot;programDescription\&quot;: \&quot;Testing\&quot;,\n        \&quot;online\&quot;: true\n    },\n    {\n        \&quot;programId\&quot;: 4197,\n        \&quot;programName\&quot;: \&quot;Testing\&quot;,\n        \&quot;programDescription\&quot;: \&quot;Testing\&quot;,\n        \&quot;online\&quot;: true\n    },\n    {\n        \&quot;programId\&quot;: 4198,\n        \&quot;programName\&quot;: \&quot;string\&quot;,\n        \&quot;programDescription\&quot;: \&quot;string\&quot;,\n        \&quot;online\&quot;: true\n    },\n    {\n        \&quot;programId\&quot;: 4199,\n        \&quot;programName\&quot;: \&quot;string\&quot;,\n        \&quot;programDescription\&quot;: \&quot;string\&quot;,\n        \&quot;online\&quot;: true\n    },\n    {\n        \&quot;programId\&quot;: 4200,\n        \&quot;programName\&quot;: \&quot;Testing\&quot;,\n        \&quot;programDescription\&quot;: \&quot;Testing\&quot;,\n        \&quot;online\&quot;: true\n    },\n    {\n        \&quot;programId\&quot;: 4201,\n        \&quot;programName\&quot;: \&quot;Testing\&quot;,\n        \&quot;programDescription\&quot;: \&quot;Testing\&quot;,\n        \&quot;online\&quot;: true\n    },\n    {\n        \&quot;programId\&quot;: 4202,\n        \&quot;programName\&quot;: \&quot;Testing\&quot;,\n        \&quot;programDescription\&quot;: \&quot;Testing\&quot;,\n        \&quot;online\&quot;: true\n    },\n    {\n        \&quot;programId\&quot;: 4203,\n        \&quot;programName\&quot;: \&quot;Testing\&quot;,\n        \&quot;programDescription\&quot;: \&quot;Testing\&quot;,\n        \&quot;online\&quot;: true\n    },\n    {\n        \&quot;programId\&quot;: 4204,\n        \&quot;programName\&quot;: \&quot;testing\&quot;,\n        \&quot;programDescription\&quot;: \&quot;testing\&quot;,\n        \&quot;online\&quot;: true\n    },\n    {\n        \&quot;programId\&quot;: 4205,\n        \&quot;programName\&quot;: \&quot;string34\&quot;,\n        \&quot;programDescription\&quot;: \&quot;string34\&quot;,\n        \&quot;online\&quot;: true\n    },\n    {\n        \&quot;programId\&quot;: 4206,\n        \&quot;programName\&quot;: \&quot;string34\&quot;,\n        \&quot;programDescription\&quot;: \&quot;string34\&quot;,\n        \&quot;online\&quot;: true\n    },\n    {\n        \&quot;programId\&quot;: 4207,\n        \&quot;programName\&quot;: \&quot;Testing\&quot;,\n        \&quot;programDescription\&quot;: \&quot;Testing\&quot;,\n        \&quot;online\&quot;: true\n    },\n    {\n        \&quot;programId\&quot;: 4208,\n        \&quot;programName\&quot;: \&quot;Testing\&quot;,\n        \&quot;programDescription\&quot;: \&quot;Testing\&quot;,\n        \&quot;online\&quot;: true\n    },\n    {\n        \&quot;programId\&quot;: 4209,\n        \&quot;programName\&quot;: \&quot;testing\&quot;,\n        \&quot;programDescription\&quot;: \&quot;testing\&quot;,\n        \&quot;online\&quot;: true\n    },\n    {\n        \&quot;programId\&quot;: 4210,\n        \&quot;programName\&quot;: \&quot;Testing\&quot;,\n        \&quot;programDescription\&quot;: \&quot;Testing\&quot;,\n        \&quot;online\&quot;: true\n    },\n    {\n        \&quot;programId\&quot;: 4211,\n        \&quot;programName\&quot;: \&quot;string\&quot;,\n        \&quot;programDescription\&quot;: \&quot;string\&quot;,\n        \&quot;online\&quot;: true\n    },\n    {\n        \&quot;programId\&quot;: 4212,\n        \&quot;programName\&quot;: \&quot;testing\&quot;,\n        \&quot;programDescription\&quot;: \&quot;testing\&quot;,\n        \&quot;online\&quot;: true\n    },\n    {\n        \&quot;programId\&quot;: 4213,\n        \&quot;programName\&quot;: \&quot;Testing modified\&quot;,\n        \&quot;programDescription\&quot;: \&quot;Testing modified\&quot;,\n        \&quot;online\&quot;: true\n    },\n    {\n        \&quot;programId\&quot;: 4214,\n        \&quot;programName\&quot;: \&quot;string34\&quot;,\n        \&quot;programDescription\&quot;: \&quot;string34\&quot;,\n        \&quot;online\&quot;: true\n    },\n    {\n        \&quot;programId\&quot;: 4215,\n        \&quot;programName\&quot;: \&quot;Testing modified\&quot;,\n        \&quot;programDescription\&quot;: \&quot;Testing modified\&quot;,\n        \&quot;online\&quot;: true\n    },\n    {\n        \&quot;programId\&quot;: 4216,\n        \&quot;programName\&quot;: \&quot;Testing modified\&quot;,\n        \&quot;programDescription\&quot;: \&quot;Testing modified\&quot;,\n        \&quot;online\&quot;: true\n    },\n    {\n        \&quot;programId\&quot;: 4217,\n        \&quot;programName\&quot;: \&quot;Testing modified\&quot;,\n        \&quot;programDescription\&quot;: \&quot;Testing modified\&quot;,\n        \&quot;online\&quot;: true\n    },\n    {\n        \&quot;programId\&quot;: 4218,\n        \&quot;programName\&quot;: \&quot;string\&quot;,\n        \&quot;programDescription\&quot;: \&quot;string\&quot;,\n        \&quot;online\&quot;: true\n    },\n    {\n        \&quot;programId\&quot;: 4219,\n        \&quot;programName\&quot;: \&quot;string\&quot;,\n        \&quot;programDescription\&quot;: \&quot;string\&quot;,\n        \&quot;online\&quot;: true\n    },\n    {\n        \&quot;programId\&quot;: 4220,\n        \&quot;programName\&quot;: \&quot;Testing modified\&quot;,\n        \&quot;programDescription\&quot;: \&quot;Testing modified\&quot;,\n        \&quot;online\&quot;: true\n    },\n    {\n        \&quot;programId\&quot;: 4221,\n        \&quot;programName\&quot;: \&quot;Testing modified\&quot;,\n        \&quot;programDescription\&quot;: \&quot;Testing modified\&quot;,\n        \&quot;online\&quot;: true\n    },\n    {\n        \&quot;programId\&quot;: 4222,\n        \&quot;programName\&quot;: \&quot;Testing modified\&quot;,\n        \&quot;programDescription\&quot;: \&quot;Testing modified\&quot;,\n        \&quot;online\&quot;: true\n    },\n    {\n        \&quot;programId\&quot;: 4223,\n        \&quot;programName\&quot;: \&quot;Testing modified\&quot;,\n        \&quot;programDescription\&quot;: \&quot;Testing modified\&quot;,\n        \&quot;online\&quot;: true\n    },\n    {\n        \&quot;programId\&quot;: 4224,\n        \&quot;programName\&quot;: \&quot;string\&quot;,\n        \&quot;programDescription\&quot;: \&quot;string\&quot;,\n        \&quot;online\&quot;: true\n    },\n    {\n        \&quot;programId\&quot;: 4225,\n        \&quot;programName\&quot;: \&quot;Testing modified from postman\&quot;,\n        \&quot;programDescription\&quot;: \&quot;Testing modified\&quot;,\n        \&quot;online\&quot;: true\n    },\n    {\n        \&quot;programId\&quot;: 4226,\n        \&quot;programName\&quot;: \&quot;Testing modified\&quot;,\n        \&quot;programDescription\&quot;: \&quot;Testing modified\&quot;,\n        \&quot;online\&quot;: true\n    },\n    {\n        \&quot;programId\&quot;: 4227,\n        \&quot;programName\&quot;: \&quot;Testing modified from postman\&quot;,\n        \&quot;programDescription\&quot;: \&quot;Testing modified\&quot;,\n        \&quot;online\&quot;: true\n    },\n    {\n        \&quot;programId\&quot;: 4228,\n        \&quot;programName\&quot;: \&quot;string\&quot;,\n        \&quot;programDescription\&quot;: \&quot;string\&quot;,\n        \&quot;online\&quot;: true\n    },\n    {\n        \&quot;programId\&quot;: 4229,\n        \&quot;programName\&quot;: \&quot;Testing modified\&quot;,\n        \&quot;programDescription\&quot;: \&quot;Testing modified\&quot;,\n        \&quot;online\&quot;: true\n    },\n    {\n        \&quot;programId\&quot;: 4230,\n        \&quot;programName\&quot;: \&quot;Testing modified\&quot;,\n        \&quot;programDescription\&quot;: \&quot;Testing modified\&quot;,\n        \&quot;online\&quot;: true\n    },\n    {\n        \&quot;programId\&quot;: 4231,\n        \&quot;programName\&quot;: \&quot;Testing modified\&quot;,\n        \&quot;programDescription\&quot;: \&quot;Testing modified\&quot;,\n        \&quot;online\&quot;: true\n    },\n    {\n        \&quot;programId\&quot;: 4234,\n        \&quot;programName\&quot;: \&quot;Testing modified\&quot;,\n        \&quot;programDescription\&quot;: \&quot;Testing modified\&quot;,\n        \&quot;online\&quot;: true\n    },\n    {\n        \&quot;programId\&quot;: 4235,\n        \&quot;programName\&quot;: \&quot;Testing modified\&quot;,\n        \&quot;programDescription\&quot;: \&quot;Testing modified\&quot;,\n        \&quot;online\&quot;: true\n    },\n    {\n        \&quot;programId\&quot;: 4236,\n        \&quot;programName\&quot;: \&quot;Testing modified\&quot;,\n        \&quot;programDescription\&quot;: \&quot;Testing modified\&quot;,\n        \&quot;online\&quot;: true\n    },\n    {\n        \&quot;programId\&quot;: 4237,\n        \&quot;programName\&quot;: \&quot;testing\&quot;,\n        \&quot;programDescription\&quot;: \&quot;testing\&quot;,\n        \&quot;online\&quot;: true\n    },\n    {\n        \&quot;programId\&quot;: 4238,\n        \&quot;programName\&quot;: \&quot;Testing\&quot;,\n        \&quot;programDescription\&quot;: \&quot;Testing\&quot;,\n        \&quot;online\&quot;: true\n    },\n    {\n        \&quot;programId\&quot;: 9243,\n        \&quot;programName\&quot;: \&quot;programName\&quot;,\n        \&quot;programDescription\&quot;: \&quot;programDescription\&quot;,\n        \&quot;online\&quot;: true\n    },\n    {\n        \&quot;programId\&quot;: 4241,\n        \&quot;programName\&quot;: \&quot;API Testing 3705\&quot;,\n        \&quot;programDescription\&quot;: \&quot;Description for 3705\&quot;,\n        \&quot;online\&quot;: true\n    },\n    {\n        \&quot;programId\&quot;: 4242,\n        \&quot;programName\&quot;: \&quot;API Testing for 80304824 a non existing id\&quot;,\n        \&quot;programDescription\&quot;: \&quot;Description for 80304824 a non existing id\&quot;,\n        \&quot;online\&quot;: true\n    },\n    {\n        \&quot;programId\&quot;: 4243,\n        \&quot;programName\&quot;: \&quot;API Testing 3705\&quot;,\n        \&quot;programDescription\&quot;: \&quot;Description for 3705\&quot;,\n        \&quot;online\&quot;: true\n    },\n    {\n        \&quot;programId\&quot;: 4244,\n        \&quot;programName\&quot;: \&quot;API Testing for 80304824 a non existing id\&quot;,\n        \&quot;programDescription\&quot;: \&quot;Description for 80304824 a non existing id\&quot;,\n        \&quot;online\&quot;: true\n    },\n    {\n        \&quot;programId\&quot;: 4245,\n        \&quot;programName\&quot;: \&quot;API Testing 3705\&quot;,\n        \&quot;programDescription\&quot;: \&quot;Testing an updated Description for 3705\&quot;,\n        \&quot;online\&quot;: true\n    },\n    {\n        \&quot;programId\&quot;: 4246,\n        \&quot;programName\&quot;: \&quot;API Testing 3705\&quot;,\n        \&quot;programDescription\&quot;: \&quot;Testing an updated Description for AlphaNumericData3705\&quot;,\n        \&quot;online\&quot;: true\n    },\n    {\n        \&quot;programId\&quot;: 4247,\n        \&quot;programName\&quot;: \&quot;@#$\&quot;,\n        \&quot;programDescription\&quot;: \&quot;Testing an updated Description for AlphaNumericData3705\&quot;,\n        \&quot;online\&quot;: true\n    },\n    {\n        \&quot;programId\&quot;: 4248,\n        \&quot;programName\&quot;: \&quot;API Testing 3705\&quot;,\n        \&quot;programDescription\&quot;: \&quot;Description for 3705\&quot;,\n        \&quot;online\&quot;: true\n    },\n    {\n        \&quot;programId\&quot;: 4249,\n        \&quot;programName\&quot;: \&quot;0.3705\&quot;,\n        \&quot;programDescription\&quot;: \&quot;Description for 3705\&quot;,\n        \&quot;online\&quot;: true\n    },\n    {\n        \&quot;programId\&quot;: 4250,\n        \&quot;programName\&quot;: \&quot;API Testing 3705\&quot;,\n        \&quot;programDescription\&quot;: \&quot;Description for 3705\&quot;,\n        \&quot;online\&quot;: true\n    },\n    {\n        \&quot;programId\&quot;: 4251,\n        \&quot;programName\&quot;: \&quot;API Testing for 80304824 a non existing id\&quot;,\n        \&quot;programDescription\&quot;: \&quot;Description for 80304824 a non existing id\&quot;,\n        \&quot;online\&quot;: true\n    },\n    {\n        \&quot;programId\&quot;: 4252,\n        \&quot;programName\&quot;: \&quot;API Testing 3705\&quot;,\n        \&quot;programDescription\&quot;: \&quot;Testing an updated Description for 3705\&quot;,\n        \&quot;online\&quot;: true\n    },\n    {\n        \&quot;programId\&quot;: 4253,\n        \&quot;programName\&quot;: \&quot;API Testing 3705\&quot;,\n        \&quot;programDescription\&quot;: \&quot;Testing an updated Description for AlphaNumericData3705\&quot;,\n        \&quot;online\&quot;: true\n    },\n    {\n        \&quot;programId\&quot;: 4254,\n        \&quot;programName\&quot;: \&quot;@#$\&quot;,\n        \&quot;programDescription\&quot;: \&quot;Testing an updated Description for AlphaNumericData3705\&quot;,\n        \&quot;online\&quot;: true\n    },\n    {\n        \&quot;programId\&quot;: 4255,\n        \&quot;programName\&quot;: \&quot;API Testing 3705\&quot;,\n        \&quot;programDescription\&quot;: \&quot;Description for 3705\&quot;,\n        \&quot;online\&quot;: true\n    },\n    {\n        \&quot;programId\&quot;: 4256,\n        \&quot;programName\&quot;: \&quot;0.3705\&quot;,\n        \&quot;programDescription\&quot;: \&quot;Description for 3705\&quot;,\n        \&quot;online\&quot;: true\n    },\n    {\n        \&quot;programId\&quot;: 4257,\n        \&quot;programName\&quot;: \&quot;API Testing 3705\&quot;,\n        \&quot;programDescription\&quot;: \&quot;Description for 3705\&quot;,\n        \&quot;online\&quot;: true\n    },\n    {\n        \&quot;programId\&quot;: 4258,\n        \&quot;programName\&quot;: \&quot;API Testing for 80304824 a non existing id\&quot;,\n        \&quot;programDescription\&quot;: \&quot;Description for 80304824 a non existing id\&quot;,\n        \&quot;online\&quot;: true\n    },\n    {\n        \&quot;programId\&quot;: 4259,\n        \&quot;programName\&quot;: \&quot;API Testing 3705\&quot;,\n        \&quot;programDescription\&quot;: \&quot;Testing an updated Description for 3705\&quot;,\n        \&quot;online\&quot;: true\n    },\n    {\n        \&quot;programId\&quot;: 4260,\n        \&quot;programName\&quot;: \&quot;API Testing 3705\&quot;,\n        \&quot;programDescription\&quot;: \&quot;Testing an updated Description for AlphaNumericData3705\&quot;,\n        \&quot;online\&quot;: true\n    },\n    {\n        \&quot;programId\&quot;: 4261,\n        \&quot;programName\&quot;: \&quot;@#$\&quot;,\n        \&quot;programDescription\&quot;: \&quot;Testing an updated Description for AlphaNumericData3705\&quot;,\n        \&quot;online\&quot;: true\n    },\n    {\n        \&quot;programId\&quot;: 4262,\n        \&quot;programName\&quot;: \&quot;API Testing 3705\&quot;,\n        \&quot;programDescription\&quot;: \&quot;Description for 3705\&quot;,\n        \&quot;online\&quot;: true\n    },\n    {\n        \&quot;programId\&quot;: 4263,\n        \&quot;programName\&quot;: \&quot;0.3705\&quot;,\n        \&quot;programDescription\&quot;: \&quot;Description for 3705\&quot;,\n        \&quot;online\&quot;: true\n    },\n    {\n        \&quot;programId\&quot;: 4264,\n        \&quot;programName\&quot;: \&quot;API Testing 3705\&quot;,\n        \&quot;programDescription\&quot;: \&quot;Description for 3705\&quot;,\n        \&quot;online\&quot;: true\n    },\n    {\n        \&quot;programId\&quot;: 4265,\n        \&quot;programName\&quot;: \&quot;API Testing for 80304824 a non existing id\&quot;,\n        \&quot;programDescription\&quot;: \&quot;Description for 80304824 a non existing id\&quot;,\n        \&quot;online\&quot;: true\n    },\n    {\n        \&quot;programId\&quot;: 4266,\n        \&quot;programName\&quot;: \&quot;API Testing 3705\&quot;,\n        \&quot;programDescription\&quot;: \&quot;Testing an updated Description for 3705\&quot;,\n        \&quot;online\&quot;: true\n    },\n    {\n        \&quot;programId\&quot;: 4267,\n        \&quot;programName\&quot;: \&quot;API Testing 3705\&quot;,\n        \&quot;programDescription\&quot;: \&quot;Testing an updated Description for AlphaNumericData3705\&quot;,\n        \&quot;online\&quot;: true\n    },\n    {\n        \&quot;programId\&quot;: 4268,\n        \&quot;programName\&quot;: \&quot;@#$\&quot;,\n        \&quot;programDescription\&quot;: \&quot;Testing an updated Description for AlphaNumericData3705\&quot;,\n        \&quot;online\&quot;: true\n    },\n    {\n        \&quot;programId\&quot;: 4269,\n        \&quot;programName\&quot;: \&quot;API Testing 3705\&quot;,\n        \&quot;programDescription\&quot;: \&quot;Description for 3705\&quot;,\n        \&quot;online\&quot;: true\n    },\n    {\n        \&quot;programId\&quot;: 4270,\n        \&quot;programName\&quot;: \&quot;0.3705\&quot;,\n        \&quot;programDescription\&quot;: \&quot;Description for 3705\&quot;,\n        \&quot;online\&quot;: true\n    },\n    {\n        \&quot;programId\&quot;: 4271,\n        \&quot;programName\&quot;: \&quot;API Testing 3705\&quot;,\n        \&quot;programDescription\&quot;: \&quot;Description for 3705\&quot;,\n        \&quot;online\&quot;: true\n    },\n    {\n        \&quot;programId\&quot;: 4272,\n        \&quot;programName\&quot;: \&quot;API Testing for 80304824 a non existing id\&quot;,\n        \&quot;programDescription\&quot;: \&quot;Description for 80304824 a non existing id\&quot;,\n        \&quot;online\&quot;: true\n    },\n    {\n        \&quot;programId\&quot;: 4273,\n        \&quot;programName\&quot;: \&quot;API Testing 3705\&quot;,\n        \&quot;programDescription\&quot;: \&quot;Testing an updated Description for 3705\&quot;,\n        \&quot;online\&quot;: true\n    },\n    {\n        \&quot;programId\&quot;: 4274,\n        \&quot;programName\&quot;: \&quot;API Testing 3705\&quot;,\n        \&quot;programDescription\&quot;: \&quot;Testing an updated Description for AlphaNumericData3705\&quot;,\n        \&quot;online\&quot;: true\n    },\n    {\n        \&quot;programId\&quot;: 4275,\n        \&quot;programName\&quot;: \&quot;@#$\&quot;,\n        \&quot;programDescription\&quot;: \&quot;Testing an updated Description for AlphaNumericData3705\&quot;,\n        \&quot;online\&quot;: true\n    },\n    {\n        \&quot;programId\&quot;: 4276,\n        \&quot;programName\&quot;: \&quot;API Testing 3705\&quot;,\n        \&quot;programDescription\&quot;: \&quot;Description for 3705\&quot;,\n        \&quot;online\&quot;: true\n    },\n    {\n        \&quot;programId\&quot;: 4277,\n        \&quot;programName\&quot;: \&quot;0.3705\&quot;,\n        \&quot;programDescription\&quot;: \&quot;Description for 3705\&quot;,\n        \&quot;online\&quot;: true\n    },\n    {\n        \&quot;programId\&quot;: 4278,\n        \&quot;programName\&quot;: \&quot;API Testing 3705\&quot;,\n        \&quot;programDescription\&quot;: \&quot;Description for 3705\&quot;,\n        \&quot;online\&quot;: true\n    },\n    {\n        \&quot;programId\&quot;: 4279,\n        \&quot;programName\&quot;: \&quot;API Testing for 80304824 a non existing id\&quot;,\n        \&quot;programDescription\&quot;: \&quot;Description for 80304824 a non existing id\&quot;,\n        \&quot;online\&quot;: true\n    },\n    {\n        \&quot;programId\&quot;: 4280,\n        \&quot;programName\&quot;: \&quot;API Testing 3705\&quot;,\n        \&quot;programDescription\&quot;: \&quot;Testing an updated Description for 3705\&quot;,\n        \&quot;online\&quot;: true\n    },\n    {\n        \&quot;programId\&quot;: 4281,\n        \&quot;programName\&quot;: \&quot;API Testing 3705\&quot;,\n        \&quot;programDescription\&quot;: \&quot;Testing an updated Description for AlphaNumericData3705\&quot;,\n        \&quot;online\&quot;: true\n    },\n    {\n        \&quot;programId\&quot;: 4282,\n        \&quot;programName\&quot;: \&quot;@#$\&quot;,\n        \&quot;programDescription\&quot;: \&quot;Testing an updated Description for AlphaNumericData3705\&quot;,\n        \&quot;online\&quot;: true\n    },\n    {\n        \&quot;programId\&quot;: 4283,\n        \&quot;programName\&quot;: \&quot;API Testing 3705\&quot;,\n        \&quot;programDescription\&quot;: \&quot;Description for 3705\&quot;,\n        \&quot;online\&quot;: true\n    },\n    {\n        \&quot;programId\&quot;: 4284,\n        \&quot;programName\&quot;: \&quot;0.3705\&quot;,\n        \&quot;programDescription\&quot;: \&quot;Description for 3705\&quot;,\n        \&quot;online\&quot;: true\n    },\n    {\n        \&quot;programId\&quot;: 4285,\n        \&quot;programName\&quot;: \&quot;API Testing 3705\&quot;,\n        \&quot;programDescription\&quot;: \&quot;Description for 3705\&quot;,\n        \&quot;online\&quot;: true\n    },\n    {\n        \&quot;programId\&quot;: 4286,\n        \&quot;programName\&quot;: \&quot;API Testing for 80304824 a non existing id\&quot;,\n        \&quot;programDescription\&quot;: \&quot;Description for 80304824 a non existing id\&quot;,\n        \&quot;online\&quot;: true\n    },\n    {\n        \&quot;programId\&quot;: 4287,\n        \&quot;programName\&quot;: \&quot;API Testing 3705\&quot;,\n        \&quot;programDescription\&quot;: \&quot;Testing an updated Description for 3705\&quot;,\n        \&quot;online\&quot;: true\n    },\n    {\n        \&quot;programId\&quot;: 4288,\n        \&quot;programName\&quot;: \&quot;API Testing 3705\&quot;,\n        \&quot;programDescription\&quot;: \&quot;Testing an updated Description for AlphaNumericData3705\&quot;,\n        \&quot;online\&quot;: true\n    },\n    {\n        \&quot;programId\&quot;: 4289,\n        \&quot;programName\&quot;: \&quot;@#$\&quot;,\n        \&quot;programDescription\&quot;: \&quot;Testing an updated Description for AlphaNumericData3705\&quot;,\n        \&quot;online\&quot;: true\n    },\n    {\n        \&quot;programId\&quot;: 4290,\n        \&quot;programName\&quot;: \&quot;API Testing 3705\&quot;,\n        \&quot;programDescription\&quot;: \&quot;Description for 3705\&quot;,\n        \&quot;online\&quot;: true\n    },\n    {\n        \&quot;programId\&quot;: 4291,\n        \&quot;programName\&quot;: \&quot;0.3705\&quot;,\n        \&quot;programDescription\&quot;: \&quot;Description for 3705\&quot;,\n        \&quot;online\&quot;: true\n    },\n    {\n        \&quot;programId\&quot;: 4292,\n        \&quot;programName\&quot;: \&quot;API Testing 3705\&quot;,\n        \&quot;programDescription\&quot;: \&quot;Description for 3705\&quot;,\n        \&quot;online\&quot;: true\n    },\n    {\n        \&quot;programId\&quot;: 4293,\n        \&quot;programName\&quot;: \&quot;API Testing for 80304824 a non existing id\&quot;,\n        \&quot;programDescription\&quot;: \&quot;Description for 80304824 a non existing id\&quot;,\n        \&quot;online\&quot;: true\n    },\n    {\n        \&quot;programId\&quot;: 4294,\n        \&quot;programName\&quot;: \&quot;API Testing 3705\&quot;,\n        \&quot;programDescription\&quot;: \&quot;Testing an updated Description for 3705\&quot;,\n        \&quot;online\&quot;: true\n    },\n    {\n        \&quot;programId\&quot;: 4295,\n        \&quot;programName\&quot;: \&quot;API Testing 3705\&quot;,\n        \&quot;programDescription\&quot;: \&quot;Testing an updated Description for AlphaNumericData3705\&quot;,\n        \&quot;online\&quot;: true\n    },\n    {\n        \&quot;programId\&quot;: 4296,\n        \&quot;programName\&quot;: \&quot;@#$\&quot;,\n        \&quot;programDescription\&quot;: \&quot;Testing an updated Description for AlphaNumericData3705\&quot;,\n        \&quot;online\&quot;: true\n    },\n    {\n        \&quot;programId\&quot;: 4297,\n        \&quot;programName\&quot;: \&quot;API Testing 3705\&quot;,\n        \&quot;programDescription\&quot;: \&quot;Description for 3705\&quot;,\n        \&quot;online\&quot;: true\n    },\n    {\n        \&quot;programId\&quot;: 4298,\n        \&quot;programName\&quot;: \&quot;0.3705\&quot;,\n        \&quot;programDescription\&quot;: \&quot;Description for 3705\&quot;,\n        \&quot;online\&quot;: true\n    },\n    {\n        \&quot;programId\&quot;: 4299,\n        \&quot;programName\&quot;: \&quot;Python programming\&quot;,\n        \&quot;programDescription\&quot;: \&quot;Learn Python\&quot;,\n        \&quot;online\&quot;: false\n    },\n    {\n        \&quot;programId\&quot;: 4300,\n        \&quot;programName\&quot;: \&quot;Python programming Modified\&quot;,\n        \&quot;programDescription\&quot;: \&quot;Learn Python Modified\&quot;,\n        \&quot;online\&quot;: false\n    },\n    {\n        \&quot;programId\&quot;: 4301,\n        \&quot;programName\&quot;: \&quot;API testing\&quot;,\n        \&quot;programDescription\&quot;: \&quot;Testing using Postman \&quot;,\n        \&quot;online\&quot;: false\n    },\n    {\n        \&quot;programId\&quot;: 4302,\n        \&quot;programName\&quot;: \&quot;API testing Modified\&quot;,\n        \&quot;programDescription\&quot;: \&quot;Testing using Postman  Modified\&quot;,\n        \&quot;online\&quot;: false\n    },\n    {\n        \&quot;programId\&quot;: 1379,\n        \&quot;programName\&quot;: \&quot;Name changed by PUT Request\&quot;,\n        \&quot;programDescription\&quot;: \&quot;Program Description changed by PUT\&quot;,\n        \&quot;online\&quot;: true\n    },\n    {\n        \&quot;programId\&quot;: 4303,\n        \&quot;programName\&quot;: \&quot;Name changed by PUT Request\&quot;,\n        \&quot;programDescription\&quot;: \&quot;Program Description changed by PUT\&quot;,\n        \&quot;online\&quot;: true\n    },\n    {\n        \&quot;programId\&quot;: 4304,\n        \&quot;programName\&quot;: \&quot;Python programming\&quot;,\n        \&quot;programDescription\&quot;: \&quot;Learn Python\&quot;,\n        \&quot;online\&quot;: false\n    },\n    {\n        \&quot;programId\&quot;: 4305,\n        \&quot;programName\&quot;: \&quot;API testing\&quot;,\n        \&quot;programDescription\&quot;: \&quot;Testing using Postman \&quot;,\n        \&quot;online\&quot;: false\n    },\n    {\n        \&quot;programId\&quot;: 4306,\n        \&quot;programName\&quot;: \&quot;Python programming\&quot;,\n        \&quot;programDescription\&quot;: \&quot;Learn Python\&quot;,\n        \&quot;online\&quot;: false\n    },\n    {\n        \&quot;programId\&quot;: 4307,\n        \&quot;programName\&quot;: \&quot;Python programming Modified\&quot;,\n        \&quot;programDescription\&quot;: \&quot;Learn Python Modified\&quot;,\n        \&quot;online\&quot;: false\n    },\n    {\n        \&quot;programId\&quot;: 4308,\n        \&quot;programName\&quot;: \&quot;API testing\&quot;,\n        \&quot;programDescription\&quot;: \&quot;Testing using Postman \&quot;,\n        \&quot;online\&quot;: false\n    },\n    {\n        \&quot;programId\&quot;: 4309,\n        \&quot;programName\&quot;: \&quot;API testing Modified\&quot;,\n        \&quot;programDescription\&quot;: \&quot;Testing using Postman  Modified\&quot;,\n        \&quot;online\&quot;: false\n    },\n    {\n        \&quot;programId\&quot;: 4310,\n        \&quot;programName\&quot;: \&quot;Python programming\&quot;,\n        \&quot;programDescription\&quot;: \&quot;Learn Python\&quot;,\n        \&quot;online\&quot;: false\n    },\n    {\n        \&quot;programId\&quot;: 4311,\n        \&quot;programName\&quot;: \&quot;API testing\&quot;,\n        \&quot;programDescription\&quot;: \&quot;Testing using Postman \&quot;,\n        \&quot;online\&quot;: false\n    },\n    {\n        \&quot;programId\&quot;: 4312,\n        \&quot;programName\&quot;: \&quot;Python programming\&quot;,\n        \&quot;programDescription\&quot;: \&quot;Learn Python\&quot;,\n        \&quot;online\&quot;: false\n    },\n    {\n        \&quot;programId\&quot;: 4313,\n        \&quot;programName\&quot;: \&quot;Python programming Modified\&quot;,\n        \&quot;programDescription\&quot;: \&quot;Learn Python Modified\&quot;,\n        \&quot;online\&quot;: false\n    },\n    {\n        \&quot;programId\&quot;: 4314,\n        \&quot;programName\&quot;: \&quot;API testing\&quot;,\n        \&quot;programDescription\&quot;: \&quot;Testing using Postman \&quot;,\n        \&quot;online\&quot;: false\n    },\n    {\n        \&quot;programId\&quot;: 9244,\n        \&quot;programName\&quot;: \&quot;programName\&quot;,\n        \&quot;programDescription\&quot;: \&quot;programDescription\&quot;,\n        \&quot;online\&quot;: true\n    },\n    {\n        \&quot;programId\&quot;: 4316,\n        \&quot;programName\&quot;: \&quot;Python programming\&quot;,\n        \&quot;programDescription\&quot;: \&quot;Learn Python\&quot;,\n        \&quot;online\&quot;: false\n    },\n    {\n        \&quot;programId\&quot;: 4317,\n        \&quot;programName\&quot;: \&quot;API testing\&quot;,\n        \&quot;programDescription\&quot;: \&quot;Testing using Postman \&quot;,\n        \&quot;online\&quot;: false\n    },\n    {\n        \&quot;programId\&quot;: 4318,\n        \&quot;programName\&quot;: \&quot;Python programming\&quot;,\n        \&quot;programDescription\&quot;: \&quot;Learn Python\&quot;,\n        \&quot;online\&quot;: false\n    },\n    {\n        \&quot;programId\&quot;: 4319,\n        \&quot;programName\&quot;: \&quot;API testing\&quot;,\n        \&quot;programDescription\&quot;: \&quot;Testing using Postman \&quot;,\n        \&quot;online\&quot;: false\n    },\n    {\n        \&quot;programId\&quot;: 4239,\n        \&quot;programName\&quot;: \&quot;rekha\&quot;,\n        \&quot;programDescription\&quot;: \&quot;string\&quot;,\n        \&quot;online\&quot;: true\n    },\n    {\n        \&quot;programId\&quot;: 4322,\n        \&quot;programName\&quot;: \&quot;API testing\&quot;,\n        \&quot;programDescription\&quot;: \&quot;Testing using Postman \&quot;,\n        \&quot;online\&quot;: false\n    },\n    {\n        \&quot;programId\&quot;: 4323,\n        \&quot;programName\&quot;: \&quot;Testing\&quot;,\n        \&quot;programDescription\&quot;: \&quot;Testing\&quot;,\n        \&quot;online\&quot;: true\n    },\n    {\n        \&quot;programId\&quot;: 4324,\n        \&quot;programName\&quot;: \&quot;Testing\&quot;,\n        \&quot;programDescription\&quot;: \&quot;Testing\&quot;,\n        \&quot;online\&quot;: true\n    },\n    {\n        \&quot;programId\&quot;: 4325,\n        \&quot;programName\&quot;: \&quot;Testing\&quot;,\n        \&quot;programDescription\&quot;: \&quot;Testing\&quot;,\n        \&quot;online\&quot;: true\n    },\n    {\n        \&quot;programId\&quot;: 4326,\n        \&quot;programName\&quot;: \&quot;Testing\&quot;,\n        \&quot;programDescription\&quot;: \&quot;Testing\&quot;,\n        \&quot;online\&quot;: true\n    },\n    {\n        \&quot;programId\&quot;: 4327,\n        \&quot;programName\&quot;: \&quot;Testing\&quot;,\n        \&quot;programDescription\&quot;: \&quot;Testing\&quot;,\n        \&quot;online\&quot;: true\n    },\n    {\n        \&quot;programId\&quot;: 4328,\n        \&quot;programName\&quot;: \&quot;Testing\&quot;,\n        \&quot;programDescription\&quot;: \&quot;Testing\&quot;,\n        \&quot;online\&quot;: true\n    },\n    {\n        \&quot;programId\&quot;: 4329,\n        \&quot;programName\&quot;: \&quot;string\&quot;,\n        \&quot;programDescription\&quot;: \&quot;string\&quot;,\n        \&quot;online\&quot;: false\n    },\n    {\n        \&quot;programId\&quot;: 4320,\n        \&quot;programName\&quot;: \&quot;string\&quot;,\n        \&quot;programDescription\&quot;: \&quot;string\&quot;,\n        \&quot;online\&quot;: false\n    },\n    {\n        \&quot;programId\&quot;: 7373,\n        \&quot;programName\&quot;: \&quot;testing\&quot;,\n        \&quot;programDescription\&quot;: \&quot;testing\&quot;,\n        \&quot;online\&quot;: true\n    },\n    {\n        \&quot;programId\&quot;: 4331,\n        \&quot;programName\&quot;: \&quot;API testing\&quot;,\n        \&quot;programDescription\&quot;: \&quot;Testing using Postman \&quot;,\n        \&quot;online\&quot;: false\n    },\n    {\n        \&quot;programId\&quot;: 4332,\n        \&quot;programName\&quot;: \&quot;Testing\&quot;,\n        \&quot;programDescription\&quot;: \&quot;Testing\&quot;,\n        \&quot;online\&quot;: true\n    },\n    {\n        \&quot;programId\&quot;: 4333,\n        \&quot;programName\&quot;: \&quot;API testing\&quot;,\n        \&quot;programDescription\&quot;: \&quot;Testing using Postman \&quot;,\n        \&quot;online\&quot;: false\n    },\n    {\n        \&quot;programId\&quot;: 4334,\n        \&quot;programName\&quot;: \&quot;API testing\&quot;,\n        \&quot;programDescription\&quot;: \&quot;Testing using Postman \&quot;,\n        \&quot;online\&quot;: false\n    },\n    {\n        \&quot;programId\&quot;: 4335,\n        \&quot;programName\&quot;: \&quot;Testing\&quot;,\n        \&quot;programDescription\&quot;: \&quot;Testing\&quot;,\n        \&quot;online\&quot;: true\n    },\n    {\n        \&quot;programId\&quot;: 4336,\n        \&quot;programName\&quot;: \&quot;Testing\&quot;,\n        \&quot;programDescription\&quot;: \&quot;Testing\&quot;,\n        \&quot;online\&quot;: true\n    },\n    {\n        \&quot;programId\&quot;: 4337,\n        \&quot;programName\&quot;: \&quot;SCIENCE2\&quot;,\n        \&quot;programDescription\&quot;: \&quot;Business Mgmt\&quot;,\n        \&quot;online\&quot;: true\n    },\n    {\n        \&quot;programId\&quot;: 4338,\n        \&quot;programName\&quot;: \&quot;SCIENCE2\&quot;,\n        \&quot;programDescription\&quot;: \&quot;Business Mgmt\&quot;,\n        \&quot;online\&quot;: true\n    },\n    {\n        \&quot;programId\&quot;: 4339,\n        \&quot;programName\&quot;: \&quot;xyz\&quot;,\n        \&quot;programDescription\&quot;: \&quot;abcxyz\&quot;,\n        \&quot;online\&quot;: false\n    },\n    {\n        \&quot;programId\&quot;: 4340,\n        \&quot;programName\&quot;: \&quot;batman\&quot;,\n        \&quot;programDescription\&quot;: \&quot;string\&quot;,\n        \&quot;online\&quot;: true\n    },\n    {\n        \&quot;programId\&quot;: 4341,\n        \&quot;programName\&quot;: \&quot;ironman\&quot;,\n        \&quot;programDescription\&quot;: \&quot;string\&quot;,\n        \&quot;online\&quot;: true\n    },\n    {\n        \&quot;programId\&quot;: 4342,\n        \&quot;programName\&quot;: \&quot;batman\&quot;,\n        \&quot;programDescription\&quot;: \&quot;string\&quot;,\n        \&quot;online\&quot;: true\n    },\n    {\n        \&quot;programId\&quot;: 4343,\n        \&quot;programName\&quot;: \&quot;ironman\&quot;,\n        \&quot;programDescription\&quot;: \&quot;string\&quot;,\n        \&quot;online\&quot;: true\n    },\n    {\n        \&quot;programId\&quot;: 4344,\n        \&quot;programName\&quot;: \&quot;Selenium\&quot;,\n        \&quot;programDescription\&quot;: null,\n        \&quot;online\&quot;: true\n    },\n    {\n        \&quot;programId\&quot;: 4345,\n        \&quot;programName\&quot;: \&quot;Java\&quot;,\n        \&quot;programDescription\&quot;: null,\n        \&quot;online\&quot;: false\n    },\n    {\n        \&quot;programId\&quot;: 4346,\n        \&quot;programName\&quot;: \&quot;Csharp\&quot;,\n        \&quot;programDescription\&quot;: null,\n        \&quot;online\&quot;: true\n    },\n    {\n        \&quot;programId\&quot;: 4347,\n        \&quot;programName\&quot;: \&quot;Cypress\&quot;,\n        \&quot;programDescription\&quot;: null,\n        \&quot;online\&quot;: false\n    },\n    {\n        \&quot;programId\&quot;: 4348,\n        \&quot;programName\&quot;: \&quot;CoralDraw\&quot;,\n        \&quot;programDescription\&quot;: null,\n        \&quot;online\&quot;: true\n    },\n    {\n        \&quot;programId\&quot;: 4349,\n        \&quot;programName\&quot;: \&quot;Adobe Reader\&quot;,\n        \&quot;programDescription\&quot;: null,\n        \&quot;online\&quot;: true\n    },\n    {\n        \&quot;programId\&quot;: 4350,\n        \&quot;programName\&quot;: \&quot;Cucumber\&quot;,\n        \&quot;programDescription\&quot;: null,\n        \&quot;online\&quot;: true\n    },\n    {\n        \&quot;programId\&quot;: 4360,\n        \&quot;programName\&quot;: \&quot;Selenium\&quot;,\n        \&quot;programDescription\&quot;: null,\n        \&quot;online\&quot;: true\n    },\n    {\n        \&quot;programId\&quot;: 4361,\n        \&quot;programName\&quot;: \&quot;Selenium Modified\&quot;,\n        \&quot;programDescription\&quot;: null,\n        \&quot;online\&quot;: true\n    },\n    {\n        \&quot;programId\&quot;: 4362,\n        \&quot;programName\&quot;: \&quot;Java\&quot;,\n        \&quot;programDescription\&quot;: null,\n        \&quot;online\&quot;: false\n    },\n    {\n        \&quot;programId\&quot;: 4363,\n        \&quot;programName\&quot;: \&quot;Java Modified\&quot;,\n        \&quot;programDescription\&quot;: null,\n        \&quot;online\&quot;: false\n    },\n    {\n        \&quot;programId\&quot;: 4364,\n        \&quot;programName\&quot;: \&quot;Csharp\&quot;,\n        \&quot;programDescription\&quot;: null,\n        \&quot;online\&quot;: true\n    },\n    {\n        \&quot;programId\&quot;: 4365,\n        \&quot;programName\&quot;: \&quot;Csharp Modified\&quot;,\n        \&quot;programDescription\&quot;: null,\n        \&quot;online\&quot;: true\n    },\n    {\n        \&quot;programId\&quot;: 4366,\n        \&quot;programName\&quot;: \&quot;Cypress\&quot;,\n        \&quot;programDescription\&quot;: null,\n        \&quot;online\&quot;: false\n    },\n    {\n        \&quot;programId\&quot;: 4367,\n        \&quot;programName\&quot;: \&quot;Cypress Modified\&quot;,\n        \&quot;programDescription\&quot;: null,\n        \&quot;online\&quot;: false\n    },\n    {\n        \&quot;programId\&quot;: 4368,\n        \&quot;programName\&quot;: \&quot;CoralDraw\&quot;,\n        \&quot;programDescription\&quot;: null,\n        \&quot;online\&quot;: true\n    },\n    {\n        \&quot;programId\&quot;: 4369,\n        \&quot;programName\&quot;: \&quot;CoralDraw Modified\&quot;,\n        \&quot;programDescription\&quot;: null,\n        \&quot;online\&quot;: true\n    },\n    {\n        \&quot;programId\&quot;: 4370,\n        \&quot;programName\&quot;: \&quot;Adobe Reader\&quot;,\n        \&quot;programDescription\&quot;: null,\n        \&quot;online\&quot;: true\n    },\n    {\n        \&quot;programId\&quot;: 4371,\n        \&quot;programName\&quot;: \&quot;Adobe Reader Modified\&quot;,\n        \&quot;programDescription\&quot;: null,\n        \&quot;online\&quot;: true\n    },\n    {\n        \&quot;programId\&quot;: 4372,\n        \&quot;programName\&quot;: \&quot;Cucumber\&quot;,\n        \&quot;programDescription\&quot;: null,\n        \&quot;online\&quot;: true\n    },\n    {\n        \&quot;programId\&quot;: 4373,\n        \&quot;programName\&quot;: \&quot;Cucumber Modified\&quot;,\n        \&quot;programDescription\&quot;: null,\n        \&quot;online\&quot;: true\n    },\n    {\n        \&quot;programId\&quot;: 4376,\n        \&quot;programName\&quot;: \&quot;testing program \&quot;,\n        \&quot;programDescription\&quot;: \&quot; \&quot;,\n        \&quot;online\&quot;: true\n    },\n    {\n        \&quot;programId\&quot;: 4377,\n        \&quot;programName\&quot;: \&quot;testing program \&quot;,\n        \&quot;programDescription\&quot;: \&quot; \&quot;,\n        \&quot;online\&quot;: true\n    },\n    {\n        \&quot;programId\&quot;: 4378,\n        \&quot;programName\&quot;: \&quot;microservices\&quot;,\n        \&quot;programDescription\&quot;: \&quot;training\&quot;,\n        \&quot;online\&quot;: true\n    },\n    {\n        \&quot;programId\&quot;: 4379,\n        \&quot;programName\&quot;: \&quot;microservices\&quot;,\n        \&quot;programDescription\&quot;: \&quot;training\&quot;,\n        \&quot;online\&quot;: true\n    },\n    {\n        \&quot;programId\&quot;: 4380,\n        \&quot;programName\&quot;: \&quot;microservices\&quot;,\n        \&quot;programDescription\&quot;: \&quot;training\&quot;,\n        \&quot;online\&quot;: true\n    },\n    {\n        \&quot;programId\&quot;: 4381,\n        \&quot;programName\&quot;: \&quot;microservices\&quot;,\n        \&quot;programDescription\&quot;: \&quot;training\&quot;,\n        \&quot;online\&quot;: true\n    },\n    {\n        \&quot;programId\&quot;: 4382,\n        \&quot;programName\&quot;: \&quot;softwaretesting \&quot;,\n        \&quot;programDescription\&quot;: \&quot;training\&quot;,\n        \&quot;online\&quot;: true\n    },\n    {\n        \&quot;programId\&quot;: 7374,\n        \&quot;programName\&quot;: \&quot;testing\&quot;,\n        \&quot;programDescription\&quot;: \&quot;testing\&quot;,\n        \&quot;online\&quot;: true\n    },\n    {\n        \&quot;programId\&quot;: 4384,\n        \&quot;programName\&quot;: \&quot;SDET\&quot;,\n        \&quot;programDescription\&quot;: \&quot;Selenium Testing\&quot;,\n        \&quot;online\&quot;: true\n    },\n    {\n        \&quot;programId\&quot;: 4385,\n        \&quot;programName\&quot;: \&quot;SDET\&quot;,\n        \&quot;programDescription\&quot;: \&quot;API Testing\&quot;,\n        \&quot;online\&quot;: false\n    },\n    {\n        \&quot;programId\&quot;: 4387,\n        \&quot;programName\&quot;: \&quot;testing program \&quot;,\n        \&quot;programDescription\&quot;: \&quot; \&quot;,\n        \&quot;online\&quot;: true\n    },\n    {\n        \&quot;programId\&quot;: 4388,\n        \&quot;programName\&quot;: \&quot;testing program \&quot;,\n        \&quot;programDescription\&quot;: \&quot; \&quot;,\n        \&quot;online\&quot;: true\n    },\n    {\n        \&quot;programId\&quot;: 4389,\n        \&quot;programName\&quot;: \&quot;microservices\&quot;,\n        \&quot;programDescription\&quot;: \&quot;training\&quot;,\n        \&quot;online\&quot;: true\n    },\n    {\n        \&quot;programId\&quot;: 4390,\n        \&quot;programName\&quot;: \&quot;microservices\&quot;,\n        \&quot;programDescription\&quot;: \&quot;training\&quot;,\n        \&quot;online\&quot;: true\n    },\n    {\n        \&quot;programId\&quot;: 4391,\n        \&quot;programName\&quot;: \&quot;microservices\&quot;,\n        \&quot;programDescription\&quot;: \&quot;training\&quot;,\n        \&quot;online\&quot;: true\n    },\n    {\n        \&quot;programId\&quot;: 4392,\n        \&quot;programName\&quot;: \&quot;microservices\&quot;,\n        \&quot;programDescription\&quot;: \&quot;training\&quot;,\n        \&quot;online\&quot;: true\n    },\n    {\n        \&quot;programId\&quot;: 4394,\n        \&quot;programName\&quot;: \&quot;testing program \&quot;,\n        \&quot;programDescription\&quot;: \&quot; \&quot;,\n        \&quot;online\&quot;: true\n    },\n    {\n        \&quot;programId\&quot;: 4395,\n        \&quot;programName\&quot;: \&quot;testing program \&quot;,\n        \&quot;programDescription\&quot;: \&quot; \&quot;,\n        \&quot;online\&quot;: true\n    },\n    {\n        \&quot;programId\&quot;: 4396,\n        \&quot;programName\&quot;: \&quot;microservices\&quot;,\n        \&quot;programDescription\&quot;: \&quot;training\&quot;,\n        \&quot;online\&quot;: true\n    },\n    {\n        \&quot;programId\&quot;: 4397,\n        \&quot;programName\&quot;: \&quot;microservices\&quot;,\n        \&quot;programDescription\&quot;: \&quot;training\&quot;,\n        \&quot;online\&quot;: true\n    },\n    {\n        \&quot;programId\&quot;: 4398,\n        \&quot;programName\&quot;: \&quot;softwaretesting \&quot;,\n        \&quot;programDescription\&quot;: \&quot;training\&quot;,\n        \&quot;online\&quot;: true\n    },\n    {\n        \&quot;programId\&quot;: 4399,\n        \&quot;programName\&quot;: \&quot;Pre K\&quot;,\n        \&quot;programDescription\&quot;: \&quot;Age 5\&quot;,\n        \&quot;online\&quot;: true\n    },\n    {\n        \&quot;programId\&quot;: 4400,\n        \&quot;programName\&quot;: \&quot;Pre K\&quot;,\n        \&quot;programDescription\&quot;: \&quot;Age 5\&quot;,\n        \&quot;online\&quot;: true\n    },\n    {\n        \&quot;programId\&quot;: 7375,\n        \&quot;programName\&quot;: \&quot;testing\&quot;,\n        \&quot;programDescription\&quot;: \&quot;testing\&quot;,\n        \&quot;online\&quot;: true\n    },\n    {\n        \&quot;programId\&quot;: 4402,\n        \&quot;programName\&quot;: \&quot;SDET\&quot;,\n        \&quot;programDescription\&quot;: \&quot;Selenium Testing\&quot;,\n        \&quot;online\&quot;: true\n    },\n    {\n        \&quot;programId\&quot;: 4403,\n        \&quot;programName\&quot;: \&quot;SDET\&quot;,\n        \&quot;programDescription\&quot;: \&quot;API Testing\&quot;,\n        \&quot;online\&quot;: false\n    },\n    {\n        \&quot;programId\&quot;: 4404,\n        \&quot;programName\&quot;: \&quot;Csharp\&quot;,\n        \&quot;programDescription\&quot;: null,\n        \&quot;online\&quot;: true\n    },\n    {\n        \&quot;programId\&quot;: 4405,\n        \&quot;programName\&quot;: \&quot;Csharp\&quot;,\n        \&quot;programDescription\&quot;: \&quot;Testing\&quot;,\n        \&quot;online\&quot;: true\n    },\n    {\n        \&quot;programId\&quot;: 4406,\n        \&quot;programName\&quot;: \&quot;Selenium\&quot;,\n        \&quot;programDescription\&quot;: \&quot;Testing\&quot;,\n        \&quot;online\&quot;: true\n    },\n    {\n        \&quot;programId\&quot;: 4407,\n        \&quot;programName\&quot;: \&quot;Java\&quot;,\n        \&quot;programDescription\&quot;: \&quot;Testing\&quot;,\n        \&quot;online\&quot;: false\n    },\n    {\n        \&quot;programId\&quot;: 4409,\n        \&quot;programName\&quot;: \&quot;Csharp\&quot;,\n        \&quot;programDescription\&quot;: \&quot;Testing\&quot;,\n        \&quot;online\&quot;: true\n    },\n    {\n        \&quot;programId\&quot;: 4410,\n        \&quot;programName\&quot;: \&quot;Cypress\&quot;,\n        \&quot;programDescription\&quot;: \&quot;Testing edited\&quot;,\n        \&quot;online\&quot;: false\n    },\n    {\n        \&quot;programId\&quot;: 4411,\n        \&quot;programName\&quot;: \&quot;SDET\&quot;,\n        \&quot;programDescription\&quot;: \&quot;Selenium Testing\&quot;,\n        \&quot;online\&quot;: true\n    },\n    {\n        \&quot;programId\&quot;: 4412,\n        \&quot;programName\&quot;: \&quot;CoralDraw\&quot;,\n        \&quot;programDescription\&quot;: \&quot;Testing edited\&quot;,\n        \&quot;online\&quot;: true\n    },\n    {\n        \&quot;programId\&quot;: 4413,\n        \&quot;programName\&quot;: \&quot;Adobe Reader\&quot;,\n        \&quot;programDescription\&quot;: \&quot;Testing edited\&quot;,\n        \&quot;online\&quot;: true\n    },\n    {\n        \&quot;programId\&quot;: 4414,\n        \&quot;programName\&quot;: \&quot;Cucumber\&quot;,\n        \&quot;programDescription\&quot;: \&quot;Testing edited\&quot;,\n        \&quot;online\&quot;: true\n    },\n    {\n        \&quot;programId\&quot;: 4416,\n        \&quot;programName\&quot;: \&quot;SDET\&quot;,\n        \&quot;programDescription\&quot;: \&quot;API Testing\&quot;,\n        \&quot;online\&quot;: false\n    },\n    {\n        \&quot;programId\&quot;: 4418,\n        \&quot;programName\&quot;: \&quot;SDET\&quot;,\n        \&quot;programDescription\&quot;: \&quot;Selenium Testing\&quot;,\n        \&quot;online\&quot;: true\n    },\n    {\n        \&quot;programId\&quot;: 4419,\n        \&quot;programName\&quot;: \&quot;SDET\&quot;,\n        \&quot;programDescription\&quot;: \&quot;API Testing\&quot;,\n        \&quot;online\&quot;: false\n    },\n    {\n        \&quot;programId\&quot;: 520,\n        \&quot;programName\&quot;: \&quot;1234\&quot;,\n        \&quot;programDescription\&quot;: \&quot;Manual Testing\&quot;,\n        \&quot;online\&quot;: true\n    },\n    {\n        \&quot;programId\&quot;: 4421,\n        \&quot;programName\&quot;: \&quot;SDET\&quot;,\n        \&quot;programDescription\&quot;: \&quot;Selenium Testing\&quot;,\n        \&quot;online\&quot;: true\n    },\n    {\n        \&quot;programId\&quot;: 4422,\n        \&quot;programName\&quot;: \&quot;SDET\&quot;,\n        \&quot;programDescription\&quot;: \&quot;API Testing\&quot;,\n        \&quot;online\&quot;: false\n    },\n    {\n        \&quot;programId\&quot;: 4423,\n        \&quot;programName\&quot;: \&quot;Data Science\&quot;,\n        \&quot;programDescription\&quot;: \&quot;Data Science\&quot;,\n        \&quot;online\&quot;: false\n    },\n    {\n        \&quot;programId\&quot;: 4425,\n        \&quot;programName\&quot;: \&quot;SDET\&quot;,\n        \&quot;programDescription\&quot;: \&quot;Selenium Testing\&quot;,\n        \&quot;online\&quot;: true\n    },\n    {\n        \&quot;programId\&quot;: 4426,\n        \&quot;programName\&quot;: \&quot;SDET\&quot;,\n        \&quot;programDescription\&quot;: \&quot;API Testing\&quot;,\n        \&quot;online\&quot;: false\n    },\n    {\n        \&quot;programId\&quot;: 4427,\n        \&quot;programName\&quot;: \&quot;Data Science\&quot;,\n        \&quot;programDescription\&quot;: \&quot;Data Science\&quot;,\n        \&quot;online\&quot;: false\n    },\n    {\n        \&quot;programId\&quot;: 4428,\n        \&quot;programName\&quot;: \&quot;Testing\&quot;,\n        \&quot;programDescription\&quot;: \&quot;Testing\&quot;,\n        \&quot;online\&quot;: true\n    },\n    {\n        \&quot;programId\&quot;: 4430,\n        \&quot;programName\&quot;: \&quot;SDET\&quot;,\n        \&quot;programDescription\&quot;: \&quot;Selenium Testing\&quot;,\n        \&quot;online\&quot;: true\n    },\n    {\n        \&quot;programId\&quot;: 4431,\n        \&quot;programName\&quot;: \&quot;SDET\&quot;,\n        \&quot;programDescription\&quot;: \&quot;API Testing\&quot;,\n        \&quot;online\&quot;: false\n    },\n    {\n        \&quot;programId\&quot;: 4432,\n        \&quot;programName\&quot;: \&quot;Data Science\&quot;,\n        \&quot;programDescription\&quot;: \&quot;Data Science\&quot;,\n        \&quot;online\&quot;: false\n    },\n    {\n        \&quot;programId\&quot;: 4433,\n        \&quot;programName\&quot;: \&quot;Developer\&quot;,\n        \&quot;programDescription\&quot;: \&quot;API Developer\&quot;,\n        \&quot;online\&quot;: true\n    },\n    {\n        \&quot;programId\&quot;: 4434,\n        \&quot;programName\&quot;: \&quot;Testing\&quot;,\n        \&quot;programDescription\&quot;: \&quot;Testing\&quot;,\n        \&quot;online\&quot;: true\n    },\n    {\n        \&quot;programId\&quot;: 4435,\n        \&quot;programName\&quot;: \&quot;Csharp\&quot;,\n        \&quot;programDescription\&quot;: \&quot;Testing\&quot;,\n        \&quot;online\&quot;: true\n    },\n    {\n        \&quot;programId\&quot;: 4436,\n        \&quot;programName\&quot;: \&quot;string\&quot;,\n        \&quot;programDescription\&quot;: \&quot;string\&quot;,\n        \&quot;online\&quot;: true\n    },\n    {\n        \&quot;programId\&quot;: 4437,\n        \&quot;programName\&quot;: \&quot;Testing modified\&quot;,\n        \&quot;programDescription\&quot;: \&quot;Testing modified\&quot;,\n        \&quot;online\&quot;: true\n    },\n    {\n        \&quot;programId\&quot;: 4439,\n        \&quot;programName\&quot;: \&quot;microservices\&quot;,\n        \&quot;programDescription\&quot;: \&quot;training\&quot;,\n        \&quot;online\&quot;: true\n    },\n    {\n        \&quot;programId\&quot;: 4440,\n        \&quot;programName\&quot;: \&quot;microservices\&quot;,\n        \&quot;programDescription\&quot;: \&quot;training\&quot;,\n        \&quot;online\&quot;: true\n    },\n    {\n        \&quot;programId\&quot;: 4441,\n        \&quot;programName\&quot;: \&quot;Csharp\&quot;,\n        \&quot;programDescription\&quot;: \&quot;Testing\&quot;,\n        \&quot;online\&quot;: true\n    },\n    {\n        \&quot;programId\&quot;: 4442,\n        \&quot;programName\&quot;: \&quot;softwaretesting \&quot;,\n        \&quot;programDescription\&quot;: \&quot;training\&quot;,\n        \&quot;online\&quot;: true\n    },\n    {\n        \&quot;programId\&quot;: 4444,\n        \&quot;programName\&quot;: \&quot;testing program \&quot;,\n        \&quot;programDescription\&quot;: \&quot; \&quot;,\n        \&quot;online\&quot;: true\n    },\n    {\n        \&quot;programId\&quot;: 4445,\n        \&quot;programName\&quot;: \&quot;testing program \&quot;,\n        \&quot;programDescription\&quot;: \&quot; \&quot;,\n        \&quot;online\&quot;: true\n    },\n    {\n        \&quot;programId\&quot;: 4446,\n        \&quot;programName\&quot;: \&quot;microservices\&quot;,\n        \&quot;programDescription\&quot;: \&quot;training\&quot;,\n        \&quot;online\&quot;: true\n    },\n    {\n        \&quot;programId\&quot;: 4447,\n        \&quot;programName\&quot;: \&quot;microservices\&quot;,\n        \&quot;programDescription\&quot;: \&quot;training\&quot;,\n        \&quot;online\&quot;: true\n    },\n    {\n        \&quot;programId\&quot;: 4448,\n        \&quot;programName\&quot;: \&quot;Pre K\&quot;,\n        \&quot;programDescription\&quot;: \&quot;Age 5\&quot;,\n        \&quot;online\&quot;: true\n    },\n    {\n        \&quot;programId\&quot;: 4449,\n        \&quot;programName\&quot;: \&quot;Pre K\&quot;,\n        \&quot;programDescription\&quot;: \&quot;Age 5\&quot;,\n        \&quot;online\&quot;: true\n    },\n    {\n        \&quot;programId\&quot;: 4450,\n        \&quot;programName\&quot;: \&quot;Pre K\&quot;,\n        \&quot;programDescription\&quot;: \&quot;Age 5\&quot;,\n        \&quot;online\&quot;: true\n    },\n    {\n        \&quot;programId\&quot;: 4451,\n        \&quot;programName\&quot;: \&quot;string\&quot;,\n        \&quot;programDescription\&quot;: \&quot;string\&quot;,\n        \&quot;online\&quot;: true\n    },\n    {\n        \&quot;programId\&quot;: 4453,\n        \&quot;programName\&quot;: \&quot;testing program \&quot;,\n        \&quot;programDescription\&quot;: \&quot; \&quot;,\n        \&quot;online\&quot;: true\n    },\n    {\n        \&quot;programId\&quot;: 4454,\n        \&quot;programName\&quot;: \&quot;testing program \&quot;,\n        \&quot;programDescription\&quot;: \&quot; \&quot;,\n        \&quot;online\&quot;: true\n    },\n    {\n        \&quot;programId\&quot;: 4455,\n        \&quot;programName\&quot;: \&quot;microservices\&quot;,\n        \&quot;programDescription\&quot;: \&quot;training\&quot;,\n        \&quot;online\&quot;: true\n    },\n    {\n        \&quot;programId\&quot;: 4456,\n        \&quot;programName\&quot;: \&quot;microservices\&quot;,\n        \&quot;programDescription\&quot;: \&quot;training\&quot;,\n        \&quot;online\&quot;: true\n    },\n    {\n        \&quot;programId\&quot;: 4458,\n        \&quot;programName\&quot;: \&quot;testing program \&quot;,\n        \&quot;programDescription\&quot;: \&quot; \&quot;,\n        \&quot;online\&quot;: true\n    },\n    {\n        \&quot;programId\&quot;: 4459,\n        \&quot;programName\&quot;: \&quot;testing program \&quot;,\n        \&quot;programDescription\&quot;: \&quot; \&quot;,\n        \&quot;online\&quot;: true\n    },\n    {\n        \&quot;programId\&quot;: 4460,\n        \&quot;programName\&quot;: \&quot;microservices\&quot;,\n        \&quot;programDescription\&quot;: \&quot;training\&quot;,\n        \&quot;online\&quot;: true\n    },\n    {\n        \&quot;programId\&quot;: 4461,\n        \&quot;programName\&quot;: \&quot;microservices\&quot;,\n        \&quot;programDescription\&quot;: \&quot;training\&quot;,\n        \&quot;online\&quot;: true\n    },\n    {\n        \&quot;programId\&quot;: 4462,\n        \&quot;programName\&quot;: \&quot;softwaretesting \&quot;,\n        \&quot;programDescription\&quot;: \&quot;training\&quot;,\n        \&quot;online\&quot;: true\n    },\n    {\n        \&quot;programId\&quot;: 4464,\n        \&quot;programName\&quot;: \&quot;testing program \&quot;,\n        \&quot;programDescription\&quot;: \&quot; \&quot;,\n        \&quot;online\&quot;: true\n    },\n    {\n        \&quot;programId\&quot;: 4465,\n        \&quot;programName\&quot;: \&quot;testing program \&quot;,\n        \&quot;programDescription\&quot;: \&quot; \&quot;,\n        \&quot;online\&quot;: true\n    },\n    {\n        \&quot;programId\&quot;: 4466,\n        \&quot;programName\&quot;: \&quot;microservices\&quot;,\n        \&quot;programDescription\&quot;: \&quot;training\&quot;,\n        \&quot;online\&quot;: true\n    },\n    {\n        \&quot;programId\&quot;: 4467,\n        \&quot;programName\&quot;: \&quot;microservices\&quot;,\n        \&quot;programDescription\&quot;: \&quot;training\&quot;,\n        \&quot;online\&quot;: true\n    },\n    {\n        \&quot;programId\&quot;: 4468,\n        \&quot;programName\&quot;: \&quot;softwaretesting \&quot;,\n        \&quot;programDescription\&quot;: \&quot;training\&quot;,\n        \&quot;online\&quot;: true\n    },\n    {\n        \&quot;programId\&quot;: 4470,\n        \&quot;programName\&quot;: \&quot;testing program \&quot;,\n        \&quot;programDescription\&quot;: \&quot; \&quot;,\n        \&quot;online\&quot;: true\n    },\n    {\n        \&quot;programId\&quot;: 4471,\n        \&quot;programName\&quot;: \&quot;testing program \&quot;,\n        \&quot;programDescription\&quot;: \&quot; \&quot;,\n        \&quot;online\&quot;: true\n    },\n    {\n        \&quot;programId\&quot;: 4472,\n        \&quot;programName\&quot;: \&quot;microservices\&quot;,\n        \&quot;programDescription\&quot;: \&quot;training\&quot;,\n        \&quot;online\&quot;: true\n    },\n    {\n        \&quot;programId\&quot;: 4473,\n        \&quot;programName\&quot;: \&quot;microservices\&quot;,\n        \&quot;programDescription\&quot;: \&quot;training\&quot;,\n        \&quot;online\&quot;: true\n    },\n    {\n        \&quot;programId\&quot;: 4474,\n        \&quot;programName\&quot;: \&quot;softwaretesting \&quot;,\n        \&quot;programDescription\&quot;: \&quot;training\&quot;,\n        \&quot;online\&quot;: true\n    },\n    {\n        \&quot;programId\&quot;: 4475,\n        \&quot;programName\&quot;: \&quot;batman\&quot;,\n        \&quot;programDescription\&quot;: \&quot;string\&quot;,\n        \&quot;online\&quot;: true\n    },\n    {\n        \&quot;programId\&quot;: 4476,\n        \&quot;programName\&quot;: \&quot;ironman\&quot;,\n        \&quot;programDescription\&quot;: \&quot;string\&quot;,\n        \&quot;online\&quot;: true\n    },\n    {\n        \&quot;programId\&quot;: 4477,\n        \&quot;programName\&quot;: \&quot;batman\&quot;,\n        \&quot;programDescription\&quot;: \&quot;string\&quot;,\n        \&quot;online\&quot;: true\n    },\n    {\n        \&quot;programId\&quot;: 4478,\n        \&quot;programName\&quot;: \&quot;ironman\&quot;,\n        \&quot;programDescription\&quot;: \&quot;string\&quot;,\n        \&quot;online\&quot;: true\n    },\n    {\n        \&quot;programId\&quot;: 4480,\n        \&quot;programName\&quot;: \&quot;testing program \&quot;,\n        \&quot;programDescription\&quot;: \&quot; \&quot;,\n        \&quot;online\&quot;: true\n    },\n    {\n        \&quot;programId\&quot;: 4481,\n        \&quot;programName\&quot;: \&quot;testing program \&quot;,\n        \&quot;programDescription\&quot;: \&quot; \&quot;,\n        \&quot;online\&quot;: true\n    },\n    {\n        \&quot;programId\&quot;: 4482,\n        \&quot;programName\&quot;: \&quot;microservices\&quot;,\n        \&quot;programDescription\&quot;: \&quot;training\&quot;,\n        \&quot;online\&quot;: true\n    },\n    {\n        \&quot;programId\&quot;: 4483,\n        \&quot;programName\&quot;: \&quot;microservices\&quot;,\n        \&quot;programDescription\&quot;: \&quot;training\&quot;,\n        \&quot;online\&quot;: true\n    },\n    {\n        \&quot;programId\&quot;: 4484,\n        \&quot;programName\&quot;: \&quot;softwaretesting \&quot;,\n        \&quot;programDescription\&quot;: \&quot;training\&quot;,\n        \&quot;online\&quot;: true\n    },\n    {\n        \&quot;programId\&quot;: 3727,\n        \&quot;programName\&quot;: \&quot;softwaretesting45657678\&quot;,\n        \&quot;programDescription\&quot;: \&quot;program training\&quot;,\n        \&quot;online\&quot;: false\n    },\n    {\n        \&quot;programId\&quot;: 4486,\n        \&quot;programName\&quot;: \&quot;testing program \&quot;,\n        \&quot;programDescription\&quot;: \&quot; \&quot;,\n        \&quot;online\&quot;: true\n    },\n    {\n        \&quot;programId\&quot;: 4487,\n        \&quot;programName\&quot;: \&quot;testing program \&quot;,\n        \&quot;programDescription\&quot;: \&quot; \&quot;,\n        \&quot;online\&quot;: true\n    },\n    {\n        \&quot;programId\&quot;: 4488,\n        \&quot;programName\&quot;: \&quot;microservices\&quot;,\n        \&quot;programDescription\&quot;: \&quot;training\&quot;,\n        \&quot;online\&quot;: true\n    },\n    {\n        \&quot;programId\&quot;: 4489,\n        \&quot;programName\&quot;: \&quot;microservices\&quot;,\n        \&quot;programDescription\&quot;: \&quot;training\&quot;,\n        \&quot;online\&quot;: true\n    },\n    {\n        \&quot;programId\&quot;: 4490,\n        \&quot;programName\&quot;: \&quot;softwaretesting \&quot;,\n        \&quot;programDescription\&quot;: \&quot;training\&quot;,\n        \&quot;online\&quot;: true\n    },\n    {\n        \&quot;programId\&quot;: 4491,\n        \&quot;programName\&quot;: \&quot;batman\&quot;,\n        \&quot;programDescription\&quot;: \&quot;string\&quot;,\n        \&quot;online\&quot;: true\n    },\n    {\n        \&quot;programId\&quot;: 4492,\n        \&quot;programName\&quot;: \&quot;ironman\&quot;,\n        \&quot;programDescription\&quot;: \&quot;string\&quot;,\n        \&quot;online\&quot;: true\n    },\n    {\n        \&quot;programId\&quot;: 4493,\n        \&quot;programName\&quot;: \&quot;batman\&quot;,\n        \&quot;programDescription\&quot;: \&quot;string\&quot;,\n        \&quot;online\&quot;: true\n    },\n    {\n        \&quot;programId\&quot;: 4494,\n        \&quot;programName\&quot;: \&quot;ironman\&quot;,\n        \&quot;programDescription\&quot;: \&quot;string\&quot;,\n        \&quot;online\&quot;: true\n    },\n    {\n        \&quot;programId\&quot;: 4495,\n        \&quot;programName\&quot;: \&quot;batman\&quot;,\n        \&quot;programDescription\&quot;: \&quot;string\&quot;,\n        \&quot;online\&quot;: true\n    },\n    {\n        \&quot;programId\&quot;: 4496,\n        \&quot;programName\&quot;: \&quot;ironman\&quot;,\n        \&quot;programDescription\&quot;: \&quot;string\&quot;,\n        \&quot;online\&quot;: true\n    },\n    {\n        \&quot;programId\&quot;: 4498,\n        \&quot;programName\&quot;: \&quot;testing program \&quot;,\n        \&quot;programDescription\&quot;: \&quot; \&quot;,\n        \&quot;online\&quot;: true\n    },\n    {\n        \&quot;programId\&quot;: 4499,\n        \&quot;programName\&quot;: \&quot;testing program \&quot;,\n        \&quot;programDescription\&quot;: \&quot; \&quot;,\n        \&quot;online\&quot;: true\n    },\n    {\n        \&quot;programId\&quot;: 4500,\n        \&quot;programName\&quot;: \&quot;microservices\&quot;,\n        \&quot;programDescription\&quot;: \&quot;training\&quot;,\n        \&quot;online\&quot;: true\n    },\n    {\n        \&quot;programId\&quot;: 4501,\n        \&quot;programName\&quot;: \&quot;microservices\&quot;,\n        \&quot;programDescription\&quot;: \&quot;training\&quot;,\n        \&quot;online\&quot;: true\n    },\n    {\n        \&quot;programId\&quot;: 4502,\n        \&quot;programName\&quot;: \&quot;softwaretesting \&quot;,\n        \&quot;programDescription\&quot;: \&quot;training\&quot;,\n        \&quot;online\&quot;: true\n    },\n    {\n        \&quot;programId\&quot;: 4504,\n        \&quot;programName\&quot;: \&quot;testing program \&quot;,\n        \&quot;programDescription\&quot;: \&quot; \&quot;,\n        \&quot;online\&quot;: true\n    },\n    {\n        \&quot;programId\&quot;: 4505,\n        \&quot;programName\&quot;: \&quot;testing program \&quot;,\n        \&quot;programDescription\&quot;: \&quot; \&quot;,\n        \&quot;online\&quot;: true\n    },\n    {\n        \&quot;programId\&quot;: 4506,\n        \&quot;programName\&quot;: \&quot;microservices\&quot;,\n        \&quot;programDescription\&quot;: \&quot;training\&quot;,\n        \&quot;online\&quot;: true\n    },\n    {\n        \&quot;programId\&quot;: 4507,\n        \&quot;programName\&quot;: \&quot;microservices\&quot;,\n        \&quot;programDescription\&quot;: \&quot;training\&quot;,\n        \&quot;online\&quot;: true\n    },\n    {\n        \&quot;programId\&quot;: 4508,\n        \&quot;programName\&quot;: \&quot;softwaretesting \&quot;,\n        \&quot;programDescription\&quot;: \&quot;training\&quot;,\n        \&quot;online\&quot;: true\n    },\n    {\n        \&quot;programId\&quot;: 4509,\n        \&quot;programName\&quot;: \&quot;FICO\&quot;,\n        \&quot;programDescription\&quot;: \&quot;SAP\&quot;,\n        \&quot;online\&quot;: false\n    },\n    {\n        \&quot;programId\&quot;: 4511,\n        \&quot;programName\&quot;: \&quot;SAP FICO\&quot;,\n        \&quot;programDescription\&quot;: \&quot;SAP ABAP\&quot;,\n        \&quot;online\&quot;: false\n    },\n    {\n        \&quot;programId\&quot;: 4512,\n        \&quot;programName\&quot;: \&quot;Pre K\&quot;,\n        \&quot;programDescription\&quot;: \&quot;Age 5\&quot;,\n        \&quot;online\&quot;: false\n    },\n    {\n        \&quot;programId\&quot;: 7376,\n        \&quot;programName\&quot;: \&quot;testing\&quot;,\n        \&quot;programDescription\&quot;: \&quot;testing\&quot;,\n        \&quot;online\&quot;: true\n    },\n    {\n        \&quot;programId\&quot;: 4510,\n        \&quot;programName\&quot;: \&quot;SdET\&quot;,\n        \&quot;programDescription\&quot;: \&quot;testing\&quot;,\n        \&quot;online\&quot;: false\n    },\n    {\n        \&quot;programId\&quot;: 4513,\n        \&quot;programName\&quot;: \&quot;Sdet\&quot;,\n        \&quot;programDescription\&quot;: \&quot;Sdet\&quot;,\n        \&quot;online\&quot;: false\n    },\n    {\n        \&quot;programId\&quot;: 4514,\n        \&quot;programName\&quot;: \&quot;Sdet\&quot;,\n        \&quot;programDescription\&quot;: \&quot;Sdet\&quot;,\n        \&quot;online\&quot;: false\n    },\n    {\n        \&quot;programId\&quot;: 4515,\n        \&quot;programName\&quot;: \&quot;Sdet\&quot;,\n        \&quot;programDescription\&quot;: \&quot;Sdet\&quot;,\n        \&quot;online\&quot;: false\n    },\n    {\n        \&quot;programId\&quot;: 4516,\n        \&quot;programName\&quot;: \&quot;Selenium\&quot;,\n        \&quot;programDescription\&quot;: \&quot;Testing\&quot;,\n        \&quot;online\&quot;: true\n    },\n    {\n        \&quot;programId\&quot;: 4517,\n        \&quot;programName\&quot;: \&quot;Selenium Modified\&quot;,\n        \&quot;programDescription\&quot;: \&quot;Testing Modified\&quot;,\n        \&quot;online\&quot;: true\n    },\n    {\n        \&quot;programId\&quot;: 4518,\n        \&quot;programName\&quot;: \&quot;Java\&quot;,\n        \&quot;programDescription\&quot;: \&quot;Testing\&quot;,\n        \&quot;online\&quot;: false\n    },\n    {\n        \&quot;programId\&quot;: 4519,\n        \&quot;programName\&quot;: \&quot;Java Modified\&quot;,\n        \&quot;programDescription\&quot;: \&quot;Testing Modified\&quot;,\n        \&quot;online\&quot;: false\n    },\n    {\n        \&quot;programId\&quot;: 4520,\n        \&quot;programName\&quot;: \&quot;Csharp\&quot;,\n        \&quot;programDescription\&quot;: \&quot;Testing\&quot;,\n        \&quot;online\&quot;: true\n    },\n    {\n        \&quot;programId\&quot;: 4521,\n        \&quot;programName\&quot;: \&quot;Csharp Modified\&quot;,\n        \&quot;programDescription\&quot;: \&quot;Testing Modified\&quot;,\n        \&quot;online\&quot;: true\n    },\n    {\n        \&quot;programId\&quot;: 4522,\n        \&quot;programName\&quot;: \&quot;Cypress\&quot;,\n        \&quot;programDescription\&quot;: \&quot;Testing edited\&quot;,\n        \&quot;online\&quot;: false\n    },\n    {\n        \&quot;programId\&quot;: 4523,\n        \&quot;programName\&quot;: \&quot;Cypress Modified\&quot;,\n        \&quot;programDescription\&quot;: \&quot;Testing edited Modified\&quot;,\n        \&quot;online\&quot;: false\n    },\n    {\n        \&quot;programId\&quot;: 4524,\n        \&quot;programName\&quot;: \&quot;CoralDraw\&quot;,\n        \&quot;programDescription\&quot;: \&quot;Testing edited\&quot;,\n        \&quot;online\&quot;: true\n    },\n    {\n        \&quot;programId\&quot;: 4525,\n        \&quot;programName\&quot;: \&quot;CoralDraw Modified\&quot;,\n        \&quot;programDescription\&quot;: \&quot;Testing edited Modified\&quot;,\n        \&quot;online\&quot;: true\n    },\n    {\n        \&quot;programId\&quot;: 4526,\n        \&quot;programName\&quot;: \&quot;Adobe Reader\&quot;,\n        \&quot;programDescription\&quot;: \&quot;Testing edited\&quot;,\n        \&quot;online\&quot;: true\n    },\n    {\n        \&quot;programId\&quot;: 4527,\n        \&quot;programName\&quot;: \&quot;Adobe Reader Modified\&quot;,\n        \&quot;programDescription\&quot;: \&quot;Testing edited Modified\&quot;,\n        \&quot;online\&quot;: true\n    },\n    {\n        \&quot;programId\&quot;: 4528,\n        \&quot;programName\&quot;: \&quot;Cucumber\&quot;,\n        \&quot;programDescription\&quot;: \&quot;Testing edited\&quot;,\n        \&quot;online\&quot;: true\n    },\n    {\n        \&quot;programId\&quot;: 4529,\n        \&quot;programName\&quot;: \&quot;Cucumber Modified\&quot;,\n        \&quot;programDescription\&quot;: \&quot;Testing edited Modified\&quot;,\n        \&quot;online\&quot;: true\n    },\n    {\n        \&quot;programId\&quot;: 4531,\n        \&quot;programName\&quot;: \&quot;SDET\&quot;,\n        \&quot;programDescription\&quot;: \&quot;SDET11\&quot;,\n        \&quot;online\&quot;: false\n    },\n    {\n        \&quot;programId\&quot;: 4532,\n        \&quot;programName\&quot;: \&quot;Data Science\&quot;,\n        \&quot;programDescription\&quot;: \&quot;DS10\&quot;,\n        \&quot;online\&quot;: false\n    },\n    {\n        \&quot;programId\&quot;: 4533,\n        \&quot;programName\&quot;: \&quot;SDET\&quot;,\n        \&quot;programDescription\&quot;: \&quot;SDET20\&quot;,\n        \&quot;online\&quot;: false\n    },\n    {\n        \&quot;programId\&quot;: 4534,\n        \&quot;programName\&quot;: \&quot;Data Science\&quot;,\n        \&quot;programDescription\&quot;: \&quot;DS23\&quot;,\n        \&quot;online\&quot;: false\n    },\n    {\n        \&quot;programId\&quot;: 4535,\n        \&quot;programName\&quot;: \&quot;Testing\&quot;,\n        \&quot;programDescription\&quot;: \&quot;Testing\&quot;,\n        \&quot;online\&quot;: true\n    },\n    {\n        \&quot;programId\&quot;: 4536,\n        \&quot;programName\&quot;: \&quot;Testing\&quot;,\n        \&quot;programDescription\&quot;: \&quot;Testing\&quot;,\n        \&quot;online\&quot;: true\n    },\n    {\n        \&quot;programId\&quot;: 4537,\n        \&quot;programName\&quot;: \&quot;SdET\&quot;,\n        \&quot;programDescription\&quot;: \&quot;testing\&quot;,\n        \&quot;online\&quot;: false\n    },\n    {\n        \&quot;programId\&quot;: 4538,\n        \&quot;programName\&quot;: \&quot;modified\&quot;,\n        \&quot;programDescription\&quot;: \&quot;modified\&quot;,\n        \&quot;online\&quot;: false\n    },\n    {\n        \&quot;programId\&quot;: 4539,\n        \&quot;programName\&quot;: \&quot;modified\&quot;,\n        \&quot;programDescription\&quot;: \&quot;modified\&quot;,\n        \&quot;online\&quot;: false\n    },\n    {\n        \&quot;programId\&quot;: 4540,\n        \&quot;programName\&quot;: \&quot;SdET\&quot;,\n        \&quot;programDescription\&quot;: \&quot;modidied\&quot;,\n        \&quot;online\&quot;: false\n    },\n    {\n        \&quot;programId\&quot;: 4541,\n        \&quot;programName\&quot;: \&quot;SdET\&quot;,\n        \&quot;programDescription\&quot;: \&quot;modidied\&quot;,\n        \&quot;online\&quot;: false\n    },\n    {\n        \&quot;programId\&quot;: 4542,\n        \&quot;programName\&quot;: \&quot;jjjjjj\&quot;,\n        \&quot;programDescription\&quot;: \&quot;modidied\&quot;,\n        \&quot;online\&quot;: false\n    },\n    {\n        \&quot;programId\&quot;: 4544,\n        \&quot;programName\&quot;: \&quot;testing program \&quot;,\n        \&quot;programDescription\&quot;: \&quot; \&quot;,\n        \&quot;online\&quot;: true\n    },\n    {\n        \&quot;programId\&quot;: 4545,\n        \&quot;programName\&quot;: \&quot;testing program \&quot;,\n        \&quot;programDescription\&quot;: \&quot; \&quot;,\n        \&quot;online\&quot;: true\n    },\n    {\n        \&quot;programId\&quot;: 4546,\n        \&quot;programName\&quot;: \&quot;microservices\&quot;,\n        \&quot;programDescription\&quot;: \&quot;training\&quot;,\n        \&quot;online\&quot;: true\n    },\n    {\n        \&quot;programId\&quot;: 4547,\n        \&quot;programName\&quot;: \&quot;microservices\&quot;,\n        \&quot;programDescription\&quot;: \&quot;training\&quot;,\n        \&quot;online\&quot;: true\n    },\n    {\n        \&quot;programId\&quot;: 4548,\n        \&quot;programName\&quot;: \&quot;softwaretesting \&quot;,\n        \&quot;programDescription\&quot;: \&quot;training\&quot;,\n        \&quot;online\&quot;: true\n    },\n    {\n        \&quot;programId\&quot;: 4550,\n        \&quot;programName\&quot;: \&quot;testing program \&quot;,\n        \&quot;programDescription\&quot;: \&quot; \&quot;,\n        \&quot;online\&quot;: true\n    },\n    {\n        \&quot;programId\&quot;: 4551,\n        \&quot;programName\&quot;: \&quot;testing program \&quot;,\n        \&quot;programDescription\&quot;: \&quot; \&quot;,\n        \&quot;online\&quot;: true\n    },\n    {\n        \&quot;programId\&quot;: 4552,\n        \&quot;programName\&quot;: \&quot;microservices\&quot;,\n        \&quot;programDescription\&quot;: \&quot;training\&quot;,\n        \&quot;online\&quot;: true\n    },\n    {\n        \&quot;programId\&quot;: 4556,\n        \&quot;programName\&quot;: \&quot;testing program \&quot;,\n        \&quot;programDescription\&quot;: \&quot; \&quot;,\n        \&quot;online\&quot;: true\n    },\n    {\n        \&quot;programId\&quot;: 4557,\n        \&quot;programName\&quot;: \&quot;testing program \&quot;,\n        \&quot;programDescription\&quot;: \&quot; \&quot;,\n        \&quot;online\&quot;: true\n    },\n    {\n        \&quot;programId\&quot;: 4558,\n        \&quot;programName\&quot;: \&quot;microservices\&quot;,\n        \&quot;programDescription\&quot;: \&quot;training\&quot;,\n        \&quot;online\&quot;: true\n    },\n    {\n        \&quot;programId\&quot;: 4559,\n        \&quot;programName\&quot;: \&quot;microservices\&quot;,\n        \&quot;programDescription\&quot;: \&quot;training\&quot;,\n        \&quot;online\&quot;: true\n    },\n    {\n        \&quot;programId\&quot;: 4560,\n        \&quot;programName\&quot;: \&quot;softwaretesting \&quot;,\n        \&quot;programDescription\&quot;: \&quot;training\&quot;,\n        \&quot;online\&quot;: true\n    },\n    {\n        \&quot;programId\&quot;: 4562,\n        \&quot;programName\&quot;: \&quot;testing program \&quot;,\n        \&quot;programDescription\&quot;: \&quot; \&quot;,\n        \&quot;online\&quot;: true\n    },\n    {\n        \&quot;programId\&quot;: 4563,\n        \&quot;programName\&quot;: \&quot;testing program \&quot;,\n        \&quot;programDescription\&quot;: \&quot; \&quot;,\n        \&quot;online\&quot;: true\n    },\n    {\n        \&quot;programId\&quot;: 4564,\n        \&quot;programName\&quot;: \&quot;microservices\&quot;,\n        \&quot;programDescription\&quot;: \&quot;training\&quot;,\n        \&quot;online\&quot;: true\n    },\n    {\n        \&quot;programId\&quot;: 4565,\n        \&quot;programName\&quot;: \&quot;microservices\&quot;,\n        \&quot;programDescription\&quot;: \&quot;training\&quot;,\n        \&quot;online\&quot;: true\n    },\n    {\n        \&quot;programId\&quot;: 4566,\n        \&quot;programName\&quot;: \&quot;softwaretesting \&quot;,\n        \&quot;programDescription\&quot;: \&quot;training\&quot;,\n        \&quot;online\&quot;: true\n    },\n    {\n        \&quot;programId\&quot;: 9245,\n        \&quot;programName\&quot;: \&quot;programName\&quot;,\n        \&quot;programDescription\&quot;: \&quot;programDescription\&quot;,\n        \&quot;online\&quot;: true\n    },\n    {\n        \&quot;programId\&quot;: 4569,\n        \&quot;programName\&quot;: \&quot;testing program \&quot;,\n        \&quot;programDescription\&quot;: \&quot; \&quot;,\n        \&quot;online\&quot;: true\n    },\n    {\n        \&quot;programId\&quot;: 4570,\n        \&quot;programName\&quot;: \&quot;microservices\&quot;,\n        \&quot;programDescription\&quot;: \&quot;training\&quot;,\n        \&quot;online\&quot;: true\n    },\n    {\n        \&quot;programId\&quot;: 4571,\n        \&quot;programName\&quot;: \&quot;microservices\&quot;,\n        \&quot;programDescription\&quot;: \&quot;training\&quot;,\n        \&quot;online\&quot;: true\n    },\n    {\n        \&quot;programId\&quot;: 4572,\n        \&quot;programName\&quot;: \&quot;softwaretesting \&quot;,\n        \&quot;programDescription\&quot;: \&quot;training\&quot;,\n        \&quot;online\&quot;: true\n    },\n    {\n        \&quot;programId\&quot;: 7377,\n        \&quot;programName\&quot;: \&quot;testing\&quot;,\n        \&quot;programDescription\&quot;: \&quot;testing\&quot;,\n        \&quot;online\&quot;: true\n    },\n    {\n        \&quot;programId\&quot;: 4575,\n        \&quot;programName\&quot;: \&quot;testing program \&quot;,\n        \&quot;programDescription\&quot;: \&quot; \&quot;,\n        \&quot;online\&quot;: true\n    },\n    {\n        \&quot;programId\&quot;: 4576,\n        \&quot;programName\&quot;: \&quot;testing program \&quot;,\n        \&quot;programDescription\&quot;: \&quot; \&quot;,\n        \&quot;online\&quot;: true\n    },\n    {\n        \&quot;programId\&quot;: 4577,\n        \&quot;programName\&quot;: \&quot;microservices\&quot;,\n        \&quot;programDescription\&quot;: \&quot;training\&quot;,\n        \&quot;online\&quot;: true\n    },\n    {\n        \&quot;programId\&quot;: 4578,\n        \&quot;programName\&quot;: \&quot;microservices\&quot;,\n        \&quot;programDescription\&quot;: \&quot;training\&quot;,\n        \&quot;online\&quot;: true\n    },\n    {\n        \&quot;programId\&quot;: 4579,\n        \&quot;programName\&quot;: \&quot;softwaretesting \&quot;,\n        \&quot;programDescription\&quot;: \&quot;training\&quot;,\n        \&quot;online\&quot;: true\n    },\n    {\n        \&quot;programId\&quot;: 4581,\n        \&quot;programName\&quot;: \&quot;testing program \&quot;,\n        \&quot;programDescription\&quot;: \&quot; \&quot;,\n        \&quot;online\&quot;: true\n    },\n    {\n        \&quot;programId\&quot;: 4582,\n        \&quot;programName\&quot;: \&quot;testing program \&quot;,\n        \&quot;programDescription\&quot;: \&quot; \&quot;,\n        \&quot;online\&quot;: true\n    },\n    {\n        \&quot;programId\&quot;: 4583,\n        \&quot;programName\&quot;: \&quot;microservices\&quot;,\n        \&quot;programDescription\&quot;: \&quot;training\&quot;,\n        \&quot;online\&quot;: true\n    },\n    {\n        \&quot;programId\&quot;: 4584,\n        \&quot;programName\&quot;: \&quot;microservices\&quot;,\n        \&quot;programDescription\&quot;: \&quot;training\&quot;,\n        \&quot;online\&quot;: true\n    },\n    {\n        \&quot;programId\&quot;: 4585,\n        \&quot;programName\&quot;: \&quot;softwaretesting \&quot;,\n        \&quot;programDescription\&quot;: \&quot;training\&quot;,\n        \&quot;online\&quot;: true\n    },\n    {\n        \&quot;programId\&quot;: 4573,\n        \&quot;programName\&quot;: \&quot;St\&quot;,\n        \&quot;programDescription\&quot;: \&quot;ts\&quot;,\n        \&quot;online\&quot;: false\n    },\n    {\n        \&quot;programId\&quot;: 4586,\n        \&quot;programName\&quot;: \&quot;Testing\&quot;,\n        \&quot;programDescription\&quot;: \&quot;Test\&quot;,\n        \&quot;online\&quot;: true\n    },\n    {\n        \&quot;programId\&quot;: 4588,\n        \&quot;programName\&quot;: \&quot;testing program \&quot;,\n        \&quot;programDescription\&quot;: \&quot; \&quot;,\n        \&quot;online\&quot;: true\n    },\n    {\n        \&quot;programId\&quot;: 4589,\n        \&quot;programName\&quot;: \&quot;testing program \&quot;,\n        \&quot;programDescription\&quot;: \&quot; \&quot;,\n        \&quot;online\&quot;: true\n    },\n    {\n        \&quot;programId\&quot;: 4590,\n        \&quot;programName\&quot;: \&quot;microservices\&quot;,\n        \&quot;programDescription\&quot;: \&quot;training\&quot;,\n        \&quot;online\&quot;: true\n    },\n    {\n        \&quot;programId\&quot;: 4591,\n        \&quot;programName\&quot;: \&quot;microservices\&quot;,\n        \&quot;programDescription\&quot;: \&quot;training\&quot;,\n        \&quot;online\&quot;: true\n    },\n    {\n        \&quot;programId\&quot;: 4592,\n        \&quot;programName\&quot;: \&quot;softwaretesting \&quot;,\n        \&quot;programDescription\&quot;: \&quot;training\&quot;,\n        \&quot;online\&quot;: true\n    },\n    {\n        \&quot;programId\&quot;: 4594,\n        \&quot;programName\&quot;: \&quot;testing program \&quot;,\n        \&quot;programDescription\&quot;: \&quot; \&quot;,\n        \&quot;online\&quot;: true\n    },\n    {\n        \&quot;programId\&quot;: 4595,\n        \&quot;programName\&quot;: \&quot;testing program \&quot;,\n        \&quot;programDescription\&quot;: \&quot; \&quot;,\n        \&quot;online\&quot;: true\n    },\n    {\n        \&quot;programId\&quot;: 4596,\n        \&quot;programName\&quot;: \&quot;microservices\&quot;,\n        \&quot;programDescription\&quot;: \&quot;training\&quot;,\n        \&quot;online\&quot;: true\n    },\n    {\n        \&quot;programId\&quot;: 4597,\n        \&quot;programName\&quot;: \&quot;microservices\&quot;,\n        \&quot;programDescription\&quot;: \&quot;training\&quot;,\n        \&quot;online\&quot;: true\n    },\n    {\n        \&quot;programId\&quot;: 4598,\n        \&quot;programName\&quot;: \&quot;softwaretesting \&quot;,\n        \&quot;programDescription\&quot;: \&quot;training\&quot;,\n        \&quot;online\&quot;: true\n    },\n    {\n        \&quot;programId\&quot;: 4600,\n        \&quot;programName\&quot;: \&quot;testing program \&quot;,\n        \&quot;programDescription\&quot;: \&quot; \&quot;,\n        \&quot;online\&quot;: true\n    },\n    {\n        \&quot;programId\&quot;: 4601,\n        \&quot;programName\&quot;: \&quot;testing program \&quot;,\n        \&quot;programDescription\&quot;: \&quot; \&quot;,\n        \&quot;online\&quot;: true\n    },\n    {\n        \&quot;programId\&quot;: 4602,\n        \&quot;programName\&quot;: \&quot;microservices\&quot;,\n        \&quot;programDescription\&quot;: \&quot;training\&quot;,\n        \&quot;online\&quot;: true\n    },\n    {\n        \&quot;programId\&quot;: 4603,\n        \&quot;programName\&quot;: \&quot;microservices\&quot;,\n        \&quot;programDescription\&quot;: \&quot;training\&quot;,\n        \&quot;online\&quot;: true\n    },\n    {\n        \&quot;programId\&quot;: 4604,\n        \&quot;programName\&quot;: \&quot;softwaretesting \&quot;,\n        \&quot;programDescription\&quot;: \&quot;training\&quot;,\n        \&quot;online\&quot;: true\n    },\n    {\n        \&quot;programId\&quot;: 4606,\n        \&quot;programName\&quot;: \&quot;testing program \&quot;,\n        \&quot;programDescription\&quot;: \&quot; \&quot;,\n        \&quot;online\&quot;: true\n    },\n    {\n        \&quot;programId\&quot;: 4607,\n        \&quot;programName\&quot;: \&quot;testing program \&quot;,\n        \&quot;programDescription\&quot;: \&quot; \&quot;,\n        \&quot;online\&quot;: true\n    },\n    {\n        \&quot;programId\&quot;: 4608,\n        \&quot;programName\&quot;: \&quot;microservices\&quot;,\n        \&quot;programDescription\&quot;: \&quot;training\&quot;,\n        \&quot;online\&quot;: true\n    },\n    {\n        \&quot;programId\&quot;: 4609,\n        \&quot;programName\&quot;: \&quot;microservices\&quot;,\n        \&quot;programDescription\&quot;: \&quot;training\&quot;,\n        \&quot;online\&quot;: true\n    },\n    {\n        \&quot;programId\&quot;: 4610,\n        \&quot;programName\&quot;: \&quot;softwaretesting \&quot;,\n        \&quot;programDescription\&quot;: \&quot;training\&quot;,\n        \&quot;online\&quot;: true\n    },\n    {\n        \&quot;programId\&quot;: 4612,\n        \&quot;programName\&quot;: \&quot;testing program \&quot;,\n        \&quot;programDescription\&quot;: \&quot; \&quot;,\n        \&quot;online\&quot;: true\n    },\n    {\n        \&quot;programId\&quot;: 4613,\n        \&quot;programName\&quot;: \&quot;testing program \&quot;,\n        \&quot;programDescription\&quot;: \&quot; \&quot;,\n        \&quot;online\&quot;: true\n    },\n    {\n        \&quot;programId\&quot;: 4614,\n        \&quot;programName\&quot;: \&quot;microservices\&quot;,\n        \&quot;programDescription\&quot;: \&quot;training\&quot;,\n        \&quot;online\&quot;: true\n    },\n    {\n        \&quot;programId\&quot;: 4615,\n        \&quot;programName\&quot;: \&quot;microservices\&quot;,\n        \&quot;programDescription\&quot;: \&quot;training\&quot;,\n        \&quot;online\&quot;: true\n    },\n    {\n        \&quot;programId\&quot;: 4616,\n        \&quot;programName\&quot;: \&quot;softwaretesting \&quot;,\n        \&quot;programDescription\&quot;: \&quot;training\&quot;,\n        \&quot;online\&quot;: true\n    },\n    {\n        \&quot;programId\&quot;: 4618,\n        \&quot;programName\&quot;: \&quot;testing program \&quot;,\n        \&quot;programDescription\&quot;: \&quot; \&quot;,\n        \&quot;online\&quot;: true\n    },\n    {\n        \&quot;programId\&quot;: 4619,\n        \&quot;programName\&quot;: \&quot;testing program \&quot;,\n        \&quot;programDescription\&quot;: \&quot; \&quot;,\n        \&quot;online\&quot;: true\n    },\n    {\n        \&quot;programId\&quot;: 4620,\n        \&quot;programName\&quot;: \&quot;microservices\&quot;,\n        \&quot;programDescription\&quot;: \&quot;training\&quot;,\n        \&quot;online\&quot;: true\n    },\n    {\n        \&quot;programId\&quot;: 4621,\n        \&quot;programName\&quot;: \&quot;microservices\&quot;,\n        \&quot;programDescription\&quot;: \&quot;training\&quot;,\n        \&quot;online\&quot;: true\n    },\n    {\n        \&quot;programId\&quot;: 4622,\n        \&quot;programName\&quot;: \&quot;softwaretesting \&quot;,\n        \&quot;programDescription\&quot;: \&quot;training\&quot;,\n        \&quot;online\&quot;: true\n    },\n    {\n        \&quot;programId\&quot;: 4624,\n        \&quot;programName\&quot;: \&quot;testing program \&quot;,\n        \&quot;programDescription\&quot;: \&quot; \&quot;,\n        \&quot;online\&quot;: true\n    },\n    {\n        \&quot;programId\&quot;: 4625,\n        \&quot;programName\&quot;: \&quot;testing program \&quot;,\n        \&quot;programDescription\&quot;: \&quot; \&quot;,\n        \&quot;online\&quot;: true\n    },\n    {\n        \&quot;programId\&quot;: 4626,\n        \&quot;programName\&quot;: \&quot;microservices\&quot;,\n        \&quot;programDescription\&quot;: \&quot;training\&quot;,\n        \&quot;online\&quot;: true\n    },\n    {\n        \&quot;programId\&quot;: 4627,\n        \&quot;programName\&quot;: \&quot;microservices\&quot;,\n        \&quot;programDescription\&quot;: \&quot;training\&quot;,\n        \&quot;online\&quot;: true\n    },\n    {\n        \&quot;programId\&quot;: 4628,\n        \&quot;programName\&quot;: \&quot;softwaretesting \&quot;,\n        \&quot;programDescription\&quot;: \&quot;training\&quot;,\n        \&quot;online\&quot;: true\n    },\n    {\n        \&quot;programId\&quot;: 4630,\n        \&quot;programName\&quot;: \&quot;testing program \&quot;,\n        \&quot;programDescription\&quot;: \&quot; \&quot;,\n        \&quot;online\&quot;: true\n    },\n    {\n        \&quot;programId\&quot;: 4631,\n        \&quot;programName\&quot;: \&quot;testing program \&quot;,\n        \&quot;programDescription\&quot;: \&quot; \&quot;,\n        \&quot;online\&quot;: true\n    },\n    {\n        \&quot;programId\&quot;: 4632,\n        \&quot;programName\&quot;: \&quot;microservices\&quot;,\n        \&quot;programDescription\&quot;: \&quot;training\&quot;,\n        \&quot;online\&quot;: true\n    },\n    {\n        \&quot;programId\&quot;: 4633,\n        \&quot;programName\&quot;: \&quot;microservices\&quot;,\n        \&quot;programDescription\&quot;: \&quot;training\&quot;,\n        \&quot;online\&quot;: true\n    },\n    {\n        \&quot;programId\&quot;: 4634,\n        \&quot;programName\&quot;: \&quot;softwaretesting \&quot;,\n        \&quot;programDescription\&quot;: \&quot;training\&quot;,\n        \&quot;online\&quot;: true\n    },\n    {\n        \&quot;programId\&quot;: 4636,\n        \&quot;programName\&quot;: \&quot;testing program \&quot;,\n        \&quot;programDescription\&quot;: \&quot; \&quot;,\n        \&quot;online\&quot;: true\n    },\n    {\n        \&quot;programId\&quot;: 4637,\n        \&quot;programName\&quot;: \&quot;testing program \&quot;,\n        \&quot;programDescription\&quot;: \&quot; \&quot;,\n        \&quot;online\&quot;: true\n    },\n    {\n        \&quot;programId\&quot;: 4638,\n        \&quot;programName\&quot;: \&quot;microservices\&quot;,\n        \&quot;programDescription\&quot;: \&quot;training\&quot;,\n        \&quot;online\&quot;: true\n    },\n    {\n        \&quot;programId\&quot;: 7378,\n        \&quot;programName\&quot;: \&quot;testing\&quot;,\n        \&quot;programDescription\&quot;: \&quot;testing\&quot;,\n        \&quot;online\&quot;: true\n    },\n    {\n        \&quot;programId\&quot;: 7379,\n        \&quot;programName\&quot;: \&quot;Testing modified\&quot;,\n        \&quot;programDescription\&quot;: \&quot;Testing modified\&quot;,\n        \&quot;online\&quot;: true\n    },\n    {\n        \&quot;programId\&quot;: 7380,\n        \&quot;programName\&quot;: \&quot;string\&quot;,\n        \&quot;programDescription\&quot;: \&quot;string\&quot;,\n        \&quot;online\&quot;: true\n    },\n    {\n        \&quot;programId\&quot;: 7381,\n        \&quot;programName\&quot;: \&quot;string\&quot;,\n        \&quot;programDescription\&quot;: \&quot;string\&quot;,\n        \&quot;online\&quot;: true\n    },\n    {\n        \&quot;programId\&quot;: 4639,\n        \&quot;programName\&quot;: \&quot;microservices\&quot;,\n        \&quot;programDescription\&quot;: \&quot;training\&quot;,\n        \&quot;online\&quot;: true\n    },\n    {\n        \&quot;programId\&quot;: 4640,\n        \&quot;programName\&quot;: \&quot;softwaretesting \&quot;,\n        \&quot;programDescription\&quot;: \&quot;training\&quot;,\n        \&quot;online\&quot;: true\n    },\n    {\n        \&quot;programId\&quot;: 4642,\n        \&quot;programName\&quot;: \&quot;testing program \&quot;,\n        \&quot;programDescription\&quot;: \&quot; \&quot;,\n        \&quot;online\&quot;: true\n    },\n    {\n        \&quot;programId\&quot;: 4643,\n        \&quot;programName\&quot;: \&quot;testing program \&quot;,\n        \&quot;programDescription\&quot;: \&quot; \&quot;,\n        \&quot;online\&quot;: true\n    },\n    {\n        \&quot;programId\&quot;: 4644,\n        \&quot;programName\&quot;: \&quot;microservices\&quot;,\n        \&quot;programDescription\&quot;: \&quot;training\&quot;,\n        \&quot;online\&quot;: true\n    },\n    {\n        \&quot;programId\&quot;: 4645,\n        \&quot;programName\&quot;: \&quot;microservices\&quot;,\n        \&quot;programDescription\&quot;: \&quot;training\&quot;,\n        \&quot;online\&quot;: true\n    },\n    {\n        \&quot;programId\&quot;: 4646,\n        \&quot;programName\&quot;: \&quot;softwaretesting \&quot;,\n        \&quot;programDescription\&quot;: \&quot;training\&quot;,\n        \&quot;online\&quot;: true\n    },\n    {\n        \&quot;programId\&quot;: 4648,\n        \&quot;programName\&quot;: \&quot;testing program \&quot;,\n        \&quot;programDescription\&quot;: \&quot; \&quot;,\n        \&quot;online\&quot;: true\n    },\n    {\n        \&quot;programId\&quot;: 4649,\n        \&quot;programName\&quot;: \&quot;testing program \&quot;,\n        \&quot;programDescription\&quot;: \&quot; \&quot;,\n        \&quot;online\&quot;: true\n    },\n    {\n        \&quot;programId\&quot;: 4650,\n        \&quot;programName\&quot;: \&quot;microservices\&quot;,\n        \&quot;programDescription\&quot;: \&quot;training\&quot;,\n        \&quot;online\&quot;: true\n    },\n    {\n        \&quot;programId\&quot;: 4651,\n        \&quot;programName\&quot;: \&quot;microservices\&quot;,\n        \&quot;programDescription\&quot;: \&quot;training\&quot;,\n        \&quot;online\&quot;: true\n    },\n    {\n        \&quot;programId\&quot;: 4652,\n        \&quot;programName\&quot;: \&quot;softwaretesting \&quot;,\n        \&quot;programDescription\&quot;: \&quot;training\&quot;,\n        \&quot;online\&quot;: true\n    },\n    {\n        \&quot;programId\&quot;: 4653,\n        \&quot;programName\&quot;: \&quot;Descriptionless\&quot;,\n        \&quot;programDescription\&quot;: \&quot;\&quot;,\n        \&quot;online\&quot;: false\n    },\n    {\n        \&quot;programId\&quot;: 4654,\n        \&quot;programName\&quot;: \&quot;Descriptionless\&quot;,\n        \&quot;programDescription\&quot;: \&quot;\&quot;,\n        \&quot;online\&quot;: false\n    },\n    {\n        \&quot;programId\&quot;: 4655,\n        \&quot;programName\&quot;: \&quot;Descriptionless\&quot;,\n        \&quot;programDescription\&quot;: \&quot;\&quot;,\n        \&quot;online\&quot;: false\n    },\n    {\n        \&quot;programId\&quot;: 4656,\n        \&quot;programName\&quot;: \&quot;Descriptionless\&quot;,\n        \&quot;programDescription\&quot;: \&quot;\&quot;,\n        \&quot;online\&quot;: true\n    },\n    {\n        \&quot;programId\&quot;: 4657,\n        \&quot;programName\&quot;: \&quot;Descriptionless\&quot;,\n        \&quot;programDescription\&quot;: \&quot;\\\&quot;\\\&quot;\&quot;,\n        \&quot;online\&quot;: false\n    },\n    {\n        \&quot;programId\&quot;: 4658,\n        \&quot;programName\&quot;: \&quot;Csharp\&quot;,\n        \&quot;programDescription\&quot;: \&quot;Testing\&quot;,\n        \&quot;online\&quot;: true\n    },\n    {\n        \&quot;programId\&quot;: 4659,\n        \&quot;programName\&quot;: \&quot;Cypress\&quot;,\n        \&quot;programDescription\&quot;: \&quot;Testing edited\&quot;,\n        \&quot;online\&quot;: false\n    },\n    {\n        \&quot;programId\&quot;: 4660,\n        \&quot;programName\&quot;: \&quot;CoralDraw\&quot;,\n        \&quot;programDescription\&quot;: \&quot;Testing edited\&quot;,\n        \&quot;online\&quot;: true\n    },\n    {\n        \&quot;programId\&quot;: 4661,\n        \&quot;programName\&quot;: \&quot;Adobe Reader\&quot;,\n        \&quot;programDescription\&quot;: \&quot;Testing edited\&quot;,\n        \&quot;online\&quot;: true\n    },\n    {\n        \&quot;programId\&quot;: 4662,\n        \&quot;programName\&quot;: \&quot;int8\&quot;,\n        \&quot;programDescription\&quot;: \&quot;Selenium\&quot;,\n        \&quot;online\&quot;: true\n    },\n    {\n        \&quot;programId\&quot;: 4663,\n        \&quot;programName\&quot;: \&quot;Csharp\&quot;,\n        \&quot;programDescription\&quot;: \&quot;Testing\&quot;,\n        \&quot;online\&quot;: true\n    },\n    {\n        \&quot;programId\&quot;: 4664,\n        \&quot;programName\&quot;: \&quot;Cypress\&quot;,\n        \&quot;programDescription\&quot;: \&quot;Testing edited\&quot;,\n        \&quot;online\&quot;: false\n    },\n    {\n        \&quot;programId\&quot;: 4665,\n        \&quot;programName\&quot;: \&quot;CoralDraw\&quot;,\n        \&quot;programDescription\&quot;: \&quot;Testing edited\&quot;,\n        \&quot;online\&quot;: true\n    },\n    {\n        \&quot;programId\&quot;: 4666,\n        \&quot;programName\&quot;: \&quot;Adobe Reader\&quot;,\n        \&quot;programDescription\&quot;: \&quot;Testing edited\&quot;,\n        \&quot;online\&quot;: true\n    },\n    {\n        \&quot;programId\&quot;: 4667,\n        \&quot;programName\&quot;: \&quot;Csharp\&quot;,\n        \&quot;programDescription\&quot;: \&quot;Testing\&quot;,\n        \&quot;online\&quot;: true\n    },\n    {\n        \&quot;programId\&quot;: 4668,\n        \&quot;programName\&quot;: \&quot;Cypress\&quot;,\n        \&quot;programDescription\&quot;: \&quot;Testing edited\&quot;,\n        \&quot;online\&quot;: false\n    },\n    {\n        \&quot;programId\&quot;: 4669,\n        \&quot;programName\&quot;: \&quot;CoralDraw\&quot;,\n        \&quot;programDescription\&quot;: \&quot;Testing edited\&quot;,\n        \&quot;online\&quot;: true\n    },\n    {\n        \&quot;programId\&quot;: 4670,\n        \&quot;programName\&quot;: \&quot;Adobe Reader\&quot;,\n        \&quot;programDescription\&quot;: \&quot;Testing edited\&quot;,\n        \&quot;online\&quot;: true\n    },\n    {\n        \&quot;programId\&quot;: 4671,\n        \&quot;programName\&quot;: \&quot;Selenium\&quot;,\n        \&quot;programDescription\&quot;: \&quot;Testing\&quot;,\n        \&quot;online\&quot;: true\n    },\n    {\n        \&quot;programId\&quot;: 4672,\n        \&quot;programName\&quot;: \&quot;Java\&quot;,\n        \&quot;programDescription\&quot;: \&quot;Testing\&quot;,\n        \&quot;online\&quot;: false\n    },\n    {\n        \&quot;programId\&quot;: 4673,\n        \&quot;programName\&quot;: \&quot;Csharp\&quot;,\n        \&quot;programDescription\&quot;: \&quot;Testing\&quot;,\n        \&quot;online\&quot;: true\n    },\n    {\n        \&quot;programId\&quot;: 4674,\n        \&quot;programName\&quot;: \&quot;Cypress\&quot;,\n        \&quot;programDescription\&quot;: \&quot;Testing edited\&quot;,\n        \&quot;online\&quot;: false\n    },\n    {\n        \&quot;programId\&quot;: 4676,\n        \&quot;programName\&quot;: \&quot;Adobe Reader\&quot;,\n        \&quot;programDescription\&quot;: \&quot;Testing edited\&quot;,\n        \&quot;online\&quot;: true\n    },\n    {\n        \&quot;programId\&quot;: 4677,\n        \&quot;programName\&quot;: \&quot;Cucumber\&quot;,\n        \&quot;programDescription\&quot;: \&quot;Testing edited\&quot;,\n        \&quot;online\&quot;: true\n    },\n    {\n        \&quot;programId\&quot;: 4678,\n        \&quot;programName\&quot;: \&quot;Csharp\&quot;,\n        \&quot;programDescription\&quot;: \&quot;Testing\&quot;,\n        \&quot;online\&quot;: true\n    },\n    {\n        \&quot;programId\&quot;: 4679,\n        \&quot;programName\&quot;: \&quot;Cypress\&quot;,\n        \&quot;programDescription\&quot;: \&quot;Testing edited\&quot;,\n        \&quot;online\&quot;: false\n    },\n    {\n        \&quot;programId\&quot;: 4680,\n        \&quot;programName\&quot;: \&quot;CoralDraw\&quot;,\n        \&quot;programDescription\&quot;: \&quot;Testing edited\&quot;,\n        \&quot;online\&quot;: true\n    },\n    {\n        \&quot;programId\&quot;: 4681,\n        \&quot;programName\&quot;: \&quot;Adobe Reader\&quot;,\n        \&quot;programDescription\&quot;: \&quot;Testing edited\&quot;,\n        \&quot;online\&quot;: true\n    },\n    {\n        \&quot;programId\&quot;: 4686,\n        \&quot;programName\&quot;: \&quot;Csharp\&quot;,\n        \&quot;programDescription\&quot;: \&quot;Testing\&quot;,\n        \&quot;online\&quot;: true\n    },\n    {\n        \&quot;programId\&quot;: 4687,\n        \&quot;programName\&quot;: \&quot;Cypress\&quot;,\n        \&quot;programDescription\&quot;: \&quot;Testing edited\&quot;,\n        \&quot;online\&quot;: false\n    },\n    {\n        \&quot;programId\&quot;: 4688,\n        \&quot;programName\&quot;: \&quot;CoralDraw\&quot;,\n        \&quot;programDescription\&quot;: \&quot;Testing edited\&quot;,\n        \&quot;online\&quot;: true\n    },\n    {\n        \&quot;programId\&quot;: 4689,\n        \&quot;programName\&quot;: \&quot;Adobe Reader\&quot;,\n        \&quot;programDescription\&quot;: \&quot;Testing edited\&quot;,\n        \&quot;online\&quot;: true\n    },\n    {\n        \&quot;programId\&quot;: 4694,\n        \&quot;programName\&quot;: \&quot;Csharp\&quot;,\n        \&quot;programDescription\&quot;: \&quot;Testing\&quot;,\n        \&quot;online\&quot;: true\n    },\n    {\n        \&quot;programId\&quot;: 4695,\n        \&quot;programName\&quot;: \&quot;Cypress\&quot;,\n        \&quot;programDescription\&quot;: \&quot;Testing edited\&quot;,\n        \&quot;online\&quot;: false\n    },\n    {\n        \&quot;programId\&quot;: 4696,\n        \&quot;programName\&quot;: \&quot;CoralDraw\&quot;,\n        \&quot;programDescription\&quot;: \&quot;Testing edited\&quot;,\n        \&quot;online\&quot;: true\n    },\n    {\n        \&quot;programId\&quot;: 4697,\n        \&quot;programName\&quot;: \&quot;Adobe Reader\&quot;,\n        \&quot;programDescription\&quot;: \&quot;Testing edited\&quot;,\n        \&quot;online\&quot;: true\n    },\n    {\n        \&quot;programId\&quot;: 4698,\n        \&quot;programName\&quot;: \&quot;Csharp\&quot;,\n        \&quot;programDescription\&quot;: \&quot;Testing\&quot;,\n        \&quot;online\&quot;: true\n    },\n    {\n        \&quot;programId\&quot;: 4699,\n        \&quot;programName\&quot;: \&quot;Cypress\&quot;,\n        \&quot;programDescription\&quot;: \&quot;Testing edited\&quot;,\n        \&quot;online\&quot;: false\n    },\n    {\n        \&quot;programId\&quot;: 4700,\n        \&quot;programName\&quot;: \&quot;CoralDraw\&quot;,\n        \&quot;programDescription\&quot;: \&quot;Testing edited\&quot;,\n        \&quot;online\&quot;: true\n    },\n    {\n        \&quot;programId\&quot;: 4701,\n        \&quot;programName\&quot;: \&quot;Adobe Reader\&quot;,\n        \&quot;programDescription\&quot;: \&quot;Testing edited\&quot;,\n        \&quot;online\&quot;: true\n    },\n    {\n        \&quot;programId\&quot;: 4702,\n        \&quot;programName\&quot;: \&quot;Csharp\&quot;,\n        \&quot;programDescription\&quot;: \&quot;Testing\&quot;,\n        \&quot;online\&quot;: true\n    },\n    {\n        \&quot;programId\&quot;: 4703,\n        \&quot;programName\&quot;: \&quot;Cypress\&quot;,\n        \&quot;programDescription\&quot;: \&quot;Testing edited\&quot;,\n        \&quot;online\&quot;: false\n    },\n    {\n        \&quot;programId\&quot;: 4704,\n        \&quot;programName\&quot;: \&quot;CoralDraw\&quot;,\n        \&quot;programDescription\&quot;: \&quot;Testing edited\&quot;,\n        \&quot;online\&quot;: true\n    },\n    {\n        \&quot;programId\&quot;: 4705,\n        \&quot;programName\&quot;: \&quot;Adobe Reader\&quot;,\n        \&quot;programDescription\&quot;: \&quot;Testing edited\&quot;,\n        \&quot;online\&quot;: true\n    },\n    {\n        \&quot;programId\&quot;: 4706,\n        \&quot;programName\&quot;: \&quot;Csharp\&quot;,\n        \&quot;programDescription\&quot;: \&quot;Testing\&quot;,\n        \&quot;online\&quot;: true\n    },\n    {\n        \&quot;programId\&quot;: 4707,\n        \&quot;programName\&quot;: \&quot;Cypress\&quot;,\n        \&quot;programDescription\&quot;: \&quot;Testing edited\&quot;,\n        \&quot;online\&quot;: false\n    },\n    {\n        \&quot;programId\&quot;: 4708,\n        \&quot;programName\&quot;: \&quot;CoralDraw\&quot;,\n        \&quot;programDescription\&quot;: \&quot;Testing edited\&quot;,\n        \&quot;online\&quot;: true\n    },\n    {\n        \&quot;programId\&quot;: 4709,\n        \&quot;programName\&quot;: \&quot;Adobe Reader\&quot;,\n        \&quot;programDescription\&quot;: \&quot;Testing edited\&quot;,\n        \&quot;online\&quot;: true\n    },\n    {\n        \&quot;programId\&quot;: 4710,\n        \&quot;programName\&quot;: \&quot;Csharp\&quot;,\n        \&quot;programDescription\&quot;: \&quot;Testing\&quot;,\n        \&quot;online\&quot;: true\n    },\n    {\n        \&quot;programId\&quot;: 4711,\n        \&quot;programName\&quot;: \&quot;Cypress\&quot;,\n        \&quot;programDescription\&quot;: \&quot;Testing edited\&quot;,\n        \&quot;online\&quot;: false\n    },\n    {\n        \&quot;programId\&quot;: 4712,\n        \&quot;programName\&quot;: \&quot;CoralDraw\&quot;,\n        \&quot;programDescription\&quot;: \&quot;Testing edited\&quot;,\n        \&quot;online\&quot;: true\n    },\n    {\n        \&quot;programId\&quot;: 4713,\n        \&quot;programName\&quot;: \&quot;Adobe Reader\&quot;,\n        \&quot;programDescription\&quot;: \&quot;Testing edited\&quot;,\n        \&quot;online\&quot;: true\n    },\n    {\n        \&quot;programId\&quot;: 4714,\n        \&quot;programName\&quot;: \&quot;Csharp\&quot;,\n        \&quot;programDescription\&quot;: \&quot;Testing\&quot;,\n        \&quot;online\&quot;: true\n    },\n    {\n        \&quot;programId\&quot;: 4715,\n        \&quot;programName\&quot;: \&quot;Cypress\&quot;,\n        \&quot;programDescription\&quot;: \&quot;Testing edited\&quot;,\n        \&quot;online\&quot;: false\n    },\n    {\n        \&quot;programId\&quot;: 4716,\n        \&quot;programName\&quot;: \&quot;CoralDraw\&quot;,\n        \&quot;programDescription\&quot;: \&quot;Testing edited\&quot;,\n        \&quot;online\&quot;: true\n    },\n    {\n        \&quot;programId\&quot;: 4717,\n        \&quot;programName\&quot;: \&quot;Adobe Reader\&quot;,\n        \&quot;programDescription\&quot;: \&quot;Testing edited\&quot;,\n        \&quot;online\&quot;: true\n    },\n    {\n        \&quot;programId\&quot;: 4718,\n        \&quot;programName\&quot;: \&quot;Selenium\&quot;,\n        \&quot;programDescription\&quot;: \&quot;Testing\&quot;,\n        \&quot;online\&quot;: true\n    },\n    {\n        \&quot;programId\&quot;: 4719,\n        \&quot;programName\&quot;: \&quot;Java\&quot;,\n        \&quot;programDescription\&quot;: \&quot;Testing\&quot;,\n        \&quot;online\&quot;: false\n    },\n    {\n        \&quot;programId\&quot;: 4720,\n        \&quot;programName\&quot;: \&quot;Csharp\&quot;,\n        \&quot;programDescription\&quot;: \&quot;Testing\&quot;,\n        \&quot;online\&quot;: true\n    },\n    {\n        \&quot;programId\&quot;: 4721,\n        \&quot;programName\&quot;: \&quot;Cypress\&quot;,\n        \&quot;programDescription\&quot;: \&quot;Testing edited\&quot;,\n        \&quot;online\&quot;: false\n    },\n    {\n        \&quot;programId\&quot;: 4722,\n        \&quot;programName\&quot;: \&quot;CoralDraw\&quot;,\n        \&quot;programDescription\&quot;: \&quot;Testing edited\&quot;,\n        \&quot;online\&quot;: true\n    },\n    {\n        \&quot;programId\&quot;: 4723,\n        \&quot;programName\&quot;: \&quot;Adobe Reader\&quot;,\n        \&quot;programDescription\&quot;: \&quot;Testing edited\&quot;,\n        \&quot;online\&quot;: true\n    },\n    {\n        \&quot;programId\&quot;: 4724,\n        \&quot;programName\&quot;: \&quot;Cucumber\&quot;,\n        \&quot;programDescription\&quot;: \&quot;Testing edited\&quot;,\n        \&quot;online\&quot;: true\n    },\n    {\n        \&quot;programId\&quot;: 4725,\n        \&quot;programName\&quot;: \&quot;batman\&quot;,\n        \&quot;programDescription\&quot;: \&quot;string\&quot;,\n        \&quot;online\&quot;: true\n    },\n    {\n        \&quot;programId\&quot;: 4726,\n        \&quot;programName\&quot;: \&quot;ironman\&quot;,\n        \&quot;programDescription\&quot;: \&quot;string\&quot;,\n        \&quot;online\&quot;: true\n    },\n    {\n        \&quot;programId\&quot;: 4727,\n        \&quot;programName\&quot;: \&quot;Selenium\&quot;,\n        \&quot;programDescription\&quot;: \&quot;Testing\&quot;,\n        \&quot;online\&quot;: true\n    },\n    {\n        \&quot;programId\&quot;: 4728,\n        \&quot;programName\&quot;: \&quot;Java\&quot;,\n        \&quot;programDescription\&quot;: \&quot;Testing\&quot;,\n        \&quot;online\&quot;: false\n    },\n    {\n        \&quot;programId\&quot;: 4729,\n        \&quot;programName\&quot;: \&quot;Csharp\&quot;,\n        \&quot;programDescription\&quot;: \&quot;Testing\&quot;,\n        \&quot;online\&quot;: true\n    },\n    {\n        \&quot;programId\&quot;: 4730,\n        \&quot;programName\&quot;: \&quot;Cypress\&quot;,\n        \&quot;programDescription\&quot;: \&quot;Testing edited\&quot;,\n        \&quot;online\&quot;: false\n    },\n    {\n        \&quot;programId\&quot;: 4731,\n        \&quot;programName\&quot;: \&quot;CoralDraw\&quot;,\n        \&quot;programDescription\&quot;: \&quot;Testing edited\&quot;,\n        \&quot;online\&quot;: true\n    },\n    {\n        \&quot;programId\&quot;: 4732,\n        \&quot;programName\&quot;: \&quot;Adobe Reader\&quot;,\n        \&quot;programDescription\&quot;: \&quot;Testing edited\&quot;,\n        \&quot;online\&quot;: true\n    },\n    {\n        \&quot;programId\&quot;: 4733,\n        \&quot;programName\&quot;: \&quot;Cucumber\&quot;,\n        \&quot;programDescription\&quot;: \&quot;Testing edited\&quot;,\n        \&quot;online\&quot;: true\n    },\n    {\n        \&quot;programId\&quot;: 4734,\n        \&quot;programName\&quot;: \&quot;batman\&quot;,\n        \&quot;programDescription\&quot;: \&quot;string\&quot;,\n        \&quot;online\&quot;: true\n    },\n    {\n        \&quot;programId\&quot;: 4735,\n        \&quot;programName\&quot;: \&quot;ironman\&quot;,\n        \&quot;programDescription\&quot;: \&quot;string\&quot;,\n        \&quot;online\&quot;: true\n    },\n    {\n        \&quot;programId\&quot;: 4736,\n        \&quot;programName\&quot;: \&quot;superman\&quot;,\n        \&quot;programDescription\&quot;: \&quot;string\&quot;,\n        \&quot;online\&quot;: false\n    },\n    {\n        \&quot;programId\&quot;: 4737,\n        \&quot;programName\&quot;: \&quot;Csharp\&quot;,\n        \&quot;programDescription\&quot;: \&quot;Testing\&quot;,\n        \&quot;online\&quot;: true\n    },\n    {\n        \&quot;programId\&quot;: 4738,\n        \&quot;programName\&quot;: \&quot;Cypress\&quot;,\n        \&quot;programDescription\&quot;: \&quot;Testing edited\&quot;,\n        \&quot;online\&quot;: false\n    },\n    {\n        \&quot;programId\&quot;: 4739,\n        \&quot;programName\&quot;: \&quot;CoralDraw\&quot;,\n        \&quot;programDescription\&quot;: \&quot;Testing edited\&quot;,\n        \&quot;online\&quot;: true\n    },\n    {\n        \&quot;programId\&quot;: 4740,\n        \&quot;programName\&quot;: \&quot;Adobe Reader\&quot;,\n        \&quot;programDescription\&quot;: \&quot;Testing edited\&quot;,\n        \&quot;online\&quot;: true\n    },\n    {\n        \&quot;programId\&quot;: 4741,\n        \&quot;programName\&quot;: \&quot;Csharp\&quot;,\n        \&quot;programDescription\&quot;: \&quot;Testing\&quot;,\n        \&quot;online\&quot;: true\n    },\n    {\n        \&quot;programId\&quot;: 4742,\n        \&quot;programName\&quot;: \&quot;Cypress\&quot;,\n        \&quot;programDescription\&quot;: \&quot;Testing edited\&quot;,\n        \&quot;online\&quot;: false\n    },\n    {\n        \&quot;programId\&quot;: 4743,\n        \&quot;programName\&quot;: \&quot;CoralDraw\&quot;,\n        \&quot;programDescription\&quot;: \&quot;Testing edited\&quot;,\n        \&quot;online\&quot;: true\n    },\n    {\n        \&quot;programId\&quot;: 4744,\n        \&quot;programName\&quot;: \&quot;Adobe Reader\&quot;,\n        \&quot;programDescription\&quot;: \&quot;Testing edited\&quot;,\n        \&quot;online\&quot;: true\n    },\n    {\n        \&quot;programId\&quot;: 4745,\n        \&quot;programName\&quot;: \&quot;Selenium\&quot;,\n        \&quot;programDescription\&quot;: \&quot;Testing\&quot;,\n        \&quot;online\&quot;: true\n    },\n    {\n        \&quot;programId\&quot;: 4746,\n        \&quot;programName\&quot;: \&quot;Java\&quot;,\n        \&quot;programDescription\&quot;: \&quot;Testing\&quot;,\n        \&quot;online\&quot;: false\n    },\n    {\n        \&quot;programId\&quot;: 4748,\n        \&quot;programName\&quot;: \&quot;Cypress\&quot;,\n        \&quot;programDescription\&quot;: \&quot;Testing edited\&quot;,\n        \&quot;online\&quot;: false\n    },\n    {\n        \&quot;programId\&quot;: 4749,\n        \&quot;programName\&quot;: \&quot;CoralDraw\&quot;,\n        \&quot;programDescription\&quot;: \&quot;Testing edited\&quot;,\n        \&quot;online\&quot;: true\n    },\n    {\n        \&quot;programId\&quot;: 4750,\n        \&quot;programName\&quot;: \&quot;Adobe Reader\&quot;,\n        \&quot;programDescription\&quot;: \&quot;Testing edited\&quot;,\n        \&quot;online\&quot;: true\n    },\n    {\n        \&quot;programId\&quot;: 4751,\n        \&quot;programName\&quot;: \&quot;Cucumber\&quot;,\n        \&quot;programDescription\&quot;: \&quot;Testing edited\&quot;,\n        \&quot;online\&quot;: true\n    },\n    {\n        \&quot;programId\&quot;: 4752,\n        \&quot;programName\&quot;: \&quot;Csharp\&quot;,\n        \&quot;programDescription\&quot;: \&quot;Testing\&quot;,\n        \&quot;online\&quot;: true\n    },\n    {\n        \&quot;programId\&quot;: 4753,\n        \&quot;programName\&quot;: \&quot;Cypress\&quot;,\n        \&quot;programDescription\&quot;: \&quot;Testing edited\&quot;,\n        \&quot;online\&quot;: false\n    },\n    {\n        \&quot;programId\&quot;: 4754,\n        \&quot;programName\&quot;: \&quot;CoralDraw\&quot;,\n        \&quot;programDescription\&quot;: \&quot;Testing edited\&quot;,\n        \&quot;online\&quot;: true\n    },\n    {\n        \&quot;programId\&quot;: 4755,\n        \&quot;programName\&quot;: \&quot;Adobe Reader\&quot;,\n        \&quot;programDescription\&quot;: \&quot;Testing edited\&quot;,\n        \&quot;online\&quot;: true\n    },\n    {\n        \&quot;programId\&quot;: 4756,\n        \&quot;programName\&quot;: \&quot;Csharp\&quot;,\n        \&quot;programDescription\&quot;: \&quot;Testing\&quot;,\n        \&quot;online\&quot;: true\n    },\n    {\n        \&quot;programId\&quot;: 4757,\n        \&quot;programName\&quot;: \&quot;Cypress\&quot;,\n        \&quot;programDescription\&quot;: \&quot;Testing edited\&quot;,\n        \&quot;online\&quot;: false\n    },\n    {\n        \&quot;programId\&quot;: 4758,\n        \&quot;programName\&quot;: \&quot;CoralDraw\&quot;,\n        \&quot;programDescription\&quot;: \&quot;Testing edited\&quot;,\n        \&quot;online\&quot;: true\n    },\n    {\n        \&quot;programId\&quot;: 4759,\n        \&quot;programName\&quot;: \&quot;Adobe Reader\&quot;,\n        \&quot;programDescription\&quot;: \&quot;Testing edited\&quot;,\n        \&quot;online\&quot;: true\n    },\n    {\n        \&quot;programId\&quot;: 4760,\n        \&quot;programName\&quot;: \&quot;batman\&quot;,\n        \&quot;programDescription\&quot;: \&quot;string\&quot;,\n        \&quot;online\&quot;: true\n    },\n    {\n        \&quot;programId\&quot;: 4761,\n        \&quot;programName\&quot;: \&quot;ironman\&quot;,\n        \&quot;programDescription\&quot;: \&quot;string\&quot;,\n        \&quot;online\&quot;: true\n    },\n    {\n        \&quot;programId\&quot;: 4762,\n        \&quot;programName\&quot;: \&quot;batman\&quot;,\n        \&quot;programDescription\&quot;: \&quot;string\&quot;,\n        \&quot;online\&quot;: true\n    },\n    {\n        \&quot;programId\&quot;: 4763,\n        \&quot;programName\&quot;: \&quot;ironman\&quot;,\n        \&quot;programDescription\&quot;: \&quot;string\&quot;,\n        \&quot;online\&quot;: true\n    },\n    {\n        \&quot;programId\&quot;: 4764,\n        \&quot;programName\&quot;: \&quot;Developer\&quot;,\n        \&quot;programDescription\&quot;: \&quot;dd\&quot;,\n        \&quot;online\&quot;: true\n    },\n    {\n        \&quot;programId\&quot;: 4766,\n        \&quot;programName\&quot;: \&quot;ironman\&quot;,\n        \&quot;programDescription\&quot;: \&quot;string\&quot;,\n        \&quot;online\&quot;: true\n    },\n    {\n        \&quot;programId\&quot;: 4767,\n        \&quot;programName\&quot;: \&quot;Csharp\&quot;,\n        \&quot;programDescription\&quot;: \&quot;Testing\&quot;,\n        \&quot;online\&quot;: true\n    },\n    {\n        \&quot;programId\&quot;: 4768,\n        \&quot;programName\&quot;: \&quot;Cypress\&quot;,\n        \&quot;programDescription\&quot;: \&quot;Testing edited\&quot;,\n        \&quot;online\&quot;: false\n    },\n    {\n        \&quot;programId\&quot;: 4769,\n        \&quot;programName\&quot;: \&quot;CoralDraw\&quot;,\n        \&quot;programDescription\&quot;: \&quot;Testing edited\&quot;,\n        \&quot;online\&quot;: true\n    },\n    {\n        \&quot;programId\&quot;: 4770,\n        \&quot;programName\&quot;: \&quot;Adobe Reader\&quot;,\n        \&quot;programDescription\&quot;: \&quot;Testing edited\&quot;,\n        \&quot;online\&quot;: true\n    },\n    {\n        \&quot;programId\&quot;: 4771,\n        \&quot;programName\&quot;: \&quot;Developer\&quot;,\n        \&quot;programDescription\&quot;: \&quot;dd\&quot;,\n        \&quot;online\&quot;: false\n    },\n    {\n        \&quot;programId\&quot;: 4772,\n        \&quot;programName\&quot;: \&quot;Developer\&quot;,\n        \&quot;programDescription\&quot;: \&quot;dd\&quot;,\n        \&quot;online\&quot;: true\n    },\n    {\n        \&quot;programId\&quot;: 4773,\n        \&quot;programName\&quot;: \&quot;batman\&quot;,\n        \&quot;programDescription\&quot;: \&quot;string\&quot;,\n        \&quot;online\&quot;: true\n    },\n    {\n        \&quot;programId\&quot;: 4774,\n        \&quot;programName\&quot;: \&quot;ironman\&quot;,\n        \&quot;programDescription\&quot;: \&quot;string\&quot;,\n        \&quot;online\&quot;: true\n    },\n    {\n        \&quot;programId\&quot;: 4775,\n        \&quot;programName\&quot;: \&quot;batman\&quot;,\n        \&quot;programDescription\&quot;: \&quot;string\&quot;,\n        \&quot;online\&quot;: true\n    },\n    {\n        \&quot;programId\&quot;: 4776,\n        \&quot;programName\&quot;: \&quot;ironman\&quot;,\n        \&quot;programDescription\&quot;: \&quot;string\&quot;,\n        \&quot;online\&quot;: true\n    },\n    {\n        \&quot;programId\&quot;: 4777,\n        \&quot;programName\&quot;: \&quot;Csharp\&quot;,\n        \&quot;programDescription\&quot;: \&quot;Testing\&quot;,\n        \&quot;online\&quot;: true\n    },\n    {\n        \&quot;programId\&quot;: 4778,\n        \&quot;programName\&quot;: \&quot;Cypress\&quot;,\n        \&quot;programDescription\&quot;: \&quot;Testing edited\&quot;,\n        \&quot;online\&quot;: false\n    },\n    {\n        \&quot;programId\&quot;: 4779,\n        \&quot;programName\&quot;: \&quot;CoralDraw\&quot;,\n        \&quot;programDescription\&quot;: \&quot;Testing edited\&quot;,\n        \&quot;online\&quot;: true\n    },\n    {\n        \&quot;programId\&quot;: 4780,\n        \&quot;programName\&quot;: \&quot;Adobe Reader\&quot;,\n        \&quot;programDescription\&quot;: \&quot;Testing edited\&quot;,\n        \&quot;online\&quot;: true\n    },\n    {\n        \&quot;programId\&quot;: 4781,\n        \&quot;programName\&quot;: \&quot;Selenium Modified\&quot;,\n        \&quot;programDescription\&quot;: \&quot;Testing Modified\&quot;,\n        \&quot;online\&quot;: true\n    },\n    {\n        \&quot;programId\&quot;: 4782,\n        \&quot;programName\&quot;: \&quot;Java Modified\&quot;,\n        \&quot;programDescription\&quot;: \&quot;Testing Modified\&quot;,\n        \&quot;online\&quot;: false\n    },\n    {\n        \&quot;programId\&quot;: 4783,\n        \&quot;programName\&quot;: \&quot;Csharp\&quot;,\n        \&quot;programDescription\&quot;: \&quot;Testing\&quot;,\n        \&quot;online\&quot;: true\n    },\n    {\n        \&quot;programId\&quot;: 4784,\n        \&quot;programName\&quot;: \&quot;Csharp Modified\&quot;,\n        \&quot;programDescription\&quot;: \&quot;Testing Modified\&quot;,\n        \&quot;online\&quot;: true\n    },\n    {\n        \&quot;programId\&quot;: 4785,\n        \&quot;programName\&quot;: \&quot;Cypress\&quot;,\n        \&quot;programDescription\&quot;: \&quot;Testing edited\&quot;,\n        \&quot;online\&quot;: false\n    },\n    {\n        \&quot;programId\&quot;: 4786,\n        \&quot;programName\&quot;: \&quot;Cypress Modified\&quot;,\n        \&quot;programDescription\&quot;: \&quot;Testing edited Modified\&quot;,\n        \&quot;online\&quot;: false\n    },\n    {\n        \&quot;programId\&quot;: 4787,\n        \&quot;programName\&quot;: \&quot;CoralDraw\&quot;,\n        \&quot;programDescription\&quot;: \&quot;Testing edited\&quot;,\n        \&quot;online\&quot;: true\n    },\n    {\n        \&quot;programId\&quot;: 4788,\n        \&quot;programName\&quot;: \&quot;CoralDraw Modified\&quot;,\n        \&quot;programDescription\&quot;: \&quot;Testing edited Modified\&quot;,\n        \&quot;online\&quot;: true\n    },\n    {\n        \&quot;programId\&quot;: 4789,\n        \&quot;programName\&quot;: \&quot;Adobe Reader\&quot;,\n        \&quot;programDescription\&quot;: \&quot;Testing edited\&quot;,\n        \&quot;online\&quot;: true\n    },\n    {\n        \&quot;programId\&quot;: 4790,\n        \&quot;programName\&quot;: \&quot;Adobe Reader Modified\&quot;,\n        \&quot;programDescription\&quot;: \&quot;Testing edited Modified\&quot;,\n        \&quot;online\&quot;: true\n    },\n    {\n        \&quot;programId\&quot;: 4791,\n        \&quot;programName\&quot;: \&quot;Cucumber Modified\&quot;,\n        \&quot;programDescription\&quot;: \&quot;Testing edited Modified\&quot;,\n        \&quot;online\&quot;: true\n    },\n    {\n        \&quot;programId\&quot;: 4792,\n        \&quot;programName\&quot;: \&quot;Csharp\&quot;,\n        \&quot;programDescription\&quot;: \&quot;Testing\&quot;,\n        \&quot;online\&quot;: true\n    },\n    {\n        \&quot;programId\&quot;: 4793,\n        \&quot;programName\&quot;: \&quot;Cypress\&quot;,\n        \&quot;programDescription\&quot;: \&quot;Testing edited\&quot;,\n        \&quot;online\&quot;: false\n    },\n    {\n        \&quot;programId\&quot;: 4794,\n        \&quot;programName\&quot;: \&quot;CoralDraw\&quot;,\n        \&quot;programDescription\&quot;: \&quot;Testing edited\&quot;,\n        \&quot;online\&quot;: true\n    },\n    {\n        \&quot;programId\&quot;: 4795,\n        \&quot;programName\&quot;: \&quot;Adobe Reader\&quot;,\n        \&quot;programDescription\&quot;: \&quot;Testing edited\&quot;,\n        \&quot;online\&quot;: true\n    },\n    {\n        \&quot;programId\&quot;: 4796,\n        \&quot;programName\&quot;: \&quot;nonexisting program id\&quot;,\n        \&quot;programDescription\&quot;: \&quot;nonexisting program id\&quot;,\n        \&quot;online\&quot;: true\n    },\n    {\n        \&quot;programId\&quot;: 4797,\n        \&quot;programName\&quot;: \&quot;Csharp\&quot;,\n        \&quot;programDescription\&quot;: \&quot;Testing\&quot;,\n        \&quot;online\&quot;: true\n    },\n    {\n        \&quot;programId\&quot;: 4798,\n        \&quot;programName\&quot;: \&quot;Cypress\&quot;,\n        \&quot;programDescription\&quot;: \&quot;Testing edited\&quot;,\n        \&quot;online\&quot;: false\n    },\n    {\n        \&quot;programId\&quot;: 4799,\n        \&quot;programName\&quot;: \&quot;CoralDraw\&quot;,\n        \&quot;programDescription\&quot;: \&quot;Testing edited\&quot;,\n        \&quot;online\&quot;: true\n    },\n    {\n        \&quot;programId\&quot;: 4800,\n        \&quot;programName\&quot;: \&quot;Adobe Reader\&quot;,\n        \&quot;programDescription\&quot;: \&quot;Testing edited\&quot;,\n        \&quot;online\&quot;: true\n    },\n    {\n        \&quot;programId\&quot;: 4801,\n        \&quot;programName\&quot;: \&quot;nonexisting program id\&quot;,\n        \&quot;programDescription\&quot;: \&quot;nonexisting program id\&quot;,\n        \&quot;online\&quot;: true\n    },\n    {\n        \&quot;programId\&quot;: 4802,\n        \&quot;programName\&quot;: \&quot;Selenium Modified\&quot;,\n        \&quot;programDescription\&quot;: \&quot;Testing Modified\&quot;,\n        \&quot;online\&quot;: true\n    },\n    {\n        \&quot;programId\&quot;: 4803,\n        \&quot;programName\&quot;: \&quot;Java Modified\&quot;,\n        \&quot;programDescription\&quot;: \&quot;Testing Modified\&quot;,\n        \&quot;online\&quot;: false\n    },\n    {\n        \&quot;programId\&quot;: 4804,\n        \&quot;programName\&quot;: \&quot;Csharp\&quot;,\n        \&quot;programDescription\&quot;: \&quot;Testing\&quot;,\n        \&quot;online\&quot;: true\n    },\n    {\n        \&quot;programId\&quot;: 4805,\n        \&quot;programName\&quot;: \&quot;Csharp Modified\&quot;,\n        \&quot;programDescription\&quot;: \&quot;Testing Modified\&quot;,\n        \&quot;online\&quot;: true\n    },\n    {\n        \&quot;programId\&quot;: 4806,\n        \&quot;programName\&quot;: \&quot;Cypress\&quot;,\n        \&quot;programDescription\&quot;: \&quot;Testing edited\&quot;,\n        \&quot;online\&quot;: false\n    },\n    {\n        \&quot;programId\&quot;: 4807,\n        \&quot;programName\&quot;: \&quot;Cypress Modified\&quot;,\n        \&quot;programDescription\&quot;: \&quot;Testing edited Modified\&quot;,\n        \&quot;online\&quot;: false\n    },\n    {\n        \&quot;programId\&quot;: 4808,\n        \&quot;programName\&quot;: \&quot;CoralDraw\&quot;,\n        \&quot;programDescription\&quot;: \&quot;Testing edited\&quot;,\n        \&quot;online\&quot;: true\n    },\n    {\n        \&quot;programId\&quot;: 4809,\n        \&quot;programName\&quot;: \&quot;CoralDraw Modified\&quot;,\n        \&quot;programDescription\&quot;: \&quot;Testing edited Modified\&quot;,\n        \&quot;online\&quot;: true\n    },\n    {\n        \&quot;programId\&quot;: 4810,\n        \&quot;programName\&quot;: \&quot;Adobe Reader\&quot;,\n        \&quot;programDescription\&quot;: \&quot;Testing edited\&quot;,\n        \&quot;online\&quot;: true\n    },\n    {\n        \&quot;programId\&quot;: 4811,\n        \&quot;programName\&quot;: \&quot;Adobe Reader Modified\&quot;,\n        \&quot;programDescription\&quot;: \&quot;Testing edited Modified\&quot;,\n        \&quot;online\&quot;: true\n    },\n    {\n        \&quot;programId\&quot;: 4812,\n        \&quot;programName\&quot;: \&quot;Cucumber Modified\&quot;,\n        \&quot;programDescription\&quot;: \&quot;Testing edited Modified\&quot;,\n        \&quot;online\&quot;: true\n    },\n    {\n        \&quot;programId\&quot;: 4813,\n        \&quot;programName\&quot;: \&quot;Csharp\&quot;,\n        \&quot;programDescription\&quot;: \&quot;Testing\&quot;,\n        \&quot;online\&quot;: true\n    },\n    {\n        \&quot;programId\&quot;: 4814,\n        \&quot;programName\&quot;: \&quot;Cypress\&quot;,\n        \&quot;programDescription\&quot;: \&quot;Testing edited\&quot;,\n        \&quot;online\&quot;: false\n    },\n    {\n        \&quot;programId\&quot;: 4815,\n        \&quot;programName\&quot;: \&quot;CoralDraw\&quot;,\n        \&quot;programDescription\&quot;: \&quot;Testing edited\&quot;,\n        \&quot;online\&quot;: true\n    },\n    {\n        \&quot;programId\&quot;: 4816,\n        \&quot;programName\&quot;: \&quot;Adobe Reader\&quot;,\n        \&quot;programDescription\&quot;: \&quot;Testing edited\&quot;,\n        \&quot;online\&quot;: true\n    },\n    {\n        \&quot;programId\&quot;: 4817,\n        \&quot;programName\&quot;: \&quot;Csharp\&quot;,\n        \&quot;programDescription\&quot;: \&quot;Testing\&quot;,\n        \&quot;online\&quot;: true\n    },\n    {\n        \&quot;programId\&quot;: 4818,\n        \&quot;programName\&quot;: \&quot;Csharp Modified\&quot;,\n        \&quot;programDescription\&quot;: \&quot;Testing Modified\&quot;,\n        \&quot;online\&quot;: true\n    },\n    {\n        \&quot;programId\&quot;: 4819,\n        \&quot;programName\&quot;: \&quot;Cypress\&quot;,\n        \&quot;programDescription\&quot;: \&quot;Testing edited\&quot;,\n        \&quot;online\&quot;: false\n    },\n    {\n        \&quot;programId\&quot;: 4820,\n        \&quot;programName\&quot;: \&quot;Cypress Modified\&quot;,\n        \&quot;programDescription\&quot;: \&quot;Testing edited Modified\&quot;,\n        \&quot;online\&quot;: false\n    },\n    {\n        \&quot;programId\&quot;: 4821,\n        \&quot;programName\&quot;: \&quot;CoralDraw\&quot;,\n        \&quot;programDescription\&quot;: \&quot;Testing edited\&quot;,\n        \&quot;online\&quot;: true\n    },\n    {\n        \&quot;programId\&quot;: 4822,\n        \&quot;programName\&quot;: \&quot;CoralDraw Modified\&quot;,\n        \&quot;programDescription\&quot;: \&quot;Testing edited Modified\&quot;,\n        \&quot;online\&quot;: true\n    },\n    {\n        \&quot;programId\&quot;: 4823,\n        \&quot;programName\&quot;: \&quot;Adobe Reader\&quot;,\n        \&quot;programDescription\&quot;: \&quot;Testing edited\&quot;,\n        \&quot;online\&quot;: true\n    },\n    {\n        \&quot;programId\&quot;: 4824,\n        \&quot;programName\&quot;: \&quot;Adobe Reader Modified\&quot;,\n        \&quot;programDescription\&quot;: \&quot;Testing edited Modified\&quot;,\n        \&quot;online\&quot;: true\n    },\n    {\n        \&quot;programId\&quot;: 4825,\n        \&quot;programName\&quot;: \&quot;Java\&quot;,\n        \&quot;programDescription\&quot;: \&quot;Testing\&quot;,\n        \&quot;online\&quot;: false\n    },\n    {\n        \&quot;programId\&quot;: 4826,\n        \&quot;programName\&quot;: \&quot;Csharp\&quot;,\n        \&quot;programDescription\&quot;: \&quot;Testing\&quot;,\n        \&quot;online\&quot;: true\n    },\n    {\n        \&quot;programId\&quot;: 4827,\n        \&quot;programName\&quot;: \&quot;Cypress\&quot;,\n        \&quot;programDescription\&quot;: \&quot;Testing edited\&quot;,\n        \&quot;online\&quot;: false\n    },\n    {\n        \&quot;programId\&quot;: 4828,\n        \&quot;programName\&quot;: \&quot;CoralDraw\&quot;,\n        \&quot;programDescription\&quot;: \&quot;Testing edited\&quot;,\n        \&quot;online\&quot;: true\n    },\n    {\n        \&quot;programId\&quot;: 4829,\n        \&quot;programName\&quot;: \&quot;Adobe Reader\&quot;,\n        \&quot;programDescription\&quot;: \&quot;Testing edited\&quot;,\n        \&quot;online\&quot;: true\n    },\n    {\n        \&quot;programId\&quot;: 4835,\n        \&quot;programName\&quot;: \&quot;Java\&quot;,\n        \&quot;programDescription\&quot;: \&quot;Testing\&quot;,\n        \&quot;online\&quot;: false\n    },\n    {\n        \&quot;programId\&quot;: 4836,\n        \&quot;programName\&quot;: \&quot;Java Modified\&quot;,\n        \&quot;programDescription\&quot;: \&quot;Testing Modified\&quot;,\n        \&quot;online\&quot;: false\n    },\n    {\n        \&quot;programId\&quot;: 4837,\n        \&quot;programName\&quot;: \&quot;Csharp\&quot;,\n        \&quot;programDescription\&quot;: \&quot;Testing\&quot;,\n        \&quot;online\&quot;: true\n    },\n    {\n        \&quot;programId\&quot;: 4838,\n        \&quot;programName\&quot;: \&quot;Csharp Modified\&quot;,\n        \&quot;programDescription\&quot;: \&quot;Testing Modified\&quot;,\n        \&quot;online\&quot;: true\n    },\n    {\n        \&quot;programId\&quot;: 4839,\n        \&quot;programName\&quot;: \&quot;Cypress\&quot;,\n        \&quot;programDescription\&quot;: \&quot;Testing edited\&quot;,\n        \&quot;online\&quot;: false\n    },\n    {\n        \&quot;programId\&quot;: 4840,\n        \&quot;programName\&quot;: \&quot;Cypress Modified\&quot;,\n        \&quot;programDescription\&quot;: \&quot;Testing edited Modified\&quot;,\n        \&quot;online\&quot;: false\n    },\n    {\n        \&quot;programId\&quot;: 4841,\n        \&quot;programName\&quot;: \&quot;CoralDraw\&quot;,\n        \&quot;programDescription\&quot;: \&quot;Testing edited\&quot;,\n        \&quot;online\&quot;: true\n    },\n    {\n        \&quot;programId\&quot;: 4842,\n        \&quot;programName\&quot;: \&quot;CoralDraw Modified\&quot;,\n        \&quot;programDescription\&quot;: \&quot;Testing edited Modified\&quot;,\n        \&quot;online\&quot;: true\n    },\n    {\n        \&quot;programId\&quot;: 4843,\n        \&quot;programName\&quot;: \&quot;Adobe Reader\&quot;,\n        \&quot;programDescription\&quot;: \&quot;Testing edited\&quot;,\n        \&quot;online\&quot;: true\n    },\n    {\n        \&quot;programId\&quot;: 4844,\n        \&quot;programName\&quot;: \&quot;Adobe Reader Modified\&quot;,\n        \&quot;programDescription\&quot;: \&quot;Testing edited Modified\&quot;,\n        \&quot;online\&quot;: true\n    },\n    {\n        \&quot;programId\&quot;: 4845,\n        \&quot;programName\&quot;: \&quot;Science learning\&quot;,\n        \&quot;programDescription\&quot;: \&quot;learn Math\&quot;,\n        \&quot;online\&quot;: false\n    },\n    {\n        \&quot;programId\&quot;: 4846,\n        \&quot;programName\&quot;: \&quot;Science learning\&quot;,\n        \&quot;programDescription\&quot;: \&quot;learn Math\&quot;,\n        \&quot;online\&quot;: false\n    },\n    {\n        \&quot;programId\&quot;: 4911,\n        \&quot;programName\&quot;: \&quot;SDET1\&quot;,\n        \&quot;programDescription\&quot;: \&quot;TestNG\&quot;,\n        \&quot;online\&quot;: true\n    },\n    {\n        \&quot;programId\&quot;: 4912,\n        \&quot;programName\&quot;: \&quot;SDET1\&quot;,\n        \&quot;programDescription\&quot;: \&quot;TestNG\&quot;,\n        \&quot;online\&quot;: true\n    },\n    {\n        \&quot;programId\&quot;: 4913,\n        \&quot;programName\&quot;: \&quot;Testing\&quot;,\n        \&quot;programDescription\&quot;: \&quot;Testing\&quot;,\n        \&quot;online\&quot;: true\n    },\n    {\n        \&quot;programId\&quot;: 4850,\n        \&quot;programName\&quot;: \&quot;SME\&quot;,\n        \&quot;programDescription\&quot;: \&quot;HealthCare\&quot;,\n        \&quot;online\&quot;: false\n    },\n    {\n        \&quot;programId\&quot;: 4851,\n        \&quot;programName\&quot;: \&quot;Scrum Master\&quot;,\n        \&quot;programDescription\&quot;: \&quot;Agile\&quot;,\n        \&quot;online\&quot;: false\n    },\n    {\n        \&quot;programId\&quot;: 4852,\n        \&quot;programName\&quot;: \&quot;Backend Developer\&quot;,\n        \&quot;programDescription\&quot;: \&quot;Sql Developer\&quot;,\n        \&quot;online\&quot;: false\n    },\n    {\n        \&quot;programId\&quot;: 4853,\n        \&quot;programName\&quot;: \&quot;SME\&quot;,\n        \&quot;programDescription\&quot;: \&quot;HealthCare\&quot;,\n        \&quot;online\&quot;: false\n    },\n    {\n        \&quot;programId\&quot;: 4854,\n        \&quot;programName\&quot;: \&quot;Scrum Master\&quot;,\n        \&quot;programDescription\&quot;: \&quot;Agile\&quot;,\n        \&quot;online\&quot;: false\n    },\n    {\n        \&quot;programId\&quot;: 4855,\n        \&quot;programName\&quot;: \&quot;Backend Developer\&quot;,\n        \&quot;programDescription\&quot;: \&quot;Sql Developer\&quot;,\n        \&quot;online\&quot;: false\n    },\n    {\n        \&quot;programId\&quot;: 4856,\n        \&quot;programName\&quot;: \&quot;SME\&quot;,\n        \&quot;programDescription\&quot;: \&quot;HealthCare\&quot;,\n        \&quot;online\&quot;: false\n    },\n    {\n        \&quot;programId\&quot;: 4857,\n        \&quot;programName\&quot;: \&quot;Scrum Master\&quot;,\n        \&quot;programDescription\&quot;: \&quot;Agile\&quot;,\n        \&quot;online\&quot;: false\n    },\n    {\n        \&quot;programId\&quot;: 4858,\n        \&quot;programName\&quot;: \&quot;Backend Developer\&quot;,\n        \&quot;programDescription\&quot;: \&quot;Sql Developer\&quot;,\n        \&quot;online\&quot;: false\n    },\n    {\n        \&quot;programId\&quot;: 4859,\n        \&quot;programName\&quot;: \&quot;Pre k\&quot;,\n        \&quot;programDescription\&quot;: \&quot;age five\&quot;,\n        \&quot;online\&quot;: false\n    },\n    {\n        \&quot;programId\&quot;: 4860,\n        \&quot;programName\&quot;: \&quot;Pre k\&quot;,\n        \&quot;programDescription\&quot;: \&quot;age five\&quot;,\n        \&quot;online\&quot;: false\n    },\n    {\n        \&quot;programId\&quot;: 4861,\n        \&quot;programName\&quot;: \&quot;Pre k\&quot;,\n        \&quot;programDescription\&quot;: \&quot;age five\&quot;,\n        \&quot;online\&quot;: false\n    },\n    {\n        \&quot;programId\&quot;: 4862,\n        \&quot;programName\&quot;: \&quot;Pre k\&quot;,\n        \&quot;programDescription\&quot;: \&quot;age five\&quot;,\n        \&quot;online\&quot;: false\n    },\n    {\n        \&quot;programId\&quot;: 4863,\n        \&quot;programName\&quot;: \&quot;SCIENCE4\&quot;,\n        \&quot;programDescription\&quot;: \&quot;Business Mgmt\&quot;,\n        \&quot;online\&quot;: true\n    },\n    {\n        \&quot;programId\&quot;: 4864,\n        \&quot;programName\&quot;: \&quot;Prog7\&quot;,\n        \&quot;programDescription\&quot;: \&quot;Class7\&quot;,\n        \&quot;online\&quot;: true\n    },\n    {\n        \&quot;programId\&quot;: 4865,\n        \&quot;programName\&quot;: \&quot;SCIENCE4\&quot;,\n        \&quot;programDescription\&quot;: \&quot;Business Mgmt\&quot;,\n        \&quot;online\&quot;: true\n    },\n    {\n        \&quot;programId\&quot;: 4866,\n        \&quot;programName\&quot;: \&quot;Prog7\&quot;,\n        \&quot;programDescription\&quot;: \&quot;Class7\&quot;,\n        \&quot;online\&quot;: true\n    },\n    {\n        \&quot;programId\&quot;: 4867,\n        \&quot;programName\&quot;: \&quot;SCIENCE4\&quot;,\n        \&quot;programDescription\&quot;: \&quot;Business Mgmt\&quot;,\n        \&quot;online\&quot;: true\n    },\n    {\n        \&quot;programId\&quot;: 4868,\n        \&quot;programName\&quot;: \&quot;Prog7\&quot;,\n        \&quot;programDescription\&quot;: \&quot;Class7\&quot;,\n        \&quot;online\&quot;: true\n    },\n    {\n        \&quot;programId\&quot;: 4869,\n        \&quot;programName\&quot;: \&quot;SCIENCE4\&quot;,\n        \&quot;programDescription\&quot;: \&quot;Business Mgmt\&quot;,\n        \&quot;online\&quot;: true\n    },\n    {\n        \&quot;programId\&quot;: 4870,\n        \&quot;programName\&quot;: \&quot;Prog7\&quot;,\n        \&quot;programDescription\&quot;: \&quot;Class7\&quot;,\n        \&quot;online\&quot;: true\n    },\n    {\n        \&quot;programId\&quot;: 4871,\n        \&quot;programName\&quot;: \&quot;SCIENCE4\&quot;,\n        \&quot;programDescription\&quot;: \&quot;Business Mgmt\&quot;,\n        \&quot;online\&quot;: true\n    },\n    {\n        \&quot;programId\&quot;: 4872,\n        \&quot;programName\&quot;: \&quot;Prog7\&quot;,\n        \&quot;programDescription\&quot;: \&quot;Class7\&quot;,\n        \&quot;online\&quot;: true\n    },\n    {\n        \&quot;programId\&quot;: 4873,\n        \&quot;programName\&quot;: \&quot;SCIENCE4\&quot;,\n        \&quot;programDescription\&quot;: \&quot;Business Mgmt\&quot;,\n        \&quot;online\&quot;: true\n    },\n    {\n        \&quot;programId\&quot;: 4874,\n        \&quot;programName\&quot;: \&quot;Prog7\&quot;,\n        \&quot;programDescription\&quot;: \&quot;Class7\&quot;,\n        \&quot;online\&quot;: true\n    },\n    {\n        \&quot;programId\&quot;: 4875,\n        \&quot;programName\&quot;: \&quot;SCIENCE4\&quot;,\n        \&quot;programDescription\&quot;: \&quot;Business Mgmt\&quot;,\n        \&quot;online\&quot;: true\n    },\n    {\n        \&quot;programId\&quot;: 4876,\n        \&quot;programName\&quot;: \&quot;Prog7\&quot;,\n        \&quot;programDescription\&quot;: \&quot;Class7\&quot;,\n        \&quot;online\&quot;: true\n    },\n    {\n        \&quot;programId\&quot;: 4877,\n        \&quot;programName\&quot;: \&quot;SCIENCE4\&quot;,\n        \&quot;programDescription\&quot;: \&quot;Business Mgmt\&quot;,\n        \&quot;online\&quot;: true\n    },\n    {\n        \&quot;programId\&quot;: 4878,\n        \&quot;programName\&quot;: \&quot;Pre k\&quot;,\n        \&quot;programDescription\&quot;: \&quot;age five\&quot;,\n        \&quot;online\&quot;: false\n    },\n    {\n        \&quot;programId\&quot;: 4879,\n        \&quot;programName\&quot;: \&quot;Pre k\&quot;,\n        \&quot;programDescription\&quot;: \&quot;age five\&quot;,\n        \&quot;online\&quot;: false\n    },\n    {\n        \&quot;programId\&quot;: 4914,\n        \&quot;programName\&quot;: \&quot;java\&quot;,\n        \&quot;programDescription\&quot;: \&quot;java Program\&quot;,\n        \&quot;online\&quot;: true\n    },\n    {\n        \&quot;programId\&quot;: 4915,\n        \&quot;programName\&quot;: \&quot;SDET1\&quot;,\n        \&quot;programDescription\&quot;: \&quot;TestNG\&quot;,\n        \&quot;online\&quot;: true\n    },\n    {\n        \&quot;programId\&quot;: 4882,\n        \&quot;programName\&quot;: \&quot;Java\&quot;,\n        \&quot;programDescription\&quot;: \&quot;Testing\&quot;,\n        \&quot;online\&quot;: false\n    },\n    {\n        \&quot;programId\&quot;: 4883,\n        \&quot;programName\&quot;: \&quot;Csharp\&quot;,\n        \&quot;programDescription\&quot;: \&quot;Testing\&quot;,\n        \&quot;online\&quot;: true\n    },\n    {\n        \&quot;programId\&quot;: 4884,\n        \&quot;programName\&quot;: \&quot;Cypress\&quot;,\n        \&quot;programDescription\&quot;: \&quot;Testing edited\&quot;,\n        \&quot;online\&quot;: false\n    },\n    {\n        \&quot;programId\&quot;: 4885,\n        \&quot;programName\&quot;: \&quot;CoralDraw\&quot;,\n        \&quot;programDescription\&quot;: \&quot;Testing edited\&quot;,\n        \&quot;online\&quot;: true\n    },\n    {\n        \&quot;programId\&quot;: 4886,\n        \&quot;programName\&quot;: \&quot;Adobe Reader\&quot;,\n        \&quot;programDescription\&quot;: \&quot;Testing edited\&quot;,\n        \&quot;online\&quot;: true\n    },\n    {\n        \&quot;programId\&quot;: 4892,\n        \&quot;programName\&quot;: \&quot;Java\&quot;,\n        \&quot;programDescription\&quot;: \&quot;Testing\&quot;,\n        \&quot;online\&quot;: false\n    },\n    {\n        \&quot;programId\&quot;: 4893,\n        \&quot;programName\&quot;: \&quot;Csharp\&quot;,\n        \&quot;programDescription\&quot;: \&quot;Testing\&quot;,\n        \&quot;online\&quot;: true\n    },\n    {\n        \&quot;programId\&quot;: 4894,\n        \&quot;programName\&quot;: \&quot;Cypress\&quot;,\n        \&quot;programDescription\&quot;: \&quot;Testing edited\&quot;,\n        \&quot;online\&quot;: false\n    },\n    {\n        \&quot;programId\&quot;: 4895,\n        \&quot;programName\&quot;: \&quot;CoralDraw\&quot;,\n        \&quot;programDescription\&quot;: \&quot;Testing edited\&quot;,\n        \&quot;online\&quot;: true\n    },\n    {\n        \&quot;programId\&quot;: 4896,\n        \&quot;programName\&quot;: \&quot;Adobe Reader\&quot;,\n        \&quot;programDescription\&quot;: \&quot;Testing edited\&quot;,\n        \&quot;online\&quot;: true\n    },\n    {\n        \&quot;programId\&quot;: 4897,\n        \&quot;programName\&quot;: \&quot;Java\&quot;,\n        \&quot;programDescription\&quot;: \&quot;Testing\&quot;,\n        \&quot;online\&quot;: false\n    },\n    {\n        \&quot;programId\&quot;: 4898,\n        \&quot;programName\&quot;: \&quot;Csharp\&quot;,\n        \&quot;programDescription\&quot;: \&quot;Testing\&quot;,\n        \&quot;online\&quot;: true\n    },\n    {\n        \&quot;programId\&quot;: 4899,\n        \&quot;programName\&quot;: \&quot;Cypress\&quot;,\n        \&quot;programDescription\&quot;: \&quot;Testing edited\&quot;,\n        \&quot;online\&quot;: false\n    },\n    {\n        \&quot;programId\&quot;: 4900,\n        \&quot;programName\&quot;: \&quot;CoralDraw\&quot;,\n        \&quot;programDescription\&quot;: \&quot;Testing edited\&quot;,\n        \&quot;online\&quot;: true\n    },\n    {\n        \&quot;programId\&quot;: 4901,\n        \&quot;programName\&quot;: \&quot;Adobe Reader\&quot;,\n        \&quot;programDescription\&quot;: \&quot;Testing edited\&quot;,\n        \&quot;online\&quot;: true\n    },\n    {\n        \&quot;programId\&quot;: 4902,\n        \&quot;programName\&quot;: \&quot;Pre K\&quot;,\n        \&quot;programDescription\&quot;: \&quot;Age 5\&quot;,\n        \&quot;online\&quot;: true\n    },\n    {\n        \&quot;programId\&quot;: 4903,\n        \&quot;programName\&quot;: \&quot;Pre K\&quot;,\n        \&quot;programDescription\&quot;: \&quot;Age 5\&quot;,\n        \&quot;online\&quot;: true\n    },\n    {\n        \&quot;programId\&quot;: 4904,\n        \&quot;programName\&quot;: \&quot;java\&quot;,\n        \&quot;programDescription\&quot;: \&quot;java Program\&quot;,\n        \&quot;online\&quot;: true\n    },\n    {\n        \&quot;programId\&quot;: 4905,\n        \&quot;programName\&quot;: \&quot;Pre K\&quot;,\n        \&quot;programDescription\&quot;: \&quot;Age 5\&quot;,\n        \&quot;online\&quot;: true\n    },\n    {\n        \&quot;programId\&quot;: 4906,\n        \&quot;programName\&quot;: \&quot;java\&quot;,\n        \&quot;programDescription\&quot;: \&quot;java Program\&quot;,\n        \&quot;online\&quot;: true\n    },\n    {\n        \&quot;programId\&quot;: 4907,\n        \&quot;programName\&quot;: \&quot;java\&quot;,\n        \&quot;programDescription\&quot;: \&quot;java Program\&quot;,\n        \&quot;online\&quot;: true\n    },\n    {\n        \&quot;programId\&quot;: 4908,\n        \&quot;programName\&quot;: \&quot;java\&quot;,\n        \&quot;programDescription\&quot;: \&quot;java Program\&quot;,\n        \&quot;online\&quot;: true\n    },\n    {\n        \&quot;programId\&quot;: 4909,\n        \&quot;programName\&quot;: \&quot;java\&quot;,\n        \&quot;programDescription\&quot;: \&quot;java Program\&quot;,\n        \&quot;online\&quot;: true\n    },\n    {\n        \&quot;programId\&quot;: 4910,\n        \&quot;programName\&quot;: \&quot;java\&quot;,\n        \&quot;programDescription\&quot;: \&quot;java Program\&quot;,\n        \&quot;online\&quot;: true\n    },\n    {\n        \&quot;programId\&quot;: 4916,\n        \&quot;programName\&quot;: \&quot;SDET1\&quot;,\n        \&quot;programDescription\&quot;: \&quot;TestNG\&quot;,\n        \&quot;online\&quot;: true\n    },\n    {\n        \&quot;programId\&quot;: 4917,\n        \&quot;programName\&quot;: \&quot;Pre K\&quot;,\n        \&quot;programDescription\&quot;: \&quot;Age 5\&quot;,\n        \&quot;online\&quot;: true\n    },\n    {\n        \&quot;programId\&quot;: 4919,\n        \&quot;programName\&quot;: \&quot;\\\&quot;API Testing\\\&quot;\&quot;,\n        \&quot;programDescription\&quot;: \&quot;\\\&quot;RestAssured\\\&quot;\&quot;,\n        \&quot;online\&quot;: false\n    },\n    {\n        \&quot;programId\&quot;: 4920,\n        \&quot;programName\&quot;: \&quot;\\\&quot;Framework\\\&quot;\&quot;,\n        \&quot;programDescription\&quot;: \&quot;\\\&quot;Cucumber\\\&quot;\&quot;,\n        \&quot;online\&quot;: false\n    },\n    {\n        \&quot;programId\&quot;: 4927,\n        \&quot;programName\&quot;: \&quot;Cuucumber learning\&quot;,\n        \&quot;programDescription\&quot;: \&quot;Mathematics\&quot;,\n        \&quot;online\&quot;: false\n    },\n    {\n        \&quot;programId\&quot;: 4928,\n        \&quot;programName\&quot;: \&quot;St\&quot;,\n        \&quot;programDescription\&quot;: \&quot;ts\&quot;,\n        \&quot;online\&quot;: false\n    },\n    {\n        \&quot;programId\&quot;: 4929,\n        \&quot;programName\&quot;: \&quot;St\&quot;,\n        \&quot;programDescription\&quot;: \&quot;ts\&quot;,\n        \&quot;online\&quot;: false\n    },\n    {\n        \&quot;programId\&quot;: 4930,\n        \&quot;programName\&quot;: \&quot;St\&quot;,\n        \&quot;programDescription\&quot;: \&quot;ts\&quot;,\n        \&quot;online\&quot;: false\n    },\n    {\n        \&quot;programId\&quot;: 4932,\n        \&quot;programName\&quot;: \&quot;St\&quot;,\n        \&quot;programDescription\&quot;: null,\n        \&quot;online\&quot;: false\n    },\n    {\n        \&quot;programId\&quot;: 4933,\n        \&quot;programName\&quot;: \&quot;St\&quot;,\n        \&quot;programDescription\&quot;: \&quot;ts\&quot;,\n        \&quot;online\&quot;: false\n    },\n    {\n        \&quot;programId\&quot;: 4934,\n        \&quot;programName\&quot;: \&quot;St\&quot;,\n        \&quot;programDescription\&quot;: \&quot;ts\&quot;,\n        \&quot;online\&quot;: false\n    },\n    {\n        \&quot;programId\&quot;: 4935,\n        \&quot;programName\&quot;: \&quot;St\&quot;,\n        \&quot;programDescription\&quot;: \&quot;ts\&quot;,\n        \&quot;online\&quot;: false\n    },\n    {\n        \&quot;programId\&quot;: 4936,\n        \&quot;programName\&quot;: \&quot;modified today\&quot;,\n        \&quot;programDescription\&quot;: \&quot;modidied today \&quot;,\n        \&quot;online\&quot;: false\n    },\n    {\n        \&quot;programId\&quot;: 4937,\n        \&quot;programName\&quot;: \&quot;modified today\&quot;,\n        \&quot;programDescription\&quot;: \&quot;modidied today \&quot;,\n        \&quot;online\&quot;: false\n    },\n    {\n        \&quot;programId\&quot;: 4938,\n        \&quot;programName\&quot;: \&quot;modified today\&quot;,\n        \&quot;programDescription\&quot;: \&quot;modidied today \&quot;,\n        \&quot;online\&quot;: false\n    },\n    {\n        \&quot;programId\&quot;: 4939,\n        \&quot;programName\&quot;: \&quot;modified today\&quot;,\n        \&quot;programDescription\&quot;: \&quot;modidied today \&quot;,\n        \&quot;online\&quot;: false\n    },\n    {\n        \&quot;programId\&quot;: 4940,\n        \&quot;programName\&quot;: \&quot;modified today\&quot;,\n        \&quot;programDescription\&quot;: \&quot;modidied today \&quot;,\n        \&quot;online\&quot;: true\n    },\n    {\n        \&quot;programId\&quot;: 4941,\n        \&quot;programName\&quot;: \&quot;modified today\&quot;,\n        \&quot;programDescription\&quot;: \&quot;modidied today \&quot;,\n        \&quot;online\&quot;: true\n    },\n    {\n        \&quot;programId\&quot;: 4942,\n        \&quot;programName\&quot;: \&quot;modified today\&quot;,\n        \&quot;programDescription\&quot;: \&quot;modidied today \&quot;,\n        \&quot;online\&quot;: true\n    },\n    {\n        \&quot;programId\&quot;: 4943,\n        \&quot;programName\&quot;: \&quot;modified today\&quot;,\n        \&quot;programDescription\&quot;: \&quot;modidied today \&quot;,\n        \&quot;online\&quot;: true\n    },\n    {\n        \&quot;programId\&quot;: 7382,\n        \&quot;programName\&quot;: \&quot;string\&quot;,\n        \&quot;programDescription\&quot;: \&quot;string\&quot;,\n        \&quot;online\&quot;: true\n    },\n    {\n        \&quot;programId\&quot;: 5040,\n        \&quot;programName\&quot;: \&quot;Mathll \&quot;,\n        \&quot;programDescription\&quot;: null,\n        \&quot;online\&quot;: false\n    },\n    {\n        \&quot;programId\&quot;: 5001,\n        \&quot;programName\&quot;: \&quot;Java\&quot;,\n        \&quot;programDescription\&quot;: \&quot;Testing\&quot;,\n        \&quot;online\&quot;: false\n    },\n    {\n        \&quot;programId\&quot;: 5044,\n        \&quot;programName\&quot;: \&quot;PT1\&quot;,\n        \&quot;programDescription\&quot;: \&quot;TestNG\&quot;,\n        \&quot;online\&quot;: true\n    },\n    {\n        \&quot;programId\&quot;: 4945,\n        \&quot;programName\&quot;: \&quot;\\\&quot;API Testing\\\&quot;\&quot;,\n        \&quot;programDescription\&quot;: \&quot;\\\&quot;RestAssured\\\&quot;\&quot;,\n        \&quot;online\&quot;: false\n    },\n    {\n        \&quot;programId\&quot;: 4946,\n        \&quot;programName\&quot;: \&quot;\\\&quot;Framework\\\&quot;\&quot;,\n        \&quot;programDescription\&quot;: \&quot;\\\&quot;Cucumber\\\&quot;\&quot;,\n        \&quot;online\&quot;: false\n    },\n    {\n        \&quot;programId\&quot;: 5025,\n        \&quot;programName\&quot;: \&quot;Testing\&quot;,\n        \&quot;programDescription\&quot;: \&quot;800\&quot;,\n        \&quot;online\&quot;: false\n    },\n    {\n        \&quot;programId\&quot;: 4947,\n        \&quot;programName\&quot;: \&quot;java\&quot;,\n        \&quot;programDescription\&quot;: \&quot;java Program\&quot;,\n        \&quot;online\&quot;: true\n    },\n    {\n        \&quot;programId\&quot;: 4948,\n        \&quot;programName\&quot;: \&quot;java\&quot;,\n        \&quot;programDescription\&quot;: \&quot;java Program\&quot;,\n        \&quot;online\&quot;: true\n    },\n    {\n        \&quot;programId\&quot;: 4949,\n        \&quot;programName\&quot;: \&quot;Testing\&quot;,\n        \&quot;programDescription\&quot;: \&quot;Testing\&quot;,\n        \&quot;online\&quot;: true\n    },\n    {\n        \&quot;programId\&quot;: 4951,\n        \&quot;programName\&quot;: \&quot;batman \&quot;,\n        \&quot;programDescription\&quot;: \&quot;string\&quot;,\n        \&quot;online\&quot;: true\n    },\n    {\n        \&quot;programId\&quot;: 4952,\n        \&quot;programName\&quot;: \&quot;ironman\&quot;,\n        \&quot;programDescription\&quot;: \&quot;string\&quot;,\n        \&quot;online\&quot;: true\n    },\n    {\n        \&quot;programId\&quot;: 4953,\n        \&quot;programName\&quot;: \&quot;java\&quot;,\n        \&quot;programDescription\&quot;: \&quot;core java\&quot;,\n        \&quot;online\&quot;: true\n    },\n    {\n        \&quot;programId\&quot;: 4954,\n        \&quot;programName\&quot;: \&quot;Multipal Digit Testing\&quot;,\n        \&quot;programDescription\&quot;: \&quot;Program ID Testing\&quot;,\n        \&quot;online\&quot;: true\n    },\n    {\n        \&quot;programId\&quot;: 4955,\n        \&quot;programName\&quot;: \&quot;batman \&quot;,\n        \&quot;programDescription\&quot;: \&quot;string\&quot;,\n        \&quot;online\&quot;: true\n    },\n    {\n        \&quot;programId\&quot;: 4956,\n        \&quot;programName\&quot;: \&quot;ironman\&quot;,\n        \&quot;programDescription\&quot;: \&quot;string\&quot;,\n        \&quot;online\&quot;: true\n    },\n    {\n        \&quot;programId\&quot;: 4957,\n        \&quot;programName\&quot;: \&quot;java\&quot;,\n        \&quot;programDescription\&quot;: \&quot;core java\&quot;,\n        \&quot;online\&quot;: true\n    },\n    {\n        \&quot;programId\&quot;: 4958,\n        \&quot;programName\&quot;: \&quot;Multipal Digit Testing\&quot;,\n        \&quot;programDescription\&quot;: \&quot;Program ID Testing\&quot;,\n        \&quot;online\&quot;: true\n    },\n    {\n        \&quot;programId\&quot;: 4959,\n        \&quot;programName\&quot;: \&quot;batman \&quot;,\n        \&quot;programDescription\&quot;: \&quot;string\&quot;,\n        \&quot;online\&quot;: true\n    },\n    {\n        \&quot;programId\&quot;: 4960,\n        \&quot;programName\&quot;: \&quot;ironman\&quot;,\n        \&quot;programDescription\&quot;: \&quot;string\&quot;,\n        \&quot;online\&quot;: true\n    },\n    {\n        \&quot;programId\&quot;: 4961,\n        \&quot;programName\&quot;: \&quot;java\&quot;,\n        \&quot;programDescription\&quot;: \&quot;core java\&quot;,\n        \&quot;online\&quot;: true\n    },\n    {\n        \&quot;programId\&quot;: 4962,\n        \&quot;programName\&quot;: \&quot;Multipal Digit Testing\&quot;,\n        \&quot;programDescription\&quot;: \&quot;Program ID Testing\&quot;,\n        \&quot;online\&quot;: true\n    },\n    {\n        \&quot;programId\&quot;: 4963,\n        \&quot;programName\&quot;: \&quot;Testing\&quot;,\n        \&quot;programDescription\&quot;: \&quot;Testing\&quot;,\n        \&quot;online\&quot;: true\n    },\n    {\n        \&quot;programId\&quot;: 4964,\n        \&quot;programName\&quot;: \&quot;batman \&quot;,\n        \&quot;programDescription\&quot;: \&quot;string\&quot;,\n        \&quot;online\&quot;: true\n    },\n    {\n        \&quot;programId\&quot;: 4965,\n        \&quot;programName\&quot;: \&quot;ironman\&quot;,\n        \&quot;programDescription\&quot;: \&quot;string\&quot;,\n        \&quot;online\&quot;: true\n    },\n    {\n        \&quot;programId\&quot;: 4966,\n        \&quot;programName\&quot;: \&quot;java\&quot;,\n        \&quot;programDescription\&quot;: \&quot;core java\&quot;,\n        \&quot;online\&quot;: true\n    },\n    {\n        \&quot;programId\&quot;: 4967,\n        \&quot;programName\&quot;: \&quot;Multipal Digit Testing\&quot;,\n        \&quot;programDescription\&quot;: \&quot;Program ID Testing\&quot;,\n        \&quot;online\&quot;: true\n    },\n    {\n        \&quot;programId\&quot;: 4968,\n        \&quot;programName\&quot;: \&quot;batman \&quot;,\n        \&quot;programDescription\&quot;: \&quot;string\&quot;,\n        \&quot;online\&quot;: true\n    },\n    {\n        \&quot;programId\&quot;: 4969,\n        \&quot;programName\&quot;: \&quot;ironman\&quot;,\n        \&quot;programDescription\&quot;: \&quot;string\&quot;,\n        \&quot;online\&quot;: true\n    },\n    {\n        \&quot;programId\&quot;: 4970,\n        \&quot;programName\&quot;: \&quot;java\&quot;,\n        \&quot;programDescription\&quot;: \&quot;core java\&quot;,\n        \&quot;online\&quot;: true\n    },\n    {\n        \&quot;programId\&quot;: 4971,\n        \&quot;programName\&quot;: \&quot;Multipal Digit Testing\&quot;,\n        \&quot;programDescription\&quot;: \&quot;Program ID Testing\&quot;,\n        \&quot;online\&quot;: true\n    },\n    {\n        \&quot;programId\&quot;: 4972,\n        \&quot;programName\&quot;: \&quot;batman \&quot;,\n        \&quot;programDescription\&quot;: \&quot;string\&quot;,\n        \&quot;online\&quot;: true\n    },\n    {\n        \&quot;programId\&quot;: 4973,\n        \&quot;programName\&quot;: \&quot;ironman\&quot;,\n        \&quot;programDescription\&quot;: \&quot;string\&quot;,\n        \&quot;online\&quot;: true\n    },\n    {\n        \&quot;programId\&quot;: 4974,\n        \&quot;programName\&quot;: \&quot;java\&quot;,\n        \&quot;programDescription\&quot;: \&quot;core java\&quot;,\n        \&quot;online\&quot;: true\n    },\n    {\n        \&quot;programId\&quot;: 4975,\n        \&quot;programName\&quot;: \&quot;Multipal Digit Testing\&quot;,\n        \&quot;programDescription\&quot;: \&quot;Program ID Testing\&quot;,\n        \&quot;online\&quot;: true\n    },\n    {\n        \&quot;programId\&quot;: 4976,\n        \&quot;programName\&quot;: \&quot;batman \&quot;,\n        \&quot;programDescription\&quot;: \&quot;string\&quot;,\n        \&quot;online\&quot;: true\n    },\n    {\n        \&quot;programId\&quot;: 4977,\n        \&quot;programName\&quot;: \&quot;ironman\&quot;,\n        \&quot;programDescription\&quot;: \&quot;string\&quot;,\n        \&quot;online\&quot;: true\n    },\n    {\n        \&quot;programId\&quot;: 4978,\n        \&quot;programName\&quot;: \&quot;java\&quot;,\n        \&quot;programDescription\&quot;: \&quot;core java\&quot;,\n        \&quot;online\&quot;: true\n    },\n    {\n        \&quot;programId\&quot;: 4979,\n        \&quot;programName\&quot;: \&quot;Multipal Digit Testing\&quot;,\n        \&quot;programDescription\&quot;: \&quot;Program ID Testing\&quot;,\n        \&quot;online\&quot;: true\n    },\n    {\n        \&quot;programId\&quot;: 4980,\n        \&quot;programName\&quot;: \&quot;batman \&quot;,\n        \&quot;programDescription\&quot;: \&quot;string\&quot;,\n        \&quot;online\&quot;: true\n    },\n    {\n        \&quot;programId\&quot;: 4981,\n        \&quot;programName\&quot;: \&quot;ironman\&quot;,\n        \&quot;programDescription\&quot;: \&quot;string\&quot;,\n        \&quot;online\&quot;: true\n    },\n    {\n        \&quot;programId\&quot;: 4983,\n        \&quot;programName\&quot;: \&quot;Multipal Digit Testing\&quot;,\n        \&quot;programDescription\&quot;: \&quot;Program ID Testing\&quot;,\n        \&quot;online\&quot;: true\n    },\n    {\n        \&quot;programId\&quot;: 4984,\n        \&quot;programName\&quot;: \&quot;Testing\&quot;,\n        \&quot;programDescription\&quot;: \&quot;Testing\&quot;,\n        \&quot;online\&quot;: true\n    },\n    {\n        \&quot;programId\&quot;: 4985,\n        \&quot;programName\&quot;: \&quot;{\\n    \\\&quot;online\\\&quot;: true,\\n    \\\&quot;programDescription\\\&quot;: \\\&quot;Testing\\\&quot;,\\n    \\\&quot;programName\\\&quot;: \\\&quot;Testing\\\&quot;\\n\\n}\&quot;,\n        \&quot;programDescription\&quot;: null,\n        \&quot;online\&quot;: false\n    },\n    {\n        \&quot;programId\&quot;: 4986,\n        \&quot;programName\&quot;: \&quot;batman \&quot;,\n        \&quot;programDescription\&quot;: \&quot;string\&quot;,\n        \&quot;online\&quot;: true\n    },\n    {\n        \&quot;programId\&quot;: 4987,\n        \&quot;programName\&quot;: \&quot;ironman\&quot;,\n        \&quot;programDescription\&quot;: \&quot;string\&quot;,\n        \&quot;online\&quot;: true\n    },\n    {\n        \&quot;programId\&quot;: 4988,\n        \&quot;programName\&quot;: \&quot;java\&quot;,\n        \&quot;programDescription\&quot;: \&quot;core java\&quot;,\n        \&quot;online\&quot;: true\n    },\n    {\n        \&quot;programId\&quot;: 4989,\n        \&quot;programName\&quot;: \&quot;Multipal Digit Testing\&quot;,\n        \&quot;programDescription\&quot;: \&quot;Program ID Testing\&quot;,\n        \&quot;online\&quot;: true\n    },\n    {\n        \&quot;programId\&quot;: 4990,\n        \&quot;programName\&quot;: \&quot;batman \&quot;,\n        \&quot;programDescription\&quot;: \&quot;string\&quot;,\n        \&quot;online\&quot;: true\n    },\n    {\n        \&quot;programId\&quot;: 4991,\n        \&quot;programName\&quot;: \&quot;ironman\&quot;,\n        \&quot;programDescription\&quot;: \&quot;string\&quot;,\n        \&quot;online\&quot;: true\n    },\n    {\n        \&quot;programId\&quot;: 4992,\n        \&quot;programName\&quot;: \&quot;java\&quot;,\n        \&quot;programDescription\&quot;: \&quot;core java\&quot;,\n        \&quot;online\&quot;: true\n    },\n    {\n        \&quot;programId\&quot;: 4993,\n        \&quot;programName\&quot;: \&quot;Multipal Digit Testing\&quot;,\n        \&quot;programDescription\&quot;: \&quot;Program ID Testing\&quot;,\n        \&quot;online\&quot;: true\n    },\n    {\n        \&quot;programId\&quot;: 4994,\n        \&quot;programName\&quot;: \&quot;batman \&quot;,\n        \&quot;programDescription\&quot;: \&quot;string\&quot;,\n        \&quot;online\&quot;: true\n    },\n    {\n        \&quot;programId\&quot;: 4995,\n        \&quot;programName\&quot;: \&quot;ironman\&quot;,\n        \&quot;programDescription\&quot;: \&quot;string\&quot;,\n        \&quot;online\&quot;: true\n    },\n    {\n        \&quot;programId\&quot;: 4996,\n        \&quot;programName\&quot;: \&quot;java\&quot;,\n        \&quot;programDescription\&quot;: \&quot;core java\&quot;,\n        \&quot;online\&quot;: true\n    },\n    {\n        \&quot;programId\&quot;: 4997,\n        \&quot;programName\&quot;: \&quot;Multipal Digit Testing\&quot;,\n        \&quot;programDescription\&quot;: \&quot;Program ID Testing\&quot;,\n        \&quot;online\&quot;: true\n    },\n    {\n        \&quot;programId\&quot;: 4998,\n        \&quot;programName\&quot;: \&quot;batman \&quot;,\n        \&quot;programDescription\&quot;: \&quot;string\&quot;,\n        \&quot;online\&quot;: true\n    },\n    {\n        \&quot;programId\&quot;: 4999,\n        \&quot;programName\&quot;: \&quot;ironman\&quot;,\n        \&quot;programDescription\&quot;: \&quot;string\&quot;,\n        \&quot;online\&quot;: true\n    },\n    {\n        \&quot;programId\&quot;: 9246,\n        \&quot;programName\&quot;: \&quot;yes updated\&quot;,\n        \&quot;programDescription\&quot;: \&quot;is it updated\&quot;,\n        \&quot;online\&quot;: true\n    },\n    {\n        \&quot;programId\&quot;: 9247,\n        \&quot;programName\&quot;: \&quot;yes yes yes updated\&quot;,\n        \&quot;programDescription\&quot;: \&quot;is it updated\&quot;,\n        \&quot;online\&quot;: true\n    },\n    {\n        \&quot;programId\&quot;: 5003,\n        \&quot;programName\&quot;: \&quot;Cypress\&quot;,\n        \&quot;programDescription\&quot;: \&quot;Testing edited\&quot;,\n        \&quot;online\&quot;: false\n    },\n    {\n        \&quot;programId\&quot;: 5007,\n        \&quot;programName\&quot;: \&quot;CoralDraw\&quot;,\n        \&quot;programDescription\&quot;: \&quot;Testing edited\&quot;,\n        \&quot;online\&quot;: true\n    },\n    {\n        \&quot;programId\&quot;: 5008,\n        \&quot;programName\&quot;: \&quot;Adobe Reader\&quot;,\n        \&quot;programDescription\&quot;: \&quot;Testing edited\&quot;,\n        \&quot;online\&quot;: true\n    },\n    {\n        \&quot;programId\&quot;: 5009,\n        \&quot;programName\&quot;: \&quot;Java\&quot;,\n        \&quot;programDescription\&quot;: \&quot;Testing\&quot;,\n        \&quot;online\&quot;: false\n    },\n    {\n        \&quot;programId\&quot;: 5010,\n        \&quot;programName\&quot;: \&quot;Java Modified\&quot;,\n        \&quot;programDescription\&quot;: \&quot;Testing Modified\&quot;,\n        \&quot;online\&quot;: false\n    },\n    {\n        \&quot;programId\&quot;: 5011,\n        \&quot;programName\&quot;: \&quot;Csharp\&quot;,\n        \&quot;programDescription\&quot;: \&quot;Testing\&quot;,\n        \&quot;online\&quot;: true\n    },\n    {\n        \&quot;programId\&quot;: 5012,\n        \&quot;programName\&quot;: \&quot;Csharp Modified\&quot;,\n        \&quot;programDescription\&quot;: \&quot;Testing Modified\&quot;,\n        \&quot;online\&quot;: true\n    },\n    {\n        \&quot;programId\&quot;: 5013,\n        \&quot;programName\&quot;: \&quot;Cypress\&quot;,\n        \&quot;programDescription\&quot;: \&quot;Testing edited\&quot;,\n        \&quot;online\&quot;: false\n    },\n    {\n        \&quot;programId\&quot;: 5014,\n        \&quot;programName\&quot;: \&quot;Cypress Modified\&quot;,\n        \&quot;programDescription\&quot;: \&quot;Testing edited Modified\&quot;,\n        \&quot;online\&quot;: false\n    },\n    {\n        \&quot;programId\&quot;: 9319,\n        \&quot;programName\&quot;: \&quot;QA\&quot;,\n        \&quot;programDescription\&quot;: \&quot;BASICS\&quot;,\n        \&quot;online\&quot;: true\n    },\n    {\n        \&quot;programId\&quot;: 5016,\n        \&quot;programName\&quot;: \&quot;CoralDraw Modified\&quot;,\n        \&quot;programDescription\&quot;: \&quot;Testing edited Modified\&quot;,\n        \&quot;online\&quot;: true\n    },\n    {\n        \&quot;programId\&quot;: 5017,\n        \&quot;programName\&quot;: \&quot;Adobe Reader\&quot;,\n        \&quot;programDescription\&quot;: \&quot;Testing edited\&quot;,\n        \&quot;online\&quot;: true\n    },\n    {\n        \&quot;programId\&quot;: 5018,\n        \&quot;programName\&quot;: \&quot;Adobe Reader Modified\&quot;,\n        \&quot;programDescription\&quot;: \&quot;Testing edited Modified\&quot;,\n        \&quot;online\&quot;: true\n    },\n    {\n        \&quot;programId\&quot;: 5019,\n        \&quot;programName\&quot;: \&quot;batman\&quot;,\n        \&quot;programDescription\&quot;: \&quot;string\&quot;,\n        \&quot;online\&quot;: true\n    },\n    {\n        \&quot;programId\&quot;: 5020,\n        \&quot;programName\&quot;: \&quot;batman\&quot;,\n        \&quot;programDescription\&quot;: \&quot;string\&quot;,\n        \&quot;online\&quot;: true\n    },\n    {\n        \&quot;programId\&quot;: 5021,\n        \&quot;programName\&quot;: \&quot;batman\&quot;,\n        \&quot;programDescription\&quot;: \&quot;string\&quot;,\n        \&quot;online\&quot;: true\n    },\n    {\n        \&quot;programId\&quot;: 5022,\n        \&quot;programName\&quot;: \&quot;Java 9 Training\&quot;,\n        \&quot;programDescription\&quot;: \&quot;Java 9 Training\&quot;,\n        \&quot;online\&quot;: false\n    },\n    {\n        \&quot;programId\&quot;: 5023,\n        \&quot;programName\&quot;: \&quot;Java 9 Training Modified\&quot;,\n        \&quot;programDescription\&quot;: \&quot;Java 9 Training Modified\&quot;,\n        \&quot;online\&quot;: false\n    },\n    {\n        \&quot;programId\&quot;: 5024,\n        \&quot;programName\&quot;: \&quot;Java 10 Training\&quot;,\n        \&quot;programDescription\&quot;: \&quot;Java 10 Training\&quot;,\n        \&quot;online\&quot;: false\n    },\n    {\n        \&quot;programId\&quot;: 5045,\n        \&quot;programName\&quot;: \&quot;PT2\&quot;,\n        \&quot;programDescription\&quot;: \&quot;TestNG\&quot;,\n        \&quot;online\&quot;: true\n    },\n    {\n        \&quot;programId\&quot;: 5027,\n        \&quot;programName\&quot;: \&quot;google learner\&quot;,\n        \&quot;programDescription\&quot;: null,\n        \&quot;online\&quot;: false\n    },\n    {\n        \&quot;programId\&quot;: 5028,\n        \&quot;programName\&quot;: \&quot;batman \&quot;,\n        \&quot;programDescription\&quot;: \&quot;string\&quot;,\n        \&quot;online\&quot;: true\n    },\n    {\n        \&quot;programId\&quot;: 5029,\n        \&quot;programName\&quot;: \&quot;ironman\&quot;,\n        \&quot;programDescription\&quot;: \&quot;string\&quot;,\n        \&quot;online\&quot;: true\n    },\n    {\n        \&quot;programId\&quot;: 5030,\n        \&quot;programName\&quot;: \&quot;java\&quot;,\n        \&quot;programDescription\&quot;: \&quot;core java\&quot;,\n        \&quot;online\&quot;: true\n    },\n    {\n        \&quot;programId\&quot;: 5031,\n        \&quot;programName\&quot;: \&quot;Multipal Digit Testing\&quot;,\n        \&quot;programDescription\&quot;: \&quot;Program ID Testing\&quot;,\n        \&quot;online\&quot;: true\n    },\n    {\n        \&quot;programId\&quot;: 5032,\n        \&quot;programName\&quot;: \&quot;google learnering\&quot;,\n        \&quot;programDescription\&quot;: null,\n        \&quot;online\&quot;: false\n    },\n    {\n        \&quot;programId\&quot;: 5033,\n        \&quot;programName\&quot;: \&quot;google \&quot;,\n        \&quot;programDescription\&quot;: null,\n        \&quot;online\&quot;: false\n    },\n    {\n        \&quot;programId\&quot;: 5046,\n        \&quot;programName\&quot;: \&quot;PT1\&quot;,\n        \&quot;programDescription\&quot;: \&quot;TestNG\&quot;,\n        \&quot;online\&quot;: true\n    },\n    {\n        \&quot;programId\&quot;: 5034,\n        \&quot;programName\&quot;: \&quot;updating Testing for 5034\&quot;,\n        \&quot;programDescription\&quot;: \&quot; updating request thro AutomationTesting for 5034\&quot;,\n        \&quot;online\&quot;: true\n    },\n    {\n        \&quot;programId\&quot;: 5004,\n        \&quot;programName\&quot;: \&quot;CoralDraw\&quot;,\n        \&quot;programDescription\&quot;: \&quot;Testing edited\&quot;,\n        \&quot;online\&quot;: true\n    },\n    {\n        \&quot;programId\&quot;: 5036,\n        \&quot;programName\&quot;: \&quot;\\\&quot;Framework\\\&quot;\&quot;,\n        \&quot;programDescription\&quot;: \&quot;\\\&quot;Cucumber\\\&quot;\&quot;,\n        \&quot;online\&quot;: false\n    },\n    {\n        \&quot;programId\&quot;: 5037,\n        \&quot;programName\&quot;: \&quot;Developer\&quot;,\n        \&quot;programDescription\&quot;: \&quot;dd\&quot;,\n        \&quot;online\&quot;: true\n    },\n    {\n        \&quot;programId\&quot;: 5047,\n        \&quot;programName\&quot;: \&quot;PT1\&quot;,\n        \&quot;programDescription\&quot;: \&quot;TestNG\&quot;,\n        \&quot;online\&quot;: true\n    },\n    {\n        \&quot;programId\&quot;: 5005,\n        \&quot;programName\&quot;: \&quot;Adobe Reader\&quot;,\n        \&quot;programDescription\&quot;: \&quot;Testing edited\&quot;,\n        \&quot;online\&quot;: true\n    },\n    {\n        \&quot;programId\&quot;: 5006,\n        \&quot;programName\&quot;: \&quot;Cucumber\&quot;,\n        \&quot;programDescription\&quot;: \&quot;Testing edited\&quot;,\n        \&quot;online\&quot;: true\n    },\n    {\n        \&quot;programId\&quot;: 5041,\n        \&quot;programName\&quot;: \&quot;Cuucumber learning\&quot;,\n        \&quot;programDescription\&quot;: \&quot;Mathematics\&quot;,\n        \&quot;online\&quot;: false\n    },\n    {\n        \&quot;programId\&quot;: 5042,\n        \&quot;programName\&quot;: \&quot;Cuucumber learning\&quot;,\n        \&quot;programDescription\&quot;: \&quot;Mathematics\&quot;,\n        \&quot;online\&quot;: false\n    },\n    {\n        \&quot;programId\&quot;: 5043,\n        \&quot;programName\&quot;: \&quot;Cuucumber learning\&quot;,\n        \&quot;programDescription\&quot;: \&quot;Mathematics\&quot;,\n        \&quot;online\&quot;: false\n    },\n    {\n        \&quot;programId\&quot;: 5048,\n        \&quot;programName\&quot;: \&quot;PT1\&quot;,\n        \&quot;programDescription\&quot;: \&quot;TestNG\&quot;,\n        \&quot;online\&quot;: true\n    },\n    {\n        \&quot;programId\&quot;: 5049,\n        \&quot;programName\&quot;: \&quot;PT1\&quot;,\n        \&quot;programDescription\&quot;: \&quot;TestNG\&quot;,\n        \&quot;online\&quot;: true\n    },\n    {\n        \&quot;programId\&quot;: 5050,\n        \&quot;programName\&quot;: \&quot;Java\&quot;,\n        \&quot;programDescription\&quot;: \&quot;Testing\&quot;,\n        \&quot;online\&quot;: false\n    },\n    {\n        \&quot;programId\&quot;: 5051,\n        \&quot;programName\&quot;: \&quot;Csharp\&quot;,\n        \&quot;programDescription\&quot;: \&quot;Testing\&quot;,\n        \&quot;online\&quot;: true\n    },\n    {\n        \&quot;programId\&quot;: 5052,\n        \&quot;programName\&quot;: \&quot;Cypress\&quot;,\n        \&quot;programDescription\&quot;: \&quot;Testing edited\&quot;,\n        \&quot;online\&quot;: false\n    },\n    {\n        \&quot;programId\&quot;: 5053,\n        \&quot;programName\&quot;: \&quot;CoralDraw\&quot;,\n        \&quot;programDescription\&quot;: \&quot;Testing edited\&quot;,\n        \&quot;online\&quot;: true\n    },\n    {\n        \&quot;programId\&quot;: 5054,\n        \&quot;programName\&quot;: \&quot;Adobe Reader\&quot;,\n        \&quot;programDescription\&quot;: \&quot;Testing edited\&quot;,\n        \&quot;online\&quot;: true\n    },\n    {\n        \&quot;programId\&quot;: 5093,\n        \&quot;programName\&quot;: \&quot;Java\&quot;,\n        \&quot;programDescription\&quot;: \&quot;Testing\&quot;,\n        \&quot;online\&quot;: false\n    },\n    {\n        \&quot;programId\&quot;: 5095,\n        \&quot;programName\&quot;: \&quot;Csharp\&quot;,\n        \&quot;programDescription\&quot;: \&quot;Testing\&quot;,\n        \&quot;online\&quot;: true\n    },\n    {\n        \&quot;programId\&quot;: 5097,\n        \&quot;programName\&quot;: \&quot;Cypress\&quot;,\n        \&quot;programDescription\&quot;: \&quot;Testing edited\&quot;,\n        \&quot;online\&quot;: false\n    },\n    {\n        \&quot;programId\&quot;: 5099,\n        \&quot;programName\&quot;: \&quot;CoralDraw\&quot;,\n        \&quot;programDescription\&quot;: \&quot;Testing edited\&quot;,\n        \&quot;online\&quot;: true\n    },\n    {\n        \&quot;programId\&quot;: 5101,\n        \&quot;programName\&quot;: \&quot;Adobe Reader\&quot;,\n        \&quot;programDescription\&quot;: \&quot;Testing edited\&quot;,\n        \&quot;online\&quot;: true\n    },\n    {\n        \&quot;programId\&quot;: 5103,\n        \&quot;programName\&quot;: \&quot;Java\&quot;,\n        \&quot;programDescription\&quot;: \&quot;Testing\&quot;,\n        \&quot;online\&quot;: false\n    },\n    {\n        \&quot;programId\&quot;: 5104,\n        \&quot;programName\&quot;: \&quot;Java Modified\&quot;,\n        \&quot;programDescription\&quot;: \&quot;Testing Modified\&quot;,\n        \&quot;online\&quot;: false\n    },\n    {\n        \&quot;programId\&quot;: 5105,\n        \&quot;programName\&quot;: \&quot;Csharp\&quot;,\n        \&quot;programDescription\&quot;: \&quot;Testing\&quot;,\n        \&quot;online\&quot;: true\n    },\n    {\n        \&quot;programId\&quot;: 5106,\n        \&quot;programName\&quot;: \&quot;Csharp Modified\&quot;,\n        \&quot;programDescription\&quot;: \&quot;Testing Modified\&quot;,\n        \&quot;online\&quot;: true\n    },\n    {\n        \&quot;programId\&quot;: 5107,\n        \&quot;programName\&quot;: \&quot;Cypress\&quot;,\n        \&quot;programDescription\&quot;: \&quot;Testing edited\&quot;,\n        \&quot;online\&quot;: false\n    },\n    {\n        \&quot;programId\&quot;: 5108,\n        \&quot;programName\&quot;: \&quot;Cypress Modified\&quot;,\n        \&quot;programDescription\&quot;: \&quot;Testing edited Modified\&quot;,\n        \&quot;online\&quot;: false\n    },\n    {\n        \&quot;programId\&quot;: 5109,\n        \&quot;programName\&quot;: \&quot;CoralDraw\&quot;,\n        \&quot;programDescription\&quot;: \&quot;Testing edited\&quot;,\n        \&quot;online\&quot;: true\n    },\n    {\n        \&quot;programId\&quot;: 5371,\n        \&quot;programName\&quot;: \&quot;my name\&quot;,\n        \&quot;programDescription\&quot;: \&quot;mytest\&quot;,\n        \&quot;online\&quot;: true\n    },\n    {\n        \&quot;programId\&quot;: 5372,\n        \&quot;programName\&quot;: \&quot;Monali\&quot;,\n        \&quot;programDescription\&quot;: \&quot;TestNG\&quot;,\n        \&quot;online\&quot;: true\n    },\n    {\n        \&quot;programId\&quot;: 5373,\n        \&quot;programName\&quot;: \&quot;Monali\&quot;,\n        \&quot;programDescription\&quot;: \&quot;TestNG\&quot;,\n        \&quot;online\&quot;: true\n    },\n    {\n        \&quot;programId\&quot;: 5376,\n        \&quot;programName\&quot;: \&quot;Adobe Reader\&quot;,\n        \&quot;programDescription\&quot;: \&quot;Testing edited\&quot;,\n        \&quot;online\&quot;: true\n    },\n    {\n        \&quot;programId\&quot;: 5378,\n        \&quot;programName\&quot;: \&quot;Selenium\&quot;,\n        \&quot;programDescription\&quot;: \&quot;Testing\&quot;,\n        \&quot;online\&quot;: true\n    },\n    {\n        \&quot;programId\&quot;: 5112,\n        \&quot;programName\&quot;: \&quot;Adobe Reader Modified\&quot;,\n        \&quot;programDescription\&quot;: \&quot;Testing edited Modified\&quot;,\n        \&quot;online\&quot;: true\n    },\n    {\n        \&quot;programId\&quot;: 5113,\n        \&quot;programName\&quot;: \&quot;string\&quot;,\n        \&quot;programDescription\&quot;: \&quot;straw\&quot;,\n        \&quot;online\&quot;: true\n    },\n    {\n        \&quot;programId\&quot;: 7383,\n        \&quot;programName\&quot;: \&quot;Testing modified\&quot;,\n        \&quot;programDescription\&quot;: \&quot;Testing modified\&quot;,\n        \&quot;online\&quot;: true\n    },\n    {\n        \&quot;programId\&quot;: 5116,\n        \&quot;programName\&quot;: \&quot;SDET\&quot;,\n        \&quot;programDescription\&quot;: \&quot;Automation Testing\&quot;,\n        \&quot;online\&quot;: true\n    },\n    {\n        \&quot;programId\&quot;: 5117,\n        \&quot;programName\&quot;: \&quot;SDET\&quot;,\n        \&quot;programDescription\&quot;: \&quot;Automation Testing\&quot;,\n        \&quot;online\&quot;: true\n    },\n    {\n        \&quot;programId\&quot;: 7384,\n        \&quot;programName\&quot;: \&quot;Angular\&quot;,\n        \&quot;programDescription\&quot;: \&quot;AngularStudy\&quot;,\n        \&quot;online\&quot;: true\n    },\n    {\n        \&quot;programId\&quot;: 5119,\n        \&quot;programName\&quot;: \&quot;SDET\&quot;,\n        \&quot;programDescription\&quot;: \&quot;Automation Testing\&quot;,\n        \&quot;online\&quot;: true\n    },\n    {\n        \&quot;programId\&quot;: 7385,\n        \&quot;programName\&quot;: \&quot;testing\&quot;,\n        \&quot;programDescription\&quot;: \&quot;testing\&quot;,\n        \&quot;online\&quot;: true\n    },\n    {\n        \&quot;programId\&quot;: 5120,\n        \&quot;programName\&quot;: \&quot;SDET\&quot;,\n        \&quot;programDescription\&quot;: \&quot;Automation testing\&quot;,\n        \&quot;online\&quot;: true\n    },\n    {\n        \&quot;programId\&quot;: 7387,\n        \&quot;programName\&quot;: \&quot;Angular\&quot;,\n        \&quot;programDescription\&quot;: \&quot;AngularStudy\&quot;,\n        \&quot;online\&quot;: true\n    },\n    {\n        \&quot;programId\&quot;: 5121,\n        \&quot;programName\&quot;: \&quot;DS\&quot;,\n        \&quot;programDescription\&quot;: \&quot;data science\&quot;,\n        \&quot;online\&quot;: false\n    },\n    {\n        \&quot;programId\&quot;: 5122,\n        \&quot;programName\&quot;: \&quot;SDET\&quot;,\n        \&quot;programDescription\&quot;: \&quot;Test\&quot;,\n        \&quot;online\&quot;: false\n    },\n    {\n        \&quot;programId\&quot;: 5123,\n        \&quot;programName\&quot;: \&quot;DS\&quot;,\n        \&quot;programDescription\&quot;: \&quot;data science\&quot;,\n        \&quot;online\&quot;: false\n    },\n    {\n        \&quot;programId\&quot;: 5124,\n        \&quot;programName\&quot;: \&quot;SDET\&quot;,\n        \&quot;programDescription\&quot;: \&quot;Automation testing\&quot;,\n        \&quot;online\&quot;: true\n    },\n    {\n        \&quot;programId\&quot;: 5125,\n        \&quot;programName\&quot;: \&quot;DS\&quot;,\n        \&quot;programDescription\&quot;: \&quot;data science\&quot;,\n        \&quot;online\&quot;: false\n    },\n    {\n        \&quot;programId\&quot;: 5126,\n        \&quot;programName\&quot;: \&quot;DS\&quot;,\n        \&quot;programDescription\&quot;: \&quot;data science\&quot;,\n        \&quot;online\&quot;: false\n    },\n    {\n        \&quot;programId\&quot;: 7388,\n        \&quot;programName\&quot;: \&quot;Testing modified from postman\&quot;,\n        \&quot;programDescription\&quot;: \&quot;Testing modified\&quot;,\n        \&quot;online\&quot;: true\n    },\n    {\n        \&quot;programId\&quot;: 5128,\n        \&quot;programName\&quot;: \&quot;cucumber learning modified\&quot;,\n        \&quot;programDescription\&quot;: \&quot;cucumber learning\&quot;,\n        \&quot;online\&quot;: false\n    },\n    {\n        \&quot;programId\&quot;: 5129,\n        \&quot;programName\&quot;: \&quot;SDET\&quot;,\n        \&quot;programDescription\&quot;: \&quot;Automation testing\&quot;,\n        \&quot;online\&quot;: true\n    },\n    {\n        \&quot;programId\&quot;: 5130,\n        \&quot;programName\&quot;: \&quot;DS\&quot;,\n        \&quot;programDescription\&quot;: \&quot;data science\&quot;,\n        \&quot;online\&quot;: false\n    },\n    {\n        \&quot;programId\&quot;: 7386,\n        \&quot;programName\&quot;: \&quot;testing modify\&quot;,\n        \&quot;programDescription\&quot;: \&quot;testing modify\&quot;,\n        \&quot;online\&quot;: true\n    },\n    {\n        \&quot;programId\&quot;: 5132,\n        \&quot;programName\&quot;: \&quot;cucumber learning modified\&quot;,\n        \&quot;programDescription\&quot;: \&quot;cucumber learning\&quot;,\n        \&quot;online\&quot;: false\n    },\n    {\n        \&quot;programId\&quot;: 5133,\n        \&quot;programName\&quot;: \&quot;SDET\&quot;,\n        \&quot;programDescription\&quot;: \&quot;Automation testing\&quot;,\n        \&quot;online\&quot;: true\n    },\n    {\n        \&quot;programId\&quot;: 5134,\n        \&quot;programName\&quot;: \&quot;DS\&quot;,\n        \&quot;programDescription\&quot;: \&quot;data science\&quot;,\n        \&quot;online\&quot;: false\n    },\n    {\n        \&quot;programId\&quot;: 5135,\n        \&quot;programName\&quot;: \&quot;DS\&quot;,\n        \&quot;programDescription\&quot;: \&quot;data science\&quot;,\n        \&quot;online\&quot;: false\n    },\n    {\n        \&quot;programId\&quot;: 5136,\n        \&quot;programName\&quot;: \&quot;SDET\&quot;,\n        \&quot;programDescription\&quot;: \&quot;Automation testing\&quot;,\n        \&quot;online\&quot;: true\n    },\n    {\n        \&quot;programId\&quot;: 5137,\n        \&quot;programName\&quot;: \&quot;DS\&quot;,\n        \&quot;programDescription\&quot;: \&quot;data science\&quot;,\n        \&quot;online\&quot;: false\n    },\n    {\n        \&quot;programId\&quot;: 5138,\n        \&quot;programName\&quot;: \&quot;DS\&quot;,\n        \&quot;programDescription\&quot;: \&quot;data science\&quot;,\n        \&quot;online\&quot;: false\n    },\n    {\n        \&quot;programId\&quot;: 5139,\n        \&quot;programName\&quot;: \&quot;SDET\&quot;,\n        \&quot;programDescription\&quot;: \&quot;Automation testing\&quot;,\n        \&quot;online\&quot;: true\n    },\n    {\n        \&quot;programId\&quot;: 5140,\n        \&quot;programName\&quot;: \&quot;DS\&quot;,\n        \&quot;programDescription\&quot;: \&quot;data science\&quot;,\n        \&quot;online\&quot;: false\n    },\n    {\n        \&quot;programId\&quot;: 5141,\n        \&quot;programName\&quot;: \&quot;DS\&quot;,\n        \&quot;programDescription\&quot;: \&quot;data science\&quot;,\n        \&quot;online\&quot;: false\n    },\n    {\n        \&quot;programId\&quot;: 7389,\n        \&quot;programName\&quot;: \&quot;testing\&quot;,\n        \&quot;programDescription\&quot;: \&quot;testing\&quot;,\n        \&quot;online\&quot;: true\n    },\n    {\n        \&quot;programId\&quot;: 5143,\n        \&quot;programName\&quot;: \&quot;cucumber learning modified\&quot;,\n        \&quot;programDescription\&quot;: \&quot;cucumber learning\&quot;,\n        \&quot;online\&quot;: false\n    },\n    {\n        \&quot;programId\&quot;: 5144,\n        \&quot;programName\&quot;: \&quot;SDET\&quot;,\n        \&quot;programDescription\&quot;: \&quot;Automation testing\&quot;,\n        \&quot;online\&quot;: true\n    },\n    {\n        \&quot;programId\&quot;: 5145,\n        \&quot;programName\&quot;: \&quot;DS\&quot;,\n        \&quot;programDescription\&quot;: \&quot;data science\&quot;,\n        \&quot;online\&quot;: false\n    },\n    {\n        \&quot;programId\&quot;: 7390,\n        \&quot;programName\&quot;: \&quot;testing modify\&quot;,\n        \&quot;programDescription\&quot;: \&quot;testing modify\&quot;,\n        \&quot;online\&quot;: true\n    },\n    {\n        \&quot;programId\&quot;: 5147,\n        \&quot;programName\&quot;: \&quot;cucumber learning modified\&quot;,\n        \&quot;programDescription\&quot;: \&quot;cucumber learning\&quot;,\n        \&quot;online\&quot;: false\n    },\n    {\n        \&quot;programId\&quot;: 7416,\n        \&quot;programName\&quot;: \&quot;Anjali\&quot;,\n        \&quot;programDescription\&quot;: \&quot;anjali\&quot;,\n        \&quot;online\&quot;: true\n    },\n    {\n        \&quot;programId\&quot;: 7417,\n        \&quot;programName\&quot;: \&quot;Anjali\&quot;,\n        \&quot;programDescription\&quot;: \&quot;anjali\&quot;,\n        \&quot;online\&quot;: true\n    },\n    {\n        \&quot;programId\&quot;: 5148,\n        \&quot;programName\&quot;: \&quot;SDET\&quot;,\n        \&quot;programDescription\&quot;: \&quot;api\&quot;,\n        \&quot;online\&quot;: true\n    },\n    {\n        \&quot;programId\&quot;: 5149,\n        \&quot;programName\&quot;: \&quot;SDET\&quot;,\n        \&quot;programDescription\&quot;: \&quot;api\&quot;,\n        \&quot;online\&quot;: true\n    },\n    {\n        \&quot;programId\&quot;: 5150,\n        \&quot;programName\&quot;: \&quot;batman\&quot;,\n        \&quot;programDescription\&quot;: \&quot;string\&quot;,\n        \&quot;online\&quot;: true\n    },\n    {\n        \&quot;programId\&quot;: 5151,\n        \&quot;programName\&quot;: \&quot;SDET\&quot;,\n        \&quot;programDescription\&quot;: \&quot;Automation testing\&quot;,\n        \&quot;online\&quot;: true\n    },\n    {\n        \&quot;programId\&quot;: 5152,\n        \&quot;programName\&quot;: \&quot;SDET\&quot;,\n        \&quot;programDescription\&quot;: \&quot;\&quot;,\n        \&quot;online\&quot;: true\n    },\n    {\n        \&quot;programId\&quot;: 5153,\n        \&quot;programName\&quot;: \&quot;DS\&quot;,\n        \&quot;programDescription\&quot;: \&quot;data science\&quot;,\n        \&quot;online\&quot;: false\n    },\n    {\n        \&quot;programId\&quot;: 7418,\n        \&quot;programName\&quot;: \&quot;Anjali\&quot;,\n        \&quot;programDescription\&quot;: \&quot;anjali\&quot;,\n        \&quot;online\&quot;: true\n    },\n    {\n        \&quot;programId\&quot;: 5155,\n        \&quot;programName\&quot;: \&quot;SDET\&quot;,\n        \&quot;programDescription\&quot;: \&quot;Automation testing\&quot;,\n        \&quot;online\&quot;: true\n    },\n    {\n        \&quot;programId\&quot;: 5156,\n        \&quot;programName\&quot;: \&quot;SDET\&quot;,\n        \&quot;programDescription\&quot;: \&quot;\&quot;,\n        \&quot;online\&quot;: true\n    },\n    {\n        \&quot;programId\&quot;: 5157,\n        \&quot;programName\&quot;: \&quot;DS\&quot;,\n        \&quot;programDescription\&quot;: \&quot;data science\&quot;,\n        \&quot;online\&quot;: false\n    },\n    {\n        \&quot;programId\&quot;: 5158,\n        \&quot;programName\&quot;: \&quot;Testing\&quot;,\n        \&quot;programDescription\&quot;: \&quot;Testing\&quot;,\n        \&quot;online\&quot;: true\n    },\n    {\n        \&quot;programId\&quot;: 5165,\n        \&quot;programName\&quot;: \&quot;Java 9 Training\&quot;,\n        \&quot;programDescription\&quot;: \&quot;Java 9 Training\&quot;,\n        \&quot;online\&quot;: false\n    },\n    {\n        \&quot;programId\&quot;: 5166,\n        \&quot;programName\&quot;: \&quot;Java 10 Training\&quot;,\n        \&quot;programDescription\&quot;: \&quot;Java 10 Training\&quot;,\n        \&quot;online\&quot;: false\n    },\n    {\n        \&quot;programId\&quot;: 7419,\n        \&quot;programName\&quot;: \&quot;Anjali\&quot;,\n        \&quot;programDescription\&quot;: \&quot;anjali\&quot;,\n        \&quot;online\&quot;: true\n    },\n    {\n        \&quot;programId\&quot;: 5169,\n        \&quot;programName\&quot;: \&quot;Rasgulla\&quot;,\n        \&quot;programDescription\&quot;: \&quot;string\&quot;,\n        \&quot;online\&quot;: true\n    },\n    {\n        \&quot;programId\&quot;: 5170,\n        \&quot;programName\&quot;: \&quot;Java\&quot;,\n        \&quot;programDescription\&quot;: \&quot;Testing\&quot;,\n        \&quot;online\&quot;: true\n    },\n    {\n        \&quot;programId\&quot;: 5171,\n        \&quot;programName\&quot;: \&quot;Adobe Reader\&quot;,\n        \&quot;programDescription\&quot;: \&quot;Testing edited\&quot;,\n        \&quot;online\&quot;: true\n    },\n    {\n        \&quot;programId\&quot;: 5172,\n        \&quot;programName\&quot;: \&quot;Cucumber\&quot;,\n        \&quot;programDescription\&quot;: \&quot;Testing edited\&quot;,\n        \&quot;online\&quot;: true\n    },\n    {\n        \&quot;programId\&quot;: 5173,\n        \&quot;programName\&quot;: \&quot;Java\&quot;,\n        \&quot;programDescription\&quot;: \&quot;Testing\&quot;,\n        \&quot;online\&quot;: true\n    },\n    {\n        \&quot;programId\&quot;: 5174,\n        \&quot;programName\&quot;: \&quot;Adobe Reader\&quot;,\n        \&quot;programDescription\&quot;: \&quot;Testing edited\&quot;,\n        \&quot;online\&quot;: true\n    },\n    {\n        \&quot;programId\&quot;: 5175,\n        \&quot;programName\&quot;: \&quot;Cucumber\&quot;,\n        \&quot;programDescription\&quot;: \&quot;Testing edited\&quot;,\n        \&quot;online\&quot;: true\n    },\n    {\n        \&quot;programId\&quot;: 5176,\n        \&quot;programName\&quot;: \&quot;Java\&quot;,\n        \&quot;programDescription\&quot;: \&quot;Testing\&quot;,\n        \&quot;online\&quot;: true\n    },\n    {\n        \&quot;programId\&quot;: 5177,\n        \&quot;programName\&quot;: \&quot;Adobe Reader\&quot;,\n        \&quot;programDescription\&quot;: \&quot;Testing edited\&quot;,\n        \&quot;online\&quot;: true\n    },\n    {\n        \&quot;programId\&quot;: 5178,\n        \&quot;programName\&quot;: \&quot;Cucumber\&quot;,\n        \&quot;programDescription\&quot;: \&quot;Testing edited\&quot;,\n        \&quot;online\&quot;: true\n    },\n    {\n        \&quot;programId\&quot;: 5179,\n        \&quot;programName\&quot;: \&quot;Java\&quot;,\n        \&quot;programDescription\&quot;: \&quot;Testing\&quot;,\n        \&quot;online\&quot;: true\n    },\n    {\n        \&quot;programId\&quot;: 5180,\n        \&quot;programName\&quot;: \&quot;Adobe Reader\&quot;,\n        \&quot;programDescription\&quot;: \&quot;Testing edited\&quot;,\n        \&quot;online\&quot;: true\n    },\n    {\n        \&quot;programId\&quot;: 5181,\n        \&quot;programName\&quot;: \&quot;Cucumber\&quot;,\n        \&quot;programDescription\&quot;: \&quot;Testing edited\&quot;,\n        \&quot;online\&quot;: true\n    },\n    {\n        \&quot;programId\&quot;: 5182,\n        \&quot;programName\&quot;: \&quot;Java\&quot;,\n        \&quot;programDescription\&quot;: \&quot;Testing\&quot;,\n        \&quot;online\&quot;: true\n    },\n    {\n        \&quot;programId\&quot;: 5183,\n        \&quot;programName\&quot;: \&quot;Adobe Reader\&quot;,\n        \&quot;programDescription\&quot;: \&quot;Testing edited\&quot;,\n        \&quot;online\&quot;: true\n    },\n    {\n        \&quot;programId\&quot;: 5184,\n        \&quot;programName\&quot;: \&quot;Cucumber\&quot;,\n        \&quot;programDescription\&quot;: \&quot;Testing edited\&quot;,\n        \&quot;online\&quot;: true\n    },\n    {\n        \&quot;programId\&quot;: 5185,\n        \&quot;programName\&quot;: \&quot;Java\&quot;,\n        \&quot;programDescription\&quot;: \&quot;Testing\&quot;,\n        \&quot;online\&quot;: true\n    },\n    {\n        \&quot;programId\&quot;: 5186,\n        \&quot;programName\&quot;: \&quot;Adobe Reader\&quot;,\n        \&quot;programDescription\&quot;: \&quot;Testing edited\&quot;,\n        \&quot;online\&quot;: true\n    },\n    {\n        \&quot;programId\&quot;: 5187,\n        \&quot;programName\&quot;: \&quot;Cucumber\&quot;,\n        \&quot;programDescription\&quot;: \&quot;Testing edited\&quot;,\n        \&quot;online\&quot;: true\n    },\n    {\n        \&quot;programId\&quot;: 5188,\n        \&quot;programName\&quot;: \&quot;Java\&quot;,\n        \&quot;programDescription\&quot;: \&quot;Testing\&quot;,\n        \&quot;online\&quot;: true\n    },\n    {\n        \&quot;programId\&quot;: 5189,\n        \&quot;programName\&quot;: \&quot;Java Modified\&quot;,\n        \&quot;programDescription\&quot;: \&quot;Testing Modified\&quot;,\n        \&quot;online\&quot;: true\n    },\n    {\n        \&quot;programId\&quot;: 5190,\n        \&quot;programName\&quot;: \&quot;Adobe Reader\&quot;,\n        \&quot;programDescription\&quot;: \&quot;Testing edited\&quot;,\n        \&quot;online\&quot;: true\n    },\n    {\n        \&quot;programId\&quot;: 5191,\n        \&quot;programName\&quot;: \&quot;Adobe Reader Modified\&quot;,\n        \&quot;programDescription\&quot;: \&quot;Testing edited Modified\&quot;,\n        \&quot;online\&quot;: true\n    },\n    {\n        \&quot;programId\&quot;: 5192,\n        \&quot;programName\&quot;: \&quot;Cucumber\&quot;,\n        \&quot;programDescription\&quot;: \&quot;Testing edited\&quot;,\n        \&quot;online\&quot;: true\n    },\n    {\n        \&quot;programId\&quot;: 5193,\n        \&quot;programName\&quot;: \&quot;Cucumber Modified\&quot;,\n        \&quot;programDescription\&quot;: \&quot;Testing edited Modified\&quot;,\n        \&quot;online\&quot;: true\n    },\n    {\n        \&quot;programId\&quot;: 5194,\n        \&quot;programName\&quot;: \&quot;Java\&quot;,\n        \&quot;programDescription\&quot;: \&quot;Testing\&quot;,\n        \&quot;online\&quot;: true\n    },\n    {\n        \&quot;programId\&quot;: 5195,\n        \&quot;programName\&quot;: \&quot;Java Modified\&quot;,\n        \&quot;programDescription\&quot;: \&quot;Testing Modified\&quot;,\n        \&quot;online\&quot;: true\n    },\n    {\n        \&quot;programId\&quot;: 5196,\n        \&quot;programName\&quot;: \&quot;Adobe Reader\&quot;,\n        \&quot;programDescription\&quot;: \&quot;Testing edited\&quot;,\n        \&quot;online\&quot;: true\n    },\n    {\n        \&quot;programId\&quot;: 5197,\n        \&quot;programName\&quot;: \&quot;Adobe Reader Modified\&quot;,\n        \&quot;programDescription\&quot;: \&quot;Testing edited Modified\&quot;,\n        \&quot;online\&quot;: true\n    },\n    {\n        \&quot;programId\&quot;: 5198,\n        \&quot;programName\&quot;: \&quot;Cucumber\&quot;,\n        \&quot;programDescription\&quot;: \&quot;Testing edited\&quot;,\n        \&quot;online\&quot;: true\n    },\n    {\n        \&quot;programId\&quot;: 5199,\n        \&quot;programName\&quot;: \&quot;Cucumber Modified\&quot;,\n        \&quot;programDescription\&quot;: \&quot;Testing edited Modified\&quot;,\n        \&quot;online\&quot;: true\n    },\n    {\n        \&quot;programId\&quot;: 5200,\n        \&quot;programName\&quot;: \&quot;Java\&quot;,\n        \&quot;programDescription\&quot;: \&quot;Testing\&quot;,\n        \&quot;online\&quot;: true\n    },\n    {\n        \&quot;programId\&quot;: 5201,\n        \&quot;programName\&quot;: \&quot;Java Modified\&quot;,\n        \&quot;programDescription\&quot;: \&quot;Testing Modified\&quot;,\n        \&quot;online\&quot;: true\n    },\n    {\n        \&quot;programId\&quot;: 5202,\n        \&quot;programName\&quot;: \&quot;Adobe Reader\&quot;,\n        \&quot;programDescription\&quot;: \&quot;Testing edited\&quot;,\n        \&quot;online\&quot;: true\n    },\n    {\n        \&quot;programId\&quot;: 5203,\n        \&quot;programName\&quot;: \&quot;Adobe Reader Modified\&quot;,\n        \&quot;programDescription\&quot;: \&quot;Testing edited Modified\&quot;,\n        \&quot;online\&quot;: true\n    },\n    {\n        \&quot;programId\&quot;: 5204,\n        \&quot;programName\&quot;: \&quot;Cucumber\&quot;,\n        \&quot;programDescription\&quot;: \&quot;Testing edited\&quot;,\n        \&quot;online\&quot;: true\n    },\n    {\n        \&quot;programId\&quot;: 5205,\n        \&quot;programName\&quot;: \&quot;Cucumber Modified\&quot;,\n        \&quot;programDescription\&quot;: \&quot;Testing edited Modified\&quot;,\n        \&quot;online\&quot;: true\n    },\n    {\n        \&quot;programId\&quot;: 5206,\n        \&quot;programName\&quot;: \&quot;Java\&quot;,\n        \&quot;programDescription\&quot;: \&quot;Testing\&quot;,\n        \&quot;online\&quot;: true\n    },\n    {\n        \&quot;programId\&quot;: 5207,\n        \&quot;programName\&quot;: \&quot;Java Modified\&quot;,\n        \&quot;programDescription\&quot;: \&quot;Testing Modified\&quot;,\n        \&quot;online\&quot;: true\n    },\n    {\n        \&quot;programId\&quot;: 5208,\n        \&quot;programName\&quot;: \&quot;Adobe Reader\&quot;,\n        \&quot;programDescription\&quot;: \&quot;Testing edited\&quot;,\n        \&quot;online\&quot;: true\n    },\n    {\n        \&quot;programId\&quot;: 5209,\n        \&quot;programName\&quot;: \&quot;Adobe Reader Modified\&quot;,\n        \&quot;programDescription\&quot;: \&quot;Testing edited Modified\&quot;,\n        \&quot;online\&quot;: true\n    },\n    {\n        \&quot;programId\&quot;: 5210,\n        \&quot;programName\&quot;: \&quot;Cucumber\&quot;,\n        \&quot;programDescription\&quot;: \&quot;Testing edited\&quot;,\n        \&quot;online\&quot;: true\n    },\n    {\n        \&quot;programId\&quot;: 5211,\n        \&quot;programName\&quot;: \&quot;Cucumber Modified\&quot;,\n        \&quot;programDescription\&quot;: \&quot;Testing edited Modified\&quot;,\n        \&quot;online\&quot;: true\n    },\n    {\n        \&quot;programId\&quot;: 5212,\n        \&quot;programName\&quot;: \&quot;Java\&quot;,\n        \&quot;programDescription\&quot;: \&quot;Testing\&quot;,\n        \&quot;online\&quot;: true\n    },\n    {\n        \&quot;programId\&quot;: 5213,\n        \&quot;programName\&quot;: \&quot;Adobe Reader\&quot;,\n        \&quot;programDescription\&quot;: \&quot;Testing edited\&quot;,\n        \&quot;online\&quot;: true\n    },\n    {\n        \&quot;programId\&quot;: 5214,\n        \&quot;programName\&quot;: \&quot;Cucumber\&quot;,\n        \&quot;programDescription\&quot;: \&quot;Testing edited\&quot;,\n        \&quot;online\&quot;: true\n    },\n    {\n        \&quot;programId\&quot;: 5215,\n        \&quot;programName\&quot;: \&quot;Java\&quot;,\n        \&quot;programDescription\&quot;: \&quot;Testing\&quot;,\n        \&quot;online\&quot;: true\n    },\n    {\n        \&quot;programId\&quot;: 5216,\n        \&quot;programName\&quot;: \&quot;Java Modified\&quot;,\n        \&quot;programDescription\&quot;: \&quot;Testing Modified\&quot;,\n        \&quot;online\&quot;: true\n    },\n    {\n        \&quot;programId\&quot;: 5217,\n        \&quot;programName\&quot;: \&quot;Adobe Reader\&quot;,\n        \&quot;programDescription\&quot;: \&quot;Testing edited\&quot;,\n        \&quot;online\&quot;: true\n    },\n    {\n        \&quot;programId\&quot;: 5218,\n        \&quot;programName\&quot;: \&quot;Adobe Reader Modified\&quot;,\n        \&quot;programDescription\&quot;: \&quot;Testing edited Modified\&quot;,\n        \&quot;online\&quot;: true\n    },\n    {\n        \&quot;programId\&quot;: 5219,\n        \&quot;programName\&quot;: \&quot;Cucumber\&quot;,\n        \&quot;programDescription\&quot;: \&quot;Testing edited\&quot;,\n        \&quot;online\&quot;: true\n    },\n    {\n        \&quot;programId\&quot;: 5220,\n        \&quot;programName\&quot;: \&quot;Cucumber Modified\&quot;,\n        \&quot;programDescription\&quot;: \&quot;Testing edited Modified\&quot;,\n        \&quot;online\&quot;: true\n    },\n    {\n        \&quot;programId\&quot;: 5221,\n        \&quot;programName\&quot;: \&quot;Java\&quot;,\n        \&quot;programDescription\&quot;: \&quot;Testing\&quot;,\n        \&quot;online\&quot;: true\n    },\n    {\n        \&quot;programId\&quot;: 5222,\n        \&quot;programName\&quot;: \&quot;Java Modified\&quot;,\n        \&quot;programDescription\&quot;: \&quot;Testing Modified\&quot;,\n        \&quot;online\&quot;: true\n    },\n    {\n        \&quot;programId\&quot;: 5223,\n        \&quot;programName\&quot;: \&quot;Adobe Reader\&quot;,\n        \&quot;programDescription\&quot;: \&quot;Testing edited\&quot;,\n        \&quot;online\&quot;: true\n    },\n    {\n        \&quot;programId\&quot;: 5224,\n        \&quot;programName\&quot;: \&quot;Adobe Reader Modified\&quot;,\n        \&quot;programDescription\&quot;: \&quot;Testing edited Modified\&quot;,\n        \&quot;online\&quot;: true\n    },\n    {\n        \&quot;programId\&quot;: 5225,\n        \&quot;programName\&quot;: \&quot;Cucumber\&quot;,\n        \&quot;programDescription\&quot;: \&quot;Testing edited\&quot;,\n        \&quot;online\&quot;: true\n    },\n    {\n        \&quot;programId\&quot;: 5226,\n        \&quot;programName\&quot;: \&quot;Cucumber Modified\&quot;,\n        \&quot;programDescription\&quot;: \&quot;Testing edited Modified\&quot;,\n        \&quot;online\&quot;: true\n    },\n    {\n        \&quot;programId\&quot;: 5227,\n        \&quot;programName\&quot;: \&quot;Selenium Modified\&quot;,\n        \&quot;programDescription\&quot;: \&quot;Testing Modified\&quot;,\n        \&quot;online\&quot;: true\n    },\n    {\n        \&quot;programId\&quot;: 5228,\n        \&quot;programName\&quot;: \&quot;Java\&quot;,\n        \&quot;programDescription\&quot;: \&quot;Testing\&quot;,\n        \&quot;online\&quot;: false\n    },\n    {\n        \&quot;programId\&quot;: 5229,\n        \&quot;programName\&quot;: \&quot;Java Modified\&quot;,\n        \&quot;programDescription\&quot;: \&quot;Testing Modified\&quot;,\n        \&quot;online\&quot;: false\n    },\n    {\n        \&quot;programId\&quot;: 5230,\n        \&quot;programName\&quot;: \&quot;Csharp\&quot;,\n        \&quot;programDescription\&quot;: \&quot;Testing\&quot;,\n        \&quot;online\&quot;: true\n    },\n    {\n        \&quot;programId\&quot;: 5231,\n        \&quot;programName\&quot;: \&quot;Csharp Modified\&quot;,\n        \&quot;programDescription\&quot;: \&quot;Testing Modified\&quot;,\n        \&quot;online\&quot;: true\n    },\n    {\n        \&quot;programId\&quot;: 5232,\n        \&quot;programName\&quot;: \&quot;Cypress\&quot;,\n        \&quot;programDescription\&quot;: \&quot;Testing edited\&quot;,\n        \&quot;online\&quot;: false\n    },\n    {\n        \&quot;programId\&quot;: 5233,\n        \&quot;programName\&quot;: \&quot;Cypress Modified\&quot;,\n        \&quot;programDescription\&quot;: \&quot;Testing edited Modified\&quot;,\n        \&quot;online\&quot;: false\n    },\n    {\n        \&quot;programId\&quot;: 5234,\n        \&quot;programName\&quot;: \&quot;CoralDraw\&quot;,\n        \&quot;programDescription\&quot;: \&quot;Testing edited\&quot;,\n        \&quot;online\&quot;: true\n    },\n    {\n        \&quot;programId\&quot;: 5235,\n        \&quot;programName\&quot;: \&quot;CoralDraw Modified\&quot;,\n        \&quot;programDescription\&quot;: \&quot;Testing edited Modified\&quot;,\n        \&quot;online\&quot;: true\n    },\n    {\n        \&quot;programId\&quot;: 5236,\n        \&quot;programName\&quot;: \&quot;Adobe Reader\&quot;,\n        \&quot;programDescription\&quot;: \&quot;Testing edited\&quot;,\n        \&quot;online\&quot;: true\n    },\n    {\n        \&quot;programId\&quot;: 7420,\n        \&quot;programName\&quot;: \&quot;Test Program7426\&quot;,\n        \&quot;programDescription\&quot;: \&quot;Test Program7426\&quot;,\n        \&quot;online\&quot;: true\n    },\n    {\n        \&quot;programId\&quot;: 7431,\n        \&quot;programName\&quot;: \&quot;Sdet38\&quot;,\n        \&quot;programDescription\&quot;: \&quot;Postman\&quot;,\n        \&quot;online\&quot;: false\n    },\n    {\n        \&quot;programId\&quot;: 5237,\n        \&quot;programName\&quot;: \&quot;Adobe Reader Modified\&quot;,\n        \&quot;programDescription\&quot;: \&quot;Testing edited Modified\&quot;,\n        \&quot;online\&quot;: true\n    },\n    {\n        \&quot;programId\&quot;: 3006,\n        \&quot;programName\&quot;: \&quot;Cucumber\&quot;,\n        \&quot;programDescription\&quot;: \&quot;Testing edited\&quot;,\n        \&quot;online\&quot;: true\n    },\n    {\n        \&quot;programId\&quot;: 5238,\n        \&quot;programName\&quot;: \&quot;Cucumber Modified\&quot;,\n        \&quot;programDescription\&quot;: \&quot;Testing edited Modified\&quot;,\n        \&quot;online\&quot;: true\n    },\n    {\n        \&quot;programId\&quot;: 5239,\n        \&quot;programName\&quot;: \&quot;Selenium Modified\&quot;,\n        \&quot;programDescription\&quot;: \&quot;Testing Modified\&quot;,\n        \&quot;online\&quot;: true\n    },\n    {\n        \&quot;programId\&quot;: 5240,\n        \&quot;programName\&quot;: \&quot;Java\&quot;,\n        \&quot;programDescription\&quot;: \&quot;Testing\&quot;,\n        \&quot;online\&quot;: false\n    },\n    {\n        \&quot;programId\&quot;: 5241,\n        \&quot;programName\&quot;: \&quot;Java Modified\&quot;,\n        \&quot;programDescription\&quot;: \&quot;Testing Modified\&quot;,\n        \&quot;online\&quot;: false\n    },\n    {\n        \&quot;programId\&quot;: 5242,\n        \&quot;programName\&quot;: \&quot;Csharp\&quot;,\n        \&quot;programDescription\&quot;: \&quot;Testing\&quot;,\n        \&quot;online\&quot;: true\n    },\n    {\n        \&quot;programId\&quot;: 5243,\n        \&quot;programName\&quot;: \&quot;Csharp Modified\&quot;,\n        \&quot;programDescription\&quot;: \&quot;Testing Modified\&quot;,\n        \&quot;online\&quot;: true\n    },\n    {\n        \&quot;programId\&quot;: 5244,\n        \&quot;programName\&quot;: \&quot;Cypress\&quot;,\n        \&quot;programDescription\&quot;: \&quot;Testing edited\&quot;,\n        \&quot;online\&quot;: false\n    },\n    {\n        \&quot;programId\&quot;: 5245,\n        \&quot;programName\&quot;: \&quot;Cypress Modified\&quot;,\n        \&quot;programDescription\&quot;: \&quot;Testing edited Modified\&quot;,\n        \&quot;online\&quot;: false\n    },\n    {\n        \&quot;programId\&quot;: 5246,\n        \&quot;programName\&quot;: \&quot;CoralDraw\&quot;,\n        \&quot;programDescription\&quot;: \&quot;Testing edited\&quot;,\n        \&quot;online\&quot;: true\n    },\n    {\n        \&quot;programId\&quot;: 5247,\n        \&quot;programName\&quot;: \&quot;CoralDraw Modified\&quot;,\n        \&quot;programDescription\&quot;: \&quot;Testing edited Modified\&quot;,\n        \&quot;online\&quot;: true\n    },\n    {\n        \&quot;programId\&quot;: 5248,\n        \&quot;programName\&quot;: \&quot;Adobe Reader\&quot;,\n        \&quot;programDescription\&quot;: \&quot;Testing edited\&quot;,\n        \&quot;online\&quot;: true\n    },\n    {\n        \&quot;programId\&quot;: 5249,\n        \&quot;programName\&quot;: \&quot;Adobe Reader Modified\&quot;,\n        \&quot;programDescription\&quot;: \&quot;Testing edited Modified\&quot;,\n        \&quot;online\&quot;: true\n    },\n    {\n        \&quot;programId\&quot;: 5250,\n        \&quot;programName\&quot;: \&quot;Cucumber Modified\&quot;,\n        \&quot;programDescription\&quot;: \&quot;Testing edited Modified\&quot;,\n        \&quot;online\&quot;: true\n    },\n    {\n        \&quot;programId\&quot;: 5251,\n        \&quot;programName\&quot;: \&quot;Selenium Modified\&quot;,\n        \&quot;programDescription\&quot;: \&quot;Testing Modified\&quot;,\n        \&quot;online\&quot;: true\n    },\n    {\n        \&quot;programId\&quot;: 5252,\n        \&quot;programName\&quot;: \&quot;Java\&quot;,\n        \&quot;programDescription\&quot;: \&quot;Testing\&quot;,\n        \&quot;online\&quot;: false\n    },\n    {\n        \&quot;programId\&quot;: 5253,\n        \&quot;programName\&quot;: \&quot;Java Modified\&quot;,\n        \&quot;programDescription\&quot;: \&quot;Testing Modified\&quot;,\n        \&quot;online\&quot;: false\n    },\n    {\n        \&quot;programId\&quot;: 5254,\n        \&quot;programName\&quot;: \&quot;Csharp\&quot;,\n        \&quot;programDescription\&quot;: \&quot;Testing\&quot;,\n        \&quot;online\&quot;: true\n    },\n    {\n        \&quot;programId\&quot;: 5255,\n        \&quot;programName\&quot;: \&quot;Csharp Modified\&quot;,\n        \&quot;programDescription\&quot;: \&quot;Testing Modified\&quot;,\n        \&quot;online\&quot;: true\n    },\n    {\n        \&quot;programId\&quot;: 5256,\n        \&quot;programName\&quot;: \&quot;Cypress\&quot;,\n        \&quot;programDescription\&quot;: \&quot;Testing edited\&quot;,\n        \&quot;online\&quot;: false\n    },\n    {\n        \&quot;programId\&quot;: 5257,\n        \&quot;programName\&quot;: \&quot;Cypress Modified\&quot;,\n        \&quot;programDescription\&quot;: \&quot;Testing edited Modified\&quot;,\n        \&quot;online\&quot;: false\n    },\n    {\n        \&quot;programId\&quot;: 5258,\n        \&quot;programName\&quot;: \&quot;CoralDraw\&quot;,\n        \&quot;programDescription\&quot;: \&quot;Testing edited\&quot;,\n        \&quot;online\&quot;: true\n    },\n    {\n        \&quot;programId\&quot;: 5259,\n        \&quot;programName\&quot;: \&quot;CoralDraw Modified\&quot;,\n        \&quot;programDescription\&quot;: \&quot;Testing edited Modified\&quot;,\n        \&quot;online\&quot;: true\n    },\n    {\n        \&quot;programId\&quot;: 5260,\n        \&quot;programName\&quot;: \&quot;Adobe Reader\&quot;,\n        \&quot;programDescription\&quot;: \&quot;Testing edited\&quot;,\n        \&quot;online\&quot;: true\n    },\n    {\n        \&quot;programId\&quot;: 5261,\n        \&quot;programName\&quot;: \&quot;Adobe Reader Modified\&quot;,\n        \&quot;programDescription\&quot;: \&quot;Testing edited Modified\&quot;,\n        \&quot;online\&quot;: true\n    },\n    {\n        \&quot;programId\&quot;: 5262,\n        \&quot;programName\&quot;: \&quot;Cucumber Modified\&quot;,\n        \&quot;programDescription\&quot;: \&quot;Testing edited Modified\&quot;,\n        \&quot;online\&quot;: true\n    },\n    {\n        \&quot;programId\&quot;: 5263,\n        \&quot;programName\&quot;: \&quot;Java\&quot;,\n        \&quot;programDescription\&quot;: \&quot;Testing\&quot;,\n        \&quot;online\&quot;: true\n    },\n    {\n        \&quot;programId\&quot;: 5264,\n        \&quot;programName\&quot;: \&quot;Java Modified\&quot;,\n        \&quot;programDescription\&quot;: \&quot;Testing Modified\&quot;,\n        \&quot;online\&quot;: true\n    },\n    {\n        \&quot;programId\&quot;: 5265,\n        \&quot;programName\&quot;: \&quot;Adobe Reader\&quot;,\n        \&quot;programDescription\&quot;: \&quot;Testing edited\&quot;,\n        \&quot;online\&quot;: true\n    },\n    {\n        \&quot;programId\&quot;: 5266,\n        \&quot;programName\&quot;: \&quot;Adobe Reader Modified\&quot;,\n        \&quot;programDescription\&quot;: \&quot;Testing edited Modified\&quot;,\n        \&quot;online\&quot;: true\n    },\n    {\n        \&quot;programId\&quot;: 5267,\n        \&quot;programName\&quot;: \&quot;Cucumber\&quot;,\n        \&quot;programDescription\&quot;: \&quot;Testing edited\&quot;,\n        \&quot;online\&quot;: true\n    },\n    {\n        \&quot;programId\&quot;: 5268,\n        \&quot;programName\&quot;: \&quot;Cucumber Modified\&quot;,\n        \&quot;programDescription\&quot;: \&quot;Testing edited Modified\&quot;,\n        \&quot;online\&quot;: true\n    },\n    {\n        \&quot;programId\&quot;: 5269,\n        \&quot;programName\&quot;: \&quot;Java\&quot;,\n        \&quot;programDescription\&quot;: \&quot;Testing\&quot;,\n        \&quot;online\&quot;: true\n    },\n    {\n        \&quot;programId\&quot;: 5270,\n        \&quot;programName\&quot;: \&quot;Adobe Reader\&quot;,\n        \&quot;programDescription\&quot;: \&quot;Testing edited\&quot;,\n        \&quot;online\&quot;: true\n    },\n    {\n        \&quot;programId\&quot;: 5271,\n        \&quot;programName\&quot;: \&quot;Cucumber\&quot;,\n        \&quot;programDescription\&quot;: \&quot;Testing edited\&quot;,\n        \&quot;online\&quot;: true\n    },\n    {\n        \&quot;programId\&quot;: 5272,\n        \&quot;programName\&quot;: \&quot;Java\&quot;,\n        \&quot;programDescription\&quot;: \&quot;Testing\&quot;,\n        \&quot;online\&quot;: true\n    },\n    {\n        \&quot;programId\&quot;: 5273,\n        \&quot;programName\&quot;: \&quot;Adobe Reader\&quot;,\n        \&quot;programDescription\&quot;: \&quot;Testing edited\&quot;,\n        \&quot;online\&quot;: true\n    },\n    {\n        \&quot;programId\&quot;: 5274,\n        \&quot;programName\&quot;: \&quot;Cucumber\&quot;,\n        \&quot;programDescription\&quot;: \&quot;Testing edited\&quot;,\n        \&quot;online\&quot;: true\n    },\n    {\n        \&quot;programId\&quot;: 5275,\n        \&quot;programName\&quot;: \&quot;Java\&quot;,\n        \&quot;programDescription\&quot;: \&quot;Testing\&quot;,\n        \&quot;online\&quot;: true\n    },\n    {\n        \&quot;programId\&quot;: 5276,\n        \&quot;programName\&quot;: \&quot;Adobe Reader\&quot;,\n        \&quot;programDescription\&quot;: \&quot;Testing edited\&quot;,\n        \&quot;online\&quot;: true\n    },\n    {\n        \&quot;programId\&quot;: 5280,\n        \&quot;programName\&quot;: \&quot;Java\&quot;,\n        \&quot;programDescription\&quot;: \&quot;Testing\&quot;,\n        \&quot;online\&quot;: true\n    },\n    {\n        \&quot;programId\&quot;: 5281,\n        \&quot;programName\&quot;: \&quot;Adobe Reader\&quot;,\n        \&quot;programDescription\&quot;: \&quot;Testing edited\&quot;,\n        \&quot;online\&quot;: true\n    },\n    {\n        \&quot;programId\&quot;: 5285,\n        \&quot;programName\&quot;: \&quot;Java\&quot;,\n        \&quot;programDescription\&quot;: \&quot;Testing\&quot;,\n        \&quot;online\&quot;: true\n    },\n    {\n        \&quot;programId\&quot;: 5286,\n        \&quot;programName\&quot;: \&quot;Adobe Reader\&quot;,\n        \&quot;programDescription\&quot;: \&quot;Testing edited\&quot;,\n        \&quot;online\&quot;: true\n    },\n    {\n        \&quot;programId\&quot;: 5288,\n        \&quot;programName\&quot;: \&quot;Java\&quot;,\n        \&quot;programDescription\&quot;: \&quot;Testing\&quot;,\n        \&quot;online\&quot;: true\n    },\n    {\n        \&quot;programId\&quot;: 5289,\n        \&quot;programName\&quot;: \&quot;Adobe Reader\&quot;,\n        \&quot;programDescription\&quot;: \&quot;Testing edited\&quot;,\n        \&quot;online\&quot;: true\n    },\n    {\n        \&quot;programId\&quot;: 5291,\n        \&quot;programName\&quot;: \&quot;Java\&quot;,\n        \&quot;programDescription\&quot;: \&quot;Testing\&quot;,\n        \&quot;online\&quot;: true\n    },\n    {\n        \&quot;programId\&quot;: 5292,\n        \&quot;programName\&quot;: \&quot;Adobe Reader\&quot;,\n        \&quot;programDescription\&quot;: \&quot;Testing edited\&quot;,\n        \&quot;online\&quot;: true\n    },\n    {\n        \&quot;programId\&quot;: 5294,\n        \&quot;programName\&quot;: \&quot;Selenium Modified\&quot;,\n        \&quot;programDescription\&quot;: \&quot;Testing Modified\&quot;,\n        \&quot;online\&quot;: true\n    },\n    {\n        \&quot;programId\&quot;: 5295,\n        \&quot;programName\&quot;: \&quot;Java\&quot;,\n        \&quot;programDescription\&quot;: \&quot;Testing\&quot;,\n        \&quot;online\&quot;: false\n    },\n    {\n        \&quot;programId\&quot;: 5296,\n        \&quot;programName\&quot;: \&quot;Java Modified\&quot;,\n        \&quot;programDescription\&quot;: \&quot;Testing Modified\&quot;,\n        \&quot;online\&quot;: false\n    },\n    {\n        \&quot;programId\&quot;: 5297,\n        \&quot;programName\&quot;: \&quot;Csharp\&quot;,\n        \&quot;programDescription\&quot;: \&quot;Testing\&quot;,\n        \&quot;online\&quot;: true\n    },\n    {\n        \&quot;programId\&quot;: 5298,\n        \&quot;programName\&quot;: \&quot;Csharp Modified\&quot;,\n        \&quot;programDescription\&quot;: \&quot;Testing Modified\&quot;,\n        \&quot;online\&quot;: true\n    },\n    {\n        \&quot;programId\&quot;: 5299,\n        \&quot;programName\&quot;: \&quot;Cypress\&quot;,\n        \&quot;programDescription\&quot;: \&quot;Testing edited\&quot;,\n        \&quot;online\&quot;: false\n    },\n    {\n        \&quot;programId\&quot;: 5300,\n        \&quot;programName\&quot;: \&quot;Cypress Modified\&quot;,\n        \&quot;programDescription\&quot;: \&quot;Testing edited Modified\&quot;,\n        \&quot;online\&quot;: false\n    },\n    {\n        \&quot;programId\&quot;: 5301,\n        \&quot;programName\&quot;: \&quot;CoralDraw\&quot;,\n        \&quot;programDescription\&quot;: \&quot;Testing edited\&quot;,\n        \&quot;online\&quot;: true\n    },\n    {\n        \&quot;programId\&quot;: 5302,\n        \&quot;programName\&quot;: \&quot;CoralDraw Modified\&quot;,\n        \&quot;programDescription\&quot;: \&quot;Testing edited Modified\&quot;,\n        \&quot;online\&quot;: true\n    },\n    {\n        \&quot;programId\&quot;: 5303,\n        \&quot;programName\&quot;: \&quot;Adobe Reader\&quot;,\n        \&quot;programDescription\&quot;: \&quot;Testing edited\&quot;,\n        \&quot;online\&quot;: true\n    },\n    {\n        \&quot;programId\&quot;: 5304,\n        \&quot;programName\&quot;: \&quot;Adobe Reader Modified\&quot;,\n        \&quot;programDescription\&quot;: \&quot;Testing edited Modified\&quot;,\n        \&quot;online\&quot;: true\n    },\n    {\n        \&quot;programId\&quot;: 5305,\n        \&quot;programName\&quot;: \&quot;Cucumber Modified\&quot;,\n        \&quot;programDescription\&quot;: \&quot;Testing edited Modified\&quot;,\n        \&quot;online\&quot;: true\n    },\n    {\n        \&quot;programId\&quot;: 5306,\n        \&quot;programName\&quot;: \&quot;Java\&quot;,\n        \&quot;programDescription\&quot;: \&quot;Testing\&quot;,\n        \&quot;online\&quot;: true\n    },\n    {\n        \&quot;programId\&quot;: 5307,\n        \&quot;programName\&quot;: \&quot;Adobe Reader\&quot;,\n        \&quot;programDescription\&quot;: \&quot;Testing edited\&quot;,\n        \&quot;online\&quot;: true\n    },\n    {\n        \&quot;programId\&quot;: 5309,\n        \&quot;programName\&quot;: \&quot;Selenium Modified\&quot;,\n        \&quot;programDescription\&quot;: \&quot;Testing Modified\&quot;,\n        \&quot;online\&quot;: true\n    },\n    {\n        \&quot;programId\&quot;: 5310,\n        \&quot;programName\&quot;: \&quot;Java\&quot;,\n        \&quot;programDescription\&quot;: \&quot;Testing\&quot;,\n        \&quot;online\&quot;: true\n    },\n    {\n        \&quot;programId\&quot;: 5311,\n        \&quot;programName\&quot;: \&quot;Java Modified\&quot;,\n        \&quot;programDescription\&quot;: \&quot;Testing Modified\&quot;,\n        \&quot;online\&quot;: true\n    },\n    {\n        \&quot;programId\&quot;: 5312,\n        \&quot;programName\&quot;: \&quot;Csharp Modified\&quot;,\n        \&quot;programDescription\&quot;: \&quot;Testing Modified\&quot;,\n        \&quot;online\&quot;: true\n    },\n    {\n        \&quot;programId\&quot;: 5313,\n        \&quot;programName\&quot;: \&quot;Cypress Modified\&quot;,\n        \&quot;programDescription\&quot;: \&quot;Testing edited Modified\&quot;,\n        \&quot;online\&quot;: true\n    },\n    {\n        \&quot;programId\&quot;: 5314,\n        \&quot;programName\&quot;: \&quot;CoralDraw Modified\&quot;,\n        \&quot;programDescription\&quot;: \&quot;Testing edited Modified\&quot;,\n        \&quot;online\&quot;: true\n    },\n    {\n        \&quot;programId\&quot;: 5315,\n        \&quot;programName\&quot;: \&quot;Adobe Reader\&quot;,\n        \&quot;programDescription\&quot;: \&quot;Testing edited\&quot;,\n        \&quot;online\&quot;: true\n    },\n    {\n        \&quot;programId\&quot;: 5316,\n        \&quot;programName\&quot;: \&quot;Adobe Reader Modified\&quot;,\n        \&quot;programDescription\&quot;: \&quot;Testing edited Modified\&quot;,\n        \&quot;online\&quot;: true\n    },\n    {\n        \&quot;programId\&quot;: 5317,\n        \&quot;programName\&quot;: \&quot;Cucumber Modified\&quot;,\n        \&quot;programDescription\&quot;: \&quot;Testing edited Modified\&quot;,\n        \&quot;online\&quot;: true\n    },\n    {\n        \&quot;programId\&quot;: 5319,\n        \&quot;programName\&quot;: \&quot;Selenium Modified\&quot;,\n        \&quot;programDescription\&quot;: \&quot;Testing Modified\&quot;,\n        \&quot;online\&quot;: true\n    },\n    {\n        \&quot;programId\&quot;: 5320,\n        \&quot;programName\&quot;: \&quot;Java\&quot;,\n        \&quot;programDescription\&quot;: \&quot;Testing\&quot;,\n        \&quot;online\&quot;: true\n    },\n    {\n        \&quot;programId\&quot;: 5321,\n        \&quot;programName\&quot;: \&quot;Java Modified\&quot;,\n        \&quot;programDescription\&quot;: \&quot;Testing Modified\&quot;,\n        \&quot;online\&quot;: true\n    },\n    {\n        \&quot;programId\&quot;: 5322,\n        \&quot;programName\&quot;: \&quot;Csharp Modified\&quot;,\n        \&quot;programDescription\&quot;: \&quot;Testing Modified\&quot;,\n        \&quot;online\&quot;: true\n    },\n    {\n        \&quot;programId\&quot;: 5323,\n        \&quot;programName\&quot;: \&quot;Cypress Modified\&quot;,\n        \&quot;programDescription\&quot;: \&quot;Testing edited Modified\&quot;,\n        \&quot;online\&quot;: true\n    },\n    {\n        \&quot;programId\&quot;: 5324,\n        \&quot;programName\&quot;: \&quot;CoralDraw Modified\&quot;,\n        \&quot;programDescription\&quot;: \&quot;Testing edited Modified\&quot;,\n        \&quot;online\&quot;: true\n    },\n    {\n        \&quot;programId\&quot;: 5325,\n        \&quot;programName\&quot;: \&quot;Adobe Reader\&quot;,\n        \&quot;programDescription\&quot;: \&quot;Testing edited\&quot;,\n        \&quot;online\&quot;: true\n    },\n    {\n        \&quot;programId\&quot;: 5326,\n        \&quot;programName\&quot;: \&quot;Adobe Reader Modified\&quot;,\n        \&quot;programDescription\&quot;: \&quot;Testing edited Modified\&quot;,\n        \&quot;online\&quot;: true\n    },\n    {\n        \&quot;programId\&quot;: 5327,\n        \&quot;programName\&quot;: \&quot;Cucumber Modified\&quot;,\n        \&quot;programDescription\&quot;: \&quot;Testing edited Modified\&quot;,\n        \&quot;online\&quot;: true\n    },\n    {\n        \&quot;programId\&quot;: 5329,\n        \&quot;programName\&quot;: \&quot;Selenium Modified\&quot;,\n        \&quot;programDescription\&quot;: \&quot;Testing Modified\&quot;,\n        \&quot;online\&quot;: true\n    },\n    {\n        \&quot;programId\&quot;: 5330,\n        \&quot;programName\&quot;: \&quot;Java\&quot;,\n        \&quot;programDescription\&quot;: \&quot;Testing\&quot;,\n        \&quot;online\&quot;: true\n    },\n    {\n        \&quot;programId\&quot;: 5331,\n        \&quot;programName\&quot;: \&quot;Java Modified\&quot;,\n        \&quot;programDescription\&quot;: \&quot;Testing Modified\&quot;,\n        \&quot;online\&quot;: true\n    },\n    {\n        \&quot;programId\&quot;: 5332,\n        \&quot;programName\&quot;: \&quot;Csharp Modified\&quot;,\n        \&quot;programDescription\&quot;: \&quot;Testing Modified\&quot;,\n        \&quot;online\&quot;: true\n    },\n    {\n        \&quot;programId\&quot;: 5333,\n        \&quot;programName\&quot;: \&quot;Cypress Modified\&quot;,\n        \&quot;programDescription\&quot;: \&quot;Testing edited Modified\&quot;,\n        \&quot;online\&quot;: true\n    },\n    {\n        \&quot;programId\&quot;: 5334,\n        \&quot;programName\&quot;: \&quot;CoralDraw Modified\&quot;,\n        \&quot;programDescription\&quot;: \&quot;Testing edited Modified\&quot;,\n        \&quot;online\&quot;: true\n    },\n    {\n        \&quot;programId\&quot;: 5335,\n        \&quot;programName\&quot;: \&quot;Adobe Reader\&quot;,\n        \&quot;programDescription\&quot;: \&quot;Testing edited\&quot;,\n        \&quot;online\&quot;: true\n    },\n    {\n        \&quot;programId\&quot;: 5336,\n        \&quot;programName\&quot;: \&quot;Adobe Reader Modified\&quot;,\n        \&quot;programDescription\&quot;: \&quot;Testing edited Modified\&quot;,\n        \&quot;online\&quot;: true\n    },\n    {\n        \&quot;programId\&quot;: 5337,\n        \&quot;programName\&quot;: \&quot;Cucumber Modified\&quot;,\n        \&quot;programDescription\&quot;: \&quot;Testing edited Modified\&quot;,\n        \&quot;online\&quot;: true\n    },\n    {\n        \&quot;programId\&quot;: 5339,\n        \&quot;programName\&quot;: \&quot;string\&quot;,\n        \&quot;programDescription\&quot;: \&quot;string\&quot;,\n        \&quot;online\&quot;: true\n    },\n    {\n        \&quot;programId\&quot;: 5340,\n        \&quot;programName\&quot;: \&quot;string\&quot;,\n        \&quot;programDescription\&quot;: \&quot;string\&quot;,\n        \&quot;online\&quot;: false\n    },\n    {\n        \&quot;programId\&quot;: 5341,\n        \&quot;programName\&quot;: \&quot;string\&quot;,\n        \&quot;programDescription\&quot;: \&quot;string\&quot;,\n        \&quot;online\&quot;: true\n    },\n    {\n        \&quot;programId\&quot;: 5342,\n        \&quot;programName\&quot;: \&quot;string\&quot;,\n        \&quot;programDescription\&quot;: \&quot;string\&quot;,\n        \&quot;online\&quot;: true\n    },\n    {\n        \&quot;programId\&quot;: 5343,\n        \&quot;programName\&quot;: \&quot;string\&quot;,\n        \&quot;programDescription\&quot;: \&quot;string\&quot;,\n        \&quot;online\&quot;: true\n    },\n    {\n        \&quot;programId\&quot;: 5344,\n        \&quot;programName\&quot;: \&quot;APITesting\&quot;,\n        \&quot;programDescription\&quot;: \&quot;Dipanwita&#039;s program\&quot;,\n        \&quot;online\&quot;: true\n    },\n    {\n        \&quot;programId\&quot;: 5345,\n        \&quot;programName\&quot;: \&quot;APITesting\&quot;,\n        \&quot;programDescription\&quot;: \&quot;Dipanwita&#039;s program\&quot;,\n        \&quot;online\&quot;: true\n    },\n    {\n        \&quot;programId\&quot;: 5346,\n        \&quot;programName\&quot;: \&quot;APITesting\&quot;,\n        \&quot;programDescription\&quot;: \&quot;Dipanwita&#039;s program\&quot;,\n        \&quot;online\&quot;: false\n    },\n    {\n        \&quot;programId\&quot;: 5347,\n        \&quot;programName\&quot;: \&quot;string34\&quot;,\n        \&quot;programDescription\&quot;: \&quot;string34\&quot;,\n        \&quot;online\&quot;: true\n    },\n    {\n        \&quot;programId\&quot;: 5348,\n        \&quot;programName\&quot;: \&quot;batman\&quot;,\n        \&quot;programDescription\&quot;: \&quot;string\&quot;,\n        \&quot;online\&quot;: true\n    },\n    {\n        \&quot;programId\&quot;: 5349,\n        \&quot;programName\&quot;: \&quot;batman\&quot;,\n        \&quot;programDescription\&quot;: \&quot;string\&quot;,\n        \&quot;online\&quot;: true\n    },\n    {\n        \&quot;programId\&quot;: 5350,\n        \&quot;programName\&quot;: \&quot;batman\&quot;,\n        \&quot;programDescription\&quot;: \&quot;string\&quot;,\n        \&quot;online\&quot;: true\n    },\n    {\n        \&quot;programId\&quot;: 5351,\n        \&quot;programName\&quot;: \&quot;batman\&quot;,\n        \&quot;programDescription\&quot;: \&quot;string\&quot;,\n        \&quot;online\&quot;: true\n    },\n    {\n        \&quot;programId\&quot;: 5352,\n        \&quot;programName\&quot;: \&quot;Testing\&quot;,\n        \&quot;programDescription\&quot;: \&quot;Testing\&quot;,\n        \&quot;online\&quot;: true\n    },\n    {\n        \&quot;programId\&quot;: 5353,\n        \&quot;programName\&quot;: \&quot;batman\&quot;,\n        \&quot;programDescription\&quot;: \&quot;string\&quot;,\n        \&quot;online\&quot;: true\n    },\n    {\n        \&quot;programId\&quot;: 5354,\n        \&quot;programName\&quot;: \&quot;batman\&quot;,\n        \&quot;programDescription\&quot;: \&quot;string\&quot;,\n        \&quot;online\&quot;: true\n    },\n    {\n        \&quot;programId\&quot;: 5355,\n        \&quot;programName\&quot;: \&quot;string\&quot;,\n        \&quot;programDescription\&quot;: \&quot;string\&quot;,\n        \&quot;online\&quot;: true\n    },\n    {\n        \&quot;programId\&quot;: 5356,\n        \&quot;programName\&quot;: \&quot;Testing Modified\&quot;,\n        \&quot;programDescription\&quot;: \&quot;Testing Modified\&quot;,\n        \&quot;online\&quot;: true\n    },\n    {\n        \&quot;programId\&quot;: 5357,\n        \&quot;programName\&quot;: \&quot;batman\&quot;,\n        \&quot;programDescription\&quot;: \&quot;string\&quot;,\n        \&quot;online\&quot;: true\n    },\n    {\n        \&quot;programId\&quot;: 5358,\n        \&quot;programName\&quot;: \&quot;Testing Modified\&quot;,\n        \&quot;programDescription\&quot;: \&quot;Testing Modified\&quot;,\n        \&quot;online\&quot;: true\n    },\n    {\n        \&quot;programId\&quot;: 5359,\n        \&quot;programName\&quot;: \&quot;Testing Modified\&quot;,\n        \&quot;programDescription\&quot;: \&quot;Testing Modified\&quot;,\n        \&quot;online\&quot;: true\n    },\n    {\n        \&quot;programId\&quot;: 5361,\n        \&quot;programName\&quot;: \&quot;test\&quot;,\n        \&quot;programDescription\&quot;: \&quot;\&quot;,\n        \&quot;online\&quot;: true\n    },\n    {\n        \&quot;programId\&quot;: 5362,\n        \&quot;programName\&quot;: \&quot;VideoGame\&quot;,\n        \&quot;programDescription\&quot;: \&quot;user friendly\&quot;,\n        \&quot;online\&quot;: true\n    },\n    {\n        \&quot;programId\&quot;: 5363,\n        \&quot;programName\&quot;: \&quot;VideoGame\&quot;,\n        \&quot;programDescription\&quot;: \&quot;user friendly\&quot;,\n        \&quot;online\&quot;: true\n    },\n    {\n        \&quot;programId\&quot;: 5364,\n        \&quot;programName\&quot;: \&quot;VideoGame\&quot;,\n        \&quot;programDescription\&quot;: \&quot;user friendly\&quot;,\n        \&quot;online\&quot;: true\n    },\n    {\n        \&quot;programId\&quot;: 5365,\n        \&quot;programName\&quot;: \&quot;PT1\&quot;,\n        \&quot;programDescription\&quot;: \&quot;TestNG\&quot;,\n        \&quot;online\&quot;: true\n    },\n    {\n        \&quot;programId\&quot;: 5366,\n        \&quot;programName\&quot;: \&quot;PT2\&quot;,\n        \&quot;programDescription\&quot;: \&quot;TestNG\&quot;,\n        \&quot;online\&quot;: true\n    },\n    {\n        \&quot;programId\&quot;: 5367,\n        \&quot;programName\&quot;: \&quot;my name\&quot;,\n        \&quot;programDescription\&quot;: \&quot;mytest\&quot;,\n        \&quot;online\&quot;: true\n    },\n    {\n        \&quot;programId\&quot;: 5368,\n        \&quot;programName\&quot;: \&quot;PT8888\&quot;,\n        \&quot;programDescription\&quot;: \&quot;Tesrrrrr\&quot;,\n        \&quot;online\&quot;: true\n    },\n    {\n        \&quot;programId\&quot;: 7391,\n        \&quot;programName\&quot;: \&quot;testing modify\&quot;,\n        \&quot;programDescription\&quot;: \&quot;testing modify\&quot;,\n        \&quot;online\&quot;: true\n    },\n    {\n        \&quot;programId\&quot;: 5370,\n        \&quot;programName\&quot;: \&quot;Monali\&quot;,\n        \&quot;programDescription\&quot;: \&quot;TestNG\&quot;,\n        \&quot;online\&quot;: true\n    },\n    {\n        \&quot;programId\&quot;: 5379,\n        \&quot;programName\&quot;: \&quot;Selenium Modified\&quot;,\n        \&quot;programDescription\&quot;: \&quot;Testing Modified\&quot;,\n        \&quot;online\&quot;: true\n    },\n    {\n        \&quot;programId\&quot;: 5380,\n        \&quot;programName\&quot;: \&quot;Java\&quot;,\n        \&quot;programDescription\&quot;: \&quot;Testing\&quot;,\n        \&quot;online\&quot;: true\n    },\n    {\n        \&quot;programId\&quot;: 5381,\n        \&quot;programName\&quot;: \&quot;Java Modified\&quot;,\n        \&quot;programDescription\&quot;: \&quot;Testing Modified\&quot;,\n        \&quot;online\&quot;: true\n    },\n    {\n        \&quot;programId\&quot;: 5382,\n        \&quot;programName\&quot;: \&quot;Csharp Modified\&quot;,\n        \&quot;programDescription\&quot;: \&quot;Testing Modified\&quot;,\n        \&quot;online\&quot;: true\n    },\n    {\n        \&quot;programId\&quot;: 5383,\n        \&quot;programName\&quot;: \&quot;Cypress Modified\&quot;,\n        \&quot;programDescription\&quot;: \&quot;Testing edited Modified\&quot;,\n        \&quot;online\&quot;: true\n    },\n    {\n        \&quot;programId\&quot;: 5384,\n        \&quot;programName\&quot;: \&quot;CoralDraw Modified\&quot;,\n        \&quot;programDescription\&quot;: \&quot;Testing edited Modified\&quot;,\n        \&quot;online\&quot;: true\n    },\n    {\n        \&quot;programId\&quot;: 5385,\n        \&quot;programName\&quot;: \&quot;Adobe Reader\&quot;,\n        \&quot;programDescription\&quot;: \&quot;Testing edited\&quot;,\n        \&quot;online\&quot;: true\n    },\n    {\n        \&quot;programId\&quot;: 5386,\n        \&quot;programName\&quot;: \&quot;Adobe Reader Modified\&quot;,\n        \&quot;programDescription\&quot;: \&quot;Testing edited Modified\&quot;,\n        \&quot;online\&quot;: true\n    },\n    {\n        \&quot;programId\&quot;: 5387,\n        \&quot;programName\&quot;: \&quot;Cucumber Modified\&quot;,\n        \&quot;programDescription\&quot;: \&quot;Testing edited Modified\&quot;,\n        \&quot;online\&quot;: true\n    },\n    {\n        \&quot;programId\&quot;: 5389,\n        \&quot;programName\&quot;: \&quot;Java\&quot;,\n        \&quot;programDescription\&quot;: \&quot;Testing\&quot;,\n        \&quot;online\&quot;: false\n    },\n    {\n        \&quot;programId\&quot;: 5390,\n        \&quot;programName\&quot;: \&quot;Csharp\&quot;,\n        \&quot;programDescription\&quot;: \&quot;Testing\&quot;,\n        \&quot;online\&quot;: true\n    },\n    {\n        \&quot;programId\&quot;: 5391,\n        \&quot;programName\&quot;: \&quot;Cypress\&quot;,\n        \&quot;programDescription\&quot;: \&quot;Testing edited\&quot;,\n        \&quot;online\&quot;: false\n    },\n    {\n        \&quot;programId\&quot;: 5392,\n        \&quot;programName\&quot;: \&quot;CoralDraw\&quot;,\n        \&quot;programDescription\&quot;: \&quot;Testing edited\&quot;,\n        \&quot;online\&quot;: true\n    },\n    {\n        \&quot;programId\&quot;: 5393,\n        \&quot;programName\&quot;: \&quot;Adobe Reader\&quot;,\n        \&quot;programDescription\&quot;: \&quot;Testing edited\&quot;,\n        \&quot;online\&quot;: true\n    },\n    {\n        \&quot;programId\&quot;: 5394,\n        \&quot;programName\&quot;: \&quot;Testing\&quot;,\n        \&quot;programDescription\&quot;: \&quot;Testing\&quot;,\n        \&quot;online\&quot;: true\n    },\n    {\n        \&quot;programId\&quot;: 7392,\n        \&quot;programName\&quot;: \&quot;testing modify\&quot;,\n        \&quot;programDescription\&quot;: \&quot;testing modify\&quot;,\n        \&quot;online\&quot;: true\n    },\n    {\n        \&quot;programId\&quot;: 5396,\n        \&quot;programName\&quot;: \&quot;Testing\&quot;,\n        \&quot;programDescription\&quot;: \&quot;Testing\&quot;,\n        \&quot;online\&quot;: true\n    },\n    {\n        \&quot;programId\&quot;: 5397,\n        \&quot;programName\&quot;: \&quot;Testing\&quot;,\n        \&quot;programDescription\&quot;: \&quot;Testing\&quot;,\n        \&quot;online\&quot;: true\n    },\n    {\n        \&quot;programId\&quot;: 5398,\n        \&quot;programName\&quot;: \&quot;Testing\&quot;,\n        \&quot;programDescription\&quot;: \&quot;Testing\&quot;,\n        \&quot;online\&quot;: true\n    },\n    {\n        \&quot;programId\&quot;: 5399,\n        \&quot;programName\&quot;: \&quot;Testing\&quot;,\n        \&quot;programDescription\&quot;: \&quot;Testing\&quot;,\n        \&quot;online\&quot;: true\n    },\n    {\n        \&quot;programId\&quot;: 5400,\n        \&quot;programName\&quot;: \&quot;string\&quot;,\n        \&quot;programDescription\&quot;: \&quot;string\&quot;,\n        \&quot;online\&quot;: true\n    },\n    {\n        \&quot;programId\&quot;: 5401,\n        \&quot;programName\&quot;: \&quot;Robert\&quot;,\n        \&quot;programDescription\&quot;: \&quot;Testing modified\&quot;,\n        \&quot;online\&quot;: true\n    },\n    {\n        \&quot;programId\&quot;: 5402,\n        \&quot;programName\&quot;: \&quot;Robert\&quot;,\n        \&quot;programDescription\&quot;: \&quot;Testing modified\&quot;,\n        \&quot;online\&quot;: true\n    },\n    {\n        \&quot;programId\&quot;: 5403,\n        \&quot;programName\&quot;: \&quot;Robert\&quot;,\n        \&quot;programDescription\&quot;: \&quot;Testing modified\&quot;,\n        \&quot;online\&quot;: true\n    },\n    {\n        \&quot;programId\&quot;: 5404,\n        \&quot;programName\&quot;: \&quot;Robert\&quot;,\n        \&quot;programDescription\&quot;: \&quot;Testing modified from postman\&quot;,\n        \&quot;online\&quot;: true\n    },\n    {\n        \&quot;programId\&quot;: 5405,\n        \&quot;programName\&quot;: \&quot;Robert\&quot;,\n        \&quot;programDescription\&quot;: \&quot;Testing modified\&quot;,\n        \&quot;online\&quot;: true\n    },\n    {\n        \&quot;programId\&quot;: 5406,\n        \&quot;programName\&quot;: \&quot;Robert\&quot;,\n        \&quot;programDescription\&quot;: \&quot;Testing modified\&quot;,\n        \&quot;online\&quot;: true\n    },\n    {\n        \&quot;programId\&quot;: 5407,\n        \&quot;programName\&quot;: \&quot;Testing\&quot;,\n        \&quot;programDescription\&quot;: \&quot;Testing\&quot;,\n        \&quot;online\&quot;: true\n    },\n    {\n        \&quot;programId\&quot;: 5408,\n        \&quot;programName\&quot;: \&quot;Robert\&quot;,\n        \&quot;programDescription\&quot;: \&quot;Testing modified\&quot;,\n        \&quot;online\&quot;: true\n    },\n    {\n        \&quot;programId\&quot;: 5409,\n        \&quot;programName\&quot;: \&quot;Automation Testing\&quot;,\n        \&quot;programDescription\&quot;: \&quot;RestAssured Postman\&quot;,\n        \&quot;online\&quot;: false\n    },\n    {\n        \&quot;programId\&quot;: 5410,\n        \&quot;programName\&quot;: \&quot;cucumber learning modified\&quot;,\n        \&quot;programDescription\&quot;: \&quot;cucumber learning\&quot;,\n        \&quot;online\&quot;: false\n    },\n    {\n        \&quot;programId\&quot;: 9320,\n        \&quot;programName\&quot;: \&quot;QA\&quot;,\n        \&quot;programDescription\&quot;: \&quot;BASICS\&quot;,\n        \&quot;online\&quot;: true\n    },\n    {\n        \&quot;programId\&quot;: 5412,\n        \&quot;programName\&quot;: \&quot;Blank testing\&quot;,\n        \&quot;programDescription\&quot;: \&quot;\&quot;,\n        \&quot;online\&quot;: false\n    },\n    {\n        \&quot;programId\&quot;: 5413,\n        \&quot;programName\&quot;: \&quot;API Testing\&quot;,\n        \&quot;programDescription\&quot;: \&quot;RestAssured Postman\&quot;,\n        \&quot;online\&quot;: false\n    },\n    {\n        \&quot;programId\&quot;: 5414,\n        \&quot;programName\&quot;: \&quot;API Testing\&quot;,\n        \&quot;programDescription\&quot;: \&quot;Selenium Postman\&quot;,\n        \&quot;online\&quot;: false\n    },\n    {\n        \&quot;programId\&quot;: 5415,\n        \&quot;programName\&quot;: \&quot;cucumber learning modified\&quot;,\n        \&quot;programDescription\&quot;: \&quot;cucumber learning\&quot;,\n        \&quot;online\&quot;: false\n    },\n    {\n        \&quot;programId\&quot;: 5416,\n        \&quot;programName\&quot;: \&quot;SDET\&quot;,\n        \&quot;programDescription\&quot;: \&quot;Selenium Postman\&quot;,\n        \&quot;online\&quot;: true\n    },\n    {\n        \&quot;programId\&quot;: 5417,\n        \&quot;programName\&quot;: \&quot;Blank testing\&quot;,\n        \&quot;programDescription\&quot;: \&quot;\&quot;,\n        \&quot;online\&quot;: false\n    },\n    {\n        \&quot;programId\&quot;: 5418,\n        \&quot;programName\&quot;: \&quot;API Testing\&quot;,\n        \&quot;programDescription\&quot;: \&quot;RestAssured Postman\&quot;,\n        \&quot;online\&quot;: false\n    },\n    {\n        \&quot;programId\&quot;: 5419,\n        \&quot;programName\&quot;: \&quot;API Testing\&quot;,\n        \&quot;programDescription\&quot;: \&quot;Selenium Postman\&quot;,\n        \&quot;online\&quot;: false\n    },\n    {\n        \&quot;programId\&quot;: 5420,\n        \&quot;programName\&quot;: \&quot;Automation Testing\&quot;,\n        \&quot;programDescription\&quot;: \&quot;RestAssured Postman\&quot;,\n        \&quot;online\&quot;: false\n    },\n    {\n        \&quot;programId\&quot;: 5421,\n        \&quot;programName\&quot;: \&quot;cucumber learning modified\&quot;,\n        \&quot;programDescription\&quot;: \&quot;cucumber learning\&quot;,\n        \&quot;online\&quot;: false\n    },\n    {\n        \&quot;programId\&quot;: 5422,\n        \&quot;programName\&quot;: \&quot;SDET\&quot;,\n        \&quot;programDescription\&quot;: \&quot;Selenium Postman\&quot;,\n        \&quot;online\&quot;: true\n    },\n    {\n        \&quot;programId\&quot;: 5423,\n        \&quot;programName\&quot;: \&quot;Blank testing\&quot;,\n        \&quot;programDescription\&quot;: \&quot;\&quot;,\n        \&quot;online\&quot;: false\n    },\n    {\n        \&quot;programId\&quot;: 5424,\n        \&quot;programName\&quot;: \&quot;API Testing\&quot;,\n        \&quot;programDescription\&quot;: \&quot;RestAssured Postman\&quot;,\n        \&quot;online\&quot;: false\n    },\n    {\n        \&quot;programId\&quot;: 5425,\n        \&quot;programName\&quot;: \&quot;API Testing\&quot;,\n        \&quot;programDescription\&quot;: \&quot;Selenium Postman\&quot;,\n        \&quot;online\&quot;: false\n    },\n    {\n        \&quot;programId\&quot;: 5426,\n        \&quot;programName\&quot;: \&quot;Automation Testing\&quot;,\n        \&quot;programDescription\&quot;: \&quot;RestAssured Postman\&quot;,\n        \&quot;online\&quot;: false\n    },\n    {\n        \&quot;programId\&quot;: 5427,\n        \&quot;programName\&quot;: \&quot;Automation Testing\&quot;,\n        \&quot;programDescription\&quot;: \&quot;RestAssured Postman\&quot;,\n        \&quot;online\&quot;: false\n    },\n    {\n        \&quot;programId\&quot;: 5428,\n        \&quot;programName\&quot;: \&quot;Developer\&quot;,\n        \&quot;programDescription\&quot;: \&quot;dd\&quot;,\n        \&quot;online\&quot;: true\n    },\n    {\n        \&quot;programId\&quot;: 5429,\n        \&quot;programName\&quot;: \&quot;Developer\&quot;,\n        \&quot;programDescription\&quot;: \&quot;dd\&quot;,\n        \&quot;online\&quot;: false\n    },\n    {\n        \&quot;programId\&quot;: 5430,\n        \&quot;programName\&quot;: \&quot;Developer\&quot;,\n        \&quot;programDescription\&quot;: \&quot;dd\&quot;,\n        \&quot;online\&quot;: false\n    },\n    {\n        \&quot;programId\&quot;: 5431,\n        \&quot;programName\&quot;: \&quot;Developer\&quot;,\n        \&quot;programDescription\&quot;: \&quot;dd\&quot;,\n        \&quot;online\&quot;: false\n    },\n    {\n        \&quot;programId\&quot;: 5432,\n        \&quot;programName\&quot;: \&quot;Java\&quot;,\n        \&quot;programDescription\&quot;: \&quot;Testing\&quot;,\n        \&quot;online\&quot;: false\n    },\n    {\n        \&quot;programId\&quot;: 5433,\n        \&quot;programName\&quot;: \&quot;Csharp\&quot;,\n        \&quot;programDescription\&quot;: \&quot;Testing\&quot;,\n        \&quot;online\&quot;: true\n    },\n    {\n        \&quot;programId\&quot;: 5434,\n        \&quot;programName\&quot;: \&quot;Cypress\&quot;,\n        \&quot;programDescription\&quot;: \&quot;Testing edited\&quot;,\n        \&quot;online\&quot;: false\n    },\n    {\n        \&quot;programId\&quot;: 5435,\n        \&quot;programName\&quot;: \&quot;CoralDraw\&quot;,\n        \&quot;programDescription\&quot;: \&quot;Testing edited\&quot;,\n        \&quot;online\&quot;: true\n    },\n    {\n        \&quot;programId\&quot;: 5436,\n        \&quot;programName\&quot;: \&quot;Adobe Reader\&quot;,\n        \&quot;programDescription\&quot;: \&quot;Testing edited\&quot;,\n        \&quot;online\&quot;: true\n    },\n    {\n        \&quot;programId\&quot;: 5437,\n        \&quot;programName\&quot;: \&quot;cucumber learning modified\&quot;,\n        \&quot;programDescription\&quot;: \&quot;cucumber learning\&quot;,\n        \&quot;online\&quot;: false\n    },\n    {\n        \&quot;programId\&quot;: 5439,\n        \&quot;programName\&quot;: \&quot;Blank testing\&quot;,\n        \&quot;programDescription\&quot;: \&quot;\&quot;,\n        \&quot;online\&quot;: false\n    },\n    {\n        \&quot;programId\&quot;: 5440,\n        \&quot;programName\&quot;: \&quot;API Testing\&quot;,\n        \&quot;programDescription\&quot;: \&quot;RestAssured Postman\&quot;,\n        \&quot;online\&quot;: false\n    },\n    {\n        \&quot;programId\&quot;: 5441,\n        \&quot;programName\&quot;: \&quot;API Testing\&quot;,\n        \&quot;programDescription\&quot;: \&quot;Selenium Postman\&quot;,\n        \&quot;online\&quot;: false\n    },\n    {\n        \&quot;programId\&quot;: 5442,\n        \&quot;programName\&quot;: \&quot;cucumber learning modified\&quot;,\n        \&quot;programDescription\&quot;: \&quot;cucumber learning\&quot;,\n        \&quot;online\&quot;: false\n    },\n    {\n        \&quot;programId\&quot;: 5443,\n        \&quot;programName\&quot;: \&quot;SDET\&quot;,\n        \&quot;programDescription\&quot;: \&quot;Selenium Postman\&quot;,\n        \&quot;online\&quot;: true\n    },\n    {\n        \&quot;programId\&quot;: 5444,\n        \&quot;programName\&quot;: \&quot;Blank testing\&quot;,\n        \&quot;programDescription\&quot;: \&quot;\&quot;,\n        \&quot;online\&quot;: false\n    },\n    {\n        \&quot;programId\&quot;: 5445,\n        \&quot;programName\&quot;: \&quot;API Testing\&quot;,\n        \&quot;programDescription\&quot;: \&quot;RestAssured Postman\&quot;,\n        \&quot;online\&quot;: false\n    },\n    {\n        \&quot;programId\&quot;: 5446,\n        \&quot;programName\&quot;: \&quot;API Testing\&quot;,\n        \&quot;programDescription\&quot;: \&quot;Selenium Postman\&quot;,\n        \&quot;online\&quot;: false\n    },\n    {\n        \&quot;programId\&quot;: 5447,\n        \&quot;programName\&quot;: \&quot;cucumber learning modified\&quot;,\n        \&quot;programDescription\&quot;: \&quot;cucumber learning\&quot;,\n        \&quot;online\&quot;: false\n    },\n    {\n        \&quot;programId\&quot;: 5448,\n        \&quot;programName\&quot;: \&quot;SDET\&quot;,\n        \&quot;programDescription\&quot;: \&quot;Selenium Postman\&quot;,\n        \&quot;online\&quot;: true\n    },\n    {\n        \&quot;programId\&quot;: 5449,\n        \&quot;programName\&quot;: \&quot;Blank testing\&quot;,\n        \&quot;programDescription\&quot;: \&quot;\&quot;,\n        \&quot;online\&quot;: false\n    },\n    {\n        \&quot;programId\&quot;: 5450,\n        \&quot;programName\&quot;: \&quot;API Testing\&quot;,\n        \&quot;programDescription\&quot;: \&quot;RestAssured Postman\&quot;,\n        \&quot;online\&quot;: false\n    },\n    {\n        \&quot;programId\&quot;: 5451,\n        \&quot;programName\&quot;: \&quot;API Testing\&quot;,\n        \&quot;programDescription\&quot;: \&quot;Selenium Postman\&quot;,\n        \&quot;online\&quot;: false\n    },\n    {\n        \&quot;programId\&quot;: 5452,\n        \&quot;programName\&quot;: \&quot;cucumber learning modified\&quot;,\n        \&quot;programDescription\&quot;: \&quot;cucumber learning\&quot;,\n        \&quot;online\&quot;: false\n    },\n    {\n        \&quot;programId\&quot;: 5453,\n        \&quot;programName\&quot;: \&quot;SDET\&quot;,\n        \&quot;programDescription\&quot;: \&quot;Selenium Postman\&quot;,\n        \&quot;online\&quot;: true\n    },\n    {\n        \&quot;programId\&quot;: 5454,\n        \&quot;programName\&quot;: \&quot;Blank testing\&quot;,\n        \&quot;programDescription\&quot;: \&quot;\&quot;,\n        \&quot;online\&quot;: false\n    },\n    {\n        \&quot;programId\&quot;: 5455,\n        \&quot;programName\&quot;: \&quot;API Testing\&quot;,\n        \&quot;programDescription\&quot;: \&quot;RestAssured Postman\&quot;,\n        \&quot;online\&quot;: false\n    },\n    {\n        \&quot;programId\&quot;: 5456,\n        \&quot;programName\&quot;: \&quot;API Testing\&quot;,\n        \&quot;programDescription\&quot;: \&quot;Selenium Postman\&quot;,\n        \&quot;online\&quot;: false\n    },\n    {\n        \&quot;programId\&quot;: 5457,\n        \&quot;programName\&quot;: \&quot;cucumber learning modified\&quot;,\n        \&quot;programDescription\&quot;: \&quot;cucumber learning\&quot;,\n        \&quot;online\&quot;: false\n    },\n    {\n        \&quot;programId\&quot;: 5458,\n        \&quot;programName\&quot;: \&quot;SDET\&quot;,\n        \&quot;programDescription\&quot;: \&quot;Selenium Postman\&quot;,\n        \&quot;online\&quot;: true\n    },\n    {\n        \&quot;programId\&quot;: 5459,\n        \&quot;programName\&quot;: \&quot;Blank testing\&quot;,\n        \&quot;programDescription\&quot;: \&quot;\&quot;,\n        \&quot;online\&quot;: false\n    },\n    {\n        \&quot;programId\&quot;: 5460,\n        \&quot;programName\&quot;: \&quot;API Testing\&quot;,\n        \&quot;programDescription\&quot;: \&quot;RestAssured Postman\&quot;,\n        \&quot;online\&quot;: false\n    },\n    {\n        \&quot;programId\&quot;: 5461,\n        \&quot;programName\&quot;: \&quot;API Testing\&quot;,\n        \&quot;programDescription\&quot;: \&quot;Selenium Postman\&quot;,\n        \&quot;online\&quot;: false\n    },\n    {\n        \&quot;programId\&quot;: 5462,\n        \&quot;programName\&quot;: \&quot;Updating ProgramName for 272\&quot;,\n        \&quot;programDescription\&quot;: \&quot;Updating programDescription\&quot;,\n        \&quot;online\&quot;: false\n    },\n    {\n        \&quot;programId\&quot;: 5463,\n        \&quot;programName\&quot;: \&quot;Testing\&quot;,\n        \&quot;programDescription\&quot;: \&quot;Testing\&quot;,\n        \&quot;online\&quot;: true\n    },\n    {\n        \&quot;programId\&quot;: 5464,\n        \&quot;programName\&quot;: \&quot;Updating ProgramName for 273\&quot;,\n        \&quot;programDescription\&quot;: \&quot;Updating programDescription\&quot;,\n        \&quot;online\&quot;: true\n    },\n    {\n        \&quot;programId\&quot;: 1849,\n        \&quot;programName\&quot;: \&quot;&amp;%Test\&quot;,\n        \&quot;programDescription\&quot;: \&quot;API Testing\&quot;,\n        \&quot;online\&quot;: true\n    },\n    {\n        \&quot;programId\&quot;: 5465,\n        \&quot;programName\&quot;: \&quot;Testing\&quot;,\n        \&quot;programDescription\&quot;: \&quot;AutomationTesting\&quot;,\n        \&quot;online\&quot;: true\n    },\n    {\n        \&quot;programId\&quot;: 5466,\n        \&quot;programName\&quot;: \&quot;cucumber learning modified\&quot;,\n        \&quot;programDescription\&quot;: \&quot;cucumber learning\&quot;,\n        \&quot;online\&quot;: false\n    },\n    {\n        \&quot;programId\&quot;: 5467,\n        \&quot;programName\&quot;: \&quot;SDET\&quot;,\n        \&quot;programDescription\&quot;: \&quot;Selenium Postman\&quot;,\n        \&quot;online\&quot;: true\n    },\n    {\n        \&quot;programId\&quot;: 5468,\n        \&quot;programName\&quot;: \&quot;Blank testing\&quot;,\n        \&quot;programDescription\&quot;: \&quot;\&quot;,\n        \&quot;online\&quot;: false\n    },\n    {\n        \&quot;programId\&quot;: 5469,\n        \&quot;programName\&quot;: \&quot;API Testing\&quot;,\n        \&quot;programDescription\&quot;: \&quot;RestAssured Postman\&quot;,\n        \&quot;online\&quot;: false\n    },\n    {\n        \&quot;programId\&quot;: 5470,\n        \&quot;programName\&quot;: \&quot;API Testing\&quot;,\n        \&quot;programDescription\&quot;: \&quot;Selenium Postman\&quot;,\n        \&quot;online\&quot;: false\n    },\n    {\n        \&quot;programId\&quot;: 5471,\n        \&quot;programName\&quot;: \&quot;Updating ProgramName for 272\&quot;,\n        \&quot;programDescription\&quot;: \&quot;Updating programDescription\&quot;,\n        \&quot;online\&quot;: false\n    },\n    {\n        \&quot;programId\&quot;: 5472,\n        \&quot;programName\&quot;: \&quot;Testing\&quot;,\n        \&quot;programDescription\&quot;: \&quot;Testing\&quot;,\n        \&quot;online\&quot;: true\n    },\n    {\n        \&quot;programId\&quot;: 5473,\n        \&quot;programName\&quot;: \&quot;Updating ProgramName for 273\&quot;,\n        \&quot;programDescription\&quot;: \&quot;Updating programDescription\&quot;,\n        \&quot;online\&quot;: true\n    },\n    {\n        \&quot;programId\&quot;: 5474,\n        \&quot;programName\&quot;: \&quot;Testing\&quot;,\n        \&quot;programDescription\&quot;: \&quot;AutomationTesting\&quot;,\n        \&quot;online\&quot;: true\n    },\n    {\n        \&quot;programId\&quot;: 5475,\n        \&quot;programName\&quot;: \&quot;cucumber learning modified\&quot;,\n        \&quot;programDescription\&quot;: \&quot;cucumber learning\&quot;,\n        \&quot;online\&quot;: false\n    },\n    {\n        \&quot;programId\&quot;: 5476,\n        \&quot;programName\&quot;: \&quot;SDET\&quot;,\n        \&quot;programDescription\&quot;: \&quot;Selenium Postman\&quot;,\n        \&quot;online\&quot;: true\n    },\n    {\n        \&quot;programId\&quot;: 5477,\n        \&quot;programName\&quot;: \&quot;Blank testing\&quot;,\n        \&quot;programDescription\&quot;: \&quot;\&quot;,\n        \&quot;online\&quot;: false\n    },\n    {\n        \&quot;programId\&quot;: 5478,\n        \&quot;programName\&quot;: \&quot;API Testing\&quot;,\n        \&quot;programDescription\&quot;: \&quot;RestAssured Postman\&quot;,\n        \&quot;online\&quot;: false\n    },\n    {\n        \&quot;programId\&quot;: 5479,\n        \&quot;programName\&quot;: \&quot;API Testing\&quot;,\n        \&quot;programDescription\&quot;: \&quot;Selenium Postman\&quot;,\n        \&quot;online\&quot;: false\n    },\n    {\n        \&quot;programId\&quot;: 5480,\n        \&quot;programName\&quot;: \&quot;Updating ProgramName for 272\&quot;,\n        \&quot;programDescription\&quot;: \&quot;Updating programDescription\&quot;,\n        \&quot;online\&quot;: false\n    },\n    {\n        \&quot;programId\&quot;: 5481,\n        \&quot;programName\&quot;: \&quot;Testing\&quot;,\n        \&quot;programDescription\&quot;: \&quot;Testing\&quot;,\n        \&quot;online\&quot;: true\n    },\n    {\n        \&quot;programId\&quot;: 5482,\n        \&quot;programName\&quot;: \&quot;Updating ProgramName for 273\&quot;,\n        \&quot;programDescription\&quot;: \&quot;Updating programDescription\&quot;,\n        \&quot;online\&quot;: true\n    },\n    {\n        \&quot;programId\&quot;: 5483,\n        \&quot;programName\&quot;: \&quot;Testing\&quot;,\n        \&quot;programDescription\&quot;: \&quot;AutomationTesting\&quot;,\n        \&quot;online\&quot;: true\n    },\n    {\n        \&quot;programId\&quot;: 5484,\n        \&quot;programName\&quot;: \&quot;cucumber learning modified\&quot;,\n        \&quot;programDescription\&quot;: \&quot;cucumber learning\&quot;,\n        \&quot;online\&quot;: false\n    },\n    {\n        \&quot;programId\&quot;: 5485,\n        \&quot;programName\&quot;: \&quot;SDET\&quot;,\n        \&quot;programDescription\&quot;: \&quot;Selenium Postman\&quot;,\n        \&quot;online\&quot;: true\n    },\n    {\n        \&quot;programId\&quot;: 5486,\n        \&quot;programName\&quot;: \&quot;Blank testing\&quot;,\n        \&quot;programDescription\&quot;: \&quot;\&quot;,\n        \&quot;online\&quot;: false\n    },\n    {\n        \&quot;programId\&quot;: 5487,\n        \&quot;programName\&quot;: \&quot;API Testing\&quot;,\n        \&quot;programDescription\&quot;: \&quot;RestAssured Postman\&quot;,\n        \&quot;online\&quot;: false\n    },\n    {\n        \&quot;programId\&quot;: 5488,\n        \&quot;programName\&quot;: \&quot;API Testing\&quot;,\n        \&quot;programDescription\&quot;: \&quot;Selenium Postman\&quot;,\n        \&quot;online\&quot;: false\n    },\n    {\n        \&quot;programId\&quot;: 5489,\n        \&quot;programName\&quot;: \&quot;Updating ProgramName for 272\&quot;,\n        \&quot;programDescription\&quot;: \&quot;Updating programDescription\&quot;,\n        \&quot;online\&quot;: false\n    },\n    {\n        \&quot;programId\&quot;: 5490,\n        \&quot;programName\&quot;: \&quot;Testing\&quot;,\n        \&quot;programDescription\&quot;: \&quot;Testing\&quot;,\n        \&quot;online\&quot;: true\n    },\n    {\n        \&quot;programId\&quot;: 5491,\n        \&quot;programName\&quot;: \&quot;Updating ProgramName for 273\&quot;,\n        \&quot;programDescription\&quot;: \&quot;Updating programDescription\&quot;,\n        \&quot;online\&quot;: true\n    },\n    {\n        \&quot;programId\&quot;: 5492,\n        \&quot;programName\&quot;: \&quot;Testing\&quot;,\n        \&quot;programDescription\&quot;: \&quot;AutomationTesting\&quot;,\n        \&quot;online\&quot;: true\n    },\n    {\n        \&quot;programId\&quot;: 5493,\n        \&quot;programName\&quot;: \&quot;cucumber learning modified\&quot;,\n        \&quot;programDescription\&quot;: \&quot;cucumber learning\&quot;,\n        \&quot;online\&quot;: false\n    },\n    {\n        \&quot;programId\&quot;: 5494,\n        \&quot;programName\&quot;: \&quot;SDET\&quot;,\n        \&quot;programDescription\&quot;: \&quot;Selenium Postman\&quot;,\n        \&quot;online\&quot;: true\n    },\n    {\n        \&quot;programId\&quot;: 5000,\n        \&quot;programName\&quot;: \&quot;Selenium\&quot;,\n        \&quot;programDescription\&quot;: \&quot;Testing\&quot;,\n        \&quot;online\&quot;: true\n    },\n    {\n        \&quot;programId\&quot;: 1056,\n        \&quot;programName\&quot;: \&quot;modified today\&quot;,\n        \&quot;programDescription\&quot;: \&quot;modidied today\&quot;,\n        \&quot;online\&quot;: true\n    },\n    {\n        \&quot;programId\&quot;: 5495,\n        \&quot;programName\&quot;: \&quot;Blank testing\&quot;,\n        \&quot;programDescription\&quot;: \&quot;\&quot;,\n        \&quot;online\&quot;: false\n    },\n    {\n        \&quot;programId\&quot;: 5496,\n        \&quot;programName\&quot;: \&quot;API Testing\&quot;,\n        \&quot;programDescription\&quot;: \&quot;RestAssured Postman\&quot;,\n        \&quot;online\&quot;: false\n    },\n    {\n        \&quot;programId\&quot;: 5497,\n        \&quot;programName\&quot;: \&quot;API Testing\&quot;,\n        \&quot;programDescription\&quot;: \&quot;Selenium Postman\&quot;,\n        \&quot;online\&quot;: false\n    },\n    {\n        \&quot;programId\&quot;: 5498,\n        \&quot;programName\&quot;: \&quot;Updating ProgramName for 272\&quot;,\n        \&quot;programDescription\&quot;: \&quot;Updating programDescription\&quot;,\n        \&quot;online\&quot;: false\n    },\n    {\n        \&quot;programId\&quot;: 5499,\n        \&quot;programName\&quot;: \&quot;Testing\&quot;,\n        \&quot;programDescription\&quot;: \&quot;Testing\&quot;,\n        \&quot;online\&quot;: true\n    },\n    {\n        \&quot;programId\&quot;: 5500,\n        \&quot;programName\&quot;: \&quot;Updating ProgramName for 273\&quot;,\n        \&quot;programDescription\&quot;: \&quot;Updating programDescription\&quot;,\n        \&quot;online\&quot;: true\n    },\n    {\n        \&quot;programId\&quot;: 5501,\n        \&quot;programName\&quot;: \&quot;Testing\&quot;,\n        \&quot;programDescription\&quot;: \&quot;AutomationTesting\&quot;,\n        \&quot;online\&quot;: true\n    },\n    {\n        \&quot;programId\&quot;: 5502,\n        \&quot;programName\&quot;: \&quot;SME\&quot;,\n        \&quot;programDescription\&quot;: \&quot;HealthCare\&quot;,\n        \&quot;online\&quot;: false\n    },\n    {\n        \&quot;programId\&quot;: 5503,\n        \&quot;programName\&quot;: \&quot;Scrum Master\&quot;,\n        \&quot;programDescription\&quot;: \&quot;Agile\&quot;,\n        \&quot;online\&quot;: false\n    },\n    {\n        \&quot;programId\&quot;: 5504,\n        \&quot;programName\&quot;: \&quot;Backend Developer\&quot;,\n        \&quot;programDescription\&quot;: \&quot;Sql Developer\&quot;,\n        \&quot;online\&quot;: false\n    },\n    {\n        \&quot;programId\&quot;: 5505,\n        \&quot;programName\&quot;: \&quot;Updating ProgramName for 272\&quot;,\n        \&quot;programDescription\&quot;: \&quot;Updating programDescription\&quot;,\n        \&quot;online\&quot;: false\n    },\n    {\n        \&quot;programId\&quot;: 5506,\n        \&quot;programName\&quot;: \&quot;Testing\&quot;,\n        \&quot;programDescription\&quot;: \&quot;Testing\&quot;,\n        \&quot;online\&quot;: true\n    },\n    {\n        \&quot;programId\&quot;: 5507,\n        \&quot;programName\&quot;: \&quot;Updating ProgramName for 273\&quot;,\n        \&quot;programDescription\&quot;: \&quot;Updating programDescription\&quot;,\n        \&quot;online\&quot;: true\n    },\n    {\n        \&quot;programId\&quot;: 5508,\n        \&quot;programName\&quot;: \&quot;Testing\&quot;,\n        \&quot;programDescription\&quot;: \&quot;AutomationTesting\&quot;,\n        \&quot;online\&quot;: true\n    },\n    {\n        \&quot;programId\&quot;: 5509,\n        \&quot;programName\&quot;: \&quot;Updating ProgramName for 272\&quot;,\n        \&quot;programDescription\&quot;: \&quot;Updating programDescription\&quot;,\n        \&quot;online\&quot;: false\n    },\n    {\n        \&quot;programId\&quot;: 5510,\n        \&quot;programName\&quot;: \&quot;Testing\&quot;,\n        \&quot;programDescription\&quot;: \&quot;Testing\&quot;,\n        \&quot;online\&quot;: true\n    },\n    {\n        \&quot;programId\&quot;: 5511,\n        \&quot;programName\&quot;: \&quot;Updating ProgramName for 273\&quot;,\n        \&quot;programDescription\&quot;: \&quot;Updating programDescription\&quot;,\n        \&quot;online\&quot;: true\n    },\n    {\n        \&quot;programId\&quot;: 5512,\n        \&quot;programName\&quot;: \&quot;Testing\&quot;,\n        \&quot;programDescription\&quot;: \&quot;AutomationTesting\&quot;,\n        \&quot;online\&quot;: true\n    },\n    {\n        \&quot;programId\&quot;: 5513,\n        \&quot;programName\&quot;: \&quot;Updating ProgramName for 272\&quot;,\n        \&quot;programDescription\&quot;: \&quot;Updating programDescription\&quot;,\n        \&quot;online\&quot;: false\n    },\n    {\n        \&quot;programId\&quot;: 5514,\n        \&quot;programName\&quot;: \&quot;Testing\&quot;,\n        \&quot;programDescription\&quot;: \&quot;Testing\&quot;,\n        \&quot;online\&quot;: true\n    },\n    {\n        \&quot;programId\&quot;: 5515,\n        \&quot;programName\&quot;: \&quot;Updating ProgramName for 273\&quot;,\n        \&quot;programDescription\&quot;: \&quot;Updating programDescription\&quot;,\n        \&quot;online\&quot;: true\n    },\n    {\n        \&quot;programId\&quot;: 5516,\n        \&quot;programName\&quot;: \&quot;Testing\&quot;,\n        \&quot;programDescription\&quot;: \&quot;AutomationTesting\&quot;,\n        \&quot;online\&quot;: true\n    },\n    {\n        \&quot;programId\&quot;: 5517,\n        \&quot;programName\&quot;: \&quot;Updating ProgramName for 272\&quot;,\n        \&quot;programDescription\&quot;: \&quot;Updating programDescription\&quot;,\n        \&quot;online\&quot;: false\n    },\n    {\n        \&quot;programId\&quot;: 5518,\n        \&quot;programName\&quot;: \&quot;Testing\&quot;,\n        \&quot;programDescription\&quot;: \&quot;Testing\&quot;,\n        \&quot;online\&quot;: true\n    },\n    {\n        \&quot;programId\&quot;: 5519,\n        \&quot;programName\&quot;: \&quot;Updating ProgramName for 273\&quot;,\n        \&quot;programDescription\&quot;: \&quot;Updating programDescription\&quot;,\n        \&quot;online\&quot;: true\n    },\n    {\n        \&quot;programId\&quot;: 5520,\n        \&quot;programName\&quot;: \&quot;Testing\&quot;,\n        \&quot;programDescription\&quot;: \&quot;AutomationTesting\&quot;,\n        \&quot;online\&quot;: true\n    },\n    {\n        \&quot;programId\&quot;: 5521,\n        \&quot;programName\&quot;: \&quot;Updating ProgramName for 272\&quot;,\n        \&quot;programDescription\&quot;: \&quot;Updating programDescription\&quot;,\n        \&quot;online\&quot;: false\n    },\n    {\n        \&quot;programId\&quot;: 5522,\n        \&quot;programName\&quot;: \&quot;Testing\&quot;,\n        \&quot;programDescription\&quot;: \&quot;Testing\&quot;,\n        \&quot;online\&quot;: true\n    },\n    {\n        \&quot;programId\&quot;: 5523,\n        \&quot;programName\&quot;: \&quot;Updating ProgramName for 273\&quot;,\n        \&quot;programDescription\&quot;: \&quot;Updating programDescription\&quot;,\n        \&quot;online\&quot;: true\n    },\n    {\n        \&quot;programId\&quot;: 5524,\n        \&quot;programName\&quot;: \&quot;Testing\&quot;,\n        \&quot;programDescription\&quot;: \&quot;AutomationTesting\&quot;,\n        \&quot;online\&quot;: true\n    },\n    {\n        \&quot;programId\&quot;: 5525,\n        \&quot;programName\&quot;: \&quot;Updating ProgramName for 272\&quot;,\n        \&quot;programDescription\&quot;: \&quot;Updating programDescription\&quot;,\n        \&quot;online\&quot;: false\n    },\n    {\n        \&quot;programId\&quot;: 5526,\n        \&quot;programName\&quot;: \&quot;Testing\&quot;,\n        \&quot;programDescription\&quot;: \&quot;Testing\&quot;,\n        \&quot;online\&quot;: true\n    },\n    {\n        \&quot;programId\&quot;: 5527,\n        \&quot;programName\&quot;: \&quot;Updating ProgramName for 273\&quot;,\n        \&quot;programDescription\&quot;: \&quot;Updating programDescription\&quot;,\n        \&quot;online\&quot;: true\n    },\n    {\n        \&quot;programId\&quot;: 5528,\n        \&quot;programName\&quot;: \&quot;Testing\&quot;,\n        \&quot;programDescription\&quot;: \&quot;AutomationTesting\&quot;,\n        \&quot;online\&quot;: true\n    },\n    {\n        \&quot;programId\&quot;: 5529,\n        \&quot;programName\&quot;: \&quot;Updating ProgramName for 272\&quot;,\n        \&quot;programDescription\&quot;: \&quot;Updating programDescription\&quot;,\n        \&quot;online\&quot;: false\n    },\n    {\n        \&quot;programId\&quot;: 5530,\n        \&quot;programName\&quot;: \&quot;Testing\&quot;,\n        \&quot;programDescription\&quot;: \&quot;Testing\&quot;,\n        \&quot;online\&quot;: true\n    },\n    {\n        \&quot;programId\&quot;: 5531,\n        \&quot;programName\&quot;: \&quot;Updating ProgramName for 273\&quot;,\n        \&quot;programDescription\&quot;: \&quot;Updating programDescription\&quot;,\n        \&quot;online\&quot;: true\n    },\n    {\n        \&quot;programId\&quot;: 5532,\n        \&quot;programName\&quot;: \&quot;Testing\&quot;,\n        \&quot;programDescription\&quot;: \&quot;AutomationTesting\&quot;,\n        \&quot;online\&quot;: true\n    },\n    {\n        \&quot;programId\&quot;: 5533,\n        \&quot;programName\&quot;: \&quot;Updating ProgramName for 272\&quot;,\n        \&quot;programDescription\&quot;: \&quot;Updating programDescription\&quot;,\n        \&quot;online\&quot;: false\n    },\n    {\n        \&quot;programId\&quot;: 5534,\n        \&quot;programName\&quot;: \&quot;Testing\&quot;,\n        \&quot;programDescription\&quot;: \&quot;Testing\&quot;,\n        \&quot;online\&quot;: true\n    },\n    {\n        \&quot;programId\&quot;: 5535,\n        \&quot;programName\&quot;: \&quot;Updating ProgramName for 273\&quot;,\n        \&quot;programDescription\&quot;: \&quot;Updating programDescription\&quot;,\n        \&quot;online\&quot;: true\n    },\n    {\n        \&quot;programId\&quot;: 5536,\n        \&quot;programName\&quot;: \&quot;Testing\&quot;,\n        \&quot;programDescription\&quot;: \&quot;AutomationTesting\&quot;,\n        \&quot;online\&quot;: true\n    },\n    {\n        \&quot;programId\&quot;: 5537,\n        \&quot;programName\&quot;: \&quot;Updating ProgramName for 272\&quot;,\n        \&quot;programDescription\&quot;: \&quot;Updating programDescription\&quot;,\n        \&quot;online\&quot;: false\n    },\n    {\n        \&quot;programId\&quot;: 5538,\n        \&quot;programName\&quot;: \&quot;Testing\&quot;,\n        \&quot;programDescription\&quot;: \&quot;Testing\&quot;,\n        \&quot;online\&quot;: true\n    },\n    {\n        \&quot;programId\&quot;: 5539,\n        \&quot;programName\&quot;: \&quot;Updating ProgramName for 273\&quot;,\n        \&quot;programDescription\&quot;: \&quot;Updating programDescription\&quot;,\n        \&quot;online\&quot;: true\n    },\n    {\n        \&quot;programId\&quot;: 5540,\n        \&quot;programName\&quot;: \&quot;Testing\&quot;,\n        \&quot;programDescription\&quot;: \&quot;AutomationTesting\&quot;,\n        \&quot;online\&quot;: true\n    },\n    {\n        \&quot;programId\&quot;: 5541,\n        \&quot;programName\&quot;: \&quot;Updating ProgramName for 272\&quot;,\n        \&quot;programDescription\&quot;: \&quot;Updating programDescription\&quot;,\n        \&quot;online\&quot;: false\n    },\n    {\n        \&quot;programId\&quot;: 5542,\n        \&quot;programName\&quot;: \&quot;Testing\&quot;,\n        \&quot;programDescription\&quot;: \&quot;Testing\&quot;,\n        \&quot;online\&quot;: true\n    },\n    {\n        \&quot;programId\&quot;: 5543,\n        \&quot;programName\&quot;: \&quot;Updating ProgramName for 273\&quot;,\n        \&quot;programDescription\&quot;: \&quot;Updating programDescription\&quot;,\n        \&quot;online\&quot;: true\n    },\n    {\n        \&quot;programId\&quot;: 5544,\n        \&quot;programName\&quot;: \&quot;Testing\&quot;,\n        \&quot;programDescription\&quot;: \&quot;AutomationTesting\&quot;,\n        \&quot;online\&quot;: true\n    },\n    {\n        \&quot;programId\&quot;: 5545,\n        \&quot;programName\&quot;: \&quot;Updating ProgramName for 272\&quot;,\n        \&quot;programDescription\&quot;: \&quot;Updating programDescription\&quot;,\n        \&quot;online\&quot;: false\n    },\n    {\n        \&quot;programId\&quot;: 5546,\n        \&quot;programName\&quot;: \&quot;Testing\&quot;,\n        \&quot;programDescription\&quot;: \&quot;Testing\&quot;,\n        \&quot;online\&quot;: true\n    },\n    {\n        \&quot;programId\&quot;: 5548,\n        \&quot;programName\&quot;: \&quot;Testing\&quot;,\n        \&quot;programDescription\&quot;: \&quot;AutomationTesting\&quot;,\n        \&quot;online\&quot;: true\n    },\n    {\n        \&quot;programId\&quot;: 5549,\n        \&quot;programName\&quot;: \&quot;Updating ProgramName for 272\&quot;,\n        \&quot;programDescription\&quot;: \&quot;Updating programDescription\&quot;,\n        \&quot;online\&quot;: false\n    },\n    {\n        \&quot;programId\&quot;: 5550,\n        \&quot;programName\&quot;: \&quot;Testing\&quot;,\n        \&quot;programDescription\&quot;: \&quot;Testing\&quot;,\n        \&quot;online\&quot;: true\n    },\n    {\n        \&quot;programId\&quot;: 5551,\n        \&quot;programName\&quot;: \&quot;Updating ProgramName for 273\&quot;,\n        \&quot;programDescription\&quot;: \&quot;Updating programDescription\&quot;,\n        \&quot;online\&quot;: true\n    },\n    {\n        \&quot;programId\&quot;: 5552,\n        \&quot;programName\&quot;: \&quot;Testing\&quot;,\n        \&quot;programDescription\&quot;: \&quot;AutomationTesting\&quot;,\n        \&quot;online\&quot;: true\n    },\n    {\n        \&quot;programId\&quot;: 5553,\n        \&quot;programName\&quot;: \&quot;Updating ProgramName for 272\&quot;,\n        \&quot;programDescription\&quot;: \&quot;Updating programDescription\&quot;,\n        \&quot;online\&quot;: false\n    },\n    {\n        \&quot;programId\&quot;: 5554,\n        \&quot;programName\&quot;: \&quot;Testing\&quot;,\n        \&quot;programDescription\&quot;: \&quot;Testing\&quot;,\n        \&quot;online\&quot;: true\n    },\n    {\n        \&quot;programId\&quot;: 5556,\n        \&quot;programName\&quot;: \&quot;Testing\&quot;,\n        \&quot;programDescription\&quot;: \&quot;AutomationTesting\&quot;,\n        \&quot;online\&quot;: true\n    },\n    {\n        \&quot;programId\&quot;: 5557,\n        \&quot;programName\&quot;: \&quot;Updating ProgramName for 272\&quot;,\n        \&quot;programDescription\&quot;: \&quot;Updating programDescription\&quot;,\n        \&quot;online\&quot;: false\n    },\n    {\n        \&quot;programId\&quot;: 5558,\n        \&quot;programName\&quot;: \&quot;Testing\&quot;,\n        \&quot;programDescription\&quot;: \&quot;Testing\&quot;,\n        \&quot;online\&quot;: true\n    },\n    {\n        \&quot;programId\&quot;: 5559,\n        \&quot;programName\&quot;: \&quot;Updating ProgramName for 273\&quot;,\n        \&quot;programDescription\&quot;: \&quot;Updating programDescription\&quot;,\n        \&quot;online\&quot;: true\n    },\n    {\n        \&quot;programId\&quot;: 5560,\n        \&quot;programName\&quot;: \&quot;Testing\&quot;,\n        \&quot;programDescription\&quot;: \&quot;AutomationTesting\&quot;,\n        \&quot;online\&quot;: true\n    },\n    {\n        \&quot;programId\&quot;: 5561,\n        \&quot;programName\&quot;: \&quot;Updating ProgramName for 272\&quot;,\n        \&quot;programDescription\&quot;: \&quot;Updating programDescription\&quot;,\n        \&quot;online\&quot;: false\n    },\n    {\n        \&quot;programId\&quot;: 5562,\n        \&quot;programName\&quot;: \&quot;Testing\&quot;,\n        \&quot;programDescription\&quot;: \&quot;Testing\&quot;,\n        \&quot;online\&quot;: true\n    },\n    {\n        \&quot;programId\&quot;: 5563,\n        \&quot;programName\&quot;: \&quot;Updating ProgramName for 273\&quot;,\n        \&quot;programDescription\&quot;: \&quot;Updating programDescription\&quot;,\n        \&quot;online\&quot;: true\n    },\n    {\n        \&quot;programId\&quot;: 5564,\n        \&quot;programName\&quot;: \&quot;Testing\&quot;,\n        \&quot;programDescription\&quot;: \&quot;AutomationTesting\&quot;,\n        \&quot;online\&quot;: true\n    },\n    {\n        \&quot;programId\&quot;: 5565,\n        \&quot;programName\&quot;: \&quot;Updating ProgramName for 272\&quot;,\n        \&quot;programDescription\&quot;: \&quot;Updating programDescription\&quot;,\n        \&quot;online\&quot;: false\n    },\n    {\n        \&quot;programId\&quot;: 5566,\n        \&quot;programName\&quot;: \&quot;Testing\&quot;,\n        \&quot;programDescription\&quot;: \&quot;Testing\&quot;,\n        \&quot;online\&quot;: true\n    },\n    {\n        \&quot;programId\&quot;: 5567,\n        \&quot;programName\&quot;: \&quot;Updating ProgramName for 273\&quot;,\n        \&quot;programDescription\&quot;: \&quot;Updating programDescription\&quot;,\n        \&quot;online\&quot;: true\n    },\n    {\n        \&quot;programId\&quot;: 5568,\n        \&quot;programName\&quot;: \&quot;Testing\&quot;,\n        \&quot;programDescription\&quot;: \&quot;AutomationTesting\&quot;,\n        \&quot;online\&quot;: true\n    },\n    {\n        \&quot;programId\&quot;: 5569,\n        \&quot;programName\&quot;: \&quot;cucumber learning modified\&quot;,\n        \&quot;programDescription\&quot;: \&quot;cucumber learning\&quot;,\n        \&quot;online\&quot;: false\n    },\n    {\n        \&quot;programId\&quot;: 5570,\n        \&quot;programName\&quot;: \&quot;SDET\&quot;,\n        \&quot;programDescription\&quot;: \&quot;Selenium Postman\&quot;,\n        \&quot;online\&quot;: true\n    },\n    {\n        \&quot;programId\&quot;: 5571,\n        \&quot;programName\&quot;: \&quot;Blank testing\&quot;,\n        \&quot;programDescription\&quot;: \&quot;\&quot;,\n        \&quot;online\&quot;: false\n    },\n    {\n        \&quot;programId\&quot;: 5572,\n        \&quot;programName\&quot;: \&quot;API Testing\&quot;,\n        \&quot;programDescription\&quot;: \&quot;RestAssured Postman\&quot;,\n        \&quot;online\&quot;: false\n    },\n    {\n        \&quot;programId\&quot;: 5573,\n        \&quot;programName\&quot;: \&quot;API Testing\&quot;,\n        \&quot;programDescription\&quot;: \&quot;Selenium Postman\&quot;,\n        \&quot;online\&quot;: false\n    },\n    {\n        \&quot;programId\&quot;: 5574,\n        \&quot;programName\&quot;: \&quot;Updating ProgramName for 272\&quot;,\n        \&quot;programDescription\&quot;: \&quot;Updating programDescription\&quot;,\n        \&quot;online\&quot;: false\n    },\n    {\n        \&quot;programId\&quot;: 5578,\n        \&quot;programName\&quot;: \&quot;cucumber learning modified\&quot;,\n        \&quot;programDescription\&quot;: \&quot;cucumber learning\&quot;,\n        \&quot;online\&quot;: false\n    },\n    {\n        \&quot;programId\&quot;: 5579,\n        \&quot;programName\&quot;: \&quot;SDET\&quot;,\n        \&quot;programDescription\&quot;: \&quot;Selenium Postman\&quot;,\n        \&quot;online\&quot;: true\n    },\n    {\n        \&quot;programId\&quot;: 5582,\n        \&quot;programName\&quot;: \&quot;API Testing\&quot;,\n        \&quot;programDescription\&quot;: \&quot;Selenium Postman\&quot;,\n        \&quot;online\&quot;: false\n    },\n    {\n        \&quot;programId\&quot;: 5583,\n        \&quot;programName\&quot;: \&quot;Updating ProgramName for 272\&quot;,\n        \&quot;programDescription\&quot;: \&quot;Updating programDescription\&quot;,\n        \&quot;online\&quot;: false\n    },\n    {\n        \&quot;programId\&quot;: 5584,\n        \&quot;programName\&quot;: \&quot;Testing\&quot;,\n        \&quot;programDescription\&quot;: \&quot;Testing\&quot;,\n        \&quot;online\&quot;: true\n    },\n    {\n        \&quot;programId\&quot;: 5585,\n        \&quot;programName\&quot;: \&quot;Updating ProgramName for 273\&quot;,\n        \&quot;programDescription\&quot;: \&quot;Updating programDescription\&quot;,\n        \&quot;online\&quot;: true\n    },\n    {\n        \&quot;programId\&quot;: 5586,\n        \&quot;programName\&quot;: \&quot;Testing\&quot;,\n        \&quot;programDescription\&quot;: \&quot;AutomationTesting\&quot;,\n        \&quot;online\&quot;: true\n    },\n    {\n        \&quot;programId\&quot;: 5587,\n        \&quot;programName\&quot;: \&quot;cucumber learning modified\&quot;,\n        \&quot;programDescription\&quot;: \&quot;cucumber learning\&quot;,\n        \&quot;online\&quot;: false\n    },\n    {\n        \&quot;programId\&quot;: 5588,\n        \&quot;programName\&quot;: \&quot;SDET\&quot;,\n        \&quot;programDescription\&quot;: \&quot;Selenium Postman\&quot;,\n        \&quot;online\&quot;: true\n    },\n    {\n        \&quot;programId\&quot;: 5589,\n        \&quot;programName\&quot;: \&quot;Blank testing\&quot;,\n        \&quot;programDescription\&quot;: \&quot;\&quot;,\n        \&quot;online\&quot;: false\n    },\n    {\n        \&quot;programId\&quot;: 5590,\n        \&quot;programName\&quot;: \&quot;API Testing\&quot;,\n        \&quot;programDescription\&quot;: \&quot;RestAssured Postman\&quot;,\n        \&quot;online\&quot;: false\n    },\n    {\n        \&quot;programId\&quot;: 5591,\n        \&quot;programName\&quot;: \&quot;API Testing\&quot;,\n        \&quot;programDescription\&quot;: \&quot;Selenium Postman\&quot;,\n        \&quot;online\&quot;: false\n    },\n    {\n        \&quot;programId\&quot;: 5592,\n        \&quot;programName\&quot;: \&quot;Updating ProgramName for 272\&quot;,\n        \&quot;programDescription\&quot;: \&quot;Updating programDescription\&quot;,\n        \&quot;online\&quot;: false\n    },\n    {\n        \&quot;programId\&quot;: 5593,\n        \&quot;programName\&quot;: \&quot;Testing\&quot;,\n        \&quot;programDescription\&quot;: \&quot;Testing\&quot;,\n        \&quot;online\&quot;: true\n    },\n    {\n        \&quot;programId\&quot;: 5598,\n        \&quot;programName\&quot;: \&quot;Backend Developer\&quot;,\n        \&quot;programDescription\&quot;: \&quot;Sql Developer\&quot;,\n        \&quot;online\&quot;: false\n    },\n    {\n        \&quot;programId\&quot;: 5575,\n        \&quot;programName\&quot;: \&quot;Python\&quot;,\n        \&quot;programDescription\&quot;: \&quot;Python\&quot;,\n        \&quot;online\&quot;: true\n    },\n    {\n        \&quot;programId\&quot;: 5576,\n        \&quot;programName\&quot;: \&quot;Spring\&quot;,\n        \&quot;programDescription\&quot;: \&quot;Spring Boot Training\&quot;,\n        \&quot;online\&quot;: true\n    },\n    {\n        \&quot;programId\&quot;: 5577,\n        \&quot;programName\&quot;: \&quot;Selenium Training\&quot;,\n        \&quot;programDescription\&quot;: \&quot;Selenium with python\&quot;,\n        \&quot;online\&quot;: true\n    },\n    {\n        \&quot;programId\&quot;: 5594,\n        \&quot;programName\&quot;: \&quot;Python\&quot;,\n        \&quot;programDescription\&quot;: \&quot;Python\&quot;,\n        \&quot;online\&quot;: true\n    },\n    {\n        \&quot;programId\&quot;: 5595,\n        \&quot;programName\&quot;: \&quot;Spring\&quot;,\n        \&quot;programDescription\&quot;: \&quot;Spring Boot Training\&quot;,\n        \&quot;online\&quot;: true\n    },\n    {\n        \&quot;programId\&quot;: 5599,\n        \&quot;programName\&quot;: \&quot;Testing\&quot;,\n        \&quot;programDescription\&quot;: \&quot;Testing\&quot;,\n        \&quot;online\&quot;: true\n    },\n    {\n        \&quot;programId\&quot;: 7340,\n        \&quot;programName\&quot;: \&quot;testing modify\&quot;,\n        \&quot;programDescription\&quot;: \&quot;testing modify\&quot;,\n        \&quot;online\&quot;: true\n    },\n    {\n        \&quot;programId\&quot;: 5601,\n        \&quot;programName\&quot;: \&quot;string\&quot;,\n        \&quot;programDescription\&quot;: \&quot;string\&quot;,\n        \&quot;online\&quot;: true\n    },\n    {\n        \&quot;programId\&quot;: 5602,\n        \&quot;programName\&quot;: \&quot;Williams\&quot;,\n        \&quot;programDescription\&quot;: \&quot;Testing modified\&quot;,\n        \&quot;online\&quot;: true\n    },\n    {\n        \&quot;programId\&quot;: 5604,\n        \&quot;programName\&quot;: \&quot;batman \&quot;,\n        \&quot;programDescription\&quot;: \&quot;string\&quot;,\n        \&quot;online\&quot;: true\n    },\n    {\n        \&quot;programId\&quot;: 5605,\n        \&quot;programName\&quot;: \&quot;ironman\&quot;,\n        \&quot;programDescription\&quot;: \&quot;string\&quot;,\n        \&quot;online\&quot;: true\n    },\n    {\n        \&quot;programId\&quot;: 5606,\n        \&quot;programName\&quot;: \&quot;java\&quot;,\n        \&quot;programDescription\&quot;: \&quot;core java\&quot;,\n        \&quot;online\&quot;: true\n    },\n    {\n        \&quot;programId\&quot;: 5607,\n        \&quot;programName\&quot;: \&quot;Multipal Digit Testing\&quot;,\n        \&quot;programDescription\&quot;: \&quot;Program ID Testing\&quot;,\n        \&quot;online\&quot;: true\n    },\n    {\n        \&quot;programId\&quot;: 5608,\n        \&quot;programName\&quot;: \&quot;Testing\&quot;,\n        \&quot;programDescription\&quot;: \&quot;string\&quot;,\n        \&quot;online\&quot;: true\n    },\n    {\n        \&quot;programId\&quot;: 5679,\n        \&quot;programName\&quot;: \&quot;java\&quot;,\n        \&quot;programDescription\&quot;: \&quot;java Developer\&quot;,\n        \&quot;online\&quot;: true\n    },\n    {\n        \&quot;programId\&quot;: 5610,\n        \&quot;programName\&quot;: \&quot;cucumber learning modified\&quot;,\n        \&quot;programDescription\&quot;: \&quot;cucumber learning\&quot;,\n        \&quot;online\&quot;: false\n    },\n    {\n        \&quot;programId\&quot;: 5611,\n        \&quot;programName\&quot;: \&quot;Testing API\&quot;,\n        \&quot;programDescription\&quot;: \&quot;Testing API\&quot;,\n        \&quot;online\&quot;: true\n    },\n    {\n        \&quot;programId\&quot;: 5612,\n        \&quot;programName\&quot;: \&quot;Testing API\&quot;,\n        \&quot;programDescription\&quot;: \&quot;Testing API\&quot;,\n        \&quot;online\&quot;: true\n    },\n    {\n        \&quot;programId\&quot;: 5613,\n        \&quot;programName\&quot;: \&quot;Testing API\&quot;,\n        \&quot;programDescription\&quot;: \&quot;Testing API\&quot;,\n        \&quot;online\&quot;: true\n    },\n    {\n        \&quot;programId\&quot;: 5614,\n        \&quot;programName\&quot;: \&quot;Testing API\&quot;,\n        \&quot;programDescription\&quot;: \&quot;Testing API\&quot;,\n        \&quot;online\&quot;: true\n    },\n    {\n        \&quot;programId\&quot;: 5615,\n        \&quot;programName\&quot;: \&quot;cucumber learning modified\&quot;,\n        \&quot;programDescription\&quot;: \&quot;cucumber learning\&quot;,\n        \&quot;online\&quot;: false\n    },\n    {\n        \&quot;programId\&quot;: 5616,\n        \&quot;programName\&quot;: \&quot;SDET\&quot;,\n        \&quot;programDescription\&quot;: \&quot;Selenium Postman\&quot;,\n        \&quot;online\&quot;: true\n    },\n    {\n        \&quot;programId\&quot;: 5617,\n        \&quot;programName\&quot;: \&quot;Blank testing\&quot;,\n        \&quot;programDescription\&quot;: \&quot;\&quot;,\n        \&quot;online\&quot;: false\n    },\n    {\n        \&quot;programId\&quot;: 5618,\n        \&quot;programName\&quot;: \&quot;API Testing\&quot;,\n        \&quot;programDescription\&quot;: \&quot;RestAssured Postman\&quot;,\n        \&quot;online\&quot;: false\n    },\n    {\n        \&quot;programId\&quot;: 5619,\n        \&quot;programName\&quot;: \&quot;API Testing\&quot;,\n        \&quot;programDescription\&quot;: \&quot;Selenium Postman\&quot;,\n        \&quot;online\&quot;: false\n    },\n    {\n        \&quot;programId\&quot;: 5620,\n        \&quot;programName\&quot;: \&quot;Updating ProgramName for 272\&quot;,\n        \&quot;programDescription\&quot;: \&quot;Updating programDescription\&quot;,\n        \&quot;online\&quot;: false\n    },\n    {\n        \&quot;programId\&quot;: 5621,\n        \&quot;programName\&quot;: \&quot;Testing\&quot;,\n        \&quot;programDescription\&quot;: \&quot;Testing\&quot;,\n        \&quot;online\&quot;: true\n    },\n    {\n        \&quot;programId\&quot;: 5622,\n        \&quot;programName\&quot;: \&quot;Updating ProgramName for 273\&quot;,\n        \&quot;programDescription\&quot;: \&quot;Updating programDescription\&quot;,\n        \&quot;online\&quot;: true\n    },\n    {\n        \&quot;programId\&quot;: 5623,\n        \&quot;programName\&quot;: \&quot;Testing\&quot;,\n        \&quot;programDescription\&quot;: \&quot;AutomationTesting\&quot;,\n        \&quot;online\&quot;: true\n    },\n    {\n        \&quot;programId\&quot;: 5624,\n        \&quot;programName\&quot;: \&quot;SDET\&quot;,\n        \&quot;programDescription\&quot;: \&quot;Automation testing\&quot;,\n        \&quot;online\&quot;: true\n    },\n    {\n        \&quot;programId\&quot;: 5625,\n        \&quot;programName\&quot;: \&quot;SDET\&quot;,\n        \&quot;programDescription\&quot;: \&quot;\&quot;,\n        \&quot;online\&quot;: true\n    },\n    {\n        \&quot;programId\&quot;: 5626,\n        \&quot;programName\&quot;: \&quot;DS\&quot;,\n        \&quot;programDescription\&quot;: \&quot;data science\&quot;,\n        \&quot;online\&quot;: false\n    },\n    {\n        \&quot;programId\&quot;: 5627,\n        \&quot;programName\&quot;: \&quot;SDET\&quot;,\n        \&quot;programDescription\&quot;: \&quot;Automation testing\&quot;,\n        \&quot;online\&quot;: true\n    },\n    {\n        \&quot;programId\&quot;: 5628,\n        \&quot;programName\&quot;: \&quot;SDET\&quot;,\n        \&quot;programDescription\&quot;: \&quot;\&quot;,\n        \&quot;online\&quot;: true\n    },\n    {\n        \&quot;programId\&quot;: 5629,\n        \&quot;programName\&quot;: \&quot;DS\&quot;,\n        \&quot;programDescription\&quot;: \&quot;data science\&quot;,\n        \&quot;online\&quot;: false\n    },\n    {\n        \&quot;programId\&quot;: 5630,\n        \&quot;programName\&quot;: \&quot;1234\&quot;,\n        \&quot;programDescription\&quot;: \&quot;Automation Testing\&quot;,\n        \&quot;online\&quot;: true\n    },\n    {\n        \&quot;programId\&quot;: 5631,\n        \&quot;programName\&quot;: \&quot;SDET26\&quot;,\n        \&quot;programDescription\&quot;: \&quot;Automation testing\&quot;,\n        \&quot;online\&quot;: true\n    },\n    {\n        \&quot;programId\&quot;: 5632,\n        \&quot;programName\&quot;: \&quot;DS\&quot;,\n        \&quot;programDescription\&quot;: \&quot;data science\&quot;,\n        \&quot;online\&quot;: false\n    },\n    {\n        \&quot;programId\&quot;: 5633,\n        \&quot;programName\&quot;: \&quot;VideoGame\&quot;,\n        \&quot;programDescription\&quot;: \&quot;user friendly\&quot;,\n        \&quot;online\&quot;: true\n    },\n    {\n        \&quot;programId\&quot;: 5634,\n        \&quot;programName\&quot;: \&quot;VideoGame\&quot;,\n        \&quot;programDescription\&quot;: \&quot;user friendly\&quot;,\n        \&quot;online\&quot;: true\n    },\n    {\n        \&quot;programId\&quot;: 5635,\n        \&quot;programName\&quot;: \&quot;cucumber learning modified\&quot;,\n        \&quot;programDescription\&quot;: \&quot;cucumber learning\&quot;,\n        \&quot;online\&quot;: false\n    },\n    {\n        \&quot;programId\&quot;: 5636,\n        \&quot;programName\&quot;: \&quot;SDET\&quot;,\n        \&quot;programDescription\&quot;: \&quot;Selenium Postman\&quot;,\n        \&quot;online\&quot;: true\n    },\n    {\n        \&quot;programId\&quot;: 5637,\n        \&quot;programName\&quot;: \&quot;Blank testing\&quot;,\n        \&quot;programDescription\&quot;: \&quot;\&quot;,\n        \&quot;online\&quot;: false\n    },\n    {\n        \&quot;programId\&quot;: 5638,\n        \&quot;programName\&quot;: \&quot;API Testing\&quot;,\n        \&quot;programDescription\&quot;: \&quot;RestAssured Postman\&quot;,\n        \&quot;online\&quot;: false\n    },\n    {\n        \&quot;programId\&quot;: 5639,\n        \&quot;programName\&quot;: \&quot;API Testing\&quot;,\n        \&quot;programDescription\&quot;: \&quot;Selenium Postman\&quot;,\n        \&quot;online\&quot;: false\n    },\n    {\n        \&quot;programId\&quot;: 5640,\n        \&quot;programName\&quot;: \&quot;Updating ProgramName for 272\&quot;,\n        \&quot;programDescription\&quot;: \&quot;Updating programDescription\&quot;,\n        \&quot;online\&quot;: false\n    },\n    {\n        \&quot;programId\&quot;: 5641,\n        \&quot;programName\&quot;: \&quot;Testing\&quot;,\n        \&quot;programDescription\&quot;: \&quot;Testing\&quot;,\n        \&quot;online\&quot;: true\n    },\n    {\n        \&quot;programId\&quot;: 5642,\n        \&quot;programName\&quot;: \&quot;Updating ProgramName for 273\&quot;,\n        \&quot;programDescription\&quot;: \&quot;Updating programDescription\&quot;,\n        \&quot;online\&quot;: true\n    },\n    {\n        \&quot;programId\&quot;: 5643,\n        \&quot;programName\&quot;: \&quot;Testing\&quot;,\n        \&quot;programDescription\&quot;: \&quot;AutomationTesting\&quot;,\n        \&quot;online\&quot;: true\n    },\n    {\n        \&quot;programId\&quot;: 5644,\n        \&quot;programName\&quot;: \&quot;SDET26\&quot;,\n        \&quot;programDescription\&quot;: \&quot;Automation testing\&quot;,\n        \&quot;online\&quot;: true\n    },\n    {\n        \&quot;programId\&quot;: 5645,\n        \&quot;programName\&quot;: \&quot;DS\&quot;,\n        \&quot;programDescription\&quot;: \&quot;data science\&quot;,\n        \&quot;online\&quot;: false\n    },\n    {\n        \&quot;programId\&quot;: 5646,\n        \&quot;programName\&quot;: \&quot;SDET26\&quot;,\n        \&quot;programDescription\&quot;: \&quot;Automation testing\&quot;,\n        \&quot;online\&quot;: true\n    },\n    {\n        \&quot;programId\&quot;: 5647,\n        \&quot;programName\&quot;: \&quot;DS\&quot;,\n        \&quot;programDescription\&quot;: \&quot;data science\&quot;,\n        \&quot;online\&quot;: false\n    },\n    {\n        \&quot;programId\&quot;: 5648,\n        \&quot;programName\&quot;: \&quot;SDET26\&quot;,\n        \&quot;programDescription\&quot;: \&quot;Automation testing\&quot;,\n        \&quot;online\&quot;: true\n    },\n    {\n        \&quot;programId\&quot;: 5649,\n        \&quot;programName\&quot;: \&quot;DS\&quot;,\n        \&quot;programDescription\&quot;: \&quot;data science\&quot;,\n        \&quot;online\&quot;: false\n    },\n    {\n        \&quot;programId\&quot;: 5650,\n        \&quot;programName\&quot;: \&quot;HappyLife\&quot;,\n        \&quot;programDescription\&quot;: \&quot;string\&quot;,\n        \&quot;online\&quot;: true\n    },\n    {\n        \&quot;programId\&quot;: 5651,\n        \&quot;programName\&quot;: \&quot;HappyLife\&quot;,\n        \&quot;programDescription\&quot;: \&quot;string\&quot;,\n        \&quot;online\&quot;: true\n    },\n    {\n        \&quot;programId\&quot;: 5652,\n        \&quot;programName\&quot;: \&quot;SDET26\&quot;,\n        \&quot;programDescription\&quot;: \&quot;Automation testing\&quot;,\n        \&quot;online\&quot;: true\n    },\n    {\n        \&quot;programId\&quot;: 5653,\n        \&quot;programName\&quot;: \&quot;DS\&quot;,\n        \&quot;programDescription\&quot;: \&quot;data science\&quot;,\n        \&quot;online\&quot;: false\n    },\n    {\n        \&quot;programId\&quot;: 5654,\n        \&quot;programName\&quot;: \&quot;SDET26\&quot;,\n        \&quot;programDescription\&quot;: \&quot;Automation testing\&quot;,\n        \&quot;online\&quot;: true\n    },\n    {\n        \&quot;programId\&quot;: 5655,\n        \&quot;programName\&quot;: \&quot;DS\&quot;,\n        \&quot;programDescription\&quot;: \&quot;data science\&quot;,\n        \&quot;online\&quot;: false\n    },\n    {\n        \&quot;programId\&quot;: 5656,\n        \&quot;programName\&quot;: \&quot;Monali\&quot;,\n        \&quot;programDescription\&quot;: \&quot;TestNG\&quot;,\n        \&quot;online\&quot;: true\n    },\n    {\n        \&quot;programId\&quot;: 5657,\n        \&quot;programName\&quot;: \&quot;cucumber learning modified\&quot;,\n        \&quot;programDescription\&quot;: \&quot;cucumber learning\&quot;,\n        \&quot;online\&quot;: false\n    },\n    {\n        \&quot;programId\&quot;: 5658,\n        \&quot;programName\&quot;: \&quot;SDET\&quot;,\n        \&quot;programDescription\&quot;: \&quot;Selenium Postman\&quot;,\n        \&quot;online\&quot;: true\n    },\n    {\n        \&quot;programId\&quot;: 5659,\n        \&quot;programName\&quot;: \&quot;Blank testing\&quot;,\n        \&quot;programDescription\&quot;: \&quot;\&quot;,\n        \&quot;online\&quot;: false\n    },\n    {\n        \&quot;programId\&quot;: 5660,\n        \&quot;programName\&quot;: \&quot;API Testing\&quot;,\n        \&quot;programDescription\&quot;: \&quot;RestAssured Postman\&quot;,\n        \&quot;online\&quot;: false\n    },\n    {\n        \&quot;programId\&quot;: 5661,\n        \&quot;programName\&quot;: \&quot;API Testing\&quot;,\n        \&quot;programDescription\&quot;: \&quot;Selenium Postman\&quot;,\n        \&quot;online\&quot;: false\n    },\n    {\n        \&quot;programId\&quot;: 5662,\n        \&quot;programName\&quot;: \&quot;Updating ProgramName for 272\&quot;,\n        \&quot;programDescription\&quot;: \&quot;Updating programDescription\&quot;,\n        \&quot;online\&quot;: false\n    },\n    {\n        \&quot;programId\&quot;: 5666,\n        \&quot;programName\&quot;: \&quot;SDET26\&quot;,\n        \&quot;programDescription\&quot;: \&quot;Automation testing\&quot;,\n        \&quot;online\&quot;: true\n    },\n    {\n        \&quot;programId\&quot;: 5667,\n        \&quot;programName\&quot;: \&quot;DS\&quot;,\n        \&quot;programDescription\&quot;: \&quot;data science\&quot;,\n        \&quot;online\&quot;: false\n    },\n    {\n        \&quot;programId\&quot;: 5668,\n        \&quot;programName\&quot;: \&quot;Java\&quot;,\n        \&quot;programDescription\&quot;: \&quot;Testing\&quot;,\n        \&quot;online\&quot;: false\n    },\n    {\n        \&quot;programId\&quot;: 5669,\n        \&quot;programName\&quot;: \&quot;Csharp\&quot;,\n        \&quot;programDescription\&quot;: \&quot;Testing\&quot;,\n        \&quot;online\&quot;: true\n    },\n    {\n        \&quot;programId\&quot;: 5672,\n        \&quot;programName\&quot;: \&quot;Adobe Reader\&quot;,\n        \&quot;programDescription\&quot;: \&quot;Testing edited\&quot;,\n        \&quot;online\&quot;: true\n    },\n    {\n        \&quot;programId\&quot;: 5673,\n        \&quot;programName\&quot;: \&quot;string\&quot;,\n        \&quot;programDescription\&quot;: \&quot;string\&quot;,\n        \&quot;online\&quot;: true\n    },\n    {\n        \&quot;programId\&quot;: 9249,\n        \&quot;programName\&quot;: \&quot;via automation programName\&quot;,\n        \&quot;programDescription\&quot;: \&quot;via automation programDescription\&quot;,\n        \&quot;online\&quot;: true\n    },\n    {\n        \&quot;programId\&quot;: 5675,\n        \&quot;programName\&quot;: \&quot;Selenium Modified\&quot;,\n        \&quot;programDescription\&quot;: \&quot;Testing Modified\&quot;,\n        \&quot;online\&quot;: true\n    },\n    {\n        \&quot;programId\&quot;: 5676,\n        \&quot;programName\&quot;: \&quot;DS\&quot;,\n        \&quot;programDescription\&quot;: \&quot;data science\&quot;,\n        \&quot;online\&quot;: false\n    },\n    {\n        \&quot;programId\&quot;: 5677,\n        \&quot;programName\&quot;: \&quot;Java\&quot;,\n        \&quot;programDescription\&quot;: \&quot;Testing\&quot;,\n        \&quot;online\&quot;: false\n    },\n    {\n        \&quot;programId\&quot;: 5678,\n        \&quot;programName\&quot;: \&quot;Java Modified\&quot;,\n        \&quot;programDescription\&quot;: \&quot;Testing Modified\&quot;,\n        \&quot;online\&quot;: false\n    },\n    {\n        \&quot;programId\&quot;: 5680,\n        \&quot;programName\&quot;: \&quot;Csharp Modified\&quot;,\n        \&quot;programDescription\&quot;: \&quot;Testing Modified\&quot;,\n        \&quot;online\&quot;: true\n    },\n    {\n        \&quot;programId\&quot;: 5683,\n        \&quot;programName\&quot;: \&quot;CoralDraw\&quot;,\n        \&quot;programDescription\&quot;: \&quot;Testing edited\&quot;,\n        \&quot;online\&quot;: true\n    },\n    {\n        \&quot;programId\&quot;: 5684,\n        \&quot;programName\&quot;: \&quot;CoralDraw Modified\&quot;,\n        \&quot;programDescription\&quot;: \&quot;Testing edited Modified\&quot;,\n        \&quot;online\&quot;: true\n    },\n    {\n        \&quot;programId\&quot;: 5685,\n        \&quot;programName\&quot;: \&quot;Adobe Reader\&quot;,\n        \&quot;programDescription\&quot;: \&quot;Testing edited\&quot;,\n        \&quot;online\&quot;: true\n    },\n    {\n        \&quot;programId\&quot;: 5686,\n        \&quot;programName\&quot;: \&quot;Adobe Reader Modified\&quot;,\n        \&quot;programDescription\&quot;: \&quot;Testing edited Modified\&quot;,\n        \&quot;online\&quot;: true\n    },\n    {\n        \&quot;programId\&quot;: 5687,\n        \&quot;programName\&quot;: \&quot;Cucumber Modified\&quot;,\n        \&quot;programDescription\&quot;: \&quot;Testing edited Modified\&quot;,\n        \&quot;online\&quot;: true\n    },\n    {\n        \&quot;programId\&quot;: 5688,\n        \&quot;programName\&quot;: \&quot;string\&quot;,\n        \&quot;programDescription\&quot;: \&quot;string\&quot;,\n        \&quot;online\&quot;: true\n    },\n    {\n        \&quot;programId\&quot;: 5689,\n        \&quot;programName\&quot;: \&quot;VideoGame\&quot;,\n        \&quot;programDescription\&quot;: \&quot;user friendly\&quot;,\n        \&quot;online\&quot;: true\n    },\n    {\n        \&quot;programId\&quot;: 5690,\n        \&quot;programName\&quot;: \&quot;VideoGame\&quot;,\n        \&quot;programDescription\&quot;: \&quot;user friendly\&quot;,\n        \&quot;online\&quot;: true\n    },\n    {\n        \&quot;programId\&quot;: 5691,\n        \&quot;programName\&quot;: \&quot;VideoGame\&quot;,\n        \&quot;programDescription\&quot;: \&quot;user friendly\&quot;,\n        \&quot;online\&quot;: true\n    },\n    {\n        \&quot;programId\&quot;: 5692,\n        \&quot;programName\&quot;: \&quot;VideoGame\&quot;,\n        \&quot;programDescription\&quot;: \&quot;user friendly\&quot;,\n        \&quot;online\&quot;: true\n    },\n    {\n        \&quot;programId\&quot;: 5693,\n        \&quot;programName\&quot;: \&quot;VideoGame\&quot;,\n        \&quot;programDescription\&quot;: \&quot;user friendly\&quot;,\n        \&quot;online\&quot;: true\n    },\n    {\n        \&quot;programId\&quot;: 5694,\n        \&quot;programName\&quot;: \&quot;VideoGame\&quot;,\n        \&quot;programDescription\&quot;: \&quot;user friendly\&quot;,\n        \&quot;online\&quot;: true\n    },\n    {\n        \&quot;programId\&quot;: 5695,\n        \&quot;programName\&quot;: \&quot;VideoGame\&quot;,\n        \&quot;programDescription\&quot;: \&quot;user friendly\&quot;,\n        \&quot;online\&quot;: true\n    },\n    {\n        \&quot;programId\&quot;: 5696,\n        \&quot;programName\&quot;: \&quot;VideoGame\&quot;,\n        \&quot;programDescription\&quot;: \&quot;user friendly\&quot;,\n        \&quot;online\&quot;: true\n    },\n    {\n        \&quot;programId\&quot;: 5697,\n        \&quot;programName\&quot;: \&quot;VideoGame\&quot;,\n        \&quot;programDescription\&quot;: \&quot;user friendly\&quot;,\n        \&quot;online\&quot;: true\n    },\n    {\n        \&quot;programId\&quot;: 5698,\n        \&quot;programName\&quot;: \&quot;Testing\&quot;,\n        \&quot;programDescription\&quot;: \&quot;Testing\&quot;,\n        \&quot;online\&quot;: true\n    },\n    {\n        \&quot;programId\&quot;: 5699,\n        \&quot;programName\&quot;: \&quot;Testing\&quot;,\n        \&quot;programDescription\&quot;: \&quot;Testing\&quot;,\n        \&quot;online\&quot;: true\n    },\n    {\n        \&quot;programId\&quot;: 5700,\n        \&quot;programName\&quot;: \&quot;Testing\&quot;,\n        \&quot;programDescription\&quot;: \&quot;Testing\&quot;,\n        \&quot;online\&quot;: true\n    },\n    {\n        \&quot;programId\&quot;: 5701,\n        \&quot;programName\&quot;: \&quot;VideoGame\&quot;,\n        \&quot;programDescription\&quot;: \&quot;user friendly\&quot;,\n        \&quot;online\&quot;: true\n    },\n    {\n        \&quot;programId\&quot;: 5702,\n        \&quot;programName\&quot;: \&quot;VideoGame\&quot;,\n        \&quot;programDescription\&quot;: \&quot;user friendly\&quot;,\n        \&quot;online\&quot;: true\n    },\n    {\n        \&quot;programId\&quot;: 5703,\n        \&quot;programName\&quot;: \&quot;SDet new1\&quot;,\n        \&quot;programDescription\&quot;: \&quot;SDET1\&quot;,\n        \&quot;online\&quot;: true\n    },\n    {\n        \&quot;programId\&quot;: 5704,\n        \&quot;programName\&quot;: \&quot;SDet new1\&quot;,\n        \&quot;programDescription\&quot;: \&quot;SDET1\&quot;,\n        \&quot;online\&quot;: true\n    },\n    {\n        \&quot;programId\&quot;: 5705,\n        \&quot;programName\&quot;: \&quot;SDet new1\&quot;,\n        \&quot;programDescription\&quot;: \&quot;SDET1\&quot;,\n        \&quot;online\&quot;: true\n    },\n    {\n        \&quot;programId\&quot;: 5706,\n        \&quot;programName\&quot;: \&quot;SDet new1\&quot;,\n        \&quot;programDescription\&quot;: \&quot;SDET1\&quot;,\n        \&quot;online\&quot;: true\n    },\n    {\n        \&quot;programId\&quot;: 5707,\n        \&quot;programName\&quot;: \&quot;cucumber learning modified\&quot;,\n        \&quot;programDescription\&quot;: \&quot;cucumber learning\&quot;,\n        \&quot;online\&quot;: false\n    },\n    {\n        \&quot;programId\&quot;: 5708,\n        \&quot;programName\&quot;: \&quot;SDET\&quot;,\n        \&quot;programDescription\&quot;: \&quot;Selenium Postman\&quot;,\n        \&quot;online\&quot;: true\n    },\n    {\n        \&quot;programId\&quot;: 5709,\n        \&quot;programName\&quot;: \&quot;Blank testing\&quot;,\n        \&quot;programDescription\&quot;: \&quot;\&quot;,\n        \&quot;online\&quot;: false\n    },\n    {\n        \&quot;programId\&quot;: 5710,\n        \&quot;programName\&quot;: \&quot;API Testing\&quot;,\n        \&quot;programDescription\&quot;: \&quot;RestAssured Postman\&quot;,\n        \&quot;online\&quot;: false\n    },\n    {\n        \&quot;programId\&quot;: 5711,\n        \&quot;programName\&quot;: \&quot;API Testing\&quot;,\n        \&quot;programDescription\&quot;: \&quot;Selenium Postman\&quot;,\n        \&quot;online\&quot;: false\n    },\n    {\n        \&quot;programId\&quot;: 5712,\n        \&quot;programName\&quot;: \&quot;Updating ProgramName for 272\&quot;,\n        \&quot;programDescription\&quot;: \&quot;Updating programDescription\&quot;,\n        \&quot;online\&quot;: false\n    },\n    {\n        \&quot;programId\&quot;: 5713,\n        \&quot;programName\&quot;: \&quot;Testing\&quot;,\n        \&quot;programDescription\&quot;: \&quot;Testing\&quot;,\n        \&quot;online\&quot;: true\n    },\n    {\n        \&quot;programId\&quot;: 5714,\n        \&quot;programName\&quot;: \&quot;Updating ProgramName for 273\&quot;,\n        \&quot;programDescription\&quot;: \&quot;Updating programDescription\&quot;,\n        \&quot;online\&quot;: true\n    },\n    {\n        \&quot;programId\&quot;: 5715,\n        \&quot;programName\&quot;: \&quot;Testing\&quot;,\n        \&quot;programDescription\&quot;: \&quot;AutomationTesting\&quot;,\n        \&quot;online\&quot;: true\n    },\n    {\n        \&quot;programId\&quot;: 5716,\n        \&quot;programName\&quot;: \&quot;Willams\&quot;,\n        \&quot;programDescription\&quot;: \&quot;Testing modified\&quot;,\n        \&quot;online\&quot;: true\n    },\n    {\n        \&quot;programId\&quot;: 5717,\n        \&quot;programName\&quot;: \&quot;Testing API\&quot;,\n        \&quot;programDescription\&quot;: \&quot;Testing API\&quot;,\n        \&quot;online\&quot;: true\n    },\n    {\n        \&quot;programId\&quot;: 5681,\n        \&quot;programName\&quot;: \&quot;Java\&quot;,\n        \&quot;programDescription\&quot;: \&quot;Developer\&quot;,\n        \&quot;online\&quot;: true\n    },\n    {\n        \&quot;programId\&quot;: 5719,\n        \&quot;programName\&quot;: \&quot;Testing\&quot;,\n        \&quot;programDescription\&quot;: \&quot;Testing\&quot;,\n        \&quot;online\&quot;: true\n    },\n    {\n        \&quot;programId\&quot;: 5720,\n        \&quot;programName\&quot;: \&quot;Testing\&quot;,\n        \&quot;programDescription\&quot;: \&quot;Testing\&quot;,\n        \&quot;online\&quot;: true\n    },\n    {\n        \&quot;programId\&quot;: 5721,\n        \&quot;programName\&quot;: \&quot;Testing\&quot;,\n        \&quot;programDescription\&quot;: \&quot;Testing\&quot;,\n        \&quot;online\&quot;: true\n    },\n    {\n        \&quot;programId\&quot;: 5682,\n        \&quot;programName\&quot;: \&quot;Cypress Modified\&quot;,\n        \&quot;programDescription\&quot;: \&quot;Testing Modified\&quot;,\n        \&quot;online\&quot;: false\n    },\n    {\n        \&quot;programId\&quot;: 5663,\n        \&quot;programName\&quot;: \&quot;Python\&quot;,\n        \&quot;programDescription\&quot;: \&quot;Python\&quot;,\n        \&quot;online\&quot;: true\n    },\n    {\n        \&quot;programId\&quot;: 5665,\n        \&quot;programName\&quot;: \&quot;Selenium Training\&quot;,\n        \&quot;programDescription\&quot;: \&quot;Selenium with python\&quot;,\n        \&quot;online\&quot;: true\n    },\n    {\n        \&quot;programId\&quot;: 5722,\n        \&quot;programName\&quot;: \&quot;Testing\&quot;,\n        \&quot;programDescription\&quot;: \&quot;Testing\&quot;,\n        \&quot;online\&quot;: true\n    },\n    {\n        \&quot;programId\&quot;: 5723,\n        \&quot;programName\&quot;: \&quot;Testing\&quot;,\n        \&quot;programDescription\&quot;: \&quot;Testing\&quot;,\n        \&quot;online\&quot;: true\n    },\n    {\n        \&quot;programId\&quot;: 5724,\n        \&quot;programName\&quot;: \&quot;Testing\&quot;,\n        \&quot;programDescription\&quot;: \&quot;Testing\&quot;,\n        \&quot;online\&quot;: true\n    },\n    {\n        \&quot;programId\&quot;: 5725,\n        \&quot;programName\&quot;: \&quot;Testing\&quot;,\n        \&quot;programDescription\&quot;: \&quot;Testing\&quot;,\n        \&quot;online\&quot;: true\n    },\n    {\n        \&quot;programId\&quot;: 5726,\n        \&quot;programName\&quot;: \&quot;Testing\&quot;,\n        \&quot;programDescription\&quot;: \&quot;Testing\&quot;,\n        \&quot;online\&quot;: true\n    },\n    {\n        \&quot;programId\&quot;: 5727,\n        \&quot;programName\&quot;: \&quot;Testing\&quot;,\n        \&quot;programDescription\&quot;: \&quot;Testing\&quot;,\n        \&quot;online\&quot;: true\n    },\n    {\n        \&quot;programId\&quot;: 5369,\n        \&quot;programName\&quot;: \&quot;VideoGame 125\&quot;,\n        \&quot;programDescription\&quot;: null,\n        \&quot;online\&quot;: false\n    },\n    {\n        \&quot;programId\&quot;: 7393,\n        \&quot;programName\&quot;: \&quot;testing modify\&quot;,\n        \&quot;programDescription\&quot;: \&quot;testing modify\&quot;,\n        \&quot;online\&quot;: true\n    },\n    {\n        \&quot;programId\&quot;: 9250,\n        \&quot;programName\&quot;: \&quot;int\&quot;,\n        \&quot;programDescription\&quot;: \&quot;hello\&quot;,\n        \&quot;online\&quot;: false\n    },\n    {\n        \&quot;programId\&quot;: 5731,\n        \&quot;programName\&quot;: \&quot;VideoGame\&quot;,\n        \&quot;programDescription\&quot;: \&quot;user friendly\&quot;,\n        \&quot;online\&quot;: true\n    },\n    {\n        \&quot;programId\&quot;: 5732,\n        \&quot;programName\&quot;: \&quot;Java 9 Training\&quot;,\n        \&quot;programDescription\&quot;: \&quot;Java 9 Training\&quot;,\n        \&quot;online\&quot;: false\n    },\n    {\n        \&quot;programId\&quot;: 5733,\n        \&quot;programName\&quot;: \&quot;Java 10 Training\&quot;,\n        \&quot;programDescription\&quot;: \&quot;Java 10 Training\&quot;,\n        \&quot;online\&quot;: false\n    },\n    {\n        \&quot;programId\&quot;: 5734,\n        \&quot;programName\&quot;: \&quot;Java 9 Training\&quot;,\n        \&quot;programDescription\&quot;: \&quot;Java 9 Training\&quot;,\n        \&quot;online\&quot;: false\n    },\n    {\n        \&quot;programId\&quot;: 5735,\n        \&quot;programName\&quot;: \&quot;Java 10 Training\&quot;,\n        \&quot;programDescription\&quot;: \&quot;Java 10 Training\&quot;,\n        \&quot;online\&quot;: false\n    },\n    {\n        \&quot;programId\&quot;: 5736,\n        \&quot;programName\&quot;: \&quot;Spring Training\&quot;,\n        \&quot;programDescription\&quot;: \&quot;Spring Boot\&quot;,\n        \&quot;online\&quot;: false\n    },\n    {\n        \&quot;programId\&quot;: 5737,\n        \&quot;programName\&quot;: \&quot;Selenium Training \&quot;,\n        \&quot;programDescription\&quot;: \&quot;Selenium and Java\&quot;,\n        \&quot;online\&quot;: false\n    },\n    {\n        \&quot;programId\&quot;: 5738,\n        \&quot;programName\&quot;: \&quot;Spring Training\&quot;,\n        \&quot;programDescription\&quot;: \&quot;Spring Boot\&quot;,\n        \&quot;online\&quot;: false\n    },\n    {\n        \&quot;programId\&quot;: 5739,\n        \&quot;programName\&quot;: \&quot;Selenium Training \&quot;,\n        \&quot;programDescription\&quot;: \&quot;Selenium and Java\&quot;,\n        \&quot;online\&quot;: false\n    },\n    {\n        \&quot;programId\&quot;: 5740,\n        \&quot;programName\&quot;: \&quot;Spring Training\&quot;,\n        \&quot;programDescription\&quot;: \&quot;Spring Boot\&quot;,\n        \&quot;online\&quot;: false\n    },\n    {\n        \&quot;programId\&quot;: 5741,\n        \&quot;programName\&quot;: \&quot;Selenium Training \&quot;,\n        \&quot;programDescription\&quot;: \&quot;Selenium and Java\&quot;,\n        \&quot;online\&quot;: false\n    },\n    {\n        \&quot;programId\&quot;: 5742,\n        \&quot;programName\&quot;: \&quot;Spring Training\&quot;,\n        \&quot;programDescription\&quot;: \&quot;Spring Boot\&quot;,\n        \&quot;online\&quot;: false\n    },\n    {\n        \&quot;programId\&quot;: 9251,\n        \&quot;programName\&quot;: \&quot;int\&quot;,\n        \&quot;programDescription\&quot;: \&quot;hello\&quot;,\n        \&quot;online\&quot;: false\n    },\n    {\n        \&quot;programId\&quot;: 5745,\n        \&quot;programName\&quot;: \&quot;Selenium Training \&quot;,\n        \&quot;programDescription\&quot;: \&quot;Selenium and Java\&quot;,\n        \&quot;online\&quot;: false\n    },\n    {\n        \&quot;programId\&quot;: 5747,\n        \&quot;programName\&quot;: \&quot;Selenium Training \&quot;,\n        \&quot;programDescription\&quot;: \&quot;Selenium and Java\&quot;,\n        \&quot;online\&quot;: false\n    },\n    {\n        \&quot;programId\&quot;: 5748,\n        \&quot;programName\&quot;: \&quot;Spring Training\&quot;,\n        \&quot;programDescription\&quot;: \&quot;Spring Boot\&quot;,\n        \&quot;online\&quot;: false\n    },\n    {\n        \&quot;programId\&quot;: 5749,\n        \&quot;programName\&quot;: \&quot;Selenium Training \&quot;,\n        \&quot;programDescription\&quot;: \&quot;Selenium and Java\&quot;,\n        \&quot;online\&quot;: false\n    },\n    {\n        \&quot;programId\&quot;: 5752,\n        \&quot;programName\&quot;: \&quot;Spring Training\&quot;,\n        \&quot;programDescription\&quot;: \&quot;Spring Boot\&quot;,\n        \&quot;online\&quot;: false\n    },\n    {\n        \&quot;programId\&quot;: 5753,\n        \&quot;programName\&quot;: \&quot;Selenium Training \&quot;,\n        \&quot;programDescription\&quot;: \&quot;Selenium and Java\&quot;,\n        \&quot;online\&quot;: false\n    },\n    {\n        \&quot;programId\&quot;: 5754,\n        \&quot;programName\&quot;: \&quot;Selenium Training \&quot;,\n        \&quot;programDescription\&quot;: \&quot;1234\&quot;,\n        \&quot;online\&quot;: false\n    },\n    {\n        \&quot;programId\&quot;: 5755,\n        \&quot;programName\&quot;: \&quot;RestAssured with Java\&quot;,\n        \&quot;programDescription\&quot;: \&quot;Learning RestAssured with Java\&quot;,\n        \&quot;online\&quot;: true\n    },\n    {\n        \&quot;programId\&quot;: 5756,\n        \&quot;programName\&quot;: \&quot;Testing\&quot;,\n        \&quot;programDescription\&quot;: \&quot;Testing\&quot;,\n        \&quot;online\&quot;: true\n    },\n    {\n        \&quot;programId\&quot;: 5841,\n        \&quot;programName\&quot;: \&quot;SDet new1\&quot;,\n        \&quot;programDescription\&quot;: \&quot;SDET1\&quot;,\n        \&quot;online\&quot;: true\n    },\n    {\n        \&quot;programId\&quot;: 5728,\n        \&quot;programName\&quot;: \&quot;DallasIT\&quot;,\n        \&quot;programDescription\&quot;: \&quot;INDIA\&quot;,\n        \&quot;online\&quot;: true\n    },\n    {\n        \&quot;programId\&quot;: 5757,\n        \&quot;programName\&quot;: \&quot;Monali\&quot;,\n        \&quot;programDescription\&quot;: \&quot;TestNG\&quot;,\n        \&quot;online\&quot;: true\n    },\n    {\n        \&quot;programId\&quot;: 5758,\n        \&quot;programName\&quot;: \&quot;RestAssured with Java\&quot;,\n        \&quot;programDescription\&quot;: \&quot;Learning RestAssured with Java\&quot;,\n        \&quot;online\&quot;: true\n    },\n    {\n        \&quot;programId\&quot;: 5759,\n        \&quot;programName\&quot;: \&quot;RestAssured with Java\&quot;,\n        \&quot;programDescription\&quot;: \&quot;Learning RestAssured with Java\&quot;,\n        \&quot;online\&quot;: true\n    },\n    {\n        \&quot;programId\&quot;: 5760,\n        \&quot;programName\&quot;: \&quot;Monali\&quot;,\n        \&quot;programDescription\&quot;: \&quot;TestNG\&quot;,\n        \&quot;online\&quot;: true\n    },\n    {\n        \&quot;programId\&quot;: 5761,\n        \&quot;programName\&quot;: \&quot;string34\&quot;,\n        \&quot;programDescription\&quot;: \&quot;string34\&quot;,\n        \&quot;online\&quot;: true\n    },\n    {\n        \&quot;programId\&quot;: 5762,\n        \&quot;programName\&quot;: \&quot;Testing\&quot;,\n        \&quot;programDescription\&quot;: \&quot;Testing\&quot;,\n        \&quot;online\&quot;: true\n    },\n    {\n        \&quot;programId\&quot;: 5763,\n        \&quot;programName\&quot;: \&quot;RestAssured with Java\&quot;,\n        \&quot;programDescription\&quot;: \&quot;Learning RestAssured with Java\&quot;,\n        \&quot;online\&quot;: true\n    },\n    {\n        \&quot;programId\&quot;: 5764,\n        \&quot;programName\&quot;: \&quot;cucumber learning modified\&quot;,\n        \&quot;programDescription\&quot;: \&quot;cucumber learning\&quot;,\n        \&quot;online\&quot;: false\n    },\n    {\n        \&quot;programId\&quot;: 5765,\n        \&quot;programName\&quot;: \&quot;SDET\&quot;,\n        \&quot;programDescription\&quot;: \&quot;Selenium Postman\&quot;,\n        \&quot;online\&quot;: true\n    },\n    {\n        \&quot;programId\&quot;: 5766,\n        \&quot;programName\&quot;: \&quot;Blank testing\&quot;,\n        \&quot;programDescription\&quot;: \&quot;\&quot;,\n        \&quot;online\&quot;: false\n    },\n    {\n        \&quot;programId\&quot;: 5767,\n        \&quot;programName\&quot;: \&quot;API Testing\&quot;,\n        \&quot;programDescription\&quot;: \&quot;RestAssured Postman\&quot;,\n        \&quot;online\&quot;: false\n    },\n    {\n        \&quot;programId\&quot;: 5768,\n        \&quot;programName\&quot;: \&quot;API Testing\&quot;,\n        \&quot;programDescription\&quot;: \&quot;Selenium Postman\&quot;,\n        \&quot;online\&quot;: false\n    },\n    {\n        \&quot;programId\&quot;: 5769,\n        \&quot;programName\&quot;: \&quot;Updating ProgramName for 272\&quot;,\n        \&quot;programDescription\&quot;: \&quot;Updating programDescription\&quot;,\n        \&quot;online\&quot;: false\n    },\n    {\n        \&quot;programId\&quot;: 5770,\n        \&quot;programName\&quot;: \&quot;Testing\&quot;,\n        \&quot;programDescription\&quot;: \&quot;Testing\&quot;,\n        \&quot;online\&quot;: true\n    },\n    {\n        \&quot;programId\&quot;: 5771,\n        \&quot;programName\&quot;: \&quot;Updating ProgramName for 273\&quot;,\n        \&quot;programDescription\&quot;: \&quot;Updating programDescription\&quot;,\n        \&quot;online\&quot;: true\n    },\n    {\n        \&quot;programId\&quot;: 5772,\n        \&quot;programName\&quot;: \&quot;Testing\&quot;,\n        \&quot;programDescription\&quot;: \&quot;AutomationTesting\&quot;,\n        \&quot;online\&quot;: true\n    },\n    {\n        \&quot;programId\&quot;: 5774,\n        \&quot;programName\&quot;: \&quot;C#\&quot;,\n        \&quot;programDescription\&quot;: \&quot;C# learning\&quot;,\n        \&quot;online\&quot;: false\n    },\n    {\n        \&quot;programId\&quot;: 5775,\n        \&quot;programName\&quot;: \&quot;Selenium\&quot;,\n        \&quot;programDescription\&quot;: \&quot;Selenium with Java\&quot;,\n        \&quot;online\&quot;: true\n    },\n    {\n        \&quot;programId\&quot;: 5776,\n        \&quot;programName\&quot;: \&quot;DotNet\&quot;,\n        \&quot;programDescription\&quot;: \&quot;DotNet\&quot;,\n        \&quot;online\&quot;: false\n    },\n    {\n        \&quot;programId\&quot;: 5777,\n        \&quot;programName\&quot;: \&quot;Website Creation\&quot;,\n        \&quot;programDescription\&quot;: null,\n        \&quot;online\&quot;: false\n    },\n    {\n        \&quot;programId\&quot;: 5778,\n        \&quot;programName\&quot;: \&quot;SDet new1\&quot;,\n        \&quot;programDescription\&quot;: \&quot;SDET1\&quot;,\n        \&quot;online\&quot;: true\n    },\n    {\n        \&quot;programId\&quot;: 5779,\n        \&quot;programName\&quot;: \&quot;SDet new1\&quot;,\n        \&quot;programDescription\&quot;: \&quot;SDET1\&quot;,\n        \&quot;online\&quot;: true\n    },\n    {\n        \&quot;programId\&quot;: 5780,\n        \&quot;programName\&quot;: \&quot;SDet new1\&quot;,\n        \&quot;programDescription\&quot;: \&quot;SDET1\&quot;,\n        \&quot;online\&quot;: true\n    },\n    {\n        \&quot;programId\&quot;: 5781,\n        \&quot;programName\&quot;: \&quot;SDet new1\&quot;,\n        \&quot;programDescription\&quot;: \&quot;SDET1\&quot;,\n        \&quot;online\&quot;: true\n    },\n    {\n        \&quot;programId\&quot;: 5782,\n        \&quot;programName\&quot;: \&quot;SDet new1\&quot;,\n        \&quot;programDescription\&quot;: \&quot;SDET1\&quot;,\n        \&quot;online\&quot;: true\n    },\n    {\n        \&quot;programId\&quot;: 5783,\n        \&quot;programName\&quot;: \&quot;SDet new1\&quot;,\n        \&quot;programDescription\&quot;: \&quot;SDET1\&quot;,\n        \&quot;online\&quot;: true\n    },\n    {\n        \&quot;programId\&quot;: 5784,\n        \&quot;programName\&quot;: \&quot;SDET26\&quot;,\n        \&quot;programDescription\&quot;: \&quot;Automation testing\&quot;,\n        \&quot;online\&quot;: true\n    },\n    {\n        \&quot;programId\&quot;: 5785,\n        \&quot;programName\&quot;: \&quot;DS\&quot;,\n        \&quot;programDescription\&quot;: \&quot;data science\&quot;,\n        \&quot;online\&quot;: false\n    },\n    {\n        \&quot;programId\&quot;: 5786,\n        \&quot;programName\&quot;: \&quot;VideoGame\&quot;,\n        \&quot;programDescription\&quot;: \&quot;user friendly\&quot;,\n        \&quot;online\&quot;: true\n    },\n    {\n        \&quot;programId\&quot;: 5787,\n        \&quot;programName\&quot;: \&quot;SDET26\&quot;,\n        \&quot;programDescription\&quot;: \&quot;Automation testing\&quot;,\n        \&quot;online\&quot;: true\n    },\n    {\n        \&quot;programId\&quot;: 5788,\n        \&quot;programName\&quot;: \&quot;DS\&quot;,\n        \&quot;programDescription\&quot;: \&quot;data science\&quot;,\n        \&quot;online\&quot;: false\n    },\n    {\n        \&quot;programId\&quot;: 5789,\n        \&quot;programName\&quot;: \&quot;SDET26\&quot;,\n        \&quot;programDescription\&quot;: \&quot;Automation testing\&quot;,\n        \&quot;online\&quot;: true\n    },\n    {\n        \&quot;programId\&quot;: 5790,\n        \&quot;programName\&quot;: \&quot;DS\&quot;,\n        \&quot;programDescription\&quot;: \&quot;data science\&quot;,\n        \&quot;online\&quot;: false\n    },\n    {\n        \&quot;programId\&quot;: 5791,\n        \&quot;programName\&quot;: \&quot;SDET26\&quot;,\n        \&quot;programDescription\&quot;: \&quot;Automation testing\&quot;,\n        \&quot;online\&quot;: true\n    },\n    {\n        \&quot;programId\&quot;: 5792,\n        \&quot;programName\&quot;: \&quot;DS\&quot;,\n        \&quot;programDescription\&quot;: \&quot;data science\&quot;,\n        \&quot;online\&quot;: false\n    },\n    {\n        \&quot;programId\&quot;: 5794,\n        \&quot;programName\&quot;: \&quot;SDET26\&quot;,\n        \&quot;programDescription\&quot;: \&quot;Automation testing\&quot;,\n        \&quot;online\&quot;: true\n    },\n    {\n        \&quot;programId\&quot;: 5795,\n        \&quot;programName\&quot;: \&quot;DS\&quot;,\n        \&quot;programDescription\&quot;: \&quot;data science\&quot;,\n        \&quot;online\&quot;: false\n    },\n    {\n        \&quot;programId\&quot;: 5796,\n        \&quot;programName\&quot;: \&quot;SDET26\&quot;,\n        \&quot;programDescription\&quot;: \&quot;Automation testing\&quot;,\n        \&quot;online\&quot;: true\n    },\n    {\n        \&quot;programId\&quot;: 5797,\n        \&quot;programName\&quot;: \&quot;DS\&quot;,\n        \&quot;programDescription\&quot;: \&quot;data science\&quot;,\n        \&quot;online\&quot;: false\n    },\n    {\n        \&quot;programId\&quot;: 5798,\n        \&quot;programName\&quot;: \&quot;SDET26\&quot;,\n        \&quot;programDescription\&quot;: \&quot;Automation testing\&quot;,\n        \&quot;online\&quot;: true\n    },\n    {\n        \&quot;programId\&quot;: 5799,\n        \&quot;programName\&quot;: \&quot;DS\&quot;,\n        \&quot;programDescription\&quot;: \&quot;data science\&quot;,\n        \&quot;online\&quot;: false\n    },\n    {\n        \&quot;programId\&quot;: 5804,\n        \&quot;programName\&quot;: \&quot;JAVA\&quot;,\n        \&quot;programDescription\&quot;: \&quot;Automation Testing\&quot;,\n        \&quot;online\&quot;: true\n    },\n    {\n        \&quot;programId\&quot;: 5805,\n        \&quot;programName\&quot;: \&quot;batman\&quot;,\n        \&quot;programDescription\&quot;: \&quot;string\&quot;,\n        \&quot;online\&quot;: true\n    },\n    {\n        \&quot;programId\&quot;: 5806,\n        \&quot;programName\&quot;: \&quot;batman\&quot;,\n        \&quot;programDescription\&quot;: \&quot;string\&quot;,\n        \&quot;online\&quot;: true\n    },\n    {\n        \&quot;programId\&quot;: 5807,\n        \&quot;programName\&quot;: \&quot;batman\&quot;,\n        \&quot;programDescription\&quot;: \&quot;string\&quot;,\n        \&quot;online\&quot;: true\n    },\n    {\n        \&quot;programId\&quot;: 5808,\n        \&quot;programName\&quot;: \&quot;batman\&quot;,\n        \&quot;programDescription\&quot;: \&quot;string\&quot;,\n        \&quot;online\&quot;: true\n    },\n    {\n        \&quot;programId\&quot;: 5821,\n        \&quot;programName\&quot;: \&quot;REST Testing\&quot;,\n        \&quot;programDescription\&quot;: \&quot;Regression\&quot;,\n        \&quot;online\&quot;: true\n    },\n    {\n        \&quot;programId\&quot;: 5823,\n        \&quot;programName\&quot;: \&quot;Csharp\&quot;,\n        \&quot;programDescription\&quot;: \&quot;Testing\&quot;,\n        \&quot;online\&quot;: true\n    },\n    {\n        \&quot;programId\&quot;: 5824,\n        \&quot;programName\&quot;: \&quot;Cypress\&quot;,\n        \&quot;programDescription\&quot;: \&quot;Testing edited\&quot;,\n        \&quot;online\&quot;: false\n    },\n    {\n        \&quot;programId\&quot;: 5825,\n        \&quot;programName\&quot;: \&quot;CoralDraw\&quot;,\n        \&quot;programDescription\&quot;: \&quot;Testing edited\&quot;,\n        \&quot;online\&quot;: true\n    },\n    {\n        \&quot;programId\&quot;: 5826,\n        \&quot;programName\&quot;: \&quot;Adobe Reader\&quot;,\n        \&quot;programDescription\&quot;: \&quot;Testing edited\&quot;,\n        \&quot;online\&quot;: true\n    },\n    {\n        \&quot;programId\&quot;: 5827,\n        \&quot;programName\&quot;: \&quot;Selenium Modified\&quot;,\n        \&quot;programDescription\&quot;: \&quot;Testing Modified\&quot;,\n        \&quot;online\&quot;: true\n    },\n    {\n        \&quot;programId\&quot;: 5828,\n        \&quot;programName\&quot;: \&quot;Java\&quot;,\n        \&quot;programDescription\&quot;: \&quot;Testing\&quot;,\n        \&quot;online\&quot;: false\n    },\n    {\n        \&quot;programId\&quot;: 5829,\n        \&quot;programName\&quot;: \&quot;Java Modified\&quot;,\n        \&quot;programDescription\&quot;: \&quot;Testing Modified\&quot;,\n        \&quot;online\&quot;: false\n    },\n    {\n        \&quot;programId\&quot;: 5830,\n        \&quot;programName\&quot;: \&quot;Csharp\&quot;,\n        \&quot;programDescription\&quot;: \&quot;Testing\&quot;,\n        \&quot;online\&quot;: true\n    },\n    {\n        \&quot;programId\&quot;: 5831,\n        \&quot;programName\&quot;: \&quot;Csharp Modified\&quot;,\n        \&quot;programDescription\&quot;: \&quot;Testing Modified\&quot;,\n        \&quot;online\&quot;: true\n    },\n    {\n        \&quot;programId\&quot;: 5832,\n        \&quot;programName\&quot;: \&quot;Cypress\&quot;,\n        \&quot;programDescription\&quot;: \&quot;Testing edited\&quot;,\n        \&quot;online\&quot;: false\n    },\n    {\n        \&quot;programId\&quot;: 5833,\n        \&quot;programName\&quot;: \&quot;Cypress Modified\&quot;,\n        \&quot;programDescription\&quot;: \&quot;Testing edited Modified\&quot;,\n        \&quot;online\&quot;: false\n    },\n    {\n        \&quot;programId\&quot;: 5835,\n        \&quot;programName\&quot;: \&quot;CoralDraw Modified\&quot;,\n        \&quot;programDescription\&quot;: \&quot;Testing edited Modified\&quot;,\n        \&quot;online\&quot;: true\n    },\n    {\n        \&quot;programId\&quot;: 5837,\n        \&quot;programName\&quot;: \&quot;Adobe Reader Modified\&quot;,\n        \&quot;programDescription\&quot;: \&quot;Testing edited Modified\&quot;,\n        \&quot;online\&quot;: true\n    },\n    {\n        \&quot;programId\&quot;: 5838,\n        \&quot;programName\&quot;: \&quot;Cucumber Modified\&quot;,\n        \&quot;programDescription\&quot;: \&quot;Testing edited Modified\&quot;,\n        \&quot;online\&quot;: true\n    },\n    {\n        \&quot;programId\&quot;: 5842,\n        \&quot;programName\&quot;: \&quot;SDet new1\&quot;,\n        \&quot;programDescription\&quot;: \&quot;SDET1\&quot;,\n        \&quot;online\&quot;: true\n    },\n    {\n        \&quot;programId\&quot;: 5773,\n        \&quot;programName\&quot;: \&quot;Python\&quot;,\n        \&quot;programDescription\&quot;: \&quot;Python\&quot;,\n        \&quot;online\&quot;: true\n    },\n    {\n        \&quot;programId\&quot;: 5843,\n        \&quot;programName\&quot;: \&quot;SDet new1\&quot;,\n        \&quot;programDescription\&quot;: \&quot;SDET1\&quot;,\n        \&quot;online\&quot;: true\n    },\n    {\n        \&quot;programId\&quot;: 5743,\n        \&quot;programName\&quot;: \&quot;Selenium Training\&quot;,\n        \&quot;programDescription\&quot;: \&quot;Selenium with python\&quot;,\n        \&quot;online\&quot;: true\n    },\n    {\n        \&quot;programId\&quot;: 5746,\n        \&quot;programName\&quot;: \&quot;Test\&quot;,\n        \&quot;programDescription\&quot;: \&quot;sampleabc\&quot;,\n        \&quot;online\&quot;: true\n    },\n    {\n        \&quot;programId\&quot;: 5840,\n        \&quot;programName\&quot;: \&quot;Monali\&quot;,\n        \&quot;programDescription\&quot;: \&quot;TestNG\&quot;,\n        \&quot;online\&quot;: true\n    },\n    {\n        \&quot;programId\&quot;: 5395,\n        \&quot;programName\&quot;: \&quot;DallasIT\&quot;,\n        \&quot;programDescription\&quot;: \&quot;INDIA\&quot;,\n        \&quot;online\&quot;: true\n    },\n    {\n        \&quot;programId\&quot;: 5844,\n        \&quot;programName\&quot;: \&quot;Monali\&quot;,\n        \&quot;programDescription\&quot;: \&quot;TestNG\&quot;,\n        \&quot;online\&quot;: true\n    },\n    {\n        \&quot;programId\&quot;: 5845,\n        \&quot;programName\&quot;: \&quot;Monali\&quot;,\n        \&quot;programDescription\&quot;: \&quot;mytest\&quot;,\n        \&quot;online\&quot;: true\n    },\n    {\n        \&quot;programId\&quot;: 5822,\n        \&quot;programName\&quot;: \&quot;DallasIT\&quot;,\n        \&quot;programDescription\&quot;: \&quot;INDIA\&quot;,\n        \&quot;online\&quot;: true\n    },\n    {\n        \&quot;programId\&quot;: 5846,\n        \&quot;programName\&quot;: \&quot;SDet new1\&quot;,\n        \&quot;programDescription\&quot;: \&quot;SDET1\&quot;,\n        \&quot;online\&quot;: true\n    },\n    {\n        \&quot;programId\&quot;: 5847,\n        \&quot;programName\&quot;: \&quot;SDet new1\&quot;,\n        \&quot;programDescription\&quot;: \&quot;SDET1\&quot;,\n        \&quot;online\&quot;: true\n    },\n    {\n        \&quot;programId\&quot;: 5848,\n        \&quot;programName\&quot;: \&quot;SDet new1\&quot;,\n        \&quot;programDescription\&quot;: \&quot;SDET1\&quot;,\n        \&quot;online\&quot;: true\n    },\n    {\n        \&quot;programId\&quot;: 5600,\n        \&quot;programName\&quot;: \&quot;Developer\&quot;,\n        \&quot;programDescription\&quot;: \&quot;dd\&quot;,\n        \&quot;online\&quot;: true\n    },\n    {\n        \&quot;programId\&quot;: 5849,\n        \&quot;programName\&quot;: \&quot;cucumber learning modified\&quot;,\n        \&quot;programDescription\&quot;: \&quot;cucumber learning\&quot;,\n        \&quot;online\&quot;: false\n    },\n    {\n        \&quot;programId\&quot;: 5851,\n        \&quot;programName\&quot;: \&quot;Blank testing\&quot;,\n        \&quot;programDescription\&quot;: \&quot;\&quot;,\n        \&quot;online\&quot;: false\n    },\n    {\n        \&quot;programId\&quot;: 5852,\n        \&quot;programName\&quot;: \&quot;API Testing\&quot;,\n        \&quot;programDescription\&quot;: \&quot;RestAssured Postman\&quot;,\n        \&quot;online\&quot;: false\n    },\n    {\n        \&quot;programId\&quot;: 5853,\n        \&quot;programName\&quot;: \&quot;API Testing\&quot;,\n        \&quot;programDescription\&quot;: \&quot;Selenium Postman\&quot;,\n        \&quot;online\&quot;: false\n    },\n    {\n        \&quot;programId\&quot;: 5854,\n        \&quot;programName\&quot;: \&quot;Updating ProgramName for 272\&quot;,\n        \&quot;programDescription\&quot;: \&quot;Updating programDescription\&quot;,\n        \&quot;online\&quot;: false\n    },\n    {\n        \&quot;programId\&quot;: 5855,\n        \&quot;programName\&quot;: \&quot;Testing\&quot;,\n        \&quot;programDescription\&quot;: \&quot;Testing\&quot;,\n        \&quot;online\&quot;: true\n    },\n    {\n        \&quot;programId\&quot;: 5856,\n        \&quot;programName\&quot;: \&quot;Updating ProgramName for 273\&quot;,\n        \&quot;programDescription\&quot;: \&quot;Updating programDescription\&quot;,\n        \&quot;online\&quot;: true\n    },\n    {\n        \&quot;programId\&quot;: 5857,\n        \&quot;programName\&quot;: \&quot;Testing\&quot;,\n        \&quot;programDescription\&quot;: \&quot;AutomationTesting\&quot;,\n        \&quot;online\&quot;: true\n    },\n    {\n        \&quot;programId\&quot;: 5858,\n        \&quot;programName\&quot;: \&quot;cucumber learning modified\&quot;,\n        \&quot;programDescription\&quot;: \&quot;cucumber learning\&quot;,\n        \&quot;online\&quot;: false\n    },\n    {\n        \&quot;programId\&quot;: 5859,\n        \&quot;programName\&quot;: \&quot;SDET\&quot;,\n        \&quot;programDescription\&quot;: \&quot;Selenium Postman\&quot;,\n        \&quot;online\&quot;: true\n    },\n    {\n        \&quot;programId\&quot;: 5860,\n        \&quot;programName\&quot;: \&quot;Blank testing\&quot;,\n        \&quot;programDescription\&quot;: \&quot;\&quot;,\n        \&quot;online\&quot;: false\n    },\n    {\n        \&quot;programId\&quot;: 5861,\n        \&quot;programName\&quot;: \&quot;API Testing\&quot;,\n        \&quot;programDescription\&quot;: \&quot;RestAssured Postman\&quot;,\n        \&quot;online\&quot;: false\n    },\n    {\n        \&quot;programId\&quot;: 5862,\n        \&quot;programName\&quot;: \&quot;API Testing\&quot;,\n        \&quot;programDescription\&quot;: \&quot;Selenium Postman\&quot;,\n        \&quot;online\&quot;: false\n    },\n    {\n        \&quot;programId\&quot;: 6112,\n        \&quot;programName\&quot;: \&quot;Testing\&quot;,\n        \&quot;programDescription\&quot;: \&quot;Testing\&quot;,\n        \&quot;online\&quot;: true\n    },\n    {\n        \&quot;programId\&quot;: 5863,\n        \&quot;programName\&quot;: \&quot;Updating ProgramName for 272\&quot;,\n        \&quot;programDescription\&quot;: \&quot;Updating programDescription\&quot;,\n        \&quot;online\&quot;: false\n    },\n    {\n        \&quot;programId\&quot;: 5864,\n        \&quot;programName\&quot;: \&quot;Testing\&quot;,\n        \&quot;programDescription\&quot;: \&quot;Testing\&quot;,\n        \&quot;online\&quot;: true\n    },\n    {\n        \&quot;programId\&quot;: 5865,\n        \&quot;programName\&quot;: \&quot;Updating ProgramName for 273\&quot;,\n        \&quot;programDescription\&quot;: \&quot;Updating programDescription\&quot;,\n        \&quot;online\&quot;: true\n    },\n    {\n        \&quot;programId\&quot;: 5866,\n        \&quot;programName\&quot;: \&quot;Testing\&quot;,\n        \&quot;programDescription\&quot;: \&quot;AutomationTesting\&quot;,\n        \&quot;online\&quot;: true\n    },\n    {\n        \&quot;programId\&quot;: 5867,\n        \&quot;programName\&quot;: \&quot;cucumber learning modified\&quot;,\n        \&quot;programDescription\&quot;: \&quot;cucumber learning\&quot;,\n        \&quot;online\&quot;: false\n    },\n    {\n        \&quot;programId\&quot;: 5868,\n        \&quot;programName\&quot;: \&quot;SDET\&quot;,\n        \&quot;programDescription\&quot;: \&quot;Selenium Postman\&quot;,\n        \&quot;online\&quot;: true\n    },\n    {\n        \&quot;programId\&quot;: 5869,\n        \&quot;programName\&quot;: \&quot;Blank testing\&quot;,\n        \&quot;programDescription\&quot;: \&quot;\&quot;,\n        \&quot;online\&quot;: false\n    },\n    {\n        \&quot;programId\&quot;: 5870,\n        \&quot;programName\&quot;: \&quot;API Testing\&quot;,\n        \&quot;programDescription\&quot;: \&quot;RestAssured Postman\&quot;,\n        \&quot;online\&quot;: false\n    },\n    {\n        \&quot;programId\&quot;: 5871,\n        \&quot;programName\&quot;: \&quot;API Testing\&quot;,\n        \&quot;programDescription\&quot;: \&quot;Selenium Postman\&quot;,\n        \&quot;online\&quot;: false\n    },\n    {\n        \&quot;programId\&quot;: 5872,\n        \&quot;programName\&quot;: \&quot;Updating ProgramName for 272\&quot;,\n        \&quot;programDescription\&quot;: \&quot;Updating programDescription\&quot;,\n        \&quot;online\&quot;: false\n    },\n    {\n        \&quot;programId\&quot;: 5873,\n        \&quot;programName\&quot;: \&quot;Testing\&quot;,\n        \&quot;programDescription\&quot;: \&quot;Testing\&quot;,\n        \&quot;online\&quot;: true\n    },\n    {\n        \&quot;programId\&quot;: 5874,\n        \&quot;programName\&quot;: \&quot;Updating ProgramName for 273\&quot;,\n        \&quot;programDescription\&quot;: \&quot;Updating programDescription\&quot;,\n        \&quot;online\&quot;: true\n    },\n    {\n        \&quot;programId\&quot;: 5875,\n        \&quot;programName\&quot;: \&quot;Testing\&quot;,\n        \&quot;programDescription\&quot;: \&quot;AutomationTesting\&quot;,\n        \&quot;online\&quot;: true\n    },\n    {\n        \&quot;programId\&quot;: 5876,\n        \&quot;programName\&quot;: \&quot;cucumber learning modified\&quot;,\n        \&quot;programDescription\&quot;: \&quot;cucumber learning\&quot;,\n        \&quot;online\&quot;: false\n    },\n    {\n        \&quot;programId\&quot;: 5877,\n        \&quot;programName\&quot;: \&quot;SDET\&quot;,\n        \&quot;programDescription\&quot;: \&quot;Selenium Postman\&quot;,\n        \&quot;online\&quot;: true\n    },\n    {\n        \&quot;programId\&quot;: 5878,\n        \&quot;programName\&quot;: \&quot;Blank testing\&quot;,\n        \&quot;programDescription\&quot;: \&quot;\&quot;,\n        \&quot;online\&quot;: false\n    },\n    {\n        \&quot;programId\&quot;: 5879,\n        \&quot;programName\&quot;: \&quot;API Testing\&quot;,\n        \&quot;programDescription\&quot;: \&quot;RestAssured Postman\&quot;,\n        \&quot;online\&quot;: false\n    },\n    {\n        \&quot;programId\&quot;: 5880,\n        \&quot;programName\&quot;: \&quot;API Testing\&quot;,\n        \&quot;programDescription\&quot;: \&quot;Selenium Postman\&quot;,\n        \&quot;online\&quot;: false\n    },\n    {\n        \&quot;programId\&quot;: 5881,\n        \&quot;programName\&quot;: \&quot;Updating ProgramName for 272\&quot;,\n        \&quot;programDescription\&quot;: \&quot;Updating programDescription\&quot;,\n        \&quot;online\&quot;: false\n    },\n    {\n        \&quot;programId\&quot;: 5882,\n        \&quot;programName\&quot;: \&quot;Testing\&quot;,\n        \&quot;programDescription\&quot;: \&quot;Testing\&quot;,\n        \&quot;online\&quot;: true\n    },\n    {\n        \&quot;programId\&quot;: 5883,\n        \&quot;programName\&quot;: \&quot;Updating ProgramName for 273\&quot;,\n        \&quot;programDescription\&quot;: \&quot;Updating programDescription\&quot;,\n        \&quot;online\&quot;: true\n    },\n    {\n        \&quot;programId\&quot;: 5884,\n        \&quot;programName\&quot;: \&quot;Testing\&quot;,\n        \&quot;programDescription\&quot;: \&quot;AutomationTesting\&quot;,\n        \&quot;online\&quot;: true\n    },\n    {\n        \&quot;programId\&quot;: 5885,\n        \&quot;programName\&quot;: \&quot;cucumber learning modified\&quot;,\n        \&quot;programDescription\&quot;: \&quot;cucumber learning\&quot;,\n        \&quot;online\&quot;: false\n    },\n    {\n        \&quot;programId\&quot;: 5886,\n        \&quot;programName\&quot;: \&quot;SDET\&quot;,\n        \&quot;programDescription\&quot;: \&quot;Selenium Postman\&quot;,\n        \&quot;online\&quot;: true\n    },\n    {\n        \&quot;programId\&quot;: 5887,\n        \&quot;programName\&quot;: \&quot;Blank testing\&quot;,\n        \&quot;programDescription\&quot;: \&quot;\&quot;,\n        \&quot;online\&quot;: false\n    },\n    {\n        \&quot;programId\&quot;: 5888,\n        \&quot;programName\&quot;: \&quot;API Testing\&quot;,\n        \&quot;programDescription\&quot;: \&quot;RestAssured Postman\&quot;,\n        \&quot;online\&quot;: false\n    },\n    {\n        \&quot;programId\&quot;: 5889,\n        \&quot;programName\&quot;: \&quot;API Testing\&quot;,\n        \&quot;programDescription\&quot;: \&quot;Selenium Postman\&quot;,\n        \&quot;online\&quot;: false\n    },\n    {\n        \&quot;programId\&quot;: 5890,\n        \&quot;programName\&quot;: \&quot;Updating ProgramName for 272\&quot;,\n        \&quot;programDescription\&quot;: \&quot;Updating programDescription\&quot;,\n        \&quot;online\&quot;: false\n    },\n    {\n        \&quot;programId\&quot;: 5891,\n        \&quot;programName\&quot;: \&quot;Testing\&quot;,\n        \&quot;programDescription\&quot;: \&quot;Testing\&quot;,\n        \&quot;online\&quot;: true\n    },\n    {\n        \&quot;programId\&quot;: 5892,\n        \&quot;programName\&quot;: \&quot;Updating ProgramName for 273\&quot;,\n        \&quot;programDescription\&quot;: \&quot;Updating programDescription\&quot;,\n        \&quot;online\&quot;: true\n    },\n    {\n        \&quot;programId\&quot;: 5893,\n        \&quot;programName\&quot;: \&quot;Testing\&quot;,\n        \&quot;programDescription\&quot;: \&quot;AutomationTesting\&quot;,\n        \&quot;online\&quot;: true\n    },\n    {\n        \&quot;programId\&quot;: 5894,\n        \&quot;programName\&quot;: \&quot;cucumber learning modified\&quot;,\n        \&quot;programDescription\&quot;: \&quot;cucumber learning\&quot;,\n        \&quot;online\&quot;: false\n    },\n    {\n        \&quot;programId\&quot;: 5895,\n        \&quot;programName\&quot;: \&quot;SDET\&quot;,\n        \&quot;programDescription\&quot;: \&quot;Selenium Postman\&quot;,\n        \&quot;online\&quot;: true\n    },\n    {\n        \&quot;programId\&quot;: 5896,\n        \&quot;programName\&quot;: \&quot;Blank testing\&quot;,\n        \&quot;programDescription\&quot;: \&quot;\&quot;,\n        \&quot;online\&quot;: false\n    },\n    {\n        \&quot;programId\&quot;: 5897,\n        \&quot;programName\&quot;: \&quot;API Testing\&quot;,\n        \&quot;programDescription\&quot;: \&quot;RestAssured Postman\&quot;,\n        \&quot;online\&quot;: false\n    },\n    {\n        \&quot;programId\&quot;: 5898,\n        \&quot;programName\&quot;: \&quot;API Testing\&quot;,\n        \&quot;programDescription\&quot;: \&quot;Selenium Postman\&quot;,\n        \&quot;online\&quot;: false\n    },\n    {\n        \&quot;programId\&quot;: 5899,\n        \&quot;programName\&quot;: \&quot;Updating ProgramName for 272\&quot;,\n        \&quot;programDescription\&quot;: \&quot;Updating programDescription\&quot;,\n        \&quot;online\&quot;: false\n    },\n    {\n        \&quot;programId\&quot;: 5900,\n        \&quot;programName\&quot;: \&quot;Testing\&quot;,\n        \&quot;programDescription\&quot;: \&quot;Testing\&quot;,\n        \&quot;online\&quot;: true\n    },\n    {\n        \&quot;programId\&quot;: 5901,\n        \&quot;programName\&quot;: \&quot;Updating ProgramName for 273\&quot;,\n        \&quot;programDescription\&quot;: \&quot;Updating programDescription\&quot;,\n        \&quot;online\&quot;: true\n    },\n    {\n        \&quot;programId\&quot;: 5902,\n        \&quot;programName\&quot;: \&quot;Testing\&quot;,\n        \&quot;programDescription\&quot;: \&quot;AutomationTesting\&quot;,\n        \&quot;online\&quot;: true\n    },\n    {\n        \&quot;programId\&quot;: 5903,\n        \&quot;programName\&quot;: \&quot;cucumber learning modified\&quot;,\n        \&quot;programDescription\&quot;: \&quot;cucumber learning\&quot;,\n        \&quot;online\&quot;: false\n    },\n    {\n        \&quot;programId\&quot;: 5904,\n        \&quot;programName\&quot;: \&quot;SDET\&quot;,\n        \&quot;programDescription\&quot;: \&quot;Selenium Postman\&quot;,\n        \&quot;online\&quot;: true\n    },\n    {\n        \&quot;programId\&quot;: 5905,\n        \&quot;programName\&quot;: \&quot;Blank testing\&quot;,\n        \&quot;programDescription\&quot;: \&quot;\&quot;,\n        \&quot;online\&quot;: false\n    },\n    {\n        \&quot;programId\&quot;: 5906,\n        \&quot;programName\&quot;: \&quot;API Testing\&quot;,\n        \&quot;programDescription\&quot;: \&quot;RestAssured Postman\&quot;,\n        \&quot;online\&quot;: false\n    },\n    {\n        \&quot;programId\&quot;: 5907,\n        \&quot;programName\&quot;: \&quot;API Testing\&quot;,\n        \&quot;programDescription\&quot;: \&quot;Selenium Postman\&quot;,\n        \&quot;online\&quot;: false\n    },\n    {\n        \&quot;programId\&quot;: 5908,\n        \&quot;programName\&quot;: \&quot;Updating ProgramName for 272\&quot;,\n        \&quot;programDescription\&quot;: \&quot;Updating programDescription\&quot;,\n        \&quot;online\&quot;: false\n    },\n    {\n        \&quot;programId\&quot;: 5909,\n        \&quot;programName\&quot;: \&quot;Testing\&quot;,\n        \&quot;programDescription\&quot;: \&quot;Testing\&quot;,\n        \&quot;online\&quot;: true\n    },\n    {\n        \&quot;programId\&quot;: 5910,\n        \&quot;programName\&quot;: \&quot;Updating ProgramName for 273\&quot;,\n        \&quot;programDescription\&quot;: \&quot;Updating programDescription\&quot;,\n        \&quot;online\&quot;: true\n    },\n    {\n        \&quot;programId\&quot;: 5911,\n        \&quot;programName\&quot;: \&quot;Testing\&quot;,\n        \&quot;programDescription\&quot;: \&quot;AutomationTesting\&quot;,\n        \&quot;online\&quot;: true\n    },\n    {\n        \&quot;programId\&quot;: 5912,\n        \&quot;programName\&quot;: \&quot;cucumber learning modified\&quot;,\n        \&quot;programDescription\&quot;: \&quot;cucumber learning\&quot;,\n        \&quot;online\&quot;: false\n    },\n    {\n        \&quot;programId\&quot;: 5913,\n        \&quot;programName\&quot;: \&quot;SDET\&quot;,\n        \&quot;programDescription\&quot;: \&quot;Selenium Postman\&quot;,\n        \&quot;online\&quot;: true\n    },\n    {\n        \&quot;programId\&quot;: 5914,\n        \&quot;programName\&quot;: \&quot;Blank testing\&quot;,\n        \&quot;programDescription\&quot;: \&quot;\&quot;,\n        \&quot;online\&quot;: false\n    },\n    {\n        \&quot;programId\&quot;: 5915,\n        \&quot;programName\&quot;: \&quot;API Testing\&quot;,\n        \&quot;programDescription\&quot;: \&quot;RestAssured Postman\&quot;,\n        \&quot;online\&quot;: false\n    },\n    {\n        \&quot;programId\&quot;: 5916,\n        \&quot;programName\&quot;: \&quot;API Testing\&quot;,\n        \&quot;programDescription\&quot;: \&quot;Selenium Postman\&quot;,\n        \&quot;online\&quot;: false\n    },\n    {\n        \&quot;programId\&quot;: 5917,\n        \&quot;programName\&quot;: \&quot;Updating ProgramName for 272\&quot;,\n        \&quot;programDescription\&quot;: \&quot;Updating programDescription\&quot;,\n        \&quot;online\&quot;: false\n    },\n    {\n        \&quot;programId\&quot;: 5918,\n        \&quot;programName\&quot;: \&quot;Testing\&quot;,\n        \&quot;programDescription\&quot;: \&quot;Testing\&quot;,\n        \&quot;online\&quot;: true\n    },\n    {\n        \&quot;programId\&quot;: 5919,\n        \&quot;programName\&quot;: \&quot;Updating ProgramName for 273\&quot;,\n        \&quot;programDescription\&quot;: \&quot;Updating programDescription\&quot;,\n        \&quot;online\&quot;: true\n    },\n    {\n        \&quot;programId\&quot;: 5920,\n        \&quot;programName\&quot;: \&quot;Testing\&quot;,\n        \&quot;programDescription\&quot;: \&quot;AutomationTesting\&quot;,\n        \&quot;online\&quot;: true\n    },\n    {\n        \&quot;programId\&quot;: 5921,\n        \&quot;programName\&quot;: \&quot;Monali\&quot;,\n        \&quot;programDescription\&quot;: \&quot;TestNG\&quot;,\n        \&quot;online\&quot;: true\n    },\n    {\n        \&quot;programId\&quot;: 5922,\n        \&quot;programName\&quot;: \&quot;Monali\&quot;,\n        \&quot;programDescription\&quot;: \&quot;mytest\&quot;,\n        \&quot;online\&quot;: true\n    },\n    {\n        \&quot;programId\&quot;: 5923,\n        \&quot;programName\&quot;: \&quot;Monali\&quot;,\n        \&quot;programDescription\&quot;: \&quot;TestNG1\&quot;,\n        \&quot;online\&quot;: true\n    },\n    {\n        \&quot;programId\&quot;: 5924,\n        \&quot;programName\&quot;: \&quot;Java\&quot;,\n        \&quot;programDescription\&quot;: \&quot;Testing\&quot;,\n        \&quot;online\&quot;: false\n    },\n    {\n        \&quot;programId\&quot;: 5925,\n        \&quot;programName\&quot;: \&quot;Csharp\&quot;,\n        \&quot;programDescription\&quot;: \&quot;Testing\&quot;,\n        \&quot;online\&quot;: true\n    },\n    {\n        \&quot;programId\&quot;: 5926,\n        \&quot;programName\&quot;: \&quot;Cypress\&quot;,\n        \&quot;programDescription\&quot;: \&quot;Testing edited\&quot;,\n        \&quot;online\&quot;: false\n    },\n    {\n        \&quot;programId\&quot;: 5927,\n        \&quot;programName\&quot;: \&quot;CoralDraw\&quot;,\n        \&quot;programDescription\&quot;: \&quot;Testing edited\&quot;,\n        \&quot;online\&quot;: true\n    },\n    {\n        \&quot;programId\&quot;: 5928,\n        \&quot;programName\&quot;: \&quot;Adobe Reader\&quot;,\n        \&quot;programDescription\&quot;: \&quot;Testing edited\&quot;,\n        \&quot;online\&quot;: true\n    },\n    {\n        \&quot;programId\&quot;: 5929,\n        \&quot;programName\&quot;: \&quot;Selenium Modified\&quot;,\n        \&quot;programDescription\&quot;: \&quot;Testing Modified\&quot;,\n        \&quot;online\&quot;: true\n    },\n    {\n        \&quot;programId\&quot;: 5930,\n        \&quot;programName\&quot;: \&quot;Java\&quot;,\n        \&quot;programDescription\&quot;: \&quot;Testing\&quot;,\n        \&quot;online\&quot;: false\n    },\n    {\n        \&quot;programId\&quot;: 5931,\n        \&quot;programName\&quot;: \&quot;Java Modified\&quot;,\n        \&quot;programDescription\&quot;: \&quot;Testing Modified\&quot;,\n        \&quot;online\&quot;: false\n    },\n    {\n        \&quot;programId\&quot;: 5932,\n        \&quot;programName\&quot;: \&quot;Csharp\&quot;,\n        \&quot;programDescription\&quot;: \&quot;Testing\&quot;,\n        \&quot;online\&quot;: true\n    },\n    {\n        \&quot;programId\&quot;: 5933,\n        \&quot;programName\&quot;: \&quot;Csharp Modified\&quot;,\n        \&quot;programDescription\&quot;: \&quot;Testing Modified\&quot;,\n        \&quot;online\&quot;: true\n    },\n    {\n        \&quot;programId\&quot;: 5934,\n        \&quot;programName\&quot;: \&quot;Cypress\&quot;,\n        \&quot;programDescription\&quot;: \&quot;Testing edited\&quot;,\n        \&quot;online\&quot;: false\n    },\n    {\n        \&quot;programId\&quot;: 5935,\n        \&quot;programName\&quot;: \&quot;Cypress Modified\&quot;,\n        \&quot;programDescription\&quot;: \&quot;Testing edited Modified\&quot;,\n        \&quot;online\&quot;: false\n    },\n    {\n        \&quot;programId\&quot;: 5936,\n        \&quot;programName\&quot;: \&quot;CoralDraw\&quot;,\n        \&quot;programDescription\&quot;: \&quot;Testing edited\&quot;,\n        \&quot;online\&quot;: true\n    },\n    {\n        \&quot;programId\&quot;: 5937,\n        \&quot;programName\&quot;: \&quot;CoralDraw Modified\&quot;,\n        \&quot;programDescription\&quot;: \&quot;Testing edited Modified\&quot;,\n        \&quot;online\&quot;: true\n    },\n    {\n        \&quot;programId\&quot;: 5938,\n        \&quot;programName\&quot;: \&quot;Adobe Reader\&quot;,\n        \&quot;programDescription\&quot;: \&quot;Testing edited\&quot;,\n        \&quot;online\&quot;: true\n    },\n    {\n        \&quot;programId\&quot;: 5939,\n        \&quot;programName\&quot;: \&quot;Adobe Reader Modified\&quot;,\n        \&quot;programDescription\&quot;: \&quot;Testing edited Modified\&quot;,\n        \&quot;online\&quot;: true\n    },\n    {\n        \&quot;programId\&quot;: 5940,\n        \&quot;programName\&quot;: \&quot;Cucumber Modified\&quot;,\n        \&quot;programDescription\&quot;: \&quot;Testing edited Modified\&quot;,\n        \&quot;online\&quot;: true\n    },\n    {\n        \&quot;programId\&quot;: 5941,\n        \&quot;programName\&quot;: \&quot;SDET26\&quot;,\n        \&quot;programDescription\&quot;: \&quot;Automation testing\&quot;,\n        \&quot;online\&quot;: true\n    },\n    {\n        \&quot;programId\&quot;: 5942,\n        \&quot;programName\&quot;: \&quot;DS\&quot;,\n        \&quot;programDescription\&quot;: \&quot;data science\&quot;,\n        \&quot;online\&quot;: false\n    },\n    {\n        \&quot;programId\&quot;: 5943,\n        \&quot;programName\&quot;: \&quot;SDET26\&quot;,\n        \&quot;programDescription\&quot;: \&quot;Automation testing\&quot;,\n        \&quot;online\&quot;: true\n    },\n    {\n        \&quot;programId\&quot;: 5944,\n        \&quot;programName\&quot;: \&quot;DS\&quot;,\n        \&quot;programDescription\&quot;: \&quot;data science\&quot;,\n        \&quot;online\&quot;: false\n    },\n    {\n        \&quot;programId\&quot;: 5945,\n        \&quot;programName\&quot;: \&quot;SDET26\&quot;,\n        \&quot;programDescription\&quot;: \&quot;Automation testing\&quot;,\n        \&quot;online\&quot;: true\n    },\n    {\n        \&quot;programId\&quot;: 5946,\n        \&quot;programName\&quot;: \&quot;DS\&quot;,\n        \&quot;programDescription\&quot;: \&quot;data science\&quot;,\n        \&quot;online\&quot;: false\n    },\n    {\n        \&quot;programId\&quot;: 5947,\n        \&quot;programName\&quot;: \&quot;SDET26\&quot;,\n        \&quot;programDescription\&quot;: \&quot;Automation testing\&quot;,\n        \&quot;online\&quot;: true\n    },\n    {\n        \&quot;programId\&quot;: 5948,\n        \&quot;programName\&quot;: \&quot;DS\&quot;,\n        \&quot;programDescription\&quot;: \&quot;data science\&quot;,\n        \&quot;online\&quot;: false\n    },\n    {\n        \&quot;programId\&quot;: 5949,\n        \&quot;programName\&quot;: \&quot;SDET26\&quot;,\n        \&quot;programDescription\&quot;: \&quot;Automation testing\&quot;,\n        \&quot;online\&quot;: true\n    },\n    {\n        \&quot;programId\&quot;: 5950,\n        \&quot;programName\&quot;: \&quot;DS\&quot;,\n        \&quot;programDescription\&quot;: \&quot;data science\&quot;,\n        \&quot;online\&quot;: false\n    },\n    {\n        \&quot;programId\&quot;: 5951,\n        \&quot;programName\&quot;: \&quot;SDET26\&quot;,\n        \&quot;programDescription\&quot;: \&quot;Automation testing\&quot;,\n        \&quot;online\&quot;: true\n    },\n    {\n        \&quot;programId\&quot;: 5952,\n        \&quot;programName\&quot;: \&quot;DS\&quot;,\n        \&quot;programDescription\&quot;: \&quot;data science\&quot;,\n        \&quot;online\&quot;: false\n    },\n    {\n        \&quot;programId\&quot;: 5953,\n        \&quot;programName\&quot;: \&quot;SDET26\&quot;,\n        \&quot;programDescription\&quot;: \&quot;Automation testing\&quot;,\n        \&quot;online\&quot;: true\n    },\n    {\n        \&quot;programId\&quot;: 5954,\n        \&quot;programName\&quot;: \&quot;DS\&quot;,\n        \&quot;programDescription\&quot;: \&quot;data science\&quot;,\n        \&quot;online\&quot;: false\n    },\n    {\n        \&quot;programId\&quot;: 5955,\n        \&quot;programName\&quot;: \&quot;SDET26\&quot;,\n        \&quot;programDescription\&quot;: \&quot;Automation testing\&quot;,\n        \&quot;online\&quot;: true\n    },\n    {\n        \&quot;programId\&quot;: 5956,\n        \&quot;programName\&quot;: \&quot;DS\&quot;,\n        \&quot;programDescription\&quot;: \&quot;data science\&quot;,\n        \&quot;online\&quot;: false\n    },\n    {\n        \&quot;programId\&quot;: 5957,\n        \&quot;programName\&quot;: \&quot;SDET26\&quot;,\n        \&quot;programDescription\&quot;: \&quot;Automation testing\&quot;,\n        \&quot;online\&quot;: true\n    },\n    {\n        \&quot;programId\&quot;: 5958,\n        \&quot;programName\&quot;: \&quot;DS\&quot;,\n        \&quot;programDescription\&quot;: \&quot;data science\&quot;,\n        \&quot;online\&quot;: false\n    },\n    {\n        \&quot;programId\&quot;: 5959,\n        \&quot;programName\&quot;: \&quot;SDET26\&quot;,\n        \&quot;programDescription\&quot;: \&quot;Automation testing\&quot;,\n        \&quot;online\&quot;: true\n    },\n    {\n        \&quot;programId\&quot;: 5960,\n        \&quot;programName\&quot;: \&quot;DS\&quot;,\n        \&quot;programDescription\&quot;: \&quot;data science\&quot;,\n        \&quot;online\&quot;: false\n    },\n    {\n        \&quot;programId\&quot;: 5961,\n        \&quot;programName\&quot;: \&quot;Testing\&quot;,\n        \&quot;programDescription\&quot;: \&quot;Testing\&quot;,\n        \&quot;online\&quot;: true\n    },\n    {\n        \&quot;programId\&quot;: 5962,\n        \&quot;programName\&quot;: \&quot;password\&quot;,\n        \&quot;programDescription\&quot;: \&quot;admin\&quot;,\n        \&quot;online\&quot;: false\n    },\n    {\n        \&quot;programId\&quot;: 5963,\n        \&quot;programName\&quot;: \&quot;Java\&quot;,\n        \&quot;programDescription\&quot;: \&quot;Testing\&quot;,\n        \&quot;online\&quot;: false\n    },\n    {\n        \&quot;programId\&quot;: 5964,\n        \&quot;programName\&quot;: \&quot;Csharp\&quot;,\n        \&quot;programDescription\&quot;: \&quot;Testing\&quot;,\n        \&quot;online\&quot;: true\n    },\n    {\n        \&quot;programId\&quot;: 5965,\n        \&quot;programName\&quot;: \&quot;Cypress\&quot;,\n        \&quot;programDescription\&quot;: \&quot;Testing edited\&quot;,\n        \&quot;online\&quot;: false\n    },\n    {\n        \&quot;programId\&quot;: 5966,\n        \&quot;programName\&quot;: \&quot;CoralDraw\&quot;,\n        \&quot;programDescription\&quot;: \&quot;Testing edited\&quot;,\n        \&quot;online\&quot;: true\n    },\n    {\n        \&quot;programId\&quot;: 5967,\n        \&quot;programName\&quot;: \&quot;Adobe Reader\&quot;,\n        \&quot;programDescription\&quot;: \&quot;Testing edited\&quot;,\n        \&quot;online\&quot;: true\n    },\n    {\n        \&quot;programId\&quot;: 5968,\n        \&quot;programName\&quot;: \&quot;Selenium Modified\&quot;,\n        \&quot;programDescription\&quot;: \&quot;Testing Modified\&quot;,\n        \&quot;online\&quot;: true\n    },\n    {\n        \&quot;programId\&quot;: 5969,\n        \&quot;programName\&quot;: \&quot;Java\&quot;,\n        \&quot;programDescription\&quot;: \&quot;Testing\&quot;,\n        \&quot;online\&quot;: false\n    },\n    {\n        \&quot;programId\&quot;: 5970,\n        \&quot;programName\&quot;: \&quot;Java Modified\&quot;,\n        \&quot;programDescription\&quot;: \&quot;Testing Modified\&quot;,\n        \&quot;online\&quot;: false\n    },\n    {\n        \&quot;programId\&quot;: 5971,\n        \&quot;programName\&quot;: \&quot;Csharp\&quot;,\n        \&quot;programDescription\&quot;: \&quot;Testing\&quot;,\n        \&quot;online\&quot;: true\n    },\n    {\n        \&quot;programId\&quot;: 5972,\n        \&quot;programName\&quot;: \&quot;Csharp Modified\&quot;,\n        \&quot;programDescription\&quot;: \&quot;Testing Modified\&quot;,\n        \&quot;online\&quot;: true\n    },\n    {\n        \&quot;programId\&quot;: 5973,\n        \&quot;programName\&quot;: \&quot;Cypress\&quot;,\n        \&quot;programDescription\&quot;: \&quot;Testing edited\&quot;,\n        \&quot;online\&quot;: false\n    },\n    {\n        \&quot;programId\&quot;: 5974,\n        \&quot;programName\&quot;: \&quot;Cypress Modified\&quot;,\n        \&quot;programDescription\&quot;: \&quot;Testing edited Modified\&quot;,\n        \&quot;online\&quot;: false\n    },\n    {\n        \&quot;programId\&quot;: 5975,\n        \&quot;programName\&quot;: \&quot;CoralDraw\&quot;,\n        \&quot;programDescription\&quot;: \&quot;Testing edited\&quot;,\n        \&quot;online\&quot;: true\n    },\n    {\n        \&quot;programId\&quot;: 5976,\n        \&quot;programName\&quot;: \&quot;CoralDraw Modified\&quot;,\n        \&quot;programDescription\&quot;: \&quot;Testing edited Modified\&quot;,\n        \&quot;online\&quot;: true\n    },\n    {\n        \&quot;programId\&quot;: 5977,\n        \&quot;programName\&quot;: \&quot;Adobe Reader\&quot;,\n        \&quot;programDescription\&quot;: \&quot;Testing edited\&quot;,\n        \&quot;online\&quot;: true\n    },\n    {\n        \&quot;programId\&quot;: 5978,\n        \&quot;programName\&quot;: \&quot;Adobe Reader Modified\&quot;,\n        \&quot;programDescription\&quot;: \&quot;Testing edited Modified\&quot;,\n        \&quot;online\&quot;: true\n    },\n    {\n        \&quot;programId\&quot;: 5979,\n        \&quot;programName\&quot;: \&quot;Cucumber Modified\&quot;,\n        \&quot;programDescription\&quot;: \&quot;Testing edited Modified\&quot;,\n        \&quot;online\&quot;: true\n    },\n    {\n        \&quot;programId\&quot;: 5980,\n        \&quot;programName\&quot;: \&quot;password\&quot;,\n        \&quot;programDescription\&quot;: \&quot;admin\&quot;,\n        \&quot;online\&quot;: false\n    },\n    {\n        \&quot;programId\&quot;: 5981,\n        \&quot;programName\&quot;: \&quot;SDET26\&quot;,\n        \&quot;programDescription\&quot;: \&quot;Automation testing\&quot;,\n        \&quot;online\&quot;: true\n    },\n    {\n        \&quot;programId\&quot;: 5982,\n        \&quot;programName\&quot;: \&quot;DS\&quot;,\n        \&quot;programDescription\&quot;: \&quot;data science\&quot;,\n        \&quot;online\&quot;: false\n    },\n    {\n        \&quot;programId\&quot;: 5983,\n        \&quot;programName\&quot;: \&quot;SDET26\&quot;,\n        \&quot;programDescription\&quot;: \&quot;Automation testing\&quot;,\n        \&quot;online\&quot;: true\n    },\n    {\n        \&quot;programId\&quot;: 5984,\n        \&quot;programName\&quot;: \&quot;DS\&quot;,\n        \&quot;programDescription\&quot;: \&quot;data science\&quot;,\n        \&quot;online\&quot;: false\n    },\n    {\n        \&quot;programId\&quot;: 5985,\n        \&quot;programName\&quot;: \&quot;SDET26\&quot;,\n        \&quot;programDescription\&quot;: \&quot;Automation testing\&quot;,\n        \&quot;online\&quot;: true\n    },\n    {\n        \&quot;programId\&quot;: 5986,\n        \&quot;programName\&quot;: \&quot;SDET26\&quot;,\n        \&quot;programDescription\&quot;: \&quot;Automation testing\&quot;,\n        \&quot;online\&quot;: true\n    },\n    {\n        \&quot;programId\&quot;: 5987,\n        \&quot;programName\&quot;: \&quot;password\&quot;,\n        \&quot;programDescription\&quot;: \&quot;admin\&quot;,\n        \&quot;online\&quot;: true\n    },\n    {\n        \&quot;programId\&quot;: 5988,\n        \&quot;programName\&quot;: \&quot;string\&quot;,\n        \&quot;programDescription\&quot;: \&quot;string\&quot;,\n        \&quot;online\&quot;: true\n    },\n    {\n        \&quot;programId\&quot;: 5989,\n        \&quot;programName\&quot;: \&quot;string\&quot;,\n        \&quot;programDescription\&quot;: \&quot;string\&quot;,\n        \&quot;online\&quot;: true\n    },\n    {\n        \&quot;programId\&quot;: 5990,\n        \&quot;programName\&quot;: \&quot;password\&quot;,\n        \&quot;programDescription\&quot;: \&quot;admin\&quot;,\n        \&quot;online\&quot;: true\n    },\n    {\n        \&quot;programId\&quot;: 5991,\n        \&quot;programName\&quot;: \&quot;string\&quot;,\n        \&quot;programDescription\&quot;: \&quot;string\&quot;,\n        \&quot;online\&quot;: true\n    },\n    {\n        \&quot;programId\&quot;: 5992,\n        \&quot;programName\&quot;: \&quot;SDET26\&quot;,\n        \&quot;programDescription\&quot;: \&quot;Automation testing\&quot;,\n        \&quot;online\&quot;: true\n    },\n    {\n        \&quot;programId\&quot;: 5993,\n        \&quot;programName\&quot;: \&quot;DS\&quot;,\n        \&quot;programDescription\&quot;: \&quot;data science\&quot;,\n        \&quot;online\&quot;: false\n    },\n    {\n        \&quot;programId\&quot;: 5994,\n        \&quot;programName\&quot;: \&quot;three years experience\&quot;,\n        \&quot;programDescription\&quot;: \&quot;Tester\&quot;,\n        \&quot;online\&quot;: true\n    },\n    {\n        \&quot;programId\&quot;: 5995,\n        \&quot;programName\&quot;: \&quot;Fresher\&quot;,\n        \&quot;programDescription\&quot;: \&quot;Developer\&quot;,\n        \&quot;online\&quot;: true\n    },\n    {\n        \&quot;programId\&quot;: 5996,\n        \&quot;programName\&quot;: \&quot;SDET26\&quot;,\n        \&quot;programDescription\&quot;: \&quot;Automation testing\&quot;,\n        \&quot;online\&quot;: true\n    },\n    {\n        \&quot;programId\&quot;: 5997,\n        \&quot;programName\&quot;: \&quot;string\&quot;,\n        \&quot;programDescription\&quot;: \&quot;string\&quot;,\n        \&quot;online\&quot;: true\n    },\n    {\n        \&quot;programId\&quot;: 5998,\n        \&quot;programName\&quot;: \&quot;Cadaats\&quot;,\n        \&quot;programDescription\&quot;: \&quot;testingpostman\&quot;,\n        \&quot;online\&quot;: true\n    },\n    {\n        \&quot;programId\&quot;: 6000,\n        \&quot;programName\&quot;: \&quot;SDET26\&quot;,\n        \&quot;programDescription\&quot;: \&quot;Automation testing\&quot;,\n        \&quot;online\&quot;: true\n    },\n    {\n        \&quot;programId\&quot;: 6001,\n        \&quot;programName\&quot;: \&quot;DS\&quot;,\n        \&quot;programDescription\&quot;: \&quot;data science\&quot;,\n        \&quot;online\&quot;: false\n    },\n    {\n        \&quot;programId\&quot;: 6002,\n        \&quot;programName\&quot;: \&quot;SDET26\&quot;,\n        \&quot;programDescription\&quot;: \&quot;Automation testing\&quot;,\n        \&quot;online\&quot;: true\n    },\n    {\n        \&quot;programId\&quot;: 6003,\n        \&quot;programName\&quot;: \&quot;DS\&quot;,\n        \&quot;programDescription\&quot;: \&quot;data science\&quot;,\n        \&quot;online\&quot;: false\n    },\n    {\n        \&quot;programId\&quot;: 6004,\n        \&quot;programName\&quot;: \&quot;SDET26\&quot;,\n        \&quot;programDescription\&quot;: \&quot;Automation testing\&quot;,\n        \&quot;online\&quot;: true\n    },\n    {\n        \&quot;programId\&quot;: 6005,\n        \&quot;programName\&quot;: \&quot;DS\&quot;,\n        \&quot;programDescription\&quot;: \&quot;data science\&quot;,\n        \&quot;online\&quot;: false\n    },\n    {\n        \&quot;programId\&quot;: 6006,\n        \&quot;programName\&quot;: \&quot;SDET26\&quot;,\n        \&quot;programDescription\&quot;: \&quot;Automation testing\&quot;,\n        \&quot;online\&quot;: true\n    },\n    {\n        \&quot;programId\&quot;: 6007,\n        \&quot;programName\&quot;: \&quot;DS\&quot;,\n        \&quot;programDescription\&quot;: \&quot;data science\&quot;,\n        \&quot;online\&quot;: false\n    },\n    {\n        \&quot;programId\&quot;: 6008,\n        \&quot;programName\&quot;: \&quot;Cadaats\&quot;,\n        \&quot;programDescription\&quot;: \&quot;testingpostman\&quot;,\n        \&quot;online\&quot;: true\n    },\n    {\n        \&quot;programId\&quot;: 6009,\n        \&quot;programName\&quot;: \&quot;SDET26\&quot;,\n        \&quot;programDescription\&quot;: \&quot;Automation testing\&quot;,\n        \&quot;online\&quot;: true\n    },\n    {\n        \&quot;programId\&quot;: 6010,\n        \&quot;programName\&quot;: \&quot;DS\&quot;,\n        \&quot;programDescription\&quot;: \&quot;data science\&quot;,\n        \&quot;online\&quot;: false\n    },\n    {\n        \&quot;programId\&quot;: 6011,\n        \&quot;programName\&quot;: \&quot;SDET26\&quot;,\n        \&quot;programDescription\&quot;: \&quot;Automation testing\&quot;,\n        \&quot;online\&quot;: true\n    },\n    {\n        \&quot;programId\&quot;: 6012,\n        \&quot;programName\&quot;: \&quot;DS\&quot;,\n        \&quot;programDescription\&quot;: \&quot;data science\&quot;,\n        \&quot;online\&quot;: false\n    },\n    {\n        \&quot;programId\&quot;: 6013,\n        \&quot;programName\&quot;: \&quot;SDET26\&quot;,\n        \&quot;programDescription\&quot;: \&quot;Automation testing\&quot;,\n        \&quot;online\&quot;: true\n    },\n    {\n        \&quot;programId\&quot;: 6014,\n        \&quot;programName\&quot;: \&quot;DS\&quot;,\n        \&quot;programDescription\&quot;: \&quot;data science\&quot;,\n        \&quot;online\&quot;: false\n    },\n    {\n        \&quot;programId\&quot;: 6015,\n        \&quot;programName\&quot;: \&quot;SDET26\&quot;,\n        \&quot;programDescription\&quot;: \&quot;Automation testing\&quot;,\n        \&quot;online\&quot;: true\n    },\n    {\n        \&quot;programId\&quot;: 6016,\n        \&quot;programName\&quot;: \&quot;DS\&quot;,\n        \&quot;programDescription\&quot;: \&quot;data science\&quot;,\n        \&quot;online\&quot;: false\n    },\n    {\n        \&quot;programId\&quot;: 6017,\n        \&quot;programName\&quot;: \&quot;string\&quot;,\n        \&quot;programDescription\&quot;: \&quot;string\&quot;,\n        \&quot;online\&quot;: true\n    },\n    {\n        \&quot;programId\&quot;: 6018,\n        \&quot;programName\&quot;: \&quot;SDET26\&quot;,\n        \&quot;programDescription\&quot;: \&quot;Automation testing\&quot;,\n        \&quot;online\&quot;: true\n    },\n    {\n        \&quot;programId\&quot;: 6019,\n        \&quot;programName\&quot;: \&quot;DS\&quot;,\n        \&quot;programDescription\&quot;: \&quot;data science\&quot;,\n        \&quot;online\&quot;: false\n    },\n    {\n        \&quot;programId\&quot;: 6020,\n        \&quot;programName\&quot;: \&quot;SDET26\&quot;,\n        \&quot;programDescription\&quot;: \&quot;Automation testing\&quot;,\n        \&quot;online\&quot;: true\n    },\n    {\n        \&quot;programId\&quot;: 6021,\n        \&quot;programName\&quot;: \&quot;DS\&quot;,\n        \&quot;programDescription\&quot;: \&quot;data science\&quot;,\n        \&quot;online\&quot;: false\n    },\n    {\n        \&quot;programId\&quot;: 6022,\n        \&quot;programName\&quot;: \&quot;Testing\&quot;,\n        \&quot;programDescription\&quot;: \&quot;Testing\&quot;,\n        \&quot;online\&quot;: true\n    },\n    {\n        \&quot;programId\&quot;: 6023,\n        \&quot;programName\&quot;: \&quot;SDET26\&quot;,\n        \&quot;programDescription\&quot;: \&quot;Automation testing\&quot;,\n        \&quot;online\&quot;: true\n    },\n    {\n        \&quot;programId\&quot;: 6024,\n        \&quot;programName\&quot;: \&quot;DS\&quot;,\n        \&quot;programDescription\&quot;: \&quot;data science\&quot;,\n        \&quot;online\&quot;: false\n    },\n    {\n        \&quot;programId\&quot;: 6025,\n        \&quot;programName\&quot;: \&quot;Scrum master\&quot;,\n        \&quot;programDescription\&quot;: \&quot;management\&quot;,\n        \&quot;online\&quot;: true\n    },\n    {\n        \&quot;programId\&quot;: 6026,\n        \&quot;programName\&quot;: \&quot;SDET\&quot;,\n        \&quot;programDescription\&quot;: \&quot;api\&quot;,\n        \&quot;online\&quot;: true\n    },\n    {\n        \&quot;programId\&quot;: 6027,\n        \&quot;programName\&quot;: \&quot;SDET123\&quot;,\n        \&quot;programDescription\&quot;: \&quot;\&quot;,\n        \&quot;online\&quot;: true\n    },\n    {\n        \&quot;programId\&quot;: 6028,\n        \&quot;programName\&quot;: \&quot;SDET\&quot;,\n        \&quot;programDescription\&quot;: \&quot;\&quot;,\n        \&quot;online\&quot;: true\n    },\n    {\n        \&quot;programId\&quot;: 6029,\n        \&quot;programName\&quot;: \&quot;SDET123\&quot;,\n        \&quot;programDescription\&quot;: \&quot;1\&quot;,\n        \&quot;online\&quot;: true\n    },\n    {\n        \&quot;programId\&quot;: 6030,\n        \&quot;programName\&quot;: \&quot;Scrum master\&quot;,\n        \&quot;programDescription\&quot;: \&quot;management\&quot;,\n        \&quot;online\&quot;: true\n    },\n    {\n        \&quot;programId\&quot;: 6031,\n        \&quot;programName\&quot;: \&quot;SDET\&quot;,\n        \&quot;programDescription\&quot;: \&quot;api\&quot;,\n        \&quot;online\&quot;: true\n    },\n    {\n        \&quot;programId\&quot;: 6032,\n        \&quot;programName\&quot;: \&quot;SDET\&quot;,\n        \&quot;programDescription\&quot;: \&quot;api\&quot;,\n        \&quot;online\&quot;: true\n    },\n    {\n        \&quot;programId\&quot;: 6033,\n        \&quot;programName\&quot;: \&quot;SDET26\&quot;,\n        \&quot;programDescription\&quot;: \&quot;Automation testing\&quot;,\n        \&quot;online\&quot;: true\n    },\n    {\n        \&quot;programId\&quot;: 6034,\n        \&quot;programName\&quot;: \&quot;DS\&quot;,\n        \&quot;programDescription\&quot;: \&quot;data science\&quot;,\n        \&quot;online\&quot;: false\n    },\n    {\n        \&quot;programId\&quot;: 6035,\n        \&quot;programName\&quot;: \&quot;string\&quot;,\n        \&quot;programDescription\&quot;: \&quot;string\&quot;,\n        \&quot;online\&quot;: true\n    },\n    {\n        \&quot;programId\&quot;: 6036,\n        \&quot;programName\&quot;: \&quot;NewProgram\&quot;,\n        \&quot;programDescription\&quot;: \&quot;New Program for Java\&quot;,\n        \&quot;online\&quot;: false\n    },\n    {\n        \&quot;programId\&quot;: 6037,\n        \&quot;programName\&quot;: \&quot;SDET\&quot;,\n        \&quot;programDescription\&quot;: \&quot;Automation\&quot;,\n        \&quot;online\&quot;: true\n    },\n    {\n        \&quot;programId\&quot;: 6038,\n        \&quot;programName\&quot;: \&quot;SDET\&quot;,\n        \&quot;programDescription\&quot;: \&quot;Automation\&quot;,\n        \&quot;online\&quot;: true\n    },\n    {\n        \&quot;programId\&quot;: 6039,\n        \&quot;programName\&quot;: \&quot;string\&quot;,\n        \&quot;programDescription\&quot;: \&quot;string\&quot;,\n        \&quot;online\&quot;: true\n    },\n    {\n        \&quot;programId\&quot;: 6040,\n        \&quot;programName\&quot;: \&quot;DS\&quot;,\n        \&quot;programDescription\&quot;: \&quot;Datascience\&quot;,\n        \&quot;online\&quot;: true\n    },\n    {\n        \&quot;programId\&quot;: 7394,\n        \&quot;programName\&quot;: \&quot;testing modify\&quot;,\n        \&quot;programDescription\&quot;: \&quot;testing modify\&quot;,\n        \&quot;online\&quot;: true\n    },\n    {\n        \&quot;programId\&quot;: 6042,\n        \&quot;programName\&quot;: \&quot;Testing\&quot;,\n        \&quot;programDescription\&quot;: \&quot;Testing\&quot;,\n        \&quot;online\&quot;: true\n    },\n    {\n        \&quot;programId\&quot;: 6043,\n        \&quot;programName\&quot;: \&quot;three years experience\&quot;,\n        \&quot;programDescription\&quot;: \&quot;Tester\&quot;,\n        \&quot;online\&quot;: true\n    },\n    {\n        \&quot;programId\&quot;: 6044,\n        \&quot;programName\&quot;: \&quot;Fresher\&quot;,\n        \&quot;programDescription\&quot;: \&quot;Developer\&quot;,\n        \&quot;online\&quot;: true\n    },\n    {\n        \&quot;programId\&quot;: 6045,\n        \&quot;programName\&quot;: \&quot;three years experience\&quot;,\n        \&quot;programDescription\&quot;: \&quot;Tester\&quot;,\n        \&quot;online\&quot;: true\n    },\n    {\n        \&quot;programId\&quot;: 6046,\n        \&quot;programName\&quot;: \&quot;Fresher\&quot;,\n        \&quot;programDescription\&quot;: \&quot;Developer\&quot;,\n        \&quot;online\&quot;: true\n    },\n    {\n        \&quot;programId\&quot;: 6047,\n        \&quot;programName\&quot;: \&quot;testing modified\&quot;,\n        \&quot;programDescription\&quot;: \&quot;testing modified\&quot;,\n        \&quot;online\&quot;: true\n    },\n    {\n        \&quot;programId\&quot;: 6048,\n        \&quot;programName\&quot;: \&quot;string\&quot;,\n        \&quot;programDescription\&quot;: \&quot;string\&quot;,\n        \&quot;online\&quot;: true\n    },\n    {\n        \&quot;programId\&quot;: 6049,\n        \&quot;programName\&quot;: \&quot;string\&quot;,\n        \&quot;programDescription\&quot;: \&quot;string\&quot;,\n        \&quot;online\&quot;: true\n    },\n    {\n        \&quot;programId\&quot;: 6050,\n        \&quot;programName\&quot;: \&quot;string\&quot;,\n        \&quot;programDescription\&quot;: \&quot;string\&quot;,\n        \&quot;online\&quot;: true\n    },\n    {\n        \&quot;programId\&quot;: 6051,\n        \&quot;programName\&quot;: \&quot;string\&quot;,\n        \&quot;programDescription\&quot;: \&quot;string\&quot;,\n        \&quot;online\&quot;: true\n    },\n    {\n        \&quot;programId\&quot;: 6052,\n        \&quot;programName\&quot;: \&quot;string\&quot;,\n        \&quot;programDescription\&quot;: \&quot;string\&quot;,\n        \&quot;online\&quot;: true\n    },\n    {\n        \&quot;programId\&quot;: 6053,\n        \&quot;programName\&quot;: \&quot;string\&quot;,\n        \&quot;programDescription\&quot;: \&quot;string\&quot;,\n        \&quot;online\&quot;: true\n    },\n    {\n        \&quot;programId\&quot;: 6054,\n        \&quot;programName\&quot;: \&quot;Testing modified\&quot;,\n        \&quot;programDescription\&quot;: \&quot;Testing modified\&quot;,\n        \&quot;online\&quot;: true\n    },\n    {\n        \&quot;programId\&quot;: 6055,\n        \&quot;programName\&quot;: \&quot;Testing modified\&quot;,\n        \&quot;programDescription\&quot;: \&quot;Testing modified\&quot;,\n        \&quot;online\&quot;: true\n    },\n    {\n        \&quot;programId\&quot;: 6056,\n        \&quot;programName\&quot;: \&quot;Testing modified\&quot;,\n        \&quot;programDescription\&quot;: \&quot;Testing modified\&quot;,\n        \&quot;online\&quot;: true\n    },\n    {\n        \&quot;programId\&quot;: 9253,\n        \&quot;programName\&quot;: \&quot;via automation programName\&quot;,\n        \&quot;programDescription\&quot;: \&quot;via automation programDescription\&quot;,\n        \&quot;online\&quot;: true\n    },\n    {\n        \&quot;programId\&quot;: 6058,\n        \&quot;programName\&quot;: \&quot;Java\&quot;,\n        \&quot;programDescription\&quot;: \&quot;Testing\&quot;,\n        \&quot;online\&quot;: false\n    },\n    {\n        \&quot;programId\&quot;: 6059,\n        \&quot;programName\&quot;: \&quot;Csharp\&quot;,\n        \&quot;programDescription\&quot;: \&quot;Testing\&quot;,\n        \&quot;online\&quot;: true\n    },\n    {\n        \&quot;programId\&quot;: 5999,\n        \&quot;programName\&quot;: \&quot;Testing2\&quot;,\n        \&quot;programDescription\&quot;: \&quot;Testing2\&quot;,\n        \&quot;online\&quot;: true\n    },\n    {\n        \&quot;programId\&quot;: 6061,\n        \&quot;programName\&quot;: \&quot;CoralDraw\&quot;,\n        \&quot;programDescription\&quot;: \&quot;Testing edited\&quot;,\n        \&quot;online\&quot;: true\n    },\n    {\n        \&quot;programId\&quot;: 6062,\n        \&quot;programName\&quot;: \&quot;Adobe Reader\&quot;,\n        \&quot;programDescription\&quot;: \&quot;Testing edited\&quot;,\n        \&quot;online\&quot;: true\n    },\n    {\n        \&quot;programId\&quot;: 6063,\n        \&quot;programName\&quot;: \&quot;Selenium Modified\&quot;,\n        \&quot;programDescription\&quot;: \&quot;Testing Modified\&quot;,\n        \&quot;online\&quot;: true\n    },\n    {\n        \&quot;programId\&quot;: 6064,\n        \&quot;programName\&quot;: \&quot;Java\&quot;,\n        \&quot;programDescription\&quot;: \&quot;Testing\&quot;,\n        \&quot;online\&quot;: false\n    },\n    {\n        \&quot;programId\&quot;: 6065,\n        \&quot;programName\&quot;: \&quot;Java Modified\&quot;,\n        \&quot;programDescription\&quot;: \&quot;Testing Modified\&quot;,\n        \&quot;online\&quot;: false\n    },\n    {\n        \&quot;programId\&quot;: 6066,\n        \&quot;programName\&quot;: \&quot;Csharp\&quot;,\n        \&quot;programDescription\&quot;: \&quot;Testing\&quot;,\n        \&quot;online\&quot;: true\n    },\n    {\n        \&quot;programId\&quot;: 6067,\n        \&quot;programName\&quot;: \&quot;Csharp Modified\&quot;,\n        \&quot;programDescription\&quot;: \&quot;Testing Modified\&quot;,\n        \&quot;online\&quot;: true\n    },\n    {\n        \&quot;programId\&quot;: 6068,\n        \&quot;programName\&quot;: \&quot;Cypress\&quot;,\n        \&quot;programDescription\&quot;: \&quot;Testing edited\&quot;,\n        \&quot;online\&quot;: false\n    },\n    {\n        \&quot;programId\&quot;: 6069,\n        \&quot;programName\&quot;: \&quot;Cypress Modified\&quot;,\n        \&quot;programDescription\&quot;: \&quot;Testing edited Modified\&quot;,\n        \&quot;online\&quot;: false\n    },\n    {\n        \&quot;programId\&quot;: 6070,\n        \&quot;programName\&quot;: \&quot;CoralDraw\&quot;,\n        \&quot;programDescription\&quot;: \&quot;Testing edited\&quot;,\n        \&quot;online\&quot;: true\n    },\n    {\n        \&quot;programId\&quot;: 6071,\n        \&quot;programName\&quot;: \&quot;CoralDraw Modified\&quot;,\n        \&quot;programDescription\&quot;: \&quot;Testing edited Modified\&quot;,\n        \&quot;online\&quot;: true\n    },\n    {\n        \&quot;programId\&quot;: 6072,\n        \&quot;programName\&quot;: \&quot;Adobe Reader\&quot;,\n        \&quot;programDescription\&quot;: \&quot;Testing edited\&quot;,\n        \&quot;online\&quot;: true\n    },\n    {\n        \&quot;programId\&quot;: 6073,\n        \&quot;programName\&quot;: \&quot;Adobe Reader Modified\&quot;,\n        \&quot;programDescription\&quot;: \&quot;Testing edited Modified\&quot;,\n        \&quot;online\&quot;: true\n    },\n    {\n        \&quot;programId\&quot;: 6074,\n        \&quot;programName\&quot;: \&quot;Cucumber Modified\&quot;,\n        \&quot;programDescription\&quot;: \&quot;Testing edited Modified\&quot;,\n        \&quot;online\&quot;: true\n    },\n    {\n        \&quot;programId\&quot;: 6076,\n        \&quot;programName\&quot;: \&quot;Testing modified\&quot;,\n        \&quot;programDescription\&quot;: \&quot;Testing modified\&quot;,\n        \&quot;online\&quot;: true\n    },\n    {\n        \&quot;programId\&quot;: 6077,\n        \&quot;programName\&quot;: \&quot;Testing modified\&quot;,\n        \&quot;programDescription\&quot;: \&quot;Testing modified\&quot;,\n        \&quot;online\&quot;: true\n    },\n    {\n        \&quot;programId\&quot;: 6080,\n        \&quot;programName\&quot;: \&quot;Testing\&quot;,\n        \&quot;programDescription\&quot;: \&quot;Testing\&quot;,\n        \&quot;online\&quot;: true\n    },\n    {\n        \&quot;programId\&quot;: 6082,\n        \&quot;programName\&quot;: \&quot;fizzy bath bom\&quot;,\n        \&quot;programDescription\&quot;: \&quot;science project is used in schoolscience project is used in schoolscience project is used in schoolscience project is used in schoolscience project is used in schoolscience project is used in schoolscience project is used in ool\&quot;,\n        \&quot;online\&quot;: true\n    },\n    {\n        \&quot;programId\&quot;: 6083,\n        \&quot;programName\&quot;: \&quot;Testing\&quot;,\n        \&quot;programDescription\&quot;: \&quot;Testing\&quot;,\n        \&quot;online\&quot;: true\n    },\n    {\n        \&quot;programId\&quot;: 6084,\n        \&quot;programName\&quot;: \&quot;Testing\&quot;,\n        \&quot;programDescription\&quot;: \&quot;Testing\&quot;,\n        \&quot;online\&quot;: true\n    },\n    {\n        \&quot;programId\&quot;: 6085,\n        \&quot;programName\&quot;: \&quot;Testing Modified\&quot;,\n        \&quot;programDescription\&quot;: \&quot;Testing Modified\&quot;,\n        \&quot;online\&quot;: true\n    },\n    {\n        \&quot;programId\&quot;: 6087,\n        \&quot;programName\&quot;: \&quot;Testing\&quot;,\n        \&quot;programDescription\&quot;: \&quot;Testing\&quot;,\n        \&quot;online\&quot;: true\n    },\n    {\n        \&quot;programId\&quot;: 6088,\n        \&quot;programName\&quot;: \&quot;Testing\&quot;,\n        \&quot;programDescription\&quot;: \&quot;Testing\&quot;,\n        \&quot;online\&quot;: true\n    },\n    {\n        \&quot;programId\&quot;: 6089,\n        \&quot;programName\&quot;: \&quot;Testing\&quot;,\n        \&quot;programDescription\&quot;: \&quot;Testing\&quot;,\n        \&quot;online\&quot;: true\n    },\n    {\n        \&quot;programId\&quot;: 6090,\n        \&quot;programName\&quot;: \&quot;string\&quot;,\n        \&quot;programDescription\&quot;: \&quot;string\&quot;,\n        \&quot;online\&quot;: true\n    },\n    {\n        \&quot;programId\&quot;: 6091,\n        \&quot;programName\&quot;: \&quot;string\&quot;,\n        \&quot;programDescription\&quot;: \&quot;string\&quot;,\n        \&quot;online\&quot;: true\n    },\n    {\n        \&quot;programId\&quot;: 6092,\n        \&quot;programName\&quot;: \&quot;string\&quot;,\n        \&quot;programDescription\&quot;: \&quot;string\&quot;,\n        \&quot;online\&quot;: true\n    },\n    {\n        \&quot;programId\&quot;: 6093,\n        \&quot;programName\&quot;: \&quot;string\&quot;,\n        \&quot;programDescription\&quot;: \&quot;string\&quot;,\n        \&quot;online\&quot;: true\n    },\n    {\n        \&quot;programId\&quot;: 6094,\n        \&quot;programName\&quot;: \&quot;Testing\&quot;,\n        \&quot;programDescription\&quot;: \&quot;Testing\&quot;,\n        \&quot;online\&quot;: true\n    },\n    {\n        \&quot;programId\&quot;: 6095,\n        \&quot;programName\&quot;: \&quot;Testing\&quot;,\n        \&quot;programDescription\&quot;: \&quot;Testing\&quot;,\n        \&quot;online\&quot;: true\n    },\n    {\n        \&quot;programId\&quot;: 6096,\n        \&quot;programName\&quot;: \&quot;Automation\&quot;,\n        \&quot;programDescription\&quot;: \&quot;QA\&quot;,\n        \&quot;online\&quot;: true\n    },\n    {\n        \&quot;programId\&quot;: 6097,\n        \&quot;programName\&quot;: \&quot;string\&quot;,\n        \&quot;programDescription\&quot;: \&quot;string\&quot;,\n        \&quot;online\&quot;: true\n    },\n    {\n        \&quot;programId\&quot;: 6098,\n        \&quot;programName\&quot;: \&quot;string\&quot;,\n        \&quot;programDescription\&quot;: \&quot;string\&quot;,\n        \&quot;online\&quot;: true\n    },\n    {\n        \&quot;programId\&quot;: 6099,\n        \&quot;programName\&quot;: \&quot;string\&quot;,\n        \&quot;programDescription\&quot;: \&quot;string\&quot;,\n        \&quot;online\&quot;: true\n    },\n    {\n        \&quot;programId\&quot;: 6101,\n        \&quot;programName\&quot;: \&quot;Testing modified\&quot;,\n        \&quot;programDescription\&quot;: \&quot;Testing modified\&quot;,\n        \&quot;online\&quot;: true\n    },\n    {\n        \&quot;programId\&quot;: 6102,\n        \&quot;programName\&quot;: \&quot;SDET26\&quot;,\n        \&quot;programDescription\&quot;: \&quot;Automation testing\&quot;,\n        \&quot;online\&quot;: true\n    },\n    {\n        \&quot;programId\&quot;: 6103,\n        \&quot;programName\&quot;: \&quot;DS\&quot;,\n        \&quot;programDescription\&quot;: \&quot;data science\&quot;,\n        \&quot;online\&quot;: false\n    },\n    {\n        \&quot;programId\&quot;: 6104,\n        \&quot;programName\&quot;: \&quot;SDET26\&quot;,\n        \&quot;programDescription\&quot;: \&quot;Automation testing\&quot;,\n        \&quot;online\&quot;: true\n    },\n    {\n        \&quot;programId\&quot;: 6105,\n        \&quot;programName\&quot;: \&quot;DS\&quot;,\n        \&quot;programDescription\&quot;: \&quot;data science\&quot;,\n        \&quot;online\&quot;: false\n    },\n    {\n        \&quot;programId\&quot;: 6106,\n        \&quot;programName\&quot;: \&quot;string\&quot;,\n        \&quot;programDescription\&quot;: \&quot;string\&quot;,\n        \&quot;online\&quot;: true\n    },\n    {\n        \&quot;programId\&quot;: 6107,\n        \&quot;programName\&quot;: \&quot;Testing\&quot;,\n        \&quot;programDescription\&quot;: \&quot;Testing\&quot;,\n        \&quot;online\&quot;: true\n    },\n    {\n        \&quot;programId\&quot;: 6108,\n        \&quot;programName\&quot;: \&quot;Testing\&quot;,\n        \&quot;programDescription\&quot;: \&quot;Testing\&quot;,\n        \&quot;online\&quot;: true\n    },\n    {\n        \&quot;programId\&quot;: 6109,\n        \&quot;programName\&quot;: \&quot;Testing\&quot;,\n        \&quot;programDescription\&quot;: \&quot;Testing\&quot;,\n        \&quot;online\&quot;: true\n    },\n    {\n        \&quot;programId\&quot;: 6110,\n        \&quot;programName\&quot;: \&quot;string\&quot;,\n        \&quot;programDescription\&quot;: \&quot;string\&quot;,\n        \&quot;online\&quot;: true\n    },\n    {\n        \&quot;programId\&quot;: 6111,\n        \&quot;programName\&quot;: \&quot;Testing\&quot;,\n        \&quot;programDescription\&quot;: \&quot;Testing\&quot;,\n        \&quot;online\&quot;: true\n    },\n    {\n        \&quot;programId\&quot;: 6113,\n        \&quot;programName\&quot;: \&quot;Testing modified\&quot;,\n        \&quot;programDescription\&quot;: \&quot;Testing modified\&quot;,\n        \&quot;online\&quot;: true\n    },\n    {\n        \&quot;programId\&quot;: 6114,\n        \&quot;programName\&quot;: \&quot;SDET26\&quot;,\n        \&quot;programDescription\&quot;: \&quot;Automation testing\&quot;,\n        \&quot;online\&quot;: true\n    },\n    {\n        \&quot;programId\&quot;: 6115,\n        \&quot;programName\&quot;: \&quot;DS\&quot;,\n        \&quot;programDescription\&quot;: \&quot;data science\&quot;,\n        \&quot;online\&quot;: false\n    },\n    {\n        \&quot;programId\&quot;: 6116,\n        \&quot;programName\&quot;: \&quot;Testing modified\&quot;,\n        \&quot;programDescription\&quot;: \&quot;Testing modified\&quot;,\n        \&quot;online\&quot;: true\n    },\n    {\n        \&quot;programId\&quot;: 6117,\n        \&quot;programName\&quot;: \&quot;SDET26\&quot;,\n        \&quot;programDescription\&quot;: \&quot;Automation testing\&quot;,\n        \&quot;online\&quot;: true\n    },\n    {\n        \&quot;programId\&quot;: 6118,\n        \&quot;programName\&quot;: \&quot;DS\&quot;,\n        \&quot;programDescription\&quot;: \&quot;data science\&quot;,\n        \&quot;online\&quot;: false\n    },\n    {\n        \&quot;programId\&quot;: 6119,\n        \&quot;programName\&quot;: \&quot;SDET26\&quot;,\n        \&quot;programDescription\&quot;: \&quot;Automation testing\&quot;,\n        \&quot;online\&quot;: true\n    },\n    {\n        \&quot;programId\&quot;: 7396,\n        \&quot;programName\&quot;: \&quot;string\&quot;,\n        \&quot;programDescription\&quot;: \&quot;string\&quot;,\n        \&quot;online\&quot;: true\n    },\n    {\n        \&quot;programId\&quot;: 6212,\n        \&quot;programName\&quot;: \&quot;updated\&quot;,\n        \&quot;programDescription\&quot;: \&quot;updated\&quot;,\n        \&quot;online\&quot;: true\n    },\n    {\n        \&quot;programId\&quot;: 6122,\n        \&quot;programName\&quot;: \&quot;SDET26\&quot;,\n        \&quot;programDescription\&quot;: \&quot;Automation testing\&quot;,\n        \&quot;online\&quot;: true\n    },\n    {\n        \&quot;programId\&quot;: 6123,\n        \&quot;programName\&quot;: \&quot;DS\&quot;,\n        \&quot;programDescription\&quot;: \&quot;data science\&quot;,\n        \&quot;online\&quot;: false\n    },\n    {\n        \&quot;programId\&quot;: 6124,\n        \&quot;programName\&quot;: \&quot;SDET26\&quot;,\n        \&quot;programDescription\&quot;: \&quot;Automation testing\&quot;,\n        \&quot;online\&quot;: true\n    },\n    {\n        \&quot;programId\&quot;: 6125,\n        \&quot;programName\&quot;: \&quot;DS\&quot;,\n        \&quot;programDescription\&quot;: \&quot;data science\&quot;,\n        \&quot;online\&quot;: false\n    },\n    {\n        \&quot;programId\&quot;: 6126,\n        \&quot;programName\&quot;: \&quot;string\&quot;,\n        \&quot;programDescription\&quot;: \&quot;string\&quot;,\n        \&quot;online\&quot;: true\n    },\n    {\n        \&quot;programId\&quot;: 6127,\n        \&quot;programName\&quot;: \&quot;string\&quot;,\n        \&quot;programDescription\&quot;: \&quot;string\&quot;,\n        \&quot;online\&quot;: true\n    },\n    {\n        \&quot;programId\&quot;: 6266,\n        \&quot;programName\&quot;: \&quot;Testing\&quot;,\n        \&quot;programDescription\&quot;: \&quot;Testing\&quot;,\n        \&quot;online\&quot;: true\n    },\n    {\n        \&quot;programId\&quot;: 6128,\n        \&quot;programName\&quot;: \&quot;SDET26\&quot;,\n        \&quot;programDescription\&quot;: \&quot;Automation testing\&quot;,\n        \&quot;online\&quot;: true\n    },\n    {\n        \&quot;programId\&quot;: 6129,\n        \&quot;programName\&quot;: \&quot;DS\&quot;,\n        \&quot;programDescription\&quot;: \&quot;data science\&quot;,\n        \&quot;online\&quot;: false\n    },\n    {\n        \&quot;programId\&quot;: 6130,\n        \&quot;programName\&quot;: \&quot;SDET26\&quot;,\n        \&quot;programDescription\&quot;: \&quot;Automation testing\&quot;,\n        \&quot;online\&quot;: true\n    },\n    {\n        \&quot;programId\&quot;: 6131,\n        \&quot;programName\&quot;: \&quot;DS\&quot;,\n        \&quot;programDescription\&quot;: \&quot;data science\&quot;,\n        \&quot;online\&quot;: false\n    },\n    {\n        \&quot;programId\&quot;: 6132,\n        \&quot;programName\&quot;: \&quot;SDET26\&quot;,\n        \&quot;programDescription\&quot;: \&quot;Automation testing\&quot;,\n        \&quot;online\&quot;: true\n    },\n    {\n        \&quot;programId\&quot;: 6133,\n        \&quot;programName\&quot;: \&quot;DS\&quot;,\n        \&quot;programDescription\&quot;: \&quot;data science\&quot;,\n        \&quot;online\&quot;: false\n    },\n    {\n        \&quot;programId\&quot;: 6134,\n        \&quot;programName\&quot;: \&quot;SDET26\&quot;,\n        \&quot;programDescription\&quot;: \&quot;Automation testing\&quot;,\n        \&quot;online\&quot;: true\n    },\n    {\n        \&quot;programId\&quot;: 6135,\n        \&quot;programName\&quot;: \&quot;DS\&quot;,\n        \&quot;programDescription\&quot;: \&quot;data science\&quot;,\n        \&quot;online\&quot;: false\n    },\n    {\n        \&quot;programId\&quot;: 6136,\n        \&quot;programName\&quot;: \&quot;fizzy bath bom\&quot;,\n        \&quot;programDescription\&quot;: \&quot;science project is used in school\&quot;,\n        \&quot;online\&quot;: true\n    },\n    {\n        \&quot;programId\&quot;: 6138,\n        \&quot;programName\&quot;: \&quot;SDET26\&quot;,\n        \&quot;programDescription\&quot;: \&quot;Automation testing\&quot;,\n        \&quot;online\&quot;: true\n    },\n    {\n        \&quot;programId\&quot;: 6139,\n        \&quot;programName\&quot;: \&quot;DS\&quot;,\n        \&quot;programDescription\&quot;: \&quot;data science\&quot;,\n        \&quot;online\&quot;: false\n    },\n    {\n        \&quot;programId\&quot;: 6140,\n        \&quot;programName\&quot;: \&quot;SDET26\&quot;,\n        \&quot;programDescription\&quot;: \&quot;Automation testing\&quot;,\n        \&quot;online\&quot;: true\n    },\n    {\n        \&quot;programId\&quot;: 6141,\n        \&quot;programName\&quot;: \&quot;DS\&quot;,\n        \&quot;programDescription\&quot;: \&quot;data science\&quot;,\n        \&quot;online\&quot;: false\n    },\n    {\n        \&quot;programId\&quot;: 6142,\n        \&quot;programName\&quot;: \&quot;SDET26\&quot;,\n        \&quot;programDescription\&quot;: \&quot;Automation testing\&quot;,\n        \&quot;online\&quot;: true\n    },\n    {\n        \&quot;programId\&quot;: 6143,\n        \&quot;programName\&quot;: \&quot;DS\&quot;,\n        \&quot;programDescription\&quot;: \&quot;data science\&quot;,\n        \&quot;online\&quot;: false\n    },\n    {\n        \&quot;programId\&quot;: 6144,\n        \&quot;programName\&quot;: \&quot;SDET26\&quot;,\n        \&quot;programDescription\&quot;: \&quot;Automation testing\&quot;,\n        \&quot;online\&quot;: true\n    },\n    {\n        \&quot;programId\&quot;: 6145,\n        \&quot;programName\&quot;: \&quot;DS\&quot;,\n        \&quot;programDescription\&quot;: \&quot;data science\&quot;,\n        \&quot;online\&quot;: false\n    },\n    {\n        \&quot;programId\&quot;: 6146,\n        \&quot;programName\&quot;: \&quot;less fizzy bomb\&quot;,\n        \&quot;programDescription\&quot;: \&quot;science fair\&quot;,\n        \&quot;online\&quot;: true\n    },\n    {\n        \&quot;programId\&quot;: 6147,\n        \&quot;programName\&quot;: \&quot;SDET26\&quot;,\n        \&quot;programDescription\&quot;: \&quot;Automation testing\&quot;,\n        \&quot;online\&quot;: true\n    },\n    {\n        \&quot;programId\&quot;: 6148,\n        \&quot;programName\&quot;: \&quot;DS\&quot;,\n        \&quot;programDescription\&quot;: \&quot;data science\&quot;,\n        \&quot;online\&quot;: false\n    },\n    {\n        \&quot;programId\&quot;: 6149,\n        \&quot;programName\&quot;: \&quot;SDET26\&quot;,\n        \&quot;programDescription\&quot;: \&quot;Automation testing\&quot;,\n        \&quot;online\&quot;: true\n    },\n    {\n        \&quot;programId\&quot;: 6150,\n        \&quot;programName\&quot;: \&quot;DS\&quot;,\n        \&quot;programDescription\&quot;: \&quot;data science\&quot;,\n        \&quot;online\&quot;: false\n    },\n    {\n        \&quot;programId\&quot;: 6151,\n        \&quot;programName\&quot;: \&quot;fizzy bath bom\&quot;,\n        \&quot;programDescription\&quot;: \&quot;science project is used in school\&quot;,\n        \&quot;online\&quot;: true\n    },\n    {\n        \&quot;programId\&quot;: 6152,\n        \&quot;programName\&quot;: \&quot;fizzy bath bom\&quot;,\n        \&quot;programDescription\&quot;: \&quot;science project is used in school\&quot;,\n        \&quot;online\&quot;: true\n    },\n    {\n        \&quot;programId\&quot;: 6153,\n        \&quot;programName\&quot;: \&quot;SDET26\&quot;,\n        \&quot;programDescription\&quot;: \&quot;Automation testing\&quot;,\n        \&quot;online\&quot;: true\n    },\n    {\n        \&quot;programId\&quot;: 6154,\n        \&quot;programName\&quot;: \&quot;DS\&quot;,\n        \&quot;programDescription\&quot;: \&quot;data science\&quot;,\n        \&quot;online\&quot;: false\n    },\n    {\n        \&quot;programId\&quot;: 6155,\n        \&quot;programName\&quot;: \&quot;SDET26\&quot;,\n        \&quot;programDescription\&quot;: \&quot;Automation testing\&quot;,\n        \&quot;online\&quot;: true\n    },\n    {\n        \&quot;programId\&quot;: 6156,\n        \&quot;programName\&quot;: \&quot;DS\&quot;,\n        \&quot;programDescription\&quot;: \&quot;data science\&quot;,\n        \&quot;online\&quot;: false\n    },\n    {\n        \&quot;programId\&quot;: 6157,\n        \&quot;programName\&quot;: \&quot;SDET26\&quot;,\n        \&quot;programDescription\&quot;: \&quot;Automation testing\&quot;,\n        \&quot;online\&quot;: true\n    },\n    {\n        \&quot;programId\&quot;: 6158,\n        \&quot;programName\&quot;: \&quot;DS\&quot;,\n        \&quot;programDescription\&quot;: \&quot;data science\&quot;,\n        \&quot;online\&quot;: false\n    },\n    {\n        \&quot;programId\&quot;: 6160,\n        \&quot;programName\&quot;: \&quot;Testing\&quot;,\n        \&quot;programDescription\&quot;: \&quot;Testing\&quot;,\n        \&quot;online\&quot;: true\n    },\n    {\n        \&quot;programId\&quot;: 6161,\n        \&quot;programName\&quot;: \&quot;Testing\&quot;,\n        \&quot;programDescription\&quot;: \&quot;Testing\&quot;,\n        \&quot;online\&quot;: true\n    },\n    {\n        \&quot;programId\&quot;: 6162,\n        \&quot;programName\&quot;: \&quot;SDET26\&quot;,\n        \&quot;programDescription\&quot;: \&quot;Automation testing\&quot;,\n        \&quot;online\&quot;: true\n    },\n    {\n        \&quot;programId\&quot;: 6163,\n        \&quot;programName\&quot;: \&quot;DS\&quot;,\n        \&quot;programDescription\&quot;: \&quot;data science\&quot;,\n        \&quot;online\&quot;: false\n    },\n    {\n        \&quot;programId\&quot;: 6164,\n        \&quot;programName\&quot;: \&quot;SDET26\&quot;,\n        \&quot;programDescription\&quot;: \&quot;Automation testing\&quot;,\n        \&quot;online\&quot;: true\n    },\n    {\n        \&quot;programId\&quot;: 6165,\n        \&quot;programName\&quot;: \&quot;DS\&quot;,\n        \&quot;programDescription\&quot;: \&quot;data science\&quot;,\n        \&quot;online\&quot;: false\n    },\n    {\n        \&quot;programId\&quot;: 6166,\n        \&quot;programName\&quot;: \&quot;SDET26\&quot;,\n        \&quot;programDescription\&quot;: \&quot;Automation testing\&quot;,\n        \&quot;online\&quot;: true\n    },\n    {\n        \&quot;programId\&quot;: 6167,\n        \&quot;programName\&quot;: \&quot;DS\&quot;,\n        \&quot;programDescription\&quot;: \&quot;data science\&quot;,\n        \&quot;online\&quot;: false\n    },\n    {\n        \&quot;programId\&quot;: 6168,\n        \&quot;programName\&quot;: \&quot;SDET26\&quot;,\n        \&quot;programDescription\&quot;: \&quot;Automation testing\&quot;,\n        \&quot;online\&quot;: true\n    },\n    {\n        \&quot;programId\&quot;: 6170,\n        \&quot;programName\&quot;: \&quot;Testing modified\&quot;,\n        \&quot;programDescription\&quot;: \&quot;Testing modified\&quot;,\n        \&quot;online\&quot;: true\n    },\n    {\n        \&quot;programId\&quot;: 6173,\n        \&quot;programName\&quot;: \&quot;Testing modified from postman\&quot;,\n        \&quot;programDescription\&quot;: \&quot;Testing modified\&quot;,\n        \&quot;online\&quot;: true\n    },\n    {\n        \&quot;programId\&quot;: 6174,\n        \&quot;programName\&quot;: \&quot;SDET26\&quot;,\n        \&quot;programDescription\&quot;: \&quot;Automation testing\&quot;,\n        \&quot;online\&quot;: true\n    },\n    {\n        \&quot;programId\&quot;: 6175,\n        \&quot;programName\&quot;: \&quot;DS\&quot;,\n        \&quot;programDescription\&quot;: \&quot;data science\&quot;,\n        \&quot;online\&quot;: false\n    },\n    {\n        \&quot;programId\&quot;: 6176,\n        \&quot;programName\&quot;: \&quot;SDET26\&quot;,\n        \&quot;programDescription\&quot;: \&quot;Automation testing\&quot;,\n        \&quot;online\&quot;: true\n    },\n    {\n        \&quot;programId\&quot;: 6177,\n        \&quot;programName\&quot;: \&quot;DS\&quot;,\n        \&quot;programDescription\&quot;: \&quot;data science\&quot;,\n        \&quot;online\&quot;: false\n    },\n    {\n        \&quot;programId\&quot;: 6178,\n        \&quot;programName\&quot;: \&quot;Testing modified from postman\&quot;,\n        \&quot;programDescription\&quot;: \&quot;Testing modified\&quot;,\n        \&quot;online\&quot;: true\n    },\n    {\n        \&quot;programId\&quot;: 6179,\n        \&quot;programName\&quot;: \&quot;Testing modified from postman\&quot;,\n        \&quot;programDescription\&quot;: \&quot;Testing modified\&quot;,\n        \&quot;online\&quot;: true\n    },\n    {\n        \&quot;programId\&quot;: 6180,\n        \&quot;programName\&quot;: \&quot;Testing modified from postman\&quot;,\n        \&quot;programDescription\&quot;: \&quot;Testing modified\&quot;,\n        \&quot;online\&quot;: true\n    },\n    {\n        \&quot;programId\&quot;: 6181,\n        \&quot;programName\&quot;: \&quot;Testing modified from postman\&quot;,\n        \&quot;programDescription\&quot;: \&quot;Testing modified\&quot;,\n        \&quot;online\&quot;: true\n    },\n    {\n        \&quot;programId\&quot;: 6182,\n        \&quot;programName\&quot;: \&quot;Testing modified from postman\&quot;,\n        \&quot;programDescription\&quot;: \&quot;Testing modified\&quot;,\n        \&quot;online\&quot;: true\n    },\n    {\n        \&quot;programId\&quot;: 6183,\n        \&quot;programName\&quot;: \&quot;Testing modified from postman\&quot;,\n        \&quot;programDescription\&quot;: \&quot;Testing modified\&quot;,\n        \&quot;online\&quot;: true\n    },\n    {\n        \&quot;programId\&quot;: 6184,\n        \&quot;programName\&quot;: \&quot;Cadaats\&quot;,\n        \&quot;programDescription\&quot;: \&quot;testingpostman\&quot;,\n        \&quot;online\&quot;: true\n    },\n    {\n        \&quot;programId\&quot;: 6185,\n        \&quot;programName\&quot;: \&quot;Cadaats\&quot;,\n        \&quot;programDescription\&quot;: \&quot;testingsample\&quot;,\n        \&quot;online\&quot;: true\n    },\n    {\n        \&quot;programId\&quot;: 6186,\n        \&quot;programName\&quot;: \&quot;Testing\&quot;,\n        \&quot;programDescription\&quot;: \&quot;Testing\&quot;,\n        \&quot;online\&quot;: true\n    },\n    {\n        \&quot;programId\&quot;: 6187,\n        \&quot;programName\&quot;: \&quot;Testing modified from postman\&quot;,\n        \&quot;programDescription\&quot;: \&quot;Testing modified\&quot;,\n        \&quot;online\&quot;: true\n    },\n    {\n        \&quot;programId\&quot;: 6189,\n        \&quot;programName\&quot;: \&quot;Testing modified from postman\&quot;,\n        \&quot;programDescription\&quot;: \&quot;Testing modified\&quot;,\n        \&quot;online\&quot;: true\n    },\n    {\n        \&quot;programId\&quot;: 6190,\n        \&quot;programName\&quot;: \&quot;Testing\&quot;,\n        \&quot;programDescription\&quot;: \&quot;Testing\&quot;,\n        \&quot;online\&quot;: true\n    },\n    {\n        \&quot;programId\&quot;: 6191,\n        \&quot;programName\&quot;: \&quot;Testing modified\&quot;,\n        \&quot;programDescription\&quot;: \&quot;Testing modified\&quot;,\n        \&quot;online\&quot;: true\n    },\n    {\n        \&quot;programId\&quot;: 6192,\n        \&quot;programName\&quot;: \&quot;Testing modified\&quot;,\n        \&quot;programDescription\&quot;: \&quot;Testing modified\&quot;,\n        \&quot;online\&quot;: true\n    },\n    {\n        \&quot;programId\&quot;: 6213,\n        \&quot;programName\&quot;: \&quot;Automation\&quot;,\n        \&quot;programDescription\&quot;: \&quot;QA\&quot;,\n        \&quot;online\&quot;: true\n    },\n    {\n        \&quot;programId\&quot;: 6215,\n        \&quot;programName\&quot;: \&quot;Testing modified\&quot;,\n        \&quot;programDescription\&quot;: \&quot;Testing modified\&quot;,\n        \&quot;online\&quot;: true\n    },\n    {\n        \&quot;programId\&quot;: 6216,\n        \&quot;programName\&quot;: \&quot;SME\&quot;,\n        \&quot;programDescription\&quot;: \&quot;HealthCare\&quot;,\n        \&quot;online\&quot;: false\n    },\n    {\n        \&quot;programId\&quot;: 6217,\n        \&quot;programName\&quot;: \&quot;Scrum Master\&quot;,\n        \&quot;programDescription\&quot;: \&quot;Agile\&quot;,\n        \&quot;online\&quot;: false\n    },\n    {\n        \&quot;programId\&quot;: 6218,\n        \&quot;programName\&quot;: \&quot;Backend Developer\&quot;,\n        \&quot;programDescription\&quot;: \&quot;Sql Developer\&quot;,\n        \&quot;online\&quot;: false\n    },\n    {\n        \&quot;programId\&quot;: 6222,\n        \&quot;programName\&quot;: \&quot;string\&quot;,\n        \&quot;programDescription\&quot;: \&quot;string\&quot;,\n        \&quot;online\&quot;: true\n    },\n    {\n        \&quot;programId\&quot;: 6244,\n        \&quot;programName\&quot;: \&quot;Testing\&quot;,\n        \&quot;programDescription\&quot;: \&quot;Testing\&quot;,\n        \&quot;online\&quot;: true\n    },\n    {\n        \&quot;programId\&quot;: 6245,\n        \&quot;programName\&quot;: \&quot;Testing\&quot;,\n        \&quot;programDescription\&quot;: \&quot;Testing\&quot;,\n        \&quot;online\&quot;: true\n    },\n    {\n        \&quot;programId\&quot;: 6246,\n        \&quot;programName\&quot;: \&quot;Testing\&quot;,\n        \&quot;programDescription\&quot;: \&quot;Testing\&quot;,\n        \&quot;online\&quot;: true\n    },\n    {\n        \&quot;programId\&quot;: 6247,\n        \&quot;programName\&quot;: \&quot;Testing\&quot;,\n        \&quot;programDescription\&quot;: \&quot;Testing\&quot;,\n        \&quot;online\&quot;: true\n    },\n    {\n        \&quot;programId\&quot;: 6248,\n        \&quot;programName\&quot;: \&quot;Testing modified\&quot;,\n        \&quot;programDescription\&quot;: \&quot;Testing modified\&quot;,\n        \&quot;online\&quot;: true\n    },\n    {\n        \&quot;programId\&quot;: 6249,\n        \&quot;programName\&quot;: \&quot;Testing modified\&quot;,\n        \&quot;programDescription\&quot;: \&quot;Testing modified\&quot;,\n        \&quot;online\&quot;: true\n    },\n    {\n        \&quot;programId\&quot;: 6250,\n        \&quot;programName\&quot;: \&quot;Testing\&quot;,\n        \&quot;programDescription\&quot;: \&quot;Testing\&quot;,\n        \&quot;online\&quot;: true\n    },\n    {\n        \&quot;programId\&quot;: 6251,\n        \&quot;programName\&quot;: \&quot;DS\&quot;,\n        \&quot;programDescription\&quot;: \&quot;Datascience\&quot;,\n        \&quot;online\&quot;: true\n    },\n    {\n        \&quot;programId\&quot;: 6252,\n        \&quot;programName\&quot;: \&quot;SDET26\&quot;,\n        \&quot;programDescription\&quot;: \&quot;Automation testing\&quot;,\n        \&quot;online\&quot;: true\n    },\n    {\n        \&quot;programId\&quot;: 6253,\n        \&quot;programName\&quot;: \&quot;DS\&quot;,\n        \&quot;programDescription\&quot;: \&quot;data science\&quot;,\n        \&quot;online\&quot;: false\n    },\n    {\n        \&quot;programId\&quot;: 6254,\n        \&quot;programName\&quot;: \&quot;DS\&quot;,\n        \&quot;programDescription\&quot;: \&quot;QA\&quot;,\n        \&quot;online\&quot;: true\n    },\n    {\n        \&quot;programId\&quot;: 6255,\n        \&quot;programName\&quot;: \&quot;SDET26\&quot;,\n        \&quot;programDescription\&quot;: \&quot;Automation testing\&quot;,\n        \&quot;online\&quot;: true\n    },\n    {\n        \&quot;programId\&quot;: 6256,\n        \&quot;programName\&quot;: \&quot;DS\&quot;,\n        \&quot;programDescription\&quot;: \&quot;data science\&quot;,\n        \&quot;online\&quot;: false\n    },\n    {\n        \&quot;programId\&quot;: 6257,\n        \&quot;programName\&quot;: \&quot;SDET26\&quot;,\n        \&quot;programDescription\&quot;: \&quot;Automation testing\&quot;,\n        \&quot;online\&quot;: true\n    },\n    {\n        \&quot;programId\&quot;: 6258,\n        \&quot;programName\&quot;: \&quot;DS\&quot;,\n        \&quot;programDescription\&quot;: \&quot;data science\&quot;,\n        \&quot;online\&quot;: false\n    },\n    {\n        \&quot;programId\&quot;: 6259,\n        \&quot;programName\&quot;: \&quot;SDET26\&quot;,\n        \&quot;programDescription\&quot;: \&quot;Automation testing\&quot;,\n        \&quot;online\&quot;: true\n    },\n    {\n        \&quot;programId\&quot;: 6264,\n        \&quot;programName\&quot;: \&quot;Testing modified\&quot;,\n        \&quot;programDescription\&quot;: \&quot;Testing modified\&quot;,\n        \&quot;online\&quot;: true\n    },\n    {\n        \&quot;programId\&quot;: 6265,\n        \&quot;programName\&quot;: \&quot;Testing modified\&quot;,\n        \&quot;programDescription\&quot;: \&quot;Testing modified\&quot;,\n        \&quot;online\&quot;: true\n    },\n    {\n        \&quot;programId\&quot;: 6267,\n        \&quot;programName\&quot;: \&quot;Testing modified\&quot;,\n        \&quot;programDescription\&quot;: \&quot;Testing modified\&quot;,\n        \&quot;online\&quot;: true\n    },\n    {\n        \&quot;programId\&quot;: 6268,\n        \&quot;programName\&quot;: \&quot;Testing modified\&quot;,\n        \&quot;programDescription\&quot;: \&quot;Testing modified\&quot;,\n        \&quot;online\&quot;: true\n    },\n    {\n        \&quot;programId\&quot;: 6269,\n        \&quot;programName\&quot;: \&quot;Testing modified\&quot;,\n        \&quot;programDescription\&quot;: \&quot;Testing modified\&quot;,\n        \&quot;online\&quot;: true\n    },\n    {\n        \&quot;programId\&quot;: 6270,\n        \&quot;programName\&quot;: \&quot;Testing modified\&quot;,\n        \&quot;programDescription\&quot;: \&quot;Testing modified\&quot;,\n        \&quot;online\&quot;: true\n    },\n    {\n        \&quot;programId\&quot;: 6271,\n        \&quot;programName\&quot;: \&quot;Testing modified\&quot;,\n        \&quot;programDescription\&quot;: \&quot;Testing modified\&quot;,\n        \&quot;online\&quot;: true\n    },\n    {\n        \&quot;programId\&quot;: 6272,\n        \&quot;programName\&quot;: \&quot;Testing modified\&quot;,\n        \&quot;programDescription\&quot;: \&quot;Testing modified\&quot;,\n        \&quot;online\&quot;: true\n    },\n    {\n        \&quot;programId\&quot;: 6273,\n        \&quot;programName\&quot;: \&quot;Testing modified\&quot;,\n        \&quot;programDescription\&quot;: \&quot;Testing modified\&quot;,\n        \&quot;online\&quot;: true\n    },\n    {\n        \&quot;programId\&quot;: 6274,\n        \&quot;programName\&quot;: \&quot;Testing\&quot;,\n        \&quot;programDescription\&quot;: \&quot;Testing\&quot;,\n        \&quot;online\&quot;: true\n    },\n    {\n        \&quot;programId\&quot;: 6275,\n        \&quot;programName\&quot;: \&quot;Testing modified\&quot;,\n        \&quot;programDescription\&quot;: \&quot;Testing modified\&quot;,\n        \&quot;online\&quot;: true\n    },\n    {\n        \&quot;programId\&quot;: 6276,\n        \&quot;programName\&quot;: \&quot;Testing\&quot;,\n        \&quot;programDescription\&quot;: \&quot;Testing\&quot;,\n        \&quot;online\&quot;: true\n    },\n    {\n        \&quot;programId\&quot;: 6277,\n        \&quot;programName\&quot;: \&quot;Testing\&quot;,\n        \&quot;programDescription\&quot;: \&quot;Testing\&quot;,\n        \&quot;online\&quot;: true\n    },\n    {\n        \&quot;programId\&quot;: 6278,\n        \&quot;programName\&quot;: \&quot;Testing\&quot;,\n        \&quot;programDescription\&quot;: \&quot;Testing\&quot;,\n        \&quot;online\&quot;: true\n    },\n    {\n        \&quot;programId\&quot;: 6279,\n        \&quot;programName\&quot;: \&quot;Testing\&quot;,\n        \&quot;programDescription\&quot;: \&quot;Testing\&quot;,\n        \&quot;online\&quot;: true\n    },\n    {\n        \&quot;programId\&quot;: 6280,\n        \&quot;programName\&quot;: \&quot;Testing\&quot;,\n        \&quot;programDescription\&quot;: \&quot;Testing\&quot;,\n        \&quot;online\&quot;: true\n    },\n    {\n        \&quot;programId\&quot;: 6281,\n        \&quot;programName\&quot;: \&quot;Testing modified\&quot;,\n        \&quot;programDescription\&quot;: \&quot;Testing modified\&quot;,\n        \&quot;online\&quot;: true\n    },\n    {\n        \&quot;programId\&quot;: 6282,\n        \&quot;programName\&quot;: \&quot;Testing modified\&quot;,\n        \&quot;programDescription\&quot;: \&quot;Testing modified\&quot;,\n        \&quot;online\&quot;: true\n    },\n    {\n        \&quot;programId\&quot;: 6283,\n        \&quot;programName\&quot;: \&quot;Testing modified\&quot;,\n        \&quot;programDescription\&quot;: \&quot;Testing modified\&quot;,\n        \&quot;online\&quot;: true\n    },\n    {\n        \&quot;programId\&quot;: 6284,\n        \&quot;programName\&quot;: \&quot;Testing modified\&quot;,\n        \&quot;programDescription\&quot;: \&quot;Testing modified\&quot;,\n        \&quot;online\&quot;: true\n    },\n    {\n        \&quot;programId\&quot;: 6285,\n        \&quot;programName\&quot;: \&quot;Testing modified\&quot;,\n        \&quot;programDescription\&quot;: \&quot;Testing modified\&quot;,\n        \&quot;online\&quot;: true\n    },\n    {\n        \&quot;programId\&quot;: 6286,\n        \&quot;programName\&quot;: \&quot;Testing modified\&quot;,\n        \&quot;programDescription\&quot;: \&quot;Testing modified\&quot;,\n        \&quot;online\&quot;: true\n    },\n    {\n        \&quot;programId\&quot;: 6287,\n        \&quot;programName\&quot;: \&quot;Testing modified\&quot;,\n        \&quot;programDescription\&quot;: \&quot;Testing modified\&quot;,\n        \&quot;online\&quot;: true\n    },\n    {\n        \&quot;programId\&quot;: 6288,\n        \&quot;programName\&quot;: \&quot;Testing modified\&quot;,\n        \&quot;programDescription\&quot;: \&quot;Testing modified\&quot;,\n        \&quot;online\&quot;: true\n    },\n    {\n        \&quot;programId\&quot;: 9254,\n        \&quot;programName\&quot;: \&quot;via automation programName\&quot;,\n        \&quot;programDescription\&quot;: \&quot;via automation programDescription\&quot;,\n        \&quot;online\&quot;: true\n    },\n    {\n        \&quot;programId\&quot;: 6290,\n        \&quot;programName\&quot;: \&quot;Api Dev\&quot;,\n        \&quot;programDescription\&quot;: \&quot;APi Development\&quot;,\n        \&quot;online\&quot;: true\n    },\n    {\n        \&quot;programId\&quot;: 6291,\n        \&quot;programName\&quot;: \&quot;string\&quot;,\n        \&quot;programDescription\&quot;: \&quot;string\&quot;,\n        \&quot;online\&quot;: true\n    },\n    {\n        \&quot;programId\&quot;: 6292,\n        \&quot;programName\&quot;: \&quot;EJBs\&quot;,\n        \&quot;programDescription\&quot;: \&quot;EJBs learning\&quot;,\n        \&quot;online\&quot;: true\n    },\n    {\n        \&quot;programId\&quot;: 6293,\n        \&quot;programName\&quot;: \&quot;Testing modified\&quot;,\n        \&quot;programDescription\&quot;: \&quot;Testing modified\&quot;,\n        \&quot;online\&quot;: true\n    },\n    {\n        \&quot;programId\&quot;: 6294,\n        \&quot;programName\&quot;: \&quot;Testing modified\&quot;,\n        \&quot;programDescription\&quot;: \&quot;Testing modified\&quot;,\n        \&quot;online\&quot;: true\n    },\n    {\n        \&quot;programId\&quot;: 6295,\n        \&quot;programName\&quot;: \&quot;Testing modified\&quot;,\n        \&quot;programDescription\&quot;: \&quot;Testing modified\&quot;,\n        \&quot;online\&quot;: true\n    },\n    {\n        \&quot;programId\&quot;: 6296,\n        \&quot;programName\&quot;: \&quot;Testing modified\&quot;,\n        \&quot;programDescription\&quot;: \&quot;Testing modified\&quot;,\n        \&quot;online\&quot;: true\n    },\n    {\n        \&quot;programId\&quot;: 6297,\n        \&quot;programName\&quot;: \&quot;string\&quot;,\n        \&quot;programDescription\&quot;: \&quot;string\&quot;,\n        \&quot;online\&quot;: true\n    },\n    {\n        \&quot;programId\&quot;: 6298,\n        \&quot;programName\&quot;: \&quot;string\&quot;,\n        \&quot;programDescription\&quot;: \&quot;string\&quot;,\n        \&quot;online\&quot;: true\n    },\n    {\n        \&quot;programId\&quot;: 6299,\n        \&quot;programName\&quot;: \&quot;string\&quot;,\n        \&quot;programDescription\&quot;: \&quot;string\&quot;,\n        \&quot;online\&quot;: true\n    },\n    {\n        \&quot;programId\&quot;: 6300,\n        \&quot;programName\&quot;: \&quot;Testing modified\&quot;,\n        \&quot;programDescription\&quot;: \&quot;Testing modified\&quot;,\n        \&quot;online\&quot;: true\n    },\n    {\n        \&quot;programId\&quot;: 6301,\n        \&quot;programName\&quot;: \&quot;DS\&quot;,\n        \&quot;programDescription\&quot;: \&quot;QA\&quot;,\n        \&quot;online\&quot;: true\n    },\n    {\n        \&quot;programId\&quot;: 6302,\n        \&quot;programName\&quot;: \&quot;DS\&quot;,\n        \&quot;programDescription\&quot;: \&quot;QA\&quot;,\n        \&quot;online\&quot;: true\n    },\n    {\n        \&quot;programId\&quot;: 6303,\n        \&quot;programName\&quot;: \&quot;Testing modified\&quot;,\n        \&quot;programDescription\&quot;: \&quot;Testing modified\&quot;,\n        \&quot;online\&quot;: true\n    },\n    {\n        \&quot;programId\&quot;: 6304,\n        \&quot;programName\&quot;: \&quot;Testing modified\&quot;,\n        \&quot;programDescription\&quot;: \&quot;Testing modified\&quot;,\n        \&quot;online\&quot;: true\n    },\n    {\n        \&quot;programId\&quot;: 6305,\n        \&quot;programName\&quot;: \&quot;EJBs\&quot;,\n        \&quot;programDescription\&quot;: \&quot;EJBs learning\&quot;,\n        \&quot;online\&quot;: true\n    },\n    {\n        \&quot;programId\&quot;: 6306,\n        \&quot;programName\&quot;: \&quot;batman \&quot;,\n        \&quot;programDescription\&quot;: \&quot;string\&quot;,\n        \&quot;online\&quot;: true\n    },\n    {\n        \&quot;programId\&quot;: 6307,\n        \&quot;programName\&quot;: \&quot;ironman\&quot;,\n        \&quot;programDescription\&quot;: \&quot;string\&quot;,\n        \&quot;online\&quot;: true\n    },\n    {\n        \&quot;programId\&quot;: 6308,\n        \&quot;programName\&quot;: \&quot;java\&quot;,\n        \&quot;programDescription\&quot;: \&quot;core java\&quot;,\n        \&quot;online\&quot;: true\n    },\n    {\n        \&quot;programId\&quot;: 6309,\n        \&quot;programName\&quot;: \&quot;Multipal Digit Testing\&quot;,\n        \&quot;programDescription\&quot;: \&quot;Program ID Testing\&quot;,\n        \&quot;online\&quot;: true\n    },\n    {\n        \&quot;programId\&quot;: 6310,\n        \&quot;programName\&quot;: \&quot;batman \&quot;,\n        \&quot;programDescription\&quot;: \&quot;string\&quot;,\n        \&quot;online\&quot;: true\n    },\n    {\n        \&quot;programId\&quot;: 6311,\n        \&quot;programName\&quot;: \&quot;ironman\&quot;,\n        \&quot;programDescription\&quot;: \&quot;string\&quot;,\n        \&quot;online\&quot;: true\n    },\n    {\n        \&quot;programId\&quot;: 6312,\n        \&quot;programName\&quot;: \&quot;java\&quot;,\n        \&quot;programDescription\&quot;: \&quot;core java\&quot;,\n        \&quot;online\&quot;: true\n    },\n    {\n        \&quot;programId\&quot;: 6313,\n        \&quot;programName\&quot;: \&quot;Multipal Digit Testing\&quot;,\n        \&quot;programDescription\&quot;: \&quot;Program ID Testing\&quot;,\n        \&quot;online\&quot;: true\n    },\n    {\n        \&quot;programId\&quot;: 6314,\n        \&quot;programName\&quot;: \&quot;Testing modified\&quot;,\n        \&quot;programDescription\&quot;: \&quot;Testing modified\&quot;,\n        \&quot;online\&quot;: true\n    },\n    {\n        \&quot;programId\&quot;: 6315,\n        \&quot;programName\&quot;: \&quot;Testing modified\&quot;,\n        \&quot;programDescription\&quot;: \&quot;Testing modified\&quot;,\n        \&quot;online\&quot;: true\n    },\n    {\n        \&quot;programId\&quot;: 6316,\n        \&quot;programName\&quot;: \&quot;batman \&quot;,\n        \&quot;programDescription\&quot;: \&quot;string\&quot;,\n        \&quot;online\&quot;: true\n    },\n    {\n        \&quot;programId\&quot;: 6317,\n        \&quot;programName\&quot;: \&quot;ironman\&quot;,\n        \&quot;programDescription\&quot;: \&quot;string\&quot;,\n        \&quot;online\&quot;: true\n    },\n    {\n        \&quot;programId\&quot;: 6318,\n        \&quot;programName\&quot;: \&quot;java\&quot;,\n        \&quot;programDescription\&quot;: \&quot;core java\&quot;,\n        \&quot;online\&quot;: true\n    },\n    {\n        \&quot;programId\&quot;: 6319,\n        \&quot;programName\&quot;: \&quot;Multipal Digit Testing\&quot;,\n        \&quot;programDescription\&quot;: \&quot;Program ID Testing\&quot;,\n        \&quot;online\&quot;: true\n    },\n    {\n        \&quot;programId\&quot;: 6321,\n        \&quot;programName\&quot;: \&quot;DS\&quot;,\n        \&quot;programDescription\&quot;: \&quot;QA\&quot;,\n        \&quot;online\&quot;: true\n    },\n    {\n        \&quot;programId\&quot;: 6322,\n        \&quot;programName\&quot;: \&quot;Testing modified\&quot;,\n        \&quot;programDescription\&quot;: \&quot;Testing modified\&quot;,\n        \&quot;online\&quot;: true\n    },\n    {\n        \&quot;programId\&quot;: 6323,\n        \&quot;programName\&quot;: \&quot;Testing modified\&quot;,\n        \&quot;programDescription\&quot;: \&quot;Testing modified\&quot;,\n        \&quot;online\&quot;: true\n    },\n    {\n        \&quot;programId\&quot;: 6399,\n        \&quot;programName\&quot;: \&quot;Testing modified\&quot;,\n        \&quot;programDescription\&quot;: \&quot;Testing modified\&quot;,\n        \&quot;online\&quot;: true\n    },\n    {\n        \&quot;programId\&quot;: 6326,\n        \&quot;programName\&quot;: \&quot;Develop\&quot;,\n        \&quot;programDescription\&quot;: \&quot;Testing\&quot;,\n        \&quot;online\&quot;: true\n    },\n    {\n        \&quot;programId\&quot;: 6327,\n        \&quot;programName\&quot;: \&quot;Testing modified\&quot;,\n        \&quot;programDescription\&quot;: \&quot;Testing modified\&quot;,\n        \&quot;online\&quot;: true\n    },\n    {\n        \&quot;programId\&quot;: 6328,\n        \&quot;programName\&quot;: \&quot;Testing modified\&quot;,\n        \&quot;programDescription\&quot;: \&quot;Testing modified\&quot;,\n        \&quot;online\&quot;: true\n    },\n    {\n        \&quot;programId\&quot;: 6329,\n        \&quot;programName\&quot;: \&quot;fizzy bath bom\&quot;,\n        \&quot;programDescription\&quot;: \&quot;science project is used in school\&quot;,\n        \&quot;online\&quot;: true\n    },\n    {\n        \&quot;programId\&quot;: 6330,\n        \&quot;programName\&quot;: \&quot;fizzy bath bom\&quot;,\n        \&quot;programDescription\&quot;: \&quot;science project is used in school\&quot;,\n        \&quot;online\&quot;: true\n    },\n    {\n        \&quot;programId\&quot;: 6325,\n        \&quot;programName\&quot;: \&quot;Downig town\&quot;,\n        \&quot;programDescription\&quot;: \&quot;Testing\&quot;,\n        \&quot;online\&quot;: true\n    },\n    {\n        \&quot;programId\&quot;: 6331,\n        \&quot;programName\&quot;: \&quot;Testing modified\&quot;,\n        \&quot;programDescription\&quot;: \&quot;Testing modified\&quot;,\n        \&quot;online\&quot;: true\n    },\n    {\n        \&quot;programId\&quot;: 6332,\n        \&quot;programName\&quot;: \&quot;string\&quot;,\n        \&quot;programDescription\&quot;: \&quot;string\&quot;,\n        \&quot;online\&quot;: true\n    },\n    {\n        \&quot;programId\&quot;: 6333,\n        \&quot;programName\&quot;: \&quot;LC\&quot;,\n        \&quot;programDescription\&quot;: \&quot;API\&quot;,\n        \&quot;online\&quot;: true\n    },\n    {\n        \&quot;programId\&quot;: 6334,\n        \&quot;programName\&quot;: \&quot;LC\&quot;,\n        \&quot;programDescription\&quot;: \&quot;API\&quot;,\n        \&quot;online\&quot;: true\n    },\n    {\n        \&quot;programId\&quot;: 6336,\n        \&quot;programName\&quot;: \&quot;DS\&quot;,\n        \&quot;programDescription\&quot;: \&quot;Datascience\&quot;,\n        \&quot;online\&quot;: true\n    },\n    {\n        \&quot;programId\&quot;: 6337,\n        \&quot;programName\&quot;: \&quot;DS\&quot;,\n        \&quot;programDescription\&quot;: \&quot;Datascience\&quot;,\n        \&quot;online\&quot;: true\n    },\n    {\n        \&quot;programId\&quot;: 6338,\n        \&quot;programName\&quot;: \&quot;DS\&quot;,\n        \&quot;programDescription\&quot;: \&quot;Datascience\&quot;,\n        \&quot;online\&quot;: true\n    },\n    {\n        \&quot;programId\&quot;: 6339,\n        \&quot;programName\&quot;: \&quot;string\&quot;,\n        \&quot;programDescription\&quot;: \&quot;string\&quot;,\n        \&quot;online\&quot;: true\n    },\n    {\n        \&quot;programId\&quot;: 6340,\n        \&quot;programName\&quot;: \&quot;string\&quot;,\n        \&quot;programDescription\&quot;: \&quot;string\&quot;,\n        \&quot;online\&quot;: false\n    },\n    {\n        \&quot;programId\&quot;: 6341,\n        \&quot;programName\&quot;: \&quot;Testing\&quot;,\n        \&quot;programDescription\&quot;: \&quot;Testing\&quot;,\n        \&quot;online\&quot;: true\n    },\n    {\n        \&quot;programId\&quot;: 6344,\n        \&quot;programName\&quot;: \&quot;testing modified\&quot;,\n        \&quot;programDescription\&quot;: \&quot;testing modified\&quot;,\n        \&quot;online\&quot;: true\n    },\n    {\n        \&quot;programId\&quot;: 6400,\n        \&quot;programName\&quot;: \&quot;string\&quot;,\n        \&quot;programDescription\&quot;: \&quot;string\&quot;,\n        \&quot;online\&quot;: true\n    },\n    {\n        \&quot;programId\&quot;: 6349,\n        \&quot;programName\&quot;: \&quot;Testing\&quot;,\n        \&quot;programDescription\&quot;: \&quot;Testing\&quot;,\n        \&quot;online\&quot;: true\n    },\n    {\n        \&quot;programId\&quot;: 6350,\n        \&quot;programName\&quot;: \&quot;Testing modified from postman\&quot;,\n        \&quot;programDescription\&quot;: \&quot;Testing modified\&quot;,\n        \&quot;online\&quot;: true\n    },\n    {\n        \&quot;programId\&quot;: 6351,\n        \&quot;programName\&quot;: \&quot;Science Sisterhood \&quot;,\n        \&quot;programDescription\&quot;: \&quot;Science Sisterhood \&quot;,\n        \&quot;online\&quot;: false\n    },\n    {\n        \&quot;programId\&quot;: 6352,\n        \&quot;programName\&quot;: \&quot;Descriptioncase5\&quot;,\n        \&quot;programDescription\&quot;: \&quot;Learning League\&quot;,\n        \&quot;online\&quot;: false\n    },\n    {\n        \&quot;programId\&quot;: 6353,\n        \&quot;programName\&quot;: \&quot;Descriptioncase5\&quot;,\n        \&quot;programDescription\&quot;: \&quot;Coding Camp\&quot;,\n        \&quot;online\&quot;: false\n    },\n    {\n        \&quot;programId\&quot;: 6354,\n        \&quot;programName\&quot;: \&quot;Descriptioncase7\&quot;,\n        \&quot;programDescription\&quot;: \&quot;AI Alliance\&quot;,\n        \&quot;online\&quot;: false\n    },\n    {\n        \&quot;programId\&quot;: 6355,\n        \&quot;programName\&quot;: \&quot;Descriptioncase8\&quot;,\n        \&quot;programDescription\&quot;: \&quot;Code for Good\&quot;,\n        \&quot;online\&quot;: false\n    },\n    {\n        \&quot;programId\&quot;: 6356,\n        \&quot;programName\&quot;: \&quot;Descriptioncase10\&quot;,\n        \&quot;programDescription\&quot;: \&quot;Her Science Lab\&quot;,\n        \&quot;online\&quot;: false\n    },\n    {\n        \&quot;programId\&quot;: 6357,\n        \&quot;programName\&quot;: \&quot;Science Sisterhood \&quot;,\n        \&quot;programDescription\&quot;: \&quot;Science Sisterhood \&quot;,\n        \&quot;online\&quot;: false\n    },\n    {\n        \&quot;programId\&quot;: 6358,\n        \&quot;programName\&quot;: \&quot;Descriptioncase5\&quot;,\n        \&quot;programDescription\&quot;: \&quot;Learning League\&quot;,\n        \&quot;online\&quot;: false\n    },\n    {\n        \&quot;programId\&quot;: 6359,\n        \&quot;programName\&quot;: \&quot;Descriptioncase5\&quot;,\n        \&quot;programDescription\&quot;: \&quot;Coding Camp\&quot;,\n        \&quot;online\&quot;: false\n    },\n    {\n        \&quot;programId\&quot;: 6360,\n        \&quot;programName\&quot;: \&quot;Descriptioncase7\&quot;,\n        \&quot;programDescription\&quot;: \&quot;AI Alliance\&quot;,\n        \&quot;online\&quot;: false\n    },\n    {\n        \&quot;programId\&quot;: 6361,\n        \&quot;programName\&quot;: \&quot;Descriptioncase8\&quot;,\n        \&quot;programDescription\&quot;: \&quot;Code for Good\&quot;,\n        \&quot;online\&quot;: false\n    },\n    {\n        \&quot;programId\&quot;: 6362,\n        \&quot;programName\&quot;: \&quot;Descriptioncase10\&quot;,\n        \&quot;programDescription\&quot;: \&quot;Her Science Lab\&quot;,\n        \&quot;online\&quot;: false\n    },\n    {\n        \&quot;programId\&quot;: 6363,\n        \&quot;programName\&quot;: \&quot;Science Sisterhood \&quot;,\n        \&quot;programDescription\&quot;: \&quot;Science Sisterhood \&quot;,\n        \&quot;online\&quot;: false\n    },\n    {\n        \&quot;programId\&quot;: 6364,\n        \&quot;programName\&quot;: \&quot;Descriptioncase5\&quot;,\n        \&quot;programDescription\&quot;: \&quot;Learning League\&quot;,\n        \&quot;online\&quot;: false\n    },\n    {\n        \&quot;programId\&quot;: 6365,\n        \&quot;programName\&quot;: \&quot;Descriptioncase5\&quot;,\n        \&quot;programDescription\&quot;: \&quot;Coding Camp\&quot;,\n        \&quot;online\&quot;: false\n    },\n    {\n        \&quot;programId\&quot;: 6366,\n        \&quot;programName\&quot;: \&quot;Descriptioncase7\&quot;,\n        \&quot;programDescription\&quot;: \&quot;AI Alliance\&quot;,\n        \&quot;online\&quot;: false\n    },\n    {\n        \&quot;programId\&quot;: 6367,\n        \&quot;programName\&quot;: \&quot;Descriptioncase8\&quot;,\n        \&quot;programDescription\&quot;: \&quot;Code for Good\&quot;,\n        \&quot;online\&quot;: false\n    },\n    {\n        \&quot;programId\&quot;: 6368,\n        \&quot;programName\&quot;: \&quot;Descriptioncase10\&quot;,\n        \&quot;programDescription\&quot;: \&quot;Her Science Lab\&quot;,\n        \&quot;online\&quot;: false\n    },\n    {\n        \&quot;programId\&quot;: 6369,\n        \&quot;programName\&quot;: \&quot;Science Sisterhood \&quot;,\n        \&quot;programDescription\&quot;: \&quot;Science Sisterhood \&quot;,\n        \&quot;online\&quot;: false\n    },\n    {\n        \&quot;programId\&quot;: 6370,\n        \&quot;programName\&quot;: \&quot;Descriptioncase5\&quot;,\n        \&quot;programDescription\&quot;: \&quot;Learning League\&quot;,\n        \&quot;online\&quot;: false\n    },\n    {\n        \&quot;programId\&quot;: 6371,\n        \&quot;programName\&quot;: \&quot;Descriptioncase5\&quot;,\n        \&quot;programDescription\&quot;: \&quot;Coding Camp\&quot;,\n        \&quot;online\&quot;: false\n    },\n    {\n        \&quot;programId\&quot;: 6372,\n        \&quot;programName\&quot;: \&quot;Descriptioncase7\&quot;,\n        \&quot;programDescription\&quot;: \&quot;AI Alliance\&quot;,\n        \&quot;online\&quot;: false\n    },\n    {\n        \&quot;programId\&quot;: 6373,\n        \&quot;programName\&quot;: \&quot;Descriptioncase8\&quot;,\n        \&quot;programDescription\&quot;: \&quot;Code for Good\&quot;,\n        \&quot;online\&quot;: false\n    },\n    {\n        \&quot;programId\&quot;: 6374,\n        \&quot;programName\&quot;: \&quot;Descriptioncase10\&quot;,\n        \&quot;programDescription\&quot;: \&quot;Her Science Lab\&quot;,\n        \&quot;online\&quot;: false\n    },\n    {\n        \&quot;programId\&quot;: 6375,\n        \&quot;programName\&quot;: \&quot;Science Sisterhood \&quot;,\n        \&quot;programDescription\&quot;: \&quot;Science Sisterhood \&quot;,\n        \&quot;online\&quot;: false\n    },\n    {\n        \&quot;programId\&quot;: 6376,\n        \&quot;programName\&quot;: \&quot;Descriptioncase5\&quot;,\n        \&quot;programDescription\&quot;: \&quot;Learning League\&quot;,\n        \&quot;online\&quot;: false\n    },\n    {\n        \&quot;programId\&quot;: 6377,\n        \&quot;programName\&quot;: \&quot;Descriptioncase5\&quot;,\n        \&quot;programDescription\&quot;: \&quot;Coding Camp\&quot;,\n        \&quot;online\&quot;: false\n    },\n    {\n        \&quot;programId\&quot;: 6378,\n        \&quot;programName\&quot;: \&quot;Descriptioncase7\&quot;,\n        \&quot;programDescription\&quot;: \&quot;AI Alliance\&quot;,\n        \&quot;online\&quot;: false\n    },\n    {\n        \&quot;programId\&quot;: 6379,\n        \&quot;programName\&quot;: \&quot;Descriptioncase8\&quot;,\n        \&quot;programDescription\&quot;: \&quot;Code for Good\&quot;,\n        \&quot;online\&quot;: false\n    },\n    {\n        \&quot;programId\&quot;: 6380,\n        \&quot;programName\&quot;: \&quot;Descriptioncase10\&quot;,\n        \&quot;programDescription\&quot;: \&quot;Her Science Lab\&quot;,\n        \&quot;online\&quot;: false\n    },\n    {\n        \&quot;programId\&quot;: 6381,\n        \&quot;programName\&quot;: \&quot;\\\&quot;API Testing\\\&quot;\&quot;,\n        \&quot;programDescription\&quot;: \&quot;\\\&quot;RestAssured\\\&quot;\&quot;,\n        \&quot;online\&quot;: false\n    },\n    {\n        \&quot;programId\&quot;: 6382,\n        \&quot;programName\&quot;: \&quot;\\\&quot;Framework\\\&quot;\&quot;,\n        \&quot;programDescription\&quot;: \&quot;\\\&quot;Cucumber\\\&quot;\&quot;,\n        \&quot;online\&quot;: false\n    },\n    {\n        \&quot;programId\&quot;: 6383,\n        \&quot;programName\&quot;: \&quot;JMeter\&quot;,\n        \&quot;programDescription\&quot;: \&quot; Testing\&quot;,\n        \&quot;online\&quot;: true\n    },\n    {\n        \&quot;programId\&quot;: 6384,\n        \&quot;programName\&quot;: \&quot;\\\&quot;API Testing\\\&quot;\&quot;,\n        \&quot;programDescription\&quot;: \&quot;\\\&quot;RestAssured\\\&quot;\&quot;,\n        \&quot;online\&quot;: false\n    },\n    {\n        \&quot;programId\&quot;: 6385,\n        \&quot;programName\&quot;: \&quot;\\\&quot;Framework\\\&quot;\&quot;,\n        \&quot;programDescription\&quot;: \&quot;\\\&quot;Cucumber\\\&quot;\&quot;,\n        \&quot;online\&quot;: false\n    },\n    {\n        \&quot;programId\&quot;: 6386,\n        \&quot;programName\&quot;: \&quot;.846474\&quot;,\n        \&quot;programDescription\&quot;: \&quot;string\&quot;,\n        \&quot;online\&quot;: true\n    },\n    {\n        \&quot;programId\&quot;: 6387,\n        \&quot;programName\&quot;: \&quot;Science Sisterhood \&quot;,\n        \&quot;programDescription\&quot;: \&quot;Science Sisterhood \&quot;,\n        \&quot;online\&quot;: false\n    },\n    {\n        \&quot;programId\&quot;: 6388,\n        \&quot;programName\&quot;: \&quot;Descriptioncase5\&quot;,\n        \&quot;programDescription\&quot;: \&quot;Learning League\&quot;,\n        \&quot;online\&quot;: false\n    },\n    {\n        \&quot;programId\&quot;: 6389,\n        \&quot;programName\&quot;: \&quot;Descriptioncase5\&quot;,\n        \&quot;programDescription\&quot;: \&quot;Coding Camp\&quot;,\n        \&quot;online\&quot;: false\n    },\n    {\n        \&quot;programId\&quot;: 6390,\n        \&quot;programName\&quot;: \&quot;Descriptioncase7\&quot;,\n        \&quot;programDescription\&quot;: \&quot;AI Alliance\&quot;,\n        \&quot;online\&quot;: false\n    },\n    {\n        \&quot;programId\&quot;: 6391,\n        \&quot;programName\&quot;: \&quot;Descriptioncase8\&quot;,\n        \&quot;programDescription\&quot;: \&quot;Code for Good\&quot;,\n        \&quot;online\&quot;: false\n    },\n    {\n        \&quot;programId\&quot;: 6392,\n        \&quot;programName\&quot;: \&quot;Descriptioncase10\&quot;,\n        \&quot;programDescription\&quot;: \&quot;Her Science Lab\&quot;,\n        \&quot;online\&quot;: false\n    },\n    {\n        \&quot;programId\&quot;: 6393,\n        \&quot;programName\&quot;: \&quot;Science Sisterhood \&quot;,\n        \&quot;programDescription\&quot;: \&quot;Science Sisterhood \&quot;,\n        \&quot;online\&quot;: false\n    },\n    {\n        \&quot;programId\&quot;: 6394,\n        \&quot;programName\&quot;: \&quot;Descriptioncase5\&quot;,\n        \&quot;programDescription\&quot;: \&quot;Learning League\&quot;,\n        \&quot;online\&quot;: false\n    },\n    {\n        \&quot;programId\&quot;: 6395,\n        \&quot;programName\&quot;: \&quot;Descriptioncase5\&quot;,\n        \&quot;programDescription\&quot;: \&quot;Coding Camp\&quot;,\n        \&quot;online\&quot;: false\n    },\n    {\n        \&quot;programId\&quot;: 6396,\n        \&quot;programName\&quot;: \&quot;Descriptioncase7\&quot;,\n        \&quot;programDescription\&quot;: \&quot;AI Alliance\&quot;,\n        \&quot;online\&quot;: false\n    },\n    {\n        \&quot;programId\&quot;: 6397,\n        \&quot;programName\&quot;: \&quot;Descriptioncase8\&quot;,\n        \&quot;programDescription\&quot;: \&quot;Code for Good\&quot;,\n        \&quot;online\&quot;: false\n    },\n    {\n        \&quot;programId\&quot;: 6398,\n        \&quot;programName\&quot;: \&quot;Descriptioncase10\&quot;,\n        \&quot;programDescription\&quot;: \&quot;Her Science Lab\&quot;,\n        \&quot;online\&quot;: false\n    },\n    {\n        \&quot;programId\&quot;: 6401,\n        \&quot;programName\&quot;: \&quot;Testing modified\&quot;,\n        \&quot;programDescription\&quot;: \&quot;Testing modified\&quot;,\n        \&quot;online\&quot;: true\n    },\n    {\n        \&quot;programId\&quot;: 6402,\n        \&quot;programName\&quot;: \&quot;string\&quot;,\n        \&quot;programDescription\&quot;: \&quot;string\&quot;,\n        \&quot;online\&quot;: true\n    },\n    {\n        \&quot;programId\&quot;: 6403,\n        \&quot;programName\&quot;: \&quot;string\&quot;,\n        \&quot;programDescription\&quot;: \&quot;string\&quot;,\n        \&quot;online\&quot;: true\n    },\n    {\n        \&quot;programId\&quot;: 6404,\n        \&quot;programName\&quot;: \&quot;Testing modified\&quot;,\n        \&quot;programDescription\&quot;: \&quot;Testing modified\&quot;,\n        \&quot;online\&quot;: true\n    },\n    {\n        \&quot;programId\&quot;: 6405,\n        \&quot;programName\&quot;: \&quot;string\&quot;,\n        \&quot;programDescription\&quot;: \&quot;string\&quot;,\n        \&quot;online\&quot;: true\n    },\n    {\n        \&quot;programId\&quot;: 6406,\n        \&quot;programName\&quot;: \&quot;Testing modified\&quot;,\n        \&quot;programDescription\&quot;: \&quot;Testing modified\&quot;,\n        \&quot;online\&quot;: true\n    },\n    {\n        \&quot;programId\&quot;: 6407,\n        \&quot;programName\&quot;: \&quot;SDET26\&quot;,\n        \&quot;programDescription\&quot;: \&quot;Automation testing\&quot;,\n        \&quot;online\&quot;: true\n    },\n    {\n        \&quot;programId\&quot;: 6408,\n        \&quot;programName\&quot;: \&quot;DS\&quot;,\n        \&quot;programDescription\&quot;: \&quot;data science\&quot;,\n        \&quot;online\&quot;: false\n    },\n    {\n        \&quot;programId\&quot;: 6409,\n        \&quot;programName\&quot;: \&quot;SDET26\&quot;,\n        \&quot;programDescription\&quot;: \&quot;Automation testing\&quot;,\n        \&quot;online\&quot;: true\n    },\n    {\n        \&quot;programId\&quot;: 6410,\n        \&quot;programName\&quot;: \&quot;DS\&quot;,\n        \&quot;programDescription\&quot;: \&quot;data science\&quot;,\n        \&quot;online\&quot;: false\n    },\n    {\n        \&quot;programId\&quot;: 6411,\n        \&quot;programName\&quot;: \&quot;SDET26\&quot;,\n        \&quot;programDescription\&quot;: \&quot;Automation testing\&quot;,\n        \&quot;online\&quot;: true\n    },\n    {\n        \&quot;programId\&quot;: 6412,\n        \&quot;programName\&quot;: \&quot;DS\&quot;,\n        \&quot;programDescription\&quot;: \&quot;data science\&quot;,\n        \&quot;online\&quot;: false\n    },\n    {\n        \&quot;programId\&quot;: 6413,\n        \&quot;programName\&quot;: \&quot;SDET26\&quot;,\n        \&quot;programDescription\&quot;: \&quot;Automation testing\&quot;,\n        \&quot;online\&quot;: true\n    },\n    {\n        \&quot;programId\&quot;: 6414,\n        \&quot;programName\&quot;: \&quot;DS\&quot;,\n        \&quot;programDescription\&quot;: \&quot;data science\&quot;,\n        \&quot;online\&quot;: false\n    },\n    {\n        \&quot;programId\&quot;: 6415,\n        \&quot;programName\&quot;: \&quot;SDET26\&quot;,\n        \&quot;programDescription\&quot;: \&quot;Automation testing\&quot;,\n        \&quot;online\&quot;: true\n    },\n    {\n        \&quot;programId\&quot;: 6416,\n        \&quot;programName\&quot;: \&quot;DS\&quot;,\n        \&quot;programDescription\&quot;: \&quot;data science\&quot;,\n        \&quot;online\&quot;: false\n    },\n    {\n        \&quot;programId\&quot;: 6417,\n        \&quot;programName\&quot;: \&quot;SDET26\&quot;,\n        \&quot;programDescription\&quot;: \&quot;Automation testing\&quot;,\n        \&quot;online\&quot;: true\n    },\n    {\n        \&quot;programId\&quot;: 6418,\n        \&quot;programName\&quot;: \&quot;DS\&quot;,\n        \&quot;programDescription\&quot;: \&quot;data science\&quot;,\n        \&quot;online\&quot;: false\n    },\n    {\n        \&quot;programId\&quot;: 6419,\n        \&quot;programName\&quot;: \&quot;SDET26\&quot;,\n        \&quot;programDescription\&quot;: \&quot;Automation testing\&quot;,\n        \&quot;online\&quot;: true\n    },\n    {\n        \&quot;programId\&quot;: 6420,\n        \&quot;programName\&quot;: \&quot;DS\&quot;,\n        \&quot;programDescription\&quot;: \&quot;data science\&quot;,\n        \&quot;online\&quot;: false\n    },\n    {\n        \&quot;programId\&quot;: 6421,\n        \&quot;programName\&quot;: \&quot;SDET26\&quot;,\n        \&quot;programDescription\&quot;: \&quot;Automation testing\&quot;,\n        \&quot;online\&quot;: true\n    },\n    {\n        \&quot;programId\&quot;: 6422,\n        \&quot;programName\&quot;: \&quot;DS\&quot;,\n        \&quot;programDescription\&quot;: \&quot;data science\&quot;,\n        \&quot;online\&quot;: false\n    },\n    {\n        \&quot;programId\&quot;: 6423,\n        \&quot;programName\&quot;: \&quot;SDET26\&quot;,\n        \&quot;programDescription\&quot;: \&quot;Automation testing\&quot;,\n        \&quot;online\&quot;: true\n    },\n    {\n        \&quot;programId\&quot;: 6424,\n        \&quot;programName\&quot;: \&quot;DS\&quot;,\n        \&quot;programDescription\&quot;: \&quot;data science\&quot;,\n        \&quot;online\&quot;: false\n    },\n    {\n        \&quot;programId\&quot;: 6425,\n        \&quot;programName\&quot;: \&quot;SDET26\&quot;,\n        \&quot;programDescription\&quot;: \&quot;Automation testing\&quot;,\n        \&quot;online\&quot;: true\n    },\n    {\n        \&quot;programId\&quot;: 6426,\n        \&quot;programName\&quot;: \&quot;DS\&quot;,\n        \&quot;programDescription\&quot;: \&quot;data science\&quot;,\n        \&quot;online\&quot;: false\n    },\n    {\n        \&quot;programId\&quot;: 6427,\n        \&quot;programName\&quot;: \&quot;SDET26\&quot;,\n        \&quot;programDescription\&quot;: \&quot;Automation testing\&quot;,\n        \&quot;online\&quot;: true\n    },\n    {\n        \&quot;programId\&quot;: 6428,\n        \&quot;programName\&quot;: \&quot;DS\&quot;,\n        \&quot;programDescription\&quot;: \&quot;data science\&quot;,\n        \&quot;online\&quot;: false\n    },\n    {\n        \&quot;programId\&quot;: 6429,\n        \&quot;programName\&quot;: \&quot;SDET26\&quot;,\n        \&quot;programDescription\&quot;: \&quot;Automation testing\&quot;,\n        \&quot;online\&quot;: true\n    },\n    {\n        \&quot;programId\&quot;: 6430,\n        \&quot;programName\&quot;: \&quot;DS\&quot;,\n        \&quot;programDescription\&quot;: \&quot;data science\&quot;,\n        \&quot;online\&quot;: false\n    },\n    {\n        \&quot;programId\&quot;: 6431,\n        \&quot;programName\&quot;: \&quot;SDET26\&quot;,\n        \&quot;programDescription\&quot;: \&quot;Automation testing\&quot;,\n        \&quot;online\&quot;: true\n    },\n    {\n        \&quot;programId\&quot;: 6432,\n        \&quot;programName\&quot;: \&quot;DS\&quot;,\n        \&quot;programDescription\&quot;: \&quot;data science\&quot;,\n        \&quot;online\&quot;: false\n    },\n    {\n        \&quot;programId\&quot;: 6433,\n        \&quot;programName\&quot;: \&quot;SDET26\&quot;,\n        \&quot;programDescription\&quot;: \&quot;Automation testing\&quot;,\n        \&quot;online\&quot;: true\n    },\n    {\n        \&quot;programId\&quot;: 6434,\n        \&quot;programName\&quot;: \&quot;DS\&quot;,\n        \&quot;programDescription\&quot;: \&quot;data science\&quot;,\n        \&quot;online\&quot;: false\n    },\n    {\n        \&quot;programId\&quot;: 9321,\n        \&quot;programName\&quot;: \&quot;QA\&quot;,\n        \&quot;programDescription\&quot;: \&quot;BASICS\&quot;,\n        \&quot;online\&quot;: true\n    },\n    {\n        \&quot;programId\&quot;: 6436,\n        \&quot;programName\&quot;: \&quot;DS\&quot;,\n        \&quot;programDescription\&quot;: \&quot;data science\&quot;,\n        \&quot;online\&quot;: false\n    },\n    {\n        \&quot;programId\&quot;: 6437,\n        \&quot;programName\&quot;: \&quot;SDET26\&quot;,\n        \&quot;programDescription\&quot;: \&quot;Automation testing\&quot;,\n        \&quot;online\&quot;: true\n    },\n    {\n        \&quot;programId\&quot;: 6438,\n        \&quot;programName\&quot;: \&quot;DS\&quot;,\n        \&quot;programDescription\&quot;: \&quot;data science\&quot;,\n        \&quot;online\&quot;: false\n    },\n    {\n        \&quot;programId\&quot;: 6439,\n        \&quot;programName\&quot;: \&quot;SDET26\&quot;,\n        \&quot;programDescription\&quot;: \&quot;Automation testing\&quot;,\n        \&quot;online\&quot;: true\n    },\n    {\n        \&quot;programId\&quot;: 6440,\n        \&quot;programName\&quot;: \&quot;DS\&quot;,\n        \&quot;programDescription\&quot;: \&quot;data science\&quot;,\n        \&quot;online\&quot;: false\n    },\n    {\n        \&quot;programId\&quot;: 6441,\n        \&quot;programName\&quot;: \&quot;SDET26\&quot;,\n        \&quot;programDescription\&quot;: \&quot;Automation testing\&quot;,\n        \&quot;online\&quot;: true\n    },\n    {\n        \&quot;programId\&quot;: 6442,\n        \&quot;programName\&quot;: \&quot;DS\&quot;,\n        \&quot;programDescription\&quot;: \&quot;data science\&quot;,\n        \&quot;online\&quot;: false\n    },\n    {\n        \&quot;programId\&quot;: 6443,\n        \&quot;programName\&quot;: \&quot;SDET26\&quot;,\n        \&quot;programDescription\&quot;: \&quot;Automation testing\&quot;,\n        \&quot;online\&quot;: true\n    },\n    {\n        \&quot;programId\&quot;: 6444,\n        \&quot;programName\&quot;: \&quot;DS\&quot;,\n        \&quot;programDescription\&quot;: \&quot;data science\&quot;,\n        \&quot;online\&quot;: false\n    },\n    {\n        \&quot;programId\&quot;: 6445,\n        \&quot;programName\&quot;: \&quot;SDET26\&quot;,\n        \&quot;programDescription\&quot;: \&quot;Automation testing\&quot;,\n        \&quot;online\&quot;: true\n    },\n    {\n        \&quot;programId\&quot;: 6446,\n        \&quot;programName\&quot;: \&quot;DS\&quot;,\n        \&quot;programDescription\&quot;: \&quot;data science\&quot;,\n        \&quot;online\&quot;: false\n    },\n    {\n        \&quot;programId\&quot;: 6447,\n        \&quot;programName\&quot;: \&quot;SDET26\&quot;,\n        \&quot;programDescription\&quot;: \&quot;Automation testing\&quot;,\n        \&quot;online\&quot;: true\n    },\n    {\n        \&quot;programId\&quot;: 6448,\n        \&quot;programName\&quot;: \&quot;DS\&quot;,\n        \&quot;programDescription\&quot;: \&quot;data science\&quot;,\n        \&quot;online\&quot;: false\n    },\n    {\n        \&quot;programId\&quot;: 6449,\n        \&quot;programName\&quot;: \&quot;SDET26\&quot;,\n        \&quot;programDescription\&quot;: \&quot;Automation testing\&quot;,\n        \&quot;online\&quot;: true\n    },\n    {\n        \&quot;programId\&quot;: 6450,\n        \&quot;programName\&quot;: \&quot;DS\&quot;,\n        \&quot;programDescription\&quot;: \&quot;data science\&quot;,\n        \&quot;online\&quot;: false\n    },\n    {\n        \&quot;programId\&quot;: 6451,\n        \&quot;programName\&quot;: \&quot;Testing\&quot;,\n        \&quot;programDescription\&quot;: \&quot;Testing\&quot;,\n        \&quot;online\&quot;: true\n    },\n    {\n        \&quot;programId\&quot;: 6452,\n        \&quot;programName\&quot;: \&quot;Testing\&quot;,\n        \&quot;programDescription\&quot;: \&quot;Tensting\&quot;,\n        \&quot;online\&quot;: true\n    },\n    {\n        \&quot;programId\&quot;: 6453,\n        \&quot;programName\&quot;: \&quot;SDET26\&quot;,\n        \&quot;programDescription\&quot;: \&quot;Automation testing\&quot;,\n        \&quot;online\&quot;: true\n    },\n    {\n        \&quot;programId\&quot;: 6454,\n        \&quot;programName\&quot;: \&quot;DS\&quot;,\n        \&quot;programDescription\&quot;: \&quot;data science\&quot;,\n        \&quot;online\&quot;: false\n    },\n    {\n        \&quot;programId\&quot;: 6455,\n        \&quot;programName\&quot;: \&quot;Testing\&quot;,\n        \&quot;programDescription\&quot;: \&quot;Testing\&quot;,\n        \&quot;online\&quot;: true\n    },\n    {\n        \&quot;programId\&quot;: 6456,\n        \&quot;programName\&quot;: \&quot;SDET26\&quot;,\n        \&quot;programDescription\&quot;: \&quot;Automation testing\&quot;,\n        \&quot;online\&quot;: true\n    },\n    {\n        \&quot;programId\&quot;: 6457,\n        \&quot;programName\&quot;: \&quot;DS\&quot;,\n        \&quot;programDescription\&quot;: \&quot;data science\&quot;,\n        \&quot;online\&quot;: false\n    },\n    {\n        \&quot;programId\&quot;: 6458,\n        \&quot;programName\&quot;: \&quot;Testing\&quot;,\n        \&quot;programDescription\&quot;: \&quot;Testing\&quot;,\n        \&quot;online\&quot;: true\n    },\n    {\n        \&quot;programId\&quot;: 6459,\n        \&quot;programName\&quot;: \&quot;SDET26\&quot;,\n        \&quot;programDescription\&quot;: \&quot;Automation testing\&quot;,\n        \&quot;online\&quot;: true\n    },\n    {\n        \&quot;programId\&quot;: 6460,\n        \&quot;programName\&quot;: \&quot;Testing\&quot;,\n        \&quot;programDescription\&quot;: \&quot;Testing\&quot;,\n        \&quot;online\&quot;: true\n    },\n    {\n        \&quot;programId\&quot;: 6461,\n        \&quot;programName\&quot;: \&quot;DS\&quot;,\n        \&quot;programDescription\&quot;: \&quot;data science\&quot;,\n        \&quot;online\&quot;: false\n    },\n    {\n        \&quot;programId\&quot;: 6462,\n        \&quot;programName\&quot;: \&quot;Testing\&quot;,\n        \&quot;programDescription\&quot;: \&quot;Testing\&quot;,\n        \&quot;online\&quot;: true\n    },\n    {\n        \&quot;programId\&quot;: 6463,\n        \&quot;programName\&quot;: \&quot;Testing\&quot;,\n        \&quot;programDescription\&quot;: \&quot;Testing\&quot;,\n        \&quot;online\&quot;: true\n    },\n    {\n        \&quot;programId\&quot;: 6464,\n        \&quot;programName\&quot;: \&quot;SDET26\&quot;,\n        \&quot;programDescription\&quot;: \&quot;Automation testing\&quot;,\n        \&quot;online\&quot;: true\n    },\n    {\n        \&quot;programId\&quot;: 6465,\n        \&quot;programName\&quot;: \&quot;DS\&quot;,\n        \&quot;programDescription\&quot;: \&quot;data science\&quot;,\n        \&quot;online\&quot;: false\n    },\n    {\n        \&quot;programId\&quot;: 6466,\n        \&quot;programName\&quot;: \&quot;Testing\&quot;,\n        \&quot;programDescription\&quot;: \&quot;Testing\&quot;,\n        \&quot;online\&quot;: true\n    },\n    {\n        \&quot;programId\&quot;: 6467,\n        \&quot;programName\&quot;: \&quot;Testing\&quot;,\n        \&quot;programDescription\&quot;: \&quot;Testing\&quot;,\n        \&quot;online\&quot;: true\n    },\n    {\n        \&quot;programId\&quot;: 6468,\n        \&quot;programName\&quot;: \&quot;Testing\&quot;,\n        \&quot;programDescription\&quot;: \&quot;Testing\&quot;,\n        \&quot;online\&quot;: true\n    },\n    {\n        \&quot;programId\&quot;: 6469,\n        \&quot;programName\&quot;: \&quot;Testing\&quot;,\n        \&quot;programDescription\&quot;: \&quot;Testing\&quot;,\n        \&quot;online\&quot;: true\n    },\n    {\n        \&quot;programId\&quot;: 6470,\n        \&quot;programName\&quot;: \&quot;Testing\&quot;,\n        \&quot;programDescription\&quot;: \&quot;Testing\&quot;,\n        \&quot;online\&quot;: true\n    },\n    {\n        \&quot;programId\&quot;: 6471,\n        \&quot;programName\&quot;: \&quot;SDET26\&quot;,\n        \&quot;programDescription\&quot;: \&quot;Automation testing\&quot;,\n        \&quot;online\&quot;: true\n    },\n    {\n        \&quot;programId\&quot;: 6472,\n        \&quot;programName\&quot;: \&quot;DS\&quot;,\n        \&quot;programDescription\&quot;: \&quot;data science\&quot;,\n        \&quot;online\&quot;: false\n    },\n    {\n        \&quot;programId\&quot;: 6473,\n        \&quot;programName\&quot;: \&quot;Testing\&quot;,\n        \&quot;programDescription\&quot;: \&quot;Testing\&quot;,\n        \&quot;online\&quot;: true\n    },\n    {\n        \&quot;programId\&quot;: 6474,\n        \&quot;programName\&quot;: \&quot;SDET26\&quot;,\n        \&quot;programDescription\&quot;: \&quot;Automation testing\&quot;,\n        \&quot;online\&quot;: true\n    },\n    {\n        \&quot;programId\&quot;: 6475,\n        \&quot;programName\&quot;: \&quot;DS\&quot;,\n        \&quot;programDescription\&quot;: \&quot;data science\&quot;,\n        \&quot;online\&quot;: false\n    },\n    {\n        \&quot;programId\&quot;: 6476,\n        \&quot;programName\&quot;: \&quot;SDET26\&quot;,\n        \&quot;programDescription\&quot;: \&quot;Automation testing\&quot;,\n        \&quot;online\&quot;: true\n    },\n    {\n        \&quot;programId\&quot;: 6477,\n        \&quot;programName\&quot;: \&quot;DS\&quot;,\n        \&quot;programDescription\&quot;: \&quot;data science\&quot;,\n        \&quot;online\&quot;: false\n    },\n    {\n        \&quot;programId\&quot;: 6478,\n        \&quot;programName\&quot;: \&quot;Testing modified\&quot;,\n        \&quot;programDescription\&quot;: \&quot;Testing modified\&quot;,\n        \&quot;online\&quot;: true\n    },\n    {\n        \&quot;programId\&quot;: 6479,\n        \&quot;programName\&quot;: \&quot;SDET26\&quot;,\n        \&quot;programDescription\&quot;: \&quot;Automation testing\&quot;,\n        \&quot;online\&quot;: true\n    },\n    {\n        \&quot;programId\&quot;: 6480,\n        \&quot;programName\&quot;: \&quot;DS\&quot;,\n        \&quot;programDescription\&quot;: \&quot;data science\&quot;,\n        \&quot;online\&quot;: false\n    },\n    {\n        \&quot;programId\&quot;: 6481,\n        \&quot;programName\&quot;: \&quot;Testing modified\&quot;,\n        \&quot;programDescription\&quot;: \&quot;Testing modified\&quot;,\n        \&quot;online\&quot;: true\n    },\n    {\n        \&quot;programId\&quot;: 6482,\n        \&quot;programName\&quot;: \&quot;SDET26\&quot;,\n        \&quot;programDescription\&quot;: \&quot;Automation testing\&quot;,\n        \&quot;online\&quot;: true\n    },\n    {\n        \&quot;programId\&quot;: 6483,\n        \&quot;programName\&quot;: \&quot;DS\&quot;,\n        \&quot;programDescription\&quot;: \&quot;data science\&quot;,\n        \&quot;online\&quot;: false\n    },\n    {\n        \&quot;programId\&quot;: 6484,\n        \&quot;programName\&quot;: \&quot;Testing modified\&quot;,\n        \&quot;programDescription\&quot;: \&quot;Testing modified\&quot;,\n        \&quot;online\&quot;: true\n    },\n    {\n        \&quot;programId\&quot;: 6485,\n        \&quot;programName\&quot;: \&quot;Testing modified\&quot;,\n        \&quot;programDescription\&quot;: \&quot;Testing modified\&quot;,\n        \&quot;online\&quot;: true\n    },\n    {\n        \&quot;programId\&quot;: 6486,\n        \&quot;programName\&quot;: \&quot;Testing modified\&quot;,\n        \&quot;programDescription\&quot;: \&quot;Testing modified\&quot;,\n        \&quot;online\&quot;: true\n    },\n    {\n        \&quot;programId\&quot;: 6487,\n        \&quot;programName\&quot;: \&quot;Testing modified\&quot;,\n        \&quot;programDescription\&quot;: \&quot;Testing modified\&quot;,\n        \&quot;online\&quot;: true\n    },\n    {\n        \&quot;programId\&quot;: 6488,\n        \&quot;programName\&quot;: \&quot;Testing modified\&quot;,\n        \&quot;programDescription\&quot;: \&quot;Testing modified\&quot;,\n        \&quot;online\&quot;: true\n    },\n    {\n        \&quot;programId\&quot;: 6489,\n        \&quot;programName\&quot;: \&quot;Testing modified\&quot;,\n        \&quot;programDescription\&quot;: \&quot;Testing modified\&quot;,\n        \&quot;online\&quot;: true\n    },\n    {\n        \&quot;programId\&quot;: 6490,\n        \&quot;programName\&quot;: \&quot;Testing modified\&quot;,\n        \&quot;programDescription\&quot;: \&quot;Testing modified\&quot;,\n        \&quot;online\&quot;: true\n    },\n    {\n        \&quot;programId\&quot;: 6528,\n        \&quot;programName\&quot;: \&quot;SDET26\&quot;,\n        \&quot;programDescription\&quot;: \&quot;Automation testing\&quot;,\n        \&quot;online\&quot;: true\n    },\n    {\n        \&quot;programId\&quot;: 6494,\n        \&quot;programName\&quot;: \&quot;\\\&quot;Programming\\\&quot;\&quot;,\n        \&quot;programDescription\&quot;: \&quot;\\\&quot;Java\\\&quot;\&quot;,\n        \&quot;online\&quot;: false\n    },\n    {\n        \&quot;programId\&quot;: 6495,\n        \&quot;programName\&quot;: \&quot;\\\&quot;Develeopment\\\&quot;\&quot;,\n        \&quot;programDescription\&quot;: \&quot;\\\&quot;Python\\\&quot;\&quot;,\n        \&quot;online\&quot;: false\n    },\n    {\n        \&quot;programId\&quot;: 6496,\n        \&quot;programName\&quot;: \&quot;\\\&quot;Programming\\\&quot;\&quot;,\n        \&quot;programDescription\&quot;: \&quot;\\\&quot;Java\\\&quot;\&quot;,\n        \&quot;online\&quot;: false\n    },\n    {\n        \&quot;programId\&quot;: 6497,\n        \&quot;programName\&quot;: \&quot;\\\&quot;Develeopment\\\&quot;\&quot;,\n        \&quot;programDescription\&quot;: \&quot;\\\&quot;Python\\\&quot;\&quot;,\n        \&quot;online\&quot;: false\n    },\n    {\n        \&quot;programId\&quot;: 6498,\n        \&quot;programName\&quot;: \&quot;\\\&quot;Programming\\\&quot;\&quot;,\n        \&quot;programDescription\&quot;: \&quot;\\\&quot;Java\\\&quot;\&quot;,\n        \&quot;online\&quot;: false\n    },\n    {\n        \&quot;programId\&quot;: 6499,\n        \&quot;programName\&quot;: \&quot;\\\&quot;Programming\\\&quot;\&quot;,\n        \&quot;programDescription\&quot;: \&quot;\\\&quot;Java\\\&quot;\&quot;,\n        \&quot;online\&quot;: false\n    },\n    {\n        \&quot;programId\&quot;: 6500,\n        \&quot;programName\&quot;: \&quot;\\\&quot;Programming\\\&quot;\&quot;,\n        \&quot;programDescription\&quot;: \&quot;\\\&quot;Java\\\&quot;\&quot;,\n        \&quot;online\&quot;: false\n    },\n    {\n        \&quot;programId\&quot;: 6501,\n        \&quot;programName\&quot;: \&quot;\\\&quot;Programming\\\&quot;\&quot;,\n        \&quot;programDescription\&quot;: \&quot;\\\&quot;Java\\\&quot;\&quot;,\n        \&quot;online\&quot;: false\n    },\n    {\n        \&quot;programId\&quot;: 6502,\n        \&quot;programName\&quot;: \&quot;\\\&quot;Programming\\\&quot;\&quot;,\n        \&quot;programDescription\&quot;: \&quot;\\\&quot;Java\\\&quot;\&quot;,\n        \&quot;online\&quot;: false\n    },\n    {\n        \&quot;programId\&quot;: 6503,\n        \&quot;programName\&quot;: \&quot;\\\&quot;Programming\\\&quot;\&quot;,\n        \&quot;programDescription\&quot;: \&quot;\\\&quot;Java\\\&quot;\&quot;,\n        \&quot;online\&quot;: false\n    },\n    {\n        \&quot;programId\&quot;: 6504,\n        \&quot;programName\&quot;: \&quot;\\\&quot;Programming\\\&quot;\&quot;,\n        \&quot;programDescription\&quot;: \&quot;\\\&quot;Java\\\&quot;\&quot;,\n        \&quot;online\&quot;: false\n    },\n    {\n        \&quot;programId\&quot;: 6505,\n        \&quot;programName\&quot;: \&quot;Automation Testing\&quot;,\n        \&quot;programDescription\&quot;: \&quot;RestAssured\&quot;,\n        \&quot;online\&quot;: true\n    },\n    {\n        \&quot;programId\&quot;: 6506,\n        \&quot;programName\&quot;: \&quot;Automation Testing\&quot;,\n        \&quot;programDescription\&quot;: \&quot;RestAssured\&quot;,\n        \&quot;online\&quot;: true\n    },\n    {\n        \&quot;programId\&quot;: 6509,\n        \&quot;programName\&quot;: \&quot;\\\&quot;API Testing\\\&quot;\&quot;,\n        \&quot;programDescription\&quot;: \&quot;\\\&quot;RestAssured\\\&quot;\&quot;,\n        \&quot;online\&quot;: false\n    },\n    {\n        \&quot;programId\&quot;: 6510,\n        \&quot;programName\&quot;: \&quot;\\\&quot;Framework\\\&quot;\&quot;,\n        \&quot;programDescription\&quot;: \&quot;\\\&quot;Cucumber\\\&quot;\&quot;,\n        \&quot;online\&quot;: false\n    },\n    {\n        \&quot;programId\&quot;: 6511,\n        \&quot;programName\&quot;: \&quot;Automation Testing\&quot;,\n        \&quot;programDescription\&quot;: \&quot;RestAssured\&quot;,\n        \&quot;online\&quot;: true\n    },\n    {\n        \&quot;programId\&quot;: 6512,\n        \&quot;programName\&quot;: \&quot;\\\&quot;API Testing\\\&quot;\&quot;,\n        \&quot;programDescription\&quot;: \&quot;\\\&quot;RestAssured\\\&quot;\&quot;,\n        \&quot;online\&quot;: false\n    },\n    {\n        \&quot;programId\&quot;: 6513,\n        \&quot;programName\&quot;: \&quot;\\\&quot;Framework\\\&quot;\&quot;,\n        \&quot;programDescription\&quot;: \&quot;\\\&quot;Cucumber\\\&quot;\&quot;,\n        \&quot;online\&quot;: false\n    },\n    {\n        \&quot;programId\&quot;: 6514,\n        \&quot;programName\&quot;: \&quot;Automation Testing\&quot;,\n        \&quot;programDescription\&quot;: \&quot;RestAssured\&quot;,\n        \&quot;online\&quot;: true\n    },\n    {\n        \&quot;programId\&quot;: 6517,\n        \&quot;programName\&quot;: \&quot;St\&quot;,\n        \&quot;programDescription\&quot;: \&quot;ts\&quot;,\n        \&quot;online\&quot;: false\n    },\n    {\n        \&quot;programId\&quot;: 6518,\n        \&quot;programName\&quot;: \&quot;\\\&quot;API Testing\\\&quot;\&quot;,\n        \&quot;programDescription\&quot;: \&quot;\\\&quot;RestAssured\\\&quot;\&quot;,\n        \&quot;online\&quot;: false\n    },\n    {\n        \&quot;programId\&quot;: 6519,\n        \&quot;programName\&quot;: \&quot;\\\&quot;Framework\\\&quot;\&quot;,\n        \&quot;programDescription\&quot;: \&quot;\\\&quot;Cucumber\\\&quot;\&quot;,\n        \&quot;online\&quot;: false\n    },\n    {\n        \&quot;programId\&quot;: 6520,\n        \&quot;programName\&quot;: \&quot;Automation Testing\&quot;,\n        \&quot;programDescription\&quot;: \&quot;RestAssured\&quot;,\n        \&quot;online\&quot;: true\n    },\n    {\n        \&quot;programId\&quot;: 6521,\n        \&quot;programName\&quot;: \&quot;St\&quot;,\n        \&quot;programDescription\&quot;: \&quot;ts\&quot;,\n        \&quot;online\&quot;: false\n    },\n    {\n        \&quot;programId\&quot;: 6524,\n        \&quot;programName\&quot;: \&quot;\\\&quot;API Testing\\\&quot;\&quot;,\n        \&quot;programDescription\&quot;: \&quot;\\\&quot;RestAssured\\\&quot;\&quot;,\n        \&quot;online\&quot;: false\n    },\n    {\n        \&quot;programId\&quot;: 6525,\n        \&quot;programName\&quot;: \&quot;\\\&quot;Framework\\\&quot;\&quot;,\n        \&quot;programDescription\&quot;: \&quot;\\\&quot;Cucumber\\\&quot;\&quot;,\n        \&quot;online\&quot;: false\n    },\n    {\n        \&quot;programId\&quot;: 6526,\n        \&quot;programName\&quot;: \&quot;\\\&quot;Programming\\\&quot;\&quot;,\n        \&quot;programDescription\&quot;: \&quot;\\\&quot;Java\\\&quot;\&quot;,\n        \&quot;online\&quot;: false\n    },\n    {\n        \&quot;programId\&quot;: 6527,\n        \&quot;programName\&quot;: \&quot;Automation Testing\&quot;,\n        \&quot;programDescription\&quot;: \&quot;RestAssured\&quot;,\n        \&quot;online\&quot;: true\n    },\n    {\n        \&quot;programId\&quot;: 6529,\n        \&quot;programName\&quot;: \&quot;DS\&quot;,\n        \&quot;programDescription\&quot;: \&quot;data science\&quot;,\n        \&quot;online\&quot;: false\n    },\n    {\n        \&quot;programId\&quot;: 6530,\n        \&quot;programName\&quot;: \&quot;Devops\&quot;,\n        \&quot;programDescription\&quot;: \&quot;New Devops\&quot;,\n        \&quot;online\&quot;: true\n    },\n    {\n        \&quot;programId\&quot;: 6531,\n        \&quot;programName\&quot;: \&quot;Selenium Testing\&quot;,\n        \&quot;programDescription\&quot;: \&quot;Selenium\&quot;,\n        \&quot;online\&quot;: true\n    },\n    {\n        \&quot;programId\&quot;: 6532,\n        \&quot;programName\&quot;: \&quot;SDET26\&quot;,\n        \&quot;programDescription\&quot;: \&quot;Automation testing\&quot;,\n        \&quot;online\&quot;: true\n    },\n    {\n        \&quot;programId\&quot;: 6533,\n        \&quot;programName\&quot;: \&quot;DS\&quot;,\n        \&quot;programDescription\&quot;: \&quot;data science\&quot;,\n        \&quot;online\&quot;: false\n    },\n    {\n        \&quot;programId\&quot;: 6534,\n        \&quot;programName\&quot;: \&quot;SDET26\&quot;,\n        \&quot;programDescription\&quot;: \&quot;Automation testing\&quot;,\n        \&quot;online\&quot;: true\n    },\n    {\n        \&quot;programId\&quot;: 6535,\n        \&quot;programName\&quot;: \&quot;DS\&quot;,\n        \&quot;programDescription\&quot;: \&quot;data science\&quot;,\n        \&quot;online\&quot;: false\n    },\n    {\n        \&quot;programId\&quot;: 6536,\n        \&quot;programName\&quot;: \&quot;SDET26\&quot;,\n        \&quot;programDescription\&quot;: \&quot;Automation testing\&quot;,\n        \&quot;online\&quot;: true\n    },\n    {\n        \&quot;programId\&quot;: 6537,\n        \&quot;programName\&quot;: \&quot;DS\&quot;,\n        \&quot;programDescription\&quot;: \&quot;data science\&quot;,\n        \&quot;online\&quot;: false\n    },\n    {\n        \&quot;programId\&quot;: 6538,\n        \&quot;programName\&quot;: \&quot;SDET26\&quot;,\n        \&quot;programDescription\&quot;: \&quot;Automation testing\&quot;,\n        \&quot;online\&quot;: true\n    },\n    {\n        \&quot;programId\&quot;: 6539,\n        \&quot;programName\&quot;: \&quot;DS\&quot;,\n        \&quot;programDescription\&quot;: \&quot;data science\&quot;,\n        \&quot;online\&quot;: false\n    },\n    {\n        \&quot;programId\&quot;: 6540,\n        \&quot;programName\&quot;: \&quot;SDET26\&quot;,\n        \&quot;programDescription\&quot;: \&quot;Automation testing\&quot;,\n        \&quot;online\&quot;: true\n    },\n    {\n        \&quot;programId\&quot;: 6541,\n        \&quot;programName\&quot;: \&quot;DS\&quot;,\n        \&quot;programDescription\&quot;: \&quot;data science\&quot;,\n        \&quot;online\&quot;: false\n    },\n    {\n        \&quot;programId\&quot;: 6542,\n        \&quot;programName\&quot;: \&quot;SDET26\&quot;,\n        \&quot;programDescription\&quot;: \&quot;Automation testing\&quot;,\n        \&quot;online\&quot;: true\n    },\n    {\n        \&quot;programId\&quot;: 6543,\n        \&quot;programName\&quot;: \&quot;DS\&quot;,\n        \&quot;programDescription\&quot;: \&quot;data science\&quot;,\n        \&quot;online\&quot;: false\n    },\n    {\n        \&quot;programId\&quot;: 6544,\n        \&quot;programName\&quot;: \&quot;SDET\&quot;,\n        \&quot;programDescription\&quot;: \&quot;api\&quot;,\n        \&quot;online\&quot;: true\n    },\n    {\n        \&quot;programId\&quot;: 6545,\n        \&quot;programName\&quot;: \&quot;SDET26\&quot;,\n        \&quot;programDescription\&quot;: \&quot;Automation testing\&quot;,\n        \&quot;online\&quot;: true\n    },\n    {\n        \&quot;programId\&quot;: 6546,\n        \&quot;programName\&quot;: \&quot;DS\&quot;,\n        \&quot;programDescription\&quot;: \&quot;data science\&quot;,\n        \&quot;online\&quot;: false\n    },\n    {\n        \&quot;programId\&quot;: 6547,\n        \&quot;programName\&quot;: \&quot;SDET26\&quot;,\n        \&quot;programDescription\&quot;: \&quot;Automation testing\&quot;,\n        \&quot;online\&quot;: true\n    },\n    {\n        \&quot;programId\&quot;: 6548,\n        \&quot;programName\&quot;: \&quot;SDET26\&quot;,\n        \&quot;programDescription\&quot;: \&quot;Automation testing\&quot;,\n        \&quot;online\&quot;: true\n    },\n    {\n        \&quot;programId\&quot;: 6549,\n        \&quot;programName\&quot;: \&quot;SDET26\&quot;,\n        \&quot;programDescription\&quot;: \&quot;Automation testing\&quot;,\n        \&quot;online\&quot;: true\n    },\n    {\n        \&quot;programId\&quot;: 6550,\n        \&quot;programName\&quot;: \&quot;SDET26\&quot;,\n        \&quot;programDescription\&quot;: \&quot;Automation testing\&quot;,\n        \&quot;online\&quot;: true\n    },\n    {\n        \&quot;programId\&quot;: 6551,\n        \&quot;programName\&quot;: \&quot;DS\&quot;,\n        \&quot;programDescription\&quot;: \&quot;data science\&quot;,\n        \&quot;online\&quot;: false\n    },\n    {\n        \&quot;programId\&quot;: 6552,\n        \&quot;programName\&quot;: \&quot;SDET26\&quot;,\n        \&quot;programDescription\&quot;: \&quot;Automation testing\&quot;,\n        \&quot;online\&quot;: true\n    },\n    {\n        \&quot;programId\&quot;: 6553,\n        \&quot;programName\&quot;: \&quot;DS\&quot;,\n        \&quot;programDescription\&quot;: \&quot;data science\&quot;,\n        \&quot;online\&quot;: false\n    },\n    {\n        \&quot;programId\&quot;: 9255,\n        \&quot;programName\&quot;: \&quot;yes yes yes updated\&quot;,\n        \&quot;programDescription\&quot;: \&quot;is it updated\&quot;,\n        \&quot;online\&quot;: true\n    },\n    {\n        \&quot;programId\&quot;: 6556,\n        \&quot;programName\&quot;: \&quot;\\\&quot;API Testing\\\&quot;\&quot;,\n        \&quot;programDescription\&quot;: \&quot;\\\&quot;RestAssured\\\&quot;\&quot;,\n        \&quot;online\&quot;: false\n    },\n    {\n        \&quot;programId\&quot;: 6557,\n        \&quot;programName\&quot;: \&quot;\\\&quot;Framework\\\&quot;\&quot;,\n        \&quot;programDescription\&quot;: \&quot;\\\&quot;Cucumber\\\&quot;\&quot;,\n        \&quot;online\&quot;: false\n    },\n    {\n        \&quot;programId\&quot;: 6558,\n        \&quot;programName\&quot;: \&quot;\\\&quot;Programming\\\&quot;\&quot;,\n        \&quot;programDescription\&quot;: \&quot;\\\&quot;Java\\\&quot;\&quot;,\n        \&quot;online\&quot;: false\n    },\n    {\n        \&quot;programId\&quot;: 6559,\n        \&quot;programName\&quot;: \&quot;Automation Testing\&quot;,\n        \&quot;programDescription\&quot;: \&quot;RestAssured\&quot;,\n        \&quot;online\&quot;: true\n    },\n    {\n        \&quot;programId\&quot;: 6560,\n        \&quot;programName\&quot;: \&quot;Java\&quot;,\n        \&quot;programDescription\&quot;: \&quot;Java Learning\&quot;,\n        \&quot;online\&quot;: true\n    },\n    {\n        \&quot;programId\&quot;: 6561,\n        \&quot;programName\&quot;: \&quot;C#\&quot;,\n        \&quot;programDescription\&quot;: \&quot;C# learning\&quot;,\n        \&quot;online\&quot;: false\n    },\n    {\n        \&quot;programId\&quot;: 6562,\n        \&quot;programName\&quot;: \&quot;Selenium\&quot;,\n        \&quot;programDescription\&quot;: \&quot;Selenium with Java\&quot;,\n        \&quot;online\&quot;: true\n    },\n    {\n        \&quot;programId\&quot;: 6563,\n        \&quot;programName\&quot;: \&quot;DotNet\&quot;,\n        \&quot;programDescription\&quot;: \&quot;DotNet\&quot;,\n        \&quot;online\&quot;: false\n    },\n    {\n        \&quot;programId\&quot;: 6564,\n        \&quot;programName\&quot;: \&quot;Java\&quot;,\n        \&quot;programDescription\&quot;: \&quot;Java Learning\&quot;,\n        \&quot;online\&quot;: true\n    },\n    {\n        \&quot;programId\&quot;: 6565,\n        \&quot;programName\&quot;: \&quot;C#\&quot;,\n        \&quot;programDescription\&quot;: \&quot;C# learning\&quot;,\n        \&quot;online\&quot;: false\n    },\n    {\n        \&quot;programId\&quot;: 6566,\n        \&quot;programName\&quot;: \&quot;Selenium\&quot;,\n        \&quot;programDescription\&quot;: \&quot;Selenium with Java\&quot;,\n        \&quot;online\&quot;: true\n    },\n    {\n        \&quot;programId\&quot;: 6567,\n        \&quot;programName\&quot;: \&quot;DotNet\&quot;,\n        \&quot;programDescription\&quot;: \&quot;DotNet\&quot;,\n        \&quot;online\&quot;: false\n    },\n    {\n        \&quot;programId\&quot;: 6568,\n        \&quot;programName\&quot;: \&quot;SDET26\&quot;,\n        \&quot;programDescription\&quot;: \&quot;Automation testing\&quot;,\n        \&quot;online\&quot;: true\n    },\n    {\n        \&quot;programId\&quot;: 6569,\n        \&quot;programName\&quot;: \&quot;DS\&quot;,\n        \&quot;programDescription\&quot;: \&quot;data science\&quot;,\n        \&quot;online\&quot;: false\n    },\n    {\n        \&quot;programId\&quot;: 6570,\n        \&quot;programName\&quot;: \&quot;SDET26\&quot;,\n        \&quot;programDescription\&quot;: \&quot;Automation testing\&quot;,\n        \&quot;online\&quot;: true\n    },\n    {\n        \&quot;programId\&quot;: 6571,\n        \&quot;programName\&quot;: \&quot;DS\&quot;,\n        \&quot;programDescription\&quot;: \&quot;data science\&quot;,\n        \&quot;online\&quot;: false\n    },\n    {\n        \&quot;programId\&quot;: 6572,\n        \&quot;programName\&quot;: \&quot;SDET26\&quot;,\n        \&quot;programDescription\&quot;: \&quot;Automation testing\&quot;,\n        \&quot;online\&quot;: true\n    },\n    {\n        \&quot;programId\&quot;: 6573,\n        \&quot;programName\&quot;: \&quot;DS\&quot;,\n        \&quot;programDescription\&quot;: \&quot;data science\&quot;,\n        \&quot;online\&quot;: false\n    },\n    {\n        \&quot;programId\&quot;: 6574,\n        \&quot;programName\&quot;: \&quot;SDET26\&quot;,\n        \&quot;programDescription\&quot;: \&quot;Automation testing\&quot;,\n        \&quot;online\&quot;: true\n    },\n    {\n        \&quot;programId\&quot;: 6575,\n        \&quot;programName\&quot;: \&quot;DS\&quot;,\n        \&quot;programDescription\&quot;: \&quot;data science\&quot;,\n        \&quot;online\&quot;: false\n    },\n    {\n        \&quot;programId\&quot;: 6576,\n        \&quot;programName\&quot;: \&quot;SDET26\&quot;,\n        \&quot;programDescription\&quot;: \&quot;Automation testing\&quot;,\n        \&quot;online\&quot;: true\n    },\n    {\n        \&quot;programId\&quot;: 6577,\n        \&quot;programName\&quot;: \&quot;DS\&quot;,\n        \&quot;programDescription\&quot;: \&quot;data science\&quot;,\n        \&quot;online\&quot;: false\n    },\n    {\n        \&quot;programId\&quot;: 6578,\n        \&quot;programName\&quot;: \&quot;SDET26\&quot;,\n        \&quot;programDescription\&quot;: \&quot;Automation testing\&quot;,\n        \&quot;online\&quot;: true\n    },\n    {\n        \&quot;programId\&quot;: 6579,\n        \&quot;programName\&quot;: \&quot;DS\&quot;,\n        \&quot;programDescription\&quot;: \&quot;data science\&quot;,\n        \&quot;online\&quot;: false\n    },\n    {\n        \&quot;programId\&quot;: 5744,\n        \&quot;programName\&quot;: \&quot;Spring\&quot;,\n        \&quot;programDescription\&quot;: \&quot;Spring Boot Training\&quot;,\n        \&quot;online\&quot;: true\n    },\n    {\n        \&quot;programId\&quot;: 6584,\n        \&quot;programName\&quot;: \&quot;SDET26\&quot;,\n        \&quot;programDescription\&quot;: \&quot;Automation testing\&quot;,\n        \&quot;online\&quot;: true\n    },\n    {\n        \&quot;programId\&quot;: 6585,\n        \&quot;programName\&quot;: \&quot;DS\&quot;,\n        \&quot;programDescription\&quot;: \&quot;data science\&quot;,\n        \&quot;online\&quot;: false\n    },\n    {\n        \&quot;programId\&quot;: 6586,\n        \&quot;programName\&quot;: \&quot;SDET26\&quot;,\n        \&quot;programDescription\&quot;: \&quot;Automation testing\&quot;,\n        \&quot;online\&quot;: true\n    },\n    {\n        \&quot;programId\&quot;: 6587,\n        \&quot;programName\&quot;: \&quot;DS\&quot;,\n        \&quot;programDescription\&quot;: \&quot;data science\&quot;,\n        \&quot;online\&quot;: false\n    },\n    {\n        \&quot;programId\&quot;: 6588,\n        \&quot;programName\&quot;: \&quot;SDET26\&quot;,\n        \&quot;programDescription\&quot;: \&quot;Automation testing\&quot;,\n        \&quot;online\&quot;: true\n    },\n    {\n        \&quot;programId\&quot;: 6589,\n        \&quot;programName\&quot;: \&quot;DS\&quot;,\n        \&quot;programDescription\&quot;: \&quot;data science\&quot;,\n        \&quot;online\&quot;: false\n    },\n    {\n        \&quot;programId\&quot;: 6590,\n        \&quot;programName\&quot;: \&quot;SDET26\&quot;,\n        \&quot;programDescription\&quot;: \&quot;Automation testing\&quot;,\n        \&quot;online\&quot;: true\n    },\n    {\n        \&quot;programId\&quot;: 6591,\n        \&quot;programName\&quot;: \&quot;DS\&quot;,\n        \&quot;programDescription\&quot;: \&quot;data science\&quot;,\n        \&quot;online\&quot;: false\n    },\n    {\n        \&quot;programId\&quot;: 6592,\n        \&quot;programName\&quot;: \&quot;SDET26\&quot;,\n        \&quot;programDescription\&quot;: \&quot;Automation testing\&quot;,\n        \&quot;online\&quot;: true\n    },\n    {\n        \&quot;programId\&quot;: 6593,\n        \&quot;programName\&quot;: \&quot;DS\&quot;,\n        \&quot;programDescription\&quot;: \&quot;data science\&quot;,\n        \&quot;online\&quot;: false\n    },\n    {\n        \&quot;programId\&quot;: 6594,\n        \&quot;programName\&quot;: \&quot;SDET26\&quot;,\n        \&quot;programDescription\&quot;: \&quot;Automation testing\&quot;,\n        \&quot;online\&quot;: true\n    },\n    {\n        \&quot;programId\&quot;: 6595,\n        \&quot;programName\&quot;: \&quot;DS\&quot;,\n        \&quot;programDescription\&quot;: \&quot;data science\&quot;,\n        \&quot;online\&quot;: false\n    },\n    {\n        \&quot;programId\&quot;: 6596,\n        \&quot;programName\&quot;: \&quot;SDET26\&quot;,\n        \&quot;programDescription\&quot;: \&quot;Automation testing\&quot;,\n        \&quot;online\&quot;: true\n    },\n    {\n        \&quot;programId\&quot;: 6597,\n        \&quot;programName\&quot;: \&quot;DS\&quot;,\n        \&quot;programDescription\&quot;: \&quot;data science\&quot;,\n        \&quot;online\&quot;: false\n    },\n    {\n        \&quot;programId\&quot;: 6598,\n        \&quot;programName\&quot;: \&quot;SDET26\&quot;,\n        \&quot;programDescription\&quot;: \&quot;Automation testing\&quot;,\n        \&quot;online\&quot;: true\n    },\n    {\n        \&quot;programId\&quot;: 6599,\n        \&quot;programName\&quot;: \&quot;DS\&quot;,\n        \&quot;programDescription\&quot;: \&quot;data science\&quot;,\n        \&quot;online\&quot;: false\n    },\n    {\n        \&quot;programId\&quot;: 6600,\n        \&quot;programName\&quot;: \&quot;SDET26\&quot;,\n        \&quot;programDescription\&quot;: \&quot;Automation testing\&quot;,\n        \&quot;online\&quot;: true\n    },\n    {\n        \&quot;programId\&quot;: 6601,\n        \&quot;programName\&quot;: \&quot;DS\&quot;,\n        \&quot;programDescription\&quot;: \&quot;data science\&quot;,\n        \&quot;online\&quot;: false\n    },\n    {\n        \&quot;programId\&quot;: 6602,\n        \&quot;programName\&quot;: \&quot;SDET26\&quot;,\n        \&quot;programDescription\&quot;: \&quot;Automation testing\&quot;,\n        \&quot;online\&quot;: true\n    },\n    {\n        \&quot;programId\&quot;: 6603,\n        \&quot;programName\&quot;: \&quot;DS\&quot;,\n        \&quot;programDescription\&quot;: \&quot;data science\&quot;,\n        \&quot;online\&quot;: false\n    },\n    {\n        \&quot;programId\&quot;: 6604,\n        \&quot;programName\&quot;: \&quot;SDET26\&quot;,\n        \&quot;programDescription\&quot;: \&quot;Automation testing\&quot;,\n        \&quot;online\&quot;: true\n    },\n    {\n        \&quot;programId\&quot;: 6605,\n        \&quot;programName\&quot;: \&quot;DS\&quot;,\n        \&quot;programDescription\&quot;: \&quot;data science\&quot;,\n        \&quot;online\&quot;: false\n    },\n    {\n        \&quot;programId\&quot;: 6606,\n        \&quot;programName\&quot;: \&quot;SDET26\&quot;,\n        \&quot;programDescription\&quot;: \&quot;Automation testing\&quot;,\n        \&quot;online\&quot;: true\n    },\n    {\n        \&quot;programId\&quot;: 6607,\n        \&quot;programName\&quot;: \&quot;DS\&quot;,\n        \&quot;programDescription\&quot;: \&quot;data science\&quot;,\n        \&quot;online\&quot;: false\n    },\n    {\n        \&quot;programId\&quot;: 6608,\n        \&quot;programName\&quot;: \&quot;SDET26\&quot;,\n        \&quot;programDescription\&quot;: \&quot;Automation testing\&quot;,\n        \&quot;online\&quot;: true\n    },\n    {\n        \&quot;programId\&quot;: 6609,\n        \&quot;programName\&quot;: \&quot;DS\&quot;,\n        \&quot;programDescription\&quot;: \&quot;data science\&quot;,\n        \&quot;online\&quot;: false\n    },\n    {\n        \&quot;programId\&quot;: 6610,\n        \&quot;programName\&quot;: \&quot;SDET26\&quot;,\n        \&quot;programDescription\&quot;: \&quot;Automation testing\&quot;,\n        \&quot;online\&quot;: true\n    },\n    {\n        \&quot;programId\&quot;: 6611,\n        \&quot;programName\&quot;: \&quot;DS\&quot;,\n        \&quot;programDescription\&quot;: \&quot;data science\&quot;,\n        \&quot;online\&quot;: false\n    },\n    {\n        \&quot;programId\&quot;: 6612,\n        \&quot;programName\&quot;: \&quot;SDET26\&quot;,\n        \&quot;programDescription\&quot;: \&quot;Automation testing\&quot;,\n        \&quot;online\&quot;: true\n    },\n    {\n        \&quot;programId\&quot;: 6613,\n        \&quot;programName\&quot;: \&quot;DS\&quot;,\n        \&quot;programDescription\&quot;: \&quot;data science\&quot;,\n        \&quot;online\&quot;: false\n    },\n    {\n        \&quot;programId\&quot;: 6614,\n        \&quot;programName\&quot;: \&quot;SDET26\&quot;,\n        \&quot;programDescription\&quot;: \&quot;Automation testing\&quot;,\n        \&quot;online\&quot;: true\n    },\n    {\n        \&quot;programId\&quot;: 6615,\n        \&quot;programName\&quot;: \&quot;DS\&quot;,\n        \&quot;programDescription\&quot;: \&quot;data science\&quot;,\n        \&quot;online\&quot;: false\n    },\n    {\n        \&quot;programId\&quot;: 6616,\n        \&quot;programName\&quot;: \&quot;SDET26\&quot;,\n        \&quot;programDescription\&quot;: \&quot;Automation testing\&quot;,\n        \&quot;online\&quot;: true\n    },\n    {\n        \&quot;programId\&quot;: 6617,\n        \&quot;programName\&quot;: \&quot;DS\&quot;,\n        \&quot;programDescription\&quot;: \&quot;data science\&quot;,\n        \&quot;online\&quot;: false\n    },\n    {\n        \&quot;programId\&quot;: 6618,\n        \&quot;programName\&quot;: \&quot;SDET26\&quot;,\n        \&quot;programDescription\&quot;: \&quot;Automation testing\&quot;,\n        \&quot;online\&quot;: true\n    },\n    {\n        \&quot;programId\&quot;: 6619,\n        \&quot;programName\&quot;: \&quot;DS\&quot;,\n        \&quot;programDescription\&quot;: \&quot;data science\&quot;,\n        \&quot;online\&quot;: false\n    },\n    {\n        \&quot;programId\&quot;: 6620,\n        \&quot;programName\&quot;: \&quot;\\\&quot;API Testing\\\&quot;\&quot;,\n        \&quot;programDescription\&quot;: \&quot;\\\&quot;RestAssured\\\&quot;\&quot;,\n        \&quot;online\&quot;: false\n    },\n    {\n        \&quot;programId\&quot;: 6621,\n        \&quot;programName\&quot;: \&quot;\\\&quot;Framework\\\&quot;\&quot;,\n        \&quot;programDescription\&quot;: \&quot;\\\&quot;Cucumber\\\&quot;\&quot;,\n        \&quot;online\&quot;: false\n    },\n    {\n        \&quot;programId\&quot;: 6623,\n        \&quot;programName\&quot;: \&quot;\\\&quot;Programming\\\&quot;\&quot;,\n        \&quot;programDescription\&quot;: \&quot;\\\&quot;Java\\\&quot;\&quot;,\n        \&quot;online\&quot;: false\n    },\n    {\n        \&quot;programId\&quot;: 6624,\n        \&quot;programName\&quot;: \&quot;Automation Testing \&quot;,\n        \&quot;programDescription\&quot;: \&quot;RestAssured\&quot;,\n        \&quot;online\&quot;: true\n    },\n    {\n        \&quot;programId\&quot;: 6625,\n        \&quot;programName\&quot;: \&quot;\\\&quot;API Testing\\\&quot;\&quot;,\n        \&quot;programDescription\&quot;: \&quot;\\\&quot;RestAssured\\\&quot;\&quot;,\n        \&quot;online\&quot;: false\n    },\n    {\n        \&quot;programId\&quot;: 6626,\n        \&quot;programName\&quot;: \&quot;\\\&quot;Framework\\\&quot;\&quot;,\n        \&quot;programDescription\&quot;: \&quot;\\\&quot;Cucumber\\\&quot;\&quot;,\n        \&quot;online\&quot;: false\n    },\n    {\n        \&quot;programId\&quot;: 6628,\n        \&quot;programName\&quot;: \&quot;\\\&quot;Programming\\\&quot;\&quot;,\n        \&quot;programDescription\&quot;: \&quot;\\\&quot;Java\\\&quot;\&quot;,\n        \&quot;online\&quot;: false\n    },\n    {\n        \&quot;programId\&quot;: 6629,\n        \&quot;programName\&quot;: \&quot;Automation Testing \&quot;,\n        \&quot;programDescription\&quot;: \&quot;RestAssured\&quot;,\n        \&quot;online\&quot;: true\n    },\n    {\n        \&quot;programId\&quot;: 6630,\n        \&quot;programName\&quot;: \&quot;SDET26\&quot;,\n        \&quot;programDescription\&quot;: \&quot;Automation testing\&quot;,\n        \&quot;online\&quot;: true\n    },\n    {\n        \&quot;programId\&quot;: 6631,\n        \&quot;programName\&quot;: \&quot;DS\&quot;,\n        \&quot;programDescription\&quot;: \&quot;data science\&quot;,\n        \&quot;online\&quot;: false\n    },\n    {\n        \&quot;programId\&quot;: 6632,\n        \&quot;programName\&quot;: \&quot;SDET26\&quot;,\n        \&quot;programDescription\&quot;: \&quot;Automation testing\&quot;,\n        \&quot;online\&quot;: true\n    },\n    {\n        \&quot;programId\&quot;: 6633,\n        \&quot;programName\&quot;: \&quot;DS\&quot;,\n        \&quot;programDescription\&quot;: \&quot;data science\&quot;,\n        \&quot;online\&quot;: false\n    },\n    {\n        \&quot;programId\&quot;: 6634,\n        \&quot;programName\&quot;: \&quot;SDET26\&quot;,\n        \&quot;programDescription\&quot;: \&quot;Automation testing\&quot;,\n        \&quot;online\&quot;: true\n    },\n    {\n        \&quot;programId\&quot;: 6635,\n        \&quot;programName\&quot;: \&quot;DS\&quot;,\n        \&quot;programDescription\&quot;: \&quot;data science\&quot;,\n        \&quot;online\&quot;: false\n    },\n    {\n        \&quot;programId\&quot;: 6636,\n        \&quot;programName\&quot;: \&quot;SDET26\&quot;,\n        \&quot;programDescription\&quot;: \&quot;Automation testing\&quot;,\n        \&quot;online\&quot;: true\n    },\n    {\n        \&quot;programId\&quot;: 6637,\n        \&quot;programName\&quot;: \&quot;DS\&quot;,\n        \&quot;programDescription\&quot;: \&quot;data science\&quot;,\n        \&quot;online\&quot;: false\n    },\n    {\n        \&quot;programId\&quot;: 6638,\n        \&quot;programName\&quot;: \&quot;SDET26\&quot;,\n        \&quot;programDescription\&quot;: \&quot;Automation testing\&quot;,\n        \&quot;online\&quot;: true\n    },\n    {\n        \&quot;programId\&quot;: 6639,\n        \&quot;programName\&quot;: \&quot;DS\&quot;,\n        \&quot;programDescription\&quot;: \&quot;data science\&quot;,\n        \&quot;online\&quot;: false\n    },\n    {\n        \&quot;programId\&quot;: 6640,\n        \&quot;programName\&quot;: \&quot;SDET26\&quot;,\n        \&quot;programDescription\&quot;: \&quot;Automation testing\&quot;,\n        \&quot;online\&quot;: true\n    },\n    {\n        \&quot;programId\&quot;: 6641,\n        \&quot;programName\&quot;: \&quot;DS\&quot;,\n        \&quot;programDescription\&quot;: \&quot;data science\&quot;,\n        \&quot;online\&quot;: false\n    },\n    {\n        \&quot;programId\&quot;: 6642,\n        \&quot;programName\&quot;: \&quot;SDET26\&quot;,\n        \&quot;programDescription\&quot;: \&quot;Automation testing\&quot;,\n        \&quot;online\&quot;: true\n    },\n    {\n        \&quot;programId\&quot;: 6643,\n        \&quot;programName\&quot;: \&quot;DS\&quot;,\n        \&quot;programDescription\&quot;: \&quot;data science\&quot;,\n        \&quot;online\&quot;: false\n    },\n    {\n        \&quot;programId\&quot;: 6644,\n        \&quot;programName\&quot;: \&quot;\\\&quot;API Testing\\\&quot;\&quot;,\n        \&quot;programDescription\&quot;: \&quot;\\\&quot;RestAssured\\\&quot;\&quot;,\n        \&quot;online\&quot;: false\n    },\n    {\n        \&quot;programId\&quot;: 6645,\n        \&quot;programName\&quot;: \&quot;\\\&quot;Framework\\\&quot;\&quot;,\n        \&quot;programDescription\&quot;: \&quot;\\\&quot;Cucumber\\\&quot;\&quot;,\n        \&quot;online\&quot;: false\n    },\n    {\n        \&quot;programId\&quot;: 6647,\n        \&quot;programName\&quot;: \&quot;\\\&quot;Programming\\\&quot;\&quot;,\n        \&quot;programDescription\&quot;: \&quot;\\\&quot;Java\\\&quot;\&quot;,\n        \&quot;online\&quot;: false\n    },\n    {\n        \&quot;programId\&quot;: 6648,\n        \&quot;programName\&quot;: \&quot;Automation Testing \&quot;,\n        \&quot;programDescription\&quot;: \&quot;RestAssured\&quot;,\n        \&quot;online\&quot;: true\n    },\n    {\n        \&quot;programId\&quot;: 6649,\n        \&quot;programName\&quot;: \&quot;\\\&quot;API Testing\\\&quot;\&quot;,\n        \&quot;programDescription\&quot;: \&quot;\\\&quot;RestAssured\\\&quot;\&quot;,\n        \&quot;online\&quot;: false\n    },\n    {\n        \&quot;programId\&quot;: 6650,\n        \&quot;programName\&quot;: \&quot;\\\&quot;Framework\\\&quot;\&quot;,\n        \&quot;programDescription\&quot;: \&quot;\\\&quot;Cucumber\\\&quot;\&quot;,\n        \&quot;online\&quot;: false\n    },\n    {\n        \&quot;programId\&quot;: 6652,\n        \&quot;programName\&quot;: \&quot;\\\&quot;Programming\\\&quot;\&quot;,\n        \&quot;programDescription\&quot;: \&quot;\\\&quot;Java\\\&quot;\&quot;,\n        \&quot;online\&quot;: false\n    },\n    {\n        \&quot;programId\&quot;: 6653,\n        \&quot;programName\&quot;: \&quot;Automation Testing \&quot;,\n        \&quot;programDescription\&quot;: \&quot;RestAssured\&quot;,\n        \&quot;online\&quot;: true\n    },\n    {\n        \&quot;programId\&quot;: 6654,\n        \&quot;programName\&quot;: \&quot;SDET26\&quot;,\n        \&quot;programDescription\&quot;: \&quot;Automation testing\&quot;,\n        \&quot;online\&quot;: true\n    },\n    {\n        \&quot;programId\&quot;: 6655,\n        \&quot;programName\&quot;: \&quot;DS\&quot;,\n        \&quot;programDescription\&quot;: \&quot;data science\&quot;,\n        \&quot;online\&quot;: false\n    },\n    {\n        \&quot;programId\&quot;: 6656,\n        \&quot;programName\&quot;: \&quot;SDET26\&quot;,\n        \&quot;programDescription\&quot;: \&quot;Automation testing\&quot;,\n        \&quot;online\&quot;: true\n    },\n    {\n        \&quot;programId\&quot;: 6657,\n        \&quot;programName\&quot;: \&quot;DS\&quot;,\n        \&quot;programDescription\&quot;: \&quot;data science\&quot;,\n        \&quot;online\&quot;: false\n    },\n    {\n        \&quot;programId\&quot;: 6658,\n        \&quot;programName\&quot;: \&quot;SDET26\&quot;,\n        \&quot;programDescription\&quot;: \&quot;Automation testing\&quot;,\n        \&quot;online\&quot;: true\n    },\n    {\n        \&quot;programId\&quot;: 6659,\n        \&quot;programName\&quot;: \&quot;DS\&quot;,\n        \&quot;programDescription\&quot;: \&quot;data science\&quot;,\n        \&quot;online\&quot;: false\n    },\n    {\n        \&quot;programId\&quot;: 6660,\n        \&quot;programName\&quot;: \&quot;SDET26\&quot;,\n        \&quot;programDescription\&quot;: \&quot;Automation testing\&quot;,\n        \&quot;online\&quot;: true\n    },\n    {\n        \&quot;programId\&quot;: 6661,\n        \&quot;programName\&quot;: \&quot;DS\&quot;,\n        \&quot;programDescription\&quot;: \&quot;data science\&quot;,\n        \&quot;online\&quot;: false\n    },\n    {\n        \&quot;programId\&quot;: 6662,\n        \&quot;programName\&quot;: \&quot;SDET26\&quot;,\n        \&quot;programDescription\&quot;: \&quot;Automation testing\&quot;,\n        \&quot;online\&quot;: true\n    },\n    {\n        \&quot;programId\&quot;: 6663,\n        \&quot;programName\&quot;: \&quot;DS\&quot;,\n        \&quot;programDescription\&quot;: \&quot;data science\&quot;,\n        \&quot;online\&quot;: false\n    },\n    {\n        \&quot;programId\&quot;: 6664,\n        \&quot;programName\&quot;: \&quot;SDET26\&quot;,\n        \&quot;programDescription\&quot;: \&quot;Automation testing\&quot;,\n        \&quot;online\&quot;: true\n    },\n    {\n        \&quot;programId\&quot;: 6665,\n        \&quot;programName\&quot;: \&quot;DS\&quot;,\n        \&quot;programDescription\&quot;: \&quot;data science\&quot;,\n        \&quot;online\&quot;: false\n    },\n    {\n        \&quot;programId\&quot;: 6666,\n        \&quot;programName\&quot;: \&quot;SDET26\&quot;,\n        \&quot;programDescription\&quot;: \&quot;Automation testing\&quot;,\n        \&quot;online\&quot;: true\n    },\n    {\n        \&quot;programId\&quot;: 6667,\n        \&quot;programName\&quot;: \&quot;DS\&quot;,\n        \&quot;programDescription\&quot;: \&quot;data science\&quot;,\n        \&quot;online\&quot;: false\n    },\n    {\n        \&quot;programId\&quot;: 6668,\n        \&quot;programName\&quot;: \&quot;SDET26\&quot;,\n        \&quot;programDescription\&quot;: \&quot;Automation testing\&quot;,\n        \&quot;online\&quot;: true\n    },\n    {\n        \&quot;programId\&quot;: 6669,\n        \&quot;programName\&quot;: \&quot;DS\&quot;,\n        \&quot;programDescription\&quot;: \&quot;data science\&quot;,\n        \&quot;online\&quot;: false\n    },\n    {\n        \&quot;programId\&quot;: 6670,\n        \&quot;programName\&quot;: \&quot;SDET26\&quot;,\n        \&quot;programDescription\&quot;: \&quot;Automation testing\&quot;,\n        \&quot;online\&quot;: true\n    },\n    {\n        \&quot;programId\&quot;: 6671,\n        \&quot;programName\&quot;: \&quot;DS\&quot;,\n        \&quot;programDescription\&quot;: \&quot;data science\&quot;,\n        \&quot;online\&quot;: false\n    },\n    {\n        \&quot;programId\&quot;: 6672,\n        \&quot;programName\&quot;: \&quot;SDET26\&quot;,\n        \&quot;programDescription\&quot;: \&quot;Automation testing\&quot;,\n        \&quot;online\&quot;: true\n    },\n    {\n        \&quot;programId\&quot;: 6673,\n        \&quot;programName\&quot;: \&quot;DS\&quot;,\n        \&quot;programDescription\&quot;: \&quot;data science\&quot;,\n        \&quot;online\&quot;: false\n    },\n    {\n        \&quot;programId\&quot;: 6674,\n        \&quot;programName\&quot;: \&quot;SDET26\&quot;,\n        \&quot;programDescription\&quot;: \&quot;Automation testing\&quot;,\n        \&quot;online\&quot;: true\n    },\n    {\n        \&quot;programId\&quot;: 6675,\n        \&quot;programName\&quot;: \&quot;DS\&quot;,\n        \&quot;programDescription\&quot;: \&quot;data science\&quot;,\n        \&quot;online\&quot;: false\n    },\n    {\n        \&quot;programId\&quot;: 6676,\n        \&quot;programName\&quot;: \&quot;SDET26\&quot;,\n        \&quot;programDescription\&quot;: \&quot;Automation testing\&quot;,\n        \&quot;online\&quot;: true\n    },\n    {\n        \&quot;programId\&quot;: 6677,\n        \&quot;programName\&quot;: \&quot;DS\&quot;,\n        \&quot;programDescription\&quot;: \&quot;data science\&quot;,\n        \&quot;online\&quot;: false\n    },\n    {\n        \&quot;programId\&quot;: 6678,\n        \&quot;programName\&quot;: \&quot;string\&quot;,\n        \&quot;programDescription\&quot;: \&quot;string\&quot;,\n        \&quot;online\&quot;: true\n    },\n    {\n        \&quot;programId\&quot;: 6679,\n        \&quot;programName\&quot;: \&quot;string\&quot;,\n        \&quot;programDescription\&quot;: \&quot;MI\&quot;,\n        \&quot;online\&quot;: true\n    },\n    {\n        \&quot;programId\&quot;: 6680,\n        \&quot;programName\&quot;: \&quot;string\&quot;,\n        \&quot;programDescription\&quot;: \&quot;MI\&quot;,\n        \&quot;online\&quot;: true\n    },\n    {\n        \&quot;programId\&quot;: 6681,\n        \&quot;programName\&quot;: \&quot;string\&quot;,\n        \&quot;programDescription\&quot;: \&quot;MI\&quot;,\n        \&quot;online\&quot;: true\n    },\n    {\n        \&quot;programId\&quot;: 6682,\n        \&quot;programName\&quot;: \&quot;string\&quot;,\n        \&quot;programDescription\&quot;: \&quot;MI\&quot;,\n        \&quot;online\&quot;: true\n    },\n    {\n        \&quot;programId\&quot;: 6683,\n        \&quot;programName\&quot;: \&quot;string\&quot;,\n        \&quot;programDescription\&quot;: \&quot;MI\&quot;,\n        \&quot;online\&quot;: true\n    },\n    {\n        \&quot;programId\&quot;: 6684,\n        \&quot;programName\&quot;: \&quot;string\&quot;,\n        \&quot;programDescription\&quot;: \&quot;MI\&quot;,\n        \&quot;online\&quot;: true\n    },\n    {\n        \&quot;programId\&quot;: 6685,\n        \&quot;programName\&quot;: \&quot;string\&quot;,\n        \&quot;programDescription\&quot;: \&quot;MI\&quot;,\n        \&quot;online\&quot;: true\n    },\n    {\n        \&quot;programId\&quot;: 6686,\n        \&quot;programName\&quot;: \&quot;SDET26\&quot;,\n        \&quot;programDescription\&quot;: \&quot;Automation testing\&quot;,\n        \&quot;online\&quot;: true\n    },\n    {\n        \&quot;programId\&quot;: 6687,\n        \&quot;programName\&quot;: \&quot;DS\&quot;,\n        \&quot;programDescription\&quot;: \&quot;data science\&quot;,\n        \&quot;online\&quot;: false\n    },\n    {\n        \&quot;programId\&quot;: 6688,\n        \&quot;programName\&quot;: \&quot;SDET26\&quot;,\n        \&quot;programDescription\&quot;: \&quot;Automation testing\&quot;,\n        \&quot;online\&quot;: true\n    },\n    {\n        \&quot;programId\&quot;: 6689,\n        \&quot;programName\&quot;: \&quot;DS\&quot;,\n        \&quot;programDescription\&quot;: \&quot;data science\&quot;,\n        \&quot;online\&quot;: false\n    },\n    {\n        \&quot;programId\&quot;: 6690,\n        \&quot;programName\&quot;: \&quot;SDET26\&quot;,\n        \&quot;programDescription\&quot;: \&quot;Automation testing\&quot;,\n        \&quot;online\&quot;: true\n    },\n    {\n        \&quot;programId\&quot;: 6691,\n        \&quot;programName\&quot;: \&quot;DS\&quot;,\n        \&quot;programDescription\&quot;: \&quot;data science\&quot;,\n        \&quot;online\&quot;: false\n    },\n    {\n        \&quot;programId\&quot;: 6692,\n        \&quot;programName\&quot;: \&quot;SDET26\&quot;,\n        \&quot;programDescription\&quot;: \&quot;Automation testing\&quot;,\n        \&quot;online\&quot;: true\n    },\n    {\n        \&quot;programId\&quot;: 6693,\n        \&quot;programName\&quot;: \&quot;DS\&quot;,\n        \&quot;programDescription\&quot;: \&quot;data science\&quot;,\n        \&quot;online\&quot;: false\n    },\n    {\n        \&quot;programId\&quot;: 6694,\n        \&quot;programName\&quot;: \&quot;SDET26\&quot;,\n        \&quot;programDescription\&quot;: \&quot;Automation testing\&quot;,\n        \&quot;online\&quot;: true\n    },\n    {\n        \&quot;programId\&quot;: 6695,\n        \&quot;programName\&quot;: \&quot;DS\&quot;,\n        \&quot;programDescription\&quot;: \&quot;data science\&quot;,\n        \&quot;online\&quot;: false\n    },\n    {\n        \&quot;programId\&quot;: 6696,\n        \&quot;programName\&quot;: \&quot;SDET26\&quot;,\n        \&quot;programDescription\&quot;: \&quot;Automation testing\&quot;,\n        \&quot;online\&quot;: true\n    },\n    {\n        \&quot;programId\&quot;: 6697,\n        \&quot;programName\&quot;: \&quot;DS\&quot;,\n        \&quot;programDescription\&quot;: \&quot;data science\&quot;,\n        \&quot;online\&quot;: false\n    },\n    {\n        \&quot;programId\&quot;: 6698,\n        \&quot;programName\&quot;: \&quot;SDET26\&quot;,\n        \&quot;programDescription\&quot;: \&quot;Automation testing\&quot;,\n        \&quot;online\&quot;: true\n    },\n    {\n        \&quot;programId\&quot;: 6699,\n        \&quot;programName\&quot;: \&quot;DS\&quot;,\n        \&quot;programDescription\&quot;: \&quot;data science\&quot;,\n        \&quot;online\&quot;: false\n    },\n    {\n        \&quot;programId\&quot;: 6700,\n        \&quot;programName\&quot;: \&quot;SDET26\&quot;,\n        \&quot;programDescription\&quot;: \&quot;Automation testing\&quot;,\n        \&quot;online\&quot;: true\n    },\n    {\n        \&quot;programId\&quot;: 6701,\n        \&quot;programName\&quot;: \&quot;DS\&quot;,\n        \&quot;programDescription\&quot;: \&quot;data science\&quot;,\n        \&quot;online\&quot;: false\n    },\n    {\n        \&quot;programId\&quot;: 6702,\n        \&quot;programName\&quot;: \&quot;Science Sisterhood \&quot;,\n        \&quot;programDescription\&quot;: \&quot;Science Sisterhood \&quot;,\n        \&quot;online\&quot;: false\n    },\n    {\n        \&quot;programId\&quot;: 6703,\n        \&quot;programName\&quot;: \&quot;Descriptioncase5\&quot;,\n        \&quot;programDescription\&quot;: \&quot;Learning League\&quot;,\n        \&quot;online\&quot;: false\n    },\n    {\n        \&quot;programId\&quot;: 6704,\n        \&quot;programName\&quot;: \&quot;Descriptioncase5\&quot;,\n        \&quot;programDescription\&quot;: \&quot;Coding Camp\&quot;,\n        \&quot;online\&quot;: false\n    },\n    {\n        \&quot;programId\&quot;: 6705,\n        \&quot;programName\&quot;: \&quot;Descriptioncase7\&quot;,\n        \&quot;programDescription\&quot;: \&quot;AI Alliance\&quot;,\n        \&quot;online\&quot;: false\n    },\n    {\n        \&quot;programId\&quot;: 6706,\n        \&quot;programName\&quot;: \&quot;Descriptioncase8\&quot;,\n        \&quot;programDescription\&quot;: \&quot;Code for Good\&quot;,\n        \&quot;online\&quot;: false\n    },\n    {\n        \&quot;programId\&quot;: 6707,\n        \&quot;programName\&quot;: \&quot;Descriptioncase10\&quot;,\n        \&quot;programDescription\&quot;: \&quot;Her Science Lab\&quot;,\n        \&quot;online\&quot;: false\n    },\n    {\n        \&quot;programId\&quot;: 6708,\n        \&quot;programName\&quot;: \&quot;SDET26\&quot;,\n        \&quot;programDescription\&quot;: \&quot;Automation testing\&quot;,\n        \&quot;online\&quot;: true\n    },\n    {\n        \&quot;programId\&quot;: 6709,\n        \&quot;programName\&quot;: \&quot;DS\&quot;,\n        \&quot;programDescription\&quot;: \&quot;data science\&quot;,\n        \&quot;online\&quot;: false\n    },\n    {\n        \&quot;programId\&quot;: 6710,\n        \&quot;programName\&quot;: \&quot;SDET26\&quot;,\n        \&quot;programDescription\&quot;: \&quot;Automation testing\&quot;,\n        \&quot;online\&quot;: true\n    },\n    {\n        \&quot;programId\&quot;: 6711,\n        \&quot;programName\&quot;: \&quot;DS\&quot;,\n        \&quot;programDescription\&quot;: \&quot;data science\&quot;,\n        \&quot;online\&quot;: false\n    },\n    {\n        \&quot;programId\&quot;: 6712,\n        \&quot;programName\&quot;: \&quot;SDET26\&quot;,\n        \&quot;programDescription\&quot;: \&quot;Automation testing\&quot;,\n        \&quot;online\&quot;: true\n    },\n    {\n        \&quot;programId\&quot;: 6713,\n        \&quot;programName\&quot;: \&quot;DS\&quot;,\n        \&quot;programDescription\&quot;: \&quot;data science\&quot;,\n        \&quot;online\&quot;: false\n    },\n    {\n        \&quot;programId\&quot;: 6714,\n        \&quot;programName\&quot;: \&quot;SDET26\&quot;,\n        \&quot;programDescription\&quot;: \&quot;Automation testing\&quot;,\n        \&quot;online\&quot;: true\n    },\n    {\n        \&quot;programId\&quot;: 6715,\n        \&quot;programName\&quot;: \&quot;DS\&quot;,\n        \&quot;programDescription\&quot;: \&quot;data science\&quot;,\n        \&quot;online\&quot;: false\n    },\n    {\n        \&quot;programId\&quot;: 6716,\n        \&quot;programName\&quot;: \&quot;SDET26\&quot;,\n        \&quot;programDescription\&quot;: \&quot;Automation testing\&quot;,\n        \&quot;online\&quot;: true\n    },\n    {\n        \&quot;programId\&quot;: 6717,\n        \&quot;programName\&quot;: \&quot;DS\&quot;,\n        \&quot;programDescription\&quot;: \&quot;data science\&quot;,\n        \&quot;online\&quot;: false\n    },\n    {\n        \&quot;programId\&quot;: 6718,\n        \&quot;programName\&quot;: \&quot;SDET26\&quot;,\n        \&quot;programDescription\&quot;: \&quot;Automation testing\&quot;,\n        \&quot;online\&quot;: true\n    },\n    {\n        \&quot;programId\&quot;: 6719,\n        \&quot;programName\&quot;: \&quot;DS\&quot;,\n        \&quot;programDescription\&quot;: \&quot;data science\&quot;,\n        \&quot;online\&quot;: false\n    },\n    {\n        \&quot;programId\&quot;: 6720,\n        \&quot;programName\&quot;: \&quot;SDET26\&quot;,\n        \&quot;programDescription\&quot;: \&quot;Automation testing\&quot;,\n        \&quot;online\&quot;: true\n    },\n    {\n        \&quot;programId\&quot;: 6721,\n        \&quot;programName\&quot;: \&quot;DS\&quot;,\n        \&quot;programDescription\&quot;: \&quot;data science\&quot;,\n        \&quot;online\&quot;: false\n    },\n    {\n        \&quot;programId\&quot;: 6722,\n        \&quot;programName\&quot;: \&quot;SDET26\&quot;,\n        \&quot;programDescription\&quot;: \&quot;Automation testing\&quot;,\n        \&quot;online\&quot;: true\n    },\n    {\n        \&quot;programId\&quot;: 6723,\n        \&quot;programName\&quot;: \&quot;DS\&quot;,\n        \&quot;programDescription\&quot;: \&quot;data science\&quot;,\n        \&quot;online\&quot;: false\n    },\n    {\n        \&quot;programId\&quot;: 6724,\n        \&quot;programName\&quot;: \&quot;SDET26\&quot;,\n        \&quot;programDescription\&quot;: \&quot;Automation testing\&quot;,\n        \&quot;online\&quot;: true\n    },\n    {\n        \&quot;programId\&quot;: 6725,\n        \&quot;programName\&quot;: \&quot;DS\&quot;,\n        \&quot;programDescription\&quot;: \&quot;data science\&quot;,\n        \&quot;online\&quot;: false\n    },\n    {\n        \&quot;programId\&quot;: 6726,\n        \&quot;programName\&quot;: \&quot;SDET26\&quot;,\n        \&quot;programDescription\&quot;: \&quot;Automation testing\&quot;,\n        \&quot;online\&quot;: true\n    },\n    {\n        \&quot;programId\&quot;: 6727,\n        \&quot;programName\&quot;: \&quot;DS\&quot;,\n        \&quot;programDescription\&quot;: \&quot;data science\&quot;,\n        \&quot;online\&quot;: false\n    },\n    {\n        \&quot;programId\&quot;: 6728,\n        \&quot;programName\&quot;: \&quot;SDET26\&quot;,\n        \&quot;programDescription\&quot;: \&quot;Automation testing\&quot;,\n        \&quot;online\&quot;: true\n    },\n    {\n        \&quot;programId\&quot;: 6729,\n        \&quot;programName\&quot;: \&quot;DS\&quot;,\n        \&quot;programDescription\&quot;: \&quot;data science\&quot;,\n        \&quot;online\&quot;: false\n    },\n    {\n        \&quot;programId\&quot;: 6730,\n        \&quot;programName\&quot;: \&quot;SDET26\&quot;,\n        \&quot;programDescription\&quot;: \&quot;Automation testing\&quot;,\n        \&quot;online\&quot;: true\n    },\n    {\n        \&quot;programId\&quot;: 6731,\n        \&quot;programName\&quot;: \&quot;DS\&quot;,\n        \&quot;programDescription\&quot;: \&quot;data science\&quot;,\n        \&quot;online\&quot;: false\n    },\n    {\n        \&quot;programId\&quot;: 6732,\n        \&quot;programName\&quot;: \&quot;SDET26\&quot;,\n        \&quot;programDescription\&quot;: \&quot;Automation testing\&quot;,\n        \&quot;online\&quot;: true\n    },\n    {\n        \&quot;programId\&quot;: 6733,\n        \&quot;programName\&quot;: \&quot;DS\&quot;,\n        \&quot;programDescription\&quot;: \&quot;data science\&quot;,\n        \&quot;online\&quot;: false\n    },\n    {\n        \&quot;programId\&quot;: 6734,\n        \&quot;programName\&quot;: \&quot;SDET26\&quot;,\n        \&quot;programDescription\&quot;: \&quot;Automation testing\&quot;,\n        \&quot;online\&quot;: true\n    },\n    {\n        \&quot;programId\&quot;: 6735,\n        \&quot;programName\&quot;: \&quot;DS\&quot;,\n        \&quot;programDescription\&quot;: \&quot;data science\&quot;,\n        \&quot;online\&quot;: false\n    },\n    {\n        \&quot;programId\&quot;: 6736,\n        \&quot;programName\&quot;: \&quot;SDET26\&quot;,\n        \&quot;programDescription\&quot;: \&quot;Automation testing\&quot;,\n        \&quot;online\&quot;: true\n    },\n    {\n        \&quot;programId\&quot;: 6737,\n        \&quot;programName\&quot;: \&quot;DS\&quot;,\n        \&quot;programDescription\&quot;: \&quot;data science\&quot;,\n        \&quot;online\&quot;: false\n    },\n    {\n        \&quot;programId\&quot;: 6738,\n        \&quot;programName\&quot;: \&quot;SDET26\&quot;,\n        \&quot;programDescription\&quot;: \&quot;Automation testing\&quot;,\n        \&quot;online\&quot;: true\n    },\n    {\n        \&quot;programId\&quot;: 6739,\n        \&quot;programName\&quot;: \&quot;DS\&quot;,\n        \&quot;programDescription\&quot;: \&quot;data science\&quot;,\n        \&quot;online\&quot;: false\n    },\n    {\n        \&quot;programId\&quot;: 6740,\n        \&quot;programName\&quot;: \&quot;SDET26\&quot;,\n        \&quot;programDescription\&quot;: \&quot;Automation testing\&quot;,\n        \&quot;online\&quot;: true\n    },\n    {\n        \&quot;programId\&quot;: 6741,\n        \&quot;programName\&quot;: \&quot;DS\&quot;,\n        \&quot;programDescription\&quot;: \&quot;data science\&quot;,\n        \&quot;online\&quot;: false\n    },\n    {\n        \&quot;programId\&quot;: 6742,\n        \&quot;programName\&quot;: \&quot;SDET26\&quot;,\n        \&quot;programDescription\&quot;: \&quot;Automation testing\&quot;,\n        \&quot;online\&quot;: true\n    },\n    {\n        \&quot;programId\&quot;: 6743,\n        \&quot;programName\&quot;: \&quot;DS\&quot;,\n        \&quot;programDescription\&quot;: \&quot;data science\&quot;,\n        \&quot;online\&quot;: false\n    },\n    {\n        \&quot;programId\&quot;: 6744,\n        \&quot;programName\&quot;: \&quot;SDET26\&quot;,\n        \&quot;programDescription\&quot;: \&quot;Automation testing\&quot;,\n        \&quot;online\&quot;: true\n    },\n    {\n        \&quot;programId\&quot;: 6745,\n        \&quot;programName\&quot;: \&quot;DS\&quot;,\n        \&quot;programDescription\&quot;: \&quot;data science\&quot;,\n        \&quot;online\&quot;: false\n    },\n    {\n        \&quot;programId\&quot;: 6746,\n        \&quot;programName\&quot;: \&quot;SDET26\&quot;,\n        \&quot;programDescription\&quot;: \&quot;Automation testing\&quot;,\n        \&quot;online\&quot;: true\n    },\n    {\n        \&quot;programId\&quot;: 6747,\n        \&quot;programName\&quot;: \&quot;DS\&quot;,\n        \&quot;programDescription\&quot;: \&quot;data science\&quot;,\n        \&quot;online\&quot;: false\n    },\n    {\n        \&quot;programId\&quot;: 6748,\n        \&quot;programName\&quot;: \&quot;SDET26\&quot;,\n        \&quot;programDescription\&quot;: \&quot;Automation testing\&quot;,\n        \&quot;online\&quot;: true\n    },\n    {\n        \&quot;programId\&quot;: 6749,\n        \&quot;programName\&quot;: \&quot;DS\&quot;,\n        \&quot;programDescription\&quot;: \&quot;data science\&quot;,\n        \&quot;online\&quot;: false\n    },\n    {\n        \&quot;programId\&quot;: 6750,\n        \&quot;programName\&quot;: \&quot;SDET26\&quot;,\n        \&quot;programDescription\&quot;: \&quot;Automation testing\&quot;,\n        \&quot;online\&quot;: true\n    },\n    {\n        \&quot;programId\&quot;: 6751,\n        \&quot;programName\&quot;: \&quot;DS\&quot;,\n        \&quot;programDescription\&quot;: \&quot;data science\&quot;,\n        \&quot;online\&quot;: false\n    },\n    {\n        \&quot;programId\&quot;: 6752,\n        \&quot;programName\&quot;: \&quot;SDET26\&quot;,\n        \&quot;programDescription\&quot;: \&quot;Automation testing\&quot;,\n        \&quot;online\&quot;: true\n    },\n    {\n        \&quot;programId\&quot;: 6753,\n        \&quot;programName\&quot;: \&quot;DS\&quot;,\n        \&quot;programDescription\&quot;: \&quot;data science\&quot;,\n        \&quot;online\&quot;: false\n    },\n    {\n        \&quot;programId\&quot;: 6754,\n        \&quot;programName\&quot;: \&quot;SDET26\&quot;,\n        \&quot;programDescription\&quot;: \&quot;Automation testing\&quot;,\n        \&quot;online\&quot;: true\n    },\n    {\n        \&quot;programId\&quot;: 6755,\n        \&quot;programName\&quot;: \&quot;DS\&quot;,\n        \&quot;programDescription\&quot;: \&quot;data science\&quot;,\n        \&quot;online\&quot;: false\n    },\n    {\n        \&quot;programId\&quot;: 6756,\n        \&quot;programName\&quot;: \&quot;SDET26\&quot;,\n        \&quot;programDescription\&quot;: \&quot;Automation testing\&quot;,\n        \&quot;online\&quot;: true\n    },\n    {\n        \&quot;programId\&quot;: 6757,\n        \&quot;programName\&quot;: \&quot;DS\&quot;,\n        \&quot;programDescription\&quot;: \&quot;data science\&quot;,\n        \&quot;online\&quot;: false\n    },\n    {\n        \&quot;programId\&quot;: 6758,\n        \&quot;programName\&quot;: \&quot;SDET26\&quot;,\n        \&quot;programDescription\&quot;: \&quot;Automation testing\&quot;,\n        \&quot;online\&quot;: true\n    },\n    {\n        \&quot;programId\&quot;: 6759,\n        \&quot;programName\&quot;: \&quot;DS\&quot;,\n        \&quot;programDescription\&quot;: \&quot;data science\&quot;,\n        \&quot;online\&quot;: false\n    },\n    {\n        \&quot;programId\&quot;: 6760,\n        \&quot;programName\&quot;: \&quot;SDET26\&quot;,\n        \&quot;programDescription\&quot;: \&quot;Automation testing\&quot;,\n        \&quot;online\&quot;: true\n    },\n    {\n        \&quot;programId\&quot;: 6761,\n        \&quot;programName\&quot;: \&quot;DS\&quot;,\n        \&quot;programDescription\&quot;: \&quot;data science\&quot;,\n        \&quot;online\&quot;: false\n    },\n    {\n        \&quot;programId\&quot;: 6762,\n        \&quot;programName\&quot;: \&quot;SDET26\&quot;,\n        \&quot;programDescription\&quot;: \&quot;Automation testing\&quot;,\n        \&quot;online\&quot;: true\n    },\n    {\n        \&quot;programId\&quot;: 6763,\n        \&quot;programName\&quot;: \&quot;DS\&quot;,\n        \&quot;programDescription\&quot;: \&quot;data science\&quot;,\n        \&quot;online\&quot;: false\n    },\n    {\n        \&quot;programId\&quot;: 6764,\n        \&quot;programName\&quot;: \&quot;SDET26\&quot;,\n        \&quot;programDescription\&quot;: \&quot;Automation testing\&quot;,\n        \&quot;online\&quot;: true\n    },\n    {\n        \&quot;programId\&quot;: 6765,\n        \&quot;programName\&quot;: \&quot;DS\&quot;,\n        \&quot;programDescription\&quot;: \&quot;data science\&quot;,\n        \&quot;online\&quot;: false\n    },\n    {\n        \&quot;programId\&quot;: 6766,\n        \&quot;programName\&quot;: \&quot;SDET26\&quot;,\n        \&quot;programDescription\&quot;: \&quot;Automation testing\&quot;,\n        \&quot;online\&quot;: true\n    },\n    {\n        \&quot;programId\&quot;: 6767,\n        \&quot;programName\&quot;: \&quot;DS\&quot;,\n        \&quot;programDescription\&quot;: \&quot;data science\&quot;,\n        \&quot;online\&quot;: false\n    },\n    {\n        \&quot;programId\&quot;: 6768,\n        \&quot;programName\&quot;: \&quot;SDET26\&quot;,\n        \&quot;programDescription\&quot;: \&quot;Automation testing\&quot;,\n        \&quot;online\&quot;: true\n    },\n    {\n        \&quot;programId\&quot;: 6769,\n        \&quot;programName\&quot;: \&quot;DS\&quot;,\n        \&quot;programDescription\&quot;: \&quot;data science\&quot;,\n        \&quot;online\&quot;: false\n    },\n    {\n        \&quot;programId\&quot;: 6770,\n        \&quot;programName\&quot;: \&quot;SDET26\&quot;,\n        \&quot;programDescription\&quot;: \&quot;Automation testing\&quot;,\n        \&quot;online\&quot;: true\n    },\n    {\n        \&quot;programId\&quot;: 6771,\n        \&quot;programName\&quot;: \&quot;DS\&quot;,\n        \&quot;programDescription\&quot;: \&quot;data science\&quot;,\n        \&quot;online\&quot;: false\n    },\n    {\n        \&quot;programId\&quot;: 6772,\n        \&quot;programName\&quot;: \&quot;SDET26\&quot;,\n        \&quot;programDescription\&quot;: \&quot;Automation testing\&quot;,\n        \&quot;online\&quot;: true\n    },\n    {\n        \&quot;programId\&quot;: 6773,\n        \&quot;programName\&quot;: \&quot;DS\&quot;,\n        \&quot;programDescription\&quot;: \&quot;data science\&quot;,\n        \&quot;online\&quot;: false\n    },\n    {\n        \&quot;programId\&quot;: 6774,\n        \&quot;programName\&quot;: \&quot;SDET26\&quot;,\n        \&quot;programDescription\&quot;: \&quot;Automation testing\&quot;,\n        \&quot;online\&quot;: true\n    },\n    {\n        \&quot;programId\&quot;: 6775,\n        \&quot;programName\&quot;: \&quot;DS\&quot;,\n        \&quot;programDescription\&quot;: \&quot;data science\&quot;,\n        \&quot;online\&quot;: false\n    },\n    {\n        \&quot;programId\&quot;: 6776,\n        \&quot;programName\&quot;: \&quot;SDET26\&quot;,\n        \&quot;programDescription\&quot;: \&quot;Automation testing\&quot;,\n        \&quot;online\&quot;: true\n    },\n    {\n        \&quot;programId\&quot;: 6777,\n        \&quot;programName\&quot;: \&quot;DS\&quot;,\n        \&quot;programDescription\&quot;: \&quot;data science\&quot;,\n        \&quot;online\&quot;: false\n    },\n    {\n        \&quot;programId\&quot;: 6778,\n        \&quot;programName\&quot;: \&quot;SDET26\&quot;,\n        \&quot;programDescription\&quot;: \&quot;Automation testing\&quot;,\n        \&quot;online\&quot;: true\n    },\n    {\n        \&quot;programId\&quot;: 6779,\n        \&quot;programName\&quot;: \&quot;DS\&quot;,\n        \&quot;programDescription\&quot;: \&quot;data science\&quot;,\n        \&quot;online\&quot;: false\n    },\n    {\n        \&quot;programId\&quot;: 6780,\n        \&quot;programName\&quot;: \&quot;SDET26\&quot;,\n        \&quot;programDescription\&quot;: \&quot;Automation testing\&quot;,\n        \&quot;online\&quot;: true\n    },\n    {\n        \&quot;programId\&quot;: 6781,\n        \&quot;programName\&quot;: \&quot;DS\&quot;,\n        \&quot;programDescription\&quot;: \&quot;data science\&quot;,\n        \&quot;online\&quot;: false\n    },\n    {\n        \&quot;programId\&quot;: 6782,\n        \&quot;programName\&quot;: \&quot;SDET26\&quot;,\n        \&quot;programDescription\&quot;: \&quot;Automation testing\&quot;,\n        \&quot;online\&quot;: true\n    },\n    {\n        \&quot;programId\&quot;: 6783,\n        \&quot;programName\&quot;: \&quot;DS\&quot;,\n        \&quot;programDescription\&quot;: \&quot;data science\&quot;,\n        \&quot;online\&quot;: false\n    },\n    {\n        \&quot;programId\&quot;: 6784,\n        \&quot;programName\&quot;: \&quot;SDET26\&quot;,\n        \&quot;programDescription\&quot;: \&quot;Automation testing\&quot;,\n        \&quot;online\&quot;: true\n    },\n    {\n        \&quot;programId\&quot;: 6785,\n        \&quot;programName\&quot;: \&quot;DS\&quot;,\n        \&quot;programDescription\&quot;: \&quot;data science\&quot;,\n        \&quot;online\&quot;: false\n    },\n    {\n        \&quot;programId\&quot;: 6786,\n        \&quot;programName\&quot;: \&quot;SDET26\&quot;,\n        \&quot;programDescription\&quot;: \&quot;Automation testing\&quot;,\n        \&quot;online\&quot;: true\n    },\n    {\n        \&quot;programId\&quot;: 6787,\n        \&quot;programName\&quot;: \&quot;DS\&quot;,\n        \&quot;programDescription\&quot;: \&quot;data science\&quot;,\n        \&quot;online\&quot;: false\n    },\n    {\n        \&quot;programId\&quot;: 6788,\n        \&quot;programName\&quot;: \&quot;SDET26\&quot;,\n        \&quot;programDescription\&quot;: \&quot;Automation testing\&quot;,\n        \&quot;online\&quot;: true\n    },\n    {\n        \&quot;programId\&quot;: 6789,\n        \&quot;programName\&quot;: \&quot;DS\&quot;,\n        \&quot;programDescription\&quot;: \&quot;data science\&quot;,\n        \&quot;online\&quot;: false\n    },\n    {\n        \&quot;programId\&quot;: 6790,\n        \&quot;programName\&quot;: \&quot;SDET26\&quot;,\n        \&quot;programDescription\&quot;: \&quot;Automation testing\&quot;,\n        \&quot;online\&quot;: true\n    },\n    {\n        \&quot;programId\&quot;: 6791,\n        \&quot;programName\&quot;: \&quot;DS\&quot;,\n        \&quot;programDescription\&quot;: \&quot;data science\&quot;,\n        \&quot;online\&quot;: false\n    },\n    {\n        \&quot;programId\&quot;: 6792,\n        \&quot;programName\&quot;: \&quot;Science Sisterhood \&quot;,\n        \&quot;programDescription\&quot;: \&quot;Science Sisterhood \&quot;,\n        \&quot;online\&quot;: false\n    },\n    {\n        \&quot;programId\&quot;: 6793,\n        \&quot;programName\&quot;: \&quot;Descriptioncase5\&quot;,\n        \&quot;programDescription\&quot;: \&quot;Learning League\&quot;,\n        \&quot;online\&quot;: false\n    },\n    {\n        \&quot;programId\&quot;: 6794,\n        \&quot;programName\&quot;: \&quot;Descriptioncase5\&quot;,\n        \&quot;programDescription\&quot;: \&quot;Coding Camp\&quot;,\n        \&quot;online\&quot;: false\n    },\n    {\n        \&quot;programId\&quot;: 6795,\n        \&quot;programName\&quot;: \&quot;Descriptioncase7\&quot;,\n        \&quot;programDescription\&quot;: \&quot;AI Alliance\&quot;,\n        \&quot;online\&quot;: false\n    },\n    {\n        \&quot;programId\&quot;: 6796,\n        \&quot;programName\&quot;: \&quot;Descriptioncase8\&quot;,\n        \&quot;programDescription\&quot;: \&quot;Code for Good\&quot;,\n        \&quot;online\&quot;: false\n    },\n    {\n        \&quot;programId\&quot;: 6797,\n        \&quot;programName\&quot;: \&quot;Descriptioncase10\&quot;,\n        \&quot;programDescription\&quot;: \&quot;Her Science Lab\&quot;,\n        \&quot;online\&quot;: false\n    },\n    {\n        \&quot;programId\&quot;: 6798,\n        \&quot;programName\&quot;: \&quot;Science Sisterhood \&quot;,\n        \&quot;programDescription\&quot;: \&quot;Science Sisterhood \&quot;,\n        \&quot;online\&quot;: false\n    },\n    {\n        \&quot;programId\&quot;: 6799,\n        \&quot;programName\&quot;: \&quot;Descriptioncase5\&quot;,\n        \&quot;programDescription\&quot;: \&quot;Learning League\&quot;,\n        \&quot;online\&quot;: false\n    },\n    {\n        \&quot;programId\&quot;: 6800,\n        \&quot;programName\&quot;: \&quot;Descriptioncase5\&quot;,\n        \&quot;programDescription\&quot;: \&quot;Coding Camp\&quot;,\n        \&quot;online\&quot;: false\n    },\n    {\n        \&quot;programId\&quot;: 6801,\n        \&quot;programName\&quot;: \&quot;Descriptioncase7\&quot;,\n        \&quot;programDescription\&quot;: \&quot;AI Alliance\&quot;,\n        \&quot;online\&quot;: false\n    },\n    {\n        \&quot;programId\&quot;: 6802,\n        \&quot;programName\&quot;: \&quot;Descriptioncase8\&quot;,\n        \&quot;programDescription\&quot;: \&quot;Code for Good\&quot;,\n        \&quot;online\&quot;: false\n    },\n    {\n        \&quot;programId\&quot;: 6804,\n        \&quot;programName\&quot;: \&quot;SDET26\&quot;,\n        \&quot;programDescription\&quot;: \&quot;Automation testing\&quot;,\n        \&quot;online\&quot;: true\n    },\n    {\n        \&quot;programId\&quot;: 9301,\n        \&quot;programName\&quot;: \&quot;TestingModified\&quot;,\n        \&quot;programDescription\&quot;: \&quot;TestingModified\&quot;,\n        \&quot;online\&quot;: true\n    },\n    {\n        \&quot;programId\&quot;: 6806,\n        \&quot;programName\&quot;: \&quot;SDET26\&quot;,\n        \&quot;programDescription\&quot;: \&quot;Automation testing\&quot;,\n        \&quot;online\&quot;: true\n    },\n    {\n        \&quot;programId\&quot;: 6807,\n        \&quot;programName\&quot;: \&quot;SDET26\&quot;,\n        \&quot;programDescription\&quot;: \&quot;Automation testing\&quot;,\n        \&quot;online\&quot;: true\n    },\n    {\n        \&quot;programId\&quot;: 6808,\n        \&quot;programName\&quot;: \&quot;DS\&quot;,\n        \&quot;programDescription\&quot;: \&quot;data science\&quot;,\n        \&quot;online\&quot;: false\n    },\n    {\n        \&quot;programId\&quot;: 9322,\n        \&quot;programName\&quot;: \&quot;BUISNESS ANALYST\&quot;,\n        \&quot;programDescription\&quot;: \&quot;Basics of java\&quot;,\n        \&quot;online\&quot;: true\n    },\n    {\n        \&quot;programId\&quot;: 6809,\n        \&quot;programName\&quot;: \&quot;SDET26\&quot;,\n        \&quot;programDescription\&quot;: \&quot;Automation testing\&quot;,\n        \&quot;online\&quot;: true\n    },\n    {\n        \&quot;programId\&quot;: 6810,\n        \&quot;programName\&quot;: \&quot;DS\&quot;,\n        \&quot;programDescription\&quot;: \&quot;data science\&quot;,\n        \&quot;online\&quot;: false\n    },\n    {\n        \&quot;programId\&quot;: 6811,\n        \&quot;programName\&quot;: \&quot;SDET26\&quot;,\n        \&quot;programDescription\&quot;: \&quot;Automation testing\&quot;,\n        \&quot;online\&quot;: true\n    },\n    {\n        \&quot;programId\&quot;: 6812,\n        \&quot;programName\&quot;: \&quot;SDET26\&quot;,\n        \&quot;programDescription\&quot;: \&quot;Automation testing\&quot;,\n        \&quot;online\&quot;: true\n    },\n    {\n        \&quot;programId\&quot;: 6813,\n        \&quot;programName\&quot;: \&quot;DS\&quot;,\n        \&quot;programDescription\&quot;: \&quot;data science\&quot;,\n        \&quot;online\&quot;: false\n    },\n    {\n        \&quot;programId\&quot;: 6814,\n        \&quot;programName\&quot;: \&quot;SDET26\&quot;,\n        \&quot;programDescription\&quot;: \&quot;Automation testing\&quot;,\n        \&quot;online\&quot;: true\n    },\n    {\n        \&quot;programId\&quot;: 6815,\n        \&quot;programName\&quot;: \&quot;DS\&quot;,\n        \&quot;programDescription\&quot;: \&quot;data science\&quot;,\n        \&quot;online\&quot;: false\n    },\n    {\n        \&quot;programId\&quot;: 6820,\n        \&quot;programName\&quot;: \&quot;\\\&quot;API Testing\\\&quot;\&quot;,\n        \&quot;programDescription\&quot;: \&quot;\\\&quot;RestAssured\\\&quot;\&quot;,\n        \&quot;online\&quot;: false\n    },\n    {\n        \&quot;programId\&quot;: 6821,\n        \&quot;programName\&quot;: \&quot;\\\&quot;Framework\\\&quot;\&quot;,\n        \&quot;programDescription\&quot;: \&quot;\\\&quot;Cucumber\\\&quot;\&quot;,\n        \&quot;online\&quot;: false\n    },\n    {\n        \&quot;programId\&quot;: 6823,\n        \&quot;programName\&quot;: \&quot;\\\&quot;Programming\\\&quot;\&quot;,\n        \&quot;programDescription\&quot;: \&quot;\\\&quot;Java\\\&quot;\&quot;,\n        \&quot;online\&quot;: false\n    },\n    {\n        \&quot;programId\&quot;: 6824,\n        \&quot;programName\&quot;: \&quot;Automation Testing \&quot;,\n        \&quot;programDescription\&quot;: \&quot;RestAssured\&quot;,\n        \&quot;online\&quot;: true\n    },\n    {\n        \&quot;programId\&quot;: 6825,\n        \&quot;programName\&quot;: \&quot;SDET26\&quot;,\n        \&quot;programDescription\&quot;: \&quot;Automation testing\&quot;,\n        \&quot;online\&quot;: true\n    },\n    {\n        \&quot;programId\&quot;: 6826,\n        \&quot;programName\&quot;: \&quot;\\\&quot;API Testing\\\&quot;\&quot;,\n        \&quot;programDescription\&quot;: \&quot;\\\&quot;RestAssured\\\&quot;\&quot;,\n        \&quot;online\&quot;: false\n    },\n    {\n        \&quot;programId\&quot;: 6827,\n        \&quot;programName\&quot;: \&quot;\\\&quot;Framework\\\&quot;\&quot;,\n        \&quot;programDescription\&quot;: \&quot;\\\&quot;Cucumber\\\&quot;\&quot;,\n        \&quot;online\&quot;: false\n    },\n    {\n        \&quot;programId\&quot;: 6829,\n        \&quot;programName\&quot;: \&quot;\\\&quot;Programming\\\&quot;\&quot;,\n        \&quot;programDescription\&quot;: \&quot;\\\&quot;Java\\\&quot;\&quot;,\n        \&quot;online\&quot;: false\n    },\n    {\n        \&quot;programId\&quot;: 6830,\n        \&quot;programName\&quot;: \&quot;Automation Testing \&quot;,\n        \&quot;programDescription\&quot;: \&quot;RestAssured\&quot;,\n        \&quot;online\&quot;: true\n    },\n    {\n        \&quot;programId\&quot;: 6831,\n        \&quot;programName\&quot;: \&quot;SDET26\&quot;,\n        \&quot;programDescription\&quot;: \&quot;Automation testing\&quot;,\n        \&quot;online\&quot;: true\n    },\n    {\n        \&quot;programId\&quot;: 6832,\n        \&quot;programName\&quot;: \&quot;DS\&quot;,\n        \&quot;programDescription\&quot;: \&quot;data science\&quot;,\n        \&quot;online\&quot;: false\n    },\n    {\n        \&quot;programId\&quot;: 6833,\n        \&quot;programName\&quot;: \&quot;SDET26\&quot;,\n        \&quot;programDescription\&quot;: \&quot;Automation testing\&quot;,\n        \&quot;online\&quot;: true\n    },\n    {\n        \&quot;programId\&quot;: 6834,\n        \&quot;programName\&quot;: \&quot;SDET26\&quot;,\n        \&quot;programDescription\&quot;: \&quot;Automation testing\&quot;,\n        \&quot;online\&quot;: true\n    },\n    {\n        \&quot;programId\&quot;: 6835,\n        \&quot;programName\&quot;: \&quot;DS\&quot;,\n        \&quot;programDescription\&quot;: \&quot;data science\&quot;,\n        \&quot;online\&quot;: false\n    },\n    {\n        \&quot;programId\&quot;: 6836,\n        \&quot;programName\&quot;: \&quot;SDET26\&quot;,\n        \&quot;programDescription\&quot;: \&quot;management\&quot;,\n        \&quot;online\&quot;: true\n    },\n    {\n        \&quot;programId\&quot;: 6837,\n        \&quot;programName\&quot;: \&quot;SDET\&quot;,\n        \&quot;programDescription\&quot;: \&quot;api\&quot;,\n        \&quot;online\&quot;: true\n    },\n    {\n        \&quot;programId\&quot;: 6838,\n        \&quot;programName\&quot;: \&quot;SDET26\&quot;,\n        \&quot;programDescription\&quot;: \&quot;Automation testing\&quot;,\n        \&quot;online\&quot;: true\n    },\n    {\n        \&quot;programId\&quot;: 6839,\n        \&quot;programName\&quot;: \&quot;DS\&quot;,\n        \&quot;programDescription\&quot;: \&quot;data science\&quot;,\n        \&quot;online\&quot;: false\n    },\n    {\n        \&quot;programId\&quot;: 6840,\n        \&quot;programName\&quot;: \&quot;Python\&quot;,\n        \&quot;programDescription\&quot;: \&quot;Python\&quot;,\n        \&quot;online\&quot;: true\n    },\n    {\n        \&quot;programId\&quot;: 6841,\n        \&quot;programName\&quot;: \&quot;Python\&quot;,\n        \&quot;programDescription\&quot;: \&quot;Python\&quot;,\n        \&quot;online\&quot;: true\n    },\n    {\n        \&quot;programId\&quot;: 6842,\n        \&quot;programName\&quot;: \&quot;Java\&quot;,\n        \&quot;programDescription\&quot;: \&quot;Python\&quot;,\n        \&quot;online\&quot;: true\n    },\n    {\n        \&quot;programId\&quot;: 6843,\n        \&quot;programName\&quot;: \&quot;Java\&quot;,\n        \&quot;programDescription\&quot;: \&quot;Python\&quot;,\n        \&quot;online\&quot;: true\n    },\n    {\n        \&quot;programId\&quot;: 6848,\n        \&quot;programName\&quot;: \&quot;Java\&quot;,\n        \&quot;programDescription\&quot;: \&quot;Java Learning\&quot;,\n        \&quot;online\&quot;: true\n    },\n    {\n        \&quot;programId\&quot;: 6849,\n        \&quot;programName\&quot;: \&quot;C#\&quot;,\n        \&quot;programDescription\&quot;: \&quot;C# learning\&quot;,\n        \&quot;online\&quot;: false\n    },\n    {\n        \&quot;programId\&quot;: 6850,\n        \&quot;programName\&quot;: \&quot;Selenium\&quot;,\n        \&quot;programDescription\&quot;: \&quot;Selenium with Java\&quot;,\n        \&quot;online\&quot;: true\n    },\n    {\n        \&quot;programId\&quot;: 6851,\n        \&quot;programName\&quot;: \&quot;DotNet\&quot;,\n        \&quot;programDescription\&quot;: \&quot;DotNet\&quot;,\n        \&quot;online\&quot;: false\n    },\n    {\n        \&quot;programId\&quot;: 6852,\n        \&quot;programName\&quot;: \&quot;SDET26\&quot;,\n        \&quot;programDescription\&quot;: \&quot;Automation testing\&quot;,\n        \&quot;online\&quot;: true\n    },\n    {\n        \&quot;programId\&quot;: 6853,\n        \&quot;programName\&quot;: \&quot;DS\&quot;,\n        \&quot;programDescription\&quot;: \&quot;data science\&quot;,\n        \&quot;online\&quot;: false\n    },\n    {\n        \&quot;programId\&quot;: 6854,\n        \&quot;programName\&quot;: \&quot;SDET26\&quot;,\n        \&quot;programDescription\&quot;: \&quot;Automation testing\&quot;,\n        \&quot;online\&quot;: true\n    },\n    {\n        \&quot;programId\&quot;: 6855,\n        \&quot;programName\&quot;: \&quot;DS\&quot;,\n        \&quot;programDescription\&quot;: \&quot;data science\&quot;,\n        \&quot;online\&quot;: false\n    },\n    {\n        \&quot;programId\&quot;: 6856,\n        \&quot;programName\&quot;: \&quot;SDET26\&quot;,\n        \&quot;programDescription\&quot;: \&quot;Automation testing\&quot;,\n        \&quot;online\&quot;: true\n    },\n    {\n        \&quot;programId\&quot;: 6857,\n        \&quot;programName\&quot;: \&quot;DS\&quot;,\n        \&quot;programDescription\&quot;: \&quot;data science\&quot;,\n        \&quot;online\&quot;: false\n    },\n    {\n        \&quot;programId\&quot;: 9256,\n        \&quot;programName\&quot;: \&quot;\\\&quot;LMS API Testing\\\&quot;\&quot;,\n        \&quot;programDescription\&quot;: \&quot;\\\&quot;SWAGGER\\\&quot;\&quot;,\n        \&quot;online\&quot;: false\n    },\n    {\n        \&quot;programId\&quot;: 9302,\n        \&quot;programName\&quot;: \&quot;TestingModified\&quot;,\n        \&quot;programDescription\&quot;: \&quot;TestingModified\&quot;,\n        \&quot;online\&quot;: true\n    },\n    {\n        \&quot;programId\&quot;: 9303,\n        \&quot;programName\&quot;: \&quot;Testing\&quot;,\n        \&quot;programDescription\&quot;: \&quot;Testing\&quot;,\n        \&quot;online\&quot;: true\n    },\n    {\n        \&quot;programId\&quot;: 931,\n        \&quot;programName\&quot;: \&quot;QA\&quot;,\n        \&quot;programDescription\&quot;: \&quot;BASICS\&quot;,\n        \&quot;online\&quot;: true\n    },\n    {\n        \&quot;programId\&quot;: 9323,\n        \&quot;programName\&quot;: \&quot;QA\&quot;,\n        \&quot;programDescription\&quot;: \&quot;BASICS\&quot;,\n        \&quot;online\&quot;: true\n    },\n    {\n        \&quot;programId\&quot;: 6863,\n        \&quot;programName\&quot;: \&quot;SDET\&quot;,\n        \&quot;programDescription\&quot;: \&quot;api\&quot;,\n        \&quot;online\&quot;: true\n    },\n    {\n        \&quot;programId\&quot;: 6864,\n        \&quot;programName\&quot;: \&quot;batman \&quot;,\n        \&quot;programDescription\&quot;: \&quot;string\&quot;,\n        \&quot;online\&quot;: true\n    },\n    {\n        \&quot;programId\&quot;: 6865,\n        \&quot;programName\&quot;: \&quot;ironman\&quot;,\n        \&quot;programDescription\&quot;: \&quot;string\&quot;,\n        \&quot;online\&quot;: true\n    },\n    {\n        \&quot;programId\&quot;: 6866,\n        \&quot;programName\&quot;: \&quot;java\&quot;,\n        \&quot;programDescription\&quot;: \&quot;core java\&quot;,\n        \&quot;online\&quot;: true\n    },\n    {\n        \&quot;programId\&quot;: 6867,\n        \&quot;programName\&quot;: \&quot;Multipal Digit Testing\&quot;,\n        \&quot;programDescription\&quot;: \&quot;Program ID Testing\&quot;,\n        \&quot;online\&quot;: true\n    },\n    {\n        \&quot;programId\&quot;: 6868,\n        \&quot;programName\&quot;: \&quot;Testing modified from postman\&quot;,\n        \&quot;programDescription\&quot;: \&quot;Testing modified\&quot;,\n        \&quot;online\&quot;: true\n    },\n    {\n        \&quot;programId\&quot;: 6869,\n        \&quot;programName\&quot;: \&quot;Testing modified from postman\&quot;,\n        \&quot;programDescription\&quot;: \&quot;Testing modified\&quot;,\n        \&quot;online\&quot;: true\n    },\n    {\n        \&quot;programId\&quot;: 6870,\n        \&quot;programName\&quot;: \&quot;Testing modified from postman\&quot;,\n        \&quot;programDescription\&quot;: \&quot;Testing modified\&quot;,\n        \&quot;online\&quot;: true\n    },\n    {\n        \&quot;programId\&quot;: 6871,\n        \&quot;programName\&quot;: \&quot;Testing modified from postman\&quot;,\n        \&quot;programDescription\&quot;: \&quot;Testing modified\&quot;,\n        \&quot;online\&quot;: true\n    },\n    {\n        \&quot;programId\&quot;: 6872,\n        \&quot;programName\&quot;: \&quot;Testing modified from postman\&quot;,\n        \&quot;programDescription\&quot;: \&quot;Testing modified\&quot;,\n        \&quot;online\&quot;: true\n    },\n    {\n        \&quot;programId\&quot;: 6873,\n        \&quot;programName\&quot;: \&quot;Testing modified from postman\&quot;,\n        \&quot;programDescription\&quot;: \&quot;Testing modified\&quot;,\n        \&quot;online\&quot;: true\n    },\n    {\n        \&quot;programId\&quot;: 6874,\n        \&quot;programName\&quot;: \&quot;Testing modified from postman\&quot;,\n        \&quot;programDescription\&quot;: \&quot;Testing modified\&quot;,\n        \&quot;online\&quot;: true\n    },\n    {\n        \&quot;programId\&quot;: 6875,\n        \&quot;programName\&quot;: \&quot;Testing modified from postman\&quot;,\n        \&quot;programDescription\&quot;: \&quot;Testing modified\&quot;,\n        \&quot;online\&quot;: true\n    },\n    {\n        \&quot;programId\&quot;: 6876,\n        \&quot;programName\&quot;: \&quot;Testing modified from postman\&quot;,\n        \&quot;programDescription\&quot;: \&quot;Testing modified\&quot;,\n        \&quot;online\&quot;: true\n    },\n    {\n        \&quot;programId\&quot;: 6877,\n        \&quot;programName\&quot;: \&quot;Testing modified from postman\&quot;,\n        \&quot;programDescription\&quot;: \&quot;Testing modified\&quot;,\n        \&quot;online\&quot;: true\n    },\n    {\n        \&quot;programId\&quot;: 6878,\n        \&quot;programName\&quot;: \&quot;batman \&quot;,\n        \&quot;programDescription\&quot;: \&quot;string\&quot;,\n        \&quot;online\&quot;: true\n    },\n    {\n        \&quot;programId\&quot;: 6879,\n        \&quot;programName\&quot;: \&quot;ironman\&quot;,\n        \&quot;programDescription\&quot;: \&quot;string\&quot;,\n        \&quot;online\&quot;: true\n    },\n    {\n        \&quot;programId\&quot;: 6880,\n        \&quot;programName\&quot;: \&quot;java\&quot;,\n        \&quot;programDescription\&quot;: \&quot;core java\&quot;,\n        \&quot;online\&quot;: true\n    },\n    {\n        \&quot;programId\&quot;: 6881,\n        \&quot;programName\&quot;: \&quot;Multipal Digit Testing\&quot;,\n        \&quot;programDescription\&quot;: \&quot;Program ID Testing\&quot;,\n        \&quot;online\&quot;: true\n    },\n    {\n        \&quot;programId\&quot;: 6882,\n        \&quot;programName\&quot;: \&quot;Testing modified from postman\&quot;,\n        \&quot;programDescription\&quot;: \&quot;Testing modified\&quot;,\n        \&quot;online\&quot;: true\n    },\n    {\n        \&quot;programId\&quot;: 6883,\n        \&quot;programName\&quot;: \&quot;Testing modified from postman\&quot;,\n        \&quot;programDescription\&quot;: \&quot;Testing modified\&quot;,\n        \&quot;online\&quot;: true\n    },\n    {\n        \&quot;programId\&quot;: 6884,\n        \&quot;programName\&quot;: \&quot;Testing modified from postman\&quot;,\n        \&quot;programDescription\&quot;: \&quot;Testing modified\&quot;,\n        \&quot;online\&quot;: true\n    },\n    {\n        \&quot;programId\&quot;: 6885,\n        \&quot;programName\&quot;: \&quot;SDET26\&quot;,\n        \&quot;programDescription\&quot;: \&quot;Automation testing\&quot;,\n        \&quot;online\&quot;: true\n    },\n    {\n        \&quot;programId\&quot;: 6888,\n        \&quot;programName\&quot;: \&quot;DS\&quot;,\n        \&quot;programDescription\&quot;: \&quot;data science\&quot;,\n        \&quot;online\&quot;: false\n    },\n    {\n        \&quot;programId\&quot;: 6889,\n        \&quot;programName\&quot;: \&quot;Testing\&quot;,\n        \&quot;programDescription\&quot;: \&quot;Testing\&quot;,\n        \&quot;online\&quot;: true\n    },\n    {\n        \&quot;programId\&quot;: 6890,\n        \&quot;programName\&quot;: \&quot;Java\&quot;,\n        \&quot;programDescription\&quot;: \&quot;Java Learning\&quot;,\n        \&quot;online\&quot;: true\n    },\n    {\n        \&quot;programId\&quot;: 6891,\n        \&quot;programName\&quot;: \&quot;C#\&quot;,\n        \&quot;programDescription\&quot;: \&quot;C# learning\&quot;,\n        \&quot;online\&quot;: false\n    },\n    {\n        \&quot;programId\&quot;: 6892,\n        \&quot;programName\&quot;: \&quot;Selenium\&quot;,\n        \&quot;programDescription\&quot;: \&quot;Selenium with Java\&quot;,\n        \&quot;online\&quot;: true\n    },\n    {\n        \&quot;programId\&quot;: 6893,\n        \&quot;programName\&quot;: \&quot;DotNet\&quot;,\n        \&quot;programDescription\&quot;: \&quot;DotNet\&quot;,\n        \&quot;online\&quot;: false\n    },\n    {\n        \&quot;programId\&quot;: 6899,\n        \&quot;programName\&quot;: \&quot;C#\&quot;,\n        \&quot;programDescription\&quot;: \&quot;C# learning\&quot;,\n        \&quot;online\&quot;: false\n    },\n    {\n        \&quot;programId\&quot;: 6900,\n        \&quot;programName\&quot;: \&quot;Selenium\&quot;,\n        \&quot;programDescription\&quot;: \&quot;Selenium with Java\&quot;,\n        \&quot;online\&quot;: true\n    },\n    {\n        \&quot;programId\&quot;: 6901,\n        \&quot;programName\&quot;: \&quot;DotNet\&quot;,\n        \&quot;programDescription\&quot;: \&quot;DotNet\&quot;,\n        \&quot;online\&quot;: false\n    },\n    {\n        \&quot;programId\&quot;: 6906,\n        \&quot;programName\&quot;: \&quot;Java\&quot;,\n        \&quot;programDescription\&quot;: \&quot;Java Learning\&quot;,\n        \&quot;online\&quot;: true\n    },\n    {\n        \&quot;programId\&quot;: 6907,\n        \&quot;programName\&quot;: \&quot;C#\&quot;,\n        \&quot;programDescription\&quot;: \&quot;C# learning\&quot;,\n        \&quot;online\&quot;: false\n    },\n    {\n        \&quot;programId\&quot;: 6908,\n        \&quot;programName\&quot;: \&quot;Selenium\&quot;,\n        \&quot;programDescription\&quot;: \&quot;Selenium with Java\&quot;,\n        \&quot;online\&quot;: true\n    },\n    {\n        \&quot;programId\&quot;: 6909,\n        \&quot;programName\&quot;: \&quot;DotNet\&quot;,\n        \&quot;programDescription\&quot;: \&quot;DotNet\&quot;,\n        \&quot;online\&quot;: false\n    },\n    {\n        \&quot;programId\&quot;: 6924,\n        \&quot;programName\&quot;: \&quot;Testing\&quot;,\n        \&quot;programDescription\&quot;: null,\n        \&quot;online\&quot;: true\n    },\n    {\n        \&quot;programId\&quot;: 6925,\n        \&quot;programName\&quot;: \&quot;Selenium\&quot;,\n        \&quot;programDescription\&quot;: \&quot;Selenium with Java\&quot;,\n        \&quot;online\&quot;: true\n    },\n    {\n        \&quot;programId\&quot;: 6926,\n        \&quot;programName\&quot;: \&quot;DotNet\&quot;,\n        \&quot;programDescription\&quot;: \&quot;DotNet\&quot;,\n        \&quot;online\&quot;: false\n    },\n    {\n        \&quot;programId\&quot;: 6931,\n        \&quot;programName\&quot;: \&quot;Java\&quot;,\n        \&quot;programDescription\&quot;: \&quot;Java Learning\&quot;,\n        \&quot;online\&quot;: true\n    },\n    {\n        \&quot;programId\&quot;: 6932,\n        \&quot;programName\&quot;: \&quot;C#\&quot;,\n        \&quot;programDescription\&quot;: \&quot;C# learning\&quot;,\n        \&quot;online\&quot;: false\n    },\n    {\n        \&quot;programId\&quot;: 6933,\n        \&quot;programName\&quot;: \&quot;Selenium\&quot;,\n        \&quot;programDescription\&quot;: \&quot;Selenium with Java\&quot;,\n        \&quot;online\&quot;: true\n    },\n    {\n        \&quot;programId\&quot;: 6934,\n        \&quot;programName\&quot;: \&quot;DotNet\&quot;,\n        \&quot;programDescription\&quot;: \&quot;DotNet\&quot;,\n        \&quot;online\&quot;: false\n    },\n    {\n        \&quot;programId\&quot;: 6939,\n        \&quot;programName\&quot;: \&quot;Java\&quot;,\n        \&quot;programDescription\&quot;: \&quot;Java Learning\&quot;,\n        \&quot;online\&quot;: true\n    },\n    {\n        \&quot;programId\&quot;: 6940,\n        \&quot;programName\&quot;: \&quot;C#\&quot;,\n        \&quot;programDescription\&quot;: \&quot;C# learning\&quot;,\n        \&quot;online\&quot;: false\n    },\n    {\n        \&quot;programId\&quot;: 6941,\n        \&quot;programName\&quot;: \&quot;Selenium\&quot;,\n        \&quot;programDescription\&quot;: \&quot;Selenium with Java\&quot;,\n        \&quot;online\&quot;: true\n    },\n    {\n        \&quot;programId\&quot;: 6942,\n        \&quot;programName\&quot;: \&quot;DotNet\&quot;,\n        \&quot;programDescription\&quot;: \&quot;DotNet\&quot;,\n        \&quot;online\&quot;: false\n    },\n    {\n        \&quot;programId\&quot;: 6947,\n        \&quot;programName\&quot;: \&quot;Java\&quot;,\n        \&quot;programDescription\&quot;: \&quot;Java Learning\&quot;,\n        \&quot;online\&quot;: true\n    },\n    {\n        \&quot;programId\&quot;: 6948,\n        \&quot;programName\&quot;: \&quot;C#\&quot;,\n        \&quot;programDescription\&quot;: \&quot;C# learning\&quot;,\n        \&quot;online\&quot;: false\n    },\n    {\n        \&quot;programId\&quot;: 6949,\n        \&quot;programName\&quot;: \&quot;Selenium\&quot;,\n        \&quot;programDescription\&quot;: \&quot;Selenium with Java\&quot;,\n        \&quot;online\&quot;: true\n    },\n    {\n        \&quot;programId\&quot;: 6950,\n        \&quot;programName\&quot;: \&quot;DotNet\&quot;,\n        \&quot;programDescription\&quot;: \&quot;DotNet\&quot;,\n        \&quot;online\&quot;: false\n    },\n    {\n        \&quot;programId\&quot;: 6955,\n        \&quot;programName\&quot;: \&quot;Science Sisterhood \&quot;,\n        \&quot;programDescription\&quot;: \&quot;Science Sisterhood \&quot;,\n        \&quot;online\&quot;: false\n    },\n    {\n        \&quot;programId\&quot;: 6956,\n        \&quot;programName\&quot;: \&quot;Descriptioncase5\&quot;,\n        \&quot;programDescription\&quot;: \&quot;Learning League\&quot;,\n        \&quot;online\&quot;: false\n    },\n    {\n        \&quot;programId\&quot;: 6957,\n        \&quot;programName\&quot;: \&quot;Descriptioncase5\&quot;,\n        \&quot;programDescription\&quot;: \&quot;Coding Camp\&quot;,\n        \&quot;online\&quot;: false\n    },\n    {\n        \&quot;programId\&quot;: 6958,\n        \&quot;programName\&quot;: \&quot;Descriptioncase7\&quot;,\n        \&quot;programDescription\&quot;: \&quot;AI Alliance\&quot;,\n        \&quot;online\&quot;: false\n    },\n    {\n        \&quot;programId\&quot;: 6959,\n        \&quot;programName\&quot;: \&quot;Descriptioncase8\&quot;,\n        \&quot;programDescription\&quot;: \&quot;Code for Good\&quot;,\n        \&quot;online\&quot;: false\n    },\n    {\n        \&quot;programId\&quot;: 6960,\n        \&quot;programName\&quot;: \&quot;Descriptioncase10\&quot;,\n        \&quot;programDescription\&quot;: \&quot;Her Science Lab\&quot;,\n        \&quot;online\&quot;: false\n    },\n    {\n        \&quot;programId\&quot;: 6961,\n        \&quot;programName\&quot;: \&quot;SDET26\&quot;,\n        \&quot;programDescription\&quot;: \&quot;Automation testing\&quot;,\n        \&quot;online\&quot;: true\n    },\n    {\n        \&quot;programId\&quot;: 6962,\n        \&quot;programName\&quot;: \&quot;DS\&quot;,\n        \&quot;programDescription\&quot;: \&quot;data science\&quot;,\n        \&quot;online\&quot;: false\n    },\n    {\n        \&quot;programId\&quot;: 6964,\n        \&quot;programName\&quot;: \&quot;Assistantabc\&quot;,\n        \&quot;programDescription\&quot;: \&quot;Assistantabc\&quot;,\n        \&quot;online\&quot;: true\n    },\n    {\n        \&quot;programId\&quot;: 6965,\n        \&quot;programName\&quot;: \&quot;JAVA\&quot;,\n        \&quot;programDescription\&quot;: \&quot;Automation Testing\&quot;,\n        \&quot;online\&quot;: true\n    },\n    {\n        \&quot;programId\&quot;: 6966,\n        \&quot;programName\&quot;: \&quot;SDET26\&quot;,\n        \&quot;programDescription\&quot;: \&quot;Automation testing\&quot;,\n        \&quot;online\&quot;: true\n    },\n    {\n        \&quot;programId\&quot;: 6967,\n        \&quot;programName\&quot;: \&quot;DS\&quot;,\n        \&quot;programDescription\&quot;: \&quot;data science\&quot;,\n        \&quot;online\&quot;: false\n    },\n    {\n        \&quot;programId\&quot;: 6968,\n        \&quot;programName\&quot;: \&quot;Testing\&quot;,\n        \&quot;programDescription\&quot;: \&quot;Testing\&quot;,\n        \&quot;online\&quot;: true\n    },\n    {\n        \&quot;programId\&quot;: 6969,\n        \&quot;programName\&quot;: \&quot;c\&quot;,\n        \&quot;programDescription\&quot;: \&quot;abc\&quot;,\n        \&quot;online\&quot;: true\n    },\n    {\n        \&quot;programId\&quot;: 6970,\n        \&quot;programName\&quot;: \&quot;string\&quot;,\n        \&quot;programDescription\&quot;: \&quot;string\&quot;,\n        \&quot;online\&quot;: true\n    },\n    {\n        \&quot;programId\&quot;: 6971,\n        \&quot;programName\&quot;: \&quot;SDET\&quot;,\n        \&quot;programDescription\&quot;: \&quot;SDET11\&quot;,\n        \&quot;online\&quot;: true\n    },\n    {\n        \&quot;programId\&quot;: 6972,\n        \&quot;programName\&quot;: \&quot;Data Science\&quot;,\n        \&quot;programDescription\&quot;: \&quot;DS10\&quot;,\n        \&quot;online\&quot;: true\n    },\n    {\n        \&quot;programId\&quot;: 6973,\n        \&quot;programName\&quot;: \&quot;SDET\&quot;,\n        \&quot;programDescription\&quot;: \&quot;SDET20\&quot;,\n        \&quot;online\&quot;: true\n    },\n    {\n        \&quot;programId\&quot;: 6974,\n        \&quot;programName\&quot;: \&quot;Data Science\&quot;,\n        \&quot;programDescription\&quot;: \&quot;DS23\&quot;,\n        \&quot;online\&quot;: true\n    },\n    {\n        \&quot;programId\&quot;: 6975,\n        \&quot;programName\&quot;: \&quot;SDET\&quot;,\n        \&quot;programDescription\&quot;: \&quot;SDET20\&quot;,\n        \&quot;online\&quot;: true\n    },\n    {\n        \&quot;programId\&quot;: 6979,\n        \&quot;programName\&quot;: \&quot;SDET\&quot;,\n        \&quot;programDescription\&quot;: \&quot;SDET20\&quot;,\n        \&quot;online\&quot;: true\n    },\n    {\n        \&quot;programId\&quot;: 6980,\n        \&quot;programName\&quot;: \&quot;batman \&quot;,\n        \&quot;programDescription\&quot;: \&quot;string\&quot;,\n        \&quot;online\&quot;: true\n    },\n    {\n        \&quot;programId\&quot;: 6981,\n        \&quot;programName\&quot;: \&quot;ironman\&quot;,\n        \&quot;programDescription\&quot;: \&quot;string\&quot;,\n        \&quot;online\&quot;: true\n    },\n    {\n        \&quot;programId\&quot;: 6982,\n        \&quot;programName\&quot;: \&quot;java\&quot;,\n        \&quot;programDescription\&quot;: \&quot;core java\&quot;,\n        \&quot;online\&quot;: true\n    },\n    {\n        \&quot;programId\&quot;: 6983,\n        \&quot;programName\&quot;: \&quot;Multipal Digit Testing\&quot;,\n        \&quot;programDescription\&quot;: \&quot;Program ID Testing\&quot;,\n        \&quot;online\&quot;: true\n    },\n    {\n        \&quot;programId\&quot;: 6984,\n        \&quot;programName\&quot;: \&quot;Application Support\&quot;,\n        \&quot;programDescription\&quot;: \&quot;Full time\&quot;,\n        \&quot;online\&quot;: true\n    },\n    {\n        \&quot;programId\&quot;: 6985,\n        \&quot;programName\&quot;: \&quot;Application Support\&quot;,\n        \&quot;programDescription\&quot;: \&quot;\&quot;,\n        \&quot;online\&quot;: true\n    },\n    {\n        \&quot;programId\&quot;: 6986,\n        \&quot;programName\&quot;: \&quot;Application Support\&quot;,\n        \&quot;programDescription\&quot;: \&quot;\&quot;,\n        \&quot;online\&quot;: true\n    },\n    {\n        \&quot;programId\&quot;: 6989,\n        \&quot;programName\&quot;: \&quot;Application Support\&quot;,\n        \&quot;programDescription\&quot;: \&quot;\&quot;,\n        \&quot;online\&quot;: true\n    },\n    {\n        \&quot;programId\&quot;: 6990,\n        \&quot;programName\&quot;: \&quot;Application Support\&quot;,\n        \&quot;programDescription\&quot;: \&quot;\&quot;,\n        \&quot;online\&quot;: true\n    },\n    {\n        \&quot;programId\&quot;: 6991,\n        \&quot;programName\&quot;: \&quot;batman \&quot;,\n        \&quot;programDescription\&quot;: \&quot;string\&quot;,\n        \&quot;online\&quot;: true\n    },\n    {\n        \&quot;programId\&quot;: 6992,\n        \&quot;programName\&quot;: \&quot;ironman\&quot;,\n        \&quot;programDescription\&quot;: \&quot;string\&quot;,\n        \&quot;online\&quot;: true\n    },\n    {\n        \&quot;programId\&quot;: 6993,\n        \&quot;programName\&quot;: \&quot;java\&quot;,\n        \&quot;programDescription\&quot;: \&quot;core java\&quot;,\n        \&quot;online\&quot;: true\n    },\n    {\n        \&quot;programId\&quot;: 6994,\n        \&quot;programName\&quot;: \&quot;Multipal Digit Testing\&quot;,\n        \&quot;programDescription\&quot;: \&quot;Program ID Testing\&quot;,\n        \&quot;online\&quot;: true\n    },\n    {\n        \&quot;programId\&quot;: 6995,\n        \&quot;programName\&quot;: \&quot;DS\&quot;,\n        \&quot;programDescription\&quot;: \&quot;Datascience\&quot;,\n        \&quot;online\&quot;: true\n    },\n    {\n        \&quot;programId\&quot;: 9257,\n        \&quot;programName\&quot;: \&quot;Csharp\&quot;,\n        \&quot;programDescription\&quot;: \&quot;Testing\&quot;,\n        \&quot;online\&quot;: true\n    },\n    {\n        \&quot;programId\&quot;: 6997,\n        \&quot;programName\&quot;: \&quot;SDET\&quot;,\n        \&quot;programDescription\&quot;: \&quot;SDET20\&quot;,\n        \&quot;online\&quot;: true\n    },\n    {\n        \&quot;programId\&quot;: 7001,\n        \&quot;programName\&quot;: \&quot;SDET\&quot;,\n        \&quot;programDescription\&quot;: \&quot;SDET20\&quot;,\n        \&quot;online\&quot;: true\n    },\n    {\n        \&quot;programId\&quot;: 7135,\n        \&quot;programName\&quot;: \&quot;testing modified\&quot;,\n        \&quot;programDescription\&quot;: \&quot;testing modified\&quot;,\n        \&quot;online\&quot;: true\n    },\n    {\n        \&quot;programId\&quot;: 7005,\n        \&quot;programName\&quot;: \&quot;SDET\&quot;,\n        \&quot;programDescription\&quot;: \&quot;SDET20\&quot;,\n        \&quot;online\&quot;: true\n    },\n    {\n        \&quot;programId\&quot;: 7006,\n        \&quot;programName\&quot;: \&quot;SDET\&quot;,\n        \&quot;programDescription\&quot;: \&quot;SDET20\&quot;,\n        \&quot;online\&quot;: true\n    },\n    {\n        \&quot;programId\&quot;: 7007,\n        \&quot;programName\&quot;: \&quot;SDET\&quot;,\n        \&quot;programDescription\&quot;: \&quot;SDET20\&quot;,\n        \&quot;online\&quot;: true\n    },\n    {\n        \&quot;programId\&quot;: 7008,\n        \&quot;programName\&quot;: \&quot;SME\&quot;,\n        \&quot;programDescription\&quot;: \&quot;HealthCare\&quot;,\n        \&quot;online\&quot;: false\n    },\n    {\n        \&quot;programId\&quot;: 7009,\n        \&quot;programName\&quot;: \&quot;Scrum Master\&quot;,\n        \&quot;programDescription\&quot;: \&quot;Agile\&quot;,\n        \&quot;online\&quot;: false\n    },\n    {\n        \&quot;programId\&quot;: 7010,\n        \&quot;programName\&quot;: \&quot;Backend Developer\&quot;,\n        \&quot;programDescription\&quot;: \&quot;Sql Developer\&quot;,\n        \&quot;online\&quot;: false\n    },\n    {\n        \&quot;programId\&quot;: 7011,\n        \&quot;programName\&quot;: \&quot;SDET\&quot;,\n        \&quot;programDescription\&quot;: \&quot;SDET20\&quot;,\n        \&quot;online\&quot;: true\n    },\n    {\n        \&quot;programId\&quot;: 7012,\n        \&quot;programName\&quot;: \&quot;SDET\&quot;,\n        \&quot;programDescription\&quot;: \&quot;SDET20\&quot;,\n        \&quot;online\&quot;: true\n    },\n    {\n        \&quot;programId\&quot;: 7013,\n        \&quot;programName\&quot;: \&quot;Testing Nama\&quot;,\n        \&quot;programDescription\&quot;: \&quot;Testing\&quot;,\n        \&quot;online\&quot;: true\n    },\n    {\n        \&quot;programId\&quot;: 7015,\n        \&quot;programName\&quot;: \&quot;sdsfefe\&quot;,\n        \&quot;programDescription\&quot;: \&quot;Testing\&quot;,\n        \&quot;online\&quot;: true\n    },\n    {\n        \&quot;programId\&quot;: 7017,\n        \&quot;programName\&quot;: \&quot;SDET\&quot;,\n        \&quot;programDescription\&quot;: \&quot;SDET20\&quot;,\n        \&quot;online\&quot;: true\n    },\n    {\n        \&quot;programId\&quot;: 7018,\n        \&quot;programName\&quot;: \&quot;SME\&quot;,\n        \&quot;programDescription\&quot;: \&quot;HealthCare\&quot;,\n        \&quot;online\&quot;: false\n    },\n    {\n        \&quot;programId\&quot;: 7019,\n        \&quot;programName\&quot;: \&quot;Scrum Master\&quot;,\n        \&quot;programDescription\&quot;: \&quot;Agile\&quot;,\n        \&quot;online\&quot;: false\n    },\n    {\n        \&quot;programId\&quot;: 7020,\n        \&quot;programName\&quot;: \&quot;Backend Developer\&quot;,\n        \&quot;programDescription\&quot;: \&quot;Sql Developer\&quot;,\n        \&quot;online\&quot;: false\n    },\n    {\n        \&quot;programId\&quot;: 7021,\n        \&quot;programName\&quot;: \&quot;SDET\&quot;,\n        \&quot;programDescription\&quot;: \&quot;SDET20\&quot;,\n        \&quot;online\&quot;: true\n    },\n    {\n        \&quot;programId\&quot;: 7022,\n        \&quot;programName\&quot;: \&quot;SME\&quot;,\n        \&quot;programDescription\&quot;: \&quot;HealthCare\&quot;,\n        \&quot;online\&quot;: false\n    },\n    {\n        \&quot;programId\&quot;: 9258,\n        \&quot;programName\&quot;: \&quot;Csharp\&quot;,\n        \&quot;programDescription\&quot;: \&quot;Testing\&quot;,\n        \&quot;online\&quot;: true\n    },\n    {\n        \&quot;programId\&quot;: 9259,\n        \&quot;programName\&quot;: \&quot;Csharp\&quot;,\n        \&quot;programDescription\&quot;: \&quot;Testing\&quot;,\n        \&quot;online\&quot;: true\n    },\n    {\n        \&quot;programId\&quot;: 7025,\n        \&quot;programName\&quot;: \&quot;SME\&quot;,\n        \&quot;programDescription\&quot;: \&quot;HealthCare\&quot;,\n        \&quot;online\&quot;: false\n    },\n    {\n        \&quot;programId\&quot;: 7026,\n        \&quot;programName\&quot;: \&quot;Scrum Master\&quot;,\n        \&quot;programDescription\&quot;: \&quot;Agile\&quot;,\n        \&quot;online\&quot;: false\n    },\n    {\n        \&quot;programId\&quot;: 9304,\n        \&quot;programName\&quot;: \&quot;Testing\&quot;,\n        \&quot;programDescription\&quot;: \&quot;Testing\&quot;,\n        \&quot;online\&quot;: true\n    },\n    {\n        \&quot;programId\&quot;: 7028,\n        \&quot;programName\&quot;: \&quot;SDET\&quot;,\n        \&quot;programDescription\&quot;: \&quot;SDET20\&quot;,\n        \&quot;online\&quot;: true\n    },\n    {\n        \&quot;programId\&quot;: 7029,\n        \&quot;programName\&quot;: \&quot;SDET\&quot;,\n        \&quot;programDescription\&quot;: \&quot;SDET20\&quot;,\n        \&quot;online\&quot;: true\n    },\n    {\n        \&quot;programId\&quot;: 9324,\n        \&quot;programName\&quot;: \&quot;QA\&quot;,\n        \&quot;programDescription\&quot;: \&quot;BASICS\&quot;,\n        \&quot;online\&quot;: true\n    },\n    {\n        \&quot;programId\&quot;: 7031,\n        \&quot;programName\&quot;: \&quot;56456fdsfgfd\&quot;,\n        \&quot;programDescription\&quot;: \&quot;Testing\&quot;,\n        \&quot;online\&quot;: true\n    },\n    {\n        \&quot;programId\&quot;: 7033,\n        \&quot;programName\&quot;: \&quot;Scrum Master\&quot;,\n        \&quot;programDescription\&quot;: \&quot;Agile\&quot;,\n        \&quot;online\&quot;: false\n    },\n    {\n        \&quot;programId\&quot;: 9326,\n        \&quot;programName\&quot;: \&quot;QUALTY ASSUANCE\&quot;,\n        \&quot;programDescription\&quot;: \&quot;Automation testing\&quot;,\n        \&quot;online\&quot;: true\n    },\n    {\n        \&quot;programId\&quot;: 7035,\n        \&quot;programName\&quot;: \&quot;SDET\&quot;,\n        \&quot;programDescription\&quot;: \&quot;SDET20\&quot;,\n        \&quot;online\&quot;: true\n    },\n    {\n        \&quot;programId\&quot;: 9327,\n        \&quot;programName\&quot;: \&quot;QUALTY ASSUANCE\&quot;,\n        \&quot;programDescription\&quot;: \&quot;Automation testing\&quot;,\n        \&quot;online\&quot;: true\n    },\n    {\n        \&quot;programId\&quot;: 7037,\n        \&quot;programName\&quot;: \&quot;Testing\&quot;,\n        \&quot;programDescription\&quot;: \&quot;Testing\&quot;,\n        \&quot;online\&quot;: true\n    },\n    {\n        \&quot;programId\&quot;: 7038,\n        \&quot;programName\&quot;: \&quot;Testing\&quot;,\n        \&quot;programDescription\&quot;: \&quot;Testing\&quot;,\n        \&quot;online\&quot;: true\n    },\n    {\n        \&quot;programId\&quot;: 7039,\n        \&quot;programName\&quot;: \&quot;56456fdsfgfd\&quot;,\n        \&quot;programDescription\&quot;: \&quot;Testing\&quot;,\n        \&quot;online\&quot;: true\n    },\n    {\n        \&quot;programId\&quot;: 7040,\n        \&quot;programName\&quot;: \&quot;Testing modified\&quot;,\n        \&quot;programDescription\&quot;: \&quot;Testing modified\&quot;,\n        \&quot;online\&quot;: true\n    },\n    {\n        \&quot;programId\&quot;: 7041,\n        \&quot;programName\&quot;: \&quot;string\&quot;,\n        \&quot;programDescription\&quot;: \&quot;string\&quot;,\n        \&quot;online\&quot;: true\n    },\n    {\n        \&quot;programId\&quot;: 7002,\n        \&quot;programName\&quot;: \&quot;postman\&quot;,\n        \&quot;programDescription\&quot;: \&quot;modified\&quot;,\n        \&quot;online\&quot;: true\n    },\n    {\n        \&quot;programId\&quot;: 7042,\n        \&quot;programName\&quot;: \&quot;postman\&quot;,\n        \&quot;programDescription\&quot;: \&quot;modified\&quot;,\n        \&quot;online\&quot;: true\n    },\n    {\n        \&quot;programId\&quot;: 7043,\n        \&quot;programName\&quot;: \&quot;postman\&quot;,\n        \&quot;programDescription\&quot;: \&quot;modified\&quot;,\n        \&quot;online\&quot;: true\n    },\n    {\n        \&quot;programId\&quot;: 7044,\n        \&quot;programName\&quot;: \&quot;SME\&quot;,\n        \&quot;programDescription\&quot;: \&quot;HealthCare\&quot;,\n        \&quot;online\&quot;: false\n    },\n    {\n        \&quot;programId\&quot;: 7045,\n        \&quot;programName\&quot;: \&quot;Scrum Master\&quot;,\n        \&quot;programDescription\&quot;: \&quot;Agile\&quot;,\n        \&quot;online\&quot;: false\n    },\n    {\n        \&quot;programId\&quot;: 7046,\n        \&quot;programName\&quot;: \&quot;Backend Developer\&quot;,\n        \&quot;programDescription\&quot;: \&quot;Sql Developer\&quot;,\n        \&quot;online\&quot;: false\n    },\n    {\n        \&quot;programId\&quot;: 7047,\n        \&quot;programName\&quot;: \&quot;SDET\&quot;,\n        \&quot;programDescription\&quot;: \&quot;SDET20\&quot;,\n        \&quot;online\&quot;: true\n    },\n    {\n        \&quot;programId\&quot;: 7048,\n        \&quot;programName\&quot;: \&quot;SME\&quot;,\n        \&quot;programDescription\&quot;: \&quot;HealthCare\&quot;,\n        \&quot;online\&quot;: false\n    },\n    {\n        \&quot;programId\&quot;: 7049,\n        \&quot;programName\&quot;: \&quot;Scrum Master\&quot;,\n        \&quot;programDescription\&quot;: \&quot;Agile\&quot;,\n        \&quot;online\&quot;: false\n    },\n    {\n        \&quot;programId\&quot;: 7050,\n        \&quot;programName\&quot;: \&quot;Backend Developer\&quot;,\n        \&quot;programDescription\&quot;: \&quot;Sql Developer\&quot;,\n        \&quot;online\&quot;: false\n    },\n    {\n        \&quot;programId\&quot;: 7052,\n        \&quot;programName\&quot;: \&quot;sun\&quot;,\n        \&quot;programDescription\&quot;: \&quot;TestNG1\&quot;,\n        \&quot;online\&quot;: true\n    },\n    {\n        \&quot;programId\&quot;: 2771,\n        \&quot;programName\&quot;: \&quot;Prek\&quot;,\n        \&quot;programDescription\&quot;: \&quot;India\&quot;,\n        \&quot;online\&quot;: true\n    },\n    {\n        \&quot;programId\&quot;: 7053,\n        \&quot;programName\&quot;: \&quot;SDET\&quot;,\n        \&quot;programDescription\&quot;: \&quot;SDET20\&quot;,\n        \&quot;online\&quot;: true\n    },\n    {\n        \&quot;programId\&quot;: 7054,\n        \&quot;programName\&quot;: \&quot;sun\&quot;,\n        \&quot;programDescription\&quot;: \&quot;TestNG1\&quot;,\n        \&quot;online\&quot;: true\n    },\n    {\n        \&quot;programId\&quot;: 7055,\n        \&quot;programName\&quot;: \&quot;string\&quot;,\n        \&quot;programDescription\&quot;: \&quot;string\&quot;,\n        \&quot;online\&quot;: true\n    },\n    {\n        \&quot;programId\&quot;: 7056,\n        \&quot;programName\&quot;: \&quot;sun\&quot;,\n        \&quot;programDescription\&quot;: \&quot;TestNG1\&quot;,\n        \&quot;online\&quot;: true\n    },\n    {\n        \&quot;programId\&quot;: 7057,\n        \&quot;programName\&quot;: \&quot;Testing\&quot;,\n        \&quot;programDescription\&quot;: \&quot;string\&quot;,\n        \&quot;online\&quot;: true\n    },\n    {\n        \&quot;programId\&quot;: 7058,\n        \&quot;programName\&quot;: \&quot;Testing\&quot;,\n        \&quot;programDescription\&quot;: \&quot;Testing\&quot;,\n        \&quot;online\&quot;: true\n    },\n    {\n        \&quot;programId\&quot;: 7059,\n        \&quot;programName\&quot;: \&quot;sun\&quot;,\n        \&quot;programDescription\&quot;: \&quot;TestNG1\&quot;,\n        \&quot;online\&quot;: true\n    },\n    {\n        \&quot;programId\&quot;: 7060,\n        \&quot;programName\&quot;: \&quot;SME\&quot;,\n        \&quot;programDescription\&quot;: \&quot;HealthCare\&quot;,\n        \&quot;online\&quot;: false\n    },\n    {\n        \&quot;programId\&quot;: 7061,\n        \&quot;programName\&quot;: \&quot;DB Developer\&quot;,\n        \&quot;programDescription\&quot;: \&quot;HealthCare\&quot;,\n        \&quot;online\&quot;: false\n    },\n    {\n        \&quot;programId\&quot;: 7062,\n        \&quot;programName\&quot;: \&quot;sun\&quot;,\n        \&quot;programDescription\&quot;: \&quot;TestNG1\&quot;,\n        \&quot;online\&quot;: true\n    },\n    {\n        \&quot;programId\&quot;: 7063,\n        \&quot;programName\&quot;: \&quot;Testing Demo\&quot;,\n        \&quot;programDescription\&quot;: \&quot;Testing\&quot;,\n        \&quot;online\&quot;: true\n    },\n    {\n        \&quot;programId\&quot;: 7064,\n        \&quot;programName\&quot;: \&quot;string\&quot;,\n        \&quot;programDescription\&quot;: \&quot;string\&quot;,\n        \&quot;online\&quot;: true\n    },\n    {\n        \&quot;programId\&quot;: 7065,\n        \&quot;programName\&quot;: \&quot;string\&quot;,\n        \&quot;programDescription\&quot;: \&quot;string\&quot;,\n        \&quot;online\&quot;: true\n    },\n    {\n        \&quot;programId\&quot;: 7066,\n        \&quot;programName\&quot;: \&quot;SME\&quot;,\n        \&quot;programDescription\&quot;: \&quot;HealthCare\&quot;,\n        \&quot;online\&quot;: false\n    },\n    {\n        \&quot;programId\&quot;: 7067,\n        \&quot;programName\&quot;: \&quot;DB Developer\&quot;,\n        \&quot;programDescription\&quot;: \&quot;HealthCare\&quot;,\n        \&quot;online\&quot;: false\n    },\n    {\n        \&quot;programId\&quot;: 7068,\n        \&quot;programName\&quot;: \&quot;Testing\&quot;,\n        \&quot;programDescription\&quot;: \&quot;Testing\&quot;,\n        \&quot;online\&quot;: true\n    },\n    {\n        \&quot;programId\&quot;: 7069,\n        \&quot;programName\&quot;: \&quot;string\&quot;,\n        \&quot;programDescription\&quot;: \&quot;string\&quot;,\n        \&quot;online\&quot;: true\n    },\n    {\n        \&quot;programId\&quot;: 7070,\n        \&quot;programName\&quot;: \&quot;test1\&quot;,\n        \&quot;programDescription\&quot;: \&quot;test1\&quot;,\n        \&quot;online\&quot;: true\n    },\n    {\n        \&quot;programId\&quot;: 7075,\n        \&quot;programName\&quot;: \&quot;string\&quot;,\n        \&quot;programDescription\&quot;: \&quot;string\&quot;,\n        \&quot;online\&quot;: true\n    },\n    {\n        \&quot;programId\&quot;: 7078,\n        \&quot;programName\&quot;: \&quot;test1\&quot;,\n        \&quot;programDescription\&quot;: \&quot;test1\&quot;,\n        \&quot;online\&quot;: true\n    },\n    {\n        \&quot;programId\&quot;: 7083,\n        \&quot;programName\&quot;: \&quot;Testing\&quot;,\n        \&quot;programDescription\&quot;: \&quot;Testing\&quot;,\n        \&quot;online\&quot;: true\n    },\n    {\n        \&quot;programId\&quot;: 7084,\n        \&quot;programName\&quot;: \&quot;string\&quot;,\n        \&quot;programDescription\&quot;: \&quot;string\&quot;,\n        \&quot;online\&quot;: true\n    },\n    {\n        \&quot;programId\&quot;: 7085,\n        \&quot;programName\&quot;: \&quot;string\&quot;,\n        \&quot;programDescription\&quot;: \&quot;string\&quot;,\n        \&quot;online\&quot;: true\n    },\n    {\n        \&quot;programId\&quot;: 7086,\n        \&quot;programName\&quot;: \&quot;string\&quot;,\n        \&quot;programDescription\&quot;: \&quot;string\&quot;,\n        \&quot;online\&quot;: true\n    },\n    {\n        \&quot;programId\&quot;: 7087,\n        \&quot;programName\&quot;: \&quot;string\&quot;,\n        \&quot;programDescription\&quot;: \&quot;string\&quot;,\n        \&quot;online\&quot;: true\n    },\n    {\n        \&quot;programId\&quot;: 7088,\n        \&quot;programName\&quot;: \&quot;string\&quot;,\n        \&quot;programDescription\&quot;: \&quot;string\&quot;,\n        \&quot;online\&quot;: true\n    },\n    {\n        \&quot;programId\&quot;: 7089,\n        \&quot;programName\&quot;: \&quot;string\&quot;,\n        \&quot;programDescription\&quot;: \&quot;string\&quot;,\n        \&quot;online\&quot;: true\n    },\n    {\n        \&quot;programId\&quot;: 7090,\n        \&quot;programName\&quot;: \&quot;string\&quot;,\n        \&quot;programDescription\&quot;: \&quot;string\&quot;,\n        \&quot;online\&quot;: true\n    },\n    {\n        \&quot;programId\&quot;: 7091,\n        \&quot;programName\&quot;: \&quot;string\&quot;,\n        \&quot;programDescription\&quot;: \&quot;string\&quot;,\n        \&quot;online\&quot;: true\n    },\n    {\n        \&quot;programId\&quot;: 7092,\n        \&quot;programName\&quot;: \&quot;testing\&quot;,\n        \&quot;programDescription\&quot;: \&quot;testing123\&quot;,\n        \&quot;online\&quot;: true\n    },\n    {\n        \&quot;programId\&quot;: 7093,\n        \&quot;programName\&quot;: \&quot;Testing modified\&quot;,\n        \&quot;programDescription\&quot;: \&quot;Testing modified\&quot;,\n        \&quot;online\&quot;: true\n    },\n    {\n        \&quot;programId\&quot;: 7094,\n        \&quot;programName\&quot;: \&quot;test123456\&quot;,\n        \&quot;programDescription\&quot;: \&quot;test123456\&quot;,\n        \&quot;online\&quot;: true\n    },\n    {\n        \&quot;programId\&quot;: 7095,\n        \&quot;programName\&quot;: \&quot;test123456\&quot;,\n        \&quot;programDescription\&quot;: \&quot;test123456\&quot;,\n        \&quot;online\&quot;: true\n    },\n    {\n        \&quot;programId\&quot;: 7097,\n        \&quot;programName\&quot;: \&quot;string\&quot;,\n        \&quot;programDescription\&quot;: \&quot;string\&quot;,\n        \&quot;online\&quot;: true\n    },\n    {\n        \&quot;programId\&quot;: 7098,\n        \&quot;programName\&quot;: \&quot;string\&quot;,\n        \&quot;programDescription\&quot;: \&quot;string\&quot;,\n        \&quot;online\&quot;: true\n    },\n    {\n        \&quot;programId\&quot;: 7099,\n        \&quot;programName\&quot;: \&quot;testing\&quot;,\n        \&quot;programDescription\&quot;: \&quot;Testing\&quot;,\n        \&quot;online\&quot;: true\n    },\n    {\n        \&quot;programId\&quot;: 7100,\n        \&quot;programName\&quot;: \&quot;Testing\&quot;,\n        \&quot;programDescription\&quot;: \&quot;Testing\&quot;,\n        \&quot;online\&quot;: true\n    },\n    {\n        \&quot;programId\&quot;: 7101,\n        \&quot;programName\&quot;: \&quot;Testing\&quot;,\n        \&quot;programDescription\&quot;: \&quot;Testing\&quot;,\n        \&quot;online\&quot;: true\n    },\n    {\n        \&quot;programId\&quot;: 7103,\n        \&quot;programName\&quot;: \&quot;string\&quot;,\n        \&quot;programDescription\&quot;: \&quot;string\&quot;,\n        \&quot;online\&quot;: true\n    },\n    {\n        \&quot;programId\&quot;: 7104,\n        \&quot;programName\&quot;: \&quot;Testing modified\&quot;,\n        \&quot;programDescription\&quot;: \&quot;Testing Modified\&quot;,\n        \&quot;online\&quot;: true\n    },\n    {\n        \&quot;programId\&quot;: 7105,\n        \&quot;programName\&quot;: \&quot;EclipseSpecialist123\&quot;,\n        \&quot;programDescription\&quot;: \&quot;EclipseEclairs123\&quot;,\n        \&quot;online\&quot;: true\n    },\n    {\n        \&quot;programId\&quot;: 7106,\n        \&quot;programName\&quot;: \&quot;Testing\&quot;,\n        \&quot;programDescription\&quot;: \&quot;Testing\&quot;,\n        \&quot;online\&quot;: true\n    },\n    {\n        \&quot;programId\&quot;: 7107,\n        \&quot;programName\&quot;: \&quot;Testing modified\&quot;,\n        \&quot;programDescription\&quot;: \&quot;Testing modified\&quot;,\n        \&quot;online\&quot;: true\n    },\n    {\n        \&quot;programId\&quot;: 7108,\n        \&quot;programName\&quot;: \&quot;Testing modified\&quot;,\n        \&quot;programDescription\&quot;: \&quot;Testing modified\&quot;,\n        \&quot;online\&quot;: true\n    },\n    {\n        \&quot;programId\&quot;: 7110,\n        \&quot;programName\&quot;: \&quot;string\&quot;,\n        \&quot;programDescription\&quot;: \&quot;string\&quot;,\n        \&quot;online\&quot;: true\n    },\n    {\n        \&quot;programId\&quot;: 7111,\n        \&quot;programName\&quot;: \&quot;SME\&quot;,\n        \&quot;programDescription\&quot;: \&quot;HealthCare\&quot;,\n        \&quot;online\&quot;: false\n    },\n    {\n        \&quot;programId\&quot;: 7112,\n        \&quot;programName\&quot;: \&quot;Scrum Master\&quot;,\n        \&quot;programDescription\&quot;: \&quot;Agile\&quot;,\n        \&quot;online\&quot;: false\n    },\n    {\n        \&quot;programId\&quot;: 7113,\n        \&quot;programName\&quot;: \&quot;Backend Developer\&quot;,\n        \&quot;programDescription\&quot;: \&quot;Sql Developer\&quot;,\n        \&quot;online\&quot;: false\n    },\n    {\n        \&quot;programId\&quot;: 7114,\n        \&quot;programName\&quot;: \&quot;SME\&quot;,\n        \&quot;programDescription\&quot;: \&quot;HealthCare\&quot;,\n        \&quot;online\&quot;: false\n    },\n    {\n        \&quot;programId\&quot;: 7115,\n        \&quot;programName\&quot;: \&quot;DB Developer\&quot;,\n        \&quot;programDescription\&quot;: \&quot;HealthCare\&quot;,\n        \&quot;online\&quot;: false\n    },\n    {\n        \&quot;programId\&quot;: 7116,\n        \&quot;programName\&quot;: \&quot;Testing modified\&quot;,\n        \&quot;programDescription\&quot;: \&quot;Testing modified\&quot;,\n        \&quot;online\&quot;: true\n    },\n    {\n        \&quot;programId\&quot;: 7117,\n        \&quot;programName\&quot;: \&quot;string\&quot;,\n        \&quot;programDescription\&quot;: \&quot;string\&quot;,\n        \&quot;online\&quot;: true\n    },\n    {\n        \&quot;programId\&quot;: 7118,\n        \&quot;programName\&quot;: \&quot;string\&quot;,\n        \&quot;programDescription\&quot;: \&quot;string\&quot;,\n        \&quot;online\&quot;: true\n    },\n    {\n        \&quot;programId\&quot;: 7119,\n        \&quot;programName\&quot;: \&quot;string\&quot;,\n        \&quot;programDescription\&quot;: \&quot;string\&quot;,\n        \&quot;online\&quot;: true\n    },\n    {\n        \&quot;programId\&quot;: 7120,\n        \&quot;programName\&quot;: \&quot;testing\&quot;,\n        \&quot;programDescription\&quot;: \&quot;testing\&quot;,\n        \&quot;online\&quot;: true\n    },\n    {\n        \&quot;programId\&quot;: 7121,\n        \&quot;programName\&quot;: \&quot;string\&quot;,\n        \&quot;programDescription\&quot;: \&quot;string\&quot;,\n        \&quot;online\&quot;: true\n    },\n    {\n        \&quot;programId\&quot;: 7122,\n        \&quot;programName\&quot;: \&quot;string\&quot;,\n        \&quot;programDescription\&quot;: \&quot;string\&quot;,\n        \&quot;online\&quot;: true\n    },\n    {\n        \&quot;programId\&quot;: 7123,\n        \&quot;programName\&quot;: \&quot;SME\&quot;,\n        \&quot;programDescription\&quot;: \&quot;HealthCare\&quot;,\n        \&quot;online\&quot;: false\n    },\n    {\n        \&quot;programId\&quot;: 7124,\n        \&quot;programName\&quot;: \&quot;Scrum Master\&quot;,\n        \&quot;programDescription\&quot;: \&quot;Agile\&quot;,\n        \&quot;online\&quot;: false\n    },\n    {\n        \&quot;programId\&quot;: 7125,\n        \&quot;programName\&quot;: \&quot;Backend Developer\&quot;,\n        \&quot;programDescription\&quot;: \&quot;Sql Developer\&quot;,\n        \&quot;online\&quot;: false\n    },\n    {\n        \&quot;programId\&quot;: 7126,\n        \&quot;programName\&quot;: \&quot;SME\&quot;,\n        \&quot;programDescription\&quot;: \&quot;HealthCare\&quot;,\n        \&quot;online\&quot;: false\n    },\n    {\n        \&quot;programId\&quot;: 7127,\n        \&quot;programName\&quot;: \&quot;Scrum Master\&quot;,\n        \&quot;programDescription\&quot;: \&quot;Agile\&quot;,\n        \&quot;online\&quot;: false\n    },\n    {\n        \&quot;programId\&quot;: 7128,\n        \&quot;programName\&quot;: \&quot;Backend Developer\&quot;,\n        \&quot;programDescription\&quot;: \&quot;Sql Developer\&quot;,\n        \&quot;online\&quot;: false\n    },\n    {\n        \&quot;programId\&quot;: 7129,\n        \&quot;programName\&quot;: \&quot;string\&quot;,\n        \&quot;programDescription\&quot;: \&quot;junit testing\&quot;,\n        \&quot;online\&quot;: true\n    },\n    {\n        \&quot;programId\&quot;: 7130,\n        \&quot;programName\&quot;: \&quot;Scrum Master\&quot;,\n        \&quot;programDescription\&quot;: \&quot;Agile\&quot;,\n        \&quot;online\&quot;: false\n    },\n    {\n        \&quot;programId\&quot;: 7131,\n        \&quot;programName\&quot;: \&quot;Scrum Master Modified\&quot;,\n        \&quot;programDescription\&quot;: \&quot;Agile Modified\&quot;,\n        \&quot;online\&quot;: false\n    },\n    {\n        \&quot;programId\&quot;: 7132,\n        \&quot;programName\&quot;: \&quot;Automation\&quot;,\n        \&quot;programDescription\&quot;: \&quot;Selinium\&quot;,\n        \&quot;online\&quot;: false\n    },\n    {\n        \&quot;programId\&quot;: 7133,\n        \&quot;programName\&quot;: \&quot;Automation Modified\&quot;,\n        \&quot;programDescription\&quot;: \&quot;Selinium Modified\&quot;,\n        \&quot;online\&quot;: false\n    },\n    {\n        \&quot;programId\&quot;: 7134,\n        \&quot;programName\&quot;: \&quot;testing modified\&quot;,\n        \&quot;programDescription\&quot;: \&quot;testing modified\&quot;,\n        \&quot;online\&quot;: true\n    },\n    {\n        \&quot;programId\&quot;: 7136,\n        \&quot;programName\&quot;: \&quot;SME\&quot;,\n        \&quot;programDescription\&quot;: \&quot;HealthCare\&quot;,\n        \&quot;online\&quot;: false\n    },\n    {\n        \&quot;programId\&quot;: 7137,\n        \&quot;programName\&quot;: \&quot;Scrum Master\&quot;,\n        \&quot;programDescription\&quot;: \&quot;Agile\&quot;,\n        \&quot;online\&quot;: false\n    },\n    {\n        \&quot;programId\&quot;: 7138,\n        \&quot;programName\&quot;: \&quot;Backend Developer\&quot;,\n        \&quot;programDescription\&quot;: \&quot;Sql Developer\&quot;,\n        \&quot;online\&quot;: false\n    },\n    {\n        \&quot;programId\&quot;: 7139,\n        \&quot;programName\&quot;: \&quot;testing modified\&quot;,\n        \&quot;programDescription\&quot;: \&quot;testing modified from postman\&quot;,\n        \&quot;online\&quot;: true\n    },\n    {\n        \&quot;programId\&quot;: 7140,\n        \&quot;programName\&quot;: \&quot;Scrum Master\&quot;,\n        \&quot;programDescription\&quot;: \&quot;Agile\&quot;,\n        \&quot;online\&quot;: false\n    },\n    {\n        \&quot;programId\&quot;: 7141,\n        \&quot;programName\&quot;: \&quot;Scrum Master Modified\&quot;,\n        \&quot;programDescription\&quot;: \&quot;Agile Modified\&quot;,\n        \&quot;online\&quot;: false\n    },\n    {\n        \&quot;programId\&quot;: 7142,\n        \&quot;programName\&quot;: \&quot;Automation\&quot;,\n        \&quot;programDescription\&quot;: \&quot;Selinium\&quot;,\n        \&quot;online\&quot;: false\n    },\n    {\n        \&quot;programId\&quot;: 7143,\n        \&quot;programName\&quot;: \&quot;Automation Modified\&quot;,\n        \&quot;programDescription\&quot;: \&quot;Selinium Modified\&quot;,\n        \&quot;online\&quot;: false\n    },\n    {\n        \&quot;programId\&quot;: 7144,\n        \&quot;programName\&quot;: \&quot;testing modified\&quot;,\n        \&quot;programDescription\&quot;: \&quot;testing modified from postman\&quot;,\n        \&quot;online\&quot;: false\n    },\n    {\n        \&quot;programId\&quot;: 7145,\n        \&quot;programName\&quot;: \&quot;string\&quot;,\n        \&quot;programDescription\&quot;: \&quot;string\&quot;,\n        \&quot;online\&quot;: true\n    },\n    {\n        \&quot;programId\&quot;: 7146,\n        \&quot;programName\&quot;: \&quot;string\&quot;,\n        \&quot;programDescription\&quot;: \&quot;string\&quot;,\n        \&quot;online\&quot;: true\n    },\n    {\n        \&quot;programId\&quot;: 7147,\n        \&quot;programName\&quot;: \&quot;string\&quot;,\n        \&quot;programDescription\&quot;: \&quot;string\&quot;,\n        \&quot;online\&quot;: true\n    },\n    {\n        \&quot;programId\&quot;: 7148,\n        \&quot;programName\&quot;: \&quot;string\&quot;,\n        \&quot;programDescription\&quot;: \&quot;string\&quot;,\n        \&quot;online\&quot;: true\n    },\n    {\n        \&quot;programId\&quot;: 7149,\n        \&quot;programName\&quot;: \&quot;string\&quot;,\n        \&quot;programDescription\&quot;: \&quot;string\&quot;,\n        \&quot;online\&quot;: true\n    },\n    {\n        \&quot;programId\&quot;: 7150,\n        \&quot;programName\&quot;: \&quot;testing\&quot;,\n        \&quot;programDescription\&quot;: \&quot;testing\&quot;,\n        \&quot;online\&quot;: true\n    },\n    {\n        \&quot;programId\&quot;: 7151,\n        \&quot;programName\&quot;: \&quot;testing modified\&quot;,\n        \&quot;programDescription\&quot;: \&quot;testing modified\&quot;,\n        \&quot;online\&quot;: true\n    },\n    {\n        \&quot;programId\&quot;: 7153,\n        \&quot;programName\&quot;: \&quot;Testing put - Request\&quot;,\n        \&quot;programDescription\&quot;: \&quot;Testing put - Request\&quot;,\n        \&quot;online\&quot;: true\n    },\n    {\n        \&quot;programId\&quot;: 7154,\n        \&quot;programName\&quot;: \&quot;batman \&quot;,\n        \&quot;programDescription\&quot;: \&quot;string\&quot;,\n        \&quot;online\&quot;: true\n    },\n    {\n        \&quot;programId\&quot;: 7155,\n        \&quot;programName\&quot;: \&quot;ironman\&quot;,\n        \&quot;programDescription\&quot;: \&quot;string\&quot;,\n        \&quot;online\&quot;: true\n    },\n    {\n        \&quot;programId\&quot;: 7156,\n        \&quot;programName\&quot;: \&quot;java\&quot;,\n        \&quot;programDescription\&quot;: \&quot;core java\&quot;,\n        \&quot;online\&quot;: true\n    },\n    {\n        \&quot;programId\&quot;: 7157,\n        \&quot;programName\&quot;: \&quot;Multipal Digit Testing\&quot;,\n        \&quot;programDescription\&quot;: \&quot;Program ID Testing\&quot;,\n        \&quot;online\&quot;: true\n    },\n    {\n        \&quot;programId\&quot;: 7158,\n        \&quot;programName\&quot;: \&quot;batman \&quot;,\n        \&quot;programDescription\&quot;: \&quot;string\&quot;,\n        \&quot;online\&quot;: true\n    },\n    {\n        \&quot;programId\&quot;: 7159,\n        \&quot;programName\&quot;: \&quot;ironman\&quot;,\n        \&quot;programDescription\&quot;: \&quot;string\&quot;,\n        \&quot;online\&quot;: true\n    },\n    {\n        \&quot;programId\&quot;: 7160,\n        \&quot;programName\&quot;: \&quot;java\&quot;,\n        \&quot;programDescription\&quot;: \&quot;core java\&quot;,\n        \&quot;online\&quot;: true\n    },\n    {\n        \&quot;programId\&quot;: 7161,\n        \&quot;programName\&quot;: \&quot;Multipal Digit Testing\&quot;,\n        \&quot;programDescription\&quot;: \&quot;Program ID Testing\&quot;,\n        \&quot;online\&quot;: true\n    },\n    {\n        \&quot;programId\&quot;: 7162,\n        \&quot;programName\&quot;: \&quot;lms_restassured\&quot;,\n        \&quot;programDescription\&quot;: \&quot;lms_jobs_test\&quot;,\n        \&quot;online\&quot;: true\n    },\n    {\n        \&quot;programId\&quot;: 7163,\n        \&quot;programName\&quot;: \&quot;Testingg\&quot;,\n        \&quot;programDescription\&quot;: \&quot;Testingg\&quot;,\n        \&quot;online\&quot;: true\n    },\n    {\n        \&quot;programId\&quot;: 7164,\n        \&quot;programName\&quot;: \&quot;Testingg\&quot;,\n        \&quot;programDescription\&quot;: \&quot;Testingg\&quot;,\n        \&quot;online\&quot;: true\n    },\n    {\n        \&quot;programId\&quot;: 7165,\n        \&quot;programName\&quot;: \&quot;Testingg\&quot;,\n        \&quot;programDescription\&quot;: \&quot;Testingg\&quot;,\n        \&quot;online\&quot;: true\n    },\n    {\n        \&quot;programId\&quot;: 7166,\n        \&quot;programName\&quot;: \&quot;Testingg\&quot;,\n        \&quot;programDescription\&quot;: \&quot;Testingg\&quot;,\n        \&quot;online\&quot;: true\n    },\n    {\n        \&quot;programId\&quot;: 7167,\n        \&quot;programName\&quot;: \&quot;Twwestingg\&quot;,\n        \&quot;programDescription\&quot;: \&quot;Twwestingg\&quot;,\n        \&quot;online\&quot;: true\n    },\n    {\n        \&quot;programId\&quot;: 7168,\n        \&quot;programName\&quot;: \&quot;string\&quot;,\n        \&quot;programDescription\&quot;: \&quot;stttring\&quot;,\n        \&quot;online\&quot;: true\n    },\n    {\n        \&quot;programId\&quot;: 7169,\n        \&quot;programName\&quot;: \&quot;string\&quot;,\n        \&quot;programDescription\&quot;: \&quot;stttring\&quot;,\n        \&quot;online\&quot;: true\n    },\n    {\n        \&quot;programId\&quot;: 7170,\n        \&quot;programName\&quot;: \&quot;string\&quot;,\n        \&quot;programDescription\&quot;: \&quot;stttring\&quot;,\n        \&quot;online\&quot;: true\n    },\n    {\n        \&quot;programId\&quot;: 7171,\n        \&quot;programName\&quot;: \&quot;string\&quot;,\n        \&quot;programDescription\&quot;: \&quot;stttring\&quot;,\n        \&quot;online\&quot;: true\n    },\n    {\n        \&quot;programId\&quot;: 7172,\n        \&quot;programName\&quot;: \&quot;string\&quot;,\n        \&quot;programDescription\&quot;: \&quot;stttring\&quot;,\n        \&quot;online\&quot;: true\n    },\n    {\n        \&quot;programId\&quot;: 7173,\n        \&quot;programName\&quot;: \&quot;Sdet38\&quot;,\n        \&quot;programDescription\&quot;: \&quot;Postman\&quot;,\n        \&quot;online\&quot;: true\n    },\n    {\n        \&quot;programId\&quot;: 7174,\n        \&quot;programName\&quot;: \&quot;java version 2\&quot;,\n        \&quot;programDescription\&quot;: \&quot;sdet39\&quot;,\n        \&quot;online\&quot;: true\n    },\n    {\n        \&quot;programId\&quot;: 7175,\n        \&quot;programName\&quot;: \&quot;java version 2\&quot;,\n        \&quot;programDescription\&quot;: \&quot;sdet39\&quot;,\n        \&quot;online\&quot;: true\n    },\n    {\n        \&quot;programId\&quot;: 7176,\n        \&quot;programName\&quot;: \&quot;java version 2\&quot;,\n        \&quot;programDescription\&quot;: \&quot;sdet39\&quot;,\n        \&quot;online\&quot;: true\n    },\n    {\n        \&quot;programId\&quot;: 7177,\n        \&quot;programName\&quot;: \&quot;Testing\&quot;,\n        \&quot;programDescription\&quot;: \&quot;Testing\&quot;,\n        \&quot;online\&quot;: true\n    },\n    {\n        \&quot;programId\&quot;: 7178,\n        \&quot;programName\&quot;: \&quot;Testing\&quot;,\n        \&quot;programDescription\&quot;: \&quot;Testing\&quot;,\n        \&quot;online\&quot;: true\n    },\n    {\n        \&quot;programId\&quot;: 7185,\n        \&quot;programName\&quot;: \&quot;my first api testing\&quot;,\n        \&quot;programDescription\&quot;: \&quot;my first api testing\&quot;,\n        \&quot;online\&quot;: true\n    },\n    {\n        \&quot;programId\&quot;: 7188,\n        \&quot;programName\&quot;: \&quot;my first api testing\&quot;,\n        \&quot;programDescription\&quot;: \&quot;my first api testing\&quot;,\n        \&quot;online\&quot;: true\n    },\n    {\n        \&quot;programId\&quot;: 7189,\n        \&quot;programName\&quot;: \&quot;Testing\&quot;,\n        \&quot;programDescription\&quot;: \&quot;Testing\&quot;,\n        \&quot;online\&quot;: true\n    },\n    {\n        \&quot;programId\&quot;: 7192,\n        \&quot;programName\&quot;: \&quot;Testing\&quot;,\n        \&quot;programDescription\&quot;: \&quot;Testing\&quot;,\n        \&quot;online\&quot;: true\n    },\n    {\n        \&quot;programId\&quot;: 7193,\n        \&quot;programName\&quot;: \&quot;trial Testing\&quot;,\n        \&quot;programDescription\&quot;: \&quot;trial Testing\&quot;,\n        \&quot;online\&quot;: true\n    },\n    {\n        \&quot;programId\&quot;: 7194,\n        \&quot;programName\&quot;: \&quot;string\&quot;,\n        \&quot;programDescription\&quot;: \&quot;string\&quot;,\n        \&quot;online\&quot;: true\n    },\n    {\n        \&quot;programId\&quot;: 7397,\n        \&quot;programName\&quot;: \&quot;string\&quot;,\n        \&quot;programDescription\&quot;: \&quot;string\&quot;,\n        \&quot;online\&quot;: true\n    },\n    {\n        \&quot;programId\&quot;: 7196,\n        \&quot;programName\&quot;: \&quot;string\&quot;,\n        \&quot;programDescription\&quot;: \&quot;string\&quot;,\n        \&quot;online\&quot;: true\n    },\n    {\n        \&quot;programId\&quot;: 7197,\n        \&quot;programName\&quot;: \&quot;string\&quot;,\n        \&quot;programDescription\&quot;: \&quot;string\&quot;,\n        \&quot;online\&quot;: true\n    },\n    {\n        \&quot;programId\&quot;: 9305,\n        \&quot;programName\&quot;: \&quot;Testing\&quot;,\n        \&quot;programDescription\&quot;: \&quot;Testing\&quot;,\n        \&quot;online\&quot;: true\n    },\n    {\n        \&quot;programId\&quot;: 7199,\n        \&quot;programName\&quot;: \&quot;string\&quot;,\n        \&quot;programDescription\&quot;: \&quot;string\&quot;,\n        \&quot;online\&quot;: true\n    },\n    {\n        \&quot;programId\&quot;: 7200,\n        \&quot;programName\&quot;: \&quot;string\&quot;,\n        \&quot;programDescription\&quot;: \&quot;string\&quot;,\n        \&quot;online\&quot;: true\n    },\n    {\n        \&quot;programId\&quot;: 7201,\n        \&quot;programName\&quot;: \&quot;trial Testing\&quot;,\n        \&quot;programDescription\&quot;: \&quot;trial Testing\&quot;,\n        \&quot;online\&quot;: true\n    },\n    {\n        \&quot;programId\&quot;: 7203,\n        \&quot;programName\&quot;: \&quot;lms api\&quot;,\n        \&quot;programDescription\&quot;: \&quot;lms api\&quot;,\n        \&quot;online\&quot;: true\n    },\n    {\n        \&quot;programId\&quot;: 7205,\n        \&quot;programName\&quot;: \&quot;\\\&quot;LMS API Testing\\\&quot;\&quot;,\n        \&quot;programDescription\&quot;: \&quot;\\\&quot;SWAGGER\\\&quot;\&quot;,\n        \&quot;online\&quot;: false\n    },\n    {\n        \&quot;programId\&quot;: 7206,\n        \&quot;programName\&quot;: \&quot;lms api\&quot;,\n        \&quot;programDescription\&quot;: \&quot;lms api\&quot;,\n        \&quot;online\&quot;: true\n    },\n    {\n        \&quot;programId\&quot;: 7207,\n        \&quot;programName\&quot;: \&quot;Scrum Master\&quot;,\n        \&quot;programDescription\&quot;: \&quot;Agile\&quot;,\n        \&quot;online\&quot;: false\n    },\n    {\n        \&quot;programId\&quot;: 7208,\n        \&quot;programName\&quot;: \&quot;Scrum Master Modified\&quot;,\n        \&quot;programDescription\&quot;: \&quot;Agile Modified\&quot;,\n        \&quot;online\&quot;: false\n    },\n    {\n        \&quot;programId\&quot;: 7209,\n        \&quot;programName\&quot;: \&quot;Automation\&quot;,\n        \&quot;programDescription\&quot;: \&quot;Selinium\&quot;,\n        \&quot;online\&quot;: false\n    },\n    {\n        \&quot;programId\&quot;: 7210,\n        \&quot;programName\&quot;: \&quot;Automation Modified\&quot;,\n        \&quot;programDescription\&quot;: \&quot;Selinium Modified\&quot;,\n        \&quot;online\&quot;: false\n    },\n    {\n        \&quot;programId\&quot;: 7211,\n        \&quot;programName\&quot;: \&quot;lms api\&quot;,\n        \&quot;programDescription\&quot;: \&quot;lms api\&quot;,\n        \&quot;online\&quot;: true\n    },\n    {\n        \&quot;programId\&quot;: 7212,\n        \&quot;programName\&quot;: \&quot;lms api\&quot;,\n        \&quot;programDescription\&quot;: \&quot;lms api\&quot;,\n        \&quot;online\&quot;: true\n    },\n    {\n        \&quot;programId\&quot;: 7213,\n        \&quot;programName\&quot;: \&quot;lms api\&quot;,\n        \&quot;programDescription\&quot;: \&quot;lms api\&quot;,\n        \&quot;online\&quot;: true\n    },\n    {\n        \&quot;programId\&quot;: 7214,\n        \&quot;programName\&quot;: \&quot;Scrum Master\&quot;,\n        \&quot;programDescription\&quot;: \&quot;Agile\&quot;,\n        \&quot;online\&quot;: false\n    },\n    {\n        \&quot;programId\&quot;: 7215,\n        \&quot;programName\&quot;: \&quot;Scrum Master Jira\&quot;,\n        \&quot;programDescription\&quot;: \&quot;Agile Sprint update\&quot;,\n        \&quot;online\&quot;: false\n    },\n    {\n        \&quot;programId\&quot;: 7216,\n        \&quot;programName\&quot;: \&quot;Automation\&quot;,\n        \&quot;programDescription\&quot;: \&quot;Selinium\&quot;,\n        \&quot;online\&quot;: false\n    },\n    {\n        \&quot;programId\&quot;: 7217,\n        \&quot;programName\&quot;: \&quot;Automation Jira\&quot;,\n        \&quot;programDescription\&quot;: \&quot;Selinium Sprint update\&quot;,\n        \&quot;online\&quot;: false\n    },\n    {\n        \&quot;programId\&quot;: 7294,\n        \&quot;programName\&quot;: \&quot;string\&quot;,\n        \&quot;programDescription\&quot;: \&quot;string\&quot;,\n        \&quot;online\&quot;: true\n    },\n    {\n        \&quot;programId\&quot;: 7220,\n        \&quot;programName\&quot;: \&quot;string posted \&quot;,\n        \&quot;programDescription\&quot;: \&quot;string posted\&quot;,\n        \&quot;online\&quot;: true\n    },\n    {\n        \&quot;programId\&quot;: 7224,\n        \&quot;programName\&quot;: \&quot;Scrum Master\&quot;,\n        \&quot;programDescription\&quot;: \&quot;Agile\&quot;,\n        \&quot;online\&quot;: false\n    },\n    {\n        \&quot;programId\&quot;: 7225,\n        \&quot;programName\&quot;: \&quot;Scrum Master Modified\&quot;,\n        \&quot;programDescription\&quot;: \&quot;Agile  Modified\&quot;,\n        \&quot;online\&quot;: false\n    },\n    {\n        \&quot;programId\&quot;: 7226,\n        \&quot;programName\&quot;: \&quot;Automation\&quot;,\n        \&quot;programDescription\&quot;: \&quot;Selinium\&quot;,\n        \&quot;online\&quot;: false\n    },\n    {\n        \&quot;programId\&quot;: 7227,\n        \&quot;programName\&quot;: \&quot;Automation Modified\&quot;,\n        \&quot;programDescription\&quot;: \&quot;Selinium  Modified\&quot;,\n        \&quot;online\&quot;: false\n    },\n    {\n        \&quot;programId\&quot;: 7228,\n        \&quot;programName\&quot;: \&quot;Scrum Master\&quot;,\n        \&quot;programDescription\&quot;: \&quot;Agile\&quot;,\n        \&quot;online\&quot;: false\n    },\n    {\n        \&quot;programId\&quot;: 7229,\n        \&quot;programName\&quot;: \&quot; Modified\&quot;,\n        \&quot;programDescription\&quot;: \&quot;  Modified\&quot;,\n        \&quot;online\&quot;: false\n    },\n    {\n        \&quot;programId\&quot;: 7230,\n        \&quot;programName\&quot;: \&quot;Automation\&quot;,\n        \&quot;programDescription\&quot;: \&quot;Selinium\&quot;,\n        \&quot;online\&quot;: false\n    },\n    {\n        \&quot;programId\&quot;: 7231,\n        \&quot;programName\&quot;: \&quot; Modified\&quot;,\n        \&quot;programDescription\&quot;: \&quot;  Modified\&quot;,\n        \&quot;online\&quot;: false\n    },\n    {\n        \&quot;programId\&quot;: 7232,\n        \&quot;programName\&quot;: \&quot;string\&quot;,\n        \&quot;programDescription\&quot;: \&quot;string\&quot;,\n        \&quot;online\&quot;: true\n    },\n    {\n        \&quot;programId\&quot;: 7233,\n        \&quot;programName\&quot;: \&quot;Scrum Master\&quot;,\n        \&quot;programDescription\&quot;: \&quot;Agile\&quot;,\n        \&quot;online\&quot;: false\n    },\n    {\n        \&quot;programId\&quot;: 7234,\n        \&quot;programName\&quot;: \&quot;Automation\&quot;,\n        \&quot;programDescription\&quot;: \&quot;Selinium\&quot;,\n        \&quot;online\&quot;: false\n    },\n    {\n        \&quot;programId\&quot;: 7235,\n        \&quot;programName\&quot;: \&quot;Scrum Master\&quot;,\n        \&quot;programDescription\&quot;: \&quot;Agile\&quot;,\n        \&quot;online\&quot;: false\n    },\n    {\n        \&quot;programId\&quot;: 7236,\n        \&quot;programName\&quot;: \&quot;Scrum MasterModified\&quot;,\n        \&quot;programDescription\&quot;: \&quot;Agile  Modified\&quot;,\n        \&quot;online\&quot;: false\n    },\n    {\n        \&quot;programId\&quot;: 7237,\n        \&quot;programName\&quot;: \&quot;Automation\&quot;,\n        \&quot;programDescription\&quot;: \&quot;Selinium\&quot;,\n        \&quot;online\&quot;: false\n    },\n    {\n        \&quot;programId\&quot;: 7238,\n        \&quot;programName\&quot;: \&quot;AutomationModified\&quot;,\n        \&quot;programDescription\&quot;: \&quot;Selinium  Modified\&quot;,\n        \&quot;online\&quot;: false\n    },\n    {\n        \&quot;programId\&quot;: 7239,\n        \&quot;programName\&quot;: \&quot;Scrum Master\&quot;,\n        \&quot;programDescription\&quot;: \&quot;Agile\&quot;,\n        \&quot;online\&quot;: false\n    },\n    {\n        \&quot;programId\&quot;: 7240,\n        \&quot;programName\&quot;: \&quot;SOAP UI\&quot;,\n        \&quot;programDescription\&quot;: \&quot;  POSTMAN\&quot;,\n        \&quot;online\&quot;: false\n    },\n    {\n        \&quot;programId\&quot;: 7241,\n        \&quot;programName\&quot;: \&quot;Automation\&quot;,\n        \&quot;programDescription\&quot;: \&quot;Selinium\&quot;,\n        \&quot;online\&quot;: false\n    },\n    {\n        \&quot;programId\&quot;: 7242,\n        \&quot;programName\&quot;: \&quot;SOAP UI\&quot;,\n        \&quot;programDescription\&quot;: \&quot;  POSTMAN\&quot;,\n        \&quot;online\&quot;: false\n    },\n    {\n        \&quot;programId\&quot;: 7243,\n        \&quot;programName\&quot;: \&quot;string\&quot;,\n        \&quot;programDescription\&quot;: \&quot;string\&quot;,\n        \&quot;online\&quot;: true\n    },\n    {\n        \&quot;programId\&quot;: 7244,\n        \&quot;programName\&quot;: \&quot;string\&quot;,\n        \&quot;programDescription\&quot;: \&quot;string\&quot;,\n        \&quot;online\&quot;: true\n    },\n    {\n        \&quot;programId\&quot;: 7245,\n        \&quot;programName\&quot;: \&quot;string\&quot;,\n        \&quot;programDescription\&quot;: \&quot;string\&quot;,\n        \&quot;online\&quot;: true\n    },\n    {\n        \&quot;programId\&quot;: 7246,\n        \&quot;programName\&quot;: \&quot;string\&quot;,\n        \&quot;programDescription\&quot;: \&quot;string\&quot;,\n        \&quot;online\&quot;: true\n    },\n    {\n        \&quot;programId\&quot;: 7247,\n        \&quot;programName\&quot;: \&quot;string\&quot;,\n        \&quot;programDescription\&quot;: \&quot;string\&quot;,\n        \&quot;online\&quot;: true\n    },\n    {\n        \&quot;programId\&quot;: 7248,\n        \&quot;programName\&quot;: \&quot;string\&quot;,\n        \&quot;programDescription\&quot;: \&quot;string\&quot;,\n        \&quot;online\&quot;: true\n    },\n    {\n        \&quot;programId\&quot;: 7249,\n        \&quot;programName\&quot;: \&quot;string\&quot;,\n        \&quot;programDescription\&quot;: \&quot;string\&quot;,\n        \&quot;online\&quot;: true\n    },\n    {\n        \&quot;programId\&quot;: 7250,\n        \&quot;programName\&quot;: \&quot;string\&quot;,\n        \&quot;programDescription\&quot;: \&quot;string\&quot;,\n        \&quot;online\&quot;: true\n    },\n    {\n        \&quot;programId\&quot;: 7251,\n        \&quot;programName\&quot;: \&quot;string\&quot;,\n        \&quot;programDescription\&quot;: \&quot;string\&quot;,\n        \&quot;online\&quot;: true\n    },\n    {\n        \&quot;programId\&quot;: 7252,\n        \&quot;programName\&quot;: \&quot;string\&quot;,\n        \&quot;programDescription\&quot;: \&quot;string\&quot;,\n        \&quot;online\&quot;: true\n    },\n    {\n        \&quot;programId\&quot;: 7253,\n        \&quot;programName\&quot;: \&quot;string\&quot;,\n        \&quot;programDescription\&quot;: \&quot;string\&quot;,\n        \&quot;online\&quot;: true\n    },\n    {\n        \&quot;programId\&quot;: 7262,\n        \&quot;programName\&quot;: \&quot;string\&quot;,\n        \&quot;programDescription\&quot;: \&quot;string\&quot;,\n        \&quot;online\&quot;: true\n    },\n    {\n        \&quot;programId\&quot;: 7264,\n        \&quot;programName\&quot;: \&quot;string\&quot;,\n        \&quot;programDescription\&quot;: \&quot;string\&quot;,\n        \&quot;online\&quot;: true\n    },\n    {\n        \&quot;programId\&quot;: 7265,\n        \&quot;programName\&quot;: \&quot;string\&quot;,\n        \&quot;programDescription\&quot;: \&quot;string\&quot;,\n        \&quot;online\&quot;: true\n    },\n    {\n        \&quot;programId\&quot;: 7266,\n        \&quot;programName\&quot;: \&quot;string\&quot;,\n        \&quot;programDescription\&quot;: \&quot;string\&quot;,\n        \&quot;online\&quot;: true\n    },\n    {\n        \&quot;programId\&quot;: 7268,\n        \&quot;programName\&quot;: \&quot;string\&quot;,\n        \&quot;programDescription\&quot;: \&quot;string\&quot;,\n        \&quot;online\&quot;: true\n    },\n    {\n        \&quot;programId\&quot;: 7269,\n        \&quot;programName\&quot;: \&quot;string\&quot;,\n        \&quot;programDescription\&quot;: \&quot;string\&quot;,\n        \&quot;online\&quot;: true\n    },\n    {\n        \&quot;programId\&quot;: 7270,\n        \&quot;programName\&quot;: \&quot;string\&quot;,\n        \&quot;programDescription\&quot;: \&quot;string\&quot;,\n        \&quot;online\&quot;: true\n    },\n    {\n        \&quot;programId\&quot;: 7271,\n        \&quot;programName\&quot;: \&quot;java version 2\&quot;,\n        \&quot;programDescription\&quot;: \&quot;sdet38\&quot;,\n        \&quot;online\&quot;: true\n    },\n    {\n        \&quot;programId\&quot;: 7272,\n        \&quot;programName\&quot;: \&quot;Testing\&quot;,\n        \&quot;programDescription\&quot;: \&quot;Testing\&quot;,\n        \&quot;online\&quot;: true\n    },\n    {\n        \&quot;programId\&quot;: 7273,\n        \&quot;programName\&quot;: \&quot;testing\&quot;,\n        \&quot;programDescription\&quot;: \&quot;testing\&quot;,\n        \&quot;online\&quot;: true\n    },\n    {\n        \&quot;programId\&quot;: 7274,\n        \&quot;programName\&quot;: \&quot;testing\&quot;,\n        \&quot;programDescription\&quot;: \&quot;testing\&quot;,\n        \&quot;online\&quot;: true\n    },\n    {\n        \&quot;programId\&quot;: 7275,\n        \&quot;programName\&quot;: \&quot;sdet\&quot;,\n        \&quot;programDescription\&quot;: \&quot;sdet\&quot;,\n        \&quot;online\&quot;: true\n    },\n    {\n        \&quot;programId\&quot;: 7276,\n        \&quot;programName\&quot;: \&quot;sdet\&quot;,\n        \&quot;programDescription\&quot;: \&quot;sdet\&quot;,\n        \&quot;online\&quot;: true\n    },\n    {\n        \&quot;programId\&quot;: 7277,\n        \&quot;programName\&quot;: \&quot;string100\&quot;,\n        \&quot;programDescription\&quot;: \&quot;testing\&quot;,\n        \&quot;online\&quot;: true\n    },\n    {\n        \&quot;programId\&quot;: 7278,\n        \&quot;programName\&quot;: \&quot;string\&quot;,\n        \&quot;programDescription\&quot;: \&quot;string\&quot;,\n        \&quot;online\&quot;: true\n    },\n    {\n        \&quot;programId\&quot;: 7279,\n        \&quot;programName\&quot;: \&quot;string\&quot;,\n        \&quot;programDescription\&quot;: \&quot;string\&quot;,\n        \&quot;online\&quot;: true\n    },\n    {\n        \&quot;programId\&quot;: 7280,\n        \&quot;programName\&quot;: \&quot;string\&quot;,\n        \&quot;programDescription\&quot;: \&quot;string\&quot;,\n        \&quot;online\&quot;: true\n    },\n    {\n        \&quot;programId\&quot;: 7281,\n        \&quot;programName\&quot;: \&quot;testing modified\&quot;,\n        \&quot;programDescription\&quot;: \&quot;testing modified\&quot;,\n        \&quot;online\&quot;: true\n    },\n    {\n        \&quot;programId\&quot;: 7282,\n        \&quot;programName\&quot;: \&quot;Testing\&quot;,\n        \&quot;programDescription\&quot;: \&quot;Testing\&quot;,\n        \&quot;online\&quot;: true\n    },\n    {\n        \&quot;programId\&quot;: 7283,\n        \&quot;programName\&quot;: \&quot;string\&quot;,\n        \&quot;programDescription\&quot;: \&quot;string\&quot;,\n        \&quot;online\&quot;: true\n    },\n    {\n        \&quot;programId\&quot;: 7284,\n        \&quot;programName\&quot;: \&quot;string\&quot;,\n        \&quot;programDescription\&quot;: \&quot;string\&quot;,\n        \&quot;online\&quot;: true\n    },\n    {\n        \&quot;programId\&quot;: 7285,\n        \&quot;programName\&quot;: \&quot;string\&quot;,\n        \&quot;programDescription\&quot;: \&quot;string\&quot;,\n        \&quot;online\&quot;: true\n    },\n    {\n        \&quot;programId\&quot;: 7286,\n        \&quot;programName\&quot;: \&quot;string\&quot;,\n        \&quot;programDescription\&quot;: \&quot;string\&quot;,\n        \&quot;online\&quot;: true\n    },\n    {\n        \&quot;programId\&quot;: 7287,\n        \&quot;programName\&quot;: \&quot;string\&quot;,\n        \&quot;programDescription\&quot;: \&quot;java\&quot;,\n        \&quot;online\&quot;: true\n    },\n    {\n        \&quot;programId\&quot;: 7288,\n        \&quot;programName\&quot;: \&quot;Testing modified\&quot;,\n        \&quot;programDescription\&quot;: \&quot;Testing modified\&quot;,\n        \&quot;online\&quot;: true\n    },\n    {\n        \&quot;programId\&quot;: 7289,\n        \&quot;programName\&quot;: \&quot;string\&quot;,\n        \&quot;programDescription\&quot;: \&quot;string\&quot;,\n        \&quot;online\&quot;: true\n    },\n    {\n        \&quot;programId\&quot;: 7290,\n        \&quot;programName\&quot;: \&quot;string\&quot;,\n        \&quot;programDescription\&quot;: \&quot;string\&quot;,\n        \&quot;online\&quot;: true\n    },\n    {\n        \&quot;programId\&quot;: 7291,\n        \&quot;programName\&quot;: \&quot;testing modified\&quot;,\n        \&quot;programDescription\&quot;: \&quot;testing modified\&quot;,\n        \&quot;online\&quot;: true\n    },\n    {\n        \&quot;programId\&quot;: 7293,\n        \&quot;programName\&quot;: \&quot;string\&quot;,\n        \&quot;programDescription\&quot;: \&quot;string\&quot;,\n        \&quot;online\&quot;: true\n    },\n    {\n        \&quot;programId\&quot;: 7295,\n        \&quot;programName\&quot;: \&quot;Testing modified from postman\&quot;,\n        \&quot;programDescription\&quot;: \&quot;Testing\&quot;,\n        \&quot;online\&quot;: true\n    },\n    {\n        \&quot;programId\&quot;: 7296,\n        \&quot;programName\&quot;: \&quot;niiji\&quot;,\n        \&quot;programDescription\&quot;: \&quot;sdet\&quot;,\n        \&quot;online\&quot;: true\n    },\n    {\n        \&quot;programId\&quot;: 7297,\n        \&quot;programName\&quot;: \&quot;string\&quot;,\n        \&quot;programDescription\&quot;: \&quot;java\&quot;,\n        \&quot;online\&quot;: true\n    },\n    {\n        \&quot;programId\&quot;: 7299,\n        \&quot;programName\&quot;: \&quot;string\&quot;,\n        \&quot;programDescription\&quot;: \&quot;string\&quot;,\n        \&quot;online\&quot;: true\n    },\n    {\n        \&quot;programId\&quot;: 7305,\n        \&quot;programName\&quot;: \&quot;java version 2\&quot;,\n        \&quot;programDescription\&quot;: \&quot;sdet38\&quot;,\n        \&quot;online\&quot;: true\n    },\n    {\n        \&quot;programId\&quot;: 7300,\n        \&quot;programName\&quot;: \&quot;Twwestingg\&quot;,\n        \&quot;programDescription\&quot;: \&quot;Twwestingg\&quot;,\n        \&quot;online\&quot;: true\n    },\n    {\n        \&quot;programId\&quot;: 7308,\n        \&quot;programName\&quot;: \&quot;string\&quot;,\n        \&quot;programDescription\&quot;: \&quot;101213string\&quot;,\n        \&quot;online\&quot;: true\n    },\n    {\n        \&quot;programId\&quot;: 7302,\n        \&quot;programName\&quot;: \&quot;java version 2\&quot;,\n        \&quot;programDescription\&quot;: \&quot;sdet38\&quot;,\n        \&quot;online\&quot;: true\n    },\n    {\n        \&quot;programId\&quot;: 7303,\n        \&quot;programName\&quot;: \&quot;string\&quot;,\n        \&quot;programDescription\&quot;: \&quot;string\&quot;,\n        \&quot;online\&quot;: true\n    },\n    {\n        \&quot;programId\&quot;: 7304,\n        \&quot;programName\&quot;: \&quot;string\&quot;,\n        \&quot;programDescription\&quot;: \&quot;string\&quot;,\n        \&quot;online\&quot;: true\n    },\n    {\n        \&quot;programId\&quot;: 7306,\n        \&quot;programName\&quot;: \&quot;10string\&quot;,\n        \&quot;programDescription\&quot;: \&quot;10string\&quot;,\n        \&quot;online\&quot;: true\n    },\n    {\n        \&quot;programId\&quot;: 7307,\n        \&quot;programName\&quot;: \&quot;nji\&quot;,\n        \&quot;programDescription\&quot;: \&quot;sd\&quot;,\n        \&quot;online\&quot;: true\n    },\n    {\n        \&quot;programId\&quot;: 7267,\n        \&quot;programName\&quot;: \&quot;Twwestingg\&quot;,\n        \&quot;programDescription\&quot;: \&quot;Twwestingg\&quot;,\n        \&quot;online\&quot;: true\n    },\n    {\n        \&quot;programId\&quot;: 7309,\n        \&quot;programName\&quot;: \&quot;string\&quot;,\n        \&quot;programDescription\&quot;: \&quot;string\&quot;,\n        \&quot;online\&quot;: true\n    },\n    {\n        \&quot;programId\&quot;: 7310,\n        \&quot;programName\&quot;: \&quot;string\&quot;,\n        \&quot;programDescription\&quot;: \&quot;string\&quot;,\n        \&quot;online\&quot;: true\n    },\n    {\n        \&quot;programId\&quot;: 7311,\n        \&quot;programName\&quot;: \&quot;Twwestingg\&quot;,\n        \&quot;programDescription\&quot;: \&quot;Twwestingg\&quot;,\n        \&quot;online\&quot;: true\n    },\n    {\n        \&quot;programId\&quot;: 7313,\n        \&quot;programName\&quot;: \&quot;string\&quot;,\n        \&quot;programDescription\&quot;: \&quot;string\&quot;,\n        \&quot;online\&quot;: true\n    },\n    {\n        \&quot;programId\&quot;: 7314,\n        \&quot;programName\&quot;: \&quot;string\&quot;,\n        \&quot;programDescription\&quot;: \&quot;string\&quot;,\n        \&quot;online\&quot;: true\n    },\n    {\n        \&quot;programId\&quot;: 7315,\n        \&quot;programName\&quot;: \&quot;string\&quot;,\n        \&quot;programDescription\&quot;: \&quot;string\&quot;,\n        \&quot;online\&quot;: true\n    },\n    {\n        \&quot;programId\&quot;: 7316,\n        \&quot;programName\&quot;: \&quot;string\&quot;,\n        \&quot;programDescription\&quot;: \&quot;string\&quot;,\n        \&quot;online\&quot;: true\n    },\n    {\n        \&quot;programId\&quot;: 7317,\n        \&quot;programName\&quot;: \&quot;string\&quot;,\n        \&quot;programDescription\&quot;: \&quot;string\&quot;,\n        \&quot;online\&quot;: true\n    },\n    {\n        \&quot;programId\&quot;: 7318,\n        \&quot;programName\&quot;: \&quot;string\&quot;,\n        \&quot;programDescription\&quot;: \&quot;string\&quot;,\n        \&quot;online\&quot;: true\n    },\n    {\n        \&quot;programId\&quot;: 7319,\n        \&quot;programName\&quot;: \&quot;Testing modified\&quot;,\n        \&quot;programDescription\&quot;: \&quot;Testing modified\&quot;,\n        \&quot;online\&quot;: true\n    },\n    {\n        \&quot;programId\&quot;: 9261,\n        \&quot;programName\&quot;: \&quot;SDET\&quot;,\n        \&quot;programDescription\&quot;: \&quot;api\&quot;,\n        \&quot;online\&quot;: true\n    },\n    {\n        \&quot;programId\&quot;: 7321,\n        \&quot;programName\&quot;: \&quot;76876078-8-09789678767686878\&quot;,\n        \&quot;programDescription\&quot;: \&quot;gkjgkgkgliglgklhklh;lj;k;&#039;kp&#039;u9y8tgihpl&#039;k&#039;klhohhl;hlh;jlhjlhlhhljgklg\&quot;,\n        \&quot;online\&quot;: true\n    },\n    {\n        \&quot;programId\&quot;: 7322,\n        \&quot;programName\&quot;: \&quot;Testing modified\&quot;,\n        \&quot;programDescription\&quot;: \&quot;Testing modified\&quot;,\n        \&quot;online\&quot;: true\n    },\n    {\n        \&quot;programId\&quot;: 7323,\n        \&quot;programName\&quot;: \&quot;Testing modified\&quot;,\n        \&quot;programDescription\&quot;: \&quot;Testing modified\&quot;,\n        \&quot;online\&quot;: true\n    },\n    {\n        \&quot;programId\&quot;: 9262,\n        \&quot;programName\&quot;: \&quot;SDET\&quot;,\n        \&quot;programDescription\&quot;: \&quot;123\&quot;,\n        \&quot;online\&quot;: true\n    },\n    {\n        \&quot;programId\&quot;: 7325,\n        \&quot;programName\&quot;: \&quot;Testing modified\&quot;,\n        \&quot;programDescription\&quot;: \&quot;Testing modified\&quot;,\n        \&quot;online\&quot;: true\n    },\n    {\n        \&quot;programId\&quot;: 7326,\n        \&quot;programName\&quot;: \&quot;string\&quot;,\n        \&quot;programDescription\&quot;: \&quot;string\&quot;,\n        \&quot;online\&quot;: true\n    },\n    {\n        \&quot;programId\&quot;: 7398,\n        \&quot;programName\&quot;: \&quot;string\&quot;,\n        \&quot;programDescription\&quot;: \&quot;string\&quot;,\n        \&quot;online\&quot;: true\n    },\n    {\n        \&quot;programId\&quot;: 7399,\n        \&quot;programName\&quot;: \&quot;string\&quot;,\n        \&quot;programDescription\&quot;: \&quot;string\&quot;,\n        \&quot;online\&quot;: true\n    },\n    {\n        \&quot;programId\&quot;: 7400,\n        \&quot;programName\&quot;: \&quot;string\&quot;,\n        \&quot;programDescription\&quot;: \&quot;string\&quot;,\n        \&quot;online\&quot;: true\n    },\n    {\n        \&quot;programId\&quot;: 7401,\n        \&quot;programName\&quot;: \&quot;string\&quot;,\n        \&quot;programDescription\&quot;: \&quot;string\&quot;,\n        \&quot;online\&quot;: true\n    },\n    {\n        \&quot;programId\&quot;: 7402,\n        \&quot;programName\&quot;: \&quot;Testing test\&quot;,\n        \&quot;programDescription\&quot;: \&quot;Testing modified\&quot;,\n        \&quot;online\&quot;: true\n    },\n    {\n        \&quot;programId\&quot;: 7403,\n        \&quot;programName\&quot;: \&quot;Testing test\&quot;,\n        \&quot;programDescription\&quot;: \&quot;Testing modified\&quot;,\n        \&quot;online\&quot;: true\n    },\n    {\n        \&quot;programId\&quot;: 9263,\n        \&quot;programName\&quot;: \&quot;SDET\&quot;,\n        \&quot;programDescription\&quot;: \&quot;123\&quot;,\n        \&quot;online\&quot;: true\n    },\n    {\n        \&quot;programId\&quot;: 9265,\n        \&quot;programName\&quot;: \&quot;DS\&quot;,\n        \&quot;programDescription\&quot;: \&quot;data science\&quot;,\n        \&quot;online\&quot;: true\n    },\n    {\n        \&quot;programId\&quot;: 7578,\n        \&quot;programName\&quot;: \&quot;SDET26\&quot;,\n        \&quot;programDescription\&quot;: \&quot;Automation testing\&quot;,\n        \&quot;online\&quot;: true\n    },\n    {\n        \&quot;programId\&quot;: 7432,\n        \&quot;programName\&quot;: \&quot;Testing\&quot;,\n        \&quot;programDescription\&quot;: \&quot;Testing\&quot;,\n        \&quot;online\&quot;: true\n    },\n    {\n        \&quot;programId\&quot;: 7434,\n        \&quot;programName\&quot;: \&quot;batman \&quot;,\n        \&quot;programDescription\&quot;: \&quot;string\&quot;,\n        \&quot;online\&quot;: true\n    },\n    {\n        \&quot;programId\&quot;: 7437,\n        \&quot;programName\&quot;: \&quot;Multipal Digit Testing\&quot;,\n        \&quot;programDescription\&quot;: \&quot;Program ID Testing\&quot;,\n        \&quot;online\&quot;: true\n    },\n    {\n        \&quot;programId\&quot;: 7445,\n        \&quot;programName\&quot;: \&quot;string\&quot;,\n        \&quot;programDescription\&quot;: \&quot;string\&quot;,\n        \&quot;online\&quot;: true\n    },\n    {\n        \&quot;programId\&quot;: 7446,\n        \&quot;programName\&quot;: \&quot;string\&quot;,\n        \&quot;programDescription\&quot;: \&quot;string\&quot;,\n        \&quot;online\&quot;: true\n    },\n    {\n        \&quot;programId\&quot;: 7449,\n        \&quot;programName\&quot;: \&quot;string\&quot;,\n        \&quot;programDescription\&quot;: \&quot;string\&quot;,\n        \&quot;online\&quot;: true\n    },\n    {\n        \&quot;programId\&quot;: 7450,\n        \&quot;programName\&quot;: \&quot;string\&quot;,\n        \&quot;programDescription\&quot;: \&quot;string\&quot;,\n        \&quot;online\&quot;: true\n    },\n    {\n        \&quot;programId\&quot;: 7448,\n        \&quot;programName\&quot;: \&quot;Testing 100 Modified\&quot;,\n        \&quot;programDescription\&quot;: \&quot;Testing 100 Modified\&quot;,\n        \&quot;online\&quot;: true\n    },\n    {\n        \&quot;programId\&quot;: 7451,\n        \&quot;programName\&quot;: \&quot;string\&quot;,\n        \&quot;programDescription\&quot;: \&quot;string\&quot;,\n        \&quot;online\&quot;: true\n    },\n    {\n        \&quot;programId\&quot;: 7452,\n        \&quot;programName\&quot;: \&quot;string\&quot;,\n        \&quot;programDescription\&quot;: \&quot;string\&quot;,\n        \&quot;online\&quot;: true\n    },\n    {\n        \&quot;programId\&quot;: 7453,\n        \&quot;programName\&quot;: \&quot;string\&quot;,\n        \&quot;programDescription\&quot;: \&quot;string\&quot;,\n        \&quot;online\&quot;: true\n    },\n    {\n        \&quot;programId\&quot;: 7454,\n        \&quot;programName\&quot;: \&quot;string\&quot;,\n        \&quot;programDescription\&quot;: \&quot;string\&quot;,\n        \&quot;online\&quot;: true\n    },\n    {\n        \&quot;programId\&quot;: 7455,\n        \&quot;programName\&quot;: \&quot;string\&quot;,\n        \&quot;programDescription\&quot;: \&quot;string\&quot;,\n        \&quot;online\&quot;: true\n    },\n    {\n        \&quot;programId\&quot;: 7456,\n        \&quot;programName\&quot;: \&quot;string\&quot;,\n        \&quot;programDescription\&quot;: \&quot;string\&quot;,\n        \&quot;online\&quot;: true\n    },\n    {\n        \&quot;programId\&quot;: 7457,\n        \&quot;programName\&quot;: \&quot;string\&quot;,\n        \&quot;programDescription\&quot;: \&quot;string\&quot;,\n        \&quot;online\&quot;: true\n    },\n    {\n        \&quot;programId\&quot;: 7458,\n        \&quot;programName\&quot;: \&quot;string\&quot;,\n        \&quot;programDescription\&quot;: \&quot;string\&quot;,\n        \&quot;online\&quot;: true\n    },\n    {\n        \&quot;programId\&quot;: 7459,\n        \&quot;programName\&quot;: \&quot;string\&quot;,\n        \&quot;programDescription\&quot;: \&quot;string\&quot;,\n        \&quot;online\&quot;: true\n    },\n    {\n        \&quot;programId\&quot;: 7460,\n        \&quot;programName\&quot;: \&quot;string\&quot;,\n        \&quot;programDescription\&quot;: \&quot;string\&quot;,\n        \&quot;online\&quot;: true\n    },\n    {\n        \&quot;programId\&quot;: 7461,\n        \&quot;programName\&quot;: \&quot;string\&quot;,\n        \&quot;programDescription\&quot;: \&quot;string\&quot;,\n        \&quot;online\&quot;: true\n    },\n    {\n        \&quot;programId\&quot;: 7462,\n        \&quot;programName\&quot;: \&quot;string\&quot;,\n        \&quot;programDescription\&quot;: \&quot;string\&quot;,\n        \&quot;online\&quot;: true\n    },\n    {\n        \&quot;programId\&quot;: 7463,\n        \&quot;programName\&quot;: \&quot;string\&quot;,\n        \&quot;programDescription\&quot;: \&quot;string\&quot;,\n        \&quot;online\&quot;: true\n    },\n    {\n        \&quot;programId\&quot;: 7435,\n        \&quot;programName\&quot;: \&quot;Testing modified\&quot;,\n        \&quot;programDescription\&quot;: \&quot;Testing modified\&quot;,\n        \&quot;online\&quot;: true\n    },\n    {\n        \&quot;programId\&quot;: 7465,\n        \&quot;programName\&quot;: \&quot;string\&quot;,\n        \&quot;programDescription\&quot;: \&quot;string\&quot;,\n        \&quot;online\&quot;: true\n    },\n    {\n        \&quot;programId\&quot;: 7466,\n        \&quot;programName\&quot;: \&quot;string\&quot;,\n        \&quot;programDescription\&quot;: \&quot;string\&quot;,\n        \&quot;online\&quot;: true\n    },\n    {\n        \&quot;programId\&quot;: 7467,\n        \&quot;programName\&quot;: \&quot;string\&quot;,\n        \&quot;programDescription\&quot;: \&quot;string\&quot;,\n        \&quot;online\&quot;: true\n    },\n    {\n        \&quot;programId\&quot;: 7468,\n        \&quot;programName\&quot;: \&quot;string\&quot;,\n        \&quot;programDescription\&quot;: \&quot;string\&quot;,\n        \&quot;online\&quot;: true\n    },\n    {\n        \&quot;programId\&quot;: 7469,\n        \&quot;programName\&quot;: \&quot;string\&quot;,\n        \&quot;programDescription\&quot;: \&quot;string\&quot;,\n        \&quot;online\&quot;: true\n    },\n    {\n        \&quot;programId\&quot;: 7470,\n        \&quot;programName\&quot;: \&quot;string\&quot;,\n        \&quot;programDescription\&quot;: \&quot;string\&quot;,\n        \&quot;online\&quot;: true\n    },\n    {\n        \&quot;programId\&quot;: 7473,\n        \&quot;programName\&quot;: \&quot;Testing 1000\&quot;,\n        \&quot;programDescription\&quot;: \&quot;Testing 1000\&quot;,\n        \&quot;online\&quot;: true\n    },\n    {\n        \&quot;programId\&quot;: 7474,\n        \&quot;programName\&quot;: \&quot;string\&quot;,\n        \&quot;programDescription\&quot;: \&quot;string\&quot;,\n        \&quot;online\&quot;: true\n    },\n    {\n        \&quot;programId\&quot;: 7475,\n        \&quot;programName\&quot;: \&quot;string\&quot;,\n        \&quot;programDescription\&quot;: \&quot;string\&quot;,\n        \&quot;online\&quot;: true\n    },\n    {\n        \&quot;programId\&quot;: 7476,\n        \&quot;programName\&quot;: \&quot;string\&quot;,\n        \&quot;programDescription\&quot;: \&quot;string\&quot;,\n        \&quot;online\&quot;: true\n    },\n    {\n        \&quot;programId\&quot;: 7477,\n        \&quot;programName\&quot;: \&quot;string\&quot;,\n        \&quot;programDescription\&quot;: \&quot;string\&quot;,\n        \&quot;online\&quot;: false\n    },\n    {\n        \&quot;programId\&quot;: 7478,\n        \&quot;programName\&quot;: \&quot;string\&quot;,\n        \&quot;programDescription\&quot;: \&quot;string\&quot;,\n        \&quot;online\&quot;: true\n    },\n    {\n        \&quot;programId\&quot;: 7479,\n        \&quot;programName\&quot;: \&quot;int\&quot;,\n        \&quot;programDescription\&quot;: \&quot;string\&quot;,\n        \&quot;online\&quot;: true\n    },\n    {\n        \&quot;programId\&quot;: 7480,\n        \&quot;programName\&quot;: \&quot;int\&quot;,\n        \&quot;programDescription\&quot;: \&quot;hello\&quot;,\n        \&quot;online\&quot;: true\n    },\n    {\n        \&quot;programId\&quot;: 7481,\n        \&quot;programName\&quot;: \&quot;int\&quot;,\n        \&quot;programDescription\&quot;: \&quot;hello\&quot;,\n        \&quot;online\&quot;: true\n    },\n    {\n        \&quot;programId\&quot;: 7482,\n        \&quot;programName\&quot;: \&quot;int\&quot;,\n        \&quot;programDescription\&quot;: \&quot;hello\&quot;,\n        \&quot;online\&quot;: true\n    },\n    {\n        \&quot;programId\&quot;: 7483,\n        \&quot;programName\&quot;: \&quot;int\&quot;,\n        \&quot;programDescription\&quot;: \&quot;hello\&quot;,\n        \&quot;online\&quot;: true\n    },\n    {\n        \&quot;programId\&quot;: 7484,\n        \&quot;programName\&quot;: \&quot;int\&quot;,\n        \&quot;programDescription\&quot;: \&quot;hello\&quot;,\n        \&quot;online\&quot;: true\n    },\n    {\n        \&quot;programId\&quot;: 7485,\n        \&quot;programName\&quot;: \&quot;int\&quot;,\n        \&quot;programDescription\&quot;: \&quot;hello\&quot;,\n        \&quot;online\&quot;: true\n    },\n    {\n        \&quot;programId\&quot;: 7486,\n        \&quot;programName\&quot;: \&quot;int\&quot;,\n        \&quot;programDescription\&quot;: \&quot;hello\&quot;,\n        \&quot;online\&quot;: true\n    },\n    {\n        \&quot;programId\&quot;: 7490,\n        \&quot;programName\&quot;: \&quot;int\&quot;,\n        \&quot;programDescription\&quot;: \&quot;hello\&quot;,\n        \&quot;online\&quot;: true\n    },\n    {\n        \&quot;programId\&quot;: 7491,\n        \&quot;programName\&quot;: \&quot;int\&quot;,\n        \&quot;programDescription\&quot;: \&quot;hello\&quot;,\n        \&quot;online\&quot;: true\n    },\n    {\n        \&quot;programId\&quot;: 7494,\n        \&quot;programName\&quot;: \&quot;int\&quot;,\n        \&quot;programDescription\&quot;: \&quot;hello\&quot;,\n        \&quot;online\&quot;: false\n    },\n    {\n        \&quot;programId\&quot;: 7495,\n        \&quot;programName\&quot;: \&quot;int\&quot;,\n        \&quot;programDescription\&quot;: \&quot;hello\&quot;,\n        \&quot;online\&quot;: false\n    },\n    {\n        \&quot;programId\&quot;: 7496,\n        \&quot;programName\&quot;: \&quot;int\&quot;,\n        \&quot;programDescription\&quot;: \&quot;hello\&quot;,\n        \&quot;online\&quot;: false\n    },\n    {\n        \&quot;programId\&quot;: 7497,\n        \&quot;programName\&quot;: \&quot;Calculato\&quot;,\n        \&quot;programDescription\&quot;: \&quot;Calculator Pro\&quot;,\n        \&quot;online\&quot;: false\n    },\n    {\n        \&quot;programId\&quot;: 7498,\n        \&quot;programName\&quot;: \&quot;string\&quot;,\n        \&quot;programDescription\&quot;: \&quot;string\&quot;,\n        \&quot;online\&quot;: true\n    },\n    {\n        \&quot;programId\&quot;: 7500,\n        \&quot;programName\&quot;: \&quot;Testing put - Request\&quot;,\n        \&quot;programDescription\&quot;: \&quot;Testing put - Request\&quot;,\n        \&quot;online\&quot;: true\n    },\n    {\n        \&quot;programId\&quot;: 7579,\n        \&quot;programName\&quot;: \&quot;DS\&quot;,\n        \&quot;programDescription\&quot;: \&quot;data science\&quot;,\n        \&quot;online\&quot;: false\n    },\n    {\n        \&quot;programId\&quot;: 7584,\n        \&quot;programName\&quot;: \&quot;SDET26\&quot;,\n        \&quot;programDescription\&quot;: \&quot;Automation testing\&quot;,\n        \&quot;online\&quot;: true\n    },\n    {\n        \&quot;programId\&quot;: 7504,\n        \&quot;programName\&quot;: \&quot;SDET 42\&quot;,\n        \&quot;programDescription\&quot;: \&quot;SDET 42\&quot;,\n        \&quot;online\&quot;: true\n    },\n    {\n        \&quot;programId\&quot;: 7508,\n        \&quot;programName\&quot;: \&quot;batman\&quot;,\n        \&quot;programDescription\&quot;: \&quot;string\&quot;,\n        \&quot;online\&quot;: true\n    },\n    {\n        \&quot;programId\&quot;: 7510,\n        \&quot;programName\&quot;: \&quot;string\&quot;,\n        \&quot;programDescription\&quot;: \&quot;string\&quot;,\n        \&quot;online\&quot;: true\n    },\n    {\n        \&quot;programId\&quot;: 7515,\n        \&quot;programName\&quot;: \&quot;Testing\&quot;,\n        \&quot;programDescription\&quot;: \&quot;Testing\&quot;,\n        \&quot;online\&quot;: true\n    },\n    {\n        \&quot;programId\&quot;: 7517,\n        \&quot;programName\&quot;: \&quot;Testing2\&quot;,\n        \&quot;programDescription\&quot;: \&quot;Testing2\&quot;,\n        \&quot;online\&quot;: true\n    },\n    {\n        \&quot;programId\&quot;: 7518,\n        \&quot;programName\&quot;: \&quot;math\&quot;,\n        \&quot;programDescription\&quot;: null,\n        \&quot;online\&quot;: false\n    },\n    {\n        \&quot;programId\&quot;: 7520,\n        \&quot;programName\&quot;: \&quot;science\&quot;,\n        \&quot;programDescription\&quot;: null,\n        \&quot;online\&quot;: false\n    },\n    {\n        \&quot;programId\&quot;: 7585,\n        \&quot;programName\&quot;: \&quot;DS\&quot;,\n        \&quot;programDescription\&quot;: \&quot;data science\&quot;,\n        \&quot;online\&quot;: false\n    },\n    {\n        \&quot;programId\&quot;: 7586,\n        \&quot;programName\&quot;: \&quot;SDET26\&quot;,\n        \&quot;programDescription\&quot;: \&quot;Automation testing\&quot;,\n        \&quot;online\&quot;: true\n    },\n    {\n        \&quot;programId\&quot;: 7587,\n        \&quot;programName\&quot;: \&quot;DS\&quot;,\n        \&quot;programDescription\&quot;: \&quot;data science\&quot;,\n        \&quot;online\&quot;: false\n    },\n    {\n        \&quot;programId\&quot;: 7529,\n        \&quot;programName\&quot;: \&quot;batman \&quot;,\n        \&quot;programDescription\&quot;: \&quot;string\&quot;,\n        \&quot;online\&quot;: true\n    },\n    {\n        \&quot;programId\&quot;: 7530,\n        \&quot;programName\&quot;: \&quot;ironman\&quot;,\n        \&quot;programDescription\&quot;: \&quot;string\&quot;,\n        \&quot;online\&quot;: true\n    },\n    {\n        \&quot;programId\&quot;: 7531,\n        \&quot;programName\&quot;: \&quot;java\&quot;,\n        \&quot;programDescription\&quot;: \&quot;core java\&quot;,\n        \&quot;online\&quot;: true\n    },\n    {\n        \&quot;programId\&quot;: 7532,\n        \&quot;programName\&quot;: \&quot;Multipal Digit Testing\&quot;,\n        \&quot;programDescription\&quot;: \&quot;Program ID Testing\&quot;,\n        \&quot;online\&quot;: true\n    },\n    {\n        \&quot;programId\&quot;: 7534,\n        \&quot;programName\&quot;: \&quot;Angular\&quot;,\n        \&quot;programDescription\&quot;: \&quot;AngularTESTST\&quot;,\n        \&quot;online\&quot;: true\n    },\n    {\n        \&quot;programId\&quot;: 1112,\n        \&quot;programName\&quot;: \&quot;EclipseSpecialist\&quot;,\n        \&quot;programDescription\&quot;: \&quot;EclipseEclairs\&quot;,\n        \&quot;online\&quot;: true\n    },\n    {\n        \&quot;programId\&quot;: 1113,\n        \&quot;programName\&quot;: \&quot;PatternSpecialist\&quot;,\n        \&quot;programDescription\&quot;: \&quot;PatternExpert\&quot;,\n        \&quot;online\&quot;: true\n    },\n    {\n        \&quot;programId\&quot;: 7538,\n        \&quot;programName\&quot;: \&quot;Class Assistant\&quot;,\n        \&quot;programDescription\&quot;: \&quot;Singleton class\&quot;,\n        \&quot;online\&quot;: false\n    },\n    {\n        \&quot;programId\&quot;: 7548,\n        \&quot;programName\&quot;: \&quot;cucumber learning modified\&quot;,\n        \&quot;programDescription\&quot;: \&quot;cucumber learning\&quot;,\n        \&quot;online\&quot;: false\n    },\n    {\n        \&quot;programId\&quot;: 7549,\n        \&quot;programName\&quot;: \&quot;SDET\&quot;,\n        \&quot;programDescription\&quot;: \&quot;Selenium Postman\&quot;,\n        \&quot;online\&quot;: true\n    },\n    {\n        \&quot;programId\&quot;: 7550,\n        \&quot;programName\&quot;: \&quot;Blank testing\&quot;,\n        \&quot;programDescription\&quot;: \&quot;\&quot;,\n        \&quot;online\&quot;: false\n    },\n    {\n        \&quot;programId\&quot;: 7551,\n        \&quot;programName\&quot;: \&quot;API Testing\&quot;,\n        \&quot;programDescription\&quot;: \&quot;RestAssured Postman\&quot;,\n        \&quot;online\&quot;: false\n    },\n    {\n        \&quot;programId\&quot;: 7552,\n        \&quot;programName\&quot;: \&quot;API Testing\&quot;,\n        \&quot;programDescription\&quot;: \&quot;Selenium Postman\&quot;,\n        \&quot;online\&quot;: false\n    },\n    {\n        \&quot;programId\&quot;: 7553,\n        \&quot;programName\&quot;: \&quot;Updating ProgramName for 272\&quot;,\n        \&quot;programDescription\&quot;: \&quot;Updating programDescription\&quot;,\n        \&quot;online\&quot;: false\n    },\n    {\n        \&quot;programId\&quot;: 7554,\n        \&quot;programName\&quot;: \&quot;Testing\&quot;,\n        \&quot;programDescription\&quot;: \&quot;Testing\&quot;,\n        \&quot;online\&quot;: true\n    },\n    {\n        \&quot;programId\&quot;: 7555,\n        \&quot;programName\&quot;: \&quot;Updating ProgramName for 273\&quot;,\n        \&quot;programDescription\&quot;: \&quot;Updating programDescription\&quot;,\n        \&quot;online\&quot;: true\n    },\n    {\n        \&quot;programId\&quot;: 7556,\n        \&quot;programName\&quot;: \&quot;Testing\&quot;,\n        \&quot;programDescription\&quot;: \&quot;AutomationTesting\&quot;,\n        \&quot;online\&quot;: true\n    },\n    {\n        \&quot;programId\&quot;: 7557,\n        \&quot;programName\&quot;: \&quot;cucumber learning modified\&quot;,\n        \&quot;programDescription\&quot;: \&quot;cucumber learning\&quot;,\n        \&quot;online\&quot;: false\n    },\n    {\n        \&quot;programId\&quot;: 7558,\n        \&quot;programName\&quot;: \&quot;SDET\&quot;,\n        \&quot;programDescription\&quot;: \&quot;Selenium Postman\&quot;,\n        \&quot;online\&quot;: true\n    },\n    {\n        \&quot;programId\&quot;: 7559,\n        \&quot;programName\&quot;: \&quot;Blank testing\&quot;,\n        \&quot;programDescription\&quot;: \&quot;\&quot;,\n        \&quot;online\&quot;: false\n    },\n    {\n        \&quot;programId\&quot;: 7561,\n        \&quot;programName\&quot;: \&quot;API Testing\&quot;,\n        \&quot;programDescription\&quot;: \&quot;Selenium Postman\&quot;,\n        \&quot;online\&quot;: false\n    },\n    {\n        \&quot;programId\&quot;: 7562,\n        \&quot;programName\&quot;: \&quot;Updating ProgramName for 272\&quot;,\n        \&quot;programDescription\&quot;: \&quot;Updating programDescription\&quot;,\n        \&quot;online\&quot;: false\n    },\n    {\n        \&quot;programId\&quot;: 7563,\n        \&quot;programName\&quot;: \&quot;Testing\&quot;,\n        \&quot;programDescription\&quot;: \&quot;Testing\&quot;,\n        \&quot;online\&quot;: true\n    },\n    {\n        \&quot;programId\&quot;: 7564,\n        \&quot;programName\&quot;: \&quot;Updating ProgramName for 273\&quot;,\n        \&quot;programDescription\&quot;: \&quot;Updating programDescription\&quot;,\n        \&quot;online\&quot;: true\n    },\n    {\n        \&quot;programId\&quot;: 7565,\n        \&quot;programName\&quot;: \&quot;Testing\&quot;,\n        \&quot;programDescription\&quot;: \&quot;AutomationTesting\&quot;,\n        \&quot;online\&quot;: true\n    },\n    {\n        \&quot;programId\&quot;: 7566,\n        \&quot;programName\&quot;: \&quot;batman \&quot;,\n        \&quot;programDescription\&quot;: \&quot;string\&quot;,\n        \&quot;online\&quot;: true\n    },\n    {\n        \&quot;programId\&quot;: 7567,\n        \&quot;programName\&quot;: \&quot;ironman\&quot;,\n        \&quot;programDescription\&quot;: \&quot;string\&quot;,\n        \&quot;online\&quot;: true\n    },\n    {\n        \&quot;programId\&quot;: 7568,\n        \&quot;programName\&quot;: \&quot;java\&quot;,\n        \&quot;programDescription\&quot;: \&quot;core java\&quot;,\n        \&quot;online\&quot;: true\n    },\n    {\n        \&quot;programId\&quot;: 7569,\n        \&quot;programName\&quot;: \&quot;Multipal Digit Testing\&quot;,\n        \&quot;programDescription\&quot;: \&quot;Program ID Testing\&quot;,\n        \&quot;online\&quot;: true\n    },\n    {\n        \&quot;programId\&quot;: 7588,\n        \&quot;programName\&quot;: \&quot;SDET26\&quot;,\n        \&quot;programDescription\&quot;: \&quot;Automation testing\&quot;,\n        \&quot;online\&quot;: true\n    },\n    {\n        \&quot;programId\&quot;: 7589,\n        \&quot;programName\&quot;: \&quot;DS\&quot;,\n        \&quot;programDescription\&quot;: \&quot;data science\&quot;,\n        \&quot;online\&quot;: false\n    },\n    {\n        \&quot;programId\&quot;: 7590,\n        \&quot;programName\&quot;: \&quot;SDET26\&quot;,\n        \&quot;programDescription\&quot;: \&quot;Automation testing\&quot;,\n        \&quot;online\&quot;: true\n    },\n    {\n        \&quot;programId\&quot;: 7591,\n        \&quot;programName\&quot;: \&quot;DS\&quot;,\n        \&quot;programDescription\&quot;: \&quot;data science\&quot;,\n        \&quot;online\&quot;: false\n    },\n    {\n        \&quot;programId\&quot;: 7592,\n        \&quot;programName\&quot;: \&quot;SDET26\&quot;,\n        \&quot;programDescription\&quot;: \&quot;Automation testing\&quot;,\n        \&quot;online\&quot;: true\n    },\n    {\n        \&quot;programId\&quot;: 7593,\n        \&quot;programName\&quot;: \&quot;DS\&quot;,\n        \&quot;programDescription\&quot;: \&quot;data science\&quot;,\n        \&quot;online\&quot;: false\n    },\n    {\n        \&quot;programId\&quot;: 7594,\n        \&quot;programName\&quot;: \&quot;SDET26\&quot;,\n        \&quot;programDescription\&quot;: \&quot;Automation testing\&quot;,\n        \&quot;online\&quot;: true\n    },\n    {\n        \&quot;programId\&quot;: 7595,\n        \&quot;programName\&quot;: \&quot;DS\&quot;,\n        \&quot;programDescription\&quot;: \&quot;data science\&quot;,\n        \&quot;online\&quot;: false\n    },\n    {\n        \&quot;programId\&quot;: 7596,\n        \&quot;programName\&quot;: \&quot;SDET26\&quot;,\n        \&quot;programDescription\&quot;: \&quot;Automation testing\&quot;,\n        \&quot;online\&quot;: true\n    },\n    {\n        \&quot;programId\&quot;: 7597,\n        \&quot;programName\&quot;: \&quot;DS\&quot;,\n        \&quot;programDescription\&quot;: \&quot;data science\&quot;,\n        \&quot;online\&quot;: false\n    },\n    {\n        \&quot;programId\&quot;: 7598,\n        \&quot;programName\&quot;: \&quot;SDET26\&quot;,\n        \&quot;programDescription\&quot;: \&quot;management\&quot;,\n        \&quot;online\&quot;: true\n    },\n    {\n        \&quot;programId\&quot;: 7599,\n        \&quot;programName\&quot;: \&quot;SDET\&quot;,\n        \&quot;programDescription\&quot;: \&quot;api\&quot;,\n        \&quot;online\&quot;: true\n    },\n    {\n        \&quot;programId\&quot;: 7600,\n        \&quot;programName\&quot;: \&quot;SDET26\&quot;,\n        \&quot;programDescription\&quot;: \&quot;management\&quot;,\n        \&quot;online\&quot;: true\n    },\n    {\n        \&quot;programId\&quot;: 7601,\n        \&quot;programName\&quot;: \&quot;SDET26\&quot;,\n        \&quot;programDescription\&quot;: \&quot;management\&quot;,\n        \&quot;online\&quot;: true\n    },\n    {\n        \&quot;programId\&quot;: 7602,\n        \&quot;programName\&quot;: \&quot;SDET\&quot;,\n        \&quot;programDescription\&quot;: \&quot;api\&quot;,\n        \&quot;online\&quot;: true\n    },\n    {\n        \&quot;programId\&quot;: 7603,\n        \&quot;programName\&quot;: \&quot;SDET26\&quot;,\n        \&quot;programDescription\&quot;: \&quot;Automation testing\&quot;,\n        \&quot;online\&quot;: true\n    },\n    {\n        \&quot;programId\&quot;: 7604,\n        \&quot;programName\&quot;: \&quot;DS\&quot;,\n        \&quot;programDescription\&quot;: \&quot;data science\&quot;,\n        \&quot;online\&quot;: false\n    },\n    {\n        \&quot;programId\&quot;: 7607,\n        \&quot;programName\&quot;: \&quot;SDET26\&quot;,\n        \&quot;programDescription\&quot;: \&quot;management\&quot;,\n        \&quot;online\&quot;: true\n    },\n    {\n        \&quot;programId\&quot;: 429,\n        \&quot;programName\&quot;: \&quot;SDET\&quot;,\n        \&quot;programDescription\&quot;: \&quot;Part time\&quot;,\n        \&quot;online\&quot;: false\n    },\n    {\n        \&quot;programId\&quot;: 7616,\n        \&quot;programName\&quot;: \&quot;supriya\&quot;,\n        \&quot;programDescription\&quot;: \&quot;SDET\&quot;,\n        \&quot;online\&quot;: false\n    },\n    {\n        \&quot;programId\&quot;: 7630,\n        \&quot;programName\&quot;: \&quot;USA\&quot;,\n        \&quot;programDescription\&quot;: \&quot;USAstring\&quot;,\n        \&quot;online\&quot;: true\n    },\n    {\n        \&quot;programId\&quot;: 7632,\n        \&quot;programName\&quot;: \&quot;cucumber learning modified\&quot;,\n        \&quot;programDescription\&quot;: \&quot;cucumber learning\&quot;,\n        \&quot;online\&quot;: false\n    },\n    {\n        \&quot;programId\&quot;: 7631,\n        \&quot;programName\&quot;: \&quot;cucumber learning modified\&quot;,\n        \&quot;programDescription\&quot;: \&quot;cucumber learning\&quot;,\n        \&quot;online\&quot;: false\n    },\n    {\n        \&quot;programId\&quot;: 7670,\n        \&quot;programName\&quot;: \&quot;SDET\&quot;,\n        \&quot;programDescription\&quot;: \&quot;Selenium Postman\&quot;,\n        \&quot;online\&quot;: true\n    },\n    {\n        \&quot;programId\&quot;: 7671,\n        \&quot;programName\&quot;: \&quot;Blank testing\&quot;,\n        \&quot;programDescription\&quot;: \&quot;\&quot;,\n        \&quot;online\&quot;: false\n    },\n    {\n        \&quot;programId\&quot;: 7672,\n        \&quot;programName\&quot;: \&quot;API Testing\&quot;,\n        \&quot;programDescription\&quot;: \&quot;RestAssured Postman\&quot;,\n        \&quot;online\&quot;: false\n    },\n    {\n        \&quot;programId\&quot;: 7673,\n        \&quot;programName\&quot;: \&quot;API Testing\&quot;,\n        \&quot;programDescription\&quot;: \&quot;Selenium Postman\&quot;,\n        \&quot;online\&quot;: false\n    },\n    {\n        \&quot;programId\&quot;: 7674,\n        \&quot;programName\&quot;: \&quot;Updating ProgramName for 272\&quot;,\n        \&quot;programDescription\&quot;: \&quot;Updating programDescription\&quot;,\n        \&quot;online\&quot;: false\n    },\n    {\n        \&quot;programId\&quot;: 7675,\n        \&quot;programName\&quot;: \&quot;Testing\&quot;,\n        \&quot;programDescription\&quot;: \&quot;Testing\&quot;,\n        \&quot;online\&quot;: true\n    },\n    {\n        \&quot;programId\&quot;: 7676,\n        \&quot;programName\&quot;: \&quot;Updating ProgramName for 273\&quot;,\n        \&quot;programDescription\&quot;: \&quot;Updating programDescription\&quot;,\n        \&quot;online\&quot;: true\n    },\n    {\n        \&quot;programId\&quot;: 7677,\n        \&quot;programName\&quot;: \&quot;Testing\&quot;,\n        \&quot;programDescription\&quot;: \&quot;AutomationTesting\&quot;,\n        \&quot;online\&quot;: true\n    },\n    {\n        \&quot;programId\&quot;: 7678,\n        \&quot;programName\&quot;: \&quot;string\&quot;,\n        \&quot;programDescription\&quot;: \&quot;string\&quot;,\n        \&quot;online\&quot;: true\n    },\n    {\n        \&quot;programId\&quot;: 7679,\n        \&quot;programName\&quot;: \&quot;cucumber learning modified\&quot;,\n        \&quot;programDescription\&quot;: \&quot;cucumber learning\&quot;,\n        \&quot;online\&quot;: false\n    },\n    {\n        \&quot;programId\&quot;: 7680,\n        \&quot;programName\&quot;: \&quot;SDET\&quot;,\n        \&quot;programDescription\&quot;: \&quot;Selenium Postman\&quot;,\n        \&quot;online\&quot;: true\n    },\n    {\n        \&quot;programId\&quot;: 7681,\n        \&quot;programName\&quot;: \&quot;Blank testing\&quot;,\n        \&quot;programDescription\&quot;: \&quot;\&quot;,\n        \&quot;online\&quot;: false\n    },\n    {\n        \&quot;programId\&quot;: 7682,\n        \&quot;programName\&quot;: \&quot;API Testing\&quot;,\n        \&quot;programDescription\&quot;: \&quot;RestAssured Postman\&quot;,\n        \&quot;online\&quot;: false\n    },\n    {\n        \&quot;programId\&quot;: 7683,\n        \&quot;programName\&quot;: \&quot;API Testing\&quot;,\n        \&quot;programDescription\&quot;: \&quot;Selenium Postman\&quot;,\n        \&quot;online\&quot;: false\n    },\n    {\n        \&quot;programId\&quot;: 7684,\n        \&quot;programName\&quot;: \&quot;Updating ProgramName for 272\&quot;,\n        \&quot;programDescription\&quot;: \&quot;Updating programDescription\&quot;,\n        \&quot;online\&quot;: false\n    },\n    {\n        \&quot;programId\&quot;: 7685,\n        \&quot;programName\&quot;: \&quot;Testing\&quot;,\n        \&quot;programDescription\&quot;: \&quot;Testing\&quot;,\n        \&quot;online\&quot;: true\n    },\n    {\n        \&quot;programId\&quot;: 7686,\n        \&quot;programName\&quot;: \&quot;Updating ProgramName for 273\&quot;,\n        \&quot;programDescription\&quot;: \&quot;Updating programDescription\&quot;,\n        \&quot;online\&quot;: true\n    },\n    {\n        \&quot;programId\&quot;: 7687,\n        \&quot;programName\&quot;: \&quot;Testing\&quot;,\n        \&quot;programDescription\&quot;: \&quot;AutomationTesting\&quot;,\n        \&quot;online\&quot;: true\n    },\n    {\n        \&quot;programId\&quot;: 7688,\n        \&quot;programName\&quot;: \&quot;Sdet38\&quot;,\n        \&quot;programDescription\&quot;: \&quot;Postman\&quot;,\n        \&quot;online\&quot;: false\n    },\n    {\n        \&quot;programId\&quot;: 7689,\n        \&quot;programName\&quot;: \&quot;sample test\&quot;,\n        \&quot;programDescription\&quot;: \&quot;sample test\&quot;,\n        \&quot;online\&quot;: true\n    },\n    {\n        \&quot;programId\&quot;: 7690,\n        \&quot;programName\&quot;: \&quot;sample test\&quot;,\n        \&quot;programDescription\&quot;: \&quot;sample test\&quot;,\n        \&quot;online\&quot;: false\n    },\n    {\n        \&quot;programId\&quot;: 7691,\n        \&quot;programName\&quot;: \&quot;string\&quot;,\n        \&quot;programDescription\&quot;: \&quot;string\&quot;,\n        \&quot;online\&quot;: true\n    },\n    {\n        \&quot;programId\&quot;: 7693,\n        \&quot;programName\&quot;: \&quot;cucumber learning modified\&quot;,\n        \&quot;programDescription\&quot;: \&quot;cucumber learning\&quot;,\n        \&quot;online\&quot;: false\n    },\n    {\n        \&quot;programId\&quot;: 7694,\n        \&quot;programName\&quot;: \&quot;SDET\&quot;,\n        \&quot;programDescription\&quot;: \&quot;Selenium Postman\&quot;,\n        \&quot;online\&quot;: true\n    },\n    {\n        \&quot;programId\&quot;: 7695,\n        \&quot;programName\&quot;: \&quot;Blank testing\&quot;,\n        \&quot;programDescription\&quot;: \&quot;\&quot;,\n        \&quot;online\&quot;: false\n    },\n    {\n        \&quot;programId\&quot;: 7696,\n        \&quot;programName\&quot;: \&quot;API Testing\&quot;,\n        \&quot;programDescription\&quot;: \&quot;RestAssured Postman\&quot;,\n        \&quot;online\&quot;: false\n    },\n    {\n        \&quot;programId\&quot;: 7697,\n        \&quot;programName\&quot;: \&quot;API Testing\&quot;,\n        \&quot;programDescription\&quot;: \&quot;Selenium Postman\&quot;,\n        \&quot;online\&quot;: false\n    },\n    {\n        \&quot;programId\&quot;: 7698,\n        \&quot;programName\&quot;: \&quot;Updating ProgramName for 272\&quot;,\n        \&quot;programDescription\&quot;: \&quot;Updating programDescription\&quot;,\n        \&quot;online\&quot;: false\n    },\n    {\n        \&quot;programId\&quot;: 7699,\n        \&quot;programName\&quot;: \&quot;Testing\&quot;,\n        \&quot;programDescription\&quot;: \&quot;Testing\&quot;,\n        \&quot;online\&quot;: true\n    },\n    {\n        \&quot;programId\&quot;: 7700,\n        \&quot;programName\&quot;: \&quot;Updating ProgramName for 273\&quot;,\n        \&quot;programDescription\&quot;: \&quot;Updating programDescription\&quot;,\n        \&quot;online\&quot;: true\n    },\n    {\n        \&quot;programId\&quot;: 7701,\n        \&quot;programName\&quot;: \&quot;Testing\&quot;,\n        \&quot;programDescription\&quot;: \&quot;AutomationTesting\&quot;,\n        \&quot;online\&quot;: true\n    },\n    {\n        \&quot;programId\&quot;: 7692,\n        \&quot;programName\&quot;: \&quot;string\&quot;,\n        \&quot;programDescription\&quot;: \&quot;string\&quot;,\n        \&quot;online\&quot;: true\n    },\n    {\n        \&quot;programId\&quot;: 7702,\n        \&quot;programName\&quot;: \&quot;cucumber learning modified\&quot;,\n        \&quot;programDescription\&quot;: \&quot;cucumber learning\&quot;,\n        \&quot;online\&quot;: false\n    },\n    {\n        \&quot;programId\&quot;: 7703,\n        \&quot;programName\&quot;: \&quot;SDET\&quot;,\n        \&quot;programDescription\&quot;: \&quot;Selenium Postman\&quot;,\n        \&quot;online\&quot;: true\n    },\n    {\n        \&quot;programId\&quot;: 7704,\n        \&quot;programName\&quot;: \&quot;Blank testing\&quot;,\n        \&quot;programDescription\&quot;: \&quot;\&quot;,\n        \&quot;online\&quot;: false\n    },\n    {\n        \&quot;programId\&quot;: 7705,\n        \&quot;programName\&quot;: \&quot;API Testing\&quot;,\n        \&quot;programDescription\&quot;: \&quot;RestAssured Postman\&quot;,\n        \&quot;online\&quot;: false\n    },\n    {\n        \&quot;programId\&quot;: 7706,\n        \&quot;programName\&quot;: \&quot;API Testing\&quot;,\n        \&quot;programDescription\&quot;: \&quot;Selenium Postman\&quot;,\n        \&quot;online\&quot;: false\n    },\n    {\n        \&quot;programId\&quot;: 7709,\n        \&quot;programName\&quot;: \&quot;Updating ProgramName for 273\&quot;,\n        \&quot;programDescription\&quot;: \&quot;Updating programDescription\&quot;,\n        \&quot;online\&quot;: true\n    },\n    {\n        \&quot;programId\&quot;: 7710,\n        \&quot;programName\&quot;: \&quot;Testing\&quot;,\n        \&quot;programDescription\&quot;: \&quot;AutomationTesting\&quot;,\n        \&quot;online\&quot;: true\n    },\n    {\n        \&quot;programId\&quot;: 7711,\n        \&quot;programName\&quot;: \&quot;SDET26\&quot;,\n        \&quot;programDescription\&quot;: \&quot;Automation testing\&quot;,\n        \&quot;online\&quot;: true\n    },\n    {\n        \&quot;programId\&quot;: 7712,\n        \&quot;programName\&quot;: \&quot;DS\&quot;,\n        \&quot;programDescription\&quot;: \&quot;data science\&quot;,\n        \&quot;online\&quot;: false\n    },\n    {\n        \&quot;programId\&quot;: 7713,\n        \&quot;programName\&quot;: \&quot;SDET26\&quot;,\n        \&quot;programDescription\&quot;: \&quot;management\&quot;,\n        \&quot;online\&quot;: true\n    },\n    {\n        \&quot;programId\&quot;: 7714,\n        \&quot;programName\&quot;: \&quot;SDET\&quot;,\n        \&quot;programDescription\&quot;: \&quot;api\&quot;,\n        \&quot;online\&quot;: true\n    },\n    {\n        \&quot;programId\&quot;: 7715,\n        \&quot;programName\&quot;: \&quot;string modify\&quot;,\n        \&quot;programDescription\&quot;: \&quot;string\&quot;,\n        \&quot;online\&quot;: false\n    },\n    {\n        \&quot;programId\&quot;: 7716,\n        \&quot;programName\&quot;: \&quot;string modify\&quot;,\n        \&quot;programDescription\&quot;: \&quot;string\&quot;,\n        \&quot;online\&quot;: false\n    },\n    {\n        \&quot;programId\&quot;: 7717,\n        \&quot;programName\&quot;: \&quot;string\&quot;,\n        \&quot;programDescription\&quot;: \&quot;string\&quot;,\n        \&quot;online\&quot;: true\n    },\n    {\n        \&quot;programId\&quot;: 7718,\n        \&quot;programName\&quot;: \&quot;string modify\&quot;,\n        \&quot;programDescription\&quot;: \&quot;string\&quot;,\n        \&quot;online\&quot;: false\n    },\n    {\n        \&quot;programId\&quot;: 7719,\n        \&quot;programName\&quot;: \&quot;cucumber learning modified\&quot;,\n        \&quot;programDescription\&quot;: \&quot;cucumber learning\&quot;,\n        \&quot;online\&quot;: false\n    },\n    {\n        \&quot;programId\&quot;: 7720,\n        \&quot;programName\&quot;: \&quot;SDET\&quot;,\n        \&quot;programDescription\&quot;: \&quot;Selenium Postman\&quot;,\n        \&quot;online\&quot;: true\n    },\n    {\n        \&quot;programId\&quot;: 7721,\n        \&quot;programName\&quot;: \&quot;Blank testing\&quot;,\n        \&quot;programDescription\&quot;: \&quot;\&quot;,\n        \&quot;online\&quot;: false\n    },\n    {\n        \&quot;programId\&quot;: 7722,\n        \&quot;programName\&quot;: \&quot;API Testing\&quot;,\n        \&quot;programDescription\&quot;: \&quot;RestAssured Postman\&quot;,\n        \&quot;online\&quot;: false\n    },\n    {\n        \&quot;programId\&quot;: 7723,\n        \&quot;programName\&quot;: \&quot;API Testing\&quot;,\n        \&quot;programDescription\&quot;: \&quot;Selenium Postman\&quot;,\n        \&quot;online\&quot;: false\n    },\n    {\n        \&quot;programId\&quot;: 7724,\n        \&quot;programName\&quot;: \&quot;Updating ProgramName for 272\&quot;,\n        \&quot;programDescription\&quot;: \&quot;Updating programDescription\&quot;,\n        \&quot;online\&quot;: false\n    },\n    {\n        \&quot;programId\&quot;: 7725,\n        \&quot;programName\&quot;: \&quot;Testing\&quot;,\n        \&quot;programDescription\&quot;: \&quot;Testing\&quot;,\n        \&quot;online\&quot;: true\n    },\n    {\n        \&quot;programId\&quot;: 7726,\n        \&quot;programName\&quot;: \&quot;Updating ProgramName for 273\&quot;,\n        \&quot;programDescription\&quot;: \&quot;Updating programDescription\&quot;,\n        \&quot;online\&quot;: true\n    },\n    {\n        \&quot;programId\&quot;: 7727,\n        \&quot;programName\&quot;: \&quot;Testing\&quot;,\n        \&quot;programDescription\&quot;: \&quot;AutomationTesting\&quot;,\n        \&quot;online\&quot;: true\n    },\n    {\n        \&quot;programId\&quot;: 7728,\n        \&quot;programName\&quot;: \&quot;APITest\&quot;,\n        \&quot;programDescription\&quot;: \&quot;APITest\&quot;,\n        \&quot;online\&quot;: true\n    },\n    {\n        \&quot;programId\&quot;: 7729,\n        \&quot;programName\&quot;: \&quot;APITest\&quot;,\n        \&quot;programDescription\&quot;: \&quot;APITest\&quot;,\n        \&quot;online\&quot;: true\n    },\n    {\n        \&quot;programId\&quot;: 7730,\n        \&quot;programName\&quot;: \&quot;APITest\&quot;,\n        \&quot;programDescription\&quot;: \&quot;APITest\&quot;,\n        \&quot;online\&quot;: true\n    },\n    {\n        \&quot;programId\&quot;: 7731,\n        \&quot;programName\&quot;: \&quot;cucumber learning modified\&quot;,\n        \&quot;programDescription\&quot;: \&quot;cucumber learning\&quot;,\n        \&quot;online\&quot;: false\n    },\n    {\n        \&quot;programId\&quot;: 7732,\n        \&quot;programName\&quot;: \&quot;SDET\&quot;,\n        \&quot;programDescription\&quot;: \&quot;Selenium Postman\&quot;,\n        \&quot;online\&quot;: true\n    },\n    {\n        \&quot;programId\&quot;: 7733,\n        \&quot;programName\&quot;: \&quot;Blank testing\&quot;,\n        \&quot;programDescription\&quot;: \&quot;\&quot;,\n        \&quot;online\&quot;: false\n    },\n    {\n        \&quot;programId\&quot;: 7734,\n        \&quot;programName\&quot;: \&quot;API Testing\&quot;,\n        \&quot;programDescription\&quot;: \&quot;RestAssured Postman\&quot;,\n        \&quot;online\&quot;: false\n    },\n    {\n        \&quot;programId\&quot;: 7735,\n        \&quot;programName\&quot;: \&quot;API Testing\&quot;,\n        \&quot;programDescription\&quot;: \&quot;Selenium Postman\&quot;,\n        \&quot;online\&quot;: false\n    },\n    {\n        \&quot;programId\&quot;: 7736,\n        \&quot;programName\&quot;: \&quot;Updating ProgramName for 272\&quot;,\n        \&quot;programDescription\&quot;: \&quot;Updating programDescription\&quot;,\n        \&quot;online\&quot;: false\n    },\n    {\n        \&quot;programId\&quot;: 7737,\n        \&quot;programName\&quot;: \&quot;Testing\&quot;,\n        \&quot;programDescription\&quot;: \&quot;Testing\&quot;,\n        \&quot;online\&quot;: true\n    },\n    {\n        \&quot;programId\&quot;: 7738,\n        \&quot;programName\&quot;: \&quot;Updating ProgramName for 273\&quot;,\n        \&quot;programDescription\&quot;: \&quot;Updating programDescription\&quot;,\n        \&quot;online\&quot;: true\n    },\n    {\n        \&quot;programId\&quot;: 7739,\n        \&quot;programName\&quot;: \&quot;Testing\&quot;,\n        \&quot;programDescription\&quot;: \&quot;AutomationTesting\&quot;,\n        \&quot;online\&quot;: true\n    },\n    {\n        \&quot;programId\&quot;: 7740,\n        \&quot;programName\&quot;: \&quot;cucumber learning modified\&quot;,\n        \&quot;programDescription\&quot;: \&quot;cucumber learning\&quot;,\n        \&quot;online\&quot;: false\n    },\n    {\n        \&quot;programId\&quot;: 7741,\n        \&quot;programName\&quot;: \&quot;SDET\&quot;,\n        \&quot;programDescription\&quot;: \&quot;Selenium Postman\&quot;,\n        \&quot;online\&quot;: true\n    },\n    {\n        \&quot;programId\&quot;: 7742,\n        \&quot;programName\&quot;: \&quot;Blank testing\&quot;,\n        \&quot;programDescription\&quot;: \&quot;\&quot;,\n        \&quot;online\&quot;: false\n    },\n    {\n        \&quot;programId\&quot;: 7743,\n        \&quot;programName\&quot;: \&quot;API Testing\&quot;,\n        \&quot;programDescription\&quot;: \&quot;RestAssured Postman\&quot;,\n        \&quot;online\&quot;: false\n    },\n    {\n        \&quot;programId\&quot;: 7744,\n        \&quot;programName\&quot;: \&quot;API Testing\&quot;,\n        \&quot;programDescription\&quot;: \&quot;Selenium Postman\&quot;,\n        \&quot;online\&quot;: false\n    },\n    {\n        \&quot;programId\&quot;: 7745,\n        \&quot;programName\&quot;: \&quot;Updating ProgramName for 272\&quot;,\n        \&quot;programDescription\&quot;: \&quot;Updating programDescription\&quot;,\n        \&quot;online\&quot;: false\n    },\n    {\n        \&quot;programId\&quot;: 7746,\n        \&quot;programName\&quot;: \&quot;Testing\&quot;,\n        \&quot;programDescription\&quot;: \&quot;Testing\&quot;,\n        \&quot;online\&quot;: true\n    },\n    {\n        \&quot;programId\&quot;: 7747,\n        \&quot;programName\&quot;: \&quot;Updating ProgramName for 273\&quot;,\n        \&quot;programDescription\&quot;: \&quot;Updating programDescription\&quot;,\n        \&quot;online\&quot;: true\n    },\n    {\n        \&quot;programId\&quot;: 7748,\n        \&quot;programName\&quot;: \&quot;Testing\&quot;,\n        \&quot;programDescription\&quot;: \&quot;AutomationTesting\&quot;,\n        \&quot;online\&quot;: true\n    },\n    {\n        \&quot;programId\&quot;: 7749,\n        \&quot;programName\&quot;: \&quot;SME\&quot;,\n        \&quot;programDescription\&quot;: null,\n        \&quot;online\&quot;: false\n    },\n    {\n        \&quot;programId\&quot;: 7752,\n        \&quot;programName\&quot;: \&quot;cucumber learning modified\&quot;,\n        \&quot;programDescription\&quot;: \&quot;cucumber learning\&quot;,\n        \&quot;online\&quot;: false\n    },\n    {\n        \&quot;programId\&quot;: 7753,\n        \&quot;programName\&quot;: \&quot;SDET\&quot;,\n        \&quot;programDescription\&quot;: \&quot;Selenium Postman\&quot;,\n        \&quot;online\&quot;: true\n    },\n    {\n        \&quot;programId\&quot;: 7754,\n        \&quot;programName\&quot;: \&quot;Blank testing\&quot;,\n        \&quot;programDescription\&quot;: \&quot;\&quot;,\n        \&quot;online\&quot;: false\n    },\n    {\n        \&quot;programId\&quot;: 7755,\n        \&quot;programName\&quot;: \&quot;API Testing\&quot;,\n        \&quot;programDescription\&quot;: \&quot;RestAssured Postman\&quot;,\n        \&quot;online\&quot;: false\n    },\n    {\n        \&quot;programId\&quot;: 7756,\n        \&quot;programName\&quot;: \&quot;API Testing\&quot;,\n        \&quot;programDescription\&quot;: \&quot;Selenium Postman\&quot;,\n        \&quot;online\&quot;: false\n    },\n    {\n        \&quot;programId\&quot;: 7757,\n        \&quot;programName\&quot;: \&quot;Updating ProgramName for 272\&quot;,\n        \&quot;programDescription\&quot;: \&quot;Updating programDescription\&quot;,\n        \&quot;online\&quot;: false\n    },\n    {\n        \&quot;programId\&quot;: 7758,\n        \&quot;programName\&quot;: \&quot;Testing\&quot;,\n        \&quot;programDescription\&quot;: \&quot;Testing\&quot;,\n        \&quot;online\&quot;: true\n    },\n    {\n        \&quot;programId\&quot;: 7759,\n        \&quot;programName\&quot;: \&quot;Updating ProgramName for 273\&quot;,\n        \&quot;programDescription\&quot;: \&quot;Updating programDescription\&quot;,\n        \&quot;online\&quot;: true\n    },\n    {\n        \&quot;programId\&quot;: 7760,\n        \&quot;programName\&quot;: \&quot;Testing\&quot;,\n        \&quot;programDescription\&quot;: \&quot;AutomationTesting\&quot;,\n        \&quot;online\&quot;: true\n    },\n    {\n        \&quot;programId\&quot;: 7761,\n        \&quot;programName\&quot;: \&quot;SME\&quot;,\n        \&quot;programDescription\&quot;: null,\n        \&quot;online\&quot;: false\n    },\n    {\n        \&quot;programId\&quot;: 7764,\n        \&quot;programName\&quot;: \&quot;SME\&quot;,\n        \&quot;programDescription\&quot;: \&quot;HealthCare\&quot;,\n        \&quot;online\&quot;: true\n    },\n    {\n        \&quot;programId\&quot;: 9266,\n        \&quot;programName\&quot;: \&quot;DS\&quot;,\n        \&quot;programDescription\&quot;: \&quot;data science\&quot;,\n        \&quot;online\&quot;: true\n    },\n    {\n        \&quot;programId\&quot;: 7766,\n        \&quot;programName\&quot;: \&quot;Backend Developer\&quot;,\n        \&quot;programDescription\&quot;: \&quot;Sql Developer\&quot;,\n        \&quot;online\&quot;: true\n    },\n    {\n        \&quot;programId\&quot;: 7767,\n        \&quot;programName\&quot;: \&quot;SME\&quot;,\n        \&quot;programDescription\&quot;: \&quot;HealthCare\&quot;,\n        \&quot;online\&quot;: true\n    },\n    {\n        \&quot;programId\&quot;: 7768,\n        \&quot;programName\&quot;: \&quot;Scrum Master\&quot;,\n        \&quot;programDescription\&quot;: \&quot;Agile\&quot;,\n        \&quot;online\&quot;: true\n    },\n    {\n        \&quot;programId\&quot;: 7769,\n        \&quot;programName\&quot;: \&quot;Backend Developer\&quot;,\n        \&quot;programDescription\&quot;: \&quot;Sql Developer\&quot;,\n        \&quot;online\&quot;: true\n    },\n    {\n        \&quot;programId\&quot;: 7770,\n        \&quot;programName\&quot;: \&quot;cucumber learning modified\&quot;,\n        \&quot;programDescription\&quot;: \&quot;cucumber learning\&quot;,\n        \&quot;online\&quot;: false\n    },\n    {\n        \&quot;programId\&quot;: 7771,\n        \&quot;programName\&quot;: \&quot;SDET\&quot;,\n        \&quot;programDescription\&quot;: \&quot;Selenium Postman\&quot;,\n        \&quot;online\&quot;: true\n    },\n    {\n        \&quot;programId\&quot;: 7772,\n        \&quot;programName\&quot;: \&quot;Blank testing\&quot;,\n        \&quot;programDescription\&quot;: \&quot;\&quot;,\n        \&quot;online\&quot;: false\n    },\n    {\n        \&quot;programId\&quot;: 7773,\n        \&quot;programName\&quot;: \&quot;API Testing\&quot;,\n        \&quot;programDescription\&quot;: \&quot;RestAssured Postman\&quot;,\n        \&quot;online\&quot;: false\n    },\n    {\n        \&quot;programId\&quot;: 7774,\n        \&quot;programName\&quot;: \&quot;API Testing\&quot;,\n        \&quot;programDescription\&quot;: \&quot;Selenium Postman\&quot;,\n        \&quot;online\&quot;: false\n    },\n    {\n        \&quot;programId\&quot;: 7775,\n        \&quot;programName\&quot;: \&quot;Updating ProgramName for 272\&quot;,\n        \&quot;programDescription\&quot;: \&quot;Updating programDescription\&quot;,\n        \&quot;online\&quot;: false\n    },\n    {\n        \&quot;programId\&quot;: 7776,\n        \&quot;programName\&quot;: \&quot;Testing\&quot;,\n        \&quot;programDescription\&quot;: \&quot;Testing\&quot;,\n        \&quot;online\&quot;: true\n    },\n    {\n        \&quot;programId\&quot;: 7777,\n        \&quot;programName\&quot;: \&quot;Updating ProgramName for 273\&quot;,\n        \&quot;programDescription\&quot;: \&quot;Updating programDescription\&quot;,\n        \&quot;online\&quot;: true\n    },\n    {\n        \&quot;programId\&quot;: 9306,\n        \&quot;programName\&quot;: \&quot;lms api modified\&quot;,\n        \&quot;programDescription\&quot;: \&quot;lms api modified\&quot;,\n        \&quot;online\&quot;: true\n    },\n    {\n        \&quot;programId\&quot;: 9307,\n        \&quot;programName\&quot;: \&quot;Testing\&quot;,\n        \&quot;programDescription\&quot;: \&quot;Testing\&quot;,\n        \&quot;online\&quot;: true\n    },\n    {\n        \&quot;programId\&quot;: 7782,\n        \&quot;programName\&quot;: \&quot;string\&quot;,\n        \&quot;programDescription\&quot;: \&quot;string\&quot;,\n        \&quot;online\&quot;: true\n    },\n    {\n        \&quot;programId\&quot;: 7783,\n        \&quot;programName\&quot;: \&quot;string\&quot;,\n        \&quot;programDescription\&quot;: \&quot;string\&quot;,\n        \&quot;online\&quot;: true\n    },\n    {\n        \&quot;programId\&quot;: 7785,\n        \&quot;programName\&quot;: \&quot;string\&quot;,\n        \&quot;programDescription\&quot;: \&quot;string\&quot;,\n        \&quot;online\&quot;: true\n    },\n    {\n        \&quot;programId\&quot;: 7786,\n        \&quot;programName\&quot;: \&quot;string\&quot;,\n        \&quot;programDescription\&quot;: \&quot;string\&quot;,\n        \&quot;online\&quot;: true\n    },\n    {\n        \&quot;programId\&quot;: 7787,\n        \&quot;programName\&quot;: \&quot;string\&quot;,\n        \&quot;programDescription\&quot;: \&quot;string\&quot;,\n        \&quot;online\&quot;: true\n    },\n    {\n        \&quot;programId\&quot;: 7789,\n        \&quot;programName\&quot;: \&quot;string\&quot;,\n        \&quot;programDescription\&quot;: \&quot;string\&quot;,\n        \&quot;online\&quot;: true\n    },\n    {\n        \&quot;programId\&quot;: 7790,\n        \&quot;programName\&quot;: \&quot;string\&quot;,\n        \&quot;programDescription\&quot;: \&quot;string\&quot;,\n        \&quot;online\&quot;: true\n    },\n    {\n        \&quot;programId\&quot;: 7792,\n        \&quot;programName\&quot;: \&quot;string\&quot;,\n        \&quot;programDescription\&quot;: \&quot;string\&quot;,\n        \&quot;online\&quot;: true\n    },\n    {\n        \&quot;programId\&quot;: 7793,\n        \&quot;programName\&quot;: \&quot;string\&quot;,\n        \&quot;programDescription\&quot;: \&quot;string\&quot;,\n        \&quot;online\&quot;: true\n    },\n    {\n        \&quot;programId\&quot;: 7794,\n        \&quot;programName\&quot;: \&quot;string\&quot;,\n        \&quot;programDescription\&quot;: \&quot;string\&quot;,\n        \&quot;online\&quot;: true\n    },\n    {\n        \&quot;programId\&quot;: 7795,\n        \&quot;programName\&quot;: \&quot;string\&quot;,\n        \&quot;programDescription\&quot;: \&quot;string\&quot;,\n        \&quot;online\&quot;: true\n    },\n    {\n        \&quot;programId\&quot;: 9308,\n        \&quot;programName\&quot;: \&quot;Testing\&quot;,\n        \&quot;programDescription\&quot;: \&quot;Testing\&quot;,\n        \&quot;online\&quot;: true\n    },\n    {\n        \&quot;programId\&quot;: 7796,\n        \&quot;programName\&quot;: \&quot;string\&quot;,\n        \&quot;programDescription\&quot;: \&quot;string\&quot;,\n        \&quot;online\&quot;: true\n    },\n    {\n        \&quot;programId\&quot;: 7797,\n        \&quot;programName\&quot;: \&quot;string\&quot;,\n        \&quot;programDescription\&quot;: \&quot;string\&quot;,\n        \&quot;online\&quot;: true\n    },\n    {\n        \&quot;programId\&quot;: 7798,\n        \&quot;programName\&quot;: \&quot;string\&quot;,\n        \&quot;programDescription\&quot;: \&quot;string\&quot;,\n        \&quot;online\&quot;: true\n    },\n    {\n        \&quot;programId\&quot;: 7799,\n        \&quot;programName\&quot;: \&quot;string\&quot;,\n        \&quot;programDescription\&quot;: \&quot;string\&quot;,\n        \&quot;online\&quot;: true\n    },\n    {\n        \&quot;programId\&quot;: 7800,\n        \&quot;programName\&quot;: \&quot;string\&quot;,\n        \&quot;programDescription\&quot;: \&quot;string\&quot;,\n        \&quot;online\&quot;: true\n    },\n    {\n        \&quot;programId\&quot;: 7801,\n        \&quot;programName\&quot;: \&quot;string\&quot;,\n        \&quot;programDescription\&quot;: \&quot;string\&quot;,\n        \&quot;online\&quot;: true\n    },\n    {\n        \&quot;programId\&quot;: 7802,\n        \&quot;programName\&quot;: \&quot;string\&quot;,\n        \&quot;programDescription\&quot;: \&quot;string\&quot;,\n        \&quot;online\&quot;: true\n    },\n    {\n        \&quot;programId\&quot;: 7803,\n        \&quot;programName\&quot;: \&quot;string\&quot;,\n        \&quot;programDescription\&quot;: \&quot;string\&quot;,\n        \&quot;online\&quot;: true\n    },\n    {\n        \&quot;programId\&quot;: 7804,\n        \&quot;programName\&quot;: \&quot;string\&quot;,\n        \&quot;programDescription\&quot;: \&quot;string\&quot;,\n        \&quot;online\&quot;: true\n    },\n    {\n        \&quot;programId\&quot;: 7780,\n        \&quot;programName\&quot;: \&quot;string\&quot;,\n        \&quot;programDescription\&quot;: \&quot;string\&quot;,\n        \&quot;online\&quot;: true\n    },\n    {\n        \&quot;programId\&quot;: 7807,\n        \&quot;programName\&quot;: \&quot;batman \&quot;,\n        \&quot;programDescription\&quot;: \&quot;string\&quot;,\n        \&quot;online\&quot;: true\n    },\n    {\n        \&quot;programId\&quot;: 7808,\n        \&quot;programName\&quot;: \&quot;ironman\&quot;,\n        \&quot;programDescription\&quot;: \&quot;string\&quot;,\n        \&quot;online\&quot;: true\n    },\n    {\n        \&quot;programId\&quot;: 7809,\n        \&quot;programName\&quot;: \&quot;java\&quot;,\n        \&quot;programDescription\&quot;: \&quot;core java\&quot;,\n        \&quot;online\&quot;: true\n    },\n    {\n        \&quot;programId\&quot;: 7810,\n        \&quot;programName\&quot;: \&quot;Multipal Digit Testing\&quot;,\n        \&quot;programDescription\&quot;: \&quot;Program ID Testing\&quot;,\n        \&quot;online\&quot;: true\n    },\n    {\n        \&quot;programId\&quot;: 7813,\n        \&quot;programName\&quot;: \&quot;fizzy bath bom\&quot;,\n        \&quot;programDescription\&quot;: \&quot;science project is used in school\&quot;,\n        \&quot;online\&quot;: true\n    },\n    {\n        \&quot;programId\&quot;: 9267,\n        \&quot;programName\&quot;: \&quot;string\&quot;,\n        \&quot;programDescription\&quot;: \&quot;string\&quot;,\n        \&quot;online\&quot;: true\n    },\n    {\n        \&quot;programId\&quot;: 7814,\n        \&quot;programName\&quot;: \&quot;API\&quot;,\n        \&quot;programDescription\&quot;: \&quot;APITesting\&quot;,\n        \&quot;online\&quot;: true\n    },\n    {\n        \&quot;programId\&quot;: 7815,\n        \&quot;programName\&quot;: \&quot;API\&quot;,\n        \&quot;programDescription\&quot;: \&quot;APITesting\&quot;,\n        \&quot;online\&quot;: false\n    },\n    {\n        \&quot;programId\&quot;: 7818,\n        \&quot;programName\&quot;: \&quot;Python programming\&quot;,\n        \&quot;programDescription\&quot;: \&quot;Learn Python\&quot;,\n        \&quot;online\&quot;: true\n    },\n    {\n        \&quot;programId\&quot;: 7819,\n        \&quot;programName\&quot;: \&quot;API testing\&quot;,\n        \&quot;programDescription\&quot;: \&quot;Testing using Postman \&quot;,\n        \&quot;online\&quot;: true\n    },\n    {\n        \&quot;programId\&quot;: 7820,\n        \&quot;programName\&quot;: \&quot;string\&quot;,\n        \&quot;programDescription\&quot;: \&quot;string modification\&quot;,\n        \&quot;online\&quot;: true\n    },\n    {\n        \&quot;programId\&quot;: 7821,\n        \&quot;programName\&quot;: \&quot;PRADEEPA TESTING MODIFY\&quot;,\n        \&quot;programDescription\&quot;: \&quot;TESTING MODIFY\&quot;,\n        \&quot;online\&quot;: true\n    },\n    {\n        \&quot;programId\&quot;: 7822,\n        \&quot;programName\&quot;: \&quot;Anjali\&quot;,\n        \&quot;programDescription\&quot;: \&quot;anjali\&quot;,\n        \&quot;online\&quot;: true\n    },\n    {\n        \&quot;programId\&quot;: 7823,\n        \&quot;programName\&quot;: \&quot;Anjali\&quot;,\n        \&quot;programDescription\&quot;: \&quot;anjali\&quot;,\n        \&quot;online\&quot;: true\n    },\n    {\n        \&quot;programId\&quot;: 7824,\n        \&quot;programName\&quot;: \&quot;Anjali\&quot;,\n        \&quot;programDescription\&quot;: \&quot;anjali\&quot;,\n        \&quot;online\&quot;: true\n    },\n    {\n        \&quot;programId\&quot;: 7825,\n        \&quot;programName\&quot;: \&quot;Anjali\&quot;,\n        \&quot;programDescription\&quot;: \&quot;anjali\&quot;,\n        \&quot;online\&quot;: true\n    },\n    {\n        \&quot;programId\&quot;: 7826,\n        \&quot;programName\&quot;: \&quot;Anjali\&quot;,\n        \&quot;programDescription\&quot;: \&quot;anjali\&quot;,\n        \&quot;online\&quot;: true\n    },\n    {\n        \&quot;programId\&quot;: 7827,\n        \&quot;programName\&quot;: \&quot;Anjali\&quot;,\n        \&quot;programDescription\&quot;: \&quot;anjali\&quot;,\n        \&quot;online\&quot;: true\n    },\n    {\n        \&quot;programId\&quot;: 7828,\n        \&quot;programName\&quot;: \&quot;Anjali\&quot;,\n        \&quot;programDescription\&quot;: \&quot;anjali\&quot;,\n        \&quot;online\&quot;: true\n    },\n    {\n        \&quot;programId\&quot;: 7829,\n        \&quot;programName\&quot;: \&quot;Anjali\&quot;,\n        \&quot;programDescription\&quot;: \&quot;anjali\&quot;,\n        \&quot;online\&quot;: true\n    },\n    {\n        \&quot;programId\&quot;: 8068,\n        \&quot;programName\&quot;: \&quot;Selenium\&quot;,\n        \&quot;programDescription\&quot;: \&quot;Automation Testing\&quot;,\n        \&quot;online\&quot;: true\n    },\n    {\n        \&quot;programId\&quot;: 7830,\n        \&quot;programName\&quot;: \&quot;batman \&quot;,\n        \&quot;programDescription\&quot;: \&quot;string\&quot;,\n        \&quot;online\&quot;: true\n    },\n    {\n        \&quot;programId\&quot;: 7831,\n        \&quot;programName\&quot;: \&quot;ironman\&quot;,\n        \&quot;programDescription\&quot;: \&quot;string\&quot;,\n        \&quot;online\&quot;: true\n    },\n    {\n        \&quot;programId\&quot;: 7832,\n        \&quot;programName\&quot;: \&quot;java\&quot;,\n        \&quot;programDescription\&quot;: \&quot;core java\&quot;,\n        \&quot;online\&quot;: true\n    },\n    {\n        \&quot;programId\&quot;: 7833,\n        \&quot;programName\&quot;: \&quot;Multipal Digit Testing\&quot;,\n        \&quot;programDescription\&quot;: \&quot;Program ID Testing\&quot;,\n        \&quot;online\&quot;: true\n    },\n    {\n        \&quot;programId\&quot;: 7834,\n        \&quot;programName\&quot;: \&quot;batman \&quot;,\n        \&quot;programDescription\&quot;: \&quot;string\&quot;,\n        \&quot;online\&quot;: true\n    },\n    {\n        \&quot;programId\&quot;: 7835,\n        \&quot;programName\&quot;: \&quot;ironman\&quot;,\n        \&quot;programDescription\&quot;: \&quot;string\&quot;,\n        \&quot;online\&quot;: true\n    },\n    {\n        \&quot;programId\&quot;: 7836,\n        \&quot;programName\&quot;: \&quot;java\&quot;,\n        \&quot;programDescription\&quot;: \&quot;core java\&quot;,\n        \&quot;online\&quot;: true\n    },\n    {\n        \&quot;programId\&quot;: 7837,\n        \&quot;programName\&quot;: \&quot;Multipal Digit Testing\&quot;,\n        \&quot;programDescription\&quot;: \&quot;Program ID Testing\&quot;,\n        \&quot;online\&quot;: true\n    },\n    {\n        \&quot;programId\&quot;: 7838,\n        \&quot;programName\&quot;: \&quot;Python programming\&quot;,\n        \&quot;programDescription\&quot;: \&quot;Learn Python\&quot;,\n        \&quot;online\&quot;: false\n    },\n    {\n        \&quot;programId\&quot;: 7839,\n        \&quot;programName\&quot;: \&quot;Python programming Modified\&quot;,\n        \&quot;programDescription\&quot;: \&quot;Learn Python Modified\&quot;,\n        \&quot;online\&quot;: false\n    },\n    {\n        \&quot;programId\&quot;: 7840,\n        \&quot;programName\&quot;: \&quot;API testing\&quot;,\n        \&quot;programDescription\&quot;: \&quot;Testing using Postman \&quot;,\n        \&quot;online\&quot;: false\n    },\n    {\n        \&quot;programId\&quot;: 7841,\n        \&quot;programName\&quot;: \&quot;API testing Modified\&quot;,\n        \&quot;programDescription\&quot;: \&quot;Testing using Postman  Modified\&quot;,\n        \&quot;online\&quot;: false\n    },\n    {\n        \&quot;programId\&quot;: 7842,\n        \&quot;programName\&quot;: \&quot;Python programming\&quot;,\n        \&quot;programDescription\&quot;: \&quot;Learn Python\&quot;,\n        \&quot;online\&quot;: false\n    },\n    {\n        \&quot;programId\&quot;: 7844,\n        \&quot;programName\&quot;: \&quot;API testing\&quot;,\n        \&quot;programDescription\&quot;: \&quot;Testing using Postman \&quot;,\n        \&quot;online\&quot;: false\n    },\n    {\n        \&quot;programId\&quot;: 7846,\n        \&quot;programName\&quot;: \&quot;Python programming\&quot;,\n        \&quot;programDescription\&quot;: \&quot;Learn Python\&quot;,\n        \&quot;online\&quot;: false\n    },\n    {\n        \&quot;programId\&quot;: 7847,\n        \&quot;programName\&quot;: \&quot;API testing\&quot;,\n        \&quot;programDescription\&quot;: \&quot;Testing using Postman \&quot;,\n        \&quot;online\&quot;: false\n    },\n    {\n        \&quot;programId\&quot;: 7848,\n        \&quot;programName\&quot;: \&quot;Python programming\&quot;,\n        \&quot;programDescription\&quot;: \&quot;Learn Python\&quot;,\n        \&quot;online\&quot;: false\n    },\n    {\n        \&quot;programId\&quot;: 7849,\n        \&quot;programName\&quot;: \&quot;API testing\&quot;,\n        \&quot;programDescription\&quot;: \&quot;Testing using Postman \&quot;,\n        \&quot;online\&quot;: false\n    },\n    {\n        \&quot;programId\&quot;: 9268,\n        \&quot;programName\&quot;: \&quot;string\&quot;,\n        \&quot;programDescription\&quot;: \&quot;string\&quot;,\n        \&quot;online\&quot;: true\n    },\n    {\n        \&quot;programId\&quot;: 7852,\n        \&quot;programName\&quot;: \&quot;Learn Pyt Modified\&quot;,\n        \&quot;programDescription\&quot;: \&quot; Pyt Pgm Modified\&quot;,\n        \&quot;online\&quot;: false\n    },\n    {\n        \&quot;programId\&quot;: 7853,\n        \&quot;programName\&quot;: \&quot;Learn Pyt Modified\&quot;,\n        \&quot;programDescription\&quot;: \&quot; Pyt Pgm Modified\&quot;,\n        \&quot;online\&quot;: false\n    },\n    {\n        \&quot;programId\&quot;: 7854,\n        \&quot;programName\&quot;: \&quot;string\&quot;,\n        \&quot;programDescription\&quot;: \&quot;string\&quot;,\n        \&quot;online\&quot;: true\n    },\n    {\n        \&quot;programId\&quot;: 7855,\n        \&quot;programName\&quot;: \&quot;Namitha Krishna\&quot;,\n        \&quot;programDescription\&quot;: \&quot;Testing\&quot;,\n        \&quot;online\&quot;: false\n    },\n    {\n        \&quot;programId\&quot;: 7856,\n        \&quot;programName\&quot;: \&quot;Java123\&quot;,\n        \&quot;programDescription\&quot;: \&quot;Java Pro\&quot;,\n        \&quot;online\&quot;: true\n    },\n    {\n        \&quot;programId\&quot;: 7857,\n        \&quot;programName\&quot;: \&quot;Selenium\&quot;,\n        \&quot;programDescription\&quot;: \&quot;Java Pro2\&quot;,\n        \&quot;online\&quot;: true\n    },\n    {\n        \&quot;programId\&quot;: 7858,\n        \&quot;programName\&quot;: \&quot;SDET\&quot;,\n        \&quot;programDescription\&quot;: \&quot;SDET20\&quot;,\n        \&quot;online\&quot;: true\n    },\n    {\n        \&quot;programId\&quot;: 7859,\n        \&quot;programName\&quot;: \&quot;SDET28\&quot;,\n        \&quot;programDescription\&quot;: \&quot;Automation Testing\&quot;,\n        \&quot;online\&quot;: true\n    },\n    {\n        \&quot;programId\&quot;: 7860,\n        \&quot;programName\&quot;: \&quot;DS\&quot;,\n        \&quot;programDescription\&quot;: \&quot;Data Science\&quot;,\n        \&quot;online\&quot;: false\n    },\n    {\n        \&quot;programId\&quot;: 7861,\n        \&quot;programName\&quot;: \&quot;SQL\&quot;,\n        \&quot;programDescription\&quot;: \&quot;SQL\&quot;,\n        \&quot;online\&quot;: true\n    },\n    {\n        \&quot;programId\&quot;: 7862,\n        \&quot;programName\&quot;: \&quot;NOSQL\&quot;,\n        \&quot;programDescription\&quot;: \&quot;NOSQL\&quot;,\n        \&quot;online\&quot;: false\n    },\n    {\n        \&quot;programId\&quot;: 7863,\n        \&quot;programName\&quot;: \&quot;Testing\&quot;,\n        \&quot;programDescription\&quot;: \&quot;Testing\&quot;,\n        \&quot;online\&quot;: true\n    },\n    {\n        \&quot;programId\&quot;: 7864,\n        \&quot;programName\&quot;: \&quot;SDET28\&quot;,\n        \&quot;programDescription\&quot;: \&quot;Automation Testing\&quot;,\n        \&quot;online\&quot;: true\n    },\n    {\n        \&quot;programId\&quot;: 7865,\n        \&quot;programName\&quot;: \&quot;DS\&quot;,\n        \&quot;programDescription\&quot;: \&quot;Data Science\&quot;,\n        \&quot;online\&quot;: false\n    },\n    {\n        \&quot;programId\&quot;: 7866,\n        \&quot;programName\&quot;: \&quot;SQL\&quot;,\n        \&quot;programDescription\&quot;: \&quot;SQL\&quot;,\n        \&quot;online\&quot;: true\n    },\n    {\n        \&quot;programId\&quot;: 7867,\n        \&quot;programName\&quot;: \&quot;NOSQL\&quot;,\n        \&quot;programDescription\&quot;: \&quot;NOSQL\&quot;,\n        \&quot;online\&quot;: false\n    },\n    {\n        \&quot;programId\&quot;: 7868,\n        \&quot;programName\&quot;: \&quot;SDET28\&quot;,\n        \&quot;programDescription\&quot;: \&quot;Automation Testing\&quot;,\n        \&quot;online\&quot;: true\n    },\n    {\n        \&quot;programId\&quot;: 7869,\n        \&quot;programName\&quot;: \&quot;DS\&quot;,\n        \&quot;programDescription\&quot;: \&quot;Data Science\&quot;,\n        \&quot;online\&quot;: false\n    },\n    {\n        \&quot;programId\&quot;: 7870,\n        \&quot;programName\&quot;: \&quot;SQL\&quot;,\n        \&quot;programDescription\&quot;: \&quot;SQL\&quot;,\n        \&quot;online\&quot;: true\n    },\n    {\n        \&quot;programId\&quot;: 7871,\n        \&quot;programName\&quot;: \&quot;NOSQL\&quot;,\n        \&quot;programDescription\&quot;: \&quot;NOSQL\&quot;,\n        \&quot;online\&quot;: false\n    },\n    {\n        \&quot;programId\&quot;: 7872,\n        \&quot;programName\&quot;: \&quot;SDET28\&quot;,\n        \&quot;programDescription\&quot;: \&quot;Automation Testing\&quot;,\n        \&quot;online\&quot;: true\n    },\n    {\n        \&quot;programId\&quot;: 7873,\n        \&quot;programName\&quot;: \&quot;DS\&quot;,\n        \&quot;programDescription\&quot;: \&quot;Data Science\&quot;,\n        \&quot;online\&quot;: false\n    },\n    {\n        \&quot;programId\&quot;: 7874,\n        \&quot;programName\&quot;: \&quot;SQL\&quot;,\n        \&quot;programDescription\&quot;: \&quot;SQL\&quot;,\n        \&quot;online\&quot;: true\n    },\n    {\n        \&quot;programId\&quot;: 7875,\n        \&quot;programName\&quot;: \&quot;NOSQL\&quot;,\n        \&quot;programDescription\&quot;: \&quot;NOSQL\&quot;,\n        \&quot;online\&quot;: false\n    },\n    {\n        \&quot;programId\&quot;: 7876,\n        \&quot;programName\&quot;: \&quot;SDET28\&quot;,\n        \&quot;programDescription\&quot;: \&quot;Automation Testing\&quot;,\n        \&quot;online\&quot;: true\n    },\n    {\n        \&quot;programId\&quot;: 7877,\n        \&quot;programName\&quot;: \&quot;DS\&quot;,\n        \&quot;programDescription\&quot;: \&quot;Data Science\&quot;,\n        \&quot;online\&quot;: false\n    },\n    {\n        \&quot;programId\&quot;: 7878,\n        \&quot;programName\&quot;: \&quot;SQL\&quot;,\n        \&quot;programDescription\&quot;: \&quot;SQL\&quot;,\n        \&quot;online\&quot;: true\n    },\n    {\n        \&quot;programId\&quot;: 7879,\n        \&quot;programName\&quot;: \&quot;NOSQL\&quot;,\n        \&quot;programDescription\&quot;: \&quot;NOSQL\&quot;,\n        \&quot;online\&quot;: false\n    },\n    {\n        \&quot;programId\&quot;: 7880,\n        \&quot;programName\&quot;: \&quot;Testing\&quot;,\n        \&quot;programDescription\&quot;: \&quot;Testing\&quot;,\n        \&quot;online\&quot;: true\n    },\n    {\n        \&quot;programId\&quot;: 7881,\n        \&quot;programName\&quot;: \&quot;Testing\&quot;,\n        \&quot;programDescription\&quot;: \&quot;Testing\&quot;,\n        \&quot;online\&quot;: true\n    },\n    {\n        \&quot;programId\&quot;: 7882,\n        \&quot;programName\&quot;: \&quot;Testing\&quot;,\n        \&quot;programDescription\&quot;: \&quot;Testing\&quot;,\n        \&quot;online\&quot;: true\n    },\n    {\n        \&quot;programId\&quot;: 7883,\n        \&quot;programName\&quot;: \&quot;Testing\&quot;,\n        \&quot;programDescription\&quot;: \&quot;Testing\&quot;,\n        \&quot;online\&quot;: true\n    },\n    {\n        \&quot;programId\&quot;: 7884,\n        \&quot;programName\&quot;: \&quot;SQL\&quot;,\n        \&quot;programDescription\&quot;: \&quot;SQL\&quot;,\n        \&quot;online\&quot;: true\n    },\n    {\n        \&quot;programId\&quot;: 7885,\n        \&quot;programName\&quot;: \&quot;SDET28\&quot;,\n        \&quot;programDescription\&quot;: \&quot;Automation\&quot;,\n        \&quot;online\&quot;: true\n    },\n    {\n        \&quot;programId\&quot;: 7886,\n        \&quot;programName\&quot;: \&quot;SDET28\&quot;,\n        \&quot;programDescription\&quot;: \&quot;Automation \&quot;,\n        \&quot;online\&quot;: true\n    },\n    {\n        \&quot;programId\&quot;: 7887,\n        \&quot;programName\&quot;: \&quot;Testing\&quot;,\n        \&quot;programDescription\&quot;: \&quot;Testing\&quot;,\n        \&quot;online\&quot;: true\n    },\n    {\n        \&quot;programId\&quot;: 7888,\n        \&quot;programName\&quot;: \&quot;SQL\&quot;,\n        \&quot;programDescription\&quot;: \&quot;SQL\&quot;,\n        \&quot;online\&quot;: false\n    },\n    {\n        \&quot;programId\&quot;: 7889,\n        \&quot;programName\&quot;: \&quot;Testing\&quot;,\n        \&quot;programDescription\&quot;: \&quot;Testing\&quot;,\n        \&quot;online\&quot;: true\n    },\n    {\n        \&quot;programId\&quot;: 7890,\n        \&quot;programName\&quot;: \&quot;SDET28\&quot;,\n        \&quot;programDescription\&quot;: \&quot;Automation \&quot;,\n        \&quot;online\&quot;: true\n    },\n    {\n        \&quot;programId\&quot;: 7891,\n        \&quot;programName\&quot;: \&quot;Testing\&quot;,\n        \&quot;programDescription\&quot;: \&quot;Testing\&quot;,\n        \&quot;online\&quot;: true\n    },\n    {\n        \&quot;programId\&quot;: 7892,\n        \&quot;programName\&quot;: \&quot;SQL\&quot;,\n        \&quot;programDescription\&quot;: \&quot;SQL\&quot;,\n        \&quot;online\&quot;: false\n    },\n    {\n        \&quot;programId\&quot;: 7893,\n        \&quot;programName\&quot;: \&quot;Testing\&quot;,\n        \&quot;programDescription\&quot;: \&quot;Testing\&quot;,\n        \&quot;online\&quot;: false\n    },\n    {\n        \&quot;programId\&quot;: 7894,\n        \&quot;programName\&quot;: \&quot;SDET28\&quot;,\n        \&quot;programDescription\&quot;: \&quot;Automation \&quot;,\n        \&quot;online\&quot;: true\n    },\n    {\n        \&quot;programId\&quot;: 7895,\n        \&quot;programName\&quot;: \&quot;Testing\&quot;,\n        \&quot;programDescription\&quot;: \&quot;Testing\&quot;,\n        \&quot;online\&quot;: true\n    },\n    {\n        \&quot;programId\&quot;: 7896,\n        \&quot;programName\&quot;: \&quot;SQL\&quot;,\n        \&quot;programDescription\&quot;: \&quot;SQL\&quot;,\n        \&quot;online\&quot;: false\n    },\n    {\n        \&quot;programId\&quot;: 7897,\n        \&quot;programName\&quot;: \&quot;Testing\&quot;,\n        \&quot;programDescription\&quot;: \&quot;Testing\&quot;,\n        \&quot;online\&quot;: false\n    },\n    {\n        \&quot;programId\&quot;: 7898,\n        \&quot;programName\&quot;: \&quot;SDET28\&quot;,\n        \&quot;programDescription\&quot;: \&quot;Automation \&quot;,\n        \&quot;online\&quot;: true\n    },\n    {\n        \&quot;programId\&quot;: 7899,\n        \&quot;programName\&quot;: \&quot;Testing\&quot;,\n        \&quot;programDescription\&quot;: \&quot;Testing\&quot;,\n        \&quot;online\&quot;: true\n    },\n    {\n        \&quot;programId\&quot;: 7900,\n        \&quot;programName\&quot;: \&quot;SQL\&quot;,\n        \&quot;programDescription\&quot;: \&quot;SQL\&quot;,\n        \&quot;online\&quot;: false\n    },\n    {\n        \&quot;programId\&quot;: 7901,\n        \&quot;programName\&quot;: \&quot;Testing\&quot;,\n        \&quot;programDescription\&quot;: \&quot;Testing\&quot;,\n        \&quot;online\&quot;: false\n    },\n    {\n        \&quot;programId\&quot;: 7902,\n        \&quot;programName\&quot;: \&quot;SDET28\&quot;,\n        \&quot;programDescription\&quot;: \&quot;Automation \&quot;,\n        \&quot;online\&quot;: true\n    },\n    {\n        \&quot;programId\&quot;: 7903,\n        \&quot;programName\&quot;: \&quot;Testing\&quot;,\n        \&quot;programDescription\&quot;: \&quot;Testing\&quot;,\n        \&quot;online\&quot;: true\n    },\n    {\n        \&quot;programId\&quot;: 7904,\n        \&quot;programName\&quot;: \&quot;SQL\&quot;,\n        \&quot;programDescription\&quot;: \&quot;SQL\&quot;,\n        \&quot;online\&quot;: false\n    },\n    {\n        \&quot;programId\&quot;: 7905,\n        \&quot;programName\&quot;: \&quot;Testing\&quot;,\n        \&quot;programDescription\&quot;: \&quot;Testing\&quot;,\n        \&quot;online\&quot;: false\n    },\n    {\n        \&quot;programId\&quot;: 7907,\n        \&quot;programName\&quot;: \&quot;SDET28\&quot;,\n        \&quot;programDescription\&quot;: \&quot;Automation \&quot;,\n        \&quot;online\&quot;: true\n    },\n    {\n        \&quot;programId\&quot;: 7908,\n        \&quot;programName\&quot;: \&quot;Testing\&quot;,\n        \&quot;programDescription\&quot;: \&quot;Testing\&quot;,\n        \&quot;online\&quot;: true\n    },\n    {\n        \&quot;programId\&quot;: 7909,\n        \&quot;programName\&quot;: \&quot;SQL\&quot;,\n        \&quot;programDescription\&quot;: \&quot;SQL\&quot;,\n        \&quot;online\&quot;: false\n    },\n    {\n        \&quot;programId\&quot;: 7910,\n        \&quot;programName\&quot;: \&quot;Testing\&quot;,\n        \&quot;programDescription\&quot;: \&quot;Testing\&quot;,\n        \&quot;online\&quot;: false\n    },\n    {\n        \&quot;programId\&quot;: 7911,\n        \&quot;programName\&quot;: \&quot;SDET28\&quot;,\n        \&quot;programDescription\&quot;: \&quot;Automation \&quot;,\n        \&quot;online\&quot;: true\n    },\n    {\n        \&quot;programId\&quot;: 7912,\n        \&quot;programName\&quot;: \&quot;Testing\&quot;,\n        \&quot;programDescription\&quot;: \&quot;Testing\&quot;,\n        \&quot;online\&quot;: true\n    },\n    {\n        \&quot;programId\&quot;: 7913,\n        \&quot;programName\&quot;: \&quot;SQL\&quot;,\n        \&quot;programDescription\&quot;: \&quot;SQL\&quot;,\n        \&quot;online\&quot;: false\n    },\n    {\n        \&quot;programId\&quot;: 7914,\n        \&quot;programName\&quot;: \&quot;Testing\&quot;,\n        \&quot;programDescription\&quot;: \&quot;Testing\&quot;,\n        \&quot;online\&quot;: false\n    },\n    {\n        \&quot;programId\&quot;: 7915,\n        \&quot;programName\&quot;: \&quot;SDET28\&quot;,\n        \&quot;programDescription\&quot;: \&quot;Automation\&quot;,\n        \&quot;online\&quot;: true\n    },\n    {\n        \&quot;programId\&quot;: 7916,\n        \&quot;programName\&quot;: \&quot;SDET28\&quot;,\n        \&quot;programDescription\&quot;: \&quot;Automation \&quot;,\n        \&quot;online\&quot;: true\n    },\n    {\n        \&quot;programId\&quot;: 7917,\n        \&quot;programName\&quot;: \&quot;Testing\&quot;,\n        \&quot;programDescription\&quot;: \&quot;Testing\&quot;,\n        \&quot;online\&quot;: true\n    },\n    {\n        \&quot;programId\&quot;: 7918,\n        \&quot;programName\&quot;: \&quot;SQL\&quot;,\n        \&quot;programDescription\&quot;: \&quot;SQL\&quot;,\n        \&quot;online\&quot;: false\n    },\n    {\n        \&quot;programId\&quot;: 7919,\n        \&quot;programName\&quot;: \&quot;Testing\&quot;,\n        \&quot;programDescription\&quot;: \&quot;Testing\&quot;,\n        \&quot;online\&quot;: false\n    },\n    {\n        \&quot;programId\&quot;: 7920,\n        \&quot;programName\&quot;: \&quot;SDET28\&quot;,\n        \&quot;programDescription\&quot;: \&quot;Automation \&quot;,\n        \&quot;online\&quot;: true\n    },\n    {\n        \&quot;programId\&quot;: 7921,\n        \&quot;programName\&quot;: \&quot;Testing\&quot;,\n        \&quot;programDescription\&quot;: \&quot;Testing\&quot;,\n        \&quot;online\&quot;: true\n    },\n    {\n        \&quot;programId\&quot;: 7922,\n        \&quot;programName\&quot;: \&quot;SQL\&quot;,\n        \&quot;programDescription\&quot;: \&quot;SQL\&quot;,\n        \&quot;online\&quot;: false\n    },\n    {\n        \&quot;programId\&quot;: 7923,\n        \&quot;programName\&quot;: \&quot;Testing\&quot;,\n        \&quot;programDescription\&quot;: \&quot;Testing\&quot;,\n        \&quot;online\&quot;: false\n    },\n    {\n        \&quot;programId\&quot;: 7924,\n        \&quot;programName\&quot;: \&quot;SDET28\&quot;,\n        \&quot;programDescription\&quot;: \&quot;Automation \&quot;,\n        \&quot;online\&quot;: false\n    },\n    {\n        \&quot;programId\&quot;: 7925,\n        \&quot;programName\&quot;: \&quot;SDET28\&quot;,\n        \&quot;programDescription\&quot;: \&quot;Automation \&quot;,\n        \&quot;online\&quot;: true\n    },\n    {\n        \&quot;programId\&quot;: 7926,\n        \&quot;programName\&quot;: \&quot;Testing\&quot;,\n        \&quot;programDescription\&quot;: \&quot;Testing\&quot;,\n        \&quot;online\&quot;: true\n    },\n    {\n        \&quot;programId\&quot;: 7927,\n        \&quot;programName\&quot;: \&quot;SQL\&quot;,\n        \&quot;programDescription\&quot;: \&quot;SQL\&quot;,\n        \&quot;online\&quot;: false\n    },\n    {\n        \&quot;programId\&quot;: 7928,\n        \&quot;programName\&quot;: \&quot;Testing\&quot;,\n        \&quot;programDescription\&quot;: \&quot;Testing\&quot;,\n        \&quot;online\&quot;: false\n    },\n    {\n        \&quot;programId\&quot;: 7930,\n        \&quot;programName\&quot;: \&quot;cucumber learning modified\&quot;,\n        \&quot;programDescription\&quot;: \&quot;cucumber learning\&quot;,\n        \&quot;online\&quot;: false\n    },\n    {\n        \&quot;programId\&quot;: 7931,\n        \&quot;programName\&quot;: \&quot;SDET\&quot;,\n        \&quot;programDescription\&quot;: \&quot;Selenium Postman\&quot;,\n        \&quot;online\&quot;: true\n    },\n    {\n        \&quot;programId\&quot;: 7932,\n        \&quot;programName\&quot;: \&quot;Blank testing\&quot;,\n        \&quot;programDescription\&quot;: \&quot;\&quot;,\n        \&quot;online\&quot;: false\n    },\n    {\n        \&quot;programId\&quot;: 7933,\n        \&quot;programName\&quot;: \&quot;API Testing\&quot;,\n        \&quot;programDescription\&quot;: \&quot;RestAssured Postman\&quot;,\n        \&quot;online\&quot;: false\n    },\n    {\n        \&quot;programId\&quot;: 7934,\n        \&quot;programName\&quot;: \&quot;API Testing\&quot;,\n        \&quot;programDescription\&quot;: \&quot;Selenium Postman\&quot;,\n        \&quot;online\&quot;: false\n    },\n    {\n        \&quot;programId\&quot;: 7935,\n        \&quot;programName\&quot;: \&quot;Updating ProgramName for 272\&quot;,\n        \&quot;programDescription\&quot;: \&quot;Updating programDescription\&quot;,\n        \&quot;online\&quot;: false\n    },\n    {\n        \&quot;programId\&quot;: 7936,\n        \&quot;programName\&quot;: \&quot;Testing\&quot;,\n        \&quot;programDescription\&quot;: \&quot;Testing\&quot;,\n        \&quot;online\&quot;: true\n    },\n    {\n        \&quot;programId\&quot;: 7937,\n        \&quot;programName\&quot;: \&quot;Updating ProgramName for 273\&quot;,\n        \&quot;programDescription\&quot;: \&quot;Updating programDescription\&quot;,\n        \&quot;online\&quot;: true\n    },\n    {\n        \&quot;programId\&quot;: 7938,\n        \&quot;programName\&quot;: \&quot;Testing\&quot;,\n        \&quot;programDescription\&quot;: \&quot;AutomationTesting\&quot;,\n        \&quot;online\&quot;: true\n    },\n    {\n        \&quot;programId\&quot;: 7939,\n        \&quot;programName\&quot;: \&quot;SDET28\&quot;,\n        \&quot;programDescription\&quot;: \&quot;Automation \&quot;,\n        \&quot;online\&quot;: true\n    },\n    {\n        \&quot;programId\&quot;: 7940,\n        \&quot;programName\&quot;: \&quot;Testing\&quot;,\n        \&quot;programDescription\&quot;: \&quot;Testing\&quot;,\n        \&quot;online\&quot;: true\n    },\n    {\n        \&quot;programId\&quot;: 7941,\n        \&quot;programName\&quot;: \&quot;SQL\&quot;,\n        \&quot;programDescription\&quot;: \&quot;SQL\&quot;,\n        \&quot;online\&quot;: false\n    },\n    {\n        \&quot;programId\&quot;: 7942,\n        \&quot;programName\&quot;: \&quot;Testing\&quot;,\n        \&quot;programDescription\&quot;: \&quot;Testing\&quot;,\n        \&quot;online\&quot;: false\n    },\n    {\n        \&quot;programId\&quot;: 7944,\n        \&quot;programName\&quot;: \&quot;SDET28\&quot;,\n        \&quot;programDescription\&quot;: \&quot;Automation \&quot;,\n        \&quot;online\&quot;: true\n    },\n    {\n        \&quot;programId\&quot;: 7945,\n        \&quot;programName\&quot;: \&quot;Testing\&quot;,\n        \&quot;programDescription\&quot;: \&quot;Testing\&quot;,\n        \&quot;online\&quot;: true\n    },\n    {\n        \&quot;programId\&quot;: 7946,\n        \&quot;programName\&quot;: \&quot;Testing\&quot;,\n        \&quot;programDescription\&quot;: \&quot;\&quot;,\n        \&quot;online\&quot;: true\n    },\n    {\n        \&quot;programId\&quot;: 7947,\n        \&quot;programName\&quot;: \&quot;SQL\&quot;,\n        \&quot;programDescription\&quot;: \&quot;SQL\&quot;,\n        \&quot;online\&quot;: false\n    },\n    {\n        \&quot;programId\&quot;: 7948,\n        \&quot;programName\&quot;: \&quot;Testing\&quot;,\n        \&quot;programDescription\&quot;: \&quot;Testing\&quot;,\n        \&quot;online\&quot;: false\n    },\n    {\n        \&quot;programId\&quot;: 7950,\n        \&quot;programName\&quot;: \&quot;SDET28\&quot;,\n        \&quot;programDescription\&quot;: \&quot;Automation \&quot;,\n        \&quot;online\&quot;: true\n    },\n    {\n        \&quot;programId\&quot;: 7951,\n        \&quot;programName\&quot;: \&quot;Testing\&quot;,\n        \&quot;programDescription\&quot;: \&quot;Testing\&quot;,\n        \&quot;online\&quot;: true\n    },\n    {\n        \&quot;programId\&quot;: 7952,\n        \&quot;programName\&quot;: \&quot;Testing\&quot;,\n        \&quot;programDescription\&quot;: \&quot;\&quot;,\n        \&quot;online\&quot;: true\n    },\n    {\n        \&quot;programId\&quot;: 7953,\n        \&quot;programName\&quot;: \&quot;SQL\&quot;,\n        \&quot;programDescription\&quot;: \&quot;SQL\&quot;,\n        \&quot;online\&quot;: false\n    },\n    {\n        \&quot;programId\&quot;: 7954,\n        \&quot;programName\&quot;: \&quot;Testing\&quot;,\n        \&quot;programDescription\&quot;: \&quot;Testing\&quot;,\n        \&quot;online\&quot;: false\n    },\n    {\n        \&quot;programId\&quot;: 7956,\n        \&quot;programName\&quot;: \&quot;Testing123\&quot;,\n        \&quot;programDescription\&quot;: \&quot;Testing\&quot;,\n        \&quot;online\&quot;: false\n    },\n    {\n        \&quot;programId\&quot;: 7957,\n        \&quot;programName\&quot;: \&quot;SDET28\&quot;,\n        \&quot;programDescription\&quot;: \&quot;Automation \&quot;,\n        \&quot;online\&quot;: true\n    },\n    {\n        \&quot;programId\&quot;: 7958,\n        \&quot;programName\&quot;: \&quot;Testing\&quot;,\n        \&quot;programDescription\&quot;: \&quot;Testing\&quot;,\n        \&quot;online\&quot;: true\n    },\n    {\n        \&quot;programId\&quot;: 7959,\n        \&quot;programName\&quot;: \&quot;Testing\&quot;,\n        \&quot;programDescription\&quot;: \&quot;\&quot;,\n        \&quot;online\&quot;: true\n    },\n    {\n        \&quot;programId\&quot;: 7960,\n        \&quot;programName\&quot;: \&quot;SQL\&quot;,\n        \&quot;programDescription\&quot;: \&quot;SQL\&quot;,\n        \&quot;online\&quot;: false\n    },\n    {\n        \&quot;programId\&quot;: 7961,\n        \&quot;programName\&quot;: \&quot;Testing\&quot;,\n        \&quot;programDescription\&quot;: \&quot;Testing\&quot;,\n        \&quot;online\&quot;: false\n    },\n    {\n        \&quot;programId\&quot;: 7963,\n        \&quot;programName\&quot;: \&quot;Testing123\&quot;,\n        \&quot;programDescription\&quot;: \&quot;Testing\&quot;,\n        \&quot;online\&quot;: false\n    },\n    {\n        \&quot;programId\&quot;: 7964,\n        \&quot;programName\&quot;: \&quot;SDET28\&quot;,\n        \&quot;programDescription\&quot;: \&quot;Automation \&quot;,\n        \&quot;online\&quot;: true\n    },\n    {\n        \&quot;programId\&quot;: 7965,\n        \&quot;programName\&quot;: \&quot;Testing\&quot;,\n        \&quot;programDescription\&quot;: \&quot;Testing\&quot;,\n        \&quot;online\&quot;: true\n    },\n    {\n        \&quot;programId\&quot;: 7966,\n        \&quot;programName\&quot;: \&quot;Testing\&quot;,\n        \&quot;programDescription\&quot;: \&quot;\&quot;,\n        \&quot;online\&quot;: true\n    },\n    {\n        \&quot;programId\&quot;: 7967,\n        \&quot;programName\&quot;: \&quot;SQL\&quot;,\n        \&quot;programDescription\&quot;: \&quot;SQL\&quot;,\n        \&quot;online\&quot;: false\n    },\n    {\n        \&quot;programId\&quot;: 7968,\n        \&quot;programName\&quot;: \&quot;Testing\&quot;,\n        \&quot;programDescription\&quot;: \&quot;Testing\&quot;,\n        \&quot;online\&quot;: false\n    },\n    {\n        \&quot;programId\&quot;: 7970,\n        \&quot;programName\&quot;: \&quot;SDET28\&quot;,\n        \&quot;programDescription\&quot;: \&quot;Automation \&quot;,\n        \&quot;online\&quot;: true\n    },\n    {\n        \&quot;programId\&quot;: 7971,\n        \&quot;programName\&quot;: \&quot;Testing\&quot;,\n        \&quot;programDescription\&quot;: \&quot;Testing\&quot;,\n        \&quot;online\&quot;: true\n    },\n    {\n        \&quot;programId\&quot;: 7972,\n        \&quot;programName\&quot;: \&quot;Testing\&quot;,\n        \&quot;programDescription\&quot;: \&quot;\&quot;,\n        \&quot;online\&quot;: true\n    },\n    {\n        \&quot;programId\&quot;: 7973,\n        \&quot;programName\&quot;: \&quot;SQL\&quot;,\n        \&quot;programDescription\&quot;: \&quot;SQL\&quot;,\n        \&quot;online\&quot;: false\n    },\n    {\n        \&quot;programId\&quot;: 7974,\n        \&quot;programName\&quot;: \&quot;Testing\&quot;,\n        \&quot;programDescription\&quot;: \&quot;Testing\&quot;,\n        \&quot;online\&quot;: false\n    },\n    {\n        \&quot;programId\&quot;: 7976,\n        \&quot;programName\&quot;: \&quot;SDET28\&quot;,\n        \&quot;programDescription\&quot;: \&quot;Automation \&quot;,\n        \&quot;online\&quot;: true\n    },\n    {\n        \&quot;programId\&quot;: 7977,\n        \&quot;programName\&quot;: \&quot;Testing\&quot;,\n        \&quot;programDescription\&quot;: \&quot;Testing\&quot;,\n        \&quot;online\&quot;: true\n    },\n    {\n        \&quot;programId\&quot;: 7978,\n        \&quot;programName\&quot;: \&quot;Testing\&quot;,\n        \&quot;programDescription\&quot;: \&quot;\&quot;,\n        \&quot;online\&quot;: true\n    },\n    {\n        \&quot;programId\&quot;: 7979,\n        \&quot;programName\&quot;: \&quot;SQL\&quot;,\n        \&quot;programDescription\&quot;: \&quot;SQL\&quot;,\n        \&quot;online\&quot;: false\n    },\n    {\n        \&quot;programId\&quot;: 7980,\n        \&quot;programName\&quot;: \&quot;Testing\&quot;,\n        \&quot;programDescription\&quot;: \&quot;Testing\&quot;,\n        \&quot;online\&quot;: false\n    },\n    {\n        \&quot;programId\&quot;: 7982,\n        \&quot;programName\&quot;: \&quot;Testing modified\&quot;,\n        \&quot;programDescription\&quot;: \&quot;Testing modified\&quot;,\n        \&quot;online\&quot;: true\n    },\n    {\n        \&quot;programId\&quot;: 7983,\n        \&quot;programName\&quot;: \&quot;Testing modified\&quot;,\n        \&quot;programDescription\&quot;: \&quot;Testing modified\&quot;,\n        \&quot;online\&quot;: true\n    },\n    {\n        \&quot;programId\&quot;: 7984,\n        \&quot;programName\&quot;: \&quot;Testing modified\&quot;,\n        \&quot;programDescription\&quot;: \&quot;Testing modified\&quot;,\n        \&quot;online\&quot;: true\n    },\n    {\n        \&quot;programId\&quot;: 7985,\n        \&quot;programName\&quot;: \&quot;Testing modified\&quot;,\n        \&quot;programDescription\&quot;: \&quot;Testing modified\&quot;,\n        \&quot;online\&quot;: true\n    },\n    {\n        \&quot;programId\&quot;: 7986,\n        \&quot;programName\&quot;: \&quot;Testing modified\&quot;,\n        \&quot;programDescription\&quot;: \&quot;Testing modified\&quot;,\n        \&quot;online\&quot;: true\n    },\n    {\n        \&quot;programId\&quot;: 7987,\n        \&quot;programName\&quot;: \&quot;Testing modified\&quot;,\n        \&quot;programDescription\&quot;: \&quot;Testing modified\&quot;,\n        \&quot;online\&quot;: true\n    },\n    {\n        \&quot;programId\&quot;: 7988,\n        \&quot;programName\&quot;: \&quot;Testing modified\&quot;,\n        \&quot;programDescription\&quot;: \&quot;Testing modified\&quot;,\n        \&quot;online\&quot;: true\n    },\n    {\n        \&quot;programId\&quot;: 5411,\n        \&quot;programName\&quot;: \&quot;SQL\&quot;,\n        \&quot;programDescription\&quot;: \&quot;Selenium\&quot;,\n        \&quot;online\&quot;: false\n    },\n    {\n        \&quot;programId\&quot;: 7989,\n        \&quot;programName\&quot;: \&quot;SDET26\&quot;,\n        \&quot;programDescription\&quot;: \&quot;Automation\&quot;,\n        \&quot;online\&quot;: true\n    },\n    {\n        \&quot;programId\&quot;: 7990,\n        \&quot;programName\&quot;: \&quot;SQL\&quot;,\n        \&quot;programDescription\&quot;: \&quot;Selenium\&quot;,\n        \&quot;online\&quot;: false\n    },\n    {\n        \&quot;programId\&quot;: 7991,\n        \&quot;programName\&quot;: \&quot;SDET26\&quot;,\n        \&quot;programDescription\&quot;: \&quot;Automation\&quot;,\n        \&quot;online\&quot;: true\n    },\n    {\n        \&quot;programId\&quot;: 7992,\n        \&quot;programName\&quot;: \&quot;SQL\&quot;,\n        \&quot;programDescription\&quot;: \&quot;Selenium\&quot;,\n        \&quot;online\&quot;: false\n    },\n    {\n        \&quot;programId\&quot;: 7993,\n        \&quot;programName\&quot;: \&quot;Testing modified\&quot;,\n        \&quot;programDescription\&quot;: \&quot;Testing modified\&quot;,\n        \&quot;online\&quot;: true\n    },\n    {\n        \&quot;programId\&quot;: 7994,\n        \&quot;programName\&quot;: \&quot;SDET26\&quot;,\n        \&quot;programDescription\&quot;: \&quot;Automation\&quot;,\n        \&quot;online\&quot;: true\n    },\n    {\n        \&quot;programId\&quot;: 7995,\n        \&quot;programName\&quot;: \&quot;SDET26\&quot;,\n        \&quot;programDescription\&quot;: \&quot;700\&quot;,\n        \&quot;online\&quot;: true\n    },\n    {\n        \&quot;programId\&quot;: 7996,\n        \&quot;programName\&quot;: \&quot;2h78\&quot;,\n        \&quot;programDescription\&quot;: \&quot;70\&quot;,\n        \&quot;online\&quot;: true\n    },\n    {\n        \&quot;programId\&quot;: 7997,\n        \&quot;programName\&quot;: \&quot;cucumber learning modified\&quot;,\n        \&quot;programDescription\&quot;: \&quot;cucumber learning\&quot;,\n        \&quot;online\&quot;: false\n    },\n    {\n        \&quot;programId\&quot;: 7998,\n        \&quot;programName\&quot;: \&quot;SDET\&quot;,\n        \&quot;programDescription\&quot;: \&quot;Selenium Postman\&quot;,\n        \&quot;online\&quot;: true\n    },\n    {\n        \&quot;programId\&quot;: 7999,\n        \&quot;programName\&quot;: \&quot;Blank testing\&quot;,\n        \&quot;programDescription\&quot;: \&quot;\&quot;,\n        \&quot;online\&quot;: false\n    },\n    {\n        \&quot;programId\&quot;: 8001,\n        \&quot;programName\&quot;: \&quot;API Testing\&quot;,\n        \&quot;programDescription\&quot;: \&quot;Selenium Postman\&quot;,\n        \&quot;online\&quot;: false\n    },\n    {\n        \&quot;programId\&quot;: 8002,\n        \&quot;programName\&quot;: \&quot;Updating ProgramName for 272\&quot;,\n        \&quot;programDescription\&quot;: \&quot;Updating programDescription\&quot;,\n        \&quot;online\&quot;: false\n    },\n    {\n        \&quot;programId\&quot;: 8000,\n        \&quot;programName\&quot;: \&quot;Testing\&quot;,\n        \&quot;programDescription\&quot;: \&quot;Testing\&quot;,\n        \&quot;online\&quot;: true\n    },\n    {\n        \&quot;programId\&quot;: 8003,\n        \&quot;programName\&quot;: \&quot;Updating ProgramName for 273\&quot;,\n        \&quot;programDescription\&quot;: \&quot;Updating programDescription\&quot;,\n        \&quot;online\&quot;: true\n    },\n    {\n        \&quot;programId\&quot;: 8004,\n        \&quot;programName\&quot;: \&quot;Testing\&quot;,\n        \&quot;programDescription\&quot;: \&quot;AutomationTesting\&quot;,\n        \&quot;online\&quot;: true\n    },\n    {\n        \&quot;programId\&quot;: 8005,\n        \&quot;programName\&quot;: \&quot;cucumber learning modified\&quot;,\n        \&quot;programDescription\&quot;: \&quot;cucumber learning\&quot;,\n        \&quot;online\&quot;: false\n    },\n    {\n        \&quot;programId\&quot;: 8006,\n        \&quot;programName\&quot;: \&quot;SDET\&quot;,\n        \&quot;programDescription\&quot;: \&quot;Selenium Postman\&quot;,\n        \&quot;online\&quot;: true\n    },\n    {\n        \&quot;programId\&quot;: 8007,\n        \&quot;programName\&quot;: \&quot;Blank testing\&quot;,\n        \&quot;programDescription\&quot;: \&quot;\&quot;,\n        \&quot;online\&quot;: false\n    },\n    {\n        \&quot;programId\&quot;: 8008,\n        \&quot;programName\&quot;: \&quot;API Testing\&quot;,\n        \&quot;programDescription\&quot;: \&quot;RestAssured Postman\&quot;,\n        \&quot;online\&quot;: false\n    },\n    {\n        \&quot;programId\&quot;: 8009,\n        \&quot;programName\&quot;: \&quot;API Testing\&quot;,\n        \&quot;programDescription\&quot;: \&quot;Selenium Postman\&quot;,\n        \&quot;online\&quot;: false\n    },\n    {\n        \&quot;programId\&quot;: 8010,\n        \&quot;programName\&quot;: \&quot;Updating ProgramName for 272\&quot;,\n        \&quot;programDescription\&quot;: \&quot;Updating programDescription\&quot;,\n        \&quot;online\&quot;: false\n    },\n    {\n        \&quot;programId\&quot;: 8011,\n        \&quot;programName\&quot;: \&quot;Updating ProgramName for 273\&quot;,\n        \&quot;programDescription\&quot;: \&quot;Updating programDescription\&quot;,\n        \&quot;online\&quot;: true\n    },\n    {\n        \&quot;programId\&quot;: 8012,\n        \&quot;programName\&quot;: \&quot;Testing\&quot;,\n        \&quot;programDescription\&quot;: \&quot;AutomationTesting\&quot;,\n        \&quot;online\&quot;: true\n    },\n    {\n        \&quot;programId\&quot;: 8013,\n        \&quot;programName\&quot;: \&quot;string\&quot;,\n        \&quot;programDescription\&quot;: \&quot;Postmanrn\&quot;,\n        \&quot;online\&quot;: true\n    },\n    {\n        \&quot;programId\&quot;: 8014,\n        \&quot;programName\&quot;: \&quot;string\&quot;,\n        \&quot;programDescription\&quot;: \&quot;Postmanrn\&quot;,\n        \&quot;online\&quot;: true\n    },\n    {\n        \&quot;programId\&quot;: 8015,\n        \&quot;programName\&quot;: \&quot;string\&quot;,\n        \&quot;programDescription\&quot;: \&quot;Postmannnn1\&quot;,\n        \&quot;online\&quot;: true\n    },\n    {\n        \&quot;programId\&quot;: 8016,\n        \&quot;programName\&quot;: \&quot;cucumber learning modified\&quot;,\n        \&quot;programDescription\&quot;: \&quot;cucumber learning\&quot;,\n        \&quot;online\&quot;: false\n    },\n    {\n        \&quot;programId\&quot;: 8017,\n        \&quot;programName\&quot;: \&quot;SDET\&quot;,\n        \&quot;programDescription\&quot;: \&quot;Selenium Postman\&quot;,\n        \&quot;online\&quot;: true\n    },\n    {\n        \&quot;programId\&quot;: 8018,\n        \&quot;programName\&quot;: \&quot;Blank testing\&quot;,\n        \&quot;programDescription\&quot;: \&quot;\&quot;,\n        \&quot;online\&quot;: false\n    },\n    {\n        \&quot;programId\&quot;: 8019,\n        \&quot;programName\&quot;: \&quot;API Testing\&quot;,\n        \&quot;programDescription\&quot;: \&quot;RestAssured Postman\&quot;,\n        \&quot;online\&quot;: false\n    },\n    {\n        \&quot;programId\&quot;: 8020,\n        \&quot;programName\&quot;: \&quot;API Testing\&quot;,\n        \&quot;programDescription\&quot;: \&quot;Selenium Postman\&quot;,\n        \&quot;online\&quot;: false\n    },\n    {\n        \&quot;programId\&quot;: 8021,\n        \&quot;programName\&quot;: \&quot;Updating ProgramName for 272\&quot;,\n        \&quot;programDescription\&quot;: \&quot;Updating programDescription\&quot;,\n        \&quot;online\&quot;: false\n    },\n    {\n        \&quot;programId\&quot;: 8022,\n        \&quot;programName\&quot;: \&quot;Updating ProgramName for 273\&quot;,\n        \&quot;programDescription\&quot;: \&quot;Updating programDescription\&quot;,\n        \&quot;online\&quot;: true\n    },\n    {\n        \&quot;programId\&quot;: 8023,\n        \&quot;programName\&quot;: \&quot;Testing\&quot;,\n        \&quot;programDescription\&quot;: \&quot;AutomationTesting\&quot;,\n        \&quot;online\&quot;: true\n    },\n    {\n        \&quot;programId\&quot;: 8024,\n        \&quot;programName\&quot;: \&quot;cucumber learning modified\&quot;,\n        \&quot;programDescription\&quot;: \&quot;cucumber learning\&quot;,\n        \&quot;online\&quot;: false\n    },\n    {\n        \&quot;programId\&quot;: 8025,\n        \&quot;programName\&quot;: \&quot;SDET\&quot;,\n        \&quot;programDescription\&quot;: \&quot;Selenium Postman\&quot;,\n        \&quot;online\&quot;: true\n    },\n    {\n        \&quot;programId\&quot;: 8026,\n        \&quot;programName\&quot;: \&quot;Blank testing\&quot;,\n        \&quot;programDescription\&quot;: \&quot;\&quot;,\n        \&quot;online\&quot;: false\n    },\n    {\n        \&quot;programId\&quot;: 8027,\n        \&quot;programName\&quot;: \&quot;API Testing\&quot;,\n        \&quot;programDescription\&quot;: \&quot;RestAssured Postman\&quot;,\n        \&quot;online\&quot;: false\n    },\n    {\n        \&quot;programId\&quot;: 8028,\n        \&quot;programName\&quot;: \&quot;API Testing\&quot;,\n        \&quot;programDescription\&quot;: \&quot;Selenium Postman\&quot;,\n        \&quot;online\&quot;: false\n    },\n    {\n        \&quot;programId\&quot;: 8029,\n        \&quot;programName\&quot;: \&quot;Updating ProgramName for 272\&quot;,\n        \&quot;programDescription\&quot;: \&quot;Updating programDescription\&quot;,\n        \&quot;online\&quot;: false\n    },\n    {\n        \&quot;programId\&quot;: 8030,\n        \&quot;programName\&quot;: \&quot;Updating ProgramName for 273\&quot;,\n        \&quot;programDescription\&quot;: \&quot;Updating programDescription\&quot;,\n        \&quot;online\&quot;: true\n    },\n    {\n        \&quot;programId\&quot;: 8031,\n        \&quot;programName\&quot;: \&quot;Testing\&quot;,\n        \&quot;programDescription\&quot;: \&quot;AutomationTesting\&quot;,\n        \&quot;online\&quot;: true\n    },\n    {\n        \&quot;programId\&quot;: 8033,\n        \&quot;programName\&quot;: \&quot;Selenium\&quot;,\n        \&quot;programDescription\&quot;: \&quot;Automation Testing\&quot;,\n        \&quot;online\&quot;: true\n    },\n    {\n        \&quot;programId\&quot;: 8034,\n        \&quot;programName\&quot;: \&quot;Selenium\&quot;,\n        \&quot;programDescription\&quot;: \&quot;Automation Testing\&quot;,\n        \&quot;online\&quot;: true\n    },\n    {\n        \&quot;programId\&quot;: 8035,\n        \&quot;programName\&quot;: \&quot;Selenium\&quot;,\n        \&quot;programDescription\&quot;: \&quot;Automation Testing\&quot;,\n        \&quot;online\&quot;: true\n    },\n    {\n        \&quot;programId\&quot;: 8036,\n        \&quot;programName\&quot;: \&quot;batman \&quot;,\n        \&quot;programDescription\&quot;: \&quot;string\&quot;,\n        \&quot;online\&quot;: true\n    },\n    {\n        \&quot;programId\&quot;: 8037,\n        \&quot;programName\&quot;: \&quot;ironman\&quot;,\n        \&quot;programDescription\&quot;: \&quot;string\&quot;,\n        \&quot;online\&quot;: true\n    },\n    {\n        \&quot;programId\&quot;: 8038,\n        \&quot;programName\&quot;: \&quot;java\&quot;,\n        \&quot;programDescription\&quot;: \&quot;core java\&quot;,\n        \&quot;online\&quot;: true\n    },\n    {\n        \&quot;programId\&quot;: 8039,\n        \&quot;programName\&quot;: \&quot;Multipal Digit Testing\&quot;,\n        \&quot;programDescription\&quot;: \&quot;Program ID Testing\&quot;,\n        \&quot;online\&quot;: true\n    },\n    {\n        \&quot;programId\&quot;: 8040,\n        \&quot;programName\&quot;: \&quot;linux \&quot;,\n        \&quot;programDescription\&quot;: \&quot;string\&quot;,\n        \&quot;online\&quot;: true\n    },\n    {\n        \&quot;programId\&quot;: 8041,\n        \&quot;programName\&quot;: \&quot;unix\&quot;,\n        \&quot;programDescription\&quot;: \&quot;string\&quot;,\n        \&quot;online\&quot;: true\n    },\n    {\n        \&quot;programId\&quot;: 8042,\n        \&quot;programName\&quot;: \&quot;java\&quot;,\n        \&quot;programDescription\&quot;: \&quot;core java\&quot;,\n        \&quot;online\&quot;: true\n    },\n    {\n        \&quot;programId\&quot;: 8043,\n        \&quot;programName\&quot;: \&quot;Multipal Digit Testing\&quot;,\n        \&quot;programDescription\&quot;: \&quot;Program ID Testing\&quot;,\n        \&quot;online\&quot;: true\n    },\n    {\n        \&quot;programId\&quot;: 8044,\n        \&quot;programName\&quot;: \&quot;linux \&quot;,\n        \&quot;programDescription\&quot;: \&quot;int\&quot;,\n        \&quot;online\&quot;: true\n    },\n    {\n        \&quot;programId\&quot;: 8045,\n        \&quot;programName\&quot;: \&quot;unix\&quot;,\n        \&quot;programDescription\&quot;: \&quot;int\&quot;,\n        \&quot;online\&quot;: true\n    },\n    {\n        \&quot;programId\&quot;: 8046,\n        \&quot;programName\&quot;: \&quot;java\&quot;,\n        \&quot;programDescription\&quot;: \&quot;core java\&quot;,\n        \&quot;online\&quot;: true\n    },\n    {\n        \&quot;programId\&quot;: 8047,\n        \&quot;programName\&quot;: \&quot;Multipal Digit Testing\&quot;,\n        \&quot;programDescription\&quot;: \&quot;Program ID Testing\&quot;,\n        \&quot;online\&quot;: true\n    },\n    {\n        \&quot;programId\&quot;: 8048,\n        \&quot;programName\&quot;: \&quot;linux \&quot;,\n        \&quot;programDescription\&quot;: \&quot;string\&quot;,\n        \&quot;online\&quot;: true\n    },\n    {\n        \&quot;programId\&quot;: 8049,\n        \&quot;programName\&quot;: \&quot;unix\&quot;,\n        \&quot;programDescription\&quot;: \&quot;string\&quot;,\n        \&quot;online\&quot;: true\n    },\n    {\n        \&quot;programId\&quot;: 8050,\n        \&quot;programName\&quot;: \&quot;java\&quot;,\n        \&quot;programDescription\&quot;: \&quot;core java\&quot;,\n        \&quot;online\&quot;: true\n    },\n    {\n        \&quot;programId\&quot;: 8051,\n        \&quot;programName\&quot;: \&quot;Multipal Digit Testing\&quot;,\n        \&quot;programDescription\&quot;: \&quot;Program ID Testing\&quot;,\n        \&quot;online\&quot;: true\n    },\n    {\n        \&quot;programId\&quot;: 8052,\n        \&quot;programName\&quot;: \&quot;linux \&quot;,\n        \&quot;programDescription\&quot;: \&quot;string\&quot;,\n        \&quot;online\&quot;: true\n    },\n    {\n        \&quot;programId\&quot;: 8053,\n        \&quot;programName\&quot;: \&quot;unix\&quot;,\n        \&quot;programDescription\&quot;: \&quot;string\&quot;,\n        \&quot;online\&quot;: true\n    },\n    {\n        \&quot;programId\&quot;: 8054,\n        \&quot;programName\&quot;: \&quot;java\&quot;,\n        \&quot;programDescription\&quot;: \&quot;core java\&quot;,\n        \&quot;online\&quot;: true\n    },\n    {\n        \&quot;programId\&quot;: 8055,\n        \&quot;programName\&quot;: \&quot;Multipal Digit Testing\&quot;,\n        \&quot;programDescription\&quot;: \&quot;Program ID Testing\&quot;,\n        \&quot;online\&quot;: true\n    },\n    {\n        \&quot;programId\&quot;: 8056,\n        \&quot;programName\&quot;: \&quot;GreatGoing\&quot;,\n        \&quot;programDescription\&quot;: \&quot;Do great things\&quot;,\n        \&quot;online\&quot;: true\n    },\n    {\n        \&quot;programId\&quot;: 8057,\n        \&quot;programName\&quot;: \&quot;Selenium\&quot;,\n        \&quot;programDescription\&quot;: \&quot;Automation Testing\&quot;,\n        \&quot;online\&quot;: true\n    },\n    {\n        \&quot;programId\&quot;: 8058,\n        \&quot;programName\&quot;: \&quot;Selenium\&quot;,\n        \&quot;programDescription\&quot;: \&quot;Automation Testing\&quot;,\n        \&quot;online\&quot;: true\n    },\n    {\n        \&quot;programId\&quot;: 8059,\n        \&quot;programName\&quot;: \&quot;Selenium\&quot;,\n        \&quot;programDescription\&quot;: \&quot;Automation Testing\&quot;,\n        \&quot;online\&quot;: true\n    },\n    {\n        \&quot;programId\&quot;: 8060,\n        \&quot;programName\&quot;: \&quot;Selenium\&quot;,\n        \&quot;programDescription\&quot;: \&quot;Automation Testing\&quot;,\n        \&quot;online\&quot;: true\n    },\n    {\n        \&quot;programId\&quot;: 8061,\n        \&quot;programName\&quot;: \&quot;SDET26\&quot;,\n        \&quot;programDescription\&quot;: \&quot;Automation\&quot;,\n        \&quot;online\&quot;: true\n    },\n    {\n        \&quot;programId\&quot;: 8062,\n        \&quot;programName\&quot;: \&quot;SDET26\&quot;,\n        \&quot;programDescription\&quot;: \&quot;700\&quot;,\n        \&quot;online\&quot;: true\n    },\n    {\n        \&quot;programId\&quot;: 8063,\n        \&quot;programName\&quot;: \&quot;2h78\&quot;,\n        \&quot;programDescription\&quot;: \&quot;70\&quot;,\n        \&quot;online\&quot;: true\n    },\n    {\n        \&quot;programId\&quot;: 8064,\n        \&quot;programName\&quot;: \&quot;Selenium\&quot;,\n        \&quot;programDescription\&quot;: \&quot;Automation Testing\&quot;,\n        \&quot;online\&quot;: true\n    },\n    {\n        \&quot;programId\&quot;: 8065,\n        \&quot;programName\&quot;: \&quot;Selenium\&quot;,\n        \&quot;programDescription\&quot;: \&quot;Automation Testing\&quot;,\n        \&quot;online\&quot;: true\n    },\n    {\n        \&quot;programId\&quot;: 8066,\n        \&quot;programName\&quot;: \&quot;Selenium\&quot;,\n        \&quot;programDescription\&quot;: \&quot;Automation Testing\&quot;,\n        \&quot;online\&quot;: true\n    },\n    {\n        \&quot;programId\&quot;: 8067,\n        \&quot;programName\&quot;: \&quot;Selenium\&quot;,\n        \&quot;programDescription\&quot;: \&quot;Automation Testing\&quot;,\n        \&quot;online\&quot;: true\n    },\n    {\n        \&quot;programId\&quot;: 9269,\n        \&quot;programName\&quot;: \&quot;string\&quot;,\n        \&quot;programDescription\&quot;: \&quot;geeta\&quot;,\n        \&quot;online\&quot;: true\n    },\n    {\n        \&quot;programId\&quot;: 8071,\n        \&quot;programName\&quot;: \&quot;SME\&quot;,\n        \&quot;programDescription\&quot;: \&quot;HealthCare\&quot;,\n        \&quot;online\&quot;: false\n    },\n    {\n        \&quot;programId\&quot;: 8072,\n        \&quot;programName\&quot;: \&quot;Scrum Master\&quot;,\n        \&quot;programDescription\&quot;: \&quot;Agile\&quot;,\n        \&quot;online\&quot;: false\n    },\n    {\n        \&quot;programId\&quot;: 8073,\n        \&quot;programName\&quot;: \&quot;Backend Developer\&quot;,\n        \&quot;programDescription\&quot;: \&quot;Sql Developer\&quot;,\n        \&quot;online\&quot;: false\n    },\n    {\n        \&quot;programId\&quot;: 8074,\n        \&quot;programName\&quot;: \&quot;Scrum Master\&quot;,\n        \&quot;programDescription\&quot;: \&quot;Agile\&quot;,\n        \&quot;online\&quot;: false\n    },\n    {\n        \&quot;programId\&quot;: 8075,\n        \&quot;programName\&quot;: \&quot;SOAP UI\&quot;,\n        \&quot;programDescription\&quot;: \&quot;  POSTMAN\&quot;,\n        \&quot;online\&quot;: false\n    },\n    {\n        \&quot;programId\&quot;: 8076,\n        \&quot;programName\&quot;: \&quot;Automation\&quot;,\n        \&quot;programDescription\&quot;: \&quot;Selinium\&quot;,\n        \&quot;online\&quot;: false\n    },\n    {\n        \&quot;programId\&quot;: 8077,\n        \&quot;programName\&quot;: \&quot;SOAP UI\&quot;,\n        \&quot;programDescription\&quot;: \&quot;  POSTMAN\&quot;,\n        \&quot;online\&quot;: false\n    },\n    {\n        \&quot;programId\&quot;: 8078,\n        \&quot;programName\&quot;: \&quot;Devops\&quot;,\n        \&quot;programDescription\&quot;: \&quot;New Devops\&quot;,\n        \&quot;online\&quot;: true\n    },\n    {\n        \&quot;programId\&quot;: 8079,\n        \&quot;programName\&quot;: \&quot;Devops\&quot;,\n        \&quot;programDescription\&quot;: \&quot;New Devops\&quot;,\n        \&quot;online\&quot;: true\n    },\n    {\n        \&quot;programId\&quot;: 8080,\n        \&quot;programName\&quot;: \&quot;Devops\&quot;,\n        \&quot;programDescription\&quot;: \&quot;New Devops\&quot;,\n        \&quot;online\&quot;: true\n    },\n    {\n        \&quot;programId\&quot;: 8081,\n        \&quot;programName\&quot;: \&quot;Devops\&quot;,\n        \&quot;programDescription\&quot;: \&quot;New Devops\&quot;,\n        \&quot;online\&quot;: true\n    },\n    {\n        \&quot;programId\&quot;: 8082,\n        \&quot;programName\&quot;: \&quot;Devops\&quot;,\n        \&quot;programDescription\&quot;: \&quot;New Devops\&quot;,\n        \&quot;online\&quot;: true\n    },\n    {\n        \&quot;programId\&quot;: 8083,\n        \&quot;programName\&quot;: \&quot;Devops\&quot;,\n        \&quot;programDescription\&quot;: \&quot;New Devops\&quot;,\n        \&quot;online\&quot;: true\n    },\n    {\n        \&quot;programId\&quot;: 8084,\n        \&quot;programName\&quot;: \&quot;Devops\&quot;,\n        \&quot;programDescription\&quot;: \&quot;New Devops\&quot;,\n        \&quot;online\&quot;: true\n    },\n    {\n        \&quot;programId\&quot;: 8085,\n        \&quot;programName\&quot;: \&quot;Devops\&quot;,\n        \&quot;programDescription\&quot;: \&quot;New Devops\&quot;,\n        \&quot;online\&quot;: true\n    },\n    {\n        \&quot;programId\&quot;: 8086,\n        \&quot;programName\&quot;: \&quot;Devops\&quot;,\n        \&quot;programDescription\&quot;: \&quot;New Devops\&quot;,\n        \&quot;online\&quot;: true\n    },\n    {\n        \&quot;programId\&quot;: 8087,\n        \&quot;programName\&quot;: \&quot;Devops\&quot;,\n        \&quot;programDescription\&quot;: \&quot;New Devops\&quot;,\n        \&quot;online\&quot;: true\n    },\n    {\n        \&quot;programId\&quot;: 8088,\n        \&quot;programName\&quot;: \&quot;Devops\&quot;,\n        \&quot;programDescription\&quot;: \&quot;New Devops\&quot;,\n        \&quot;online\&quot;: true\n    },\n    {\n        \&quot;programId\&quot;: 8089,\n        \&quot;programName\&quot;: \&quot;Devops\&quot;,\n        \&quot;programDescription\&quot;: \&quot;New Devops\&quot;,\n        \&quot;online\&quot;: true\n    },\n    {\n        \&quot;programId\&quot;: 8090,\n        \&quot;programName\&quot;: \&quot;Devops\&quot;,\n        \&quot;programDescription\&quot;: \&quot;New Devops\&quot;,\n        \&quot;online\&quot;: true\n    },\n    {\n        \&quot;programId\&quot;: 8091,\n        \&quot;programName\&quot;: \&quot;Devops\&quot;,\n        \&quot;programDescription\&quot;: \&quot;New Devops\&quot;,\n        \&quot;online\&quot;: true\n    },\n    {\n        \&quot;programId\&quot;: 8094,\n        \&quot;programName\&quot;: \&quot;Devops\&quot;,\n        \&quot;programDescription\&quot;: \&quot;New Devops\&quot;,\n        \&quot;online\&quot;: true\n    },\n    {\n        \&quot;programId\&quot;: 8096,\n        \&quot;programName\&quot;: \&quot;Devops\&quot;,\n        \&quot;programDescription\&quot;: \&quot;New Devops\&quot;,\n        \&quot;online\&quot;: true\n    },\n    {\n        \&quot;programId\&quot;: 8098,\n        \&quot;programName\&quot;: \&quot;Devops\&quot;,\n        \&quot;programDescription\&quot;: \&quot;New Devops\&quot;,\n        \&quot;online\&quot;: true\n    },\n    {\n        \&quot;programId\&quot;: 8100,\n        \&quot;programName\&quot;: \&quot;Devops\&quot;,\n        \&quot;programDescription\&quot;: \&quot;New Devops\&quot;,\n        \&quot;online\&quot;: true\n    },\n    {\n        \&quot;programId\&quot;: 8102,\n        \&quot;programName\&quot;: \&quot;Devops\&quot;,\n        \&quot;programDescription\&quot;: \&quot;New Devops\&quot;,\n        \&quot;online\&quot;: true\n    },\n    {\n        \&quot;programId\&quot;: 8104,\n        \&quot;programName\&quot;: \&quot;Devops\&quot;,\n        \&quot;programDescription\&quot;: \&quot;New Devops\&quot;,\n        \&quot;online\&quot;: true\n    },\n    {\n        \&quot;programId\&quot;: 8106,\n        \&quot;programName\&quot;: \&quot;Devops\&quot;,\n        \&quot;programDescription\&quot;: \&quot;New Devops\&quot;,\n        \&quot;online\&quot;: true\n    },\n    {\n        \&quot;programId\&quot;: 8108,\n        \&quot;programName\&quot;: \&quot;Devops\&quot;,\n        \&quot;programDescription\&quot;: \&quot;New Devops\&quot;,\n        \&quot;online\&quot;: true\n    },\n    {\n        \&quot;programId\&quot;: 8110,\n        \&quot;programName\&quot;: \&quot;Devops\&quot;,\n        \&quot;programDescription\&quot;: \&quot;New Devops\&quot;,\n        \&quot;online\&quot;: true\n    },\n    {\n        \&quot;programId\&quot;: 8112,\n        \&quot;programName\&quot;: \&quot;Devops\&quot;,\n        \&quot;programDescription\&quot;: \&quot;New Devops\&quot;,\n        \&quot;online\&quot;: true\n    },\n    {\n        \&quot;programId\&quot;: 8114,\n        \&quot;programName\&quot;: \&quot;Devops\&quot;,\n        \&quot;programDescription\&quot;: \&quot;New Devops\&quot;,\n        \&quot;online\&quot;: true\n    },\n    {\n        \&quot;programId\&quot;: 8116,\n        \&quot;programName\&quot;: \&quot;Devops\&quot;,\n        \&quot;programDescription\&quot;: \&quot;New Devops\&quot;,\n        \&quot;online\&quot;: true\n    },\n    {\n        \&quot;programId\&quot;: 8118,\n        \&quot;programName\&quot;: \&quot;Devops\&quot;,\n        \&quot;programDescription\&quot;: \&quot;New Devops\&quot;,\n        \&quot;online\&quot;: true\n    },\n    {\n        \&quot;programId\&quot;: 8120,\n        \&quot;programName\&quot;: \&quot;Devops\&quot;,\n        \&quot;programDescription\&quot;: \&quot;New Devops\&quot;,\n        \&quot;online\&quot;: true\n    },\n    {\n        \&quot;programId\&quot;: 8122,\n        \&quot;programName\&quot;: \&quot;Devops\&quot;,\n        \&quot;programDescription\&quot;: \&quot;New Devops\&quot;,\n        \&quot;online\&quot;: true\n    },\n    {\n        \&quot;programId\&quot;: 8124,\n        \&quot;programName\&quot;: \&quot;Devops\&quot;,\n        \&quot;programDescription\&quot;: \&quot;New Devops\&quot;,\n        \&quot;online\&quot;: true\n    },\n    {\n        \&quot;programId\&quot;: 8126,\n        \&quot;programName\&quot;: \&quot;Devops\&quot;,\n        \&quot;programDescription\&quot;: \&quot;New Devops\&quot;,\n        \&quot;online\&quot;: true\n    },\n    {\n        \&quot;programId\&quot;: 8128,\n        \&quot;programName\&quot;: \&quot;Devops\&quot;,\n        \&quot;programDescription\&quot;: \&quot;New Devops\&quot;,\n        \&quot;online\&quot;: true\n    },\n    {\n        \&quot;programId\&quot;: 8130,\n        \&quot;programName\&quot;: \&quot;Devops\&quot;,\n        \&quot;programDescription\&quot;: \&quot;New Devops\&quot;,\n        \&quot;online\&quot;: true\n    },\n    {\n        \&quot;programId\&quot;: 8132,\n        \&quot;programName\&quot;: \&quot;Devops\&quot;,\n        \&quot;programDescription\&quot;: \&quot;New Devops\&quot;,\n        \&quot;online\&quot;: true\n    },\n    {\n        \&quot;programId\&quot;: 8134,\n        \&quot;programName\&quot;: \&quot;Devops\&quot;,\n        \&quot;programDescription\&quot;: \&quot;New Devops\&quot;,\n        \&quot;online\&quot;: true\n    },\n    {\n        \&quot;programId\&quot;: 8136,\n        \&quot;programName\&quot;: \&quot;Devops\&quot;,\n        \&quot;programDescription\&quot;: \&quot;New Devops\&quot;,\n        \&quot;online\&quot;: true\n    },\n    {\n        \&quot;programId\&quot;: 8138,\n        \&quot;programName\&quot;: \&quot;Devops\&quot;,\n        \&quot;programDescription\&quot;: \&quot;New Devops\&quot;,\n        \&quot;online\&quot;: true\n    },\n    {\n        \&quot;programId\&quot;: 8140,\n        \&quot;programName\&quot;: \&quot;Devops\&quot;,\n        \&quot;programDescription\&quot;: \&quot;New Devops\&quot;,\n        \&quot;online\&quot;: true\n    },\n    {\n        \&quot;programId\&quot;: 8142,\n        \&quot;programName\&quot;: \&quot;Devops\&quot;,\n        \&quot;programDescription\&quot;: \&quot;New Devops\&quot;,\n        \&quot;online\&quot;: true\n    },\n    {\n        \&quot;programId\&quot;: 8144,\n        \&quot;programName\&quot;: \&quot;Devops\&quot;,\n        \&quot;programDescription\&quot;: \&quot;New Devops\&quot;,\n        \&quot;online\&quot;: true\n    },\n    {\n        \&quot;programId\&quot;: 8146,\n        \&quot;programName\&quot;: \&quot;Devops\&quot;,\n        \&quot;programDescription\&quot;: \&quot;New Devops\&quot;,\n        \&quot;online\&quot;: true\n    },\n    {\n        \&quot;programId\&quot;: 8148,\n        \&quot;programName\&quot;: \&quot;Devops\&quot;,\n        \&quot;programDescription\&quot;: \&quot;New Devops\&quot;,\n        \&quot;online\&quot;: true\n    },\n    {\n        \&quot;programId\&quot;: 8150,\n        \&quot;programName\&quot;: \&quot;Devops\&quot;,\n        \&quot;programDescription\&quot;: \&quot;New Devops\&quot;,\n        \&quot;online\&quot;: true\n    },\n    {\n        \&quot;programId\&quot;: 8152,\n        \&quot;programName\&quot;: \&quot;Devops\&quot;,\n        \&quot;programDescription\&quot;: \&quot;New Devops\&quot;,\n        \&quot;online\&quot;: true\n    },\n    {\n        \&quot;programId\&quot;: 8155,\n        \&quot;programName\&quot;: \&quot;SDET20\&quot;,\n        \&quot;programDescription\&quot;: \&quot;SDET\&quot;,\n        \&quot;online\&quot;: true\n    },\n    {\n        \&quot;programId\&quot;: 8156,\n        \&quot;programName\&quot;: \&quot;SDET20 Modified\&quot;,\n        \&quot;programDescription\&quot;: \&quot;SDET Modified\&quot;,\n        \&quot;online\&quot;: false\n    },\n    {\n        \&quot;programId\&quot;: 8158,\n        \&quot;programName\&quot;: \&quot;SDET20 Modified\&quot;,\n        \&quot;programDescription\&quot;: \&quot;SDET Modified\&quot;,\n        \&quot;online\&quot;: false\n    },\n    {\n        \&quot;programId\&quot;: 8157,\n        \&quot;programName\&quot;: \&quot;Testing\&quot;,\n        \&quot;programDescription\&quot;: \&quot;Testing\&quot;,\n        \&quot;online\&quot;: true\n    },\n    {\n        \&quot;programId\&quot;: 8159,\n        \&quot;programName\&quot;: \&quot;Devops\&quot;,\n        \&quot;programDescription\&quot;: \&quot;New Devops\&quot;,\n        \&quot;online\&quot;: true\n    },\n    {\n        \&quot;programId\&quot;: 8212,\n        \&quot;programName\&quot;: \&quot;Scrum Master\&quot;,\n        \&quot;programDescription\&quot;: \&quot;Agile\&quot;,\n        \&quot;online\&quot;: true\n    },\n    {\n        \&quot;programId\&quot;: 8163,\n        \&quot;programName\&quot;: \&quot;Class Assistant\&quot;,\n        \&quot;programDescription\&quot;: \&quot;Singleton Class\&quot;,\n        \&quot;online\&quot;: false\n    },\n    {\n        \&quot;programId\&quot;: 8164,\n        \&quot;programName\&quot;: \&quot;Class Assistant\&quot;,\n        \&quot;programDescription\&quot;: \&quot;Singleton Class\&quot;,\n        \&quot;online\&quot;: true\n    },\n    {\n        \&quot;programId\&quot;: 8165,\n        \&quot;programName\&quot;: \&quot;Class Assistant\&quot;,\n        \&quot;programDescription\&quot;: \&quot;Singleton Class\&quot;,\n        \&quot;online\&quot;: true\n    },\n    {\n        \&quot;programId\&quot;: 8166,\n        \&quot;programName\&quot;: \&quot;SME\&quot;,\n        \&quot;programDescription\&quot;: \&quot;HealthCare\&quot;,\n        \&quot;online\&quot;: false\n    },\n    {\n        \&quot;programId\&quot;: 8167,\n        \&quot;programName\&quot;: \&quot;Scrum Master\&quot;,\n        \&quot;programDescription\&quot;: \&quot;Agile\&quot;,\n        \&quot;online\&quot;: false\n    },\n    {\n        \&quot;programId\&quot;: 8168,\n        \&quot;programName\&quot;: \&quot;Backend Developer\&quot;,\n        \&quot;programDescription\&quot;: \&quot;Sql Developer\&quot;,\n        \&quot;online\&quot;: false\n    },\n    {\n        \&quot;programId\&quot;: 8169,\n        \&quot;programName\&quot;: \&quot;Scrum Master\&quot;,\n        \&quot;programDescription\&quot;: \&quot;Agile\&quot;,\n        \&quot;online\&quot;: false\n    },\n    {\n        \&quot;programId\&quot;: 8170,\n        \&quot;programName\&quot;: \&quot;SOAP UI\&quot;,\n        \&quot;programDescription\&quot;: \&quot;  POSTMAN\&quot;,\n        \&quot;online\&quot;: false\n    },\n    {\n        \&quot;programId\&quot;: 8171,\n        \&quot;programName\&quot;: \&quot;Automation\&quot;,\n        \&quot;programDescription\&quot;: \&quot;Selinium\&quot;,\n        \&quot;online\&quot;: false\n    },\n    {\n        \&quot;programId\&quot;: 8172,\n        \&quot;programName\&quot;: \&quot;SOAP UI\&quot;,\n        \&quot;programDescription\&quot;: \&quot;  POSTMAN\&quot;,\n        \&quot;online\&quot;: false\n    },\n    {\n        \&quot;programId\&quot;: 8174,\n        \&quot;programName\&quot;: \&quot;Class Assistant\&quot;,\n        \&quot;programDescription\&quot;: \&quot;Singleton Class\&quot;,\n        \&quot;online\&quot;: true\n    },\n    {\n        \&quot;programId\&quot;: 8175,\n        \&quot;programName\&quot;: \&quot;SDET26\&quot;,\n        \&quot;programDescription\&quot;: \&quot;Automation testing\&quot;,\n        \&quot;online\&quot;: true\n    },\n    {\n        \&quot;programId\&quot;: 8176,\n        \&quot;programName\&quot;: \&quot;DS\&quot;,\n        \&quot;programDescription\&quot;: \&quot;data science\&quot;,\n        \&quot;online\&quot;: false\n    },\n    {\n        \&quot;programId\&quot;: 8177,\n        \&quot;programName\&quot;: \&quot;SDET26\&quot;,\n        \&quot;programDescription\&quot;: \&quot;management\&quot;,\n        \&quot;online\&quot;: true\n    },\n    {\n        \&quot;programId\&quot;: 8178,\n        \&quot;programName\&quot;: \&quot;SDET\&quot;,\n        \&quot;programDescription\&quot;: \&quot;api\&quot;,\n        \&quot;online\&quot;: true\n    },\n    {\n        \&quot;programId\&quot;: 8179,\n        \&quot;programName\&quot;: \&quot;SDET26\&quot;,\n        \&quot;programDescription\&quot;: \&quot;Automation testing\&quot;,\n        \&quot;online\&quot;: true\n    },\n    {\n        \&quot;programId\&quot;: 8180,\n        \&quot;programName\&quot;: \&quot;DS\&quot;,\n        \&quot;programDescription\&quot;: \&quot;data science\&quot;,\n        \&quot;online\&quot;: false\n    },\n    {\n        \&quot;programId\&quot;: 8181,\n        \&quot;programName\&quot;: \&quot;Selenium\&quot;,\n        \&quot;programDescription\&quot;: \&quot;Automation Testing\&quot;,\n        \&quot;online\&quot;: true\n    },\n    {\n        \&quot;programId\&quot;: 8182,\n        \&quot;programName\&quot;: \&quot;Selenium\&quot;,\n        \&quot;programDescription\&quot;: \&quot;Automation Testing\&quot;,\n        \&quot;online\&quot;: true\n    },\n    {\n        \&quot;programId\&quot;: 2331,\n        \&quot;programName\&quot;: \&quot;progName\&quot;,\n        \&quot;programDescription\&quot;: \&quot;progDesc\&quot;,\n        \&quot;online\&quot;: true\n    },\n    {\n        \&quot;programId\&quot;: 8184,\n        \&quot;programName\&quot;: \&quot;Testing modified from postman\&quot;,\n        \&quot;programDescription\&quot;: \&quot;Testing modified\&quot;,\n        \&quot;online\&quot;: true\n    },\n    {\n        \&quot;programId\&quot;: 8185,\n        \&quot;programName\&quot;: \&quot;Testing modified from postman\&quot;,\n        \&quot;programDescription\&quot;: \&quot;Testing modified\&quot;,\n        \&quot;online\&quot;: true\n    },\n    {\n        \&quot;programId\&quot;: 8186,\n        \&quot;programName\&quot;: \&quot;Testing modified from postman\&quot;,\n        \&quot;programDescription\&quot;: \&quot;Testing modified\&quot;,\n        \&quot;online\&quot;: true\n    },\n    {\n        \&quot;programId\&quot;: 8183,\n        \&quot;programName\&quot;: \&quot;API\&quot;,\n        \&quot;programDescription\&quot;: \&quot;Automation Testing\&quot;,\n        \&quot;online\&quot;: false\n    },\n    {\n        \&quot;programId\&quot;: 8187,\n        \&quot;programName\&quot;: \&quot;Testing modified from postman\&quot;,\n        \&quot;programDescription\&quot;: \&quot;Testing modified\&quot;,\n        \&quot;online\&quot;: true\n    },\n    {\n        \&quot;programId\&quot;: 8188,\n        \&quot;programName\&quot;: \&quot;Testing modified from postman\&quot;,\n        \&quot;programDescription\&quot;: \&quot;Testing modified\&quot;,\n        \&quot;online\&quot;: true\n    },\n    {\n        \&quot;programId\&quot;: 8189,\n        \&quot;programName\&quot;: \&quot;Testing modified from postman\&quot;,\n        \&quot;programDescription\&quot;: \&quot;Testing modified\&quot;,\n        \&quot;online\&quot;: true\n    },\n    {\n        \&quot;programId\&quot;: 8190,\n        \&quot;programName\&quot;: \&quot;Testing modified from postman\&quot;,\n        \&quot;programDescription\&quot;: \&quot;xyss modified\&quot;,\n        \&quot;online\&quot;: true\n    },\n    {\n        \&quot;programId\&quot;: 8191,\n        \&quot;programName\&quot;: \&quot;SME\&quot;,\n        \&quot;programDescription\&quot;: \&quot;HealthCare\&quot;,\n        \&quot;online\&quot;: false\n    },\n    {\n        \&quot;programId\&quot;: 8192,\n        \&quot;programName\&quot;: \&quot;Scrum Master\&quot;,\n        \&quot;programDescription\&quot;: \&quot;Agile\&quot;,\n        \&quot;online\&quot;: false\n    },\n    {\n        \&quot;programId\&quot;: 8193,\n        \&quot;programName\&quot;: \&quot;Backend Developer\&quot;,\n        \&quot;programDescription\&quot;: \&quot;Sql Developer\&quot;,\n        \&quot;online\&quot;: false\n    },\n    {\n        \&quot;programId\&quot;: 8194,\n        \&quot;programName\&quot;: \&quot;SME\&quot;,\n        \&quot;programDescription\&quot;: \&quot;HealthCare\&quot;,\n        \&quot;online\&quot;: false\n    },\n    {\n        \&quot;programId\&quot;: 8195,\n        \&quot;programName\&quot;: \&quot;DB Developer\&quot;,\n        \&quot;programDescription\&quot;: \&quot;HealthCare\&quot;,\n        \&quot;online\&quot;: false\n    },\n    {\n        \&quot;programId\&quot;: 8196,\n        \&quot;programName\&quot;: \&quot;SDET26\&quot;,\n        \&quot;programDescription\&quot;: \&quot;Automation testing\&quot;,\n        \&quot;online\&quot;: true\n    },\n    {\n        \&quot;programId\&quot;: 8197,\n        \&quot;programName\&quot;: \&quot;DS\&quot;,\n        \&quot;programDescription\&quot;: \&quot;data science\&quot;,\n        \&quot;online\&quot;: false\n    },\n    {\n        \&quot;programId\&quot;: 8198,\n        \&quot;programName\&quot;: \&quot;SDET26\&quot;,\n        \&quot;programDescription\&quot;: \&quot;management\&quot;,\n        \&quot;online\&quot;: true\n    },\n    {\n        \&quot;programId\&quot;: 8199,\n        \&quot;programName\&quot;: \&quot;SDET\&quot;,\n        \&quot;programDescription\&quot;: \&quot;api\&quot;,\n        \&quot;online\&quot;: true\n    },\n    {\n        \&quot;programId\&quot;: 8200,\n        \&quot;programName\&quot;: \&quot;Selenium\&quot;,\n        \&quot;programDescription\&quot;: \&quot;Automation Testing\&quot;,\n        \&quot;online\&quot;: true\n    },\n    {\n        \&quot;programId\&quot;: 8201,\n        \&quot;programName\&quot;: \&quot;Selenium\&quot;,\n        \&quot;programDescription\&quot;: \&quot;Automation Testing\&quot;,\n        \&quot;online\&quot;: true\n    },\n    {\n        \&quot;programId\&quot;: 8202,\n        \&quot;programName\&quot;: \&quot;Selenium\&quot;,\n        \&quot;programDescription\&quot;: \&quot;Automation Testing\&quot;,\n        \&quot;online\&quot;: true\n    },\n    {\n        \&quot;programId\&quot;: 8203,\n        \&quot;programName\&quot;: \&quot;Selenium\&quot;,\n        \&quot;programDescription\&quot;: \&quot;Automation Testing\&quot;,\n        \&quot;online\&quot;: true\n    },\n    {\n        \&quot;programId\&quot;: 8204,\n        \&quot;programName\&quot;: \&quot;Selenium\&quot;,\n        \&quot;programDescription\&quot;: \&quot;Automation Testing\&quot;,\n        \&quot;online\&quot;: true\n    },\n    {\n        \&quot;programId\&quot;: 8205,\n        \&quot;programName\&quot;: \&quot;Selenium\&quot;,\n        \&quot;programDescription\&quot;: \&quot;Automation Testing\&quot;,\n        \&quot;online\&quot;: true\n    },\n    {\n        \&quot;programId\&quot;: 8206,\n        \&quot;programName\&quot;: \&quot;Selenium\&quot;,\n        \&quot;programDescription\&quot;: \&quot;Automation Testing\&quot;,\n        \&quot;online\&quot;: true\n    },\n    {\n        \&quot;programId\&quot;: 8207,\n        \&quot;programName\&quot;: \&quot;Selenium\&quot;,\n        \&quot;programDescription\&quot;: \&quot;Automation Testing\&quot;,\n        \&quot;online\&quot;: true\n    },\n    {\n        \&quot;programId\&quot;: 8208,\n        \&quot;programName\&quot;: \&quot;Selenium\&quot;,\n        \&quot;programDescription\&quot;: \&quot;Automation Testing\&quot;,\n        \&quot;online\&quot;: true\n    },\n    {\n        \&quot;programId\&quot;: 8209,\n        \&quot;programName\&quot;: \&quot;Selenium\&quot;,\n        \&quot;programDescription\&quot;: \&quot;Automation Testing\&quot;,\n        \&quot;online\&quot;: true\n    },\n    {\n        \&quot;programId\&quot;: 8210,\n        \&quot;programName\&quot;: \&quot;Scrum Master\&quot;,\n        \&quot;programDescription\&quot;: \&quot;Agile\&quot;,\n        \&quot;online\&quot;: true\n    },\n    {\n        \&quot;programId\&quot;: 8211,\n        \&quot;programName\&quot;: \&quot;Scrum Master\&quot;,\n        \&quot;programDescription\&quot;: \&quot;Agile\&quot;,\n        \&quot;online\&quot;: true\n    },\n    {\n        \&quot;programId\&quot;: 8213,\n        \&quot;programName\&quot;: \&quot;Selenium\&quot;,\n        \&quot;programDescription\&quot;: \&quot;Automation Testing\&quot;,\n        \&quot;online\&quot;: true\n    },\n    {\n        \&quot;programId\&quot;: 8214,\n        \&quot;programName\&quot;: \&quot;Scrum Master\&quot;,\n        \&quot;programDescription\&quot;: \&quot;Agile\&quot;,\n        \&quot;online\&quot;: true\n    },\n    {\n        \&quot;programId\&quot;: 8215,\n        \&quot;programName\&quot;: \&quot;Jmeter\&quot;,\n        \&quot;programDescription\&quot;: \&quot;Performance Testing\&quot;,\n        \&quot;online\&quot;: true\n    },\n    {\n        \&quot;programId\&quot;: 8216,\n        \&quot;programName\&quot;: \&quot;Jmeter\&quot;,\n        \&quot;programDescription\&quot;: \&quot;Performance Testing\&quot;,\n        \&quot;online\&quot;: true\n    },\n    {\n        \&quot;programId\&quot;: 8217,\n        \&quot;programName\&quot;: \&quot;Jmeter\&quot;,\n        \&quot;programDescription\&quot;: \&quot;Performance Testing\&quot;,\n        \&quot;online\&quot;: true\n    },\n    {\n        \&quot;programId\&quot;: 8218,\n        \&quot;programName\&quot;: \&quot;Jmeter\&quot;,\n        \&quot;programDescription\&quot;: \&quot;Performance Testing\&quot;,\n        \&quot;online\&quot;: true\n    },\n    {\n        \&quot;programId\&quot;: 8224,\n        \&quot;programName\&quot;: \&quot;SDETNew Modified\&quot;,\n        \&quot;programDescription\&quot;: \&quot;SDETmodified\&quot;,\n        \&quot;online\&quot;: false\n    },\n    {\n        \&quot;programId\&quot;: 8222,\n        \&quot;programName\&quot;: \&quot;Devops\&quot;,\n        \&quot;programDescription\&quot;: \&quot;New Devops\&quot;,\n        \&quot;online\&quot;: true\n    },\n    {\n        \&quot;programId\&quot;: 8225,\n        \&quot;programName\&quot;: \&quot;SDETNew Modified\&quot;,\n        \&quot;programDescription\&quot;: \&quot;SDETmodified\&quot;,\n        \&quot;online\&quot;: false\n    },\n    {\n        \&quot;programId\&quot;: 8228,\n        \&quot;programName\&quot;: \&quot;SDET20\&quot;,\n        \&quot;programDescription\&quot;: \&quot;SDET\&quot;,\n        \&quot;online\&quot;: true\n    },\n    {\n        \&quot;programId\&quot;: 8229,\n        \&quot;programName\&quot;: \&quot;SDET20\&quot;,\n        \&quot;programDescription\&quot;: \&quot;SDET\&quot;,\n        \&quot;online\&quot;: true\n    },\n    {\n        \&quot;programId\&quot;: 8230,\n        \&quot;programName\&quot;: \&quot;SDET20\&quot;,\n        \&quot;programDescription\&quot;: \&quot;SDET\&quot;,\n        \&quot;online\&quot;: true\n    },\n    {\n        \&quot;programId\&quot;: 8231,\n        \&quot;programName\&quot;: \&quot;SDET20\&quot;,\n        \&quot;programDescription\&quot;: \&quot;SDET\&quot;,\n        \&quot;online\&quot;: true\n    },\n    {\n        \&quot;programId\&quot;: 8232,\n        \&quot;programName\&quot;: \&quot;SDET20modified\&quot;,\n        \&quot;programDescription\&quot;: \&quot;SDETmodified\&quot;,\n        \&quot;online\&quot;: true\n    },\n    {\n        \&quot;programId\&quot;: 8233,\n        \&quot;programName\&quot;: \&quot;SDET20modified\&quot;,\n        \&quot;programDescription\&quot;: \&quot;SDETmodified\&quot;,\n        \&quot;online\&quot;: true\n    },\n    {\n        \&quot;programId\&quot;: 8242,\n        \&quot;programName\&quot;: \&quot;Testing modified from postman\&quot;,\n        \&quot;programDescription\&quot;: \&quot;Testing modified\&quot;,\n        \&quot;online\&quot;: true\n    },\n    {\n        \&quot;programId\&quot;: 8243,\n        \&quot;programName\&quot;: \&quot;Testing\&quot;,\n        \&quot;programDescription\&quot;: \&quot;Testing\&quot;,\n        \&quot;online\&quot;: true\n    },\n    {\n        \&quot;programId\&quot;: 8244,\n        \&quot;programName\&quot;: \&quot;Testing\&quot;,\n        \&quot;programDescription\&quot;: \&quot;Testing\&quot;,\n        \&quot;online\&quot;: true\n    },\n    {\n        \&quot;programId\&quot;: 8245,\n        \&quot;programName\&quot;: \&quot;Testing\&quot;,\n        \&quot;programDescription\&quot;: \&quot;Testing\&quot;,\n        \&quot;online\&quot;: true\n    },\n    {\n        \&quot;programId\&quot;: 8246,\n        \&quot;programName\&quot;: \&quot;Testing\&quot;,\n        \&quot;programDescription\&quot;: \&quot;Testing\&quot;,\n        \&quot;online\&quot;: true\n    },\n    {\n        \&quot;programId\&quot;: 8247,\n        \&quot;programName\&quot;: \&quot;Testing\&quot;,\n        \&quot;programDescription\&quot;: \&quot;Testing\&quot;,\n        \&quot;online\&quot;: true\n    },\n    {\n        \&quot;programId\&quot;: 9270,\n        \&quot;programName\&quot;: \&quot;string\&quot;,\n        \&quot;programDescription\&quot;: \&quot;string\&quot;,\n        \&quot;online\&quot;: true\n    },\n    {\n        \&quot;programId\&quot;: 8251,\n        \&quot;programName\&quot;: \&quot;\\\&quot;API Testing\\\&quot;\&quot;,\n        \&quot;programDescription\&quot;: \&quot;\\\&quot;RestAssured\\\&quot;\&quot;,\n        \&quot;online\&quot;: false\n    },\n    {\n        \&quot;programId\&quot;: 8252,\n        \&quot;programName\&quot;: \&quot;\\\&quot;Framework\\\&quot;\&quot;,\n        \&quot;programDescription\&quot;: \&quot;\\\&quot;Cucumber\\\&quot;\&quot;,\n        \&quot;online\&quot;: false\n    },\n    {\n        \&quot;programId\&quot;: 8257,\n        \&quot;programName\&quot;: \&quot;C#\&quot;,\n        \&quot;programDescription\&quot;: \&quot;C# learning\&quot;,\n        \&quot;online\&quot;: false\n    },\n    {\n        \&quot;programId\&quot;: 8264,\n        \&quot;programName\&quot;: \&quot;Java\&quot;,\n        \&quot;programDescription\&quot;: \&quot;Java Learning\&quot;,\n        \&quot;online\&quot;: true\n    },\n    {\n        \&quot;programId\&quot;: 8265,\n        \&quot;programName\&quot;: \&quot;C#\&quot;,\n        \&quot;programDescription\&quot;: \&quot;C# learning\&quot;,\n        \&quot;online\&quot;: false\n    },\n    {\n        \&quot;programId\&quot;: 8266,\n        \&quot;programName\&quot;: \&quot;Selenium\&quot;,\n        \&quot;programDescription\&quot;: \&quot;Selenium with Java\&quot;,\n        \&quot;online\&quot;: true\n    },\n    {\n        \&quot;programId\&quot;: 8267,\n        \&quot;programName\&quot;: \&quot;DotNet\&quot;,\n        \&quot;programDescription\&quot;: \&quot;DotNet\&quot;,\n        \&quot;online\&quot;: false\n    },\n    {\n        \&quot;programId\&quot;: 8254,\n        \&quot;programName\&quot;: \&quot;Python\&quot;,\n        \&quot;programDescription\&quot;: \&quot;Python\&quot;,\n        \&quot;online\&quot;: true\n    },\n    {\n        \&quot;programId\&quot;: 8255,\n        \&quot;programName\&quot;: \&quot;Spring\&quot;,\n        \&quot;programDescription\&quot;: \&quot;Spring Boot Training\&quot;,\n        \&quot;online\&quot;: true\n    },\n    {\n        \&quot;programId\&quot;: 8256,\n        \&quot;programName\&quot;: \&quot;Selenium Training\&quot;,\n        \&quot;programDescription\&quot;: \&quot;Selenium with python\&quot;,\n        \&quot;online\&quot;: true\n    },\n    {\n        \&quot;programId\&quot;: 8272,\n        \&quot;programName\&quot;: \&quot;\\\&quot;API Testing\\\&quot;\&quot;,\n        \&quot;programDescription\&quot;: \&quot;\\\&quot;RestAssured\\\&quot;\&quot;,\n        \&quot;online\&quot;: false\n    },\n    {\n        \&quot;programId\&quot;: 8273,\n        \&quot;programName\&quot;: \&quot;\\\&quot;Framework\\\&quot;\&quot;,\n        \&quot;programDescription\&quot;: \&quot;\\\&quot;Cucumber\\\&quot;\&quot;,\n        \&quot;online\&quot;: false\n    },\n    {\n        \&quot;programId\&quot;: 8275,\n        \&quot;programName\&quot;: \&quot;\\\&quot;Programming\\\&quot;\&quot;,\n        \&quot;programDescription\&quot;: \&quot;\\\&quot;Java\\\&quot;\&quot;,\n        \&quot;online\&quot;: false\n    },\n    {\n        \&quot;programId\&quot;: 8276,\n        \&quot;programName\&quot;: \&quot;Automation Testing \&quot;,\n        \&quot;programDescription\&quot;: \&quot;RestAssured\&quot;,\n        \&quot;online\&quot;: true\n    },\n    {\n        \&quot;programId\&quot;: 8286,\n        \&quot;programName\&quot;: \&quot;C#\&quot;,\n        \&quot;programDescription\&quot;: \&quot;C# learning\&quot;,\n        \&quot;online\&quot;: false\n    },\n    {\n        \&quot;programId\&quot;: 8287,\n        \&quot;programName\&quot;: \&quot;Selenium\&quot;,\n        \&quot;programDescription\&quot;: \&quot;Selenium with Java\&quot;,\n        \&quot;online\&quot;: true\n    },\n    {\n        \&quot;programId\&quot;: 8277,\n        \&quot;programName\&quot;: \&quot;Python\&quot;,\n        \&quot;programDescription\&quot;: \&quot;Python\&quot;,\n        \&quot;online\&quot;: true\n    },\n    {\n        \&quot;programId\&quot;: 8381,\n        \&quot;programName\&quot;: \&quot;string\&quot;,\n        \&quot;programDescription\&quot;: \&quot;string\&quot;,\n        \&quot;online\&quot;: true\n    },\n    {\n        \&quot;programId\&quot;: 8382,\n        \&quot;programName\&quot;: \&quot;string\&quot;,\n        \&quot;programDescription\&quot;: \&quot;string\&quot;,\n        \&quot;online\&quot;: true\n    },\n    {\n        \&quot;programId\&quot;: 8293,\n        \&quot;programName\&quot;: \&quot;Java\&quot;,\n        \&quot;programDescription\&quot;: \&quot;Java Learning\&quot;,\n        \&quot;online\&quot;: true\n    },\n    {\n        \&quot;programId\&quot;: 8294,\n        \&quot;programName\&quot;: \&quot;C#\&quot;,\n        \&quot;programDescription\&quot;: \&quot;C# learning\&quot;,\n        \&quot;online\&quot;: false\n    },\n    {\n        \&quot;programId\&quot;: 8303,\n        \&quot;programName\&quot;: \&quot;Java\&quot;,\n        \&quot;programDescription\&quot;: \&quot;Java Learning\&quot;,\n        \&quot;online\&quot;: true\n    },\n    {\n        \&quot;programId\&quot;: 8304,\n        \&quot;programName\&quot;: \&quot;C#\&quot;,\n        \&quot;programDescription\&quot;: \&quot;C# learning\&quot;,\n        \&quot;online\&quot;: false\n    },\n    {\n        \&quot;programId\&quot;: 8305,\n        \&quot;programName\&quot;: \&quot;Selenium\&quot;,\n        \&quot;programDescription\&quot;: \&quot;Selenium with Java\&quot;,\n        \&quot;online\&quot;: true\n    },\n    {\n        \&quot;programId\&quot;: 8306,\n        \&quot;programName\&quot;: \&quot;DotNet\&quot;,\n        \&quot;programDescription\&quot;: \&quot;DotNet\&quot;,\n        \&quot;online\&quot;: false\n    },\n    {\n        \&quot;programId\&quot;: 8295,\n        \&quot;programName\&quot;: \&quot;Python\&quot;,\n        \&quot;programDescription\&quot;: \&quot;Python\&quot;,\n        \&quot;online\&quot;: true\n    },\n    {\n        \&quot;programId\&quot;: 8296,\n        \&quot;programName\&quot;: \&quot;Spring\&quot;,\n        \&quot;programDescription\&quot;: \&quot;Spring Boot Training\&quot;,\n        \&quot;online\&quot;: true\n    },\n    {\n        \&quot;programId\&quot;: 8383,\n        \&quot;programName\&quot;: \&quot;string\&quot;,\n        \&quot;programDescription\&quot;: \&quot;string\&quot;,\n        \&quot;online\&quot;: true\n    },\n    {\n        \&quot;programId\&quot;: 8311,\n        \&quot;programName\&quot;: \&quot;Java\&quot;,\n        \&quot;programDescription\&quot;: \&quot;Java Learning\&quot;,\n        \&quot;online\&quot;: true\n    },\n    {\n        \&quot;programId\&quot;: 8312,\n        \&quot;programName\&quot;: \&quot;C#\&quot;,\n        \&quot;programDescription\&quot;: \&quot;C# learning\&quot;,\n        \&quot;online\&quot;: false\n    },\n    {\n        \&quot;programId\&quot;: 8313,\n        \&quot;programName\&quot;: \&quot;Selenium\&quot;,\n        \&quot;programDescription\&quot;: \&quot;Selenium with Java\&quot;,\n        \&quot;online\&quot;: true\n    },\n    {\n        \&quot;programId\&quot;: 8314,\n        \&quot;programName\&quot;: \&quot;DotNet\&quot;,\n        \&quot;programDescription\&quot;: \&quot;DotNet\&quot;,\n        \&quot;online\&quot;: false\n    },\n    {\n        \&quot;programId\&quot;: 8297,\n        \&quot;programName\&quot;: \&quot;Python\&quot;,\n        \&quot;programDescription\&quot;: \&quot;Python\&quot;,\n        \&quot;online\&quot;: true\n    },\n    {\n        \&quot;programId\&quot;: 8298,\n        \&quot;programName\&quot;: \&quot;Spring\&quot;,\n        \&quot;programDescription\&quot;: \&quot;Spring Boot Training\&quot;,\n        \&quot;online\&quot;: true\n    },\n    {\n        \&quot;programId\&quot;: 8315,\n        \&quot;programName\&quot;: \&quot;Selenium Training\&quot;,\n        \&quot;programDescription\&quot;: \&quot;Selenium with python\&quot;,\n        \&quot;online\&quot;: true\n    },\n    {\n        \&quot;programId\&quot;: 8320,\n        \&quot;programName\&quot;: \&quot;Science Sisterhood \&quot;,\n        \&quot;programDescription\&quot;: \&quot;Science Sisterhood \&quot;,\n        \&quot;online\&quot;: false\n    },\n    {\n        \&quot;programId\&quot;: 8321,\n        \&quot;programName\&quot;: \&quot;Descriptioncase5\&quot;,\n        \&quot;programDescription\&quot;: \&quot;Learning League\&quot;,\n        \&quot;online\&quot;: false\n    },\n    {\n        \&quot;programId\&quot;: 8322,\n        \&quot;programName\&quot;: \&quot;Descriptioncase5\&quot;,\n        \&quot;programDescription\&quot;: \&quot;Coding Camp\&quot;,\n        \&quot;online\&quot;: false\n    },\n    {\n        \&quot;programId\&quot;: 8323,\n        \&quot;programName\&quot;: \&quot;Descriptioncase7\&quot;,\n        \&quot;programDescription\&quot;: \&quot;AI Alliance\&quot;,\n        \&quot;online\&quot;: false\n    },\n    {\n        \&quot;programId\&quot;: 8324,\n        \&quot;programName\&quot;: \&quot;Descriptioncase8\&quot;,\n        \&quot;programDescription\&quot;: \&quot;Code for Good\&quot;,\n        \&quot;online\&quot;: false\n    },\n    {\n        \&quot;programId\&quot;: 8325,\n        \&quot;programName\&quot;: \&quot;Descriptioncase10\&quot;,\n        \&quot;programDescription\&quot;: \&quot;Her Science Lab\&quot;,\n        \&quot;online\&quot;: false\n    },\n    {\n        \&quot;programId\&quot;: 8326,\n        \&quot;programName\&quot;: \&quot;batman\&quot;,\n        \&quot;programDescription\&quot;: \&quot;string\&quot;,\n        \&quot;online\&quot;: true\n    },\n    {\n        \&quot;programId\&quot;: 8327,\n        \&quot;programName\&quot;: \&quot;unix\&quot;,\n        \&quot;programDescription\&quot;: \&quot;string\&quot;,\n        \&quot;online\&quot;: true\n    },\n    {\n        \&quot;programId\&quot;: 8329,\n        \&quot;programName\&quot;: \&quot;Multipal Digit Testing\&quot;,\n        \&quot;programDescription\&quot;: \&quot;Program ID Testing\&quot;,\n        \&quot;online\&quot;: true\n    },\n    {\n        \&quot;programId\&quot;: 8330,\n        \&quot;programName\&quot;: \&quot;ironman\&quot;,\n        \&quot;programDescription\&quot;: \&quot;Agile\&quot;,\n        \&quot;online\&quot;: true\n    },\n    {\n        \&quot;programId\&quot;: 8331,\n        \&quot;programName\&quot;: \&quot;Application Support\&quot;,\n        \&quot;programDescription\&quot;: \&quot;\&quot;,\n        \&quot;online\&quot;: true\n    },\n    {\n        \&quot;programId\&quot;: 8332,\n        \&quot;programName\&quot;: \&quot;batman\&quot;,\n        \&quot;programDescription\&quot;: \&quot;string\&quot;,\n        \&quot;online\&quot;: true\n    },\n    {\n        \&quot;programId\&quot;: 8333,\n        \&quot;programName\&quot;: \&quot;unix\&quot;,\n        \&quot;programDescription\&quot;: \&quot;string\&quot;,\n        \&quot;online\&quot;: true\n    },\n    {\n        \&quot;programId\&quot;: 8335,\n        \&quot;programName\&quot;: \&quot;Multipal Digit Testing\&quot;,\n        \&quot;programDescription\&quot;: \&quot;Program ID Testing\&quot;,\n        \&quot;online\&quot;: true\n    },\n    {\n        \&quot;programId\&quot;: 8336,\n        \&quot;programName\&quot;: \&quot;ironman\&quot;,\n        \&quot;programDescription\&quot;: \&quot;Agile\&quot;,\n        \&quot;online\&quot;: true\n    },\n    {\n        \&quot;programId\&quot;: 8337,\n        \&quot;programName\&quot;: \&quot;Application Support\&quot;,\n        \&quot;programDescription\&quot;: \&quot;\&quot;,\n        \&quot;online\&quot;: true\n    },\n    {\n        \&quot;programId\&quot;: 8338,\n        \&quot;programName\&quot;: \&quot;batman\&quot;,\n        \&quot;programDescription\&quot;: \&quot;string\&quot;,\n        \&quot;online\&quot;: true\n    },\n    {\n        \&quot;programId\&quot;: 8339,\n        \&quot;programName\&quot;: \&quot;unix\&quot;,\n        \&quot;programDescription\&quot;: \&quot;string\&quot;,\n        \&quot;online\&quot;: true\n    },\n    {\n        \&quot;programId\&quot;: 8340,\n        \&quot;programName\&quot;: \&quot;Cprogram\&quot;,\n        \&quot;programDescription\&quot;: \&quot;core java\&quot;,\n        \&quot;online\&quot;: true\n    },\n    {\n        \&quot;programId\&quot;: 8341,\n        \&quot;programName\&quot;: \&quot;Multipal Digit Testing\&quot;,\n        \&quot;programDescription\&quot;: \&quot;Program ID Testing\&quot;,\n        \&quot;online\&quot;: true\n    },\n    {\n        \&quot;programId\&quot;: 8342,\n        \&quot;programName\&quot;: \&quot;ironman\&quot;,\n        \&quot;programDescription\&quot;: \&quot;Agile\&quot;,\n        \&quot;online\&quot;: true\n    },\n    {\n        \&quot;programId\&quot;: 8343,\n        \&quot;programName\&quot;: \&quot;Application Support\&quot;,\n        \&quot;programDescription\&quot;: \&quot;java\&quot;,\n        \&quot;online\&quot;: true\n    },\n    {\n        \&quot;programId\&quot;: 8344,\n        \&quot;programName\&quot;: \&quot;batman\&quot;,\n        \&quot;programDescription\&quot;: \&quot;string\&quot;,\n        \&quot;online\&quot;: true\n    },\n    {\n        \&quot;programId\&quot;: 8345,\n        \&quot;programName\&quot;: \&quot;unix\&quot;,\n        \&quot;programDescription\&quot;: \&quot;string\&quot;,\n        \&quot;online\&quot;: true\n    },\n    {\n        \&quot;programId\&quot;: 8346,\n        \&quot;programName\&quot;: \&quot;linux\&quot;,\n        \&quot;programDescription\&quot;: \&quot;core java\&quot;,\n        \&quot;online\&quot;: true\n    },\n    {\n        \&quot;programId\&quot;: 8347,\n        \&quot;programName\&quot;: \&quot;Multipal Digit Testing\&quot;,\n        \&quot;programDescription\&quot;: \&quot;Program ID Testing\&quot;,\n        \&quot;online\&quot;: true\n    },\n    {\n        \&quot;programId\&quot;: 8348,\n        \&quot;programName\&quot;: \&quot;ironman\&quot;,\n        \&quot;programDescription\&quot;: \&quot;Agile\&quot;,\n        \&quot;online\&quot;: true\n    },\n    {\n        \&quot;programId\&quot;: 8349,\n        \&quot;programName\&quot;: \&quot;Application Support\&quot;,\n        \&quot;programDescription\&quot;: \&quot;java\&quot;,\n        \&quot;online\&quot;: true\n    },\n    {\n        \&quot;programId\&quot;: 8350,\n        \&quot;programName\&quot;: \&quot;batman\&quot;,\n        \&quot;programDescription\&quot;: \&quot;string\&quot;,\n        \&quot;online\&quot;: true\n    },\n    {\n        \&quot;programId\&quot;: 8351,\n        \&quot;programName\&quot;: \&quot;unix\&quot;,\n        \&quot;programDescription\&quot;: \&quot;string\&quot;,\n        \&quot;online\&quot;: true\n    },\n    {\n        \&quot;programId\&quot;: 8352,\n        \&quot;programName\&quot;: \&quot;linux\&quot;,\n        \&quot;programDescription\&quot;: \&quot;core java\&quot;,\n        \&quot;online\&quot;: true\n    },\n    {\n        \&quot;programId\&quot;: 8353,\n        \&quot;programName\&quot;: \&quot;Multipal Digit Testing\&quot;,\n        \&quot;programDescription\&quot;: \&quot;Program ID Testing\&quot;,\n        \&quot;online\&quot;: true\n    },\n    {\n        \&quot;programId\&quot;: 8354,\n        \&quot;programName\&quot;: \&quot;ironman\&quot;,\n        \&quot;programDescription\&quot;: \&quot;Agile\&quot;,\n        \&quot;online\&quot;: true\n    },\n    {\n        \&quot;programId\&quot;: 8355,\n        \&quot;programName\&quot;: \&quot;Application Support\&quot;,\n        \&quot;programDescription\&quot;: \&quot;java\&quot;,\n        \&quot;online\&quot;: true\n    },\n    {\n        \&quot;programId\&quot;: 8356,\n        \&quot;programName\&quot;: \&quot;batman\&quot;,\n        \&quot;programDescription\&quot;: \&quot;string\&quot;,\n        \&quot;online\&quot;: true\n    },\n    {\n        \&quot;programId\&quot;: 8357,\n        \&quot;programName\&quot;: \&quot;unix\&quot;,\n        \&quot;programDescription\&quot;: \&quot;string\&quot;,\n        \&quot;online\&quot;: true\n    },\n    {\n        \&quot;programId\&quot;: 8358,\n        \&quot;programName\&quot;: \&quot;linux\&quot;,\n        \&quot;programDescription\&quot;: \&quot;core java\&quot;,\n        \&quot;online\&quot;: true\n    },\n    {\n        \&quot;programId\&quot;: 8359,\n        \&quot;programName\&quot;: \&quot;Multipal Digit Testing\&quot;,\n        \&quot;programDescription\&quot;: \&quot;Program ID Testing\&quot;,\n        \&quot;online\&quot;: true\n    },\n    {\n        \&quot;programId\&quot;: 8360,\n        \&quot;programName\&quot;: \&quot;ironman\&quot;,\n        \&quot;programDescription\&quot;: \&quot;Agile\&quot;,\n        \&quot;online\&quot;: true\n    },\n    {\n        \&quot;programId\&quot;: 8361,\n        \&quot;programName\&quot;: \&quot;Application Support\&quot;,\n        \&quot;programDescription\&quot;: \&quot;java\&quot;,\n        \&quot;online\&quot;: true\n    },\n    {\n        \&quot;programId\&quot;: 8362,\n        \&quot;programName\&quot;: \&quot;Selenium\&quot;,\n        \&quot;programDescription\&quot;: \&quot;Automation Testing\&quot;,\n        \&quot;online\&quot;: true\n    },\n    {\n        \&quot;programId\&quot;: 8384,\n        \&quot;programName\&quot;: \&quot;string\&quot;,\n        \&quot;programDescription\&quot;: \&quot;string\&quot;,\n        \&quot;online\&quot;: true\n    },\n    {\n        \&quot;programId\&quot;: 8385,\n        \&quot;programName\&quot;: \&quot;batman\&quot;,\n        \&quot;programDescription\&quot;: \&quot;string\&quot;,\n        \&quot;online\&quot;: true\n    },\n    {\n        \&quot;programId\&quot;: 8366,\n        \&quot;programName\&quot;: \&quot;batman\&quot;,\n        \&quot;programDescription\&quot;: \&quot;string\&quot;,\n        \&quot;online\&quot;: true\n    },\n    {\n        \&quot;programId\&quot;: 8367,\n        \&quot;programName\&quot;: \&quot;unix\&quot;,\n        \&quot;programDescription\&quot;: \&quot;string\&quot;,\n        \&quot;online\&quot;: true\n    },\n    {\n        \&quot;programId\&quot;: 8368,\n        \&quot;programName\&quot;: \&quot;linux\&quot;,\n        \&quot;programDescription\&quot;: \&quot;core java\&quot;,\n        \&quot;online\&quot;: true\n    },\n    {\n        \&quot;programId\&quot;: 8369,\n        \&quot;programName\&quot;: \&quot;Multipal Digit Testing\&quot;,\n        \&quot;programDescription\&quot;: \&quot;Program ID Testing\&quot;,\n        \&quot;online\&quot;: true\n    },\n    {\n        \&quot;programId\&quot;: 8370,\n        \&quot;programName\&quot;: \&quot;ironman\&quot;,\n        \&quot;programDescription\&quot;: \&quot;Agile\&quot;,\n        \&quot;online\&quot;: true\n    },\n    {\n        \&quot;programId\&quot;: 8371,\n        \&quot;programName\&quot;: \&quot;Application Support\&quot;,\n        \&quot;programDescription\&quot;: \&quot;java\&quot;,\n        \&quot;online\&quot;: true\n    },\n    {\n        \&quot;programId\&quot;: 8372,\n        \&quot;programName\&quot;: \&quot;batman\&quot;,\n        \&quot;programDescription\&quot;: \&quot;string\&quot;,\n        \&quot;online\&quot;: true\n    },\n    {\n        \&quot;programId\&quot;: 8373,\n        \&quot;programName\&quot;: \&quot;unix\&quot;,\n        \&quot;programDescription\&quot;: \&quot;string\&quot;,\n        \&quot;online\&quot;: true\n    },\n    {\n        \&quot;programId\&quot;: 8374,\n        \&quot;programName\&quot;: \&quot;linux\&quot;,\n        \&quot;programDescription\&quot;: \&quot;core java\&quot;,\n        \&quot;online\&quot;: true\n    },\n    {\n        \&quot;programId\&quot;: 8375,\n        \&quot;programName\&quot;: \&quot;Multipal Digit Testing\&quot;,\n        \&quot;programDescription\&quot;: \&quot;Program ID Testing\&quot;,\n        \&quot;online\&quot;: true\n    },\n    {\n        \&quot;programId\&quot;: 8376,\n        \&quot;programName\&quot;: \&quot;ironman\&quot;,\n        \&quot;programDescription\&quot;: \&quot;Agile\&quot;,\n        \&quot;online\&quot;: true\n    },\n    {\n        \&quot;programId\&quot;: 8377,\n        \&quot;programName\&quot;: \&quot;Application Support\&quot;,\n        \&quot;programDescription\&quot;: \&quot;java\&quot;,\n        \&quot;online\&quot;: true\n    },\n    {\n        \&quot;programId\&quot;: 8378,\n        \&quot;programName\&quot;: \&quot;string\&quot;,\n        \&quot;programDescription\&quot;: \&quot;string\&quot;,\n        \&quot;online\&quot;: true\n    },\n    {\n        \&quot;programId\&quot;: 8379,\n        \&quot;programName\&quot;: \&quot;string\&quot;,\n        \&quot;programDescription\&quot;: \&quot;string\&quot;,\n        \&quot;online\&quot;: true\n    },\n    {\n        \&quot;programId\&quot;: 8386,\n        \&quot;programName\&quot;: \&quot;unix\&quot;,\n        \&quot;programDescription\&quot;: \&quot;string\&quot;,\n        \&quot;online\&quot;: true\n    },\n    {\n        \&quot;programId\&quot;: 1377,\n        \&quot;programName\&quot;: \&quot;string\&quot;,\n        \&quot;programDescription\&quot;: \&quot;string\&quot;,\n        \&quot;online\&quot;: true\n    },\n    {\n        \&quot;programId\&quot;: 8414,\n        \&quot;programName\&quot;: \&quot;Java\&quot;,\n        \&quot;programDescription\&quot;: \&quot;Testing\&quot;,\n        \&quot;online\&quot;: false\n    },\n    {\n        \&quot;programId\&quot;: 8387,\n        \&quot;programName\&quot;: \&quot;linux\&quot;,\n        \&quot;programDescription\&quot;: \&quot;core java\&quot;,\n        \&quot;online\&quot;: true\n    },\n    {\n        \&quot;programId\&quot;: 8388,\n        \&quot;programName\&quot;: \&quot;Multipal Digit Testing\&quot;,\n        \&quot;programDescription\&quot;: \&quot;Program ID Testing\&quot;,\n        \&quot;online\&quot;: true\n    },\n    {\n        \&quot;programId\&quot;: 8389,\n        \&quot;programName\&quot;: \&quot;ironman\&quot;,\n        \&quot;programDescription\&quot;: \&quot;Agile\&quot;,\n        \&quot;online\&quot;: true\n    },\n    {\n        \&quot;programId\&quot;: 8390,\n        \&quot;programName\&quot;: \&quot;Application Support\&quot;,\n        \&quot;programDescription\&quot;: \&quot;java\&quot;,\n        \&quot;online\&quot;: true\n    },\n    {\n        \&quot;programId\&quot;: 8391,\n        \&quot;programName\&quot;: \&quot;zxcv\&quot;,\n        \&quot;programDescription\&quot;: \&quot;abcd\&quot;,\n        \&quot;online\&quot;: true\n    },\n    {\n        \&quot;programId\&quot;: 8392,\n        \&quot;programName\&quot;: \&quot;zxcv\&quot;,\n        \&quot;programDescription\&quot;: \&quot;abcd\&quot;,\n        \&quot;online\&quot;: true\n    },\n    {\n        \&quot;programId\&quot;: 1507,\n        \&quot;programName\&quot;: \&quot;my prog\&quot;,\n        \&quot;programDescription\&quot;: \&quot;dummy desc\&quot;,\n        \&quot;online\&quot;: true\n    },\n    {\n        \&quot;programId\&quot;: 8393,\n        \&quot;programName\&quot;: \&quot;my prog\&quot;,\n        \&quot;programDescription\&quot;: \&quot;dummy desc\&quot;,\n        \&quot;online\&quot;: true\n    },\n    {\n        \&quot;programId\&quot;: 8394,\n        \&quot;programName\&quot;: \&quot;java\&quot;,\n        \&quot;programDescription\&quot;: \&quot;javastring\&quot;,\n        \&quot;online\&quot;: true\n    },\n    {\n        \&quot;programId\&quot;: 8395,\n        \&quot;programName\&quot;: \&quot;batman\&quot;,\n        \&quot;programDescription\&quot;: \&quot;string\&quot;,\n        \&quot;online\&quot;: true\n    },\n    {\n        \&quot;programId\&quot;: 8396,\n        \&quot;programName\&quot;: \&quot;batman\&quot;,\n        \&quot;programDescription\&quot;: \&quot;string\&quot;,\n        \&quot;online\&quot;: true\n    },\n    {\n        \&quot;programId\&quot;: 8397,\n        \&quot;programName\&quot;: \&quot;java\&quot;,\n        \&quot;programDescription\&quot;: \&quot;javastring\&quot;,\n        \&quot;online\&quot;: true\n    },\n    {\n        \&quot;programId\&quot;: 8398,\n        \&quot;programName\&quot;: \&quot;java\&quot;,\n        \&quot;programDescription\&quot;: \&quot;javastring\&quot;,\n        \&quot;online\&quot;: true\n    },\n    {\n        \&quot;programId\&quot;: 8399,\n        \&quot;programName\&quot;: \&quot;java\&quot;,\n        \&quot;programDescription\&quot;: \&quot;javastring\&quot;,\n        \&quot;online\&quot;: true\n    },\n    {\n        \&quot;programId\&quot;: 8400,\n        \&quot;programName\&quot;: \&quot;batman\&quot;,\n        \&quot;programDescription\&quot;: \&quot;string\&quot;,\n        \&quot;online\&quot;: true\n    },\n    {\n        \&quot;programId\&quot;: 8401,\n        \&quot;programName\&quot;: \&quot;batman\&quot;,\n        \&quot;programDescription\&quot;: \&quot;string\&quot;,\n        \&quot;online\&quot;: true\n    },\n    {\n        \&quot;programId\&quot;: 8402,\n        \&quot;programName\&quot;: \&quot;unix\&quot;,\n        \&quot;programDescription\&quot;: \&quot;string\&quot;,\n        \&quot;online\&quot;: true\n    },\n    {\n        \&quot;programId\&quot;: 8403,\n        \&quot;programName\&quot;: \&quot;linux\&quot;,\n        \&quot;programDescription\&quot;: \&quot;core java\&quot;,\n        \&quot;online\&quot;: true\n    },\n    {\n        \&quot;programId\&quot;: 8404,\n        \&quot;programName\&quot;: \&quot;Multipal Digit Testing\&quot;,\n        \&quot;programDescription\&quot;: \&quot;Program ID Testing\&quot;,\n        \&quot;online\&quot;: true\n    },\n    {\n        \&quot;programId\&quot;: 8405,\n        \&quot;programName\&quot;: \&quot;ironman\&quot;,\n        \&quot;programDescription\&quot;: \&quot;Agile\&quot;,\n        \&quot;online\&quot;: true\n    },\n    {\n        \&quot;programId\&quot;: 8406,\n        \&quot;programName\&quot;: \&quot;Application Support\&quot;,\n        \&quot;programDescription\&quot;: \&quot;java\&quot;,\n        \&quot;online\&quot;: true\n    },\n    {\n        \&quot;programId\&quot;: 8407,\n        \&quot;programName\&quot;: \&quot;cucumber learning modified\&quot;,\n        \&quot;programDescription\&quot;: \&quot;cucumber learning\&quot;,\n        \&quot;online\&quot;: false\n    },\n    {\n        \&quot;programId\&quot;: 8408,\n        \&quot;programName\&quot;: \&quot;SDET\&quot;,\n        \&quot;programDescription\&quot;: \&quot;Selenium Postman\&quot;,\n        \&quot;online\&quot;: true\n    },\n    {\n        \&quot;programId\&quot;: 8409,\n        \&quot;programName\&quot;: \&quot;Blank testing\&quot;,\n        \&quot;programDescription\&quot;: \&quot;\&quot;,\n        \&quot;online\&quot;: false\n    },\n    {\n        \&quot;programId\&quot;: 8410,\n        \&quot;programName\&quot;: \&quot;API Testing\&quot;,\n        \&quot;programDescription\&quot;: \&quot;RestAssured Postman\&quot;,\n        \&quot;online\&quot;: false\n    },\n    {\n        \&quot;programId\&quot;: 8411,\n        \&quot;programName\&quot;: \&quot;API Testing\&quot;,\n        \&quot;programDescription\&quot;: \&quot;Selenium Postman\&quot;,\n        \&quot;online\&quot;: false\n    },\n    {\n        \&quot;programId\&quot;: 8412,\n        \&quot;programName\&quot;: \&quot;Testing\&quot;,\n        \&quot;programDescription\&quot;: \&quot;Testing\&quot;,\n        \&quot;online\&quot;: true\n    },\n    {\n        \&quot;programId\&quot;: 8413,\n        \&quot;programName\&quot;: \&quot;Testing\&quot;,\n        \&quot;programDescription\&quot;: \&quot;AutomationTesting\&quot;,\n        \&quot;online\&quot;: true\n    },\n    {\n        \&quot;programId\&quot;: 8415,\n        \&quot;programName\&quot;: \&quot;Csharp\&quot;,\n        \&quot;programDescription\&quot;: \&quot;Testing\&quot;,\n        \&quot;online\&quot;: true\n    },\n    {\n        \&quot;programId\&quot;: 8416,\n        \&quot;programName\&quot;: \&quot;Cypress\&quot;,\n        \&quot;programDescription\&quot;: \&quot;Testing edited\&quot;,\n        \&quot;online\&quot;: false\n    },\n    {\n        \&quot;programId\&quot;: 8417,\n        \&quot;programName\&quot;: \&quot;CoralDraw\&quot;,\n        \&quot;programDescription\&quot;: \&quot;Testing edited\&quot;,\n        \&quot;online\&quot;: true\n    },\n    {\n        \&quot;programId\&quot;: 8418,\n        \&quot;programName\&quot;: \&quot;Adobe Reader\&quot;,\n        \&quot;programDescription\&quot;: \&quot;Testing edited\&quot;,\n        \&quot;online\&quot;: true\n    },\n    {\n        \&quot;programId\&quot;: 8419,\n        \&quot;programName\&quot;: \&quot;Selenium Modified\&quot;,\n        \&quot;programDescription\&quot;: \&quot;Testing Modified\&quot;,\n        \&quot;online\&quot;: true\n    },\n    {\n        \&quot;programId\&quot;: 8420,\n        \&quot;programName\&quot;: \&quot;Java\&quot;,\n        \&quot;programDescription\&quot;: \&quot;Testing\&quot;,\n        \&quot;online\&quot;: false\n    },\n    {\n        \&quot;programId\&quot;: 8421,\n        \&quot;programName\&quot;: \&quot;Java Modified\&quot;,\n        \&quot;programDescription\&quot;: \&quot;Testing Modified\&quot;,\n        \&quot;online\&quot;: false\n    },\n    {\n        \&quot;programId\&quot;: 8422,\n        \&quot;programName\&quot;: \&quot;Csharp\&quot;,\n        \&quot;programDescription\&quot;: \&quot;Testing\&quot;,\n        \&quot;online\&quot;: true\n    },\n    {\n        \&quot;programId\&quot;: 8423,\n        \&quot;programName\&quot;: \&quot;Csharp Modified\&quot;,\n        \&quot;programDescription\&quot;: \&quot;Testing Modified\&quot;,\n        \&quot;online\&quot;: true\n    },\n    {\n        \&quot;programId\&quot;: 8424,\n        \&quot;programName\&quot;: \&quot;Cypress\&quot;,\n        \&quot;programDescription\&quot;: \&quot;Testing edited\&quot;,\n        \&quot;online\&quot;: false\n    },\n    {\n        \&quot;programId\&quot;: 8425,\n        \&quot;programName\&quot;: \&quot;Cypress Modified\&quot;,\n        \&quot;programDescription\&quot;: \&quot;Testing edited Modified\&quot;,\n        \&quot;online\&quot;: false\n    },\n    {\n        \&quot;programId\&quot;: 8426,\n        \&quot;programName\&quot;: \&quot;CoralDraw\&quot;,\n        \&quot;programDescription\&quot;: \&quot;Testing edited\&quot;,\n        \&quot;online\&quot;: true\n    },\n    {\n        \&quot;programId\&quot;: 8427,\n        \&quot;programName\&quot;: \&quot;CoralDraw Modified\&quot;,\n        \&quot;programDescription\&quot;: \&quot;Testing edited Modified\&quot;,\n        \&quot;online\&quot;: true\n    },\n    {\n        \&quot;programId\&quot;: 8428,\n        \&quot;programName\&quot;: \&quot;Adobe Reader\&quot;,\n        \&quot;programDescription\&quot;: \&quot;Testing edited\&quot;,\n        \&quot;online\&quot;: true\n    },\n    {\n        \&quot;programId\&quot;: 8429,\n        \&quot;programName\&quot;: \&quot;Adobe Reader Modified\&quot;,\n        \&quot;programDescription\&quot;: \&quot;Testing edited Modified\&quot;,\n        \&quot;online\&quot;: true\n    },\n    {\n        \&quot;programId\&quot;: 8430,\n        \&quot;programName\&quot;: \&quot;Cucumber Modified\&quot;,\n        \&quot;programDescription\&quot;: \&quot;Testing edited Modified\&quot;,\n        \&quot;online\&quot;: true\n    },\n    {\n        \&quot;programId\&quot;: 8431,\n        \&quot;programName\&quot;: \&quot;cucumber learning modified\&quot;,\n        \&quot;programDescription\&quot;: \&quot;cucumber learning\&quot;,\n        \&quot;online\&quot;: false\n    },\n    {\n        \&quot;programId\&quot;: 8432,\n        \&quot;programName\&quot;: \&quot;SDET\&quot;,\n        \&quot;programDescription\&quot;: \&quot;Selenium Postman\&quot;,\n        \&quot;online\&quot;: true\n    },\n    {\n        \&quot;programId\&quot;: 8433,\n        \&quot;programName\&quot;: \&quot;Blank testing\&quot;,\n        \&quot;programDescription\&quot;: \&quot;\&quot;,\n        \&quot;online\&quot;: false\n    },\n    {\n        \&quot;programId\&quot;: 8434,\n        \&quot;programName\&quot;: \&quot;API Testing\&quot;,\n        \&quot;programDescription\&quot;: \&quot;RestAssured Postman\&quot;,\n        \&quot;online\&quot;: false\n    },\n    {\n        \&quot;programId\&quot;: 8435,\n        \&quot;programName\&quot;: \&quot;API Testing\&quot;,\n        \&quot;programDescription\&quot;: \&quot;Selenium Postman\&quot;,\n        \&quot;online\&quot;: false\n    },\n    {\n        \&quot;programId\&quot;: 8436,\n        \&quot;programName\&quot;: \&quot;Testing\&quot;,\n        \&quot;programDescription\&quot;: \&quot;Testing\&quot;,\n        \&quot;online\&quot;: true\n    },\n    {\n        \&quot;programId\&quot;: 5850,\n        \&quot;programName\&quot;: \&quot;Testing\&quot;,\n        \&quot;programDescription\&quot;: \&quot;Selenium CucumberBDD\&quot;,\n        \&quot;online\&quot;: true\n    },\n    {\n        \&quot;programId\&quot;: 8437,\n        \&quot;programName\&quot;: \&quot;Testing\&quot;,\n        \&quot;programDescription\&quot;: \&quot;AutomationTesting\&quot;,\n        \&quot;online\&quot;: true\n    },\n    {\n        \&quot;programId\&quot;: 8438,\n        \&quot;programName\&quot;: \&quot;lms api\&quot;,\n        \&quot;programDescription\&quot;: \&quot;lms api\&quot;,\n        \&quot;online\&quot;: true\n    },\n    {\n        \&quot;programId\&quot;: 6435,\n        \&quot;programName\&quot;: \&quot;API testing\&quot;,\n        \&quot;programDescription\&quot;: \&quot;Testing the API in Postman\&quot;,\n        \&quot;online\&quot;: true\n    },\n    {\n        \&quot;programId\&quot;: 8439,\n        \&quot;programName\&quot;: \&quot;Java\&quot;,\n        \&quot;programDescription\&quot;: \&quot;Java Learning\&quot;,\n        \&quot;online\&quot;: true\n    },\n    {\n        \&quot;programId\&quot;: 8440,\n        \&quot;programName\&quot;: \&quot;C#\&quot;,\n        \&quot;programDescription\&quot;: \&quot;C# learning\&quot;,\n        \&quot;online\&quot;: false\n    },\n    {\n        \&quot;programId\&quot;: 8441,\n        \&quot;programName\&quot;: \&quot;Selenium\&quot;,\n        \&quot;programDescription\&quot;: \&quot;Selenium with Java\&quot;,\n        \&quot;online\&quot;: true\n    },\n    {\n        \&quot;programId\&quot;: 8442,\n        \&quot;programName\&quot;: \&quot;DotNet\&quot;,\n        \&quot;programDescription\&quot;: \&quot;DotNet\&quot;,\n        \&quot;online\&quot;: false\n    },\n    {\n        \&quot;programId\&quot;: 8443,\n        \&quot;programName\&quot;: \&quot;Java\&quot;,\n        \&quot;programDescription\&quot;: \&quot;Java Learning\&quot;,\n        \&quot;online\&quot;: true\n    },\n    {\n        \&quot;programId\&quot;: 8444,\n        \&quot;programName\&quot;: \&quot;C#\&quot;,\n        \&quot;programDescription\&quot;: \&quot;C# learning\&quot;,\n        \&quot;online\&quot;: false\n    },\n    {\n        \&quot;programId\&quot;: 8445,\n        \&quot;programName\&quot;: \&quot;Selenium\&quot;,\n        \&quot;programDescription\&quot;: \&quot;Selenium with Java\&quot;,\n        \&quot;online\&quot;: true\n    },\n    {\n        \&quot;programId\&quot;: 8446,\n        \&quot;programName\&quot;: \&quot;DotNet\&quot;,\n        \&quot;programDescription\&quot;: \&quot;DotNet\&quot;,\n        \&quot;online\&quot;: false\n    },\n    {\n        \&quot;programId\&quot;: 8447,\n        \&quot;programName\&quot;: \&quot;Java\&quot;,\n        \&quot;programDescription\&quot;: \&quot;Java Learning\&quot;,\n        \&quot;online\&quot;: true\n    },\n    {\n        \&quot;programId\&quot;: 8448,\n        \&quot;programName\&quot;: \&quot;C#\&quot;,\n        \&quot;programDescription\&quot;: \&quot;C# learning\&quot;,\n        \&quot;online\&quot;: false\n    },\n    {\n        \&quot;programId\&quot;: 8449,\n        \&quot;programName\&quot;: \&quot;Selenium\&quot;,\n        \&quot;programDescription\&quot;: \&quot;Selenium with Java\&quot;,\n        \&quot;online\&quot;: true\n    },\n    {\n        \&quot;programId\&quot;: 8450,\n        \&quot;programName\&quot;: \&quot;DotNet\&quot;,\n        \&quot;programDescription\&quot;: \&quot;DotNet\&quot;,\n        \&quot;online\&quot;: false\n    },\n    {\n        \&quot;programId\&quot;: 8451,\n        \&quot;programName\&quot;: \&quot;Java\&quot;,\n        \&quot;programDescription\&quot;: \&quot;Java Learning\&quot;,\n        \&quot;online\&quot;: true\n    },\n    {\n        \&quot;programId\&quot;: 8452,\n        \&quot;programName\&quot;: \&quot;C#\&quot;,\n        \&quot;programDescription\&quot;: \&quot;C# learning\&quot;,\n        \&quot;online\&quot;: false\n    },\n    {\n        \&quot;programId\&quot;: 8453,\n        \&quot;programName\&quot;: \&quot;Selenium\&quot;,\n        \&quot;programDescription\&quot;: \&quot;Selenium with Java\&quot;,\n        \&quot;online\&quot;: true\n    },\n    {\n        \&quot;programId\&quot;: 8456,\n        \&quot;programName\&quot;: \&quot;C#\&quot;,\n        \&quot;programDescription\&quot;: \&quot;C# learning\&quot;,\n        \&quot;online\&quot;: false\n    },\n    {\n        \&quot;programId\&quot;: 8457,\n        \&quot;programName\&quot;: \&quot;Selenium\&quot;,\n        \&quot;programDescription\&quot;: \&quot;Selenium with Java\&quot;,\n        \&quot;online\&quot;: true\n    },\n    {\n        \&quot;programId\&quot;: 8458,\n        \&quot;programName\&quot;: \&quot;DotNet\&quot;,\n        \&quot;programDescription\&quot;: \&quot;DotNet\&quot;,\n        \&quot;online\&quot;: false\n    },\n    {\n        \&quot;programId\&quot;: 8459,\n        \&quot;programName\&quot;: \&quot;SDET26\&quot;,\n        \&quot;programDescription\&quot;: \&quot;Automation testing\&quot;,\n        \&quot;online\&quot;: true\n    },\n    {\n        \&quot;programId\&quot;: 8460,\n        \&quot;programName\&quot;: \&quot;DS\&quot;,\n        \&quot;programDescription\&quot;: \&quot;data science\&quot;,\n        \&quot;online\&quot;: false\n    },\n    {\n        \&quot;programId\&quot;: 8461,\n        \&quot;programName\&quot;: \&quot;SDET26\&quot;,\n        \&quot;programDescription\&quot;: \&quot;management\&quot;,\n        \&quot;online\&quot;: true\n    },\n    {\n        \&quot;programId\&quot;: 8462,\n        \&quot;programName\&quot;: \&quot;SDET\&quot;,\n        \&quot;programDescription\&quot;: \&quot;api\&quot;,\n        \&quot;online\&quot;: true\n    },\n    {\n        \&quot;programId\&quot;: 8463,\n        \&quot;programName\&quot;: \&quot;SDET26\&quot;,\n        \&quot;programDescription\&quot;: \&quot;Automation testing\&quot;,\n        \&quot;online\&quot;: true\n    },\n    {\n        \&quot;programId\&quot;: 8464,\n        \&quot;programName\&quot;: \&quot;DS\&quot;,\n        \&quot;programDescription\&quot;: \&quot;data science\&quot;,\n        \&quot;online\&quot;: false\n    },\n    {\n        \&quot;programId\&quot;: 8465,\n        \&quot;programName\&quot;: \&quot;SDET26\&quot;,\n        \&quot;programDescription\&quot;: \&quot;management\&quot;,\n        \&quot;online\&quot;: true\n    },\n    {\n        \&quot;programId\&quot;: 8466,\n        \&quot;programName\&quot;: \&quot;SDET\&quot;,\n        \&quot;programDescription\&quot;: \&quot;api\&quot;,\n        \&quot;online\&quot;: true\n    },\n    {\n        \&quot;programId\&quot;: 8467,\n        \&quot;programName\&quot;: \&quot;SDET26\&quot;,\n        \&quot;programDescription\&quot;: \&quot;Automation testing\&quot;,\n        \&quot;online\&quot;: true\n    },\n    {\n        \&quot;programId\&quot;: 8468,\n        \&quot;programName\&quot;: \&quot;DS\&quot;,\n        \&quot;programDescription\&quot;: \&quot;data science\&quot;,\n        \&quot;online\&quot;: false\n    },\n    {\n        \&quot;programId\&quot;: 8469,\n        \&quot;programName\&quot;: \&quot;SDET26\&quot;,\n        \&quot;programDescription\&quot;: \&quot;management\&quot;,\n        \&quot;online\&quot;: true\n    },\n    {\n        \&quot;programId\&quot;: 8470,\n        \&quot;programName\&quot;: \&quot;SDET\&quot;,\n        \&quot;programDescription\&quot;: \&quot;api\&quot;,\n        \&quot;online\&quot;: true\n    },\n    {\n        \&quot;programId\&quot;: 8471,\n        \&quot;programName\&quot;: \&quot;java\&quot;,\n        \&quot;programDescription\&quot;: \&quot;javastring\&quot;,\n        \&quot;online\&quot;: true\n    },\n    {\n        \&quot;programId\&quot;: 8472,\n        \&quot;programName\&quot;: \&quot;SDET26\&quot;,\n        \&quot;programDescription\&quot;: \&quot;Automation testing\&quot;,\n        \&quot;online\&quot;: true\n    },\n    {\n        \&quot;programId\&quot;: 8473,\n        \&quot;programName\&quot;: \&quot;DS\&quot;,\n        \&quot;programDescription\&quot;: \&quot;data science\&quot;,\n        \&quot;online\&quot;: false\n    },\n    {\n        \&quot;programId\&quot;: 8474,\n        \&quot;programName\&quot;: \&quot;SDET26\&quot;,\n        \&quot;programDescription\&quot;: \&quot;management\&quot;,\n        \&quot;online\&quot;: true\n    },\n    {\n        \&quot;programId\&quot;: 8475,\n        \&quot;programName\&quot;: \&quot;SDET\&quot;,\n        \&quot;programDescription\&quot;: \&quot;api\&quot;,\n        \&quot;online\&quot;: true\n    },\n    {\n        \&quot;programId\&quot;: 8476,\n        \&quot;programName\&quot;: \&quot;SDET26\&quot;,\n        \&quot;programDescription\&quot;: \&quot;Automation testing\&quot;,\n        \&quot;online\&quot;: true\n    },\n    {\n        \&quot;programId\&quot;: 8477,\n        \&quot;programName\&quot;: \&quot;DS\&quot;,\n        \&quot;programDescription\&quot;: \&quot;data science\&quot;,\n        \&quot;online\&quot;: false\n    },\n    {\n        \&quot;programId\&quot;: 8478,\n        \&quot;programName\&quot;: \&quot;SDET26\&quot;,\n        \&quot;programDescription\&quot;: \&quot;management\&quot;,\n        \&quot;online\&quot;: true\n    },\n    {\n        \&quot;programId\&quot;: 8479,\n        \&quot;programName\&quot;: \&quot;SDET\&quot;,\n        \&quot;programDescription\&quot;: \&quot;api\&quot;,\n        \&quot;online\&quot;: true\n    },\n    {\n        \&quot;programId\&quot;: 8480,\n        \&quot;programName\&quot;: \&quot;Python programming\&quot;,\n        \&quot;programDescription\&quot;: \&quot;Learn Python\&quot;,\n        \&quot;online\&quot;: false\n    },\n    {\n        \&quot;programId\&quot;: 8481,\n        \&quot;programName\&quot;: \&quot;API testing\&quot;,\n        \&quot;programDescription\&quot;: \&quot;Testing using Postman \&quot;,\n        \&quot;online\&quot;: false\n    },\n    {\n        \&quot;programId\&quot;: 8482,\n        \&quot;programName\&quot;: \&quot;Learn Pyt Modified\&quot;,\n        \&quot;programDescription\&quot;: \&quot; Pyt Pgm Modified\&quot;,\n        \&quot;online\&quot;: false\n    },\n    {\n        \&quot;programId\&quot;: 8483,\n        \&quot;programName\&quot;: \&quot;Learn Pyt Modified\&quot;,\n        \&quot;programDescription\&quot;: \&quot; Pyt Pgm Modified\&quot;,\n        \&quot;online\&quot;: false\n    },\n    {\n        \&quot;programId\&quot;: 6554,\n        \&quot;programName\&quot;: \&quot;S100\&quot;,\n        \&quot;programDescription\&quot;: \&quot;Learn Python\&quot;,\n        \&quot;online\&quot;: true\n    },\n    {\n        \&quot;programId\&quot;: 6555,\n        \&quot;programName\&quot;: \&quot;S200\&quot;,\n        \&quot;programDescription\&quot;: \&quot;Testing using Postman \&quot;,\n        \&quot;online\&quot;: true\n    },\n    {\n        \&quot;programId\&quot;: 8484,\n        \&quot;programName\&quot;: \&quot;Python programming\&quot;,\n        \&quot;programDescription\&quot;: \&quot;Learn Python\&quot;,\n        \&quot;online\&quot;: true\n    },\n    {\n        \&quot;programId\&quot;: 8485,\n        \&quot;programName\&quot;: \&quot;API testing\&quot;,\n        \&quot;programDescription\&quot;: \&quot;Testing using Postman \&quot;,\n        \&quot;online\&quot;: true\n    },\n    {\n        \&quot;programId\&quot;: 8486,\n        \&quot;programName\&quot;: \&quot;Python programming\&quot;,\n        \&quot;programDescription\&quot;: \&quot;Learn Python\&quot;,\n        \&quot;online\&quot;: false\n    },\n    {\n        \&quot;programId\&quot;: 8487,\n        \&quot;programName\&quot;: \&quot;API testing\&quot;,\n        \&quot;programDescription\&quot;: \&quot;Testing using Postman \&quot;,\n        \&quot;online\&quot;: false\n    },\n    {\n        \&quot;programId\&quot;: 9271,\n        \&quot;programName\&quot;: \&quot;string\&quot;,\n        \&quot;programDescription\&quot;: \&quot;geeta\&quot;,\n        \&quot;online\&quot;: true\n    },\n    {\n        \&quot;programId\&quot;: 8490,\n        \&quot;programName\&quot;: \&quot;cucumber\&quot;,\n        \&quot;programDescription\&quot;: \&quot;cucumber learning\&quot;,\n        \&quot;online\&quot;: false\n    },\n    {\n        \&quot;programId\&quot;: 8491,\n        \&quot;programName\&quot;: \&quot;cucumber modified\&quot;,\n        \&quot;programDescription\&quot;: \&quot;cucumber learning\&quot;,\n        \&quot;online\&quot;: false\n    },\n    {\n        \&quot;programId\&quot;: 8492,\n        \&quot;programName\&quot;: \&quot;Assistantabc\&quot;,\n        \&quot;programDescription\&quot;: \&quot;Assistantabc\&quot;,\n        \&quot;online\&quot;: true\n    },\n    {\n        \&quot;programId\&quot;: 8493,\n        \&quot;programName\&quot;: \&quot;SDET26\&quot;,\n        \&quot;programDescription\&quot;: \&quot;Automation testing\&quot;,\n        \&quot;online\&quot;: true\n    },\n    {\n        \&quot;programId\&quot;: 8494,\n        \&quot;programName\&quot;: \&quot;DS\&quot;,\n        \&quot;programDescription\&quot;: \&quot;data science\&quot;,\n        \&quot;online\&quot;: false\n    },\n    {\n        \&quot;programId\&quot;: 8495,\n        \&quot;programName\&quot;: \&quot;SDET26\&quot;,\n        \&quot;programDescription\&quot;: \&quot;management\&quot;,\n        \&quot;online\&quot;: true\n    },\n    {\n        \&quot;programId\&quot;: 8496,\n        \&quot;programName\&quot;: \&quot;SDET\&quot;,\n        \&quot;programDescription\&quot;: \&quot;api\&quot;,\n        \&quot;online\&quot;: true\n    },\n    {\n        \&quot;programId\&quot;: 8497,\n        \&quot;programName\&quot;: \&quot;SDET26\&quot;,\n        \&quot;programDescription\&quot;: \&quot;Automation testing\&quot;,\n        \&quot;online\&quot;: true\n    },\n    {\n        \&quot;programId\&quot;: 5555,\n        \&quot;programName\&quot;: \&quot;string \&quot;,\n        \&quot;programDescription\&quot;: \&quot;string\&quot;,\n        \&quot;online\&quot;: true\n    },\n    {\n        \&quot;programId\&quot;: 9272,\n        \&quot;programName\&quot;: \&quot;string\&quot;,\n        \&quot;programDescription\&quot;: \&quot;geeta\&quot;,\n        \&quot;online\&quot;: true\n    },\n    {\n        \&quot;programId\&quot;: 8500,\n        \&quot;programName\&quot;: \&quot;SDET\&quot;,\n        \&quot;programDescription\&quot;: \&quot;api\&quot;,\n        \&quot;online\&quot;: true\n    },\n    {\n        \&quot;programId\&quot;: 8532,\n        \&quot;programName\&quot;: \&quot;Testing\&quot;,\n        \&quot;programDescription\&quot;: \&quot;AutomationTesting\&quot;,\n        \&quot;online\&quot;: true\n    },\n    {\n        \&quot;programId\&quot;: 8501,\n        \&quot;programName\&quot;: \&quot;SDT\&quot;,\n        \&quot;programDescription\&quot;: \&quot;SDET102\&quot;,\n        \&quot;online\&quot;: false\n    },\n    {\n        \&quot;programId\&quot;: 8502,\n        \&quot;programName\&quot;: \&quot;DS\&quot;,\n        \&quot;programDescription\&quot;: \&quot;DS102\&quot;,\n        \&quot;online\&quot;: false\n    },\n    {\n        \&quot;programId\&quot;: 8503,\n        \&quot;programName\&quot;: \&quot;sdt\&quot;,\n        \&quot;programDescription\&quot;: \&quot;sSDET202\&quot;,\n        \&quot;online\&quot;: false\n    },\n    {\n        \&quot;programId\&quot;: 8504,\n        \&quot;programName\&quot;: \&quot;ds\&quot;,\n        \&quot;programDescription\&quot;: \&quot;DS202\&quot;,\n        \&quot;online\&quot;: false\n    },\n    {\n        \&quot;programId\&quot;: 8505,\n        \&quot;programName\&quot;: \&quot;SDT\&quot;,\n        \&quot;programDescription\&quot;: \&quot;SDET102\&quot;,\n        \&quot;online\&quot;: false\n    },\n    {\n        \&quot;programId\&quot;: 8506,\n        \&quot;programName\&quot;: \&quot;DS\&quot;,\n        \&quot;programDescription\&quot;: \&quot;DS102\&quot;,\n        \&quot;online\&quot;: false\n    },\n    {\n        \&quot;programId\&quot;: 8507,\n        \&quot;programName\&quot;: \&quot;sdt\&quot;,\n        \&quot;programDescription\&quot;: \&quot;sSDET202\&quot;,\n        \&quot;online\&quot;: false\n    },\n    {\n        \&quot;programId\&quot;: 8508,\n        \&quot;programName\&quot;: \&quot;ds\&quot;,\n        \&quot;programDescription\&quot;: \&quot;DS202\&quot;,\n        \&quot;online\&quot;: false\n    },\n    {\n        \&quot;programId\&quot;: 8509,\n        \&quot;programName\&quot;: \&quot;SDT\&quot;,\n        \&quot;programDescription\&quot;: \&quot;SDET102\&quot;,\n        \&quot;online\&quot;: false\n    },\n    {\n        \&quot;programId\&quot;: 8510,\n        \&quot;programName\&quot;: \&quot;DS\&quot;,\n        \&quot;programDescription\&quot;: \&quot;DS102\&quot;,\n        \&quot;online\&quot;: false\n    },\n    {\n        \&quot;programId\&quot;: 8511,\n        \&quot;programName\&quot;: \&quot;sdt\&quot;,\n        \&quot;programDescription\&quot;: \&quot;sSDET202\&quot;,\n        \&quot;online\&quot;: false\n    },\n    {\n        \&quot;programId\&quot;: 8512,\n        \&quot;programName\&quot;: \&quot;ds\&quot;,\n        \&quot;programDescription\&quot;: \&quot;DS202\&quot;,\n        \&quot;online\&quot;: false\n    },\n    {\n        \&quot;programId\&quot;: 8533,\n        \&quot;programName\&quot;: \&quot;Java\&quot;,\n        \&quot;programDescription\&quot;: \&quot;Java Learning\&quot;,\n        \&quot;online\&quot;: true\n    },\n    {\n        \&quot;programId\&quot;: 8534,\n        \&quot;programName\&quot;: \&quot;C#\&quot;,\n        \&quot;programDescription\&quot;: \&quot;C# learning\&quot;,\n        \&quot;online\&quot;: false\n    },\n    {\n        \&quot;programId\&quot;: 8513,\n        \&quot;programName\&quot;: \&quot;\\\&quot;API Testing\\\&quot;\&quot;,\n        \&quot;programDescription\&quot;: \&quot;\\\&quot;RestAssured\\\&quot;\&quot;,\n        \&quot;online\&quot;: false\n    },\n    {\n        \&quot;programId\&quot;: 8514,\n        \&quot;programName\&quot;: \&quot;\\\&quot;Framework\\\&quot;\&quot;,\n        \&quot;programDescription\&quot;: \&quot;\\\&quot;Cucumber\\\&quot;\&quot;,\n        \&quot;online\&quot;: false\n    },\n    {\n        \&quot;programId\&quot;: 8516,\n        \&quot;programName\&quot;: \&quot;\\\&quot;Programming\\\&quot;\&quot;,\n        \&quot;programDescription\&quot;: \&quot;\\\&quot;Java\\\&quot;\&quot;,\n        \&quot;online\&quot;: false\n    },\n    {\n        \&quot;programId\&quot;: 8517,\n        \&quot;programName\&quot;: \&quot;Automation Testing \&quot;,\n        \&quot;programDescription\&quot;: \&quot;RestAssured\&quot;,\n        \&quot;online\&quot;: true\n    },\n    {\n        \&quot;programId\&quot;: 9273,\n        \&quot;programName\&quot;: \&quot;string\&quot;,\n        \&quot;programDescription\&quot;: \&quot;geeta\&quot;,\n        \&quot;online\&quot;: true\n    },\n    {\n        \&quot;programId\&quot;: 8518,\n        \&quot;programName\&quot;: \&quot;Java\&quot;,\n        \&quot;programDescription\&quot;: \&quot;Java Learning\&quot;,\n        \&quot;online\&quot;: true\n    },\n    {\n        \&quot;programId\&quot;: 8519,\n        \&quot;programName\&quot;: \&quot;C#\&quot;,\n        \&quot;programDescription\&quot;: \&quot;C# learning\&quot;,\n        \&quot;online\&quot;: false\n    },\n    {\n        \&quot;programId\&quot;: 9309,\n        \&quot;programName\&quot;: \&quot;Testing\&quot;,\n        \&quot;programDescription\&quot;: \&quot;Testing\&quot;,\n        \&quot;online\&quot;: true\n    },\n    {\n        \&quot;programId\&quot;: 8521,\n        \&quot;programName\&quot;: \&quot;DotNet\&quot;,\n        \&quot;programDescription\&quot;: \&quot;DotNet\&quot;,\n        \&quot;online\&quot;: false\n    },\n    {\n        \&quot;programId\&quot;: 8522,\n        \&quot;programName\&quot;: \&quot;Java\&quot;,\n        \&quot;programDescription\&quot;: \&quot;Java Learning\&quot;,\n        \&quot;online\&quot;: true\n    },\n    {\n        \&quot;programId\&quot;: 8523,\n        \&quot;programName\&quot;: \&quot;C#\&quot;,\n        \&quot;programDescription\&quot;: \&quot;C# learning\&quot;,\n        \&quot;online\&quot;: false\n    },\n    {\n        \&quot;programId\&quot;: 8524,\n        \&quot;programName\&quot;: \&quot;Selenium\&quot;,\n        \&quot;programDescription\&quot;: \&quot;Selenium with Java\&quot;,\n        \&quot;online\&quot;: true\n    },\n    {\n        \&quot;programId\&quot;: 8525,\n        \&quot;programName\&quot;: \&quot;DotNet\&quot;,\n        \&quot;programDescription\&quot;: \&quot;DotNet\&quot;,\n        \&quot;online\&quot;: false\n    },\n    {\n        \&quot;programId\&quot;: 8526,\n        \&quot;programName\&quot;: \&quot;cucumber learning modified\&quot;,\n        \&quot;programDescription\&quot;: \&quot;cucumber learning\&quot;,\n        \&quot;online\&quot;: false\n    },\n    {\n        \&quot;programId\&quot;: 8529,\n        \&quot;programName\&quot;: \&quot;API Testing\&quot;,\n        \&quot;programDescription\&quot;: \&quot;RestAssured Postman\&quot;,\n        \&quot;online\&quot;: false\n    },\n    {\n        \&quot;programId\&quot;: 8536,\n        \&quot;programName\&quot;: \&quot;DotNet\&quot;,\n        \&quot;programDescription\&quot;: \&quot;DotNet\&quot;,\n        \&quot;online\&quot;: false\n    },\n    {\n        \&quot;programId\&quot;: 8537,\n        \&quot;programName\&quot;: \&quot;hihihi\&quot;,\n        \&quot;programDescription\&quot;: null,\n        \&quot;online\&quot;: false\n    },\n    {\n        \&quot;programId\&quot;: 8538,\n        \&quot;programName\&quot;: \&quot;Automation Testing\&quot;,\n        \&quot;programDescription\&quot;: \&quot;API Automation Testing\&quot;,\n        \&quot;online\&quot;: false\n    },\n    {\n        \&quot;programId\&quot;: 2001,\n        \&quot;programName\&quot;: \&quot;Java\&quot;,\n        \&quot;programDescription\&quot;: \&quot;Testing\&quot;,\n        \&quot;online\&quot;: false\n    },\n    {\n        \&quot;programId\&quot;: 2005,\n        \&quot;programName\&quot;: \&quot;Adobe Reader\&quot;,\n        \&quot;programDescription\&quot;: \&quot;Testing edited\&quot;,\n        \&quot;online\&quot;: true\n    },\n    {\n        \&quot;programId\&quot;: 8539,\n        \&quot;programName\&quot;: \&quot;Selenium Modified\&quot;,\n        \&quot;programDescription\&quot;: \&quot;Testing Modified\&quot;,\n        \&quot;online\&quot;: true\n    },\n    {\n        \&quot;programId\&quot;: 8540,\n        \&quot;programName\&quot;: \&quot;Java Modified\&quot;,\n        \&quot;programDescription\&quot;: \&quot;Testing Modified\&quot;,\n        \&quot;online\&quot;: false\n    },\n    {\n        \&quot;programId\&quot;: 8541,\n        \&quot;programName\&quot;: \&quot;Csharp Modified\&quot;,\n        \&quot;programDescription\&quot;: \&quot;Testing Modified\&quot;,\n        \&quot;online\&quot;: true\n    },\n    {\n        \&quot;programId\&quot;: 8542,\n        \&quot;programName\&quot;: \&quot;Cypress Modified\&quot;,\n        \&quot;programDescription\&quot;: \&quot;Testing edited Modified\&quot;,\n        \&quot;online\&quot;: false\n    },\n    {\n        \&quot;programId\&quot;: 8543,\n        \&quot;programName\&quot;: \&quot;CoralDraw Modified\&quot;,\n        \&quot;programDescription\&quot;: \&quot;Testing edited Modified\&quot;,\n        \&quot;online\&quot;: true\n    },\n    {\n        \&quot;programId\&quot;: 8544,\n        \&quot;programName\&quot;: \&quot;Adobe Reader Modified\&quot;,\n        \&quot;programDescription\&quot;: \&quot;Testing edited Modified\&quot;,\n        \&quot;online\&quot;: true\n    },\n    {\n        \&quot;programId\&quot;: 8530,\n        \&quot;programName\&quot;: \&quot;Python\&quot;,\n        \&quot;programDescription\&quot;: \&quot;Python\&quot;,\n        \&quot;online\&quot;: true\n    },\n    {\n        \&quot;programId\&quot;: 8531,\n        \&quot;programName\&quot;: \&quot;Spring\&quot;,\n        \&quot;programDescription\&quot;: \&quot;Spring Boot Training\&quot;,\n        \&quot;online\&quot;: true\n    },\n    {\n        \&quot;programId\&quot;: 8535,\n        \&quot;programName\&quot;: \&quot;Selenium Training\&quot;,\n        \&quot;programDescription\&quot;: \&quot;Selenium with python\&quot;,\n        \&quot;online\&quot;: true\n    },\n    {\n        \&quot;programId\&quot;: 9310,\n        \&quot;programName\&quot;: \&quot;QA\&quot;,\n        \&quot;programDescription\&quot;: \&quot;BASICS\&quot;,\n        \&quot;online\&quot;: true\n    },\n    {\n        \&quot;programId\&quot;: 9311,\n        \&quot;programName\&quot;: \&quot;QA\&quot;,\n        \&quot;programDescription\&quot;: \&quot;BASICS\&quot;,\n        \&quot;online\&quot;: true\n    },\n    {\n        \&quot;programId\&quot;: 9328,\n        \&quot;programName\&quot;: \&quot;QUALTY ASSUANCE\&quot;,\n        \&quot;programDescription\&quot;: \&quot;Automation testing\&quot;,\n        \&quot;online\&quot;: true\n    },\n    {\n        \&quot;programId\&quot;: 9349,\n        \&quot;programName\&quot;: \&quot;Java Modified\&quot;,\n        \&quot;programDescription\&quot;: \&quot;Testing Modified\&quot;,\n        \&quot;online\&quot;: false\n    },\n    {\n        \&quot;programId\&quot;: 8545,\n        \&quot;programName\&quot;: \&quot;Cucumber Modified\&quot;,\n        \&quot;programDescription\&quot;: \&quot;Testing edited Modified\&quot;,\n        \&quot;online\&quot;: true\n    },\n    {\n        \&quot;programId\&quot;: 8546,\n        \&quot;programName\&quot;: \&quot;Automation Testing\&quot;,\n        \&quot;programDescription\&quot;: null,\n        \&quot;online\&quot;: false\n    },\n    {\n        \&quot;programId\&quot;: 5674,\n        \&quot;programName\&quot;: \&quot;java\&quot;,\n        \&quot;programDescription\&quot;: \&quot;java Developer\&quot;,\n        \&quot;online\&quot;: true\n    },\n    {\n        \&quot;programId\&quot;: 8547,\n        \&quot;programName\&quot;: \&quot;Automation Testing\&quot;,\n        \&quot;programDescription\&quot;: null,\n        \&quot;online\&quot;: false\n    },\n    {\n        \&quot;programId\&quot;: 8549,\n        \&quot;programName\&quot;: \&quot;cucumber mod\&quot;,\n        \&quot;programDescription\&quot;: \&quot;cucumber learning\&quot;,\n        \&quot;online\&quot;: false\n    },\n    {\n        \&quot;programId\&quot;: 8550,\n        \&quot;programName\&quot;: \&quot;SME\&quot;,\n        \&quot;programDescription\&quot;: \&quot;HealthCare\&quot;,\n        \&quot;online\&quot;: false\n    },\n    {\n        \&quot;programId\&quot;: 8551,\n        \&quot;programName\&quot;: \&quot;Scrum Master\&quot;,\n        \&quot;programDescription\&quot;: \&quot;Agile\&quot;,\n        \&quot;online\&quot;: false\n    },\n    {\n        \&quot;programId\&quot;: 8552,\n        \&quot;programName\&quot;: \&quot;Backend Developer\&quot;,\n        \&quot;programDescription\&quot;: \&quot;Sql Developer\&quot;,\n        \&quot;online\&quot;: false\n    },\n    {\n        \&quot;programId\&quot;: 8553,\n        \&quot;programName\&quot;: \&quot;SDET\&quot;,\n        \&quot;programDescription\&quot;: \&quot;Selenium Postman\&quot;,\n        \&quot;online\&quot;: true\n    },\n    {\n        \&quot;programId\&quot;: 8554,\n        \&quot;programName\&quot;: \&quot;1234\&quot;,\n        \&quot;programDescription\&quot;: \&quot;Manual Testing\&quot;,\n        \&quot;online\&quot;: true\n    },\n    {\n        \&quot;programId\&quot;: 8555,\n        \&quot;programName\&quot;: \&quot;Blank testing\&quot;,\n        \&quot;programDescription\&quot;: \&quot;\&quot;,\n        \&quot;online\&quot;: false\n    },\n    {\n        \&quot;programId\&quot;: 8556,\n        \&quot;programName\&quot;: \&quot;API Testing\&quot;,\n        \&quot;programDescription\&quot;: \&quot;RestAssured Postman\&quot;,\n        \&quot;online\&quot;: false\n    },\n    {\n        \&quot;programId\&quot;: 8557,\n        \&quot;programName\&quot;: \&quot;SDET\&quot;,\n        \&quot;programDescription\&quot;: \&quot;Selenium\&quot;,\n        \&quot;online\&quot;: true\n    },\n    {\n        \&quot;programId\&quot;: 8558,\n        \&quot;programName\&quot;: \&quot;API Testing\&quot;,\n        \&quot;programDescription\&quot;: \&quot;Selenium Postman\&quot;,\n        \&quot;online\&quot;: false\n    },\n    {\n        \&quot;programId\&quot;: 8561,\n        \&quot;programName\&quot;: \&quot;Testing\&quot;,\n        \&quot;programDescription\&quot;: \&quot;AutomationTesting\&quot;,\n        \&quot;online\&quot;: true\n    },\n    {\n        \&quot;programId\&quot;: 8562,\n        \&quot;programName\&quot;: \&quot;Scrum Master\&quot;,\n        \&quot;programDescription\&quot;: \&quot;Agile\&quot;,\n        \&quot;online\&quot;: false\n    },\n    {\n        \&quot;programId\&quot;: 8563,\n        \&quot;programName\&quot;: \&quot;Scrum Mastermodified\&quot;,\n        \&quot;programDescription\&quot;: \&quot;Agilemodified\&quot;,\n        \&quot;online\&quot;: false\n    },\n    {\n        \&quot;programId\&quot;: 8564,\n        \&quot;programName\&quot;: \&quot;Automation\&quot;,\n        \&quot;programDescription\&quot;: \&quot;Selinium\&quot;,\n        \&quot;online\&quot;: false\n    },\n    {\n        \&quot;programId\&quot;: 8565,\n        \&quot;programName\&quot;: \&quot;Automationmodified\&quot;,\n        \&quot;programDescription\&quot;: \&quot;Seliniummodified\&quot;,\n        \&quot;online\&quot;: false\n    },\n    {\n        \&quot;programId\&quot;: 8567,\n        \&quot;programName\&quot;: \&quot;SME\&quot;,\n        \&quot;programDescription\&quot;: \&quot;HealthCare\&quot;,\n        \&quot;online\&quot;: false\n    },\n    {\n        \&quot;programId\&quot;: 8568,\n        \&quot;programName\&quot;: \&quot;Scrum Master\&quot;,\n        \&quot;programDescription\&quot;: \&quot;Agile\&quot;,\n        \&quot;online\&quot;: false\n    },\n    {\n        \&quot;programId\&quot;: 8569,\n        \&quot;programName\&quot;: \&quot;Backend Developer\&quot;,\n        \&quot;programDescription\&quot;: \&quot;Sql Developer\&quot;,\n        \&quot;online\&quot;: false\n    },\n    {\n        \&quot;programId\&quot;: 8570,\n        \&quot;programName\&quot;: \&quot;Scrum Master\&quot;,\n        \&quot;programDescription\&quot;: \&quot;Agile\&quot;,\n        \&quot;online\&quot;: false\n    },\n    {\n        \&quot;programId\&quot;: 8571,\n        \&quot;programName\&quot;: \&quot;Scrum Mastermodified\&quot;,\n        \&quot;programDescription\&quot;: \&quot;Agilemodified\&quot;,\n        \&quot;online\&quot;: false\n    },\n    {\n        \&quot;programId\&quot;: 8572,\n        \&quot;programName\&quot;: \&quot;Automation\&quot;,\n        \&quot;programDescription\&quot;: \&quot;Selinium\&quot;,\n        \&quot;online\&quot;: false\n    },\n    {\n        \&quot;programId\&quot;: 8573,\n        \&quot;programName\&quot;: \&quot;Automationmodified\&quot;,\n        \&quot;programDescription\&quot;: \&quot;Seliniummodified\&quot;,\n        \&quot;online\&quot;: false\n    },\n    {\n        \&quot;programId\&quot;: 8670,\n        \&quot;programName\&quot;: \&quot;cucumber\&quot;,\n        \&quot;programDescription\&quot;: \&quot;cucumber learning\&quot;,\n        \&quot;online\&quot;: false\n    },\n    {\n        \&quot;programId\&quot;: 8671,\n        \&quot;programName\&quot;: \&quot;Selenium Modified\&quot;,\n        \&quot;programDescription\&quot;: \&quot;Testing Modified\&quot;,\n        \&quot;online\&quot;: true\n    },\n    {\n        \&quot;programId\&quot;: 8577,\n        \&quot;programName\&quot;: \&quot;SDET\&quot;,\n        \&quot;programDescription\&quot;: \&quot;Selenium Postman\&quot;,\n        \&quot;online\&quot;: true\n    },\n    {\n        \&quot;programId\&quot;: 8578,\n        \&quot;programName\&quot;: \&quot;1234\&quot;,\n        \&quot;programDescription\&quot;: \&quot;Manual Testing\&quot;,\n        \&quot;online\&quot;: true\n    },\n    {\n        \&quot;programId\&quot;: 8579,\n        \&quot;programName\&quot;: \&quot;Blank testing\&quot;,\n        \&quot;programDescription\&quot;: \&quot;\&quot;,\n        \&quot;online\&quot;: false\n    },\n    {\n        \&quot;programId\&quot;: 8580,\n        \&quot;programName\&quot;: \&quot;API Testing\&quot;,\n        \&quot;programDescription\&quot;: \&quot;RestAssured Postman\&quot;,\n        \&quot;online\&quot;: false\n    },\n    {\n        \&quot;programId\&quot;: 8581,\n        \&quot;programName\&quot;: \&quot;SDET\&quot;,\n        \&quot;programDescription\&quot;: \&quot;Selenium\&quot;,\n        \&quot;online\&quot;: true\n    },\n    {\n        \&quot;programId\&quot;: 8582,\n        \&quot;programName\&quot;: \&quot;API Testing\&quot;,\n        \&quot;programDescription\&quot;: \&quot;Selenium Postman\&quot;,\n        \&quot;online\&quot;: false\n    },\n    {\n        \&quot;programId\&quot;: 8584,\n        \&quot;programName\&quot;: \&quot;Testing\&quot;,\n        \&quot;programDescription\&quot;: \&quot;Testing\&quot;,\n        \&quot;online\&quot;: true\n    },\n    {\n        \&quot;programId\&quot;: 8585,\n        \&quot;programName\&quot;: \&quot;Testing\&quot;,\n        \&quot;programDescription\&quot;: \&quot;AutomationTesting\&quot;,\n        \&quot;online\&quot;: true\n    },\n    {\n        \&quot;programId\&quot;: 8586,\n        \&quot;programName\&quot;: \&quot;\\\&quot;API Testing\\\&quot;\&quot;,\n        \&quot;programDescription\&quot;: \&quot;\\\&quot;RestAssured\\\&quot;\&quot;,\n        \&quot;online\&quot;: false\n    },\n    {\n        \&quot;programId\&quot;: 8587,\n        \&quot;programName\&quot;: \&quot;\\\&quot;Framework\\\&quot;\&quot;,\n        \&quot;programDescription\&quot;: \&quot;\\\&quot;Cucumber\\\&quot;\&quot;,\n        \&quot;online\&quot;: false\n    },\n    {\n        \&quot;programId\&quot;: 8589,\n        \&quot;programName\&quot;: \&quot;\\\&quot;Programming\\\&quot;\&quot;,\n        \&quot;programDescription\&quot;: \&quot;\\\&quot;Java\\\&quot;\&quot;,\n        \&quot;online\&quot;: false\n    },\n    {\n        \&quot;programId\&quot;: 8590,\n        \&quot;programName\&quot;: \&quot;Automation Testing \&quot;,\n        \&quot;programDescription\&quot;: \&quot;RestAssured\&quot;,\n        \&quot;online\&quot;: true\n    },\n    {\n        \&quot;programId\&quot;: 8591,\n        \&quot;programName\&quot;: \&quot;cucumber modified\&quot;,\n        \&quot;programDescription\&quot;: null,\n        \&quot;online\&quot;: false\n    },\n    {\n        \&quot;programId\&quot;: 8592,\n        \&quot;programName\&quot;: \&quot;SME\&quot;,\n        \&quot;programDescription\&quot;: \&quot;HealthCare\&quot;,\n        \&quot;online\&quot;: false\n    },\n    {\n        \&quot;programId\&quot;: 8593,\n        \&quot;programName\&quot;: \&quot;Scrum Master\&quot;,\n        \&quot;programDescription\&quot;: \&quot;Agile\&quot;,\n        \&quot;online\&quot;: false\n    },\n    {\n        \&quot;programId\&quot;: 8594,\n        \&quot;programName\&quot;: \&quot;Backend Developer\&quot;,\n        \&quot;programDescription\&quot;: \&quot;Sql Developer\&quot;,\n        \&quot;online\&quot;: false\n    },\n    {\n        \&quot;programId\&quot;: 8595,\n        \&quot;programName\&quot;: \&quot;Scrum Master\&quot;,\n        \&quot;programDescription\&quot;: \&quot;Agile\&quot;,\n        \&quot;online\&quot;: false\n    },\n    {\n        \&quot;programId\&quot;: 8596,\n        \&quot;programName\&quot;: \&quot;Scrum Mastermodified\&quot;,\n        \&quot;programDescription\&quot;: \&quot;Agilemodified\&quot;,\n        \&quot;online\&quot;: false\n    },\n    {\n        \&quot;programId\&quot;: 8597,\n        \&quot;programName\&quot;: \&quot;Automation\&quot;,\n        \&quot;programDescription\&quot;: \&quot;Selinium\&quot;,\n        \&quot;online\&quot;: false\n    },\n    {\n        \&quot;programId\&quot;: 8598,\n        \&quot;programName\&quot;: \&quot;Automationmodified\&quot;,\n        \&quot;programDescription\&quot;: \&quot;Seliniummodified\&quot;,\n        \&quot;online\&quot;: false\n    },\n    {\n        \&quot;programId\&quot;: 8600,\n        \&quot;programName\&quot;: \&quot;cucur mod\&quot;,\n        \&quot;programDescription\&quot;: null,\n        \&quot;online\&quot;: false\n    },\n    {\n        \&quot;programId\&quot;: 8601,\n        \&quot;programName\&quot;: \&quot;cucumber modified\&quot;,\n        \&quot;programDescription\&quot;: null,\n        \&quot;online\&quot;: false\n    },\n    {\n        \&quot;programId\&quot;: 8602,\n        \&quot;programName\&quot;: \&quot;VideoGame\&quot;,\n        \&quot;programDescription\&quot;: \&quot;user friendly\&quot;,\n        \&quot;online\&quot;: true\n    },\n    {\n        \&quot;programId\&quot;: 8603,\n        \&quot;programName\&quot;: \&quot;VideoGame\&quot;,\n        \&quot;programDescription\&quot;: \&quot;user friendly\&quot;,\n        \&quot;online\&quot;: true\n    },\n    {\n        \&quot;programId\&quot;: 8604,\n        \&quot;programName\&quot;: \&quot;Java\&quot;,\n        \&quot;programDescription\&quot;: \&quot;Java Learning\&quot;,\n        \&quot;online\&quot;: true\n    },\n    {\n        \&quot;programId\&quot;: 8605,\n        \&quot;programName\&quot;: \&quot;C#\&quot;,\n        \&quot;programDescription\&quot;: \&quot;C# learning\&quot;,\n        \&quot;online\&quot;: false\n    },\n    {\n        \&quot;programId\&quot;: 8606,\n        \&quot;programName\&quot;: \&quot;Selenium\&quot;,\n        \&quot;programDescription\&quot;: \&quot;Selenium with Java\&quot;,\n        \&quot;online\&quot;: true\n    },\n    {\n        \&quot;programId\&quot;: 8607,\n        \&quot;programName\&quot;: \&quot;DotNet\&quot;,\n        \&quot;programDescription\&quot;: \&quot;DotNet\&quot;,\n        \&quot;online\&quot;: false\n    },\n    {\n        \&quot;programId\&quot;: 8612,\n        \&quot;programName\&quot;: \&quot;batman\&quot;,\n        \&quot;programDescription\&quot;: \&quot;string\&quot;,\n        \&quot;online\&quot;: true\n    },\n    {\n        \&quot;programId\&quot;: 8613,\n        \&quot;programName\&quot;: \&quot;unix\&quot;,\n        \&quot;programDescription\&quot;: \&quot;string\&quot;,\n        \&quot;online\&quot;: true\n    },\n    {\n        \&quot;programId\&quot;: 8614,\n        \&quot;programName\&quot;: \&quot;linux\&quot;,\n        \&quot;programDescription\&quot;: \&quot;core java\&quot;,\n        \&quot;online\&quot;: true\n    },\n    {\n        \&quot;programId\&quot;: 8615,\n        \&quot;programName\&quot;: \&quot;Multipal Digit Testing\&quot;,\n        \&quot;programDescription\&quot;: \&quot;Program ID Testing\&quot;,\n        \&quot;online\&quot;: true\n    },\n    {\n        \&quot;programId\&quot;: 8616,\n        \&quot;programName\&quot;: \&quot;ironman\&quot;,\n        \&quot;programDescription\&quot;: \&quot;Agile\&quot;,\n        \&quot;online\&quot;: true\n    },\n    {\n        \&quot;programId\&quot;: 8617,\n        \&quot;programName\&quot;: \&quot;Application Support\&quot;,\n        \&quot;programDescription\&quot;: \&quot;java\&quot;,\n        \&quot;online\&quot;: true\n    },\n    {\n        \&quot;programId\&quot;: 8618,\n        \&quot;programName\&quot;: \&quot;sun\&quot;,\n        \&quot;programDescription\&quot;: \&quot;TestNG1\&quot;,\n        \&quot;online\&quot;: true\n    },\n    {\n        \&quot;programId\&quot;: 8619,\n        \&quot;programName\&quot;: \&quot;Devops123\&quot;,\n        \&quot;programDescription\&quot;: \&quot;New full stack web dev\&quot;,\n        \&quot;online\&quot;: true\n    },\n    {\n        \&quot;programId\&quot;: 8621,\n        \&quot;programName\&quot;: \&quot;Devops123\&quot;,\n        \&quot;programDescription\&quot;: \&quot;New full stack web dev\&quot;,\n        \&quot;online\&quot;: true\n    },\n    {\n        \&quot;programId\&quot;: 8623,\n        \&quot;programName\&quot;: \&quot;Python programming\&quot;,\n        \&quot;programDescription\&quot;: \&quot;Learn Python\&quot;,\n        \&quot;online\&quot;: true\n    },\n    {\n        \&quot;programId\&quot;: 8624,\n        \&quot;programName\&quot;: \&quot;API testing\&quot;,\n        \&quot;programDescription\&quot;: \&quot;Testing using Postman \&quot;,\n        \&quot;online\&quot;: true\n    },\n    {\n        \&quot;programId\&quot;: 8625,\n        \&quot;programName\&quot;: \&quot;Devops123\&quot;,\n        \&quot;programDescription\&quot;: \&quot;New full stack web dev\&quot;,\n        \&quot;online\&quot;: true\n    },\n    {\n        \&quot;programId\&quot;: 8627,\n        \&quot;programName\&quot;: \&quot;Python programming\&quot;,\n        \&quot;programDescription\&quot;: \&quot;Learn Python\&quot;,\n        \&quot;online\&quot;: false\n    },\n    {\n        \&quot;programId\&quot;: 8628,\n        \&quot;programName\&quot;: \&quot;API testing\&quot;,\n        \&quot;programDescription\&quot;: \&quot;Testing using Postman \&quot;,\n        \&quot;online\&quot;: false\n    },\n    {\n        \&quot;programId\&quot;: 8629,\n        \&quot;programName\&quot;: \&quot;Learn Pyt Modified\&quot;,\n        \&quot;programDescription\&quot;: \&quot; Pyt Pgm Modified\&quot;,\n        \&quot;online\&quot;: false\n    },\n    {\n        \&quot;programId\&quot;: 8630,\n        \&quot;programName\&quot;: \&quot;Learn Pyt Modified\&quot;,\n        \&quot;programDescription\&quot;: \&quot; Pyt Pgm Modified\&quot;,\n        \&quot;online\&quot;: false\n    },\n    {\n        \&quot;programId\&quot;: 8633,\n        \&quot;programName\&quot;: \&quot;SDET28\&quot;,\n        \&quot;programDescription\&quot;: \&quot;Automation \&quot;,\n        \&quot;online\&quot;: true\n    },\n    {\n        \&quot;programId\&quot;: 8634,\n        \&quot;programName\&quot;: \&quot;Testing\&quot;,\n        \&quot;programDescription\&quot;: \&quot;Testing\&quot;,\n        \&quot;online\&quot;: true\n    },\n    {\n        \&quot;programId\&quot;: 8635,\n        \&quot;programName\&quot;: \&quot;Testing\&quot;,\n        \&quot;programDescription\&quot;: \&quot;\&quot;,\n        \&quot;online\&quot;: true\n    },\n    {\n        \&quot;programId\&quot;: 8636,\n        \&quot;programName\&quot;: \&quot;SQL\&quot;,\n        \&quot;programDescription\&quot;: \&quot;SQL\&quot;,\n        \&quot;online\&quot;: false\n    },\n    {\n        \&quot;programId\&quot;: 8637,\n        \&quot;programName\&quot;: \&quot;Testing\&quot;,\n        \&quot;programDescription\&quot;: \&quot;Testing\&quot;,\n        \&quot;online\&quot;: false\n    },\n    {\n        \&quot;programId\&quot;: 8639,\n        \&quot;programName\&quot;: \&quot;SDET26\&quot;,\n        \&quot;programDescription\&quot;: \&quot;Automation\&quot;,\n        \&quot;online\&quot;: true\n    },\n    {\n        \&quot;programId\&quot;: 8640,\n        \&quot;programName\&quot;: \&quot;SDET26\&quot;,\n        \&quot;programDescription\&quot;: \&quot;700\&quot;,\n        \&quot;online\&quot;: true\n    },\n    {\n        \&quot;programId\&quot;: 8641,\n        \&quot;programName\&quot;: \&quot;2h78\&quot;,\n        \&quot;programDescription\&quot;: \&quot;70\&quot;,\n        \&quot;online\&quot;: true\n    },\n    {\n        \&quot;programId\&quot;: 8642,\n        \&quot;programName\&quot;: \&quot;SDET26\&quot;,\n        \&quot;programDescription\&quot;: \&quot;Automation\&quot;,\n        \&quot;online\&quot;: true\n    },\n    {\n        \&quot;programId\&quot;: 8643,\n        \&quot;programName\&quot;: \&quot;SDET26\&quot;,\n        \&quot;programDescription\&quot;: \&quot;700\&quot;,\n        \&quot;online\&quot;: true\n    },\n    {\n        \&quot;programId\&quot;: 8644,\n        \&quot;programName\&quot;: \&quot;2h78\&quot;,\n        \&quot;programDescription\&quot;: \&quot;70\&quot;,\n        \&quot;online\&quot;: true\n    },\n    {\n        \&quot;programId\&quot;: 8645,\n        \&quot;programName\&quot;: \&quot;SDET28\&quot;,\n        \&quot;programDescription\&quot;: \&quot;Automation \&quot;,\n        \&quot;online\&quot;: true\n    },\n    {\n        \&quot;programId\&quot;: 8646,\n        \&quot;programName\&quot;: \&quot;Testing\&quot;,\n        \&quot;programDescription\&quot;: \&quot;Testing\&quot;,\n        \&quot;online\&quot;: true\n    },\n    {\n        \&quot;programId\&quot;: 8647,\n        \&quot;programName\&quot;: \&quot;Testing\&quot;,\n        \&quot;programDescription\&quot;: \&quot;\&quot;,\n        \&quot;online\&quot;: true\n    },\n    {\n        \&quot;programId\&quot;: 8648,\n        \&quot;programName\&quot;: \&quot;SQL\&quot;,\n        \&quot;programDescription\&quot;: \&quot;SQL\&quot;,\n        \&quot;online\&quot;: false\n    },\n    {\n        \&quot;programId\&quot;: 8649,\n        \&quot;programName\&quot;: \&quot;Testing\&quot;,\n        \&quot;programDescription\&quot;: \&quot;Testing\&quot;,\n        \&quot;online\&quot;: false\n    },\n    {\n        \&quot;programId\&quot;: 8651,\n        \&quot;programName\&quot;: \&quot;SDET26\&quot;,\n        \&quot;programDescription\&quot;: \&quot;Automation\&quot;,\n        \&quot;online\&quot;: true\n    },\n    {\n        \&quot;programId\&quot;: 8652,\n        \&quot;programName\&quot;: \&quot;SDET26\&quot;,\n        \&quot;programDescription\&quot;: \&quot;700\&quot;,\n        \&quot;online\&quot;: true\n    },\n    {\n        \&quot;programId\&quot;: 8653,\n        \&quot;programName\&quot;: \&quot;2h78\&quot;,\n        \&quot;programDescription\&quot;: \&quot;70\&quot;,\n        \&quot;online\&quot;: true\n    },\n    {\n        \&quot;programId\&quot;: 8654,\n        \&quot;programName\&quot;: \&quot;\\\&quot;API Testing\\\&quot;\&quot;,\n        \&quot;programDescription\&quot;: \&quot;\\\&quot;RestAssured\\\&quot;\&quot;,\n        \&quot;online\&quot;: false\n    },\n    {\n        \&quot;programId\&quot;: 8655,\n        \&quot;programName\&quot;: \&quot;\\\&quot;Framework\\\&quot;\&quot;,\n        \&quot;programDescription\&quot;: \&quot;\\\&quot;Cucumber\\\&quot;\&quot;,\n        \&quot;online\&quot;: false\n    },\n    {\n        \&quot;programId\&quot;: 8657,\n        \&quot;programName\&quot;: \&quot;\\\&quot;Programming\\\&quot;\&quot;,\n        \&quot;programDescription\&quot;: \&quot;\\\&quot;Java\\\&quot;\&quot;,\n        \&quot;online\&quot;: false\n    },\n    {\n        \&quot;programId\&quot;: 8658,\n        \&quot;programName\&quot;: \&quot;Automation Testing \&quot;,\n        \&quot;programDescription\&quot;: \&quot;RestAssured\&quot;,\n        \&quot;online\&quot;: true\n    },\n    {\n        \&quot;programId\&quot;: 8659,\n        \&quot;programName\&quot;: \&quot;Python programming\&quot;,\n        \&quot;programDescription\&quot;: \&quot;Learn Python\&quot;,\n        \&quot;online\&quot;: true\n    },\n    {\n        \&quot;programId\&quot;: 8663,\n        \&quot;programName\&quot;: \&quot;batman\&quot;,\n        \&quot;programDescription\&quot;: \&quot;string\&quot;,\n        \&quot;online\&quot;: true\n    },\n    {\n        \&quot;programId\&quot;: 8664,\n        \&quot;programName\&quot;: \&quot;batman\&quot;,\n        \&quot;programDescription\&quot;: \&quot;string\&quot;,\n        \&quot;online\&quot;: true\n    },\n    {\n        \&quot;programId\&quot;: 8672,\n        \&quot;programName\&quot;: \&quot;Java Modified\&quot;,\n        \&quot;programDescription\&quot;: \&quot;Testing Modified\&quot;,\n        \&quot;online\&quot;: false\n    },\n    {\n        \&quot;programId\&quot;: 8660,\n        \&quot;programName\&quot;: \&quot;Python\&quot;,\n        \&quot;programDescription\&quot;: \&quot;Python\&quot;,\n        \&quot;online\&quot;: true\n    },\n    {\n        \&quot;programId\&quot;: 8661,\n        \&quot;programName\&quot;: \&quot;Spring\&quot;,\n        \&quot;programDescription\&quot;: \&quot;Spring Boot Training\&quot;,\n        \&quot;online\&quot;: true\n    },\n    {\n        \&quot;programId\&quot;: 8662,\n        \&quot;programName\&quot;: \&quot;Selenium Training\&quot;,\n        \&quot;programDescription\&quot;: \&quot;Selenium with python\&quot;,\n        \&quot;online\&quot;: true\n    },\n    {\n        \&quot;programId\&quot;: 8666,\n        \&quot;programName\&quot;: \&quot;Java\&quot;,\n        \&quot;programDescription\&quot;: \&quot;Java Learning\&quot;,\n        \&quot;online\&quot;: true\n    },\n    {\n        \&quot;programId\&quot;: 8667,\n        \&quot;programName\&quot;: \&quot;C#\&quot;,\n        \&quot;programDescription\&quot;: \&quot;C# learning\&quot;,\n        \&quot;online\&quot;: false\n    },\n    {\n        \&quot;programId\&quot;: 8668,\n        \&quot;programName\&quot;: \&quot;Selenium\&quot;,\n        \&quot;programDescription\&quot;: \&quot;Selenium with Java\&quot;,\n        \&quot;online\&quot;: true\n    },\n    {\n        \&quot;programId\&quot;: 8669,\n        \&quot;programName\&quot;: \&quot;DotNet\&quot;,\n        \&quot;programDescription\&quot;: \&quot;DotNet\&quot;,\n        \&quot;online\&quot;: false\n    },\n    {\n        \&quot;programId\&quot;: 8673,\n        \&quot;programName\&quot;: \&quot;Csharp Modified\&quot;,\n        \&quot;programDescription\&quot;: \&quot;Testing Modified\&quot;,\n        \&quot;online\&quot;: true\n    },\n    {\n        \&quot;programId\&quot;: 8674,\n        \&quot;programName\&quot;: \&quot;Cypress Modified\&quot;,\n        \&quot;programDescription\&quot;: \&quot;Testing edited Modified\&quot;,\n        \&quot;online\&quot;: false\n    },\n    {\n        \&quot;programId\&quot;: 8675,\n        \&quot;programName\&quot;: \&quot;CoralDraw Modified\&quot;,\n        \&quot;programDescription\&quot;: \&quot;Testing edited Modified\&quot;,\n        \&quot;online\&quot;: true\n    },\n    {\n        \&quot;programId\&quot;: 8676,\n        \&quot;programName\&quot;: \&quot;Adobe Reader Modified\&quot;,\n        \&quot;programDescription\&quot;: \&quot;Testing edited Modified\&quot;,\n        \&quot;online\&quot;: true\n    },\n    {\n        \&quot;programId\&quot;: 8677,\n        \&quot;programName\&quot;: \&quot;Cucumber Modified\&quot;,\n        \&quot;programDescription\&quot;: \&quot;Testing edited Modified\&quot;,\n        \&quot;online\&quot;: true\n    },\n    {\n        \&quot;programId\&quot;: 8678,\n        \&quot;programName\&quot;: \&quot;SDET\&quot;,\n        \&quot;programDescription\&quot;: \&quot;Selenium Postman\&quot;,\n        \&quot;online\&quot;: true\n    },\n    {\n        \&quot;programId\&quot;: 8679,\n        \&quot;programName\&quot;: \&quot;1234\&quot;,\n        \&quot;programDescription\&quot;: \&quot;Manual Testing\&quot;,\n        \&quot;online\&quot;: true\n    },\n    {\n        \&quot;programId\&quot;: 8680,\n        \&quot;programName\&quot;: \&quot;Blank testing\&quot;,\n        \&quot;programDescription\&quot;: \&quot;\&quot;,\n        \&quot;online\&quot;: false\n    },\n    {\n        \&quot;programId\&quot;: 8681,\n        \&quot;programName\&quot;: \&quot;API Testing\&quot;,\n        \&quot;programDescription\&quot;: \&quot;RestAssured Postman\&quot;,\n        \&quot;online\&quot;: false\n    },\n    {\n        \&quot;programId\&quot;: 8682,\n        \&quot;programName\&quot;: \&quot;SDET\&quot;,\n        \&quot;programDescription\&quot;: \&quot;Selenium\&quot;,\n        \&quot;online\&quot;: true\n    },\n    {\n        \&quot;programId\&quot;: 8683,\n        \&quot;programName\&quot;: \&quot;API Testing\&quot;,\n        \&quot;programDescription\&quot;: \&quot;Selenium Postman\&quot;,\n        \&quot;online\&quot;: false\n    },\n    {\n        \&quot;programId\&quot;: 8685,\n        \&quot;programName\&quot;: \&quot;Testing\&quot;,\n        \&quot;programDescription\&quot;: \&quot;Testing\&quot;,\n        \&quot;online\&quot;: true\n    },\n    {\n        \&quot;programId\&quot;: 8686,\n        \&quot;programName\&quot;: \&quot;Testing\&quot;,\n        \&quot;programDescription\&quot;: \&quot;AutomationTesting\&quot;,\n        \&quot;online\&quot;: true\n    },\n    {\n        \&quot;programId\&quot;: 8687,\n        \&quot;programName\&quot;: \&quot;batman\&quot;,\n        \&quot;programDescription\&quot;: \&quot;string\&quot;,\n        \&quot;online\&quot;: true\n    },\n    {\n        \&quot;programId\&quot;: 8688,\n        \&quot;programName\&quot;: \&quot;batman\&quot;,\n        \&quot;programDescription\&quot;: \&quot;string\&quot;,\n        \&quot;online\&quot;: true\n    },\n    {\n        \&quot;programId\&quot;: 8689,\n        \&quot;programName\&quot;: \&quot;sun\&quot;,\n        \&quot;programDescription\&quot;: \&quot;TestNG1\&quot;,\n        \&quot;online\&quot;: true\n    },\n    {\n        \&quot;programId\&quot;: 8690,\n        \&quot;programName\&quot;: \&quot;Java\&quot;,\n        \&quot;programDescription\&quot;: \&quot;Java Learning\&quot;,\n        \&quot;online\&quot;: true\n    },\n    {\n        \&quot;programId\&quot;: 8691,\n        \&quot;programName\&quot;: \&quot;C#\&quot;,\n        \&quot;programDescription\&quot;: \&quot;C# learning\&quot;,\n        \&quot;online\&quot;: false\n    },\n    {\n        \&quot;programId\&quot;: 8692,\n        \&quot;programName\&quot;: \&quot;Selenium\&quot;,\n        \&quot;programDescription\&quot;: \&quot;Selenium with Java\&quot;,\n        \&quot;online\&quot;: true\n    },\n    {\n        \&quot;programId\&quot;: 8693,\n        \&quot;programName\&quot;: \&quot;DotNet\&quot;,\n        \&quot;programDescription\&quot;: \&quot;DotNet\&quot;,\n        \&quot;online\&quot;: false\n    },\n    {\n        \&quot;programId\&quot;: 8694,\n        \&quot;programName\&quot;: \&quot;Java\&quot;,\n        \&quot;programDescription\&quot;: \&quot;Java Learning\&quot;,\n        \&quot;online\&quot;: true\n    },\n    {\n        \&quot;programId\&quot;: 8695,\n        \&quot;programName\&quot;: \&quot;C#\&quot;,\n        \&quot;programDescription\&quot;: \&quot;C# learning\&quot;,\n        \&quot;online\&quot;: false\n    },\n    {\n        \&quot;programId\&quot;: 8696,\n        \&quot;programName\&quot;: \&quot;Selenium\&quot;,\n        \&quot;programDescription\&quot;: \&quot;Selenium with Java\&quot;,\n        \&quot;online\&quot;: true\n    },\n    {\n        \&quot;programId\&quot;: 8697,\n        \&quot;programName\&quot;: \&quot;DotNet\&quot;,\n        \&quot;programDescription\&quot;: \&quot;DotNet\&quot;,\n        \&quot;online\&quot;: false\n    },\n    {\n        \&quot;programId\&quot;: 8698,\n        \&quot;programName\&quot;: \&quot;Java\&quot;,\n        \&quot;programDescription\&quot;: \&quot;Java Learning\&quot;,\n        \&quot;online\&quot;: true\n    },\n    {\n        \&quot;programId\&quot;: 8699,\n        \&quot;programName\&quot;: \&quot;C#\&quot;,\n        \&quot;programDescription\&quot;: \&quot;C# learning\&quot;,\n        \&quot;online\&quot;: false\n    },\n    {\n        \&quot;programId\&quot;: 8700,\n        \&quot;programName\&quot;: \&quot;Selenium\&quot;,\n        \&quot;programDescription\&quot;: \&quot;Selenium with Java\&quot;,\n        \&quot;online\&quot;: true\n    },\n    {\n        \&quot;programId\&quot;: 8701,\n        \&quot;programName\&quot;: \&quot;DotNet\&quot;,\n        \&quot;programDescription\&quot;: \&quot;DotNet\&quot;,\n        \&quot;online\&quot;: false\n    },\n    {\n        \&quot;programId\&quot;: 8706,\n        \&quot;programName\&quot;: \&quot;\\\&quot;API Testing\\\&quot;\&quot;,\n        \&quot;programDescription\&quot;: \&quot;\\\&quot;RestAssured\\\&quot;\&quot;,\n        \&quot;online\&quot;: false\n    },\n    {\n        \&quot;programId\&quot;: 8707,\n        \&quot;programName\&quot;: \&quot;\\\&quot;Framework\\\&quot;\&quot;,\n        \&quot;programDescription\&quot;: \&quot;\\\&quot;Cucumber\\\&quot;\&quot;,\n        \&quot;online\&quot;: false\n    },\n    {\n        \&quot;programId\&quot;: 8709,\n        \&quot;programName\&quot;: \&quot;\\\&quot;API Testing\\\&quot;\&quot;,\n        \&quot;programDescription\&quot;: \&quot;\\\&quot;RestAssured\\\&quot;\&quot;,\n        \&quot;online\&quot;: false\n    },\n    {\n        \&quot;programId\&quot;: 8710,\n        \&quot;programName\&quot;: \&quot;\\\&quot;Framework\\\&quot;\&quot;,\n        \&quot;programDescription\&quot;: \&quot;\\\&quot;Cucumber\\\&quot;\&quot;,\n        \&quot;online\&quot;: false\n    },\n    {\n        \&quot;programId\&quot;: 8712,\n        \&quot;programName\&quot;: \&quot;\\\&quot;API Testing\\\&quot;\&quot;,\n        \&quot;programDescription\&quot;: \&quot;\\\&quot;RestAssured\\\&quot;\&quot;,\n        \&quot;online\&quot;: false\n    },\n    {\n        \&quot;programId\&quot;: 8713,\n        \&quot;programName\&quot;: \&quot;\\\&quot;Framework\\\&quot;\&quot;,\n        \&quot;programDescription\&quot;: \&quot;\\\&quot;Cucumber\\\&quot;\&quot;,\n        \&quot;online\&quot;: false\n    },\n    {\n        \&quot;programId\&quot;: 8715,\n        \&quot;programName\&quot;: \&quot;SDET\&quot;,\n        \&quot;programDescription\&quot;: \&quot;Selenium Postman\&quot;,\n        \&quot;online\&quot;: true\n    },\n    {\n        \&quot;programId\&quot;: 8716,\n        \&quot;programName\&quot;: \&quot;1234\&quot;,\n        \&quot;programDescription\&quot;: \&quot;Manual Testing\&quot;,\n        \&quot;online\&quot;: true\n    },\n    {\n        \&quot;programId\&quot;: 8717,\n        \&quot;programName\&quot;: \&quot;Blank testing\&quot;,\n        \&quot;programDescription\&quot;: \&quot;\&quot;,\n        \&quot;online\&quot;: false\n    },\n    {\n        \&quot;programId\&quot;: 8718,\n        \&quot;programName\&quot;: \&quot;API Testing\&quot;,\n        \&quot;programDescription\&quot;: \&quot;RestAssured Postman\&quot;,\n        \&quot;online\&quot;: false\n    },\n    {\n        \&quot;programId\&quot;: 8719,\n        \&quot;programName\&quot;: \&quot;SDET\&quot;,\n        \&quot;programDescription\&quot;: \&quot;Selenium\&quot;,\n        \&quot;online\&quot;: true\n    },\n    {\n        \&quot;programId\&quot;: 8720,\n        \&quot;programName\&quot;: \&quot;API Testing\&quot;,\n        \&quot;programDescription\&quot;: \&quot;Selenium Postman\&quot;,\n        \&quot;online\&quot;: false\n    },\n    {\n        \&quot;programId\&quot;: 8722,\n        \&quot;programName\&quot;: \&quot;Testing\&quot;,\n        \&quot;programDescription\&quot;: \&quot;Testing\&quot;,\n        \&quot;online\&quot;: true\n    },\n    {\n        \&quot;programId\&quot;: 8723,\n        \&quot;programName\&quot;: \&quot;Testing\&quot;,\n        \&quot;programDescription\&quot;: \&quot;AutomationTesting\&quot;,\n        \&quot;online\&quot;: true\n    },\n    {\n        \&quot;programId\&quot;: 8724,\n        \&quot;programName\&quot;: \&quot;Java\&quot;,\n        \&quot;programDescription\&quot;: \&quot;Java Learning\&quot;,\n        \&quot;online\&quot;: true\n    },\n    {\n        \&quot;programId\&quot;: 8725,\n        \&quot;programName\&quot;: \&quot;C#\&quot;,\n        \&quot;programDescription\&quot;: \&quot;C# learning\&quot;,\n        \&quot;online\&quot;: false\n    },\n    {\n        \&quot;programId\&quot;: 8726,\n        \&quot;programName\&quot;: \&quot;Selenium\&quot;,\n        \&quot;programDescription\&quot;: \&quot;Selenium with Java\&quot;,\n        \&quot;online\&quot;: true\n    },\n    {\n        \&quot;programId\&quot;: 8727,\n        \&quot;programName\&quot;: \&quot;DotNet\&quot;,\n        \&quot;programDescription\&quot;: \&quot;DotNet\&quot;,\n        \&quot;online\&quot;: false\n    },\n    {\n        \&quot;programId\&quot;: 8732,\n        \&quot;programName\&quot;: \&quot;Java\&quot;,\n        \&quot;programDescription\&quot;: \&quot;Java Learning\&quot;,\n        \&quot;online\&quot;: true\n    },\n    {\n        \&quot;programId\&quot;: 8733,\n        \&quot;programName\&quot;: \&quot;C#\&quot;,\n        \&quot;programDescription\&quot;: \&quot;C# learning\&quot;,\n        \&quot;online\&quot;: false\n    },\n    {\n        \&quot;programId\&quot;: 8734,\n        \&quot;programName\&quot;: \&quot;Selenium\&quot;,\n        \&quot;programDescription\&quot;: \&quot;Selenium with Java\&quot;,\n        \&quot;online\&quot;: true\n    },\n    {\n        \&quot;programId\&quot;: 8735,\n        \&quot;programName\&quot;: \&quot;DotNet\&quot;,\n        \&quot;programDescription\&quot;: \&quot;DotNet\&quot;,\n        \&quot;online\&quot;: false\n    },\n    {\n        \&quot;programId\&quot;: 8740,\n        \&quot;programName\&quot;: \&quot;Java\&quot;,\n        \&quot;programDescription\&quot;: \&quot;Java Learning\&quot;,\n        \&quot;online\&quot;: true\n    },\n    {\n        \&quot;programId\&quot;: 8741,\n        \&quot;programName\&quot;: \&quot;C#\&quot;,\n        \&quot;programDescription\&quot;: \&quot;C# learning\&quot;,\n        \&quot;online\&quot;: false\n    },\n    {\n        \&quot;programId\&quot;: 8742,\n        \&quot;programName\&quot;: \&quot;Selenium\&quot;,\n        \&quot;programDescription\&quot;: \&quot;Selenium with Java\&quot;,\n        \&quot;online\&quot;: true\n    },\n    {\n        \&quot;programId\&quot;: 8743,\n        \&quot;programName\&quot;: \&quot;DotNet\&quot;,\n        \&quot;programDescription\&quot;: \&quot;DotNet\&quot;,\n        \&quot;online\&quot;: false\n    },\n    {\n        \&quot;programId\&quot;: 8748,\n        \&quot;programName\&quot;: \&quot;Java\&quot;,\n        \&quot;programDescription\&quot;: \&quot;Java Learning\&quot;,\n        \&quot;online\&quot;: true\n    },\n    {\n        \&quot;programId\&quot;: 8749,\n        \&quot;programName\&quot;: \&quot;C#\&quot;,\n        \&quot;programDescription\&quot;: \&quot;C# learning\&quot;,\n        \&quot;online\&quot;: false\n    },\n    {\n        \&quot;programId\&quot;: 8750,\n        \&quot;programName\&quot;: \&quot;Selenium\&quot;,\n        \&quot;programDescription\&quot;: \&quot;Selenium with Java\&quot;,\n        \&quot;online\&quot;: true\n    },\n    {\n        \&quot;programId\&quot;: 8751,\n        \&quot;programName\&quot;: \&quot;DotNet\&quot;,\n        \&quot;programDescription\&quot;: \&quot;DotNet\&quot;,\n        \&quot;online\&quot;: false\n    },\n    {\n        \&quot;programId\&quot;: 8752,\n        \&quot;programName\&quot;: \&quot;Java\&quot;,\n        \&quot;programDescription\&quot;: \&quot;Java Learning\&quot;,\n        \&quot;online\&quot;: true\n    },\n    {\n        \&quot;programId\&quot;: 8753,\n        \&quot;programName\&quot;: \&quot;C#\&quot;,\n        \&quot;programDescription\&quot;: \&quot;C# learning\&quot;,\n        \&quot;online\&quot;: false\n    },\n    {\n        \&quot;programId\&quot;: 8754,\n        \&quot;programName\&quot;: \&quot;Selenium\&quot;,\n        \&quot;programDescription\&quot;: \&quot;Selenium with Java\&quot;,\n        \&quot;online\&quot;: true\n    },\n    {\n        \&quot;programId\&quot;: 8755,\n        \&quot;programName\&quot;: \&quot;DotNet\&quot;,\n        \&quot;programDescription\&quot;: \&quot;DotNet\&quot;,\n        \&quot;online\&quot;: false\n    },\n    {\n        \&quot;programId\&quot;: 8756,\n        \&quot;programName\&quot;: \&quot;Java\&quot;,\n        \&quot;programDescription\&quot;: \&quot;Java Learning\&quot;,\n        \&quot;online\&quot;: true\n    },\n    {\n        \&quot;programId\&quot;: 8757,\n        \&quot;programName\&quot;: \&quot;C#\&quot;,\n        \&quot;programDescription\&quot;: \&quot;C# learning\&quot;,\n        \&quot;online\&quot;: false\n    },\n    {\n        \&quot;programId\&quot;: 8758,\n        \&quot;programName\&quot;: \&quot;Selenium\&quot;,\n        \&quot;programDescription\&quot;: \&quot;Selenium with Java\&quot;,\n        \&quot;online\&quot;: true\n    },\n    {\n        \&quot;programId\&quot;: 8759,\n        \&quot;programName\&quot;: \&quot;DotNet\&quot;,\n        \&quot;programDescription\&quot;: \&quot;DotNet\&quot;,\n        \&quot;online\&quot;: false\n    },\n    {\n        \&quot;programId\&quot;: 8760,\n        \&quot;programName\&quot;: \&quot;Java\&quot;,\n        \&quot;programDescription\&quot;: \&quot;Java Learning\&quot;,\n        \&quot;online\&quot;: true\n    },\n    {\n        \&quot;programId\&quot;: 8761,\n        \&quot;programName\&quot;: \&quot;C#\&quot;,\n        \&quot;programDescription\&quot;: \&quot;C# learning\&quot;,\n        \&quot;online\&quot;: false\n    },\n    {\n        \&quot;programId\&quot;: 8762,\n        \&quot;programName\&quot;: \&quot;Selenium\&quot;,\n        \&quot;programDescription\&quot;: \&quot;Selenium with Java\&quot;,\n        \&quot;online\&quot;: true\n    },\n    {\n        \&quot;programId\&quot;: 8763,\n        \&quot;programName\&quot;: \&quot;DotNet\&quot;,\n        \&quot;programDescription\&quot;: \&quot;DotNet\&quot;,\n        \&quot;online\&quot;: false\n    },\n    {\n        \&quot;programId\&quot;: 8784,\n        \&quot;programName\&quot;: \&quot;Java\&quot;,\n        \&quot;programDescription\&quot;: \&quot;Java Learning\&quot;,\n        \&quot;online\&quot;: true\n    },\n    {\n        \&quot;programId\&quot;: 8785,\n        \&quot;programName\&quot;: \&quot;C#\&quot;,\n        \&quot;programDescription\&quot;: \&quot;C# learning\&quot;,\n        \&quot;online\&quot;: false\n    },\n    {\n        \&quot;programId\&quot;: 8786,\n        \&quot;programName\&quot;: \&quot;Selenium\&quot;,\n        \&quot;programDescription\&quot;: \&quot;Selenium with Java\&quot;,\n        \&quot;online\&quot;: true\n    },\n    {\n        \&quot;programId\&quot;: 8787,\n        \&quot;programName\&quot;: \&quot;DotNet\&quot;,\n        \&quot;programDescription\&quot;: \&quot;DotNet\&quot;,\n        \&quot;online\&quot;: false\n    },\n    {\n        \&quot;programId\&quot;: 8788,\n        \&quot;programName\&quot;: \&quot;Java\&quot;,\n        \&quot;programDescription\&quot;: \&quot;Java Learning\&quot;,\n        \&quot;online\&quot;: true\n    },\n    {\n        \&quot;programId\&quot;: 8789,\n        \&quot;programName\&quot;: \&quot;C#\&quot;,\n        \&quot;programDescription\&quot;: \&quot;C# learning\&quot;,\n        \&quot;online\&quot;: false\n    },\n    {\n        \&quot;programId\&quot;: 8790,\n        \&quot;programName\&quot;: \&quot;Selenium\&quot;,\n        \&quot;programDescription\&quot;: \&quot;Selenium with Java\&quot;,\n        \&quot;online\&quot;: true\n    },\n    {\n        \&quot;programId\&quot;: 8791,\n        \&quot;programName\&quot;: \&quot;DotNet\&quot;,\n        \&quot;programDescription\&quot;: \&quot;DotNet\&quot;,\n        \&quot;online\&quot;: false\n    },\n    {\n        \&quot;programId\&quot;: 8792,\n        \&quot;programName\&quot;: \&quot;SDT\&quot;,\n        \&quot;programDescription\&quot;: \&quot;SDET102\&quot;,\n        \&quot;online\&quot;: false\n    },\n    {\n        \&quot;programId\&quot;: 8793,\n        \&quot;programName\&quot;: \&quot;DS\&quot;,\n        \&quot;programDescription\&quot;: \&quot;DS102\&quot;,\n        \&quot;online\&quot;: false\n    },\n    {\n        \&quot;programId\&quot;: 8794,\n        \&quot;programName\&quot;: \&quot;sdt\&quot;,\n        \&quot;programDescription\&quot;: \&quot;sSDET202\&quot;,\n        \&quot;online\&quot;: false\n    },\n    {\n        \&quot;programId\&quot;: 8795,\n        \&quot;programName\&quot;: \&quot;ds\&quot;,\n        \&quot;programDescription\&quot;: \&quot;DS202\&quot;,\n        \&quot;online\&quot;: false\n    },\n    {\n        \&quot;programId\&quot;: 8796,\n        \&quot;programName\&quot;: \&quot;SDT\&quot;,\n        \&quot;programDescription\&quot;: \&quot;SDET102\&quot;,\n        \&quot;online\&quot;: false\n    },\n    {\n        \&quot;programId\&quot;: 8797,\n        \&quot;programName\&quot;: \&quot;DS\&quot;,\n        \&quot;programDescription\&quot;: \&quot;DS102\&quot;,\n        \&quot;online\&quot;: false\n    },\n    {\n        \&quot;programId\&quot;: 8798,\n        \&quot;programName\&quot;: \&quot;sdt\&quot;,\n        \&quot;programDescription\&quot;: \&quot;sSDET202\&quot;,\n        \&quot;online\&quot;: false\n    },\n    {\n        \&quot;programId\&quot;: 8799,\n        \&quot;programName\&quot;: \&quot;ds\&quot;,\n        \&quot;programDescription\&quot;: \&quot;DS202\&quot;,\n        \&quot;online\&quot;: false\n    },\n    {\n        \&quot;programId\&quot;: 8800,\n        \&quot;programName\&quot;: \&quot;SDT\&quot;,\n        \&quot;programDescription\&quot;: \&quot;SDET102\&quot;,\n        \&quot;online\&quot;: false\n    },\n    {\n        \&quot;programId\&quot;: 8801,\n        \&quot;programName\&quot;: \&quot;DS\&quot;,\n        \&quot;programDescription\&quot;: \&quot;DS102\&quot;,\n        \&quot;online\&quot;: false\n    },\n    {\n        \&quot;programId\&quot;: 8802,\n        \&quot;programName\&quot;: \&quot;sdt\&quot;,\n        \&quot;programDescription\&quot;: \&quot;sSDET202\&quot;,\n        \&quot;online\&quot;: false\n    },\n    {\n        \&quot;programId\&quot;: 8803,\n        \&quot;programName\&quot;: \&quot;ds\&quot;,\n        \&quot;programDescription\&quot;: \&quot;DS202\&quot;,\n        \&quot;online\&quot;: false\n    },\n    {\n        \&quot;programId\&quot;: 8808,\n        \&quot;programName\&quot;: \&quot;Devops123\&quot;,\n        \&quot;programDescription\&quot;: \&quot;New full stack web dev\&quot;,\n        \&quot;online\&quot;: true\n    },\n    {\n        \&quot;programId\&quot;: 8810,\n        \&quot;programName\&quot;: \&quot;fizzy bath bom\&quot;,\n        \&quot;programDescription\&quot;: \&quot;science project is used in school\&quot;,\n        \&quot;online\&quot;: true\n    },\n    {\n        \&quot;programId\&quot;: 8811,\n        \&quot;programName\&quot;: \&quot;Assistantabc\&quot;,\n        \&quot;programDescription\&quot;: \&quot;Tuesday_PN\&quot;,\n        \&quot;online\&quot;: true\n    },\n    {\n        \&quot;programId\&quot;: 8812,\n        \&quot;programName\&quot;: \&quot;SDET28\&quot;,\n        \&quot;programDescription\&quot;: \&quot;Automation \&quot;,\n        \&quot;online\&quot;: true\n    },\n    {\n        \&quot;programId\&quot;: 8813,\n        \&quot;programName\&quot;: \&quot;Testing\&quot;,\n        \&quot;programDescription\&quot;: \&quot;Testing\&quot;,\n        \&quot;online\&quot;: true\n    },\n    {\n        \&quot;programId\&quot;: 8814,\n        \&quot;programName\&quot;: \&quot;Testing\&quot;,\n        \&quot;programDescription\&quot;: \&quot;\&quot;,\n        \&quot;online\&quot;: true\n    },\n    {\n        \&quot;programId\&quot;: 8815,\n        \&quot;programName\&quot;: \&quot;SQL\&quot;,\n        \&quot;programDescription\&quot;: \&quot;SQL\&quot;,\n        \&quot;online\&quot;: false\n    },\n    {\n        \&quot;programId\&quot;: 8816,\n        \&quot;programName\&quot;: \&quot;Testing\&quot;,\n        \&quot;programDescription\&quot;: \&quot;Testing\&quot;,\n        \&quot;online\&quot;: false\n    },\n    {\n        \&quot;programId\&quot;: 8818,\n        \&quot;programName\&quot;: \&quot;SDET28\&quot;,\n        \&quot;programDescription\&quot;: \&quot;Automation \&quot;,\n        \&quot;online\&quot;: true\n    },\n    {\n        \&quot;programId\&quot;: 8819,\n        \&quot;programName\&quot;: \&quot;Testing\&quot;,\n        \&quot;programDescription\&quot;: \&quot;Testing\&quot;,\n        \&quot;online\&quot;: true\n    },\n    {\n        \&quot;programId\&quot;: 8820,\n        \&quot;programName\&quot;: \&quot;Testing\&quot;,\n        \&quot;programDescription\&quot;: \&quot;\&quot;,\n        \&quot;online\&quot;: true\n    },\n    {\n        \&quot;programId\&quot;: 8821,\n        \&quot;programName\&quot;: \&quot;SQL\&quot;,\n        \&quot;programDescription\&quot;: \&quot;SQL\&quot;,\n        \&quot;online\&quot;: false\n    },\n    {\n        \&quot;programId\&quot;: 8822,\n        \&quot;programName\&quot;: \&quot;Testing\&quot;,\n        \&quot;programDescription\&quot;: \&quot;Testing\&quot;,\n        \&quot;online\&quot;: false\n    },\n    {\n        \&quot;programId\&quot;: 8824,\n        \&quot;programName\&quot;: \&quot;1234\&quot;,\n        \&quot;programDescription\&quot;: \&quot;Testing\&quot;,\n        \&quot;online\&quot;: false\n    },\n    {\n        \&quot;programId\&quot;: 8825,\n        \&quot;programName\&quot;: \&quot;SDET28\&quot;,\n        \&quot;programDescription\&quot;: \&quot;Automation \&quot;,\n        \&quot;online\&quot;: true\n    },\n    {\n        \&quot;programId\&quot;: 8826,\n        \&quot;programName\&quot;: \&quot;Testing\&quot;,\n        \&quot;programDescription\&quot;: \&quot;Testing\&quot;,\n        \&quot;online\&quot;: true\n    },\n    {\n        \&quot;programId\&quot;: 8827,\n        \&quot;programName\&quot;: \&quot;Testing\&quot;,\n        \&quot;programDescription\&quot;: \&quot;\&quot;,\n        \&quot;online\&quot;: true\n    },\n    {\n        \&quot;programId\&quot;: 8828,\n        \&quot;programName\&quot;: \&quot;SQL\&quot;,\n        \&quot;programDescription\&quot;: \&quot;SQL\&quot;,\n        \&quot;online\&quot;: false\n    },\n    {\n        \&quot;programId\&quot;: 8829,\n        \&quot;programName\&quot;: \&quot;Testing\&quot;,\n        \&quot;programDescription\&quot;: \&quot;Testing\&quot;,\n        \&quot;online\&quot;: false\n    },\n    {\n        \&quot;programId\&quot;: 8831,\n        \&quot;programName\&quot;: \&quot;1234\&quot;,\n        \&quot;programDescription\&quot;: \&quot;Testing\&quot;,\n        \&quot;online\&quot;: false\n    },\n    {\n        \&quot;programId\&quot;: 8832,\n        \&quot;programName\&quot;: \&quot;SDET28\&quot;,\n        \&quot;programDescription\&quot;: \&quot;Automation \&quot;,\n        \&quot;online\&quot;: true\n    },\n    {\n        \&quot;programId\&quot;: 8833,\n        \&quot;programName\&quot;: \&quot;Testing\&quot;,\n        \&quot;programDescription\&quot;: \&quot;Testing\&quot;,\n        \&quot;online\&quot;: true\n    },\n    {\n        \&quot;programId\&quot;: 8834,\n        \&quot;programName\&quot;: \&quot;Testing\&quot;,\n        \&quot;programDescription\&quot;: \&quot;\&quot;,\n        \&quot;online\&quot;: true\n    },\n    {\n        \&quot;programId\&quot;: 8835,\n        \&quot;programName\&quot;: \&quot;SQL\&quot;,\n        \&quot;programDescription\&quot;: \&quot;SQL\&quot;,\n        \&quot;online\&quot;: false\n    },\n    {\n        \&quot;programId\&quot;: 8836,\n        \&quot;programName\&quot;: \&quot;Testing\&quot;,\n        \&quot;programDescription\&quot;: \&quot;Testing\&quot;,\n        \&quot;online\&quot;: false\n    },\n    {\n        \&quot;programId\&quot;: 8838,\n        \&quot;programName\&quot;: \&quot;1234\&quot;,\n        \&quot;programDescription\&quot;: \&quot;Testing\&quot;,\n        \&quot;online\&quot;: false\n    },\n    {\n        \&quot;programId\&quot;: 8839,\n        \&quot;programName\&quot;: \&quot;DS Algo\&quot;,\n        \&quot;programDescription\&quot;: \&quot;\&quot;,\n        \&quot;online\&quot;: true\n    },\n    {\n        \&quot;programId\&quot;: 8840,\n        \&quot;programName\&quot;: \&quot;SDET28\&quot;,\n        \&quot;programDescription\&quot;: \&quot;Automation \&quot;,\n        \&quot;online\&quot;: true\n    },\n    {\n        \&quot;programId\&quot;: 8841,\n        \&quot;programName\&quot;: \&quot;Testing\&quot;,\n        \&quot;programDescription\&quot;: \&quot;Testing\&quot;,\n        \&quot;online\&quot;: true\n    },\n    {\n        \&quot;programId\&quot;: 8842,\n        \&quot;programName\&quot;: \&quot;Testing\&quot;,\n        \&quot;programDescription\&quot;: \&quot;\&quot;,\n        \&quot;online\&quot;: true\n    },\n    {\n        \&quot;programId\&quot;: 8843,\n        \&quot;programName\&quot;: \&quot;SQL\&quot;,\n        \&quot;programDescription\&quot;: \&quot;SQL\&quot;,\n        \&quot;online\&quot;: false\n    },\n    {\n        \&quot;programId\&quot;: 8844,\n        \&quot;programName\&quot;: \&quot;Testing\&quot;,\n        \&quot;programDescription\&quot;: \&quot;Testing\&quot;,\n        \&quot;online\&quot;: false\n    },\n    {\n        \&quot;programId\&quot;: 8846,\n        \&quot;programName\&quot;: \&quot;1234\&quot;,\n        \&quot;programDescription\&quot;: \&quot;Testing\&quot;,\n        \&quot;online\&quot;: false\n    },\n    {\n        \&quot;programId\&quot;: 8847,\n        \&quot;programName\&quot;: \&quot;DS Algo\&quot;,\n        \&quot;programDescription\&quot;: \&quot;\&quot;,\n        \&quot;online\&quot;: true\n    },\n    {\n        \&quot;programId\&quot;: 8848,\n        \&quot;programName\&quot;: \&quot;Testing\&quot;,\n        \&quot;programDescription\&quot;: \&quot;SDET\&quot;,\n        \&quot;online\&quot;: false\n    },\n    {\n        \&quot;programId\&quot;: 8849,\n        \&quot;programName\&quot;: \&quot;SDET28\&quot;,\n        \&quot;programDescription\&quot;: \&quot;Automation \&quot;,\n        \&quot;online\&quot;: true\n    },\n    {\n        \&quot;programId\&quot;: 8850,\n        \&quot;programName\&quot;: \&quot;Testing\&quot;,\n        \&quot;programDescription\&quot;: \&quot;Testing\&quot;,\n        \&quot;online\&quot;: true\n    },\n    {\n        \&quot;programId\&quot;: 8851,\n        \&quot;programName\&quot;: \&quot;Testing\&quot;,\n        \&quot;programDescription\&quot;: \&quot;\&quot;,\n        \&quot;online\&quot;: true\n    },\n    {\n        \&quot;programId\&quot;: 8852,\n        \&quot;programName\&quot;: \&quot;SQL\&quot;,\n        \&quot;programDescription\&quot;: \&quot;SQL\&quot;,\n        \&quot;online\&quot;: false\n    },\n    {\n        \&quot;programId\&quot;: 8853,\n        \&quot;programName\&quot;: \&quot;Testing\&quot;,\n        \&quot;programDescription\&quot;: \&quot;Testing\&quot;,\n        \&quot;online\&quot;: false\n    },\n    {\n        \&quot;programId\&quot;: 8855,\n        \&quot;programName\&quot;: \&quot;1234\&quot;,\n        \&quot;programDescription\&quot;: \&quot;Testing\&quot;,\n        \&quot;online\&quot;: false\n    },\n    {\n        \&quot;programId\&quot;: 8856,\n        \&quot;programName\&quot;: \&quot;DS Algo\&quot;,\n        \&quot;programDescription\&quot;: \&quot;\&quot;,\n        \&quot;online\&quot;: true\n    },\n    {\n        \&quot;programId\&quot;: 8858,\n        \&quot;programName\&quot;: \&quot;SDET28\&quot;,\n        \&quot;programDescription\&quot;: \&quot;Automation \&quot;,\n        \&quot;online\&quot;: true\n    },\n    {\n        \&quot;programId\&quot;: 8859,\n        \&quot;programName\&quot;: \&quot;Testing\&quot;,\n        \&quot;programDescription\&quot;: \&quot;Testing\&quot;,\n        \&quot;online\&quot;: true\n    },\n    {\n        \&quot;programId\&quot;: 8860,\n        \&quot;programName\&quot;: \&quot;Testing\&quot;,\n        \&quot;programDescription\&quot;: \&quot;\&quot;,\n        \&quot;online\&quot;: true\n    },\n    {\n        \&quot;programId\&quot;: 8861,\n        \&quot;programName\&quot;: \&quot;SQL\&quot;,\n        \&quot;programDescription\&quot;: \&quot;SQL\&quot;,\n        \&quot;online\&quot;: false\n    },\n    {\n        \&quot;programId\&quot;: 8862,\n        \&quot;programName\&quot;: \&quot;Testing\&quot;,\n        \&quot;programDescription\&quot;: \&quot;Testing\&quot;,\n        \&quot;online\&quot;: false\n    },\n    {\n        \&quot;programId\&quot;: 8864,\n        \&quot;programName\&quot;: \&quot;1234\&quot;,\n        \&quot;programDescription\&quot;: \&quot;Testing\&quot;,\n        \&quot;online\&quot;: false\n    },\n    {\n        \&quot;programId\&quot;: 8865,\n        \&quot;programName\&quot;: \&quot;DS Algo\&quot;,\n        \&quot;programDescription\&quot;: \&quot;\&quot;,\n        \&quot;online\&quot;: true\n    },\n    {\n        \&quot;programId\&quot;: 8867,\n        \&quot;programName\&quot;: \&quot;SDET28\&quot;,\n        \&quot;programDescription\&quot;: \&quot;Automation \&quot;,\n        \&quot;online\&quot;: true\n    },\n    {\n        \&quot;programId\&quot;: 8868,\n        \&quot;programName\&quot;: \&quot;Testing\&quot;,\n        \&quot;programDescription\&quot;: \&quot;Testing\&quot;,\n        \&quot;online\&quot;: true\n    },\n    {\n        \&quot;programId\&quot;: 8869,\n        \&quot;programName\&quot;: \&quot;Testing\&quot;,\n        \&quot;programDescription\&quot;: \&quot;\&quot;,\n        \&quot;online\&quot;: true\n    },\n    {\n        \&quot;programId\&quot;: 8870,\n        \&quot;programName\&quot;: \&quot;SQL\&quot;,\n        \&quot;programDescription\&quot;: \&quot;SQL\&quot;,\n        \&quot;online\&quot;: false\n    },\n    {\n        \&quot;programId\&quot;: 8871,\n        \&quot;programName\&quot;: \&quot;Testing\&quot;,\n        \&quot;programDescription\&quot;: \&quot;Testing\&quot;,\n        \&quot;online\&quot;: false\n    },\n    {\n        \&quot;programId\&quot;: 8873,\n        \&quot;programName\&quot;: \&quot;1234\&quot;,\n        \&quot;programDescription\&quot;: \&quot;Testing\&quot;,\n        \&quot;online\&quot;: false\n    },\n    {\n        \&quot;programId\&quot;: 8874,\n        \&quot;programName\&quot;: \&quot;DS Algo\&quot;,\n        \&quot;programDescription\&quot;: \&quot;\&quot;,\n        \&quot;online\&quot;: true\n    },\n    {\n        \&quot;programId\&quot;: 8876,\n        \&quot;programName\&quot;: \&quot;SDET28\&quot;,\n        \&quot;programDescription\&quot;: \&quot;Automation \&quot;,\n        \&quot;online\&quot;: true\n    },\n    {\n        \&quot;programId\&quot;: 8877,\n        \&quot;programName\&quot;: \&quot;Testing\&quot;,\n        \&quot;programDescription\&quot;: \&quot;Testing\&quot;,\n        \&quot;online\&quot;: true\n    },\n    {\n        \&quot;programId\&quot;: 8878,\n        \&quot;programName\&quot;: \&quot;Testing\&quot;,\n        \&quot;programDescription\&quot;: \&quot;\&quot;,\n        \&quot;online\&quot;: true\n    },\n    {\n        \&quot;programId\&quot;: 8879,\n        \&quot;programName\&quot;: \&quot;SQL\&quot;,\n        \&quot;programDescription\&quot;: \&quot;SQL\&quot;,\n        \&quot;online\&quot;: false\n    },\n    {\n        \&quot;programId\&quot;: 8880,\n        \&quot;programName\&quot;: \&quot;Testing\&quot;,\n        \&quot;programDescription\&quot;: \&quot;Testing\&quot;,\n        \&quot;online\&quot;: false\n    },\n    {\n        \&quot;programId\&quot;: 8882,\n        \&quot;programName\&quot;: \&quot;1234\&quot;,\n        \&quot;programDescription\&quot;: \&quot;Testing\&quot;,\n        \&quot;online\&quot;: false\n    },\n    {\n        \&quot;programId\&quot;: 8883,\n        \&quot;programName\&quot;: \&quot;DS Algo\&quot;,\n        \&quot;programDescription\&quot;: \&quot;\&quot;,\n        \&quot;online\&quot;: true\n    },\n    {\n        \&quot;programId\&quot;: 8885,\n        \&quot;programName\&quot;: \&quot;SDET28\&quot;,\n        \&quot;programDescription\&quot;: \&quot;Automation \&quot;,\n        \&quot;online\&quot;: true\n    },\n    {\n        \&quot;programId\&quot;: 8886,\n        \&quot;programName\&quot;: \&quot;Testing\&quot;,\n        \&quot;programDescription\&quot;: \&quot;Testing\&quot;,\n        \&quot;online\&quot;: true\n    },\n    {\n        \&quot;programId\&quot;: 8887,\n        \&quot;programName\&quot;: \&quot;Testing\&quot;,\n        \&quot;programDescription\&quot;: \&quot;\&quot;,\n        \&quot;online\&quot;: true\n    },\n    {\n        \&quot;programId\&quot;: 8888,\n        \&quot;programName\&quot;: \&quot;SQL\&quot;,\n        \&quot;programDescription\&quot;: \&quot;SQL\&quot;,\n        \&quot;online\&quot;: false\n    },\n    {\n        \&quot;programId\&quot;: 8889,\n        \&quot;programName\&quot;: \&quot;Testing\&quot;,\n        \&quot;programDescription\&quot;: \&quot;Testing\&quot;,\n        \&quot;online\&quot;: false\n    },\n    {\n        \&quot;programId\&quot;: 8891,\n        \&quot;programName\&quot;: \&quot;1234\&quot;,\n        \&quot;programDescription\&quot;: \&quot;Testing\&quot;,\n        \&quot;online\&quot;: false\n    },\n    {\n        \&quot;programId\&quot;: 8892,\n        \&quot;programName\&quot;: \&quot;DS Algo\&quot;,\n        \&quot;programDescription\&quot;: \&quot;\&quot;,\n        \&quot;online\&quot;: true\n    },\n    {\n        \&quot;programId\&quot;: 8893,\n        \&quot;programName\&quot;: \&quot;SDET29\&quot;,\n        \&quot;programDescription\&quot;: \&quot;Testing\&quot;,\n        \&quot;online\&quot;: true\n    },\n    {\n        \&quot;programId\&quot;: 8894,\n        \&quot;programName\&quot;: \&quot;Testing modified\&quot;,\n        \&quot;programDescription\&quot;: \&quot;Testing modified\&quot;,\n        \&quot;online\&quot;: true\n    },\n    {\n        \&quot;programId\&quot;: 8895,\n        \&quot;programName\&quot;: \&quot;Testing modified\&quot;,\n        \&quot;programDescription\&quot;: \&quot;Testing modified\&quot;,\n        \&quot;online\&quot;: true\n    },\n    {\n        \&quot;programId\&quot;: 8896,\n        \&quot;programName\&quot;: \&quot;Testing modified\&quot;,\n        \&quot;programDescription\&quot;: \&quot;Testing modified\&quot;,\n        \&quot;online\&quot;: true\n    },\n    {\n        \&quot;programId\&quot;: 8897,\n        \&quot;programName\&quot;: \&quot;Testing modified\&quot;,\n        \&quot;programDescription\&quot;: \&quot;Testing modified\&quot;,\n        \&quot;online\&quot;: true\n    },\n    {\n        \&quot;programId\&quot;: 8898,\n        \&quot;programName\&quot;: \&quot;SDET26\&quot;,\n        \&quot;programDescription\&quot;: \&quot;Automation\&quot;,\n        \&quot;online\&quot;: true\n    },\n    {\n        \&quot;programId\&quot;: 8899,\n        \&quot;programName\&quot;: \&quot;SDET26\&quot;,\n        \&quot;programDescription\&quot;: \&quot;700\&quot;,\n        \&quot;online\&quot;: true\n    },\n    {\n        \&quot;programId\&quot;: 8900,\n        \&quot;programName\&quot;: \&quot;2h78\&quot;,\n        \&quot;programDescription\&quot;: \&quot;70\&quot;,\n        \&quot;online\&quot;: true\n    },\n    {\n        \&quot;programId\&quot;: 8901,\n        \&quot;programName\&quot;: \&quot;SDET26\&quot;,\n        \&quot;programDescription\&quot;: \&quot;Automation\&quot;,\n        \&quot;online\&quot;: true\n    },\n    {\n        \&quot;programId\&quot;: 8902,\n        \&quot;programName\&quot;: \&quot;SDET26\&quot;,\n        \&quot;programDescription\&quot;: \&quot;700\&quot;,\n        \&quot;online\&quot;: true\n    },\n    {\n        \&quot;programId\&quot;: 8903,\n        \&quot;programName\&quot;: \&quot;2h78\&quot;,\n        \&quot;programDescription\&quot;: \&quot;70\&quot;,\n        \&quot;online\&quot;: true\n    },\n    {\n        \&quot;programId\&quot;: 8904,\n        \&quot;programName\&quot;: \&quot;SDET26\&quot;,\n        \&quot;programDescription\&quot;: \&quot;Automation\&quot;,\n        \&quot;online\&quot;: true\n    },\n    {\n        \&quot;programId\&quot;: 8905,\n        \&quot;programName\&quot;: \&quot;SDET26\&quot;,\n        \&quot;programDescription\&quot;: \&quot;700\&quot;,\n        \&quot;online\&quot;: true\n    },\n    {\n        \&quot;programId\&quot;: 8906,\n        \&quot;programName\&quot;: \&quot;2h78\&quot;,\n        \&quot;programDescription\&quot;: \&quot;70\&quot;,\n        \&quot;online\&quot;: true\n    },\n    {\n        \&quot;programId\&quot;: 8907,\n        \&quot;programName\&quot;: \&quot;75g\&quot;,\n        \&quot;programDescription\&quot;: \&quot;num programname\&quot;,\n        \&quot;online\&quot;: true\n    },\n    {\n        \&quot;programId\&quot;: 8908,\n        \&quot;programName\&quot;: \&quot;num prog desc\&quot;,\n        \&quot;programDescription\&quot;: \&quot;75g\&quot;,\n        \&quot;online\&quot;: true\n    },\n    {\n        \&quot;programId\&quot;: 8909,\n        \&quot;programName\&quot;: \&quot;SDET26\&quot;,\n        \&quot;programDescription\&quot;: \&quot;Automation\&quot;,\n        \&quot;online\&quot;: true\n    },\n    {\n        \&quot;programId\&quot;: 8910,\n        \&quot;programName\&quot;: \&quot;SDET26\&quot;,\n        \&quot;programDescription\&quot;: \&quot;700\&quot;,\n        \&quot;online\&quot;: true\n    },\n    {\n        \&quot;programId\&quot;: 8911,\n        \&quot;programName\&quot;: \&quot;2h78\&quot;,\n        \&quot;programDescription\&quot;: \&quot;70\&quot;,\n        \&quot;online\&quot;: true\n    },\n    {\n        \&quot;programId\&quot;: 8912,\n        \&quot;programName\&quot;: \&quot;75g\&quot;,\n        \&quot;programDescription\&quot;: \&quot;num programname\&quot;,\n        \&quot;online\&quot;: true\n    },\n    {\n        \&quot;programId\&quot;: 8913,\n        \&quot;programName\&quot;: \&quot;num prog desc\&quot;,\n        \&quot;programDescription\&quot;: \&quot;75g\&quot;,\n        \&quot;online\&quot;: true\n    },\n    {\n        \&quot;programId\&quot;: 8914,\n        \&quot;programName\&quot;: \&quot;#@12g\&quot;,\n        \&quot;programDescription\&quot;: \&quot;special char pgname\&quot;,\n        \&quot;online\&quot;: true\n    },\n    {\n        \&quot;programId\&quot;: 8915,\n        \&quot;programName\&quot;: \&quot;SDET26\&quot;,\n        \&quot;programDescription\&quot;: \&quot;Automation\&quot;,\n        \&quot;online\&quot;: true\n    },\n    {\n        \&quot;programId\&quot;: 8916,\n        \&quot;programName\&quot;: \&quot;SDET26\&quot;,\n        \&quot;programDescription\&quot;: \&quot;700\&quot;,\n        \&quot;online\&quot;: true\n    },\n    {\n        \&quot;programId\&quot;: 8917,\n        \&quot;programName\&quot;: \&quot;2h78\&quot;,\n        \&quot;programDescription\&quot;: \&quot;70\&quot;,\n        \&quot;online\&quot;: true\n    },\n    {\n        \&quot;programId\&quot;: 8918,\n        \&quot;programName\&quot;: \&quot;75g\&quot;,\n        \&quot;programDescription\&quot;: \&quot;num programname\&quot;,\n        \&quot;online\&quot;: true\n    },\n    {\n        \&quot;programId\&quot;: 8919,\n        \&quot;programName\&quot;: \&quot;num prog desc\&quot;,\n        \&quot;programDescription\&quot;: \&quot;75g\&quot;,\n        \&quot;online\&quot;: true\n    },\n    {\n        \&quot;programId\&quot;: 8920,\n        \&quot;programName\&quot;: \&quot;78?\&quot;,\n        \&quot;programDescription\&quot;: \&quot;special char pgname\&quot;,\n        \&quot;online\&quot;: true\n    },\n    {\n        \&quot;programId\&quot;: 8921,\n        \&quot;programName\&quot;: \&quot;SDET26\&quot;,\n        \&quot;programDescription\&quot;: \&quot;Automation\&quot;,\n        \&quot;online\&quot;: true\n    },\n    {\n        \&quot;programId\&quot;: 8922,\n        \&quot;programName\&quot;: \&quot;SDET26\&quot;,\n        \&quot;programDescription\&quot;: \&quot;700\&quot;,\n        \&quot;online\&quot;: true\n    },\n    {\n        \&quot;programId\&quot;: 8923,\n        \&quot;programName\&quot;: \&quot;2h78\&quot;,\n        \&quot;programDescription\&quot;: \&quot;70\&quot;,\n        \&quot;online\&quot;: true\n    },\n    {\n        \&quot;programId\&quot;: 8924,\n        \&quot;programName\&quot;: \&quot;75g\&quot;,\n        \&quot;programDescription\&quot;: \&quot;num programname\&quot;,\n        \&quot;online\&quot;: true\n    },\n    {\n        \&quot;programId\&quot;: 8925,\n        \&quot;programName\&quot;: \&quot;num prog desc\&quot;,\n        \&quot;programDescription\&quot;: \&quot;75g\&quot;,\n        \&quot;online\&quot;: true\n    },\n    {\n        \&quot;programId\&quot;: 8926,\n        \&quot;programName\&quot;: \&quot;78\&quot;,\n        \&quot;programDescription\&quot;: \&quot;special char pgname\&quot;,\n        \&quot;online\&quot;: true\n    },\n    {\n        \&quot;programId\&quot;: 8927,\n        \&quot;programName\&quot;: \&quot;SDET26\&quot;,\n        \&quot;programDescription\&quot;: \&quot;Automation\&quot;,\n        \&quot;online\&quot;: true\n    },\n    {\n        \&quot;programId\&quot;: 8928,\n        \&quot;programName\&quot;: \&quot;SDET26\&quot;,\n        \&quot;programDescription\&quot;: \&quot;700\&quot;,\n        \&quot;online\&quot;: true\n    },\n    {\n        \&quot;programId\&quot;: 8929,\n        \&quot;programName\&quot;: \&quot;2h78\&quot;,\n        \&quot;programDescription\&quot;: \&quot;70\&quot;,\n        \&quot;online\&quot;: true\n    },\n    {\n        \&quot;programId\&quot;: 8930,\n        \&quot;programName\&quot;: \&quot;75g\&quot;,\n        \&quot;programDescription\&quot;: \&quot;num programname\&quot;,\n        \&quot;online\&quot;: true\n    },\n    {\n        \&quot;programId\&quot;: 8931,\n        \&quot;programName\&quot;: \&quot;num prog desc\&quot;,\n        \&quot;programDescription\&quot;: \&quot;75g\&quot;,\n        \&quot;online\&quot;: true\n    },\n    {\n        \&quot;programId\&quot;: 8932,\n        \&quot;programName\&quot;: \&quot;78\&quot;,\n        \&quot;programDescription\&quot;: \&quot;special char pgname\&quot;,\n        \&quot;online\&quot;: true\n    },\n    {\n        \&quot;programId\&quot;: 9274,\n        \&quot;programName\&quot;: \&quot;programName\&quot;,\n        \&quot;programDescription\&quot;: \&quot;programDescription\&quot;,\n        \&quot;online\&quot;: true\n    },\n    {\n        \&quot;programId\&quot;: 9275,\n        \&quot;programName\&quot;: \&quot;programName\&quot;,\n        \&quot;programDescription\&quot;: \&quot;programDescription\&quot;,\n        \&quot;online\&quot;: true\n    },\n    {\n        \&quot;programId\&quot;: 8935,\n        \&quot;programName\&quot;: \&quot;2h78\&quot;,\n        \&quot;programDescription\&quot;: \&quot;70\&quot;,\n        \&quot;online\&quot;: true\n    },\n    {\n        \&quot;programId\&quot;: 8936,\n        \&quot;programName\&quot;: \&quot;75g\&quot;,\n        \&quot;programDescription\&quot;: \&quot;num programname\&quot;,\n        \&quot;online\&quot;: true\n    },\n    {\n        \&quot;programId\&quot;: 8937,\n        \&quot;programName\&quot;: \&quot;num prog desc\&quot;,\n        \&quot;programDescription\&quot;: \&quot;75g\&quot;,\n        \&quot;online\&quot;: true\n    },\n    {\n        \&quot;programId\&quot;: 8938,\n        \&quot;programName\&quot;: \&quot;78&amp;?\&quot;,\n        \&quot;programDescription\&quot;: \&quot;special char pgname\&quot;,\n        \&quot;online\&quot;: true\n    },\n    {\n        \&quot;programId\&quot;: 8939,\n        \&quot;programName\&quot;: \&quot;SDET26\&quot;,\n        \&quot;programDescription\&quot;: \&quot;Automation\&quot;,\n        \&quot;online\&quot;: true\n    },\n    {\n        \&quot;programId\&quot;: 8940,\n        \&quot;programName\&quot;: \&quot;SDET26\&quot;,\n        \&quot;programDescription\&quot;: \&quot;700\&quot;,\n        \&quot;online\&quot;: true\n    },\n    {\n        \&quot;programId\&quot;: 8941,\n        \&quot;programName\&quot;: \&quot;2h78\&quot;,\n        \&quot;programDescription\&quot;: \&quot;70\&quot;,\n        \&quot;online\&quot;: true\n    },\n    {\n        \&quot;programId\&quot;: 8942,\n        \&quot;programName\&quot;: \&quot;75g\&quot;,\n        \&quot;programDescription\&quot;: \&quot;num programname\&quot;,\n        \&quot;online\&quot;: true\n    },\n    {\n        \&quot;programId\&quot;: 8943,\n        \&quot;programName\&quot;: \&quot;num prog desc\&quot;,\n        \&quot;programDescription\&quot;: \&quot;75g\&quot;,\n        \&quot;online\&quot;: true\n    },\n    {\n        \&quot;programId\&quot;: 8944,\n        \&quot;programName\&quot;: \&quot;78&amp;?\&quot;,\n        \&quot;programDescription\&quot;: \&quot;special char pgname\&quot;,\n        \&quot;online\&quot;: true\n    },\n    {\n        \&quot;programId\&quot;: 8946,\n        \&quot;programName\&quot;: \&quot;SDET28\&quot;,\n        \&quot;programDescription\&quot;: \&quot;Automation \&quot;,\n        \&quot;online\&quot;: true\n    },\n    {\n        \&quot;programId\&quot;: 8947,\n        \&quot;programName\&quot;: \&quot;Testing\&quot;,\n        \&quot;programDescription\&quot;: \&quot;Testing\&quot;,\n        \&quot;online\&quot;: true\n    },\n    {\n        \&quot;programId\&quot;: 8948,\n        \&quot;programName\&quot;: \&quot;Testing\&quot;,\n        \&quot;programDescription\&quot;: \&quot;\&quot;,\n        \&quot;online\&quot;: true\n    },\n    {\n        \&quot;programId\&quot;: 8949,\n        \&quot;programName\&quot;: \&quot;SQL\&quot;,\n        \&quot;programDescription\&quot;: \&quot;SQL\&quot;,\n        \&quot;online\&quot;: false\n    },\n    {\n        \&quot;programId\&quot;: 8950,\n        \&quot;programName\&quot;: \&quot;Testing\&quot;,\n        \&quot;programDescription\&quot;: \&quot;Testing\&quot;,\n        \&quot;online\&quot;: false\n    },\n    {\n        \&quot;programId\&quot;: 8952,\n        \&quot;programName\&quot;: \&quot;1234\&quot;,\n        \&quot;programDescription\&quot;: \&quot;Testing\&quot;,\n        \&quot;online\&quot;: false\n    },\n    {\n        \&quot;programId\&quot;: 8953,\n        \&quot;programName\&quot;: \&quot;DS Algo\&quot;,\n        \&quot;programDescription\&quot;: \&quot;\&quot;,\n        \&quot;online\&quot;: true\n    },\n    {\n        \&quot;programId\&quot;: 8954,\n        \&quot;programName\&quot;: \&quot;SDET29\&quot;,\n        \&quot;programDescription\&quot;: \&quot;Testing\&quot;,\n        \&quot;online\&quot;: true\n    },\n    {\n        \&quot;programId\&quot;: 8955,\n        \&quot;programName\&quot;: \&quot;SDET26\&quot;,\n        \&quot;programDescription\&quot;: \&quot;Automation\&quot;,\n        \&quot;online\&quot;: true\n    },\n    {\n        \&quot;programId\&quot;: 8956,\n        \&quot;programName\&quot;: \&quot;SDET26\&quot;,\n        \&quot;programDescription\&quot;: \&quot;700\&quot;,\n        \&quot;online\&quot;: true\n    },\n    {\n        \&quot;programId\&quot;: 8957,\n        \&quot;programName\&quot;: \&quot;2h78\&quot;,\n        \&quot;programDescription\&quot;: \&quot;70\&quot;,\n        \&quot;online\&quot;: true\n    },\n    {\n        \&quot;programId\&quot;: 8958,\n        \&quot;programName\&quot;: \&quot;75g\&quot;,\n        \&quot;programDescription\&quot;: \&quot;num programname\&quot;,\n        \&quot;online\&quot;: true\n    },\n    {\n        \&quot;programId\&quot;: 9330,\n        \&quot;programName\&quot;: \&quot;QUALTY ASSUANCE\&quot;,\n        \&quot;programDescription\&quot;: null,\n        \&quot;online\&quot;: false\n    },\n    {\n        \&quot;programId\&quot;: 8960,\n        \&quot;programName\&quot;: \&quot;78&amp;?\&quot;,\n        \&quot;programDescription\&quot;: \&quot;special char pgname\&quot;,\n        \&quot;online\&quot;: true\n    },\n    {\n        \&quot;programId\&quot;: 8961,\n        \&quot;programName\&quot;: \&quot;0.456\&quot;,\n        \&quot;programDescription\&quot;: \&quot;decimal pgname\&quot;,\n        \&quot;online\&quot;: true\n    },\n    {\n        \&quot;programId\&quot;: 8962,\n        \&quot;programName\&quot;: \&quot;SDET28\&quot;,\n        \&quot;programDescription\&quot;: \&quot;Automation \&quot;,\n        \&quot;online\&quot;: true\n    },\n    {\n        \&quot;programId\&quot;: 8963,\n        \&quot;programName\&quot;: \&quot;Testing\&quot;,\n        \&quot;programDescription\&quot;: \&quot;Testing\&quot;,\n        \&quot;online\&quot;: true\n    },\n    {\n        \&quot;programId\&quot;: 8964,\n        \&quot;programName\&quot;: \&quot;Testing\&quot;,\n        \&quot;programDescription\&quot;: \&quot;\&quot;,\n        \&quot;online\&quot;: true\n    },\n    {\n        \&quot;programId\&quot;: 8965,\n        \&quot;programName\&quot;: \&quot;SQL\&quot;,\n        \&quot;programDescription\&quot;: \&quot;SQL\&quot;,\n        \&quot;online\&quot;: false\n    },\n    {\n        \&quot;programId\&quot;: 8966,\n        \&quot;programName\&quot;: \&quot;Testing\&quot;,\n        \&quot;programDescription\&quot;: \&quot;Testing\&quot;,\n        \&quot;online\&quot;: false\n    },\n    {\n        \&quot;programId\&quot;: 8968,\n        \&quot;programName\&quot;: \&quot;1234\&quot;,\n        \&quot;programDescription\&quot;: \&quot;Testing\&quot;,\n        \&quot;online\&quot;: false\n    },\n    {\n        \&quot;programId\&quot;: 8969,\n        \&quot;programName\&quot;: \&quot;DS Algo\&quot;,\n        \&quot;programDescription\&quot;: \&quot;\&quot;,\n        \&quot;online\&quot;: true\n    },\n    {\n        \&quot;programId\&quot;: 8970,\n        \&quot;programName\&quot;: \&quot;SDET29\&quot;,\n        \&quot;programDescription\&quot;: \&quot;Testing\&quot;,\n        \&quot;online\&quot;: true\n    },\n    {\n        \&quot;programId\&quot;: 8971,\n        \&quot;programName\&quot;: \&quot;SDET26\&quot;,\n        \&quot;programDescription\&quot;: \&quot;Automation\&quot;,\n        \&quot;online\&quot;: true\n    },\n    {\n        \&quot;programId\&quot;: 8972,\n        \&quot;programName\&quot;: \&quot;SDET26\&quot;,\n        \&quot;programDescription\&quot;: \&quot;700\&quot;,\n        \&quot;online\&quot;: true\n    },\n    {\n        \&quot;programId\&quot;: 8973,\n        \&quot;programName\&quot;: \&quot;2h78\&quot;,\n        \&quot;programDescription\&quot;: \&quot;70\&quot;,\n        \&quot;online\&quot;: true\n    },\n    {\n        \&quot;programId\&quot;: 8974,\n        \&quot;programName\&quot;: \&quot;75g\&quot;,\n        \&quot;programDescription\&quot;: \&quot;num programname\&quot;,\n        \&quot;online\&quot;: true\n    },\n    {\n        \&quot;programId\&quot;: 8975,\n        \&quot;programName\&quot;: \&quot;num prog desc\&quot;,\n        \&quot;programDescription\&quot;: \&quot;75g\&quot;,\n        \&quot;online\&quot;: true\n    },\n    {\n        \&quot;programId\&quot;: 8976,\n        \&quot;programName\&quot;: \&quot;78&amp;?\&quot;,\n        \&quot;programDescription\&quot;: \&quot;special char pgname\&quot;,\n        \&quot;online\&quot;: true\n    },\n    {\n        \&quot;programId\&quot;: 8977,\n        \&quot;programName\&quot;: \&quot;0.456\&quot;,\n        \&quot;programDescription\&quot;: \&quot;decimal pgname\&quot;,\n        \&quot;online\&quot;: true\n    },\n    {\n        \&quot;programId\&quot;: 8978,\n        \&quot;programName\&quot;: \&quot;SDET\&quot;,\n        \&quot;programDescription\&quot;: \&quot;Selenium Postman\&quot;,\n        \&quot;online\&quot;: true\n    },\n    {\n        \&quot;programId\&quot;: 8979,\n        \&quot;programName\&quot;: \&quot;1234\&quot;,\n        \&quot;programDescription\&quot;: \&quot;Manual Testing\&quot;,\n        \&quot;online\&quot;: true\n    },\n    {\n        \&quot;programId\&quot;: 8980,\n        \&quot;programName\&quot;: \&quot;Blank testing\&quot;,\n        \&quot;programDescription\&quot;: \&quot;\&quot;,\n        \&quot;online\&quot;: false\n    },\n    {\n        \&quot;programId\&quot;: 8981,\n        \&quot;programName\&quot;: \&quot;API Testing\&quot;,\n        \&quot;programDescription\&quot;: \&quot;RestAssured Postman\&quot;,\n        \&quot;online\&quot;: false\n    },\n    {\n        \&quot;programId\&quot;: 8982,\n        \&quot;programName\&quot;: \&quot;SDET\&quot;,\n        \&quot;programDescription\&quot;: \&quot;Selenium\&quot;,\n        \&quot;online\&quot;: true\n    },\n    {\n        \&quot;programId\&quot;: 8983,\n        \&quot;programName\&quot;: \&quot;API Testing\&quot;,\n        \&quot;programDescription\&quot;: \&quot;Selenium Postman\&quot;,\n        \&quot;online\&quot;: false\n    },\n    {\n        \&quot;programId\&quot;: 8985,\n        \&quot;programName\&quot;: \&quot;SDET\&quot;,\n        \&quot;programDescription\&quot;: \&quot;Selenium Postman\&quot;,\n        \&quot;online\&quot;: true\n    },\n    {\n        \&quot;programId\&quot;: 8986,\n        \&quot;programName\&quot;: \&quot;1234\&quot;,\n        \&quot;programDescription\&quot;: \&quot;Manual Testing\&quot;,\n        \&quot;online\&quot;: true\n    },\n    {\n        \&quot;programId\&quot;: 8987,\n        \&quot;programName\&quot;: \&quot;Blank testing\&quot;,\n        \&quot;programDescription\&quot;: \&quot;\&quot;,\n        \&quot;online\&quot;: false\n    },\n    {\n        \&quot;programId\&quot;: 8988,\n        \&quot;programName\&quot;: \&quot;API Testing\&quot;,\n        \&quot;programDescription\&quot;: \&quot;RestAssured Postman\&quot;,\n        \&quot;online\&quot;: false\n    },\n    {\n        \&quot;programId\&quot;: 8989,\n        \&quot;programName\&quot;: \&quot;SDET\&quot;,\n        \&quot;programDescription\&quot;: \&quot;Selenium\&quot;,\n        \&quot;online\&quot;: true\n    },\n    {\n        \&quot;programId\&quot;: 8990,\n        \&quot;programName\&quot;: \&quot;API Testing\&quot;,\n        \&quot;programDescription\&quot;: \&quot;Selenium Postman\&quot;,\n        \&quot;online\&quot;: false\n    },\n    {\n        \&quot;programId\&quot;: 8992,\n        \&quot;programName\&quot;: \&quot;Testing\&quot;,\n        \&quot;programDescription\&quot;: \&quot;Testing\&quot;,\n        \&quot;online\&quot;: true\n    },\n    {\n        \&quot;programId\&quot;: 8993,\n        \&quot;programName\&quot;: \&quot;Testing\&quot;,\n        \&quot;programDescription\&quot;: \&quot;AutomationTesting\&quot;,\n        \&quot;online\&quot;: true\n    },\n    {\n        \&quot;programId\&quot;: 8994,\n        \&quot;programName\&quot;: \&quot;SDET\&quot;,\n        \&quot;programDescription\&quot;: \&quot;Selenium Postman\&quot;,\n        \&quot;online\&quot;: true\n    },\n    {\n        \&quot;programId\&quot;: 8995,\n        \&quot;programName\&quot;: \&quot;1234\&quot;,\n        \&quot;programDescription\&quot;: \&quot;Manual Testing\&quot;,\n        \&quot;online\&quot;: true\n    },\n    {\n        \&quot;programId\&quot;: 8996,\n        \&quot;programName\&quot;: \&quot;Blank testing\&quot;,\n        \&quot;programDescription\&quot;: \&quot;\&quot;,\n        \&quot;online\&quot;: false\n    },\n    {\n        \&quot;programId\&quot;: 8997,\n        \&quot;programName\&quot;: \&quot;API Testing\&quot;,\n        \&quot;programDescription\&quot;: \&quot;RestAssured Postman\&quot;,\n        \&quot;online\&quot;: false\n    },\n    {\n        \&quot;programId\&quot;: 8998,\n        \&quot;programName\&quot;: \&quot;SDET\&quot;,\n        \&quot;programDescription\&quot;: \&quot;Selenium\&quot;,\n        \&quot;online\&quot;: true\n    },\n    {\n        \&quot;programId\&quot;: 8999,\n        \&quot;programName\&quot;: \&quot;API Testing\&quot;,\n        \&quot;programDescription\&quot;: \&quot;Selenium Postman\&quot;,\n        \&quot;online\&quot;: false\n    },\n    {\n        \&quot;programId\&quot;: 9001,\n        \&quot;programName\&quot;: \&quot;Testing\&quot;,\n        \&quot;programDescription\&quot;: \&quot;Testing\&quot;,\n        \&quot;online\&quot;: true\n    },\n    {\n        \&quot;programId\&quot;: 9002,\n        \&quot;programName\&quot;: \&quot;Testing\&quot;,\n        \&quot;programDescription\&quot;: \&quot;AutomationTesting\&quot;,\n        \&quot;online\&quot;: true\n    },\n    {\n        \&quot;programId\&quot;: 9003,\n        \&quot;programName\&quot;: \&quot;Testing\&quot;,\n        \&quot;programDescription\&quot;: \&quot;Testing\&quot;,\n        \&quot;online\&quot;: true\n    },\n    {\n        \&quot;programId\&quot;: 9004,\n        \&quot;programName\&quot;: \&quot;Testing\&quot;,\n        \&quot;programDescription\&quot;: \&quot;Testing\&quot;,\n        \&quot;online\&quot;: true\n    },\n    {\n        \&quot;programId\&quot;: 9312,\n        \&quot;programName\&quot;: \&quot;QAf\&quot;,\n        \&quot;programDescription\&quot;: \&quot;BASICS\&quot;,\n        \&quot;online\&quot;: true\n    },\n    {\n        \&quot;programId\&quot;: 9006,\n        \&quot;programName\&quot;: \&quot;Testing\&quot;,\n        \&quot;programDescription\&quot;: \&quot;Shr-Testing\&quot;,\n        \&quot;online\&quot;: true\n    },\n    {\n        \&quot;programId\&quot;: 9010,\n        \&quot;programName\&quot;: \&quot;QUALTY ASSUANCE\&quot;,\n        \&quot;programDescription\&quot;: \&quot;Automation testing\&quot;,\n        \&quot;online\&quot;: true\n    },\n    {\n        \&quot;programId\&quot;: 9021,\n        \&quot;programName\&quot;: \&quot;QUALITY ASSURANCE\&quot;,\n        \&quot;programDescription\&quot;: \&quot;Automation testing\&quot;,\n        \&quot;online\&quot;: true\n    },\n    {\n        \&quot;programId\&quot;: 9008,\n        \&quot;programName\&quot;: \&quot;Testing\&quot;,\n        \&quot;programDescription\&quot;: \&quot;Testing-Shr2\&quot;,\n        \&quot;online\&quot;: true\n    },\n    {\n        \&quot;programId\&quot;: 9041,\n        \&quot;programName\&quot;: \&quot;QA\&quot;,\n        \&quot;programDescription\&quot;: \&quot;BASICS\&quot;,\n        \&quot;online\&quot;: true\n    },\n    {\n        \&quot;programId\&quot;: 9009,\n        \&quot;programName\&quot;: \&quot;Testing\&quot;,\n        \&quot;programDescription\&quot;: \&quot;Testing-Shr3\&quot;,\n        \&quot;online\&quot;: true\n    },\n    {\n        \&quot;programId\&quot;: 9011,\n        \&quot;programName\&quot;: \&quot;Testing\&quot;,\n        \&quot;programDescription\&quot;: \&quot;Testing-Shr4\&quot;,\n        \&quot;online\&quot;: true\n    },\n    {\n        \&quot;programId\&quot;: 9350,\n        \&quot;programName\&quot;: \&quot;Csharp\&quot;,\n        \&quot;programDescription\&quot;: \&quot;Testing\&quot;,\n        \&quot;online\&quot;: true\n    },\n    {\n        \&quot;programId\&quot;: 9024,\n        \&quot;programName\&quot;: \&quot;QUALITY ASSURANCE\&quot;,\n        \&quot;programDescription\&quot;: \&quot;Automation testing\&quot;,\n        \&quot;online\&quot;: true\n    },\n    {\n        \&quot;programId\&quot;: 9351,\n        \&quot;programName\&quot;: \&quot;Csharp Modified\&quot;,\n        \&quot;programDescription\&quot;: \&quot;Testing Modified\&quot;,\n        \&quot;online\&quot;: true\n    },\n    {\n        \&quot;programId\&quot;: 9352,\n        \&quot;programName\&quot;: \&quot;Cypress Modified\&quot;,\n        \&quot;programDescription\&quot;: \&quot;Testing edited Modified\&quot;,\n        \&quot;online\&quot;: false\n    },\n    {\n        \&quot;programId\&quot;: 9015,\n        \&quot;programName\&quot;: \&quot;Testing modified\&quot;,\n        \&quot;programDescription\&quot;: \&quot;Testing modified\&quot;,\n        \&quot;online\&quot;: true\n    },\n    {\n        \&quot;programId\&quot;: 9016,\n        \&quot;programName\&quot;: \&quot;Testing\&quot;,\n        \&quot;programDescription\&quot;: \&quot;Testing\&quot;,\n        \&quot;online\&quot;: true\n    },\n    {\n        \&quot;programId\&quot;: 9017,\n        \&quot;programName\&quot;: \&quot;Testing modified from postman\&quot;,\n        \&quot;programDescription\&quot;: \&quot;Testing modified\&quot;,\n        \&quot;online\&quot;: true\n    },\n    {\n        \&quot;programId\&quot;: 9018,\n        \&quot;programName\&quot;: \&quot;Testing\&quot;,\n        \&quot;programDescription\&quot;: \&quot;Testing\&quot;,\n        \&quot;online\&quot;: true\n    },\n    {\n        \&quot;programId\&quot;: 9019,\n        \&quot;programName\&quot;: \&quot;aathi\&quot;,\n        \&quot;programDescription\&quot;: \&quot;aathi\&quot;,\n        \&quot;online\&quot;: true\n    },\n    {\n        \&quot;programId\&quot;: 9022,\n        \&quot;programName\&quot;: \&quot;QUALITY ASSURANCE\&quot;,\n        \&quot;programDescription\&quot;: \&quot;Automation testing\&quot;,\n        \&quot;online\&quot;: true\n    },\n    {\n        \&quot;programId\&quot;: 9023,\n        \&quot;programName\&quot;: \&quot;QUALITY ASSURANCE\&quot;,\n        \&quot;programDescription\&quot;: \&quot;Automation testing\&quot;,\n        \&quot;online\&quot;: true\n    },\n    {\n        \&quot;programId\&quot;: 9025,\n        \&quot;programName\&quot;: \&quot;QUALITY ASSURANCE\&quot;,\n        \&quot;programDescription\&quot;: \&quot;Automation testing\&quot;,\n        \&quot;online\&quot;: true\n    },\n    {\n        \&quot;programId\&quot;: 9027,\n        \&quot;programName\&quot;: \&quot;java\&quot;,\n        \&quot;programDescription\&quot;: \&quot;Basics of java\&quot;,\n        \&quot;online\&quot;: true\n    },\n    {\n        \&quot;programId\&quot;: 9030,\n        \&quot;programName\&quot;: \&quot;QA\&quot;,\n        \&quot;programDescription\&quot;: \&quot;Automation Testing\&quot;,\n        \&quot;online\&quot;: true\n    },\n    {\n        \&quot;programId\&quot;: 9031,\n        \&quot;programName\&quot;: \&quot;QA\&quot;,\n        \&quot;programDescription\&quot;: \&quot;Automation Testing\&quot;,\n        \&quot;online\&quot;: true\n    },\n    {\n        \&quot;programId\&quot;: 9032,\n        \&quot;programName\&quot;: \&quot;QA\&quot;,\n        \&quot;programDescription\&quot;: \&quot;Automation Testing\&quot;,\n        \&quot;online\&quot;: true\n    },\n    {\n        \&quot;programId\&quot;: 9033,\n        \&quot;programName\&quot;: \&quot;QA\&quot;,\n        \&quot;programDescription\&quot;: \&quot;Automation Testing\&quot;,\n        \&quot;online\&quot;: true\n    },\n    {\n        \&quot;programId\&quot;: 9034,\n        \&quot;programName\&quot;: \&quot;QA\&quot;,\n        \&quot;programDescription\&quot;: \&quot;Automation Testing\&quot;,\n        \&quot;online\&quot;: true\n    },\n    {\n        \&quot;programId\&quot;: 9035,\n        \&quot;programName\&quot;: \&quot;QA\&quot;,\n        \&quot;programDescription\&quot;: \&quot;Automation Testing\&quot;,\n        \&quot;online\&quot;: true\n    },\n    {\n        \&quot;programId\&quot;: 9037,\n        \&quot;programName\&quot;: \&quot;SDET\&quot;,\n        \&quot;programDescription\&quot;: \&quot;QA\&quot;,\n        \&quot;online\&quot;: true\n    },\n    {\n        \&quot;programId\&quot;: 9026,\n        \&quot;programName\&quot;: \&quot;SDET\&quot;,\n        \&quot;programDescription\&quot;: \&quot;QA\&quot;,\n        \&quot;online\&quot;: true\n    },\n    {\n        \&quot;programId\&quot;: 9040,\n        \&quot;programName\&quot;: \&quot;string\&quot;,\n        \&quot;programDescription\&quot;: \&quot;string\&quot;,\n        \&quot;online\&quot;: true\n    },\n    {\n        \&quot;programId\&quot;: 9020,\n        \&quot;programName\&quot;: \&quot;string\&quot;,\n        \&quot;programDescription\&quot;: \&quot;string\&quot;,\n        \&quot;online\&quot;: true\n    },\n    {\n        \&quot;programId\&quot;: 9043,\n        \&quot;programName\&quot;: \&quot;QA\&quot;,\n        \&quot;programDescription\&quot;: \&quot;BASICS\&quot;,\n        \&quot;online\&quot;: true\n    },\n    {\n        \&quot;programId\&quot;: 9047,\n        \&quot;programName\&quot;: \&quot;SDT\&quot;,\n        \&quot;programDescription\&quot;: \&quot;SDET102\&quot;,\n        \&quot;online\&quot;: false\n    },\n    {\n        \&quot;programId\&quot;: 9048,\n        \&quot;programName\&quot;: \&quot;SDT\&quot;,\n        \&quot;programDescription\&quot;: \&quot;SDET102\&quot;,\n        \&quot;online\&quot;: false\n    },\n    {\n        \&quot;programId\&quot;: 9049,\n        \&quot;programName\&quot;: \&quot;DS\&quot;,\n        \&quot;programDescription\&quot;: \&quot;DS102\&quot;,\n        \&quot;online\&quot;: false\n    },\n    {\n        \&quot;programId\&quot;: 9050,\n        \&quot;programName\&quot;: \&quot;DS\&quot;,\n        \&quot;programDescription\&quot;: \&quot;DS102\&quot;,\n        \&quot;online\&quot;: false\n    },\n    {\n        \&quot;programId\&quot;: 9052,\n        \&quot;programName\&quot;: \&quot;sdt\&quot;,\n        \&quot;programDescription\&quot;: \&quot;sSDET202\&quot;,\n        \&quot;online\&quot;: false\n    },\n    {\n        \&quot;programId\&quot;: 9051,\n        \&quot;programName\&quot;: \&quot;sdt\&quot;,\n        \&quot;programDescription\&quot;: \&quot;sSDET202\&quot;,\n        \&quot;online\&quot;: false\n    },\n    {\n        \&quot;programId\&quot;: 9053,\n        \&quot;programName\&quot;: \&quot;ds\&quot;,\n        \&quot;programDescription\&quot;: \&quot;DS202\&quot;,\n        \&quot;online\&quot;: false\n    },\n    {\n        \&quot;programId\&quot;: 9054,\n        \&quot;programName\&quot;: \&quot;ds\&quot;,\n        \&quot;programDescription\&quot;: \&quot;DS202\&quot;,\n        \&quot;online\&quot;: false\n    },\n    {\n        \&quot;programId\&quot;: 9055,\n        \&quot;programName\&quot;: \&quot;string\&quot;,\n        \&quot;programDescription\&quot;: \&quot;string\&quot;,\n        \&quot;online\&quot;: true\n    },\n    {\n        \&quot;programId\&quot;: 9056,\n        \&quot;programName\&quot;: \&quot;Software Development in Test\&quot;,\n        \&quot;programDescription\&quot;: \&quot;SDET102\&quot;,\n        \&quot;online\&quot;: false\n    },\n    {\n        \&quot;programId\&quot;: 9057,\n        \&quot;programName\&quot;: \&quot;Data Science\&quot;,\n        \&quot;programDescription\&quot;: \&quot;DS102\&quot;,\n        \&quot;online\&quot;: false\n    },\n    {\n        \&quot;programId\&quot;: 9058,\n        \&quot;programName\&quot;: \&quot;Software Development in Test\&quot;,\n        \&quot;programDescription\&quot;: \&quot;SDET202\&quot;,\n        \&quot;online\&quot;: false\n    },\n    {\n        \&quot;programId\&quot;: 9059,\n        \&quot;programName\&quot;: \&quot;Data Science\&quot;,\n        \&quot;programDescription\&quot;: \&quot;DS202\&quot;,\n        \&quot;online\&quot;: false\n    },\n    {\n        \&quot;programId\&quot;: 9060,\n        \&quot;programName\&quot;: \&quot;VideoGame\&quot;,\n        \&quot;programDescription\&quot;: \&quot;user friendly\&quot;,\n        \&quot;online\&quot;: true\n    },\n    {\n        \&quot;programId\&quot;: 9062,\n        \&quot;programName\&quot;: \&quot;cucumber learning part 1 modified\&quot;,\n        \&quot;programDescription\&quot;: \&quot;cucumber learning part 1\&quot;,\n        \&quot;online\&quot;: false\n    },\n    {\n        \&quot;programId\&quot;: 9064,\n        \&quot;programName\&quot;: \&quot;cucumber learning part 1 modified\&quot;,\n        \&quot;programDescription\&quot;: \&quot;cucumber learning part 1\&quot;,\n        \&quot;online\&quot;: false\n    },\n    {\n        \&quot;programId\&quot;: 9065,\n        \&quot;programName\&quot;: \&quot;Scrum Master\&quot;,\n        \&quot;programDescription\&quot;: \&quot;Agile\&quot;,\n        \&quot;online\&quot;: false\n    },\n    {\n        \&quot;programId\&quot;: 9066,\n        \&quot;programName\&quot;: \&quot;Scrum Mastermodified\&quot;,\n        \&quot;programDescription\&quot;: \&quot;Agilemodified\&quot;,\n        \&quot;online\&quot;: false\n    },\n    {\n        \&quot;programId\&quot;: 9067,\n        \&quot;programName\&quot;: \&quot;Automation\&quot;,\n        \&quot;programDescription\&quot;: \&quot;Selinium\&quot;,\n        \&quot;online\&quot;: false\n    },\n    {\n        \&quot;programId\&quot;: 9068,\n        \&quot;programName\&quot;: \&quot;Automationmodified\&quot;,\n        \&quot;programDescription\&quot;: \&quot;Seliniummodified\&quot;,\n        \&quot;online\&quot;: false\n    },\n    {\n        \&quot;programId\&quot;: 9155,\n        \&quot;programName\&quot;: \&quot;SDET26\&quot;,\n        \&quot;programDescription\&quot;: \&quot;Automation testing\&quot;,\n        \&quot;online\&quot;: true\n    },\n    {\n        \&quot;programId\&quot;: 9070,\n        \&quot;programName\&quot;: \&quot;string\&quot;,\n        \&quot;programDescription\&quot;: \&quot;string\&quot;,\n        \&quot;online\&quot;: true\n    },\n    {\n        \&quot;programId\&quot;: 9071,\n        \&quot;programName\&quot;: \&quot;Selenium\&quot;,\n        \&quot;programDescription\&quot;: \&quot;Automation Testing\&quot;,\n        \&quot;online\&quot;: true\n    },\n    {\n        \&quot;programId\&quot;: 9156,\n        \&quot;programName\&quot;: \&quot;DS\&quot;,\n        \&quot;programDescription\&quot;: \&quot;data science\&quot;,\n        \&quot;online\&quot;: false\n    },\n    {\n        \&quot;programId\&quot;: 9157,\n        \&quot;programName\&quot;: \&quot;Scrum Master\&quot;,\n        \&quot;programDescription\&quot;: \&quot;Agile\&quot;,\n        \&quot;online\&quot;: false\n    },\n    {\n        \&quot;programId\&quot;: 9075,\n        \&quot;programName\&quot;: \&quot;SDET-39\&quot;,\n        \&quot;programDescription\&quot;: \&quot;QA Batch\&quot;,\n        \&quot;online\&quot;: true\n    },\n    {\n        \&quot;programId\&quot;: 9076,\n        \&quot;programName\&quot;: \&quot;SDET-39\&quot;,\n        \&quot;programDescription\&quot;: \&quot;QA Batch\&quot;,\n        \&quot;online\&quot;: true\n    },\n    {\n        \&quot;programId\&quot;: 9077,\n        \&quot;programName\&quot;: \&quot;SDET-39\&quot;,\n        \&quot;programDescription\&quot;: null,\n        \&quot;online\&quot;: true\n    },\n    {\n        \&quot;programId\&quot;: 9079,\n        \&quot;programName\&quot;: \&quot;Selenium\&quot;,\n        \&quot;programDescription\&quot;: \&quot;Automation Testing\&quot;,\n        \&quot;online\&quot;: true\n    },\n    {\n        \&quot;programId\&quot;: 9080,\n        \&quot;programName\&quot;: \&quot;Jmeter\&quot;,\n        \&quot;programDescription\&quot;: \&quot;Performance Testing\&quot;,\n        \&quot;online\&quot;: true\n    },\n    {\n        \&quot;programId\&quot;: 9083,\n        \&quot;programName\&quot;: \&quot;SDET-39\&quot;,\n        \&quot;programDescription\&quot;: \&quot;QA Batch\&quot;,\n        \&quot;online\&quot;: true\n    },\n    {\n        \&quot;programId\&quot;: 9086,\n        \&quot;programName\&quot;: \&quot;SDET-39\&quot;,\n        \&quot;programDescription\&quot;: \&quot;QA Batch\&quot;,\n        \&quot;online\&quot;: true\n    },\n    {\n        \&quot;programId\&quot;: 9088,\n        \&quot;programName\&quot;: \&quot;SDET-39\&quot;,\n        \&quot;programDescription\&quot;: null,\n        \&quot;online\&quot;: true\n    },\n    {\n        \&quot;programId\&quot;: 9089,\n        \&quot;programName\&quot;: \&quot;SDET-39\&quot;,\n        \&quot;programDescription\&quot;: null,\n        \&quot;online\&quot;: false\n    },\n    {\n        \&quot;programId\&quot;: 9158,\n        \&quot;programName\&quot;: \&quot;Scrum Mastermodified\&quot;,\n        \&quot;programDescription\&quot;: \&quot;Agilemodified\&quot;,\n        \&quot;online\&quot;: false\n    },\n    {\n        \&quot;programId\&quot;: 9092,\n        \&quot;programName\&quot;: \&quot;SDET-39\&quot;,\n        \&quot;programDescription\&quot;: \&quot;QA Batch\&quot;,\n        \&quot;online\&quot;: true\n    },\n    {\n        \&quot;programId\&quot;: 9159,\n        \&quot;programName\&quot;: \&quot;Automation\&quot;,\n        \&quot;programDescription\&quot;: \&quot;Selinium\&quot;,\n        \&quot;online\&quot;: false\n    },\n    {\n        \&quot;programId\&quot;: 9094,\n        \&quot;programName\&quot;: \&quot;string\&quot;,\n        \&quot;programDescription\&quot;: \&quot;string\&quot;,\n        \&quot;online\&quot;: true\n    },\n    {\n        \&quot;programId\&quot;: 9095,\n        \&quot;programName\&quot;: \&quot;string\&quot;,\n        \&quot;programDescription\&quot;: \&quot;string\&quot;,\n        \&quot;online\&quot;: true\n    },\n    {\n        \&quot;programId\&quot;: 9096,\n        \&quot;programName\&quot;: \&quot;testing\&quot;,\n        \&quot;programDescription\&quot;: \&quot;testing\&quot;,\n        \&quot;online\&quot;: true\n    },\n    {\n        \&quot;programId\&quot;: 9097,\n        \&quot;programName\&quot;: \&quot;testing\&quot;,\n        \&quot;programDescription\&quot;: \&quot;testing\&quot;,\n        \&quot;online\&quot;: true\n    },\n    {\n        \&quot;programId\&quot;: 9098,\n        \&quot;programName\&quot;: \&quot;testing\&quot;,\n        \&quot;programDescription\&quot;: \&quot;testing\&quot;,\n        \&quot;online\&quot;: true\n    },\n    {\n        \&quot;programId\&quot;: 9099,\n        \&quot;programName\&quot;: \&quot;string\&quot;,\n        \&quot;programDescription\&quot;: \&quot;string\&quot;,\n        \&quot;online\&quot;: true\n    },\n    {\n        \&quot;programId\&quot;: 9100,\n        \&quot;programName\&quot;: \&quot;testing\&quot;,\n        \&quot;programDescription\&quot;: \&quot;testing\&quot;,\n        \&quot;online\&quot;: true\n    },\n    {\n        \&quot;programId\&quot;: 9101,\n        \&quot;programName\&quot;: \&quot;testing modified\&quot;,\n        \&quot;programDescription\&quot;: null,\n        \&quot;online\&quot;: true\n    },\n    {\n        \&quot;programId\&quot;: 9102,\n        \&quot;programName\&quot;: \&quot;Testing modified\&quot;,\n        \&quot;programDescription\&quot;: null,\n        \&quot;online\&quot;: true\n    },\n    {\n        \&quot;programId\&quot;: 9103,\n        \&quot;programName\&quot;: \&quot;string\&quot;,\n        \&quot;programDescription\&quot;: \&quot;string\&quot;,\n        \&quot;online\&quot;: true\n    },\n    {\n        \&quot;programId\&quot;: 9104,\n        \&quot;programName\&quot;: \&quot;Testing modified\&quot;,\n        \&quot;programDescription\&quot;: \&quot;Testing modified\&quot;,\n        \&quot;online\&quot;: true\n    },\n    {\n        \&quot;programId\&quot;: 9105,\n        \&quot;programName\&quot;: \&quot;Testing modified\&quot;,\n        \&quot;programDescription\&quot;: null,\n        \&quot;online\&quot;: true\n    },\n    {\n        \&quot;programId\&quot;: 9106,\n        \&quot;programName\&quot;: \&quot;Testing modified\&quot;,\n        \&quot;programDescription\&quot;: \&quot;Testing modified\&quot;,\n        \&quot;online\&quot;: true\n    },\n    {\n        \&quot;programId\&quot;: 9107,\n        \&quot;programName\&quot;: \&quot;Testing modified\&quot;,\n        \&quot;programDescription\&quot;: \&quot;Testing modified\&quot;,\n        \&quot;online\&quot;: true\n    },\n    {\n        \&quot;programId\&quot;: 9108,\n        \&quot;programName\&quot;: \&quot;Testing modified\&quot;,\n        \&quot;programDescription\&quot;: \&quot;Testing modified\&quot;,\n        \&quot;online\&quot;: true\n    },\n    {\n        \&quot;programId\&quot;: 9109,\n        \&quot;programName\&quot;: \&quot;Testing modified\&quot;,\n        \&quot;programDescription\&quot;: null,\n        \&quot;online\&quot;: true\n    },\n    {\n        \&quot;programId\&quot;: 9111,\n        \&quot;programName\&quot;: \&quot;Testing modified\&quot;,\n        \&quot;programDescription\&quot;: null,\n        \&quot;online\&quot;: true\n    },\n    {\n        \&quot;programId\&quot;: 9110,\n        \&quot;programName\&quot;: \&quot;Testing modified\&quot;,\n        \&quot;programDescription\&quot;: null,\n        \&quot;online\&quot;: true\n    },\n    {\n        \&quot;programId\&quot;: 9112,\n        \&quot;programName\&quot;: \&quot;Testing modified\&quot;,\n        \&quot;programDescription\&quot;: \&quot;Testing modified\&quot;,\n        \&quot;online\&quot;: true\n    },\n    {\n        \&quot;programId\&quot;: 9114,\n        \&quot;programName\&quot;: \&quot;string\&quot;,\n        \&quot;programDescription\&quot;: \&quot;string\&quot;,\n        \&quot;online\&quot;: true\n    },\n    {\n        \&quot;programId\&quot;: 9160,\n        \&quot;programName\&quot;: \&quot;Automationmodified\&quot;,\n        \&quot;programDescription\&quot;: \&quot;Seliniummodified\&quot;,\n        \&quot;online\&quot;: false\n    },\n    {\n        \&quot;programId\&quot;: 9113,\n        \&quot;programName\&quot;: \&quot;SDET-39 Updated V2\&quot;,\n        \&quot;programDescription\&quot;: \&quot;updated through put V2\&quot;,\n        \&quot;online\&quot;: true\n    },\n    {\n        \&quot;programId\&quot;: 9125,\n        \&quot;programName\&quot;: \&quot;doing good\&quot;,\n        \&quot;programDescription\&quot;: \&quot;sdet 39\&quot;,\n        \&quot;online\&quot;: true\n    },\n    {\n        \&quot;programId\&quot;: 9126,\n        \&quot;programName\&quot;: \&quot;gtr\&quot;,\n        \&quot;programDescription\&quot;: \&quot;stb\&quot;,\n        \&quot;online\&quot;: true\n    },\n    {\n        \&quot;programId\&quot;: 9127,\n        \&quot;programName\&quot;: \&quot;gtr\&quot;,\n        \&quot;programDescription\&quot;: \&quot;stb\&quot;,\n        \&quot;online\&quot;: true\n    },\n    {\n        \&quot;programId\&quot;: 9128,\n        \&quot;programName\&quot;: \&quot;gtr\&quot;,\n        \&quot;programDescription\&quot;: \&quot;stb\&quot;,\n        \&quot;online\&quot;: true\n    },\n    {\n        \&quot;programId\&quot;: 9129,\n        \&quot;programName\&quot;: \&quot;gtr\&quot;,\n        \&quot;programDescription\&quot;: \&quot;stb\&quot;,\n        \&quot;online\&quot;: true\n    },\n    {\n        \&quot;programId\&quot;: 9131,\n        \&quot;programName\&quot;: \&quot;string\&quot;,\n        \&quot;programDescription\&quot;: \&quot;string\&quot;,\n        \&quot;online\&quot;: true\n    },\n    {\n        \&quot;programId\&quot;: 9132,\n        \&quot;programName\&quot;: \&quot;SDET\&quot;,\n        \&quot;programDescription\&quot;: \&quot;Selenium Postman\&quot;,\n        \&quot;online\&quot;: true\n    },\n    {\n        \&quot;programId\&quot;: 9133,\n        \&quot;programName\&quot;: \&quot;1234\&quot;,\n        \&quot;programDescription\&quot;: \&quot;Manual Testing\&quot;,\n        \&quot;online\&quot;: true\n    },\n    {\n        \&quot;programId\&quot;: 9134,\n        \&quot;programName\&quot;: \&quot;Blank testing\&quot;,\n        \&quot;programDescription\&quot;: \&quot;\&quot;,\n        \&quot;online\&quot;: false\n    },\n    {\n        \&quot;programId\&quot;: 9135,\n        \&quot;programName\&quot;: \&quot;API Testing\&quot;,\n        \&quot;programDescription\&quot;: \&quot;RestAssured Postman\&quot;,\n        \&quot;online\&quot;: false\n    },\n    {\n        \&quot;programId\&quot;: 9136,\n        \&quot;programName\&quot;: \&quot;SDET\&quot;,\n        \&quot;programDescription\&quot;: \&quot;Selenium\&quot;,\n        \&quot;online\&quot;: true\n    },\n    {\n        \&quot;programId\&quot;: 9137,\n        \&quot;programName\&quot;: \&quot;SME\&quot;,\n        \&quot;programDescription\&quot;: \&quot;HealthCare\&quot;,\n        \&quot;online\&quot;: false\n    },\n    {\n        \&quot;programId\&quot;: 9138,\n        \&quot;programName\&quot;: \&quot;Scrum Master\&quot;,\n        \&quot;programDescription\&quot;: \&quot;Agile\&quot;,\n        \&quot;online\&quot;: false\n    },\n    {\n        \&quot;programId\&quot;: 9139,\n        \&quot;programName\&quot;: \&quot;Backend Developer\&quot;,\n        \&quot;programDescription\&quot;: \&quot;Sql Developer\&quot;,\n        \&quot;online\&quot;: false\n    },\n    {\n        \&quot;programId\&quot;: 9140,\n        \&quot;programName\&quot;: \&quot;VideoGame\&quot;,\n        \&quot;programDescription\&quot;: \&quot;user friendly\&quot;,\n        \&quot;online\&quot;: true\n    },\n    {\n        \&quot;programId\&quot;: 9145,\n        \&quot;programName\&quot;: \&quot;SME\&quot;,\n        \&quot;programDescription\&quot;: \&quot;HealthCare\&quot;,\n        \&quot;online\&quot;: false\n    },\n    {\n        \&quot;programId\&quot;: 9146,\n        \&quot;programName\&quot;: \&quot;Scrum Master\&quot;,\n        \&quot;programDescription\&quot;: \&quot;Agile\&quot;,\n        \&quot;online\&quot;: false\n    },\n    {\n        \&quot;programId\&quot;: 9147,\n        \&quot;programName\&quot;: \&quot;Backend Developer\&quot;,\n        \&quot;programDescription\&quot;: \&quot;Sql Developer\&quot;,\n        \&quot;online\&quot;: false\n    },\n    {\n        \&quot;programId\&quot;: 9148,\n        \&quot;programName\&quot;: \&quot;SDET26\&quot;,\n        \&quot;programDescription\&quot;: \&quot;Automation testing\&quot;,\n        \&quot;online\&quot;: true\n    },\n    {\n        \&quot;programId\&quot;: 9149,\n        \&quot;programName\&quot;: \&quot;DS\&quot;,\n        \&quot;programDescription\&quot;: \&quot;data science\&quot;,\n        \&quot;online\&quot;: false\n    },\n    {\n        \&quot;programId\&quot;: 9150,\n        \&quot;programName\&quot;: \&quot;SME\&quot;,\n        \&quot;programDescription\&quot;: \&quot;HealthCare\&quot;,\n        \&quot;online\&quot;: false\n    },\n    {\n        \&quot;programId\&quot;: 9151,\n        \&quot;programName\&quot;: \&quot;Scrum Master\&quot;,\n        \&quot;programDescription\&quot;: \&quot;Agile\&quot;,\n        \&quot;online\&quot;: false\n    },\n    {\n        \&quot;programId\&quot;: 9152,\n        \&quot;programName\&quot;: \&quot;Backend Developer\&quot;,\n        \&quot;programDescription\&quot;: \&quot;Sql Developer\&quot;,\n        \&quot;online\&quot;: false\n    },\n    {\n        \&quot;programId\&quot;: 9153,\n        \&quot;programName\&quot;: \&quot;SDET26\&quot;,\n        \&quot;programDescription\&quot;: \&quot;management\&quot;,\n        \&quot;online\&quot;: true\n    },\n    {\n        \&quot;programId\&quot;: 9154,\n        \&quot;programName\&quot;: \&quot;SDET\&quot;,\n        \&quot;programDescription\&quot;: \&quot;api\&quot;,\n        \&quot;online\&quot;: true\n    },\n    {\n        \&quot;programId\&quot;: 9189,\n        \&quot;programName\&quot;: \&quot;Python programming\&quot;,\n        \&quot;programDescription\&quot;: \&quot;Learn Python\&quot;,\n        \&quot;online\&quot;: true\n    },\n    {\n        \&quot;programId\&quot;: 9167,\n        \&quot;programName\&quot;: \&quot;SDET26\&quot;,\n        \&quot;programDescription\&quot;: \&quot;Automation testing\&quot;,\n        \&quot;online\&quot;: true\n    },\n    {\n        \&quot;programId\&quot;: 9168,\n        \&quot;programName\&quot;: \&quot;DS\&quot;,\n        \&quot;programDescription\&quot;: \&quot;data science\&quot;,\n        \&quot;online\&quot;: false\n    },\n    {\n        \&quot;programId\&quot;: 9169,\n        \&quot;programName\&quot;: \&quot;SDET26\&quot;,\n        \&quot;programDescription\&quot;: \&quot;Automation testing\&quot;,\n        \&quot;online\&quot;: true\n    },\n    {\n        \&quot;programId\&quot;: 9170,\n        \&quot;programName\&quot;: \&quot;DS\&quot;,\n        \&quot;programDescription\&quot;: \&quot;data science\&quot;,\n        \&quot;online\&quot;: false\n    },\n    {\n        \&quot;programId\&quot;: 9171,\n        \&quot;programName\&quot;: \&quot;SDET26\&quot;,\n        \&quot;programDescription\&quot;: \&quot;management\&quot;,\n        \&quot;online\&quot;: true\n    },\n    {\n        \&quot;programId\&quot;: 9172,\n        \&quot;programName\&quot;: \&quot;SDET\&quot;,\n        \&quot;programDescription\&quot;: \&quot;api\&quot;,\n        \&quot;online\&quot;: true\n    },\n    {\n        \&quot;programId\&quot;: 9173,\n        \&quot;programName\&quot;: \&quot;SDET26\&quot;,\n        \&quot;programDescription\&quot;: \&quot;Automation testing\&quot;,\n        \&quot;online\&quot;: true\n    },\n    {\n        \&quot;programId\&quot;: 9174,\n        \&quot;programName\&quot;: \&quot;DS\&quot;,\n        \&quot;programDescription\&quot;: \&quot;data science\&quot;,\n        \&quot;online\&quot;: false\n    },\n    {\n        \&quot;programId\&quot;: 9175,\n        \&quot;programName\&quot;: \&quot;SDET26\&quot;,\n        \&quot;programDescription\&quot;: \&quot;Automation testing\&quot;,\n        \&quot;online\&quot;: true\n    },\n    {\n        \&quot;programId\&quot;: 9176,\n        \&quot;programName\&quot;: \&quot;DS\&quot;,\n        \&quot;programDescription\&quot;: \&quot;data science\&quot;,\n        \&quot;online\&quot;: false\n    },\n    {\n        \&quot;programId\&quot;: 9190,\n        \&quot;programName\&quot;: \&quot;API testing\&quot;,\n        \&quot;programDescription\&quot;: \&quot;Testing using Postman \&quot;,\n        \&quot;online\&quot;: true\n    },\n    {\n        \&quot;programId\&quot;: 9178,\n        \&quot;programName\&quot;: \&quot;API\&quot;,\n        \&quot;programDescription\&quot;: \&quot;Automation Testing\&quot;,\n        \&quot;online\&quot;: false\n    },\n    {\n        \&quot;programId\&quot;: 9179,\n        \&quot;programName\&quot;: \&quot;API\&quot;,\n        \&quot;programDescription\&quot;: \&quot;Automation Testing\&quot;,\n        \&quot;online\&quot;: false\n    },\n    {\n        \&quot;programId\&quot;: 9180,\n        \&quot;programName\&quot;: \&quot;API\&quot;,\n        \&quot;programDescription\&quot;: \&quot;Automation Testing\&quot;,\n        \&quot;online\&quot;: false\n    },\n    {\n        \&quot;programId\&quot;: 9191,\n        \&quot;programName\&quot;: \&quot;Python programming\&quot;,\n        \&quot;programDescription\&quot;: \&quot;Learn Python\&quot;,\n        \&quot;online\&quot;: true\n    },\n    {\n        \&quot;programId\&quot;: 9183,\n        \&quot;programName\&quot;: \&quot;Selenium\&quot;,\n        \&quot;programDescription\&quot;: \&quot;Automation Testing\&quot;,\n        \&quot;online\&quot;: true\n    },\n    {\n        \&quot;programId\&quot;: 9192,\n        \&quot;programName\&quot;: \&quot;API testing\&quot;,\n        \&quot;programDescription\&quot;: \&quot;Testing using Postman \&quot;,\n        \&quot;online\&quot;: true\n    },\n    {\n        \&quot;programId\&quot;: 9185,\n        \&quot;programName\&quot;: \&quot;Python programming\&quot;,\n        \&quot;programDescription\&quot;: \&quot;Learn Python\&quot;,\n        \&quot;online\&quot;: true\n    },\n    {\n        \&quot;programId\&quot;: 9186,\n        \&quot;programName\&quot;: \&quot;API testing\&quot;,\n        \&quot;programDescription\&quot;: \&quot;Testing using Postman \&quot;,\n        \&quot;online\&quot;: true\n    },\n    {\n        \&quot;programId\&quot;: 9187,\n        \&quot;programName\&quot;: \&quot;Python programming\&quot;,\n        \&quot;programDescription\&quot;: \&quot;Learn Python\&quot;,\n        \&quot;online\&quot;: true\n    },\n    {\n        \&quot;programId\&quot;: 9188,\n        \&quot;programName\&quot;: \&quot;API testing\&quot;,\n        \&quot;programDescription\&quot;: \&quot;Testing using Postman \&quot;,\n        \&quot;online\&quot;: true\n    },\n    {\n        \&quot;programId\&quot;: 9193,\n        \&quot;programName\&quot;: \&quot;Python programming\&quot;,\n        \&quot;programDescription\&quot;: \&quot;Learn Python\&quot;,\n        \&quot;online\&quot;: true\n    },\n    {\n        \&quot;programId\&quot;: 9194,\n        \&quot;programName\&quot;: \&quot;API testing\&quot;,\n        \&quot;programDescription\&quot;: \&quot;Testing using Postman \&quot;,\n        \&quot;online\&quot;: true\n    },\n    {\n        \&quot;programId\&quot;: 9195,\n        \&quot;programName\&quot;: \&quot;Python programming\&quot;,\n        \&quot;programDescription\&quot;: \&quot;Learn Python\&quot;,\n        \&quot;online\&quot;: true\n    },\n    {\n        \&quot;programId\&quot;: 9196,\n        \&quot;programName\&quot;: \&quot;API testing\&quot;,\n        \&quot;programDescription\&quot;: \&quot;Testing using Postman \&quot;,\n        \&quot;online\&quot;: true\n    },\n    {\n        \&quot;programId\&quot;: 9197,\n        \&quot;programName\&quot;: \&quot;SDET26\&quot;,\n        \&quot;programDescription\&quot;: \&quot;Automation testing\&quot;,\n        \&quot;online\&quot;: true\n    },\n    {\n        \&quot;programId\&quot;: 9198,\n        \&quot;programName\&quot;: \&quot;DS\&quot;,\n        \&quot;programDescription\&quot;: \&quot;data science\&quot;,\n        \&quot;online\&quot;: false\n    },\n    {\n        \&quot;programId\&quot;: 9199,\n        \&quot;programName\&quot;: \&quot;SDET26\&quot;,\n        \&quot;programDescription\&quot;: \&quot;Automation testing\&quot;,\n        \&quot;online\&quot;: true\n    },\n    {\n        \&quot;programId\&quot;: 9200,\n        \&quot;programName\&quot;: \&quot;DS\&quot;,\n        \&quot;programDescription\&quot;: \&quot;data science\&quot;,\n        \&quot;online\&quot;: false\n    },\n    {\n        \&quot;programId\&quot;: 9201,\n        \&quot;programName\&quot;: \&quot;SDET26\&quot;,\n        \&quot;programDescription\&quot;: \&quot;Automation testing\&quot;,\n        \&quot;online\&quot;: true\n    },\n    {\n        \&quot;programId\&quot;: 9202,\n        \&quot;programName\&quot;: \&quot;DS\&quot;,\n        \&quot;programDescription\&quot;: \&quot;data science\&quot;,\n        \&quot;online\&quot;: false\n    },\n    {\n        \&quot;programId\&quot;: 9203,\n        \&quot;programName\&quot;: \&quot;SDET26\&quot;,\n        \&quot;programDescription\&quot;: \&quot;Automation testing\&quot;,\n        \&quot;online\&quot;: true\n    },\n    {\n        \&quot;programId\&quot;: 9204,\n        \&quot;programName\&quot;: \&quot;DS\&quot;,\n        \&quot;programDescription\&quot;: \&quot;data science\&quot;,\n        \&quot;online\&quot;: false\n    },\n    {\n        \&quot;programId\&quot;: 9205,\n        \&quot;programName\&quot;: \&quot;SDET26\&quot;,\n        \&quot;programDescription\&quot;: \&quot;Automation testing\&quot;,\n        \&quot;online\&quot;: true\n    },\n    {\n        \&quot;programId\&quot;: 9206,\n        \&quot;programName\&quot;: \&quot;DS\&quot;,\n        \&quot;programDescription\&quot;: \&quot;data science\&quot;,\n        \&quot;online\&quot;: false\n    },\n    {\n        \&quot;programId\&quot;: 9207,\n        \&quot;programName\&quot;: \&quot;SDET26\&quot;,\n        \&quot;programDescription\&quot;: \&quot;management\&quot;,\n        \&quot;online\&quot;: true\n    },\n    {\n        \&quot;programId\&quot;: 9208,\n        \&quot;programName\&quot;: \&quot;SDET\&quot;,\n        \&quot;programDescription\&quot;: \&quot;api\&quot;,\n        \&quot;online\&quot;: true\n    },\n    {\n        \&quot;programId\&quot;: 9209,\n        \&quot;programName\&quot;: \&quot;SDET26\&quot;,\n        \&quot;programDescription\&quot;: \&quot;management\&quot;,\n        \&quot;online\&quot;: true\n    },\n    {\n        \&quot;programId\&quot;: 9210,\n        \&quot;programName\&quot;: \&quot;SDET\&quot;,\n        \&quot;programDescription\&quot;: \&quot;api\&quot;,\n        \&quot;online\&quot;: true\n    },\n    {\n        \&quot;programId\&quot;: 9212,\n        \&quot;programName\&quot;: \&quot;SDET\&quot;,\n        \&quot;programDescription\&quot;: \&quot;api\&quot;,\n        \&quot;online\&quot;: true\n    },\n    {\n        \&quot;programId\&quot;: 9213,\n        \&quot;programName\&quot;: \&quot;SDET26\&quot;,\n        \&quot;programDescription\&quot;: \&quot;management\&quot;,\n        \&quot;online\&quot;: true\n    },\n    {\n        \&quot;programId\&quot;: 9214,\n        \&quot;programName\&quot;: \&quot;SDET\&quot;,\n        \&quot;programDescription\&quot;: \&quot;api\&quot;,\n        \&quot;online\&quot;: true\n    },\n    {\n        \&quot;programId\&quot;: 9276,\n        \&quot;programName\&quot;: \&quot;updated\&quot;,\n        \&quot;programDescription\&quot;: \&quot;updated\&quot;,\n        \&quot;online\&quot;: true\n    },\n    {\n        \&quot;programId\&quot;: 9277,\n        \&quot;programName\&quot;: \&quot;geeta\&quot;,\n        \&quot;programDescription\&quot;: \&quot;ID\&quot;,\n        \&quot;online\&quot;: true\n    },\n    {\n        \&quot;programId\&quot;: 9278,\n        \&quot;programName\&quot;: \&quot;geeta\&quot;,\n        \&quot;programDescription\&quot;: \&quot;ID\&quot;,\n        \&quot;online\&quot;: true\n    },\n    {\n        \&quot;programId\&quot;: 9279,\n        \&quot;programName\&quot;: \&quot;geeta\&quot;,\n        \&quot;programDescription\&quot;: \&quot;ID\&quot;,\n        \&quot;online\&quot;: true\n    },\n    {\n        \&quot;programId\&quot;: 9280,\n        \&quot;programName\&quot;: \&quot;geeta\&quot;,\n        \&quot;programDescription\&quot;: \&quot;ID\&quot;,\n        \&quot;online\&quot;: true\n    },\n    {\n        \&quot;programId\&quot;: 9313,\n        \&quot;programName\&quot;: \&quot;LMSTesting\&quot;,\n        \&quot;programDescription\&quot;: \&quot;LMSTesting by nikita \&quot;,\n        \&quot;online\&quot;: true\n    },\n    {\n        \&quot;programId\&quot;: 9334,\n        \&quot;programName\&quot;: \&quot;QUALITY ASSURANCE\&quot;,\n        \&quot;programDescription\&quot;: \&quot;Automation testing\&quot;,\n        \&quot;online\&quot;: true\n    },\n    {\n        \&quot;programId\&quot;: 9336,\n        \&quot;programName\&quot;: \&quot;f\&quot;,\n        \&quot;programDescription\&quot;: \&quot;Automation testing\&quot;,\n        \&quot;online\&quot;: true\n    },\n    {\n        \&quot;programId\&quot;: 9337,\n        \&quot;programName\&quot;: \&quot;f\&quot;,\n        \&quot;programDescription\&quot;: \&quot;Automation testing\&quot;,\n        \&quot;online\&quot;: true\n    },\n    {\n        \&quot;programId\&quot;: 9338,\n        \&quot;programName\&quot;: \&quot;f\&quot;,\n        \&quot;programDescription\&quot;: \&quot;Automation testing\&quot;,\n        \&quot;online\&quot;: true\n    },\n    {\n        \&quot;programId\&quot;: 9356,\n        \&quot;programName\&quot;: \&quot;Testing modified\&quot;,\n        \&quot;programDescription\&quot;: \&quot;Testing modified\&quot;,\n        \&quot;online\&quot;: true\n    },\n    {\n        \&quot;programId\&quot;: 9361,\n        \&quot;programName\&quot;: \&quot;batman\&quot;,\n        \&quot;programDescription\&quot;: \&quot;string\&quot;,\n        \&quot;online\&quot;: true\n    },\n    {\n        \&quot;programId\&quot;: 9362,\n        \&quot;programName\&quot;: \&quot;unix\&quot;,\n        \&quot;programDescription\&quot;: \&quot;string\&quot;,\n        \&quot;online\&quot;: true\n    },\n    {\n        \&quot;programId\&quot;: 9363,\n        \&quot;programName\&quot;: \&quot;linux\&quot;,\n        \&quot;programDescription\&quot;: \&quot;core java\&quot;,\n        \&quot;online\&quot;: true\n    },\n    {\n        \&quot;programId\&quot;: 9364,\n        \&quot;programName\&quot;: \&quot;Multipal Digit Testing\&quot;,\n        \&quot;programDescription\&quot;: \&quot;Program ID Testing\&quot;,\n        \&quot;online\&quot;: true\n    },\n    {\n        \&quot;programId\&quot;: 9365,\n        \&quot;programName\&quot;: \&quot;ironman\&quot;,\n        \&quot;programDescription\&quot;: \&quot;Agile\&quot;,\n        \&quot;online\&quot;: true\n    },\n    {\n        \&quot;programId\&quot;: 9366,\n        \&quot;programName\&quot;: \&quot;Application Support\&quot;,\n        \&quot;programDescription\&quot;: \&quot;java\&quot;,\n        \&quot;online\&quot;: true\n    },\n    {\n        \&quot;programId\&quot;: 9368,\n        \&quot;programName\&quot;: \&quot;batman\&quot;,\n        \&quot;programDescription\&quot;: \&quot;string\&quot;,\n        \&quot;online\&quot;: true\n    },\n    {\n        \&quot;programId\&quot;: 9369,\n        \&quot;programName\&quot;: \&quot;unix\&quot;,\n        \&quot;programDescription\&quot;: \&quot;string\&quot;,\n        \&quot;online\&quot;: true\n    },\n    {\n        \&quot;programId\&quot;: 9370,\n        \&quot;programName\&quot;: \&quot;linux\&quot;,\n        \&quot;programDescription\&quot;: \&quot;core java\&quot;,\n        \&quot;online\&quot;: true\n    },\n    {\n        \&quot;programId\&quot;: 9371,\n        \&quot;programName\&quot;: \&quot;Multipal Digit Testing\&quot;,\n        \&quot;programDescription\&quot;: \&quot;Program ID Testing\&quot;,\n        \&quot;online\&quot;: true\n    },\n    {\n        \&quot;programId\&quot;: 9372,\n        \&quot;programName\&quot;: \&quot;ironman\&quot;,\n        \&quot;programDescription\&quot;: \&quot;Agile\&quot;,\n        \&quot;online\&quot;: true\n    },\n    {\n        \&quot;programId\&quot;: 9373,\n        \&quot;programName\&quot;: \&quot;Application Support\&quot;,\n        \&quot;programDescription\&quot;: \&quot;java\&quot;,\n        \&quot;online\&quot;: true\n    },\n    {\n        \&quot;programId\&quot;: 9374,\n        \&quot;programName\&quot;: \&quot;batman\&quot;,\n        \&quot;programDescription\&quot;: \&quot;string\&quot;,\n        \&quot;online\&quot;: true\n    },\n    {\n        \&quot;programId\&quot;: 9375,\n        \&quot;programName\&quot;: \&quot;unix\&quot;,\n        \&quot;programDescription\&quot;: \&quot;string\&quot;,\n        \&quot;online\&quot;: true\n    },\n    {\n        \&quot;programId\&quot;: 9376,\n        \&quot;programName\&quot;: \&quot;linux\&quot;,\n        \&quot;programDescription\&quot;: \&quot;core java\&quot;,\n        \&quot;online\&quot;: true\n    },\n    {\n        \&quot;programId\&quot;: 9377,\n        \&quot;programName\&quot;: \&quot;Multipal Digit Testing\&quot;,\n        \&quot;programDescription\&quot;: \&quot;Program ID Testing\&quot;,\n        \&quot;online\&quot;: true\n    },\n    {\n        \&quot;programId\&quot;: 9378,\n        \&quot;programName\&quot;: \&quot;ironman\&quot;,\n        \&quot;programDescription\&quot;: \&quot;Agile\&quot;,\n        \&quot;online\&quot;: true\n    },\n    {\n        \&quot;programId\&quot;: 9379,\n        \&quot;programName\&quot;: \&quot;Application Support\&quot;,\n        \&quot;programDescription\&quot;: \&quot;java\&quot;,\n        \&quot;online\&quot;: true\n    },\n    {\n        \&quot;programId\&quot;: 9381,\n        \&quot;programName\&quot;: \&quot;SDET\&quot;,\n        \&quot;programDescription\&quot;: \&quot;SDET20\&quot;,\n        \&quot;online\&quot;: true\n    },\n    {\n        \&quot;programId\&quot;: 9551,\n        \&quot;programName\&quot;: \&quot;batman\&quot;,\n        \&quot;programDescription\&quot;: \&quot;string\&quot;,\n        \&quot;online\&quot;: true\n    },\n    {\n        \&quot;programId\&quot;: 9386,\n        \&quot;programName\&quot;: \&quot;DataScience\&quot;,\n        \&quot;programDescription\&quot;: \&quot;DataScience\&quot;,\n        \&quot;online\&quot;: true\n    },\n    {\n        \&quot;programId\&quot;: 9552,\n        \&quot;programName\&quot;: \&quot;unix\&quot;,\n        \&quot;programDescription\&quot;: \&quot;string\&quot;,\n        \&quot;online\&quot;: true\n    },\n    {\n        \&quot;programId\&quot;: 2134,\n        \&quot;programName\&quot;: \&quot;Java\&quot;,\n        \&quot;programDescription\&quot;: \&quot;Developer\&quot;,\n        \&quot;online\&quot;: true\n    },\n    {\n        \&quot;programId\&quot;: 9408,\n        \&quot;programName\&quot;: \&quot;Devops\&quot;,\n        \&quot;programDescription\&quot;: \&quot;New Devops\&quot;,\n        \&quot;online\&quot;: true\n    },\n    {\n        \&quot;programId\&quot;: 9412,\n        \&quot;programName\&quot;: \&quot;Java123\&quot;,\n        \&quot;programDescription\&quot;: \&quot;Developer\&quot;,\n        \&quot;online\&quot;: true\n    },\n    {\n        \&quot;programId\&quot;: 9418,\n        \&quot;programName\&quot;: \&quot;cucumber learning modified\&quot;,\n        \&quot;programDescription\&quot;: \&quot;cucumber learning\&quot;,\n        \&quot;online\&quot;: false\n    },\n    {\n        \&quot;programId\&quot;: 9420,\n        \&quot;programName\&quot;: \&quot;programName Volcano1\&quot;,\n        \&quot;programDescription\&quot;: \&quot;programDescription TestPUT1\&quot;,\n        \&quot;online\&quot;: true\n    },\n    {\n        \&quot;programId\&quot;: 9434,\n        \&quot;programName\&quot;: \&quot;Devops\&quot;,\n        \&quot;programDescription\&quot;: \&quot;New Devops\&quot;,\n        \&quot;online\&quot;: true\n    },\n    {\n        \&quot;programId\&quot;: 9436,\n        \&quot;programName\&quot;: \&quot;Devops\&quot;,\n        \&quot;programDescription\&quot;: \&quot;New Devops\&quot;,\n        \&quot;online\&quot;: true\n    },\n    {\n        \&quot;programId\&quot;: 9440,\n        \&quot;programName\&quot;: \&quot;Devops\&quot;,\n        \&quot;programDescription\&quot;: \&quot;New Devops\&quot;,\n        \&quot;online\&quot;: true\n    },\n    {\n        \&quot;programId\&quot;: 9442,\n        \&quot;programName\&quot;: \&quot;Devops\&quot;,\n        \&quot;programDescription\&quot;: \&quot;New devops program\&quot;,\n        \&quot;online\&quot;: false\n    },\n    {\n        \&quot;programId\&quot;: 9443,\n        \&quot;programName\&quot;: \&quot;Devops\&quot;,\n        \&quot;programDescription\&quot;: \&quot;New Devops\&quot;,\n        \&quot;online\&quot;: true\n    },\n    {\n        \&quot;programId\&quot;: 9448,\n        \&quot;programName\&quot;: \&quot;string\&quot;,\n        \&quot;programDescription\&quot;: \&quot;string\&quot;,\n        \&quot;online\&quot;: true\n    },\n    {\n        \&quot;programId\&quot;: 9449,\n        \&quot;programName\&quot;: \&quot;Testing modified\&quot;,\n        \&quot;programDescription\&quot;: \&quot;Testing modified\&quot;,\n        \&quot;online\&quot;: true\n    },\n    {\n        \&quot;programId\&quot;: 9450,\n        \&quot;programName\&quot;: \&quot;Testing modified\&quot;,\n        \&quot;programDescription\&quot;: \&quot;Testing modified\&quot;,\n        \&quot;online\&quot;: true\n    },\n    {\n        \&quot;programId\&quot;: 9451,\n        \&quot;programName\&quot;: \&quot;Testing modified\&quot;,\n        \&quot;programDescription\&quot;: \&quot;Testing modified\&quot;,\n        \&quot;online\&quot;: true\n    },\n    {\n        \&quot;programId\&quot;: 9452,\n        \&quot;programName\&quot;: \&quot;Testing modified\&quot;,\n        \&quot;programDescription\&quot;: \&quot;Testing modified\&quot;,\n        \&quot;online\&quot;: true\n    },\n    {\n        \&quot;programId\&quot;: 9453,\n        \&quot;programName\&quot;: \&quot;Testing modified\&quot;,\n        \&quot;programDescription\&quot;: \&quot;Testing modified\&quot;,\n        \&quot;online\&quot;: true\n    },\n    {\n        \&quot;programId\&quot;: 9454,\n        \&quot;programName\&quot;: \&quot;Testing modified\&quot;,\n        \&quot;programDescription\&quot;: \&quot;Testing modified\&quot;,\n        \&quot;online\&quot;: true\n    },\n    {\n        \&quot;programId\&quot;: 9553,\n        \&quot;programName\&quot;: \&quot;linux\&quot;,\n        \&quot;programDescription\&quot;: \&quot;core java\&quot;,\n        \&quot;online\&quot;: true\n    },\n    {\n        \&quot;programId\&quot;: 9484,\n        \&quot;programName\&quot;: \&quot;LMS Automation\&quot;,\n        \&quot;programDescription\&quot;: \&quot;LMS API Testing\&quot;,\n        \&quot;online\&quot;: true\n    },\n    {\n        \&quot;programId\&quot;: 9489,\n        \&quot;programName\&quot;: \&quot;API Testing1\&quot;,\n        \&quot;programDescription\&quot;: \&quot;Testing2\&quot;,\n        \&quot;online\&quot;: false\n    },\n    {\n        \&quot;programId\&quot;: 9490,\n        \&quot;programName\&quot;: \&quot;Testing\&quot;,\n        \&quot;programDescription\&quot;: \&quot;Testing\&quot;,\n        \&quot;online\&quot;: true\n    },\n    {\n        \&quot;programId\&quot;: 9497,\n        \&quot;programName\&quot;: \&quot;API\&quot;,\n        \&quot;programDescription\&quot;: \&quot;API\&quot;,\n        \&quot;online\&quot;: true\n    },\n    {\n        \&quot;programId\&quot;: 9554,\n        \&quot;programName\&quot;: \&quot;Multipal Digit Testing\&quot;,\n        \&quot;programDescription\&quot;: \&quot;Program ID Testing\&quot;,\n        \&quot;online\&quot;: true\n    },\n    {\n        \&quot;programId\&quot;: 9504,\n        \&quot;programName\&quot;: \&quot;Testing\&quot;,\n        \&quot;programDescription\&quot;: \&quot;Testing\&quot;,\n        \&quot;online\&quot;: true\n    },\n    {\n        \&quot;programId\&quot;: 9505,\n        \&quot;programName\&quot;: \&quot;Testing\&quot;,\n        \&quot;programDescription\&quot;: \&quot;Testing\&quot;,\n        \&quot;online\&quot;: true\n    },\n    {\n        \&quot;programId\&quot;: 9507,\n        \&quot;programName\&quot;: \&quot;Test updated\&quot;,\n        \&quot;programDescription\&quot;: \&quot;Test updated\&quot;,\n        \&quot;online\&quot;: true\n    },\n    {\n        \&quot;programId\&quot;: 9509,\n        \&quot;programName\&quot;: \&quot;Testing\&quot;,\n        \&quot;programDescription\&quot;: \&quot;Testing\&quot;,\n        \&quot;online\&quot;: true\n    },\n    {\n        \&quot;programId\&quot;: 9555,\n        \&quot;programName\&quot;: \&quot;ironman\&quot;,\n        \&quot;programDescription\&quot;: \&quot;Agile\&quot;,\n        \&quot;online\&quot;: true\n    },\n    {\n        \&quot;programId\&quot;: 9556,\n        \&quot;programName\&quot;: \&quot;Application Support\&quot;,\n        \&quot;programDescription\&quot;: \&quot;java\&quot;,\n        \&quot;online\&quot;: true\n    },\n    {\n        \&quot;programId\&quot;: 9518,\n        \&quot;programName\&quot;: \&quot;tytututu\&quot;,\n        \&quot;programDescription\&quot;: \&quot;mkimkimki\&quot;,\n        \&quot;online\&quot;: true\n    },\n    {\n        \&quot;programId\&quot;: 9510,\n        \&quot;programName\&quot;: \&quot;QA\&quot;,\n        \&quot;programDescription\&quot;: \&quot;Quality Assurance\&quot;,\n        \&quot;online\&quot;: false\n    },\n    {\n        \&quot;programId\&quot;: 9511,\n        \&quot;programName\&quot;: \&quot;SDET\&quot;,\n        \&quot;programDescription\&quot;: \&quot;Software Development Engineer in Test\&quot;,\n        \&quot;online\&quot;: true\n    },\n    {\n        \&quot;programId\&quot;: 9512,\n        \&quot;programName\&quot;: \&quot;ETL\&quot;,\n        \&quot;programDescription\&quot;: \&quot;Extract Transform Load\&quot;,\n        \&quot;online\&quot;: true\n    },\n    {\n        \&quot;programId\&quot;: 9519,\n        \&quot;programName\&quot;: \&quot;checking\&quot;,\n        \&quot;programDescription\&quot;: \&quot;check\&quot;,\n        \&quot;online\&quot;: true\n    },\n    {\n        \&quot;programId\&quot;: 9520,\n        \&quot;programName\&quot;: \&quot;Devops\&quot;,\n        \&quot;programDescription\&quot;: \&quot;New devops program\&quot;,\n        \&quot;online\&quot;: false\n    },\n    {\n        \&quot;programId\&quot;: 9523,\n        \&quot;programName\&quot;: \&quot;Devops\&quot;,\n        \&quot;programDescription\&quot;: \&quot;New devops program\&quot;,\n        \&quot;online\&quot;: false\n    },\n    {\n        \&quot;programId\&quot;: 9526,\n        \&quot;programName\&quot;: \&quot;Devops123\&quot;,\n        \&quot;programDescription\&quot;: \&quot;New full stack web dev\&quot;,\n        \&quot;online\&quot;: false\n    },\n    {\n        \&quot;programId\&quot;: 9527,\n        \&quot;programName\&quot;: \&quot;React\&quot;,\n        \&quot;programDescription\&quot;: \&quot;It is huge. It is an UI.\&quot;,\n        \&quot;online\&quot;: false\n    },\n    {\n        \&quot;programId\&quot;: 9528,\n        \&quot;programName\&quot;: \&quot;Devops123\&quot;,\n        \&quot;programDescription\&quot;: \&quot;New full stack web dev\&quot;,\n        \&quot;online\&quot;: false\n    },\n    {\n        \&quot;programId\&quot;: 9530,\n        \&quot;programName\&quot;: \&quot;Devops123\&quot;,\n        \&quot;programDescription\&quot;: \&quot;New full stack web dev\&quot;,\n        \&quot;online\&quot;: false\n    },\n    {\n        \&quot;programId\&quot;: 9532,\n        \&quot;programName\&quot;: \&quot;Devops123\&quot;,\n        \&quot;programDescription\&quot;: \&quot;New full stack web dev\&quot;,\n        \&quot;online\&quot;: false\n    },\n    {\n        \&quot;programId\&quot;: 9534,\n        \&quot;programName\&quot;: \&quot;Devops123\&quot;,\n        \&quot;programDescription\&quot;: \&quot;New full stack web dev\&quot;,\n        \&quot;online\&quot;: false\n    },\n    {\n        \&quot;programId\&quot;: 9536,\n        \&quot;programName\&quot;: \&quot;Devops123\&quot;,\n        \&quot;programDescription\&quot;: \&quot;New full stack web dev\&quot;,\n        \&quot;online\&quot;: false\n    },\n    {\n        \&quot;programId\&quot;: 9538,\n        \&quot;programName\&quot;: \&quot;Devops123\&quot;,\n        \&quot;programDescription\&quot;: \&quot;New full stack web dev\&quot;,\n        \&quot;online\&quot;: false\n    },\n    {\n        \&quot;programId\&quot;: 9540,\n        \&quot;programName\&quot;: \&quot;oracle\&quot;,\n        \&quot;programDescription\&quot;: \&quot;oracle\&quot;,\n        \&quot;online\&quot;: true\n    },\n    {\n        \&quot;programId\&quot;: 9541,\n        \&quot;programName\&quot;: \&quot;oracle\&quot;,\n        \&quot;programDescription\&quot;: \&quot;oracle\&quot;,\n        \&quot;online\&quot;: true\n    },\n    {\n        \&quot;programId\&quot;: 9542,\n        \&quot;programName\&quot;: \&quot;Devops123\&quot;,\n        \&quot;programDescription\&quot;: \&quot;New full stack web dev\&quot;,\n        \&quot;online\&quot;: false\n    },\n    {\n        \&quot;programId\&quot;: 9544,\n        \&quot;programName\&quot;: \&quot;string\&quot;,\n        \&quot;programDescription\&quot;: \&quot;string\&quot;,\n        \&quot;online\&quot;: true\n    },\n    {\n        \&quot;programId\&quot;: 9545,\n        \&quot;programName\&quot;: \&quot;stringman\&quot;,\n        \&quot;programDescription\&quot;: \&quot;stringman\&quot;,\n        \&quot;online\&quot;: true\n    },\n    {\n        \&quot;programId\&quot;: 9546,\n        \&quot;programName\&quot;: \&quot;SDET40\&quot;,\n        \&quot;programDescription\&quot;: \&quot;TestingSelenium\&quot;,\n        \&quot;online\&quot;: true\n    },\n    {\n        \&quot;programId\&quot;: 9547,\n        \&quot;programName\&quot;: \&quot;SDET40\&quot;,\n        \&quot;programDescription\&quot;: \&quot;TestingAPI\&quot;,\n        \&quot;online\&quot;: true\n    },\n    {\n        \&quot;programId\&quot;: 9548,\n        \&quot;programName\&quot;: \&quot;Testing SDET40\&quot;,\n        \&quot;programDescription\&quot;: \&quot;Testing-SeleniumSDET40\&quot;,\n        \&quot;online\&quot;: true\n    },\n    {\n        \&quot;programId\&quot;: 9549,\n        \&quot;programName\&quot;: \&quot;Testing SDET40\&quot;,\n        \&quot;programDescription\&quot;: \&quot;Testing-Mobile(Appium)\&quot;,\n        \&quot;online\&quot;: true\n    },\n    {\n        \&quot;programId\&quot;: 9557,\n        \&quot;programName\&quot;: \&quot;batman\&quot;,\n        \&quot;programDescription\&quot;: \&quot;string\&quot;,\n        \&quot;online\&quot;: true\n    },\n    {\n        \&quot;programId\&quot;: 9558,\n        \&quot;programName\&quot;: \&quot;unix\&quot;,\n        \&quot;programDescription\&quot;: \&quot;string\&quot;,\n        \&quot;online\&quot;: true\n    },\n    {\n        \&quot;programId\&quot;: 9559,\n        \&quot;programName\&quot;: \&quot;linux\&quot;,\n        \&quot;programDescription\&quot;: \&quot;core java\&quot;,\n        \&quot;online\&quot;: true\n    },\n    {\n        \&quot;programId\&quot;: 9560,\n        \&quot;programName\&quot;: \&quot;Multipal Digit Testing\&quot;,\n        \&quot;programDescription\&quot;: \&quot;Program ID Testing\&quot;,\n        \&quot;online\&quot;: true\n    },\n    {\n        \&quot;programId\&quot;: 9561,\n        \&quot;programName\&quot;: \&quot;ironman\&quot;,\n        \&quot;programDescription\&quot;: \&quot;Agile\&quot;,\n        \&quot;online\&quot;: true\n    },\n    {\n        \&quot;programId\&quot;: 9562,\n        \&quot;programName\&quot;: \&quot;Application Support\&quot;,\n        \&quot;programDescription\&quot;: \&quot;java\&quot;,\n        \&quot;online\&quot;: true\n    },\n    {\n        \&quot;programId\&quot;: 9563,\n        \&quot;programName\&quot;: \&quot;batman\&quot;,\n        \&quot;programDescription\&quot;: \&quot;string\&quot;,\n        \&quot;online\&quot;: true\n    },\n    {\n        \&quot;programId\&quot;: 9564,\n        \&quot;programName\&quot;: \&quot;unix\&quot;,\n        \&quot;programDescription\&quot;: \&quot;string\&quot;,\n        \&quot;online\&quot;: true\n    },\n    {\n        \&quot;programId\&quot;: 9565,\n        \&quot;programName\&quot;: \&quot;linux\&quot;,\n        \&quot;programDescription\&quot;: \&quot;core java\&quot;,\n        \&quot;online\&quot;: true\n    },\n    {\n        \&quot;programId\&quot;: 9566,\n        \&quot;programName\&quot;: \&quot;Multipal Digit Testing\&quot;,\n        \&quot;programDescription\&quot;: \&quot;Program ID Testing\&quot;,\n        \&quot;online\&quot;: true\n    },\n    {\n        \&quot;programId\&quot;: 9567,\n        \&quot;programName\&quot;: \&quot;ironman\&quot;,\n        \&quot;programDescription\&quot;: \&quot;Agile\&quot;,\n        \&quot;online\&quot;: true\n    },\n    {\n        \&quot;programId\&quot;: 9568,\n        \&quot;programName\&quot;: \&quot;Application Support\&quot;,\n        \&quot;programDescription\&quot;: \&quot;java\&quot;,\n        \&quot;online\&quot;: true\n    },\n    {\n        \&quot;programId\&quot;: 9569,\n        \&quot;programName\&quot;: \&quot;batman\&quot;,\n        \&quot;programDescription\&quot;: \&quot;string\&quot;,\n        \&quot;online\&quot;: true\n    },\n    {\n        \&quot;programId\&quot;: 9570,\n        \&quot;programName\&quot;: \&quot;unix\&quot;,\n        \&quot;programDescription\&quot;: \&quot;string\&quot;,\n        \&quot;online\&quot;: true\n    },\n    {\n        \&quot;programId\&quot;: 9571,\n        \&quot;programName\&quot;: \&quot;linux\&quot;,\n        \&quot;programDescription\&quot;: \&quot;core java\&quot;,\n        \&quot;online\&quot;: true\n    },\n    {\n        \&quot;programId\&quot;: 9572,\n        \&quot;programName\&quot;: \&quot;Multipal Digit Testing\&quot;,\n        \&quot;programDescription\&quot;: \&quot;Program ID Testing\&quot;,\n        \&quot;online\&quot;: true\n    },\n    {\n        \&quot;programId\&quot;: 9573,\n        \&quot;programName\&quot;: \&quot;ironman\&quot;,\n        \&quot;programDescription\&quot;: \&quot;Agile\&quot;,\n        \&quot;online\&quot;: true\n    },\n    {\n        \&quot;programId\&quot;: 9574,\n        \&quot;programName\&quot;: \&quot;Application Support\&quot;,\n        \&quot;programDescription\&quot;: \&quot;java\&quot;,\n        \&quot;online\&quot;: true\n    },\n    {\n        \&quot;programId\&quot;: 9575,\n        \&quot;programName\&quot;: \&quot;batman\&quot;,\n        \&quot;programDescription\&quot;: \&quot;string\&quot;,\n        \&quot;online\&quot;: true\n    },\n    {\n        \&quot;programId\&quot;: 9576,\n        \&quot;programName\&quot;: \&quot;unix\&quot;,\n        \&quot;programDescription\&quot;: \&quot;string\&quot;,\n        \&quot;online\&quot;: true\n    },\n    {\n        \&quot;programId\&quot;: 9577,\n        \&quot;programName\&quot;: \&quot;linux\&quot;,\n        \&quot;programDescription\&quot;: \&quot;core java\&quot;,\n        \&quot;online\&quot;: true\n    },\n    {\n        \&quot;programId\&quot;: 9578,\n        \&quot;programName\&quot;: \&quot;Multipal Digit Testing\&quot;,\n        \&quot;programDescription\&quot;: \&quot;Program ID Testing\&quot;,\n        \&quot;online\&quot;: true\n    },\n    {\n        \&quot;programId\&quot;: 9579,\n        \&quot;programName\&quot;: \&quot;ironman\&quot;,\n        \&quot;programDescription\&quot;: \&quot;Agile\&quot;,\n        \&quot;online\&quot;: true\n    },\n    {\n        \&quot;programId\&quot;: 9580,\n        \&quot;programName\&quot;: \&quot;Application Support\&quot;,\n        \&quot;programDescription\&quot;: \&quot;java\&quot;,\n        \&quot;online\&quot;: true\n    },\n    {\n        \&quot;programId\&quot;: 9581,\n        \&quot;programName\&quot;: \&quot;batman\&quot;,\n        \&quot;programDescription\&quot;: \&quot;string\&quot;,\n        \&quot;online\&quot;: true\n    },\n    {\n        \&quot;programId\&quot;: 9582,\n        \&quot;programName\&quot;: \&quot;unix\&quot;,\n        \&quot;programDescription\&quot;: \&quot;string\&quot;,\n        \&quot;online\&quot;: true\n    },\n    {\n        \&quot;programId\&quot;: 9583,\n        \&quot;programName\&quot;: \&quot;linux\&quot;,\n        \&quot;programDescription\&quot;: \&quot;core java\&quot;,\n        \&quot;online\&quot;: true\n    },\n    {\n        \&quot;programId\&quot;: 9584,\n        \&quot;programName\&quot;: \&quot;Multipal Digit Testing\&quot;,\n        \&quot;programDescription\&quot;: \&quot;Program ID Testing\&quot;,\n        \&quot;online\&quot;: true\n    },\n    {\n        \&quot;programId\&quot;: 9585,\n        \&quot;programName\&quot;: \&quot;ironman\&quot;,\n        \&quot;programDescription\&quot;: \&quot;Agile\&quot;,\n        \&quot;online\&quot;: true\n    },\n    {\n        \&quot;programId\&quot;: 9586,\n        \&quot;programName\&quot;: \&quot;Application Support\&quot;,\n        \&quot;programDescription\&quot;: \&quot;java\&quot;,\n        \&quot;online\&quot;: true\n    },\n    {\n        \&quot;programId\&quot;: 9588,\n        \&quot;programName\&quot;: \&quot;batman\&quot;,\n        \&quot;programDescription\&quot;: \&quot;string\&quot;,\n        \&quot;online\&quot;: true\n    },\n    {\n        \&quot;programId\&quot;: 9589,\n        \&quot;programName\&quot;: \&quot;unix\&quot;,\n        \&quot;programDescription\&quot;: \&quot;string\&quot;,\n        \&quot;online\&quot;: true\n    },\n    {\n        \&quot;programId\&quot;: 9590,\n        \&quot;programName\&quot;: \&quot;linux\&quot;,\n        \&quot;programDescription\&quot;: \&quot;core java\&quot;,\n        \&quot;online\&quot;: true\n    },\n    {\n        \&quot;programId\&quot;: 9591,\n        \&quot;programName\&quot;: \&quot;Multipal Digit Testing\&quot;,\n        \&quot;programDescription\&quot;: \&quot;Program ID Testing\&quot;,\n        \&quot;online\&quot;: true\n    },\n    {\n        \&quot;programId\&quot;: 9592,\n        \&quot;programName\&quot;: \&quot;ironman\&quot;,\n        \&quot;programDescription\&quot;: \&quot;Agile\&quot;,\n        \&quot;online\&quot;: true\n    },\n    {\n        \&quot;programId\&quot;: 9593,\n        \&quot;programName\&quot;: \&quot;Application Support\&quot;,\n        \&quot;programDescription\&quot;: \&quot;java\&quot;,\n        \&quot;online\&quot;: true\n    },\n    {\n        \&quot;programId\&quot;: 9594,\n        \&quot;programName\&quot;: \&quot;Devops123\&quot;,\n        \&quot;programDescription\&quot;: \&quot;New full stack web dev\&quot;,\n        \&quot;online\&quot;: false\n    },\n    {\n        \&quot;programId\&quot;: 9596,\n        \&quot;programName\&quot;: \&quot;Testing\&quot;,\n        \&quot;programDescription\&quot;: \&quot;Testing\&quot;,\n        \&quot;online\&quot;: true\n    },\n    {\n        \&quot;programId\&quot;: 9597,\n        \&quot;programName\&quot;: \&quot;Devops123\&quot;,\n        \&quot;programDescription\&quot;: \&quot;New full stack web dev\&quot;,\n        \&quot;online\&quot;: false\n    },\n    {\n        \&quot;programId\&quot;: 9599,\n        \&quot;programName\&quot;: \&quot;Devops123\&quot;,\n        \&quot;programDescription\&quot;: \&quot;New full stack web dev\&quot;,\n        \&quot;online\&quot;: false\n    },\n    {\n        \&quot;programId\&quot;: 9601,\n        \&quot;programName\&quot;: \&quot;Testing modified\&quot;,\n        \&quot;programDescription\&quot;: \&quot;Testing modified\&quot;,\n        \&quot;online\&quot;: true\n    },\n    {\n        \&quot;programId\&quot;: 9602,\n        \&quot;programName\&quot;: \&quot;TestingModified\&quot;,\n        \&quot;programDescription\&quot;: \&quot;TestingModified\&quot;,\n        \&quot;online\&quot;: true\n    },\n    {\n        \&quot;programId\&quot;: 9603,\n        \&quot;programName\&quot;: \&quot;Devops123\&quot;,\n        \&quot;programDescription\&quot;: \&quot;New full stack web dev\&quot;,\n        \&quot;online\&quot;: false\n    },\n    {\n        \&quot;programId\&quot;: 9605,\n        \&quot;programName\&quot;: \&quot;TestPUT1\&quot;,\n        \&quot;programDescription\&quot;: \&quot;Exp21\&quot;,\n        \&quot;online\&quot;: true\n    },\n    {\n        \&quot;programId\&quot;: 9723,\n        \&quot;programName\&quot;: \&quot;batman\&quot;,\n        \&quot;programDescription\&quot;: \&quot;string\&quot;,\n        \&quot;online\&quot;: true\n    },\n    {\n        \&quot;programId\&quot;: 9724,\n        \&quot;programName\&quot;: \&quot;unix\&quot;,\n        \&quot;programDescription\&quot;: \&quot;string\&quot;,\n        \&quot;online\&quot;: true\n    },\n    {\n        \&quot;programId\&quot;: 9608,\n        \&quot;programName\&quot;: \&quot;Testing\&quot;,\n        \&quot;programDescription\&quot;: \&quot;Testing\&quot;,\n        \&quot;online\&quot;: true\n    },\n    {\n        \&quot;programId\&quot;: 9609,\n        \&quot;programName\&quot;: \&quot;SDET\&quot;,\n        \&quot;programDescription\&quot;: \&quot;SDET20\&quot;,\n        \&quot;online\&quot;: true\n    },\n    {\n        \&quot;programId\&quot;: 9610,\n        \&quot;programName\&quot;: \&quot;Devops\&quot;,\n        \&quot;programDescription\&quot;: \&quot;New Devops\&quot;,\n        \&quot;online\&quot;: true\n    },\n    {\n        \&quot;programId\&quot;: 9613,\n        \&quot;programName\&quot;: \&quot;Testing\&quot;,\n        \&quot;programDescription\&quot;: \&quot;Testing\&quot;,\n        \&quot;online\&quot;: true\n    },\n    {\n        \&quot;programId\&quot;: 9614,\n        \&quot;programName\&quot;: \&quot;LMS-Testing\&quot;,\n        \&quot;programDescription\&quot;: \&quot;Testing for Post Method\&quot;,\n        \&quot;online\&quot;: true\n    },\n    {\n        \&quot;programId\&quot;: 9615,\n        \&quot;programName\&quot;: \&quot;LMS-Testing\&quot;,\n        \&quot;programDescription\&quot;: \&quot;Testing for Post Method\&quot;,\n        \&quot;online\&quot;: true\n    },\n    {\n        \&quot;programId\&quot;: 9616,\n        \&quot;programName\&quot;: \&quot;LMS-Testing\&quot;,\n        \&quot;programDescription\&quot;: \&quot;Testing for Post Method\&quot;,\n        \&quot;online\&quot;: true\n    },\n    {\n        \&quot;programId\&quot;: 9617,\n        \&quot;programName\&quot;: \&quot;SDET QA 40\&quot;,\n        \&quot;programDescription\&quot;: \&quot;SDET QA 40\&quot;,\n        \&quot;online\&quot;: true\n    },\n    {\n        \&quot;programId\&quot;: 9618,\n        \&quot;programName\&quot;: \&quot;SDET QA 40 modified from postman\&quot;,\n        \&quot;programDescription\&quot;: \&quot;SDET QA 40\&quot;,\n        \&quot;online\&quot;: true\n    },\n    {\n        \&quot;programId\&quot;: 9619,\n        \&quot;programName\&quot;: \&quot;Selenium\&quot;,\n        \&quot;programDescription\&quot;: \&quot;Automation Testing\&quot;,\n        \&quot;online\&quot;: true\n    },\n    {\n        \&quot;programId\&quot;: 9620,\n        \&quot;programName\&quot;: \&quot;\\\&quot; \\\&quot;\&quot;,\n        \&quot;programDescription\&quot;: \&quot;Data Science\&quot;,\n        \&quot;online\&quot;: false\n    },\n    {\n        \&quot;programId\&quot;: 9624,\n        \&quot;programName\&quot;: \&quot;Selenium\&quot;,\n        \&quot;programDescription\&quot;: \&quot;Automation Testing\&quot;,\n        \&quot;online\&quot;: true\n    },\n    {\n        \&quot;programId\&quot;: 9725,\n        \&quot;programName\&quot;: \&quot;linux\&quot;,\n        \&quot;programDescription\&quot;: \&quot;core java\&quot;,\n        \&quot;online\&quot;: true\n    },\n    {\n        \&quot;programId\&quot;: 9626,\n        \&quot;programName\&quot;: \&quot;Selenium\&quot;,\n        \&quot;programDescription\&quot;: \&quot;Automation Testing\&quot;,\n        \&quot;online\&quot;: true\n    },\n    {\n        \&quot;programId\&quot;: 9627,\n        \&quot;programName\&quot;: \&quot;\\\&quot; \\\&quot;\&quot;,\n        \&quot;programDescription\&quot;: \&quot;Data Science\&quot;,\n        \&quot;online\&quot;: false\n    },\n    {\n        \&quot;programId\&quot;: 9629,\n        \&quot;programName\&quot;: \&quot;Selenium\&quot;,\n        \&quot;programDescription\&quot;: \&quot;Automation Testing\&quot;,\n        \&quot;online\&quot;: true\n    },\n    {\n        \&quot;programId\&quot;: 9726,\n        \&quot;programName\&quot;: \&quot;Multipal Digit Testing\&quot;,\n        \&quot;programDescription\&quot;: \&quot;Program ID Testing\&quot;,\n        \&quot;online\&quot;: true\n    },\n    {\n        \&quot;programId\&quot;: 9631,\n        \&quot;programName\&quot;: \&quot;Selenium\&quot;,\n        \&quot;programDescription\&quot;: \&quot;Automation Testing\&quot;,\n        \&quot;online\&quot;: true\n    },\n    {\n        \&quot;programId\&quot;: 9633,\n        \&quot;programName\&quot;: \&quot;LMS-Testing\&quot;,\n        \&quot;programDescription\&quot;: \&quot;Testing for Post Method\&quot;,\n        \&quot;online\&quot;: true\n    },\n    {\n        \&quot;programId\&quot;: 9634,\n        \&quot;programName\&quot;: \&quot;Testing\&quot;,\n        \&quot;programDescription\&quot;: \&quot;Testing\&quot;,\n        \&quot;online\&quot;: true\n    },\n    {\n        \&quot;programId\&quot;: 9635,\n        \&quot;programName\&quot;: \&quot;Java code\&quot;,\n        \&quot;programDescription\&quot;: \&quot;Testing code\&quot;,\n        \&quot;online\&quot;: true\n    },\n    {\n        \&quot;programId\&quot;: 9636,\n        \&quot;programName\&quot;: \&quot;Java code\&quot;,\n        \&quot;programDescription\&quot;: \&quot;Testing code\&quot;,\n        \&quot;online\&quot;: true\n    },\n    {\n        \&quot;programId\&quot;: 9727,\n        \&quot;programName\&quot;: \&quot;ironman\&quot;,\n        \&quot;programDescription\&quot;: \&quot;Agile\&quot;,\n        \&quot;online\&quot;: true\n    },\n    {\n        \&quot;programId\&quot;: 9637,\n        \&quot;programName\&quot;: \&quot;Java code\&quot;,\n        \&quot;programDescription\&quot;: \&quot;Testing code\&quot;,\n        \&quot;online\&quot;: true\n    },\n    {\n        \&quot;programId\&quot;: 9638,\n        \&quot;programName\&quot;: \&quot;Java coding1\&quot;,\n        \&quot;programDescription\&quot;: \&quot;Testing code\&quot;,\n        \&quot;online\&quot;: true\n    },\n    {\n        \&quot;programId\&quot;: 9728,\n        \&quot;programName\&quot;: \&quot;Application Support\&quot;,\n        \&quot;programDescription\&quot;: \&quot;java\&quot;,\n        \&quot;online\&quot;: true\n    },\n    {\n        \&quot;programId\&quot;: 9640,\n        \&quot;programName\&quot;: \&quot;Python\&quot;,\n        \&quot;programDescription\&quot;: \&quot;Python for Beginners\&quot;,\n        \&quot;online\&quot;: true\n    },\n    {\n        \&quot;programId\&quot;: 9641,\n        \&quot;programName\&quot;: \&quot;Java\&quot;,\n        \&quot;programDescription\&quot;: \&quot;Java for Beginners\&quot;,\n        \&quot;online\&quot;: true\n    },\n    {\n        \&quot;programId\&quot;: 9642,\n        \&quot;programName\&quot;: \&quot;Data Analysis\&quot;,\n        \&quot;programDescription\&quot;: \&quot;Data Analytics\&quot;,\n        \&quot;online\&quot;: true\n    },\n    {\n        \&quot;programId\&quot;: 9643,\n        \&quot;programName\&quot;: \&quot;Python\&quot;,\n        \&quot;programDescription\&quot;: \&quot;Python for Beginners\&quot;,\n        \&quot;online\&quot;: true\n    },\n    {\n        \&quot;programId\&quot;: 9644,\n        \&quot;programName\&quot;: \&quot;Java\&quot;,\n        \&quot;programDescription\&quot;: \&quot;Java for Beginners\&quot;,\n        \&quot;online\&quot;: true\n    },\n    {\n        \&quot;programId\&quot;: 9645,\n        \&quot;programName\&quot;: \&quot;Data Analysis\&quot;,\n        \&quot;programDescription\&quot;: \&quot;Data Analytics\&quot;,\n        \&quot;online\&quot;: true\n    },\n    {\n        \&quot;programId\&quot;: 9646,\n        \&quot;programName\&quot;: \&quot;Devops\&quot;,\n        \&quot;programDescription\&quot;: \&quot;New Devops\&quot;,\n        \&quot;online\&quot;: true\n    },\n    {\n        \&quot;programId\&quot;: 9648,\n        \&quot;programName\&quot;: \&quot;Devops\&quot;,\n        \&quot;programDescription\&quot;: \&quot;New Devops\&quot;,\n        \&quot;online\&quot;: true\n    },\n    {\n        \&quot;programId\&quot;: 9650,\n        \&quot;programName\&quot;: \&quot;Devops\&quot;,\n        \&quot;programDescription\&quot;: \&quot;New Devops\&quot;,\n        \&quot;online\&quot;: true\n    },\n    {\n        \&quot;programId\&quot;: 9652,\n        \&quot;programName\&quot;: \&quot;Testing\&quot;,\n        \&quot;programDescription\&quot;: \&quot;Testing\&quot;,\n        \&quot;online\&quot;: true\n    },\n    {\n        \&quot;programId\&quot;: 9653,\n        \&quot;programName\&quot;: \&quot;string\&quot;,\n        \&quot;programDescription\&quot;: \&quot;string\&quot;,\n        \&quot;online\&quot;: true\n    },\n    {\n        \&quot;programId\&quot;: 9654,\n        \&quot;programName\&quot;: \&quot;stringyyy\&quot;,\n        \&quot;programDescription\&quot;: \&quot;stringrrrr\&quot;,\n        \&quot;online\&quot;: true\n    },\n    {\n        \&quot;programId\&quot;: 9729,\n        \&quot;programName\&quot;: \&quot;batman\&quot;,\n        \&quot;programDescription\&quot;: \&quot;string\&quot;,\n        \&quot;online\&quot;: true\n    },\n    {\n        \&quot;programId\&quot;: 9655,\n        \&quot;programName\&quot;: \&quot;Selenium\&quot;,\n        \&quot;programDescription\&quot;: \&quot;Automation Testing\&quot;,\n        \&quot;online\&quot;: true\n    },\n    {\n        \&quot;programId\&quot;: 9730,\n        \&quot;programName\&quot;: \&quot;unix\&quot;,\n        \&quot;programDescription\&quot;: \&quot;string\&quot;,\n        \&quot;online\&quot;: true\n    },\n    {\n        \&quot;programId\&quot;: 9659,\n        \&quot;programName\&quot;: \&quot;Java\&quot;,\n        \&quot;programDescription\&quot;: \&quot;Java Learning\&quot;,\n        \&quot;online\&quot;: true\n    },\n    {\n        \&quot;programId\&quot;: 9660,\n        \&quot;programName\&quot;: \&quot;C#\&quot;,\n        \&quot;programDescription\&quot;: \&quot;C# learning\&quot;,\n        \&quot;online\&quot;: false\n    },\n    {\n        \&quot;programId\&quot;: 9661,\n        \&quot;programName\&quot;: \&quot;Selenium\&quot;,\n        \&quot;programDescription\&quot;: \&quot;Selenium with Java\&quot;,\n        \&quot;online\&quot;: true\n    },\n    {\n        \&quot;programId\&quot;: 9662,\n        \&quot;programName\&quot;: \&quot;DotNet\&quot;,\n        \&quot;programDescription\&quot;: \&quot;DotNet\&quot;,\n        \&quot;online\&quot;: false\n    },\n    {\n        \&quot;programId\&quot;: 9731,\n        \&quot;programName\&quot;: \&quot;linux\&quot;,\n        \&quot;programDescription\&quot;: \&quot;core java\&quot;,\n        \&quot;online\&quot;: true\n    },\n    {\n        \&quot;programId\&quot;: 9665,\n        \&quot;programName\&quot;: \&quot;Testing\&quot;,\n        \&quot;programDescription\&quot;: \&quot;Testing\&quot;,\n        \&quot;online\&quot;: true\n    },\n    {\n        \&quot;programId\&quot;: 9666,\n        \&quot;programName\&quot;: \&quot;API\&quot;,\n        \&quot;programDescription\&quot;: \&quot;Automation Testing\&quot;,\n        \&quot;online\&quot;: false\n    },\n    {\n        \&quot;programId\&quot;: 9732,\n        \&quot;programName\&quot;: \&quot;Multipal Digit Testing\&quot;,\n        \&quot;programDescription\&quot;: \&quot;Program ID Testing\&quot;,\n        \&quot;online\&quot;: true\n    },\n    {\n        \&quot;programId\&quot;: 9733,\n        \&quot;programName\&quot;: \&quot;ironman\&quot;,\n        \&quot;programDescription\&quot;: \&quot;Agile\&quot;,\n        \&quot;online\&quot;: true\n    },\n    {\n        \&quot;programId\&quot;: 9671,\n        \&quot;programName\&quot;: \&quot;Devops\&quot;,\n        \&quot;programDescription\&quot;: \&quot;New Devops\&quot;,\n        \&quot;online\&quot;: true\n    },\n    {\n        \&quot;programId\&quot;: 9673,\n        \&quot;programName\&quot;: \&quot;Devops\&quot;,\n        \&quot;programDescription\&quot;: \&quot;New Devops\&quot;,\n        \&quot;online\&quot;: true\n    },\n    {\n        \&quot;programId\&quot;: 9675,\n        \&quot;programName\&quot;: \&quot;Devops\&quot;,\n        \&quot;programDescription\&quot;: \&quot;New Devops\&quot;,\n        \&quot;online\&quot;: true\n    },\n    {\n        \&quot;programId\&quot;: 9734,\n        \&quot;programName\&quot;: \&quot;Application Support\&quot;,\n        \&quot;programDescription\&quot;: \&quot;java\&quot;,\n        \&quot;online\&quot;: true\n    },\n    {\n        \&quot;programId\&quot;: 9679,\n        \&quot;programName\&quot;: \&quot;Devops\&quot;,\n        \&quot;programDescription\&quot;: \&quot;New devops program\&quot;,\n        \&quot;online\&quot;: false\n    },\n    {\n        \&quot;programId\&quot;: 9684,\n        \&quot;programName\&quot;: \&quot;LMS-Testing\&quot;,\n        \&quot;programDescription\&quot;: \&quot;Testing for Post Method\&quot;,\n        \&quot;online\&quot;: true\n    },\n    {\n        \&quot;programId\&quot;: 9685,\n        \&quot;programName\&quot;: \&quot;LMS-Testing\&quot;,\n        \&quot;programDescription\&quot;: \&quot;Testing for Post Method\&quot;,\n        \&quot;online\&quot;: true\n    },\n    {\n        \&quot;programId\&quot;: 9686,\n        \&quot;programName\&quot;: \&quot;Devops123\&quot;,\n        \&quot;programDescription\&quot;: \&quot;New devops program blah blah\&quot;,\n        \&quot;online\&quot;: false\n    },\n    {\n        \&quot;programId\&quot;: 9689,\n        \&quot;programName\&quot;: \&quot;SDET26\&quot;,\n        \&quot;programDescription\&quot;: \&quot;management\&quot;,\n        \&quot;online\&quot;: true\n    },\n    {\n        \&quot;programId\&quot;: 9690,\n        \&quot;programName\&quot;: \&quot;SDET\&quot;,\n        \&quot;programDescription\&quot;: \&quot;api\&quot;,\n        \&quot;online\&quot;: true\n    },\n    {\n        \&quot;programId\&quot;: 9691,\n        \&quot;programName\&quot;: \&quot;SDET26\&quot;,\n        \&quot;programDescription\&quot;: \&quot;Automation testing\&quot;,\n        \&quot;online\&quot;: true\n    },\n    {\n        \&quot;programId\&quot;: 9692,\n        \&quot;programName\&quot;: \&quot;DS\&quot;,\n        \&quot;programDescription\&quot;: \&quot;data science\&quot;,\n        \&quot;online\&quot;: false\n    },\n    {\n        \&quot;programId\&quot;: 9695,\n        \&quot;programName\&quot;: \&quot;Devops\&quot;,\n        \&quot;programDescription\&quot;: \&quot;New Devops\&quot;,\n        \&quot;online\&quot;: true\n    },\n    {\n        \&quot;programId\&quot;: 9697,\n        \&quot;programName\&quot;: \&quot;Devops\&quot;,\n        \&quot;programDescription\&quot;: \&quot;New Devops\&quot;,\n        \&quot;online\&quot;: true\n    },\n    {\n        \&quot;programId\&quot;: 9699,\n        \&quot;programName\&quot;: \&quot;Devops\&quot;,\n        \&quot;programDescription\&quot;: \&quot;New Devops\&quot;,\n        \&quot;online\&quot;: true\n    },\n    {\n        \&quot;programId\&quot;: 9701,\n        \&quot;programName\&quot;: \&quot;Devops123\&quot;,\n        \&quot;programDescription\&quot;: \&quot;New devops program blah blah\&quot;,\n        \&quot;online\&quot;: false\n    },\n    {\n        \&quot;programId\&quot;: 9705,\n        \&quot;programName\&quot;: \&quot;Post method Testing\&quot;,\n        \&quot;programDescription\&quot;: \&quot;Testing for Post Method\&quot;,\n        \&quot;online\&quot;: true\n    },\n    {\n        \&quot;programId\&quot;: 9706,\n        \&quot;programName\&quot;: \&quot;Computer Science\&quot;,\n        \&quot;programDescription\&quot;: \&quot;Testing code\&quot;,\n        \&quot;online\&quot;: true\n    },\n    {\n        \&quot;programId\&quot;: 9759,\n        \&quot;programName\&quot;: \&quot;string\&quot;,\n        \&quot;programDescription\&quot;: \&quot;string\&quot;,\n        \&quot;online\&quot;: true\n    },\n    {\n        \&quot;programId\&quot;: 9707,\n        \&quot;programName\&quot;: \&quot;SDET26\&quot;,\n        \&quot;programDescription\&quot;: \&quot;management\&quot;,\n        \&quot;online\&quot;: true\n    },\n    {\n        \&quot;programId\&quot;: 9708,\n        \&quot;programName\&quot;: \&quot;SDET\&quot;,\n        \&quot;programDescription\&quot;: \&quot;api\&quot;,\n        \&quot;online\&quot;: true\n    },\n    {\n        \&quot;programId\&quot;: 9709,\n        \&quot;programName\&quot;: \&quot;SDET26\&quot;,\n        \&quot;programDescription\&quot;: \&quot;Automation testing\&quot;,\n        \&quot;online\&quot;: true\n    },\n    {\n        \&quot;programId\&quot;: 9710,\n        \&quot;programName\&quot;: \&quot;DS\&quot;,\n        \&quot;programDescription\&quot;: \&quot;data science\&quot;,\n        \&quot;online\&quot;: false\n    },\n    {\n        \&quot;programId\&quot;: 9711,\n        \&quot;programName\&quot;: \&quot;batman\&quot;,\n        \&quot;programDescription\&quot;: \&quot;string\&quot;,\n        \&quot;online\&quot;: true\n    },\n    {\n        \&quot;programId\&quot;: 9712,\n        \&quot;programName\&quot;: \&quot;unix\&quot;,\n        \&quot;programDescription\&quot;: \&quot;string\&quot;,\n        \&quot;online\&quot;: true\n    },\n    {\n        \&quot;programId\&quot;: 9713,\n        \&quot;programName\&quot;: \&quot;linux\&quot;,\n        \&quot;programDescription\&quot;: \&quot;core java\&quot;,\n        \&quot;online\&quot;: true\n    },\n    {\n        \&quot;programId\&quot;: 9714,\n        \&quot;programName\&quot;: \&quot;Multipal Digit Testing\&quot;,\n        \&quot;programDescription\&quot;: \&quot;Program ID Testing\&quot;,\n        \&quot;online\&quot;: true\n    },\n    {\n        \&quot;programId\&quot;: 9715,\n        \&quot;programName\&quot;: \&quot;ironman\&quot;,\n        \&quot;programDescription\&quot;: \&quot;Agile\&quot;,\n        \&quot;online\&quot;: true\n    },\n    {\n        \&quot;programId\&quot;: 9716,\n        \&quot;programName\&quot;: \&quot;Application Support\&quot;,\n        \&quot;programDescription\&quot;: \&quot;java\&quot;,\n        \&quot;online\&quot;: true\n    },\n    {\n        \&quot;programId\&quot;: 9717,\n        \&quot;programName\&quot;: \&quot;batman\&quot;,\n        \&quot;programDescription\&quot;: \&quot;string\&quot;,\n        \&quot;online\&quot;: true\n    },\n    {\n        \&quot;programId\&quot;: 9718,\n        \&quot;programName\&quot;: \&quot;unix\&quot;,\n        \&quot;programDescription\&quot;: \&quot;string\&quot;,\n        \&quot;online\&quot;: true\n    },\n    {\n        \&quot;programId\&quot;: 9719,\n        \&quot;programName\&quot;: \&quot;linux\&quot;,\n        \&quot;programDescription\&quot;: \&quot;core java\&quot;,\n        \&quot;online\&quot;: true\n    },\n    {\n        \&quot;programId\&quot;: 9720,\n        \&quot;programName\&quot;: \&quot;Multipal Digit Testing\&quot;,\n        \&quot;programDescription\&quot;: \&quot;Program ID Testing\&quot;,\n        \&quot;online\&quot;: true\n    },\n    {\n        \&quot;programId\&quot;: 9721,\n        \&quot;programName\&quot;: \&quot;ironman\&quot;,\n        \&quot;programDescription\&quot;: \&quot;Agile\&quot;,\n        \&quot;online\&quot;: true\n    },\n    {\n        \&quot;programId\&quot;: 9722,\n        \&quot;programName\&quot;: \&quot;Application Support\&quot;,\n        \&quot;programDescription\&quot;: \&quot;java\&quot;,\n        \&quot;online\&quot;: true\n    },\n    {\n        \&quot;programId\&quot;: 9743,\n        \&quot;programName\&quot;: \&quot;\\\&quot;API Testing\\\&quot;\&quot;,\n        \&quot;programDescription\&quot;: \&quot;\\\&quot;RestAssured\\\&quot;\&quot;,\n        \&quot;online\&quot;: false\n    },\n    {\n        \&quot;programId\&quot;: 9744,\n        \&quot;programName\&quot;: \&quot;\\\&quot;Framework\\\&quot;\&quot;,\n        \&quot;programDescription\&quot;: \&quot;\\\&quot;Cucumber\\\&quot;\&quot;,\n        \&quot;online\&quot;: false\n    },\n    {\n        \&quot;programId\&quot;: 9746,\n        \&quot;programName\&quot;: \&quot;\\\&quot;Programming\\\&quot;\&quot;,\n        \&quot;programDescription\&quot;: \&quot;\\\&quot;Java\\\&quot;\&quot;,\n        \&quot;online\&quot;: false\n    },\n    {\n        \&quot;programId\&quot;: 9747,\n        \&quot;programName\&quot;: \&quot;Automation Testing \&quot;,\n        \&quot;programDescription\&quot;: \&quot;RestAssured\&quot;,\n        \&quot;online\&quot;: true\n    },\n    {\n        \&quot;programId\&quot;: 9748,\n        \&quot;programName\&quot;: \&quot;\\\&quot;API Testing\\\&quot;\&quot;,\n        \&quot;programDescription\&quot;: \&quot;\\\&quot;RestAssured\\\&quot;\&quot;,\n        \&quot;online\&quot;: false\n    },\n    {\n        \&quot;programId\&quot;: 9749,\n        \&quot;programName\&quot;: \&quot;\\\&quot;Framework\\\&quot;\&quot;,\n        \&quot;programDescription\&quot;: \&quot;\\\&quot;Cucumber\\\&quot;\&quot;,\n        \&quot;online\&quot;: false\n    },\n    {\n        \&quot;programId\&quot;: 9751,\n        \&quot;programName\&quot;: \&quot;\\\&quot;Programming\\\&quot;\&quot;,\n        \&quot;programDescription\&quot;: \&quot;\\\&quot;Java\\\&quot;\&quot;,\n        \&quot;online\&quot;: false\n    },\n    {\n        \&quot;programId\&quot;: 9752,\n        \&quot;programName\&quot;: \&quot;Automation Testing \&quot;,\n        \&quot;programDescription\&quot;: \&quot;RestAssured\&quot;,\n        \&quot;online\&quot;: true\n    },\n    {\n        \&quot;programId\&quot;: 9753,\n        \&quot;programName\&quot;: \&quot;batman\&quot;,\n        \&quot;programDescription\&quot;: \&quot;string\&quot;,\n        \&quot;online\&quot;: true\n    },\n    {\n        \&quot;programId\&quot;: 9754,\n        \&quot;programName\&quot;: \&quot;unix\&quot;,\n        \&quot;programDescription\&quot;: \&quot;string\&quot;,\n        \&quot;online\&quot;: true\n    },\n    {\n        \&quot;programId\&quot;: 9755,\n        \&quot;programName\&quot;: \&quot;linux\&quot;,\n        \&quot;programDescription\&quot;: \&quot;core java\&quot;,\n        \&quot;online\&quot;: true\n    },\n    {\n        \&quot;programId\&quot;: 9756,\n        \&quot;programName\&quot;: \&quot;Multipal Digit Testing\&quot;,\n        \&quot;programDescription\&quot;: \&quot;Program ID Testing\&quot;,\n        \&quot;online\&quot;: true\n    },\n    {\n        \&quot;programId\&quot;: 9757,\n        \&quot;programName\&quot;: \&quot;ironman\&quot;,\n        \&quot;programDescription\&quot;: \&quot;Agile\&quot;,\n        \&quot;online\&quot;: true\n    },\n    {\n        \&quot;programId\&quot;: 9758,\n        \&quot;programName\&quot;: \&quot;Application Support\&quot;,\n        \&quot;programDescription\&quot;: \&quot;java\&quot;,\n        \&quot;online\&quot;: true\n    },\n    {\n        \&quot;programId\&quot;: 9760,\n        \&quot;programName\&quot;: \&quot;St\&quot;,\n        \&quot;programDescription\&quot;: \&quot;ts\&quot;,\n        \&quot;online\&quot;: false\n    },\n    {\n        \&quot;programId\&quot;: 9761,\n        \&quot;programName\&quot;: \&quot;\\\&quot;API Testing\\\&quot;\&quot;,\n        \&quot;programDescription\&quot;: \&quot;\\\&quot;RestAssured\\\&quot;\&quot;,\n        \&quot;online\&quot;: false\n    },\n    {\n        \&quot;programId\&quot;: 9762,\n        \&quot;programName\&quot;: \&quot;\\\&quot;Framework\\\&quot;\&quot;,\n        \&quot;programDescription\&quot;: \&quot;\\\&quot;Cucumber\\\&quot;\&quot;,\n        \&quot;online\&quot;: false\n    },\n    {\n        \&quot;programId\&quot;: 9764,\n        \&quot;programName\&quot;: \&quot;SDET26\&quot;,\n        \&quot;programDescription\&quot;: \&quot;management\&quot;,\n        \&quot;online\&quot;: true\n    },\n    {\n        \&quot;programId\&quot;: 9765,\n        \&quot;programName\&quot;: \&quot;SDET\&quot;,\n        \&quot;programDescription\&quot;: \&quot;api\&quot;,\n        \&quot;online\&quot;: true\n    },\n    {\n        \&quot;programId\&quot;: 9766,\n        \&quot;programName\&quot;: \&quot;SDET26\&quot;,\n        \&quot;programDescription\&quot;: \&quot;Automation testing\&quot;,\n        \&quot;online\&quot;: true\n    },\n    {\n        \&quot;programId\&quot;: 9767,\n        \&quot;programName\&quot;: \&quot;DS\&quot;,\n        \&quot;programDescription\&quot;: \&quot;data science\&quot;,\n        \&quot;online\&quot;: false\n    },\n    {\n        \&quot;programId\&quot;: 9768,\n        \&quot;programName\&quot;: \&quot;\\\&quot;API Testing\\\&quot;\&quot;,\n        \&quot;programDescription\&quot;: \&quot;\\\&quot;RestAssured\\\&quot;\&quot;,\n        \&quot;online\&quot;: false\n    },\n    {\n        \&quot;programId\&quot;: 9769,\n        \&quot;programName\&quot;: \&quot;\\\&quot;Framework\\\&quot;\&quot;,\n        \&quot;programDescription\&quot;: \&quot;\\\&quot;Cucumber\\\&quot;\&quot;,\n        \&quot;online\&quot;: false\n    },\n    {\n        \&quot;programId\&quot;: 9771,\n        \&quot;programName\&quot;: \&quot;\\\&quot;API Testing\\\&quot;\&quot;,\n        \&quot;programDescription\&quot;: \&quot;\\\&quot;RestAssured\\\&quot;\&quot;,\n        \&quot;online\&quot;: false\n    },\n    {\n        \&quot;programId\&quot;: 9772,\n        \&quot;programName\&quot;: \&quot;\\\&quot;Framework\\\&quot;\&quot;,\n        \&quot;programDescription\&quot;: \&quot;\\\&quot;Cucumber\\\&quot;\&quot;,\n        \&quot;online\&quot;: false\n    },\n    {\n        \&quot;programId\&quot;: 9775,\n        \&quot;programName\&quot;: \&quot;\\\&quot;API Testing\\\&quot;\&quot;,\n        \&quot;programDescription\&quot;: \&quot;\\\&quot;RestAssured\\\&quot;\&quot;,\n        \&quot;online\&quot;: false\n    },\n    {\n        \&quot;programId\&quot;: 9776,\n        \&quot;programName\&quot;: \&quot;\\\&quot;Framework\\\&quot;\&quot;,\n        \&quot;programDescription\&quot;: \&quot;\\\&quot;Cucumber\\\&quot;\&quot;,\n        \&quot;online\&quot;: false\n    },\n    {\n        \&quot;programId\&quot;: 9778,\n        \&quot;programName\&quot;: \&quot;C1\&quot;,\n        \&quot;programDescription\&quot;: \&quot;Testing code 1\&quot;,\n        \&quot;online\&quot;: true\n    },\n    {\n        \&quot;programId\&quot;: 9779,\n        \&quot;programName\&quot;: \&quot;Data1\&quot;,\n        \&quot;programDescription\&quot;: \&quot;Data code1\&quot;,\n        \&quot;online\&quot;: true\n    },\n    {\n        \&quot;programId\&quot;: 9780,\n        \&quot;programName\&quot;: \&quot;123\&quot;,\n        \&quot;programDescription\&quot;: \&quot;Data code3\&quot;,\n        \&quot;online\&quot;: false\n    },\n    {\n        \&quot;programId\&quot;: 9781,\n        \&quot;programName\&quot;: \&quot;Science\&quot;,\n        \&quot;programDescription\&quot;: \&quot;Data code4\&quot;,\n        \&quot;online\&quot;: true\n    },\n    {\n        \&quot;programId\&quot;: 9783,\n        \&quot;programName\&quot;: \&quot;Chemistry\&quot;,\n        \&quot;programDescription\&quot;: \&quot;\&quot;,\n        \&quot;online\&quot;: true\n    },\n    {\n        \&quot;programId\&quot;: 9784,\n        \&quot;programName\&quot;: \&quot;C#\&quot;,\n        \&quot;programDescription\&quot;: \&quot;Data code8\&quot;,\n        \&quot;online\&quot;: false\n    },\n    {\n        \&quot;programId\&quot;: 9785,\n        \&quot;programName\&quot;: \&quot;Devops\&quot;,\n        \&quot;programDescription\&quot;: \&quot;New Devops\&quot;,\n        \&quot;online\&quot;: true\n    },\n    {\n        \&quot;programId\&quot;: 9787,\n        \&quot;programName\&quot;: \&quot;Devops\&quot;,\n        \&quot;programDescription\&quot;: \&quot;New Devops\&quot;,\n        \&quot;online\&quot;: true\n    },\n    {\n        \&quot;programId\&quot;: 9789,\n        \&quot;programName\&quot;: \&quot;string\&quot;,\n        \&quot;programDescription\&quot;: \&quot;string\&quot;,\n        \&quot;online\&quot;: true\n    },\n    {\n        \&quot;programId\&quot;: 9790,\n        \&quot;programName\&quot;: \&quot;string\&quot;,\n        \&quot;programDescription\&quot;: \&quot;string\&quot;,\n        \&quot;online\&quot;: true\n    },\n    {\n        \&quot;programId\&quot;: 9791,\n        \&quot;programName\&quot;: \&quot;string\&quot;,\n        \&quot;programDescription\&quot;: \&quot;string\&quot;,\n        \&quot;online\&quot;: true\n    },\n    {\n        \&quot;programId\&quot;: 9792,\n        \&quot;programName\&quot;: \&quot;Devops\&quot;,\n        \&quot;programDescription\&quot;: \&quot;New Devops\&quot;,\n        \&quot;online\&quot;: true\n    },\n    {\n        \&quot;programId\&quot;: 9796,\n        \&quot;programName\&quot;: \&quot;Testing\&quot;,\n        \&quot;programDescription\&quot;: \&quot;Testing\&quot;,\n        \&quot;online\&quot;: true\n    },\n    {\n        \&quot;programId\&quot;: 9797,\n        \&quot;programName\&quot;: \&quot;Devops\&quot;,\n        \&quot;programDescription\&quot;: \&quot;New Devops\&quot;,\n        \&quot;online\&quot;: true\n    },\n    {\n        \&quot;programId\&quot;: 9800,\n        \&quot;programName\&quot;: \&quot;Devops123\&quot;,\n        \&quot;programDescription\&quot;: \&quot;New devops program blah blah\&quot;,\n        \&quot;online\&quot;: false\n    },\n    {\n        \&quot;programId\&quot;: 9803,\n        \&quot;programName\&quot;: \&quot;rekha\&quot;,\n        \&quot;programDescription\&quot;: \&quot;string\&quot;,\n        \&quot;online\&quot;: true\n    },\n    {\n        \&quot;programId\&quot;: 9804,\n        \&quot;programName\&quot;: \&quot;rekha\&quot;,\n        \&quot;programDescription\&quot;: \&quot;string\&quot;,\n        \&quot;online\&quot;: true\n    },\n    {\n        \&quot;programId\&quot;: 9805,\n        \&quot;programName\&quot;: \&quot;Devops123\&quot;,\n        \&quot;programDescription\&quot;: \&quot;New devops program blah blah\&quot;,\n        \&quot;online\&quot;: false\n    },\n    {\n        \&quot;programId\&quot;: 9808,\n        \&quot;programName\&quot;: \&quot;hihihi\&quot;,\n        \&quot;programDescription\&quot;: null,\n        \&quot;online\&quot;: false\n    },\n    {\n        \&quot;programId\&quot;: 9810,\n        \&quot;programName\&quot;: \&quot;Devops123\&quot;,\n        \&quot;programDescription\&quot;: \&quot;New devops program blah blah\&quot;,\n        \&quot;online\&quot;: false\n    },\n    {\n        \&quot;programId\&quot;: 9811,\n        \&quot;programName\&quot;: \&quot;Devops123\&quot;,\n        \&quot;programDescription\&quot;: \&quot;New devops program blah blah\&quot;,\n        \&quot;online\&quot;: false\n    },\n    {\n        \&quot;programId\&quot;: 9812,\n        \&quot;programName\&quot;: \&quot;Devops123\&quot;,\n        \&quot;programDescription\&quot;: \&quot;New devops program blah blah\&quot;,\n        \&quot;online\&quot;: false\n    },\n    {\n        \&quot;programId\&quot;: 9813,\n        \&quot;programName\&quot;: \&quot;Devops123\&quot;,\n        \&quot;programDescription\&quot;: \&quot;New devops program blah blah\&quot;,\n        \&quot;online\&quot;: false\n    },\n    {\n        \&quot;programId\&quot;: 9814,\n        \&quot;programName\&quot;: \&quot;Devops123\&quot;,\n        \&quot;programDescription\&quot;: \&quot;New devops program blah blah\&quot;,\n        \&quot;online\&quot;: false\n    },\n    {\n        \&quot;programId\&quot;: 9815,\n        \&quot;programName\&quot;: \&quot;Devops123\&quot;,\n        \&quot;programDescription\&quot;: \&quot;New devops program blah blah\&quot;,\n        \&quot;online\&quot;: true\n    },\n    {\n        \&quot;programId\&quot;: 9817,\n        \&quot;programName\&quot;: \&quot;programName Volcano1\&quot;,\n        \&quot;programDescription\&quot;: \&quot;programDescription TestPUT1\&quot;,\n        \&quot;online\&quot;: true\n    },\n    {\n        \&quot;programId\&quot;: 9818,\n        \&quot;programName\&quot;: \&quot;put Volcano1\&quot;,\n        \&quot;programDescription\&quot;: \&quot;put TestPUT1\&quot;,\n        \&quot;online\&quot;: true\n    },\n    {\n        \&quot;programId\&quot;: 9819,\n        \&quot;programName\&quot;: \&quot;put Volcano1\&quot;,\n        \&quot;programDescription\&quot;: \&quot;put TestPUT1\&quot;,\n        \&quot;online\&quot;: true\n    },\n    {\n        \&quot;programId\&quot;: 9821,\n        \&quot;programName\&quot;: \&quot;Devops\&quot;,\n        \&quot;programDescription\&quot;: \&quot;New Devops\&quot;,\n        \&quot;online\&quot;: true\n    },\n    {\n        \&quot;programId\&quot;: 9822,\n        \&quot;programName\&quot;: \&quot;Testing\&quot;,\n        \&quot;programDescription\&quot;: \&quot;Testing\&quot;,\n        \&quot;online\&quot;: true\n    },\n    {\n        \&quot;programId\&quot;: 9823,\n        \&quot;programName\&quot;: \&quot;Devops\&quot;,\n        \&quot;programDescription\&quot;: \&quot;New Devops\&quot;,\n        \&quot;online\&quot;: true\n    },\n    {\n        \&quot;programId\&quot;: 9909,\n        \&quot;programName\&quot;: \&quot;Devops123\&quot;,\n        \&quot;programDescription\&quot;: \&quot;New full stack web dev\&quot;,\n        \&quot;online\&quot;: false\n    },\n    {\n        \&quot;programId\&quot;: 9824,\n        \&quot;programName\&quot;: \&quot;Devops123\&quot;,\n        \&quot;programDescription\&quot;: \&quot;New full stack web dev\&quot;,\n        \&quot;online\&quot;: false\n    },\n    {\n        \&quot;programId\&quot;: 9826,\n        \&quot;programName\&quot;: \&quot;Devops123\&quot;,\n        \&quot;programDescription\&quot;: \&quot;New full stack web dev\&quot;,\n        \&quot;online\&quot;: false\n    },\n    {\n        \&quot;programId\&quot;: 9930,\n        \&quot;programName\&quot;: \&quot;cucumber learning bbbb \&quot;,\n        \&quot;programDescription\&quot;: \&quot;cucumber \&quot;,\n        \&quot;online\&quot;: true\n    },\n    {\n        \&quot;programId\&quot;: 9831,\n        \&quot;programName\&quot;: \&quot;Python\&quot;,\n        \&quot;programDescription\&quot;: \&quot;Python for Beginners\&quot;,\n        \&quot;online\&quot;: true\n    },\n    {\n        \&quot;programId\&quot;: 9832,\n        \&quot;programName\&quot;: \&quot;Java\&quot;,\n        \&quot;programDescription\&quot;: \&quot;Java for Beginners\&quot;,\n        \&quot;online\&quot;: true\n    },\n    {\n        \&quot;programId\&quot;: 9833,\n        \&quot;programName\&quot;: \&quot;Data Analysis\&quot;,\n        \&quot;programDescription\&quot;: \&quot;Data Analytics\&quot;,\n        \&quot;online\&quot;: true\n    },\n    {\n        \&quot;programId\&quot;: 9834,\n        \&quot;programName\&quot;: \&quot;Oracle\&quot;,\n        \&quot;programDescription\&quot;: \&quot;Oracle Training\&quot;,\n        \&quot;online\&quot;: false\n    },\n    {\n        \&quot;programId\&quot;: 9835,\n        \&quot;programName\&quot;: \&quot;Python\&quot;,\n        \&quot;programDescription\&quot;: \&quot;Python for Beginners\&quot;,\n        \&quot;online\&quot;: true\n    },\n    {\n        \&quot;programId\&quot;: 9836,\n        \&quot;programName\&quot;: \&quot;Java\&quot;,\n        \&quot;programDescription\&quot;: \&quot;Java for Beginners\&quot;,\n        \&quot;online\&quot;: true\n    },\n    {\n        \&quot;programId\&quot;: 9837,\n        \&quot;programName\&quot;: \&quot;Data Analysis\&quot;,\n        \&quot;programDescription\&quot;: \&quot;Data Analytics\&quot;,\n        \&quot;online\&quot;: true\n    },\n    {\n        \&quot;programId\&quot;: 9838,\n        \&quot;programName\&quot;: \&quot;Oracle\&quot;,\n        \&quot;programDescription\&quot;: \&quot;Oracle Training done\&quot;,\n        \&quot;online\&quot;: false\n    },\n    {\n        \&quot;programId\&quot;: 9839,\n        \&quot;programName\&quot;: \&quot;Python\&quot;,\n        \&quot;programDescription\&quot;: \&quot;Python for Beginners\&quot;,\n        \&quot;online\&quot;: true\n    },\n    {\n        \&quot;programId\&quot;: 9840,\n        \&quot;programName\&quot;: \&quot;Java\&quot;,\n        \&quot;programDescription\&quot;: \&quot;Java for Beginners\&quot;,\n        \&quot;online\&quot;: true\n    },\n    {\n        \&quot;programId\&quot;: 9841,\n        \&quot;programName\&quot;: \&quot;Data Analysis\&quot;,\n        \&quot;programDescription\&quot;: \&quot;Data Analytics\&quot;,\n        \&quot;online\&quot;: true\n    },\n    {\n        \&quot;programId\&quot;: 9842,\n        \&quot;programName\&quot;: \&quot;Python\&quot;,\n        \&quot;programDescription\&quot;: \&quot;Python for Beginners\&quot;,\n        \&quot;online\&quot;: true\n    },\n    {\n        \&quot;programId\&quot;: 9843,\n        \&quot;programName\&quot;: \&quot;Java\&quot;,\n        \&quot;programDescription\&quot;: \&quot;Java for Beginners\&quot;,\n        \&quot;online\&quot;: true\n    },\n    {\n        \&quot;programId\&quot;: 9844,\n        \&quot;programName\&quot;: \&quot;Data Analysis\&quot;,\n        \&quot;programDescription\&quot;: \&quot;Data Analytics\&quot;,\n        \&quot;online\&quot;: true\n    },\n    {\n        \&quot;programId\&quot;: 9846,\n        \&quot;programName\&quot;: \&quot;Python\&quot;,\n        \&quot;programDescription\&quot;: \&quot;Python for Beginners\&quot;,\n        \&quot;online\&quot;: true\n    },\n    {\n        \&quot;programId\&quot;: 9847,\n        \&quot;programName\&quot;: \&quot;Java\&quot;,\n        \&quot;programDescription\&quot;: \&quot;Java for Beginners\&quot;,\n        \&quot;online\&quot;: true\n    },\n    {\n        \&quot;programId\&quot;: 9848,\n        \&quot;programName\&quot;: \&quot;Data Analysis\&quot;,\n        \&quot;programDescription\&quot;: \&quot;Data Analytics\&quot;,\n        \&quot;online\&quot;: true\n    },\n    {\n        \&quot;programId\&quot;: 9849,\n        \&quot;programName\&quot;: \&quot;Python\&quot;,\n        \&quot;programDescription\&quot;: \&quot;Python for Beginners\&quot;,\n        \&quot;online\&quot;: true\n    },\n    {\n        \&quot;programId\&quot;: 9850,\n        \&quot;programName\&quot;: \&quot;Java\&quot;,\n        \&quot;programDescription\&quot;: \&quot;Java for Beginners\&quot;,\n        \&quot;online\&quot;: true\n    },\n    {\n        \&quot;programId\&quot;: 9851,\n        \&quot;programName\&quot;: \&quot;Data Analysis\&quot;,\n        \&quot;programDescription\&quot;: \&quot;Data Analytics\&quot;,\n        \&quot;online\&quot;: true\n    },\n    {\n        \&quot;programId\&quot;: 9852,\n        \&quot;programName\&quot;: \&quot;string\&quot;,\n        \&quot;programDescription\&quot;: \&quot;string\&quot;,\n        \&quot;online\&quot;: true\n    },\n    {\n        \&quot;programId\&quot;: 9853,\n        \&quot;programName\&quot;: \&quot;C1\&quot;,\n        \&quot;programDescription\&quot;: \&quot;Testing code 1\&quot;,\n        \&quot;online\&quot;: true\n    },\n    {\n        \&quot;programId\&quot;: 9854,\n        \&quot;programName\&quot;: \&quot;S1\&quot;,\n        \&quot;programDescription\&quot;: \&quot;Testing code 1\&quot;,\n        \&quot;online\&quot;: true\n    },\n    {\n        \&quot;programId\&quot;: 9855,\n        \&quot;programName\&quot;: \&quot;Data1\&quot;,\n        \&quot;programDescription\&quot;: \&quot;Data code1\&quot;,\n        \&quot;online\&quot;: true\n    },\n    {\n        \&quot;programId\&quot;: 9856,\n        \&quot;programName\&quot;: \&quot;123\&quot;,\n        \&quot;programDescription\&quot;: \&quot;Data code3\&quot;,\n        \&quot;online\&quot;: false\n    },\n    {\n        \&quot;programId\&quot;: 9857,\n        \&quot;programName\&quot;: \&quot;Science\&quot;,\n        \&quot;programDescription\&quot;: \&quot;Data code4\&quot;,\n        \&quot;online\&quot;: true\n    },\n    {\n        \&quot;programId\&quot;: 9859,\n        \&quot;programName\&quot;: \&quot;Chemistry\&quot;,\n        \&quot;programDescription\&quot;: \&quot;\&quot;,\n        \&quot;online\&quot;: true\n    },\n    {\n        \&quot;programId\&quot;: 9860,\n        \&quot;programName\&quot;: \&quot;C#\&quot;,\n        \&quot;programDescription\&quot;: \&quot;Data code8\&quot;,\n        \&quot;online\&quot;: false\n    },\n    {\n        \&quot;programId\&quot;: 9864,\n        \&quot;programName\&quot;: \&quot;Devops123\&quot;,\n        \&quot;programDescription\&quot;: \&quot;New full stack web dev\&quot;,\n        \&quot;online\&quot;: false\n    },\n    {\n        \&quot;programId\&quot;: 9868,\n        \&quot;programName\&quot;: \&quot;string\&quot;,\n        \&quot;programDescription\&quot;: \&quot;string\&quot;,\n        \&quot;online\&quot;: false\n    },\n    {\n        \&quot;programId\&quot;: 9869,\n        \&quot;programName\&quot;: \&quot;SME\&quot;,\n        \&quot;programDescription\&quot;: \&quot;HealthCare\&quot;,\n        \&quot;online\&quot;: false\n    },\n    {\n        \&quot;programId\&quot;: 9870,\n        \&quot;programName\&quot;: \&quot;Scrum Master\&quot;,\n        \&quot;programDescription\&quot;: \&quot;Agile\&quot;,\n        \&quot;online\&quot;: false\n    },\n    {\n        \&quot;programId\&quot;: 9871,\n        \&quot;programName\&quot;: \&quot;Backend Developer\&quot;,\n        \&quot;programDescription\&quot;: \&quot;Sql Developer\&quot;,\n        \&quot;online\&quot;: false\n    },\n    {\n        \&quot;programId\&quot;: 9872,\n        \&quot;programName\&quot;: \&quot;SME\&quot;,\n        \&quot;programDescription\&quot;: \&quot;HealthCare\&quot;,\n        \&quot;online\&quot;: false\n    },\n    {\n        \&quot;programId\&quot;: 9873,\n        \&quot;programName\&quot;: \&quot;Scrum Master\&quot;,\n        \&quot;programDescription\&quot;: \&quot;Agile\&quot;,\n        \&quot;online\&quot;: false\n    },\n    {\n        \&quot;programId\&quot;: 9874,\n        \&quot;programName\&quot;: \&quot;Backend Developer\&quot;,\n        \&quot;programDescription\&quot;: \&quot;Sql Developer\&quot;,\n        \&quot;online\&quot;: false\n    },\n    {\n        \&quot;programId\&quot;: 9875,\n        \&quot;programName\&quot;: \&quot;SME\&quot;,\n        \&quot;programDescription\&quot;: \&quot;HealthCare\&quot;,\n        \&quot;online\&quot;: false\n    },\n    {\n        \&quot;programId\&quot;: 9876,\n        \&quot;programName\&quot;: \&quot;Scrum Master\&quot;,\n        \&quot;programDescription\&quot;: \&quot;Agile\&quot;,\n        \&quot;online\&quot;: false\n    },\n    {\n        \&quot;programId\&quot;: 9877,\n        \&quot;programName\&quot;: \&quot;Backend Developer\&quot;,\n        \&quot;programDescription\&quot;: \&quot;Sql Developer\&quot;,\n        \&quot;online\&quot;: false\n    },\n    {\n        \&quot;programId\&quot;: 9878,\n        \&quot;programName\&quot;: \&quot;Java\&quot;,\n        \&quot;programDescription\&quot;: \&quot;Java Learning\&quot;,\n        \&quot;online\&quot;: true\n    },\n    {\n        \&quot;programId\&quot;: 9879,\n        \&quot;programName\&quot;: \&quot;C#\&quot;,\n        \&quot;programDescription\&quot;: \&quot;C# learning\&quot;,\n        \&quot;online\&quot;: false\n    },\n    {\n        \&quot;programId\&quot;: 9880,\n        \&quot;programName\&quot;: \&quot;Selenium\&quot;,\n        \&quot;programDescription\&quot;: \&quot;Selenium with Java\&quot;,\n        \&quot;online\&quot;: true\n    },\n    {\n        \&quot;programId\&quot;: 9881,\n        \&quot;programName\&quot;: \&quot;DotNet\&quot;,\n        \&quot;programDescription\&quot;: \&quot;DotNet\&quot;,\n        \&quot;online\&quot;: false\n    },\n    {\n        \&quot;programId\&quot;: 9882,\n        \&quot;programName\&quot;: \&quot;Testing\&quot;,\n        \&quot;programDescription\&quot;: \&quot;Testing\&quot;,\n        \&quot;online\&quot;: true\n    },\n    {\n        \&quot;programId\&quot;: 9883,\n        \&quot;programName\&quot;: \&quot;Testing\&quot;,\n        \&quot;programDescription\&quot;: \&quot;Testing\&quot;,\n        \&quot;online\&quot;: true\n    },\n    {\n        \&quot;programId\&quot;: 9911,\n        \&quot;programName\&quot;: \&quot;SDET\&quot;,\n        \&quot;programDescription\&quot;: \&quot;Selenium Postman\&quot;,\n        \&quot;online\&quot;: true\n    },\n    {\n        \&quot;programId\&quot;: 9888,\n        \&quot;programName\&quot;: \&quot;Devops123\&quot;,\n        \&quot;programDescription\&quot;: \&quot;New full stack web dev\&quot;,\n        \&quot;online\&quot;: false\n    },\n    {\n        \&quot;programId\&quot;: 9890,\n        \&quot;programName\&quot;: \&quot;Testing\&quot;,\n        \&quot;programDescription\&quot;: \&quot;Testing\&quot;,\n        \&quot;online\&quot;: true\n    },\n    {\n        \&quot;programId\&quot;: 9891,\n        \&quot;programName\&quot;: \&quot;Java\&quot;,\n        \&quot;programDescription\&quot;: \&quot;Java Learning\&quot;,\n        \&quot;online\&quot;: true\n    },\n    {\n        \&quot;programId\&quot;: 9892,\n        \&quot;programName\&quot;: \&quot;C#\&quot;,\n        \&quot;programDescription\&quot;: \&quot;C# learning\&quot;,\n        \&quot;online\&quot;: false\n    },\n    {\n        \&quot;programId\&quot;: 9893,\n        \&quot;programName\&quot;: \&quot;Selenium\&quot;,\n        \&quot;programDescription\&quot;: \&quot;Selenium with Java\&quot;,\n        \&quot;online\&quot;: true\n    },\n    {\n        \&quot;programId\&quot;: 9894,\n        \&quot;programName\&quot;: \&quot;DotNet\&quot;,\n        \&quot;programDescription\&quot;: \&quot;DotNet\&quot;,\n        \&quot;online\&quot;: false\n    },\n    {\n        \&quot;programId\&quot;: 5664,\n        \&quot;programName\&quot;: \&quot;Spring\&quot;,\n        \&quot;programDescription\&quot;: \&quot;Spring Boot Training\&quot;,\n        \&quot;online\&quot;: true\n    },\n    {\n        \&quot;programId\&quot;: 9899,\n        \&quot;programName\&quot;: \&quot;Testing\&quot;,\n        \&quot;programDescription\&quot;: \&quot;Testing\&quot;,\n        \&quot;online\&quot;: true\n    },\n    {\n        \&quot;programId\&quot;: 9912,\n        \&quot;programName\&quot;: \&quot;1234\&quot;,\n        \&quot;programDescription\&quot;: \&quot;Manual Testing\&quot;,\n        \&quot;online\&quot;: true\n    },\n    {\n        \&quot;programId\&quot;: 9901,\n        \&quot;programName\&quot;: \&quot;batman\&quot;,\n        \&quot;programDescription\&quot;: \&quot;string\&quot;,\n        \&quot;online\&quot;: true\n    },\n    {\n        \&quot;programId\&quot;: 9902,\n        \&quot;programName\&quot;: \&quot;unix\&quot;,\n        \&quot;programDescription\&quot;: \&quot;string\&quot;,\n        \&quot;online\&quot;: true\n    },\n    {\n        \&quot;programId\&quot;: 9903,\n        \&quot;programName\&quot;: \&quot;Testing\&quot;,\n        \&quot;programDescription\&quot;: \&quot;Testing\&quot;,\n        \&quot;online\&quot;: true\n    },\n    {\n        \&quot;programId\&quot;: 9904,\n        \&quot;programName\&quot;: \&quot;linux\&quot;,\n        \&quot;programDescription\&quot;: \&quot;core java\&quot;,\n        \&quot;online\&quot;: true\n    },\n    {\n        \&quot;programId\&quot;: 9905,\n        \&quot;programName\&quot;: \&quot;Multipal Digit Testing\&quot;,\n        \&quot;programDescription\&quot;: \&quot;Program ID Testing\&quot;,\n        \&quot;online\&quot;: true\n    },\n    {\n        \&quot;programId\&quot;: 9906,\n        \&quot;programName\&quot;: \&quot;ironman\&quot;,\n        \&quot;programDescription\&quot;: \&quot;Agile\&quot;,\n        \&quot;online\&quot;: true\n    },\n    {\n        \&quot;programId\&quot;: 9907,\n        \&quot;programName\&quot;: \&quot;Application Support\&quot;,\n        \&quot;programDescription\&quot;: \&quot;java\&quot;,\n        \&quot;online\&quot;: true\n    },\n    {\n        \&quot;programId\&quot;: 9908,\n        \&quot;programName\&quot;: \&quot;Testing\&quot;,\n        \&quot;programDescription\&quot;: \&quot;Testing\&quot;,\n        \&quot;online\&quot;: true\n    },\n    {\n        \&quot;programId\&quot;: 9913,\n        \&quot;programName\&quot;: \&quot;Blank testing\&quot;,\n        \&quot;programDescription\&quot;: \&quot;\&quot;,\n        \&quot;online\&quot;: false\n    },\n    {\n        \&quot;programId\&quot;: 9914,\n        \&quot;programName\&quot;: \&quot;API Testing\&quot;,\n        \&quot;programDescription\&quot;: \&quot;RestAssured Postman\&quot;,\n        \&quot;online\&quot;: false\n    },\n    {\n        \&quot;programId\&quot;: 9915,\n        \&quot;programName\&quot;: \&quot;SDET\&quot;,\n        \&quot;programDescription\&quot;: \&quot;Selenium\&quot;,\n        \&quot;online\&quot;: true\n    },\n    {\n        \&quot;programId\&quot;: 9916,\n        \&quot;programName\&quot;: \&quot;API Testing\&quot;,\n        \&quot;programDescription\&quot;: \&quot;Selenium Postman\&quot;,\n        \&quot;online\&quot;: false\n    },\n    {\n        \&quot;programId\&quot;: 9900,\n        \&quot;programName\&quot;: \&quot;Automation Testing\&quot;,\n        \&quot;programDescription\&quot;: \&quot;API Automation Testing\&quot;,\n        \&quot;online\&quot;: false\n    },\n    {\n        \&quot;programId\&quot;: 9918,\n        \&quot;programName\&quot;: \&quot;Testing\&quot;,\n        \&quot;programDescription\&quot;: \&quot;Testing\&quot;,\n        \&quot;online\&quot;: true\n    },\n    {\n        \&quot;programId\&quot;: 9919,\n        \&quot;programName\&quot;: \&quot;Testing\&quot;,\n        \&quot;programDescription\&quot;: \&quot;AutomationTesting\&quot;,\n        \&quot;online\&quot;: true\n    },\n    {\n        \&quot;programId\&quot;: 9920,\n        \&quot;programName\&quot;: \&quot;Oracle\&quot;,\n        \&quot;programDescription\&quot;: \&quot;Oracle Training done\&quot;,\n        \&quot;online\&quot;: false\n    },\n    {\n        \&quot;programId\&quot;: 9921,\n        \&quot;programName\&quot;: \&quot;Testing\&quot;,\n        \&quot;programDescription\&quot;: \&quot;Testing\&quot;,\n        \&quot;online\&quot;: true\n    },\n    {\n        \&quot;programId\&quot;: 9922,\n        \&quot;programName\&quot;: \&quot;Java\&quot;,\n        \&quot;programDescription\&quot;: \&quot;Java Learning\&quot;,\n        \&quot;online\&quot;: true\n    },\n    {\n        \&quot;programId\&quot;: 9923,\n        \&quot;programName\&quot;: \&quot;C#\&quot;,\n        \&quot;programDescription\&quot;: \&quot;C# learning\&quot;,\n        \&quot;online\&quot;: false\n    },\n    {\n        \&quot;programId\&quot;: 9924,\n        \&quot;programName\&quot;: \&quot;Selenium\&quot;,\n        \&quot;programDescription\&quot;: \&quot;Selenium with Java\&quot;,\n        \&quot;online\&quot;: true\n    },\n    {\n        \&quot;programId\&quot;: 9925,\n        \&quot;programName\&quot;: \&quot;DotNet\&quot;,\n        \&quot;programDescription\&quot;: \&quot;DotNet\&quot;,\n        \&quot;online\&quot;: false\n    },\n    {\n        \&quot;programId\&quot;: 9931,\n        \&quot;programName\&quot;: \&quot;DB\&quot;,\n        \&quot;programDescription\&quot;: \&quot;DB Training done\&quot;,\n        \&quot;online\&quot;: true\n    },\n    {\n        \&quot;programId\&quot;: 9934,\n        \&quot;programName\&quot;: \&quot;DB\&quot;,\n        \&quot;programDescription\&quot;: \&quot;DB Training done\&quot;,\n        \&quot;online\&quot;: true\n    },\n    {\n        \&quot;programId\&quot;: 9935,\n        \&quot;programName\&quot;: \&quot;Java\&quot;,\n        \&quot;programDescription\&quot;: \&quot;Java Learning\&quot;,\n        \&quot;online\&quot;: true\n    },\n    {\n        \&quot;programId\&quot;: 9936,\n        \&quot;programName\&quot;: \&quot;C#\&quot;,\n        \&quot;programDescription\&quot;: \&quot;C# learning\&quot;,\n        \&quot;online\&quot;: false\n    },\n    {\n        \&quot;programId\&quot;: 9937,\n        \&quot;programName\&quot;: \&quot;Selenium\&quot;,\n        \&quot;programDescription\&quot;: \&quot;Selenium with Java\&quot;,\n        \&quot;online\&quot;: true\n    },\n    {\n        \&quot;programId\&quot;: 9938,\n        \&quot;programName\&quot;: \&quot;DotNet\&quot;,\n        \&quot;programDescription\&quot;: \&quot;DotNet\&quot;,\n        \&quot;online\&quot;: false\n    },\n    {\n        \&quot;programId\&quot;: 9943,\n        \&quot;programName\&quot;: \&quot;DB One\&quot;,\n        \&quot;programDescription\&quot;: \&quot;DB Training done\&quot;,\n        \&quot;online\&quot;: true\n    },\n    {\n        \&quot;programId\&quot;: 9944,\n        \&quot;programName\&quot;: \&quot;\\\&quot;API Testing\\\&quot;\&quot;,\n        \&quot;programDescription\&quot;: \&quot;\\\&quot;RestAssured\\\&quot;\&quot;,\n        \&quot;online\&quot;: false\n    },\n    {\n        \&quot;programId\&quot;: 9945,\n        \&quot;programName\&quot;: \&quot;\\\&quot;Framework\\\&quot;\&quot;,\n        \&quot;programDescription\&quot;: \&quot;\\\&quot;Cucumber\\\&quot;\&quot;,\n        \&quot;online\&quot;: false\n    },\n    {\n        \&quot;programId\&quot;: 9947,\n        \&quot;programName\&quot;: \&quot;\\\&quot;Programming\\\&quot;\&quot;,\n        \&quot;programDescription\&quot;: \&quot;\\\&quot;Java\\\&quot;\&quot;,\n        \&quot;online\&quot;: false\n    },\n    {\n        \&quot;programId\&quot;: 9948,\n        \&quot;programName\&quot;: \&quot;Automation Testing \&quot;,\n        \&quot;programDescription\&quot;: \&quot;RestAssured\&quot;,\n        \&quot;online\&quot;: true\n    },\n    {\n        \&quot;programId\&quot;: 9949,\n        \&quot;programName\&quot;: \&quot;DB One\&quot;,\n        \&quot;programDescription\&quot;: \&quot;DB Training done\&quot;,\n        \&quot;online\&quot;: true\n    },\n    {\n        \&quot;programId\&quot;: 9950,\n        \&quot;programName\&quot;: \&quot;DB One\&quot;,\n        \&quot;programDescription\&quot;: \&quot;DB Training done\&quot;,\n        \&quot;online\&quot;: true\n    },\n    {\n        \&quot;programId\&quot;: 9951,\n        \&quot;programName\&quot;: \&quot;\\\&quot;API Testing\\\&quot;\&quot;,\n        \&quot;programDescription\&quot;: \&quot;\\\&quot;RestAssured\\\&quot;\&quot;,\n        \&quot;online\&quot;: false\n    },\n    {\n        \&quot;programId\&quot;: 9952,\n        \&quot;programName\&quot;: \&quot;\\\&quot;Framework\\\&quot;\&quot;,\n        \&quot;programDescription\&quot;: \&quot;\\\&quot;Cucumber\\\&quot;\&quot;,\n        \&quot;online\&quot;: false\n    },\n    {\n        \&quot;programId\&quot;: 9954,\n        \&quot;programName\&quot;: \&quot;\\\&quot;Programming\\\&quot;\&quot;,\n        \&quot;programDescription\&quot;: \&quot;\\\&quot;Java\\\&quot;\&quot;,\n        \&quot;online\&quot;: false\n    },\n    {\n        \&quot;programId\&quot;: 9955,\n        \&quot;programName\&quot;: \&quot;Automation Testing \&quot;,\n        \&quot;programDescription\&quot;: \&quot;RestAssured\&quot;,\n        \&quot;online\&quot;: true\n    },\n    {\n        \&quot;programId\&quot;: 9956,\n        \&quot;programName\&quot;: \&quot;Testing\&quot;,\n        \&quot;programDescription\&quot;: \&quot;Testing\&quot;,\n        \&quot;online\&quot;: true\n    },\n    {\n        \&quot;programId\&quot;: 9957,\n        \&quot;programName\&quot;: \&quot;SDET28\&quot;,\n        \&quot;programDescription\&quot;: \&quot;Automation \&quot;,\n        \&quot;online\&quot;: true\n    },\n    {\n        \&quot;programId\&quot;: 9958,\n        \&quot;programName\&quot;: \&quot;Testing\&quot;,\n        \&quot;programDescription\&quot;: \&quot;Testing\&quot;,\n        \&quot;online\&quot;: true\n    },\n    {\n        \&quot;programId\&quot;: 9959,\n        \&quot;programName\&quot;: \&quot;Testing\&quot;,\n        \&quot;programDescription\&quot;: \&quot;\&quot;,\n        \&quot;online\&quot;: true\n    },\n    {\n        \&quot;programId\&quot;: 9960,\n        \&quot;programName\&quot;: \&quot;SQL\&quot;,\n        \&quot;programDescription\&quot;: \&quot;SQL\&quot;,\n        \&quot;online\&quot;: false\n    },\n    {\n        \&quot;programId\&quot;: 9961,\n        \&quot;programName\&quot;: \&quot;Testing\&quot;,\n        \&quot;programDescription\&quot;: \&quot;Testing\&quot;,\n        \&quot;online\&quot;: false\n    },\n    {\n        \&quot;programId\&quot;: 9963,\n        \&quot;programName\&quot;: \&quot;1234\&quot;,\n        \&quot;programDescription\&quot;: \&quot;Testing\&quot;,\n        \&quot;online\&quot;: false\n    },\n    {\n        \&quot;programId\&quot;: 10088,\n        \&quot;programName\&quot;: \&quot;Testing modified\&quot;,\n        \&quot;programDescription\&quot;: \&quot;Testing modified\&quot;,\n        \&quot;online\&quot;: true\n    },\n    {\n        \&quot;programId\&quot;: 9964,\n        \&quot;programName\&quot;: \&quot;DS Algo\&quot;,\n        \&quot;programDescription\&quot;: \&quot;\&quot;,\n        \&quot;online\&quot;: true\n    },\n    {\n        \&quot;programId\&quot;: 9965,\n        \&quot;programName\&quot;: \&quot;SDET29\&quot;,\n        \&quot;programDescription\&quot;: \&quot;Testing\&quot;,\n        \&quot;online\&quot;: true\n    },\n    {\n        \&quot;programId\&quot;: 9966,\n        \&quot;programName\&quot;: \&quot;Testing\&quot;,\n        \&quot;programDescription\&quot;: \&quot;Testing\&quot;,\n        \&quot;online\&quot;: true\n    },\n    {\n        \&quot;programId\&quot;: 9967,\n        \&quot;programName\&quot;: \&quot;DB One\&quot;,\n        \&quot;programDescription\&quot;: \&quot;DB Training done\&quot;,\n        \&quot;online\&quot;: true\n    },\n    {\n        \&quot;programId\&quot;: 9970,\n        \&quot;programName\&quot;: \&quot;Devops123\&quot;,\n        \&quot;programDescription\&quot;: \&quot;New full stack web dev\&quot;,\n        \&quot;online\&quot;: false\n    },\n    {\n        \&quot;programId\&quot;: 9975,\n        \&quot;programName\&quot;: \&quot;batman\&quot;,\n        \&quot;programDescription\&quot;: \&quot;string\&quot;,\n        \&quot;online\&quot;: true\n    },\n    {\n        \&quot;programId\&quot;: 9976,\n        \&quot;programName\&quot;: \&quot;unix\&quot;,\n        \&quot;programDescription\&quot;: \&quot;string\&quot;,\n        \&quot;online\&quot;: true\n    },\n    {\n        \&quot;programId\&quot;: 9977,\n        \&quot;programName\&quot;: \&quot;linux\&quot;,\n        \&quot;programDescription\&quot;: \&quot;core java\&quot;,\n        \&quot;online\&quot;: true\n    },\n    {\n        \&quot;programId\&quot;: 9978,\n        \&quot;programName\&quot;: \&quot;Multipal Digit Testing\&quot;,\n        \&quot;programDescription\&quot;: \&quot;Program ID Testing\&quot;,\n        \&quot;online\&quot;: true\n    },\n    {\n        \&quot;programId\&quot;: 9979,\n        \&quot;programName\&quot;: \&quot;ironman\&quot;,\n        \&quot;programDescription\&quot;: \&quot;Agile\&quot;,\n        \&quot;online\&quot;: true\n    },\n    {\n        \&quot;programId\&quot;: 9980,\n        \&quot;programName\&quot;: \&quot;Application Support\&quot;,\n        \&quot;programDescription\&quot;: \&quot;java\&quot;,\n        \&quot;online\&quot;: true\n    },\n    {\n        \&quot;programId\&quot;: 9981,\n        \&quot;programName\&quot;: \&quot;Testing2\&quot;,\n        \&quot;programDescription\&quot;: \&quot;Testing2\&quot;,\n        \&quot;online\&quot;: true\n    },\n    {\n        \&quot;programId\&quot;: 9984,\n        \&quot;programName\&quot;: \&quot;Testing2\&quot;,\n        \&quot;programDescription\&quot;: \&quot;Testing2\&quot;,\n        \&quot;online\&quot;: true\n    },\n    {\n        \&quot;programId\&quot;: 9985,\n        \&quot;programName\&quot;: \&quot;batman\&quot;,\n        \&quot;programDescription\&quot;: \&quot;string\&quot;,\n        \&quot;online\&quot;: true\n    },\n    {\n        \&quot;programId\&quot;: 9986,\n        \&quot;programName\&quot;: \&quot;unix\&quot;,\n        \&quot;programDescription\&quot;: \&quot;string\&quot;,\n        \&quot;online\&quot;: true\n    },\n    {\n        \&quot;programId\&quot;: 9987,\n        \&quot;programName\&quot;: \&quot;linux\&quot;,\n        \&quot;programDescription\&quot;: \&quot;core java\&quot;,\n        \&quot;online\&quot;: true\n    },\n    {\n        \&quot;programId\&quot;: 9988,\n        \&quot;programName\&quot;: \&quot;Multipal Digit Testing\&quot;,\n        \&quot;programDescription\&quot;: \&quot;Program ID Testing\&quot;,\n        \&quot;online\&quot;: true\n    },\n    {\n        \&quot;programId\&quot;: 9989,\n        \&quot;programName\&quot;: \&quot;ironman\&quot;,\n        \&quot;programDescription\&quot;: \&quot;Agile\&quot;,\n        \&quot;online\&quot;: true\n    },\n    {\n        \&quot;programId\&quot;: 9990,\n        \&quot;programName\&quot;: \&quot;Application Support\&quot;,\n        \&quot;programDescription\&quot;: \&quot;java\&quot;,\n        \&quot;online\&quot;: true\n    },\n    {\n        \&quot;programId\&quot;: 9991,\n        \&quot;programName\&quot;: \&quot;Devops123\&quot;,\n        \&quot;programDescription\&quot;: \&quot;New full stack web dev\&quot;,\n        \&quot;online\&quot;: false\n    },\n    {\n        \&quot;programId\&quot;: 9820,\n        \&quot;programName\&quot;: \&quot;SDET\&quot;,\n        \&quot;programDescription\&quot;: \&quot;SDET20R\&quot;,\n        \&quot;online\&quot;: false\n    },\n    {\n        \&quot;programId\&quot;: 9995,\n        \&quot;programName\&quot;: \&quot;Testing modified\&quot;,\n        \&quot;programDescription\&quot;: \&quot;Testing modified\&quot;,\n        \&quot;online\&quot;: true\n    },\n    {\n        \&quot;programId\&quot;: 9996,\n        \&quot;programName\&quot;: \&quot;Testing modified\&quot;,\n        \&quot;programDescription\&quot;: \&quot;Testing modified\&quot;,\n        \&quot;online\&quot;: true\n    },\n    {\n        \&quot;programId\&quot;: 7436,\n        \&quot;programName\&quot;: \&quot;Testing modified\&quot;,\n        \&quot;programDescription\&quot;: \&quot;Testing modified\&quot;,\n        \&quot;online\&quot;: true\n    },\n    {\n        \&quot;programId\&quot;: 9997,\n        \&quot;programName\&quot;: \&quot;\\\&quot;API Testing\\\&quot;\&quot;,\n        \&quot;programDescription\&quot;: \&quot;\\\&quot;RestAssured\\\&quot;\&quot;,\n        \&quot;online\&quot;: false\n    },\n    {\n        \&quot;programId\&quot;: 9998,\n        \&quot;programName\&quot;: \&quot;\\\&quot;Framework\\\&quot;\&quot;,\n        \&quot;programDescription\&quot;: \&quot;\\\&quot;Cucumber\\\&quot;\&quot;,\n        \&quot;online\&quot;: false\n    },\n    {\n        \&quot;programId\&quot;: 10000,\n        \&quot;programName\&quot;: \&quot;\\\&quot;Programming\\\&quot;\&quot;,\n        \&quot;programDescription\&quot;: \&quot;\\\&quot;Java\\\&quot;\&quot;,\n        \&quot;online\&quot;: false\n    },\n    {\n        \&quot;programId\&quot;: 10001,\n        \&quot;programName\&quot;: \&quot;Automation Testing \&quot;,\n        \&quot;programDescription\&quot;: \&quot;RestAssured\&quot;,\n        \&quot;online\&quot;: true\n    },\n    {\n        \&quot;programId\&quot;: 10002,\n        \&quot;programName\&quot;: \&quot;Testing modified\&quot;,\n        \&quot;programDescription\&quot;: \&quot;Testing modified\&quot;,\n        \&quot;online\&quot;: true\n    },\n    {\n        \&quot;programId\&quot;: 10003,\n        \&quot;programName\&quot;: \&quot;SDET26\&quot;,\n        \&quot;programDescription\&quot;: \&quot;Automation\&quot;,\n        \&quot;online\&quot;: true\n    },\n    {\n        \&quot;programId\&quot;: 10004,\n        \&quot;programName\&quot;: \&quot;SDET26\&quot;,\n        \&quot;programDescription\&quot;: \&quot;700\&quot;,\n        \&quot;online\&quot;: true\n    },\n    {\n        \&quot;programId\&quot;: 10005,\n        \&quot;programName\&quot;: \&quot;2h78\&quot;,\n        \&quot;programDescription\&quot;: \&quot;70\&quot;,\n        \&quot;online\&quot;: true\n    },\n    {\n        \&quot;programId\&quot;: 10006,\n        \&quot;programName\&quot;: \&quot;75g\&quot;,\n        \&quot;programDescription\&quot;: \&quot;num programname\&quot;,\n        \&quot;online\&quot;: true\n    },\n    {\n        \&quot;programId\&quot;: 10007,\n        \&quot;programName\&quot;: \&quot;num prog desc\&quot;,\n        \&quot;programDescription\&quot;: \&quot;75g\&quot;,\n        \&quot;online\&quot;: true\n    },\n    {\n        \&quot;programId\&quot;: 10008,\n        \&quot;programName\&quot;: \&quot;78&amp;?\&quot;,\n        \&quot;programDescription\&quot;: \&quot;special char pgname\&quot;,\n        \&quot;online\&quot;: true\n    },\n    {\n        \&quot;programId\&quot;: 10009,\n        \&quot;programName\&quot;: \&quot;0.456\&quot;,\n        \&quot;programDescription\&quot;: \&quot;decimal pgname\&quot;,\n        \&quot;online\&quot;: true\n    },\n    {\n        \&quot;programId\&quot;: 10089,\n        \&quot;programName\&quot;: \&quot;Testing modified\&quot;,\n        \&quot;programDescription\&quot;: \&quot;Testing modified\&quot;,\n        \&quot;online\&quot;: true\n    },\n    {\n        \&quot;programId\&quot;: 10012,\n        \&quot;programName\&quot;: \&quot;Python programming\&quot;,\n        \&quot;programDescription\&quot;: \&quot;Learn Python\&quot;,\n        \&quot;online\&quot;: true\n    },\n    {\n        \&quot;programId\&quot;: 10013,\n        \&quot;programName\&quot;: \&quot;API testing\&quot;,\n        \&quot;programDescription\&quot;: \&quot;Testing using Postman \&quot;,\n        \&quot;online\&quot;: true\n    },\n    {\n        \&quot;programId\&quot;: 10090,\n        \&quot;programName\&quot;: \&quot;Testing modified\&quot;,\n        \&quot;programDescription\&quot;: \&quot;Testing modified\&quot;,\n        \&quot;online\&quot;: true\n    },\n    {\n        \&quot;programId\&quot;: 10016,\n        \&quot;programName\&quot;: \&quot;SDET26\&quot;,\n        \&quot;programDescription\&quot;: \&quot;management\&quot;,\n        \&quot;online\&quot;: true\n    },\n    {\n        \&quot;programId\&quot;: 10017,\n        \&quot;programName\&quot;: \&quot;SDET\&quot;,\n        \&quot;programDescription\&quot;: \&quot;api\&quot;,\n        \&quot;online\&quot;: true\n    },\n    {\n        \&quot;programId\&quot;: 10018,\n        \&quot;programName\&quot;: \&quot;SDET26\&quot;,\n        \&quot;programDescription\&quot;: \&quot;Automation testing\&quot;,\n        \&quot;online\&quot;: true\n    },\n    {\n        \&quot;programId\&quot;: 10019,\n        \&quot;programName\&quot;: \&quot;DS\&quot;,\n        \&quot;programDescription\&quot;: \&quot;data science\&quot;,\n        \&quot;online\&quot;: false\n    },\n    {\n        \&quot;programId\&quot;: 10020,\n        \&quot;programName\&quot;: \&quot;SDET28\&quot;,\n        \&quot;programDescription\&quot;: \&quot;Automation \&quot;,\n        \&quot;online\&quot;: true\n    },\n    {\n        \&quot;programId\&quot;: 10091,\n        \&quot;programName\&quot;: \&quot;Testing modified\&quot;,\n        \&quot;programDescription\&quot;: \&quot;Testing modified\&quot;,\n        \&quot;online\&quot;: true\n    },\n    {\n        \&quot;programId\&quot;: 10021,\n        \&quot;programName\&quot;: \&quot;Testing\&quot;,\n        \&quot;programDescription\&quot;: \&quot;Testing\&quot;,\n        \&quot;online\&quot;: true\n    },\n    {\n        \&quot;programId\&quot;: 10022,\n        \&quot;programName\&quot;: \&quot;Testing\&quot;,\n        \&quot;programDescription\&quot;: \&quot;\&quot;,\n        \&quot;online\&quot;: true\n    },\n    {\n        \&quot;programId\&quot;: 10023,\n        \&quot;programName\&quot;: \&quot;SQL\&quot;,\n        \&quot;programDescription\&quot;: \&quot;SQL\&quot;,\n        \&quot;online\&quot;: false\n    },\n    {\n        \&quot;programId\&quot;: 10024,\n        \&quot;programName\&quot;: \&quot;Testing\&quot;,\n        \&quot;programDescription\&quot;: \&quot;Testing\&quot;,\n        \&quot;online\&quot;: false\n    },\n    {\n        \&quot;programId\&quot;: 10026,\n        \&quot;programName\&quot;: \&quot;1234\&quot;,\n        \&quot;programDescription\&quot;: \&quot;Testing\&quot;,\n        \&quot;online\&quot;: false\n    },\n    {\n        \&quot;programId\&quot;: 7906,\n        \&quot;programName\&quot;: \&quot;Python\&quot;,\n        \&quot;programDescription\&quot;: \&quot;Automation \&quot;,\n        \&quot;online\&quot;: true\n    },\n    {\n        \&quot;programId\&quot;: 10027,\n        \&quot;programName\&quot;: \&quot;DS Algo\&quot;,\n        \&quot;programDescription\&quot;: \&quot;\&quot;,\n        \&quot;online\&quot;: true\n    },\n    {\n        \&quot;programId\&quot;: 10028,\n        \&quot;programName\&quot;: \&quot;SDET29\&quot;,\n        \&quot;programDescription\&quot;: \&quot;Testing\&quot;,\n        \&quot;online\&quot;: true\n    },\n    {\n        \&quot;programId\&quot;: 10029,\n        \&quot;programName\&quot;: \&quot;SDET26\&quot;,\n        \&quot;programDescription\&quot;: \&quot;Automation\&quot;,\n        \&quot;online\&quot;: true\n    },\n    {\n        \&quot;programId\&quot;: 10030,\n        \&quot;programName\&quot;: \&quot;SDET26\&quot;,\n        \&quot;programDescription\&quot;: \&quot;700\&quot;,\n        \&quot;online\&quot;: true\n    },\n    {\n        \&quot;programId\&quot;: 10031,\n        \&quot;programName\&quot;: \&quot;2h78\&quot;,\n        \&quot;programDescription\&quot;: \&quot;70\&quot;,\n        \&quot;online\&quot;: true\n    },\n    {\n        \&quot;programId\&quot;: 10032,\n        \&quot;programName\&quot;: \&quot;75g\&quot;,\n        \&quot;programDescription\&quot;: \&quot;num programname\&quot;,\n        \&quot;online\&quot;: true\n    },\n    {\n        \&quot;programId\&quot;: 10033,\n        \&quot;programName\&quot;: \&quot;num prog desc\&quot;,\n        \&quot;programDescription\&quot;: \&quot;75g\&quot;,\n        \&quot;online\&quot;: true\n    },\n    {\n        \&quot;programId\&quot;: 10034,\n        \&quot;programName\&quot;: \&quot;78&amp;?\&quot;,\n        \&quot;programDescription\&quot;: \&quot;special char pgname\&quot;,\n        \&quot;online\&quot;: true\n    },\n    {\n        \&quot;programId\&quot;: 10035,\n        \&quot;programName\&quot;: \&quot;0.456\&quot;,\n        \&quot;programDescription\&quot;: \&quot;decimal pgname\&quot;,\n        \&quot;online\&quot;: true\n    },\n    {\n        \&quot;programId\&quot;: 10036,\n        \&quot;programName\&quot;: \&quot;batman\&quot;,\n        \&quot;programDescription\&quot;: \&quot;string\&quot;,\n        \&quot;online\&quot;: true\n    },\n    {\n        \&quot;programId\&quot;: 10037,\n        \&quot;programName\&quot;: \&quot;unix\&quot;,\n        \&quot;programDescription\&quot;: \&quot;string\&quot;,\n        \&quot;online\&quot;: true\n    },\n    {\n        \&quot;programId\&quot;: 10038,\n        \&quot;programName\&quot;: \&quot;linux\&quot;,\n        \&quot;programDescription\&quot;: \&quot;core java\&quot;,\n        \&quot;online\&quot;: true\n    },\n    {\n        \&quot;programId\&quot;: 10039,\n        \&quot;programName\&quot;: \&quot;Multipal Digit Testing\&quot;,\n        \&quot;programDescription\&quot;: \&quot;Program ID Testing\&quot;,\n        \&quot;online\&quot;: true\n    },\n    {\n        \&quot;programId\&quot;: 10040,\n        \&quot;programName\&quot;: \&quot;ironman\&quot;,\n        \&quot;programDescription\&quot;: \&quot;Agile\&quot;,\n        \&quot;online\&quot;: true\n    },\n    {\n        \&quot;programId\&quot;: 10041,\n        \&quot;programName\&quot;: \&quot;Application Support\&quot;,\n        \&quot;programDescription\&quot;: \&quot;java\&quot;,\n        \&quot;online\&quot;: true\n    },\n    {\n        \&quot;programId\&quot;: 10043,\n        \&quot;programName\&quot;: \&quot;string\&quot;,\n        \&quot;programDescription\&quot;: \&quot;string\&quot;,\n        \&quot;online\&quot;: true\n    },\n    {\n        \&quot;programId\&quot;: 10042,\n        \&quot;programName\&quot;: \&quot;modified testing\&quot;,\n        \&quot;programDescription\&quot;: \&quot;modified testing\&quot;,\n        \&quot;online\&quot;: true\n    },\n    {\n        \&quot;programId\&quot;: 10044,\n        \&quot;programName\&quot;: \&quot;SDET\&quot;,\n        \&quot;programDescription\&quot;: \&quot;Testing Insert\&quot;,\n        \&quot;online\&quot;: true\n    },\n    {\n        \&quot;programId\&quot;: 10045,\n        \&quot;programName\&quot;: \&quot;SDET\&quot;,\n        \&quot;programDescription\&quot;: \&quot;Testing Insert\&quot;,\n        \&quot;online\&quot;: true\n    },\n    {\n        \&quot;programId\&quot;: 10046,\n        \&quot;programName\&quot;: \&quot;SDET\&quot;,\n        \&quot;programDescription\&quot;: \&quot;Testing Insert\&quot;,\n        \&quot;online\&quot;: true\n    },\n    {\n        \&quot;programId\&quot;: 10047,\n        \&quot;programName\&quot;: \&quot;SDET\&quot;,\n        \&quot;programDescription\&quot;: \&quot;Testing Insert\&quot;,\n        \&quot;online\&quot;: true\n    },\n    {\n        \&quot;programId\&quot;: 10048,\n        \&quot;programName\&quot;: \&quot;Devops123\&quot;,\n        \&quot;programDescription\&quot;: \&quot;New full stack web dev\&quot;,\n        \&quot;online\&quot;: false\n    },\n    {\n        \&quot;programId\&quot;: 10053,\n        \&quot;programName\&quot;: \&quot;\\\&quot;API Testing\\\&quot;\&quot;,\n        \&quot;programDescription\&quot;: \&quot;\\\&quot;RestAssured\\\&quot;\&quot;,\n        \&quot;online\&quot;: false\n    },\n    {\n        \&quot;programId\&quot;: 10054,\n        \&quot;programName\&quot;: \&quot;\\\&quot;Framework\\\&quot;\&quot;,\n        \&quot;programDescription\&quot;: \&quot;\\\&quot;Cucumber\\\&quot;\&quot;,\n        \&quot;online\&quot;: false\n    },\n    {\n        \&quot;programId\&quot;: 10056,\n        \&quot;programName\&quot;: \&quot;\\\&quot;API Testing\\\&quot;\&quot;,\n        \&quot;programDescription\&quot;: \&quot;\\\&quot;RestAssured\\\&quot;\&quot;,\n        \&quot;online\&quot;: false\n    },\n    {\n        \&quot;programId\&quot;: 10057,\n        \&quot;programName\&quot;: \&quot;\\\&quot;Framework\\\&quot;\&quot;,\n        \&quot;programDescription\&quot;: \&quot;\\\&quot;Cucumber\\\&quot;\&quot;,\n        \&quot;online\&quot;: false\n    },\n    {\n        \&quot;programId\&quot;: 10059,\n        \&quot;programName\&quot;: \&quot;\\\&quot;API Testing\\\&quot;\&quot;,\n        \&quot;programDescription\&quot;: \&quot;\\\&quot;RestAssured\\\&quot;\&quot;,\n        \&quot;online\&quot;: false\n    },\n    {\n        \&quot;programId\&quot;: 10061,\n        \&quot;programName\&quot;: \&quot;\\\&quot;API Testing\\\&quot;\&quot;,\n        \&quot;programDescription\&quot;: \&quot;\\\&quot;RestAssured\\\&quot;\&quot;,\n        \&quot;online\&quot;: false\n    },\n    {\n        \&quot;programId\&quot;: 10063,\n        \&quot;programName\&quot;: \&quot;Testing modified\&quot;,\n        \&quot;programDescription\&quot;: \&quot;Testing modified\&quot;,\n        \&quot;online\&quot;: true\n    },\n    {\n        \&quot;programId\&quot;: 10064,\n        \&quot;programName\&quot;: \&quot;Testing modified\&quot;,\n        \&quot;programDescription\&quot;: \&quot;Testing modified\&quot;,\n        \&quot;online\&quot;: true\n    },\n    {\n        \&quot;programId\&quot;: 10065,\n        \&quot;programName\&quot;: \&quot;Testing modified\&quot;,\n        \&quot;programDescription\&quot;: \&quot;Testing modified\&quot;,\n        \&quot;online\&quot;: true\n    },\n    {\n        \&quot;programId\&quot;: 10066,\n        \&quot;programName\&quot;: \&quot;Testing modified\&quot;,\n        \&quot;programDescription\&quot;: \&quot;Testing modified\&quot;,\n        \&quot;online\&quot;: true\n    },\n    {\n        \&quot;programId\&quot;: 10067,\n        \&quot;programName\&quot;: \&quot;\\\&quot;API Testing\\\&quot;\&quot;,\n        \&quot;programDescription\&quot;: \&quot;\\\&quot;RestAssured\\\&quot;\&quot;,\n        \&quot;online\&quot;: false\n    },\n    {\n        \&quot;programId\&quot;: 10069,\n        \&quot;programName\&quot;: \&quot;\\\&quot;API Testing\\\&quot;\&quot;,\n        \&quot;programDescription\&quot;: \&quot;\\\&quot;RestAssured\\\&quot;\&quot;,\n        \&quot;online\&quot;: false\n    },\n    {\n        \&quot;programId\&quot;: 10071,\n        \&quot;programName\&quot;: \&quot;\\\&quot;API Testing\\\&quot;\&quot;,\n        \&quot;programDescription\&quot;: \&quot;\\\&quot;RestAssured\\\&quot;\&quot;,\n        \&quot;online\&quot;: false\n    },\n    {\n        \&quot;programId\&quot;: 10073,\n        \&quot;programName\&quot;: \&quot;\\\&quot;API Testing\\\&quot;\&quot;,\n        \&quot;programDescription\&quot;: \&quot;\\\&quot;RestAssured\\\&quot;\&quot;,\n        \&quot;online\&quot;: false\n    },\n    {\n        \&quot;programId\&quot;: 10075,\n        \&quot;programName\&quot;: \&quot;\\\&quot;API Testing\\\&quot;\&quot;,\n        \&quot;programDescription\&quot;: \&quot;\\\&quot;RestAssured\\\&quot;\&quot;,\n        \&quot;online\&quot;: false\n    },\n    {\n        \&quot;programId\&quot;: 10077,\n        \&quot;programName\&quot;: \&quot;\\\&quot;API Testing\\\&quot;\&quot;,\n        \&quot;programDescription\&quot;: \&quot;\\\&quot;RestAssured\\\&quot;\&quot;,\n        \&quot;online\&quot;: false\n    },\n    {\n        \&quot;programId\&quot;: 10080,\n        \&quot;programName\&quot;: \&quot;nerre\&quot;,\n        \&quot;programDescription\&quot;: \&quot;ts\&quot;,\n        \&quot;online\&quot;: false\n    },\n    {\n        \&quot;programId\&quot;: 10081,\n        \&quot;programName\&quot;: \&quot;nerre\&quot;,\n        \&quot;programDescription\&quot;: \&quot;ts\&quot;,\n        \&quot;online\&quot;: true\n    },\n    {\n        \&quot;programId\&quot;: 10082,\n        \&quot;programName\&quot;: \&quot;nerre\&quot;,\n        \&quot;programDescription\&quot;: \&quot;ts\&quot;,\n        \&quot;online\&quot;: true\n    },\n    {\n        \&quot;programId\&quot;: 10084,\n        \&quot;programName\&quot;: \&quot;\\\&quot;API Testing\\\&quot;\&quot;,\n        \&quot;programDescription\&quot;: \&quot;\\\&quot;RestAssured\\\&quot;\&quot;,\n        \&quot;online\&quot;: false\n    },\n    {\n        \&quot;programId\&quot;: 10086,\n        \&quot;programName\&quot;: \&quot;\\\&quot;Programming\\\&quot;\&quot;,\n        \&quot;programDescription\&quot;: \&quot;\\\&quot;Java\\\&quot;\&quot;,\n        \&quot;online\&quot;: false\n    },\n    {\n        \&quot;programId\&quot;: 10087,\n        \&quot;programName\&quot;: \&quot;Automation Testing \&quot;,\n        \&quot;programDescription\&quot;: \&quot;RestAssured\&quot;,\n        \&quot;online\&quot;: true\n    },\n    {\n        \&quot;programId\&quot;: 10092,\n        \&quot;programName\&quot;: \&quot;Testing modified\&quot;,\n        \&quot;programDescription\&quot;: \&quot;Testing modified\&quot;,\n        \&quot;online\&quot;: true\n    },\n    {\n        \&quot;programId\&quot;: 10093,\n        \&quot;programName\&quot;: \&quot;Testing modified\&quot;,\n        \&quot;programDescription\&quot;: \&quot;Testing modified\&quot;,\n        \&quot;online\&quot;: true\n    },\n    {\n        \&quot;programId\&quot;: 10094,\n        \&quot;programName\&quot;: \&quot;Testing modified\&quot;,\n        \&quot;programDescription\&quot;: \&quot;Testing modified\&quot;,\n        \&quot;online\&quot;: true\n    },\n    {\n        \&quot;programId\&quot;: 10095,\n        \&quot;programName\&quot;: \&quot;Testing modified\&quot;,\n        \&quot;programDescription\&quot;: \&quot;Testing modified\&quot;,\n        \&quot;online\&quot;: true\n    },\n    {\n        \&quot;programId\&quot;: 10096,\n        \&quot;programName\&quot;: \&quot;Testing modified\&quot;,\n        \&quot;programDescription\&quot;: \&quot;Testing modified\&quot;,\n        \&quot;online\&quot;: true\n    },\n    {\n        \&quot;programId\&quot;: 10097,\n        \&quot;programName\&quot;: \&quot;Testing modified\&quot;,\n        \&quot;programDescription\&quot;: \&quot;Testing modified\&quot;,\n        \&quot;online\&quot;: true\n    },\n    {\n        \&quot;programId\&quot;: 10098,\n        \&quot;programName\&quot;: \&quot;Testing modified\&quot;,\n        \&quot;programDescription\&quot;: \&quot;Testing modified\&quot;,\n        \&quot;online\&quot;: true\n    },\n    {\n        \&quot;programId\&quot;: 10099,\n        \&quot;programName\&quot;: \&quot;Testing modified\&quot;,\n        \&quot;programDescription\&quot;: \&quot;Testing modified\&quot;,\n        \&quot;online\&quot;: true\n    },\n    {\n        \&quot;programId\&quot;: 10100,\n        \&quot;programName\&quot;: \&quot;Testing modified\&quot;,\n        \&quot;programDescription\&quot;: \&quot;Testing modified\&quot;,\n        \&quot;online\&quot;: true\n    },\n    {\n        \&quot;programId\&quot;: 10101,\n        \&quot;programName\&quot;: \&quot;Testing modified\&quot;,\n        \&quot;programDescription\&quot;: \&quot;Testing modified\&quot;,\n        \&quot;online\&quot;: true\n    },\n    {\n        \&quot;programId\&quot;: 10102,\n        \&quot;programName\&quot;: \&quot;Testing modified\&quot;,\n        \&quot;programDescription\&quot;: \&quot;Testing modified\&quot;,\n        \&quot;online\&quot;: true\n    },\n    {\n        \&quot;programId\&quot;: 10103,\n        \&quot;programName\&quot;: \&quot;Testing modified\&quot;,\n        \&quot;programDescription\&quot;: \&quot;Testing modified\&quot;,\n        \&quot;online\&quot;: true\n    },\n    {\n        \&quot;programId\&quot;: 10104,\n        \&quot;programName\&quot;: \&quot;Testing modified\&quot;,\n        \&quot;programDescription\&quot;: \&quot;Testing modified\&quot;,\n        \&quot;online\&quot;: true\n    },\n    {\n        \&quot;programId\&quot;: 10105,\n        \&quot;programName\&quot;: \&quot;Testing modified\&quot;,\n        \&quot;programDescription\&quot;: \&quot;Testing modified\&quot;,\n        \&quot;online\&quot;: true\n    },\n    {\n        \&quot;programId\&quot;: 10106,\n        \&quot;programName\&quot;: \&quot;Testing modified\&quot;,\n        \&quot;programDescription\&quot;: \&quot;Testing modified\&quot;,\n        \&quot;online\&quot;: true\n    },\n    {\n        \&quot;programId\&quot;: 10107,\n        \&quot;programName\&quot;: \&quot;Testing modified\&quot;,\n        \&quot;programDescription\&quot;: \&quot;Testing modified\&quot;,\n        \&quot;online\&quot;: true\n    },\n    {\n        \&quot;programId\&quot;: 10108,\n        \&quot;programName\&quot;: \&quot;Testing modified\&quot;,\n        \&quot;programDescription\&quot;: \&quot;Testing modified\&quot;,\n        \&quot;online\&quot;: true\n    },\n    {\n        \&quot;programId\&quot;: 10109,\n        \&quot;programName\&quot;: \&quot;Testing modified\&quot;,\n        \&quot;programDescription\&quot;: \&quot;Testing modified\&quot;,\n        \&quot;online\&quot;: true\n    },\n    {\n        \&quot;programId\&quot;: 10110,\n        \&quot;programName\&quot;: \&quot;Testing modified\&quot;,\n        \&quot;programDescription\&quot;: \&quot;Testing modified\&quot;,\n        \&quot;online\&quot;: true\n    },\n    {\n        \&quot;programId\&quot;: 10111,\n        \&quot;programName\&quot;: \&quot;Testing modified\&quot;,\n        \&quot;programDescription\&quot;: \&quot;Testing modified\&quot;,\n        \&quot;online\&quot;: true\n    },\n    {\n        \&quot;programId\&quot;: 10112,\n        \&quot;programName\&quot;: \&quot;Testing modified\&quot;,\n        \&quot;programDescription\&quot;: \&quot;Testing modified\&quot;,\n        \&quot;online\&quot;: true\n    },\n    {\n        \&quot;programId\&quot;: 10113,\n        \&quot;programName\&quot;: \&quot;Testing modified\&quot;,\n        \&quot;programDescription\&quot;: \&quot;Testing modified\&quot;,\n        \&quot;online\&quot;: true\n    },\n    {\n        \&quot;programId\&quot;: 10114,\n        \&quot;programName\&quot;: \&quot;Testing modified\&quot;,\n        \&quot;programDescription\&quot;: \&quot;Testing modified\&quot;,\n        \&quot;online\&quot;: true\n    },\n    {\n        \&quot;programId\&quot;: 10115,\n        \&quot;programName\&quot;: \&quot;Testing modified\&quot;,\n        \&quot;programDescription\&quot;: \&quot;Testing modified\&quot;,\n        \&quot;online\&quot;: true\n    },\n    {\n        \&quot;programId\&quot;: 10116,\n        \&quot;programName\&quot;: \&quot;Testing modified\&quot;,\n        \&quot;programDescription\&quot;: \&quot;Testing modified\&quot;,\n        \&quot;online\&quot;: true\n    },\n    {\n        \&quot;programId\&quot;: 10117,\n        \&quot;programName\&quot;: \&quot;Testing modified\&quot;,\n        \&quot;programDescription\&quot;: \&quot;Testing modified\&quot;,\n        \&quot;online\&quot;: true\n    },\n    {\n        \&quot;programId\&quot;: 10118,\n        \&quot;programName\&quot;: \&quot;\\\&quot;API Testing\\\&quot;\&quot;,\n        \&quot;programDescription\&quot;: \&quot;\\\&quot;RestAssured\\\&quot;\&quot;,\n        \&quot;online\&quot;: false\n    },\n    {\n        \&quot;programId\&quot;: 10120,\n        \&quot;programName\&quot;: \&quot;\\\&quot;Programming\\\&quot;\&quot;,\n        \&quot;programDescription\&quot;: \&quot;\\\&quot;Java\\\&quot;\&quot;,\n        \&quot;online\&quot;: false\n    },\n    {\n        \&quot;programId\&quot;: 10121,\n        \&quot;programName\&quot;: \&quot;Automation Testing \&quot;,\n        \&quot;programDescription\&quot;: \&quot;RestAssured\&quot;,\n        \&quot;online\&quot;: true\n    },\n    {\n        \&quot;programId\&quot;: 10122,\n        \&quot;programName\&quot;: \&quot;Testing modified\&quot;,\n        \&quot;programDescription\&quot;: \&quot;Testing modified\&quot;,\n        \&quot;online\&quot;: true\n    },\n    {\n        \&quot;programId\&quot;: 10123,\n        \&quot;programName\&quot;: \&quot;Testing modified\&quot;,\n        \&quot;programDescription\&quot;: \&quot;Testing modified\&quot;,\n        \&quot;online\&quot;: true\n    },\n    {\n        \&quot;programId\&quot;: 10124,\n        \&quot;programName\&quot;: \&quot;Testing modified\&quot;,\n        \&quot;programDescription\&quot;: \&quot;Testing modified\&quot;,\n        \&quot;online\&quot;: true\n    },\n    {\n        \&quot;programId\&quot;: 10125,\n        \&quot;programName\&quot;: \&quot;Testing modified\&quot;,\n        \&quot;programDescription\&quot;: \&quot;Testing modified\&quot;,\n        \&quot;online\&quot;: true\n    },\n    {\n        \&quot;programId\&quot;: 10126,\n        \&quot;programName\&quot;: \&quot;Testing modified\&quot;,\n        \&quot;programDescription\&quot;: \&quot;Testing modified\&quot;,\n        \&quot;online\&quot;: true\n    },\n    {\n        \&quot;programId\&quot;: 10127,\n        \&quot;programName\&quot;: \&quot;Testing modified\&quot;,\n        \&quot;programDescription\&quot;: \&quot;Testing modified\&quot;,\n        \&quot;online\&quot;: true\n    },\n    {\n        \&quot;programId\&quot;: 10128,\n        \&quot;programName\&quot;: \&quot;\\\&quot;API Testing\\\&quot;\&quot;,\n        \&quot;programDescription\&quot;: \&quot;\\\&quot;RestAssured\\\&quot;\&quot;,\n        \&quot;online\&quot;: false\n    },\n    {\n        \&quot;programId\&quot;: 10130,\n        \&quot;programName\&quot;: \&quot;\\\&quot;Programming\\\&quot;\&quot;,\n        \&quot;programDescription\&quot;: \&quot;\\\&quot;Java\\\&quot;\&quot;,\n        \&quot;online\&quot;: false\n    },\n    {\n        \&quot;programId\&quot;: 10131,\n        \&quot;programName\&quot;: \&quot;Automation Testing \&quot;,\n        \&quot;programDescription\&quot;: \&quot;RestAssured\&quot;,\n        \&quot;online\&quot;: true\n    },\n    {\n        \&quot;programId\&quot;: 10132,\n        \&quot;programName\&quot;: \&quot;batman\&quot;,\n        \&quot;programDescription\&quot;: \&quot;string\&quot;,\n        \&quot;online\&quot;: true\n    },\n    {\n        \&quot;programId\&quot;: 10133,\n        \&quot;programName\&quot;: \&quot;Testing modified\&quot;,\n        \&quot;programDescription\&quot;: \&quot;Testing modified\&quot;,\n        \&quot;online\&quot;: true\n    },\n    {\n        \&quot;programId\&quot;: 10134,\n        \&quot;programName\&quot;: \&quot;Testing modified\&quot;,\n        \&quot;programDescription\&quot;: \&quot;Testing modified\&quot;,\n        \&quot;online\&quot;: true\n    },\n    {\n        \&quot;programId\&quot;: 10135,\n        \&quot;programName\&quot;: \&quot;Testing modified\&quot;,\n        \&quot;programDescription\&quot;: \&quot;Testing modified\&quot;,\n        \&quot;online\&quot;: true\n    },\n    {\n        \&quot;programId\&quot;: 10136,\n        \&quot;programName\&quot;: \&quot;Testing modified\&quot;,\n        \&quot;programDescription\&quot;: \&quot;Testing modified\&quot;,\n        \&quot;online\&quot;: true\n    },\n    {\n        \&quot;programId\&quot;: 10137,\n        \&quot;programName\&quot;: \&quot;Testing modified\&quot;,\n        \&quot;programDescription\&quot;: \&quot;Testing modified\&quot;,\n        \&quot;online\&quot;: true\n    },\n    {\n        \&quot;programId\&quot;: 10138,\n        \&quot;programName\&quot;: \&quot;Testing modified\&quot;,\n        \&quot;programDescription\&quot;: \&quot;Testing modified\&quot;,\n        \&quot;online\&quot;: true\n    },\n    {\n        \&quot;programId\&quot;: 10139,\n        \&quot;programName\&quot;: \&quot;Testing modified\&quot;,\n        \&quot;programDescription\&quot;: \&quot;Testing modified\&quot;,\n        \&quot;online\&quot;: true\n    },\n    {\n        \&quot;programId\&quot;: 10140,\n        \&quot;programName\&quot;: \&quot;Testing modified\&quot;,\n        \&quot;programDescription\&quot;: \&quot;Testing modified\&quot;,\n        \&quot;online\&quot;: true\n    },\n    {\n        \&quot;programId\&quot;: 10141,\n        \&quot;programName\&quot;: \&quot;Testing modified\&quot;,\n        \&quot;programDescription\&quot;: \&quot;Testing modified\&quot;,\n        \&quot;online\&quot;: true\n    },\n    {\n        \&quot;programId\&quot;: 10142,\n        \&quot;programName\&quot;: \&quot;Testing modified\&quot;,\n        \&quot;programDescription\&quot;: \&quot;Testing modified\&quot;,\n        \&quot;online\&quot;: true\n    },\n    {\n        \&quot;programId\&quot;: 10143,\n        \&quot;programName\&quot;: \&quot;Testing modified\&quot;,\n        \&quot;programDescription\&quot;: \&quot;Testing modified\&quot;,\n        \&quot;online\&quot;: true\n    },\n    {\n        \&quot;programId\&quot;: 10144,\n        \&quot;programName\&quot;: \&quot;Testing modified\&quot;,\n        \&quot;programDescription\&quot;: \&quot;Testing modified\&quot;,\n        \&quot;online\&quot;: true\n    },\n    {\n        \&quot;programId\&quot;: 10145,\n        \&quot;programName\&quot;: \&quot;batman\&quot;,\n        \&quot;programDescription\&quot;: \&quot;string\&quot;,\n        \&quot;online\&quot;: true\n    },\n    {\n        \&quot;programId\&quot;: 10146,\n        \&quot;programName\&quot;: \&quot;SDET\&quot;,\n        \&quot;programDescription\&quot;: \&quot;Testing Insert\&quot;,\n        \&quot;online\&quot;: true\n    },\n    {\n        \&quot;programId\&quot;: 10147,\n        \&quot;programName\&quot;: \&quot;\\\&quot;API Testing\\\&quot;\&quot;,\n        \&quot;programDescription\&quot;: \&quot;\\\&quot;RestAssured\\\&quot;\&quot;,\n        \&quot;online\&quot;: false\n    },\n    {\n        \&quot;programId\&quot;: 10149,\n        \&quot;programName\&quot;: \&quot;\\\&quot;Programming\\\&quot;\&quot;,\n        \&quot;programDescription\&quot;: \&quot;\\\&quot;Java\\\&quot;\&quot;,\n        \&quot;online\&quot;: false\n    },\n    {\n        \&quot;programId\&quot;: 10150,\n        \&quot;programName\&quot;: \&quot;Automation Testing \&quot;,\n        \&quot;programDescription\&quot;: \&quot;RestAssured\&quot;,\n        \&quot;online\&quot;: true\n    },\n    {\n        \&quot;programId\&quot;: 10151,\n        \&quot;programName\&quot;: \&quot;batman\&quot;,\n        \&quot;programDescription\&quot;: \&quot;string\&quot;,\n        \&quot;online\&quot;: true\n    },\n    {\n        \&quot;programId\&quot;: 10152,\n        \&quot;programName\&quot;: \&quot;Testing modified\&quot;,\n        \&quot;programDescription\&quot;: \&quot;Testing modified\&quot;,\n        \&quot;online\&quot;: true\n    },\n    {\n        \&quot;programId\&quot;: 10153,\n        \&quot;programName\&quot;: \&quot;Testing modified\&quot;,\n        \&quot;programDescription\&quot;: \&quot;Testing modified\&quot;,\n        \&quot;online\&quot;: true\n    },\n    {\n        \&quot;programId\&quot;: 10154,\n        \&quot;programName\&quot;: \&quot;Testing modified\&quot;,\n        \&quot;programDescription\&quot;: \&quot;Testing modified\&quot;,\n        \&quot;online\&quot;: true\n    },\n    {\n        \&quot;programId\&quot;: 10155,\n        \&quot;programName\&quot;: \&quot;Testing modified\&quot;,\n        \&quot;programDescription\&quot;: \&quot;Testing modified\&quot;,\n        \&quot;online\&quot;: true\n    },\n    {\n        \&quot;programId\&quot;: 10156,\n        \&quot;programName\&quot;: \&quot;Testing modified\&quot;,\n        \&quot;programDescription\&quot;: \&quot;Testing modified\&quot;,\n        \&quot;online\&quot;: true\n    },\n    {\n        \&quot;programId\&quot;: 10157,\n        \&quot;programName\&quot;: \&quot;batman\&quot;,\n        \&quot;programDescription\&quot;: \&quot;string\&quot;,\n        \&quot;online\&quot;: true\n    },\n    {\n        \&quot;programId\&quot;: 10158,\n        \&quot;programName\&quot;: \&quot;Testing modified\&quot;,\n        \&quot;programDescription\&quot;: \&quot;Testing modified\&quot;,\n        \&quot;online\&quot;: true\n    },\n    {\n        \&quot;programId\&quot;: 10159,\n        \&quot;programName\&quot;: \&quot;Testing modified\&quot;,\n        \&quot;programDescription\&quot;: \&quot;Testing modified\&quot;,\n        \&quot;online\&quot;: true\n    },\n    {\n        \&quot;programId\&quot;: 10160,\n        \&quot;programName\&quot;: \&quot;Testing modified\&quot;,\n        \&quot;programDescription\&quot;: \&quot;Testing modified\&quot;,\n        \&quot;online\&quot;: true\n    },\n    {\n        \&quot;programId\&quot;: 10161,\n        \&quot;programName\&quot;: \&quot;Testing modified\&quot;,\n        \&quot;programDescription\&quot;: \&quot;Testing modified\&quot;,\n        \&quot;online\&quot;: true\n    },\n    {\n        \&quot;programId\&quot;: 10162,\n        \&quot;programName\&quot;: \&quot;Testing modified\&quot;,\n        \&quot;programDescription\&quot;: \&quot;Testing modified\&quot;,\n        \&quot;online\&quot;: true\n    },\n    {\n        \&quot;programId\&quot;: 10163,\n        \&quot;programName\&quot;: \&quot;batman\&quot;,\n        \&quot;programDescription\&quot;: \&quot;string\&quot;,\n        \&quot;online\&quot;: true\n    },\n    {\n        \&quot;programId\&quot;: 10164,\n        \&quot;programName\&quot;: \&quot;batman\&quot;,\n        \&quot;programDescription\&quot;: \&quot;string\&quot;,\n        \&quot;online\&quot;: true\n    },\n    {\n        \&quot;programId\&quot;: 10165,\n        \&quot;programName\&quot;: \&quot;batman\&quot;,\n        \&quot;programDescription\&quot;: \&quot;string\&quot;,\n        \&quot;online\&quot;: true\n    },\n    {\n        \&quot;programId\&quot;: 10166,\n        \&quot;programName\&quot;: \&quot;batman\&quot;,\n        \&quot;programDescription\&quot;: \&quot;string\&quot;,\n        \&quot;online\&quot;: true\n    },\n    {\n        \&quot;programId\&quot;: 10167,\n        \&quot;programName\&quot;: \&quot;batman\&quot;,\n        \&quot;programDescription\&quot;: \&quot;string\&quot;,\n        \&quot;online\&quot;: true\n    },\n    {\n        \&quot;programId\&quot;: 10222,\n        \&quot;programName\&quot;: \&quot;C1\&quot;,\n        \&quot;programDescription\&quot;: \&quot;Testing code 1\&quot;,\n        \&quot;online\&quot;: true\n    },\n    {\n        \&quot;programId\&quot;: 10169,\n        \&quot;programName\&quot;: \&quot;Testing modified\&quot;,\n        \&quot;programDescription\&quot;: \&quot;Testing modified\&quot;,\n        \&quot;online\&quot;: true\n    },\n    {\n        \&quot;programId\&quot;: 10170,\n        \&quot;programName\&quot;: \&quot;Testing modified\&quot;,\n        \&quot;programDescription\&quot;: \&quot;Testing modified\&quot;,\n        \&quot;online\&quot;: true\n    },\n    {\n        \&quot;programId\&quot;: 10171,\n        \&quot;programName\&quot;: \&quot;Testing modified\&quot;,\n        \&quot;programDescription\&quot;: \&quot;Testing modified\&quot;,\n        \&quot;online\&quot;: true\n    },\n    {\n        \&quot;programId\&quot;: 10172,\n        \&quot;programName\&quot;: \&quot;Testing modified\&quot;,\n        \&quot;programDescription\&quot;: \&quot;Testing modified\&quot;,\n        \&quot;online\&quot;: true\n    },\n    {\n        \&quot;programId\&quot;: 10173,\n        \&quot;programName\&quot;: \&quot;Testing modified\&quot;,\n        \&quot;programDescription\&quot;: \&quot;Testing modified\&quot;,\n        \&quot;online\&quot;: true\n    },\n    {\n        \&quot;programId\&quot;: 10168,\n        \&quot;programName\&quot;: \&quot;C#\&quot;,\n        \&quot;programDescription\&quot;: \&quot;.net core\&quot;,\n        \&quot;online\&quot;: true\n    },\n    {\n        \&quot;programId\&quot;: 10174,\n        \&quot;programName\&quot;: \&quot;Testing modified\&quot;,\n        \&quot;programDescription\&quot;: \&quot;Testing modified\&quot;,\n        \&quot;online\&quot;: true\n    },\n    {\n        \&quot;programId\&quot;: 10175,\n        \&quot;programName\&quot;: \&quot;Testing modified\&quot;,\n        \&quot;programDescription\&quot;: \&quot;Testing modified\&quot;,\n        \&quot;online\&quot;: true\n    },\n    {\n        \&quot;programId\&quot;: 10176,\n        \&quot;programName\&quot;: \&quot;Testing modified\&quot;,\n        \&quot;programDescription\&quot;: \&quot;Testing modified\&quot;,\n        \&quot;online\&quot;: true\n    },\n    {\n        \&quot;programId\&quot;: 10177,\n        \&quot;programName\&quot;: \&quot;Testing modified\&quot;,\n        \&quot;programDescription\&quot;: \&quot;Testing modified\&quot;,\n        \&quot;online\&quot;: true\n    },\n    {\n        \&quot;programId\&quot;: 10178,\n        \&quot;programName\&quot;: \&quot;Testing modified\&quot;,\n        \&quot;programDescription\&quot;: \&quot;Testing modified\&quot;,\n        \&quot;online\&quot;: true\n    },\n    {\n        \&quot;programId\&quot;: 10179,\n        \&quot;programName\&quot;: \&quot;Testing modified\&quot;,\n        \&quot;programDescription\&quot;: \&quot;Testing modified\&quot;,\n        \&quot;online\&quot;: true\n    },\n    {\n        \&quot;programId\&quot;: 10180,\n        \&quot;programName\&quot;: \&quot;Testing modified\&quot;,\n        \&quot;programDescription\&quot;: \&quot;Testing modified\&quot;,\n        \&quot;online\&quot;: true\n    },\n    {\n        \&quot;programId\&quot;: 10181,\n        \&quot;programName\&quot;: \&quot;Testing modified\&quot;,\n        \&quot;programDescription\&quot;: \&quot;Testing modified\&quot;,\n        \&quot;online\&quot;: true\n    },\n    {\n        \&quot;programId\&quot;: 10182,\n        \&quot;programName\&quot;: \&quot;Testing modified\&quot;,\n        \&quot;programDescription\&quot;: \&quot;Testing modified\&quot;,\n        \&quot;online\&quot;: true\n    },\n    {\n        \&quot;programId\&quot;: 10183,\n        \&quot;programName\&quot;: \&quot;Testing modified\&quot;,\n        \&quot;programDescription\&quot;: \&quot;Testing modified\&quot;,\n        \&quot;online\&quot;: true\n    },\n    {\n        \&quot;programId\&quot;: 10184,\n        \&quot;programName\&quot;: \&quot;Testing modified\&quot;,\n        \&quot;programDescription\&quot;: \&quot;Testing modified\&quot;,\n        \&quot;online\&quot;: true\n    },\n    {\n        \&quot;programId\&quot;: 10185,\n        \&quot;programName\&quot;: \&quot;Testing modified\&quot;,\n        \&quot;programDescription\&quot;: \&quot;Testing modified\&quot;,\n        \&quot;online\&quot;: true\n    },\n    {\n        \&quot;programId\&quot;: 10186,\n        \&quot;programName\&quot;: \&quot;Testing modified\&quot;,\n        \&quot;programDescription\&quot;: \&quot;Testing modified\&quot;,\n        \&quot;online\&quot;: true\n    },\n    {\n        \&quot;programId\&quot;: 10187,\n        \&quot;programName\&quot;: \&quot;Testing modified\&quot;,\n        \&quot;programDescription\&quot;: \&quot;Testing modified\&quot;,\n        \&quot;online\&quot;: true\n    },\n    {\n        \&quot;programId\&quot;: 10188,\n        \&quot;programName\&quot;: \&quot;Testing modified\&quot;,\n        \&quot;programDescription\&quot;: \&quot;Testing modified\&quot;,\n        \&quot;online\&quot;: true\n    },\n    {\n        \&quot;programId\&quot;: 10189,\n        \&quot;programName\&quot;: \&quot;Testing modified\&quot;,\n        \&quot;programDescription\&quot;: \&quot;Testing modified\&quot;,\n        \&quot;online\&quot;: true\n    },\n    {\n        \&quot;programId\&quot;: 10190,\n        \&quot;programName\&quot;: \&quot;Testing modified\&quot;,\n        \&quot;programDescription\&quot;: \&quot;Testing modified\&quot;,\n        \&quot;online\&quot;: true\n    },\n    {\n        \&quot;programId\&quot;: 10191,\n        \&quot;programName\&quot;: \&quot;Testing modified\&quot;,\n        \&quot;programDescription\&quot;: \&quot;Testing modified\&quot;,\n        \&quot;online\&quot;: true\n    },\n    {\n        \&quot;programId\&quot;: 10192,\n        \&quot;programName\&quot;: \&quot;Testing modified\&quot;,\n        \&quot;programDescription\&quot;: \&quot;Testing modified\&quot;,\n        \&quot;online\&quot;: true\n    },\n    {\n        \&quot;programId\&quot;: 10193,\n        \&quot;programName\&quot;: \&quot;Testing modified\&quot;,\n        \&quot;programDescription\&quot;: \&quot;Testing modified\&quot;,\n        \&quot;online\&quot;: true\n    },\n    {\n        \&quot;programId\&quot;: 10194,\n        \&quot;programName\&quot;: \&quot;VideoGame\&quot;,\n        \&quot;programDescription\&quot;: \&quot;user friendly\&quot;,\n        \&quot;online\&quot;: true\n    },\n    {\n        \&quot;programId\&quot;: 10195,\n        \&quot;programName\&quot;: \&quot;SDET\&quot;,\n        \&quot;programDescription\&quot;: \&quot;Testing Insert\&quot;,\n        \&quot;online\&quot;: true\n    },\n    {\n        \&quot;programId\&quot;: 10196,\n        \&quot;programName\&quot;: \&quot;VideoGame\&quot;,\n        \&quot;programDescription\&quot;: \&quot;user friendly\&quot;,\n        \&quot;online\&quot;: true\n    },\n    {\n        \&quot;programId\&quot;: 10197,\n        \&quot;programName\&quot;: \&quot;VideoGame\&quot;,\n        \&quot;programDescription\&quot;: \&quot;user friendly\&quot;,\n        \&quot;online\&quot;: true\n    },\n    {\n        \&quot;programId\&quot;: 10198,\n        \&quot;programName\&quot;: \&quot;VideoGame\&quot;,\n        \&quot;programDescription\&quot;: \&quot;user friendly\&quot;,\n        \&quot;online\&quot;: true\n    },\n    {\n        \&quot;programId\&quot;: 10199,\n        \&quot;programName\&quot;: \&quot;VideoGame\&quot;,\n        \&quot;programDescription\&quot;: \&quot;user friendly\&quot;,\n        \&quot;online\&quot;: true\n    },\n    {\n        \&quot;programId\&quot;: 10200,\n        \&quot;programName\&quot;: \&quot;VideoGame\&quot;,\n        \&quot;programDescription\&quot;: \&quot;user friendly\&quot;,\n        \&quot;online\&quot;: true\n    },\n    {\n        \&quot;programId\&quot;: 10205,\n        \&quot;programName\&quot;: \&quot;Python\&quot;,\n        \&quot;programDescription\&quot;: \&quot;Python for Beginners\&quot;,\n        \&quot;online\&quot;: true\n    },\n    {\n        \&quot;programId\&quot;: 10206,\n        \&quot;programName\&quot;: \&quot;Java\&quot;,\n        \&quot;programDescription\&quot;: \&quot;Java for Beginners\&quot;,\n        \&quot;online\&quot;: true\n    },\n    {\n        \&quot;programId\&quot;: 10207,\n        \&quot;programName\&quot;: \&quot;Data Analysis\&quot;,\n        \&quot;programDescription\&quot;: \&quot;Data Analytics\&quot;,\n        \&quot;online\&quot;: true\n    },\n    {\n        \&quot;programId\&quot;: 10223,\n        \&quot;programName\&quot;: \&quot;S1\&quot;,\n        \&quot;programDescription\&quot;: \&quot;Testing code 1\&quot;,\n        \&quot;online\&quot;: true\n    },\n    {\n        \&quot;programId\&quot;: 10208,\n        \&quot;programName\&quot;: \&quot;VideoGame\&quot;,\n        \&quot;programDescription\&quot;: \&quot;user friendly\&quot;,\n        \&quot;online\&quot;: true\n    },\n    {\n        \&quot;programId\&quot;: 10209,\n        \&quot;programName\&quot;: \&quot;VideoGame\&quot;,\n        \&quot;programDescription\&quot;: \&quot;user friendly\&quot;,\n        \&quot;online\&quot;: true\n    },\n    {\n        \&quot;programId\&quot;: 10210,\n        \&quot;programName\&quot;: \&quot;VideoGame\&quot;,\n        \&quot;programDescription\&quot;: \&quot;user friendly\&quot;,\n        \&quot;online\&quot;: true\n    },\n    {\n        \&quot;programId\&quot;: 10211,\n        \&quot;programName\&quot;: \&quot;VideoGame\&quot;,\n        \&quot;programDescription\&quot;: \&quot;user friendly\&quot;,\n        \&quot;online\&quot;: true\n    },\n    {\n        \&quot;programId\&quot;: 10212,\n        \&quot;programName\&quot;: \&quot;VideoGame\&quot;,\n        \&quot;programDescription\&quot;: \&quot;user friendly\&quot;,\n        \&quot;online\&quot;: true\n    },\n    {\n        \&quot;programId\&quot;: 10213,\n        \&quot;programName\&quot;: \&quot;VideoGame\&quot;,\n        \&quot;programDescription\&quot;: \&quot;user friendly\&quot;,\n        \&quot;online\&quot;: true\n    },\n    {\n        \&quot;programId\&quot;: 10214,\n        \&quot;programName\&quot;: \&quot;C1\&quot;,\n        \&quot;programDescription\&quot;: \&quot;Testing code 1\&quot;,\n        \&quot;online\&quot;: true\n    },\n    {\n        \&quot;programId\&quot;: 10215,\n        \&quot;programName\&quot;: \&quot;S1\&quot;,\n        \&quot;programDescription\&quot;: \&quot;Testing code 1\&quot;,\n        \&quot;online\&quot;: true\n    },\n    {\n        \&quot;programId\&quot;: 10216,\n        \&quot;programName\&quot;: \&quot;Data1\&quot;,\n        \&quot;programDescription\&quot;: \&quot;Data code1\&quot;,\n        \&quot;online\&quot;: true\n    },\n    {\n        \&quot;programId\&quot;: 10217,\n        \&quot;programName\&quot;: \&quot;123\&quot;,\n        \&quot;programDescription\&quot;: \&quot;Data code3\&quot;,\n        \&quot;online\&quot;: false\n    },\n    {\n        \&quot;programId\&quot;: 10219,\n        \&quot;programName\&quot;: \&quot;Chemistry\&quot;,\n        \&quot;programDescription\&quot;: \&quot;\&quot;,\n        \&quot;online\&quot;: true\n    },\n    {\n        \&quot;programId\&quot;: 10220,\n        \&quot;programName\&quot;: \&quot;C#\&quot;,\n        \&quot;programDescription\&quot;: \&quot;Data code8\&quot;,\n        \&quot;online\&quot;: false\n    },\n    {\n        \&quot;programId\&quot;: 10221,\n        \&quot;programName\&quot;: \&quot;C++\&quot;,\n        \&quot;programDescription\&quot;: \&quot;Data code9\&quot;,\n        \&quot;online\&quot;: false\n    },\n    {\n        \&quot;programId\&quot;: 10224,\n        \&quot;programName\&quot;: \&quot;Data1\&quot;,\n        \&quot;programDescription\&quot;: \&quot;Data code1\&quot;,\n        \&quot;online\&quot;: true\n    },\n    {\n        \&quot;programId\&quot;: 10225,\n        \&quot;programName\&quot;: \&quot;123\&quot;,\n        \&quot;programDescription\&quot;: \&quot;Data code3\&quot;,\n        \&quot;online\&quot;: false\n    },\n    {\n        \&quot;programId\&quot;: 10227,\n        \&quot;programName\&quot;: \&quot;Chemistry\&quot;,\n        \&quot;programDescription\&quot;: \&quot;\&quot;,\n        \&quot;online\&quot;: true\n    },\n    {\n        \&quot;programId\&quot;: 10228,\n        \&quot;programName\&quot;: \&quot;C#\&quot;,\n        \&quot;programDescription\&quot;: \&quot;Data code8\&quot;,\n        \&quot;online\&quot;: false\n    },\n    {\n        \&quot;programId\&quot;: 10229,\n        \&quot;programName\&quot;: \&quot;C++\&quot;,\n        \&quot;programDescription\&quot;: \&quot;Data code9\&quot;,\n        \&quot;online\&quot;: false\n    },\n    {\n        \&quot;programId\&quot;: 10230,\n        \&quot;programName\&quot;: \&quot;Computer1\&quot;,\n        \&quot;programDescription\&quot;: \&quot;Testing code 101\&quot;,\n        \&quot;online\&quot;: true\n    },\n    {\n        \&quot;programId\&quot;: 10231,\n        \&quot;programName\&quot;: \&quot;Computer2\&quot;,\n        \&quot;programDescription\&quot;: \&quot;Testing code 102\&quot;,\n        \&quot;online\&quot;: true\n    },\n    {\n        \&quot;programId\&quot;: 10232,\n        \&quot;programName\&quot;: \&quot;Computer1\&quot;,\n        \&quot;programDescription\&quot;: \&quot;Testing code 101\&quot;,\n        \&quot;online\&quot;: true\n    },\n    {\n        \&quot;programId\&quot;: 10233,\n        \&quot;programName\&quot;: \&quot;Computer2\&quot;,\n        \&quot;programDescription\&quot;: \&quot;Testing code 102\&quot;,\n        \&quot;online\&quot;: true\n    },\n    {\n        \&quot;programId\&quot;: 10234,\n        \&quot;programName\&quot;: \&quot;Computer1\&quot;,\n        \&quot;programDescription\&quot;: \&quot;Testing code 101\&quot;,\n        \&quot;online\&quot;: true\n    },\n    {\n        \&quot;programId\&quot;: 10235,\n        \&quot;programName\&quot;: \&quot;Computer2\&quot;,\n        \&quot;programDescription\&quot;: \&quot;Testing code 102\&quot;,\n        \&quot;online\&quot;: true\n    },\n    {\n        \&quot;programId\&quot;: 10236,\n        \&quot;programName\&quot;: \&quot;Computer1\&quot;,\n        \&quot;programDescription\&quot;: \&quot;Testing code 101\&quot;,\n        \&quot;online\&quot;: true\n    },\n    {\n        \&quot;programId\&quot;: 10237,\n        \&quot;programName\&quot;: \&quot;Computer2\&quot;,\n        \&quot;programDescription\&quot;: \&quot;Testing code 102\&quot;,\n        \&quot;online\&quot;: true\n    },\n    {\n        \&quot;programId\&quot;: 10238,\n        \&quot;programName\&quot;: \&quot;Computer1\&quot;,\n        \&quot;programDescription\&quot;: \&quot;Testing code 104\&quot;,\n        \&quot;online\&quot;: true\n    },\n    {\n        \&quot;programId\&quot;: 10239,\n        \&quot;programName\&quot;: \&quot;Computer2\&quot;,\n        \&quot;programDescription\&quot;: \&quot;Testing code 105\&quot;,\n        \&quot;online\&quot;: true\n    },\n    {\n        \&quot;programId\&quot;: 10240,\n        \&quot;programName\&quot;: \&quot;Data1\&quot;,\n        \&quot;programDescription\&quot;: \&quot;Testing code 107\&quot;,\n        \&quot;online\&quot;: true\n    },\n    {\n        \&quot;programId\&quot;: 10241,\n        \&quot;programName\&quot;: \&quot;123\&quot;,\n        \&quot;programDescription\&quot;: \&quot;Testing code 109\&quot;,\n        \&quot;online\&quot;: false\n    },\n    {\n        \&quot;programId\&quot;: 10243,\n        \&quot;programName\&quot;: \&quot;Chemistry\&quot;,\n        \&quot;programDescription\&quot;: \&quot;\&quot;,\n        \&quot;online\&quot;: true\n    },\n    {\n        \&quot;programId\&quot;: 10244,\n        \&quot;programName\&quot;: \&quot;C#\&quot;,\n        \&quot;programDescription\&quot;: \&quot;Data code8\&quot;,\n        \&quot;online\&quot;: false\n    },\n    {\n        \&quot;programId\&quot;: 10245,\n        \&quot;programName\&quot;: \&quot;C++\&quot;,\n        \&quot;programDescription\&quot;: \&quot;Data code9\&quot;,\n        \&quot;online\&quot;: false\n    },\n    {\n        \&quot;programId\&quot;: 10252,\n        \&quot;programName\&quot;: \&quot;Post method Testing\&quot;,\n        \&quot;programDescription\&quot;: \&quot;Testing for Post Method\&quot;,\n        \&quot;online\&quot;: true\n    },\n    {\n        \&quot;programId\&quot;: 10253,\n        \&quot;programName\&quot;: \&quot;Post method Testing\&quot;,\n        \&quot;programDescription\&quot;: \&quot;Testing for Post Method\&quot;,\n        \&quot;online\&quot;: true\n    },\n    {\n        \&quot;programId\&quot;: 10257,\n        \&quot;programName\&quot;: \&quot;create post\&quot;,\n        \&quot;programDescription\&quot;: \&quot;Testing Post\&quot;,\n        \&quot;online\&quot;: false\n    },\n    {\n        \&quot;programId\&quot;: 10261,\n        \&quot;programName\&quot;: \&quot;create post\&quot;,\n        \&quot;programDescription\&quot;: \&quot;Testing Post\&quot;,\n        \&quot;online\&quot;: false\n    },\n    {\n        \&quot;programId\&quot;: 10268,\n        \&quot;programName\&quot;: \&quot;Computer1\&quot;,\n        \&quot;programDescription\&quot;: \&quot;Testing code 104\&quot;,\n        \&quot;online\&quot;: true\n    },\n    {\n        \&quot;programId\&quot;: 10269,\n        \&quot;programName\&quot;: \&quot;Computer2\&quot;,\n        \&quot;programDescription\&quot;: \&quot;Testing code 105\&quot;,\n        \&quot;online\&quot;: true\n    },\n    {\n        \&quot;programId\&quot;: 10270,\n        \&quot;programName\&quot;: \&quot;Data1\&quot;,\n        \&quot;programDescription\&quot;: \&quot;Testing code 107\&quot;,\n        \&quot;online\&quot;: true\n    },\n    {\n        \&quot;programId\&quot;: 10271,\n        \&quot;programName\&quot;: \&quot;123\&quot;,\n        \&quot;programDescription\&quot;: \&quot;Testing code 109\&quot;,\n        \&quot;online\&quot;: false\n    },\n    {\n        \&quot;programId\&quot;: 10273,\n        \&quot;programName\&quot;: \&quot;Chemistry\&quot;,\n        \&quot;programDescription\&quot;: \&quot;\&quot;,\n        \&quot;online\&quot;: true\n    },\n    {\n        \&quot;programId\&quot;: 10274,\n        \&quot;programName\&quot;: \&quot;C#\&quot;,\n        \&quot;programDescription\&quot;: \&quot;Data code8\&quot;,\n        \&quot;online\&quot;: false\n    },\n    {\n        \&quot;programId\&quot;: 10275,\n        \&quot;programName\&quot;: \&quot;C++\&quot;,\n        \&quot;programDescription\&quot;: \&quot;Data code9\&quot;,\n        \&quot;online\&quot;: false\n    },\n    {\n        \&quot;programId\&quot;: 10285,\n        \&quot;programName\&quot;: \&quot;post program testing\&quot;,\n        \&quot;programDescription\&quot;: \&quot;postprogram\&quot;,\n        \&quot;online\&quot;: true\n    },\n    {\n        \&quot;programId\&quot;: 10286,\n        \&quot;programName\&quot;: \&quot;C++\&quot;,\n        \&quot;programDescription\&quot;: \&quot;Data code90\&quot;,\n        \&quot;online\&quot;: true\n    },\n    {\n        \&quot;programId\&quot;: 10321,\n        \&quot;programName\&quot;: \&quot;C1\&quot;,\n        \&quot;programDescription\&quot;: \&quot;Testing code 1\&quot;,\n        \&quot;online\&quot;: true\n    },\n    {\n        \&quot;programId\&quot;: 10322,\n        \&quot;programName\&quot;: \&quot;S1\&quot;,\n        \&quot;programDescription\&quot;: \&quot;Testing code 1\&quot;,\n        \&quot;online\&quot;: true\n    },\n    {\n        \&quot;programId\&quot;: 10323,\n        \&quot;programName\&quot;: \&quot;C1\&quot;,\n        \&quot;programDescription\&quot;: \&quot;Testing code 1\&quot;,\n        \&quot;online\&quot;: true\n    },\n    {\n        \&quot;programId\&quot;: 10324,\n        \&quot;programName\&quot;: \&quot;S1\&quot;,\n        \&quot;programDescription\&quot;: \&quot;Testing code 1\&quot;,\n        \&quot;online\&quot;: true\n    },\n    {\n        \&quot;programId\&quot;: 10325,\n        \&quot;programName\&quot;: \&quot;C1\&quot;,\n        \&quot;programDescription\&quot;: \&quot;Testing code 1\&quot;,\n        \&quot;online\&quot;: true\n    },\n    {\n        \&quot;programId\&quot;: 10326,\n        \&quot;programName\&quot;: \&quot;S1\&quot;,\n        \&quot;programDescription\&quot;: \&quot;Testing code 1\&quot;,\n        \&quot;online\&quot;: true\n    },\n    {\n        \&quot;programId\&quot;: 10327,\n        \&quot;programName\&quot;: \&quot;C1\&quot;,\n        \&quot;programDescription\&quot;: \&quot;Testing code 1\&quot;,\n        \&quot;online\&quot;: true\n    },\n    {\n        \&quot;programId\&quot;: 10328,\n        \&quot;programName\&quot;: \&quot;S1\&quot;,\n        \&quot;programDescription\&quot;: \&quot;Testing code 1\&quot;,\n        \&quot;online\&quot;: true\n    },\n    {\n        \&quot;programId\&quot;: 10329,\n        \&quot;programName\&quot;: \&quot;C1\&quot;,\n        \&quot;programDescription\&quot;: \&quot;Testing code 1\&quot;,\n        \&quot;online\&quot;: true\n    },\n    {\n        \&quot;programId\&quot;: 10330,\n        \&quot;programName\&quot;: \&quot;S1\&quot;,\n        \&quot;programDescription\&quot;: \&quot;Testing code 1\&quot;,\n        \&quot;online\&quot;: true\n    },\n    {\n        \&quot;programId\&quot;: 10331,\n        \&quot;programName\&quot;: \&quot;C1\&quot;,\n        \&quot;programDescription\&quot;: \&quot;Testing code 1\&quot;,\n        \&quot;online\&quot;: true\n    },\n    {\n        \&quot;programId\&quot;: 10332,\n        \&quot;programName\&quot;: \&quot;S1\&quot;,\n        \&quot;programDescription\&quot;: \&quot;Testing code 1\&quot;,\n        \&quot;online\&quot;: true\n    },\n    {\n        \&quot;programId\&quot;: 10333,\n        \&quot;programName\&quot;: \&quot;C1\&quot;,\n        \&quot;programDescription\&quot;: \&quot;Testing code 1\&quot;,\n        \&quot;online\&quot;: true\n    },\n    {\n        \&quot;programId\&quot;: 10334,\n        \&quot;programName\&quot;: \&quot;S1\&quot;,\n        \&quot;programDescription\&quot;: \&quot;Testing code 1\&quot;,\n        \&quot;online\&quot;: true\n    },\n    {\n        \&quot;programId\&quot;: 10335,\n        \&quot;programName\&quot;: \&quot;C1\&quot;,\n        \&quot;programDescription\&quot;: \&quot;Testing code 1\&quot;,\n        \&quot;online\&quot;: true\n    },\n    {\n        \&quot;programId\&quot;: 10336,\n        \&quot;programName\&quot;: \&quot;S1\&quot;,\n        \&quot;programDescription\&quot;: \&quot;Testing code 1\&quot;,\n        \&quot;online\&quot;: true\n    },\n    {\n        \&quot;programId\&quot;: 10337,\n        \&quot;programName\&quot;: \&quot;C1\&quot;,\n        \&quot;programDescription\&quot;: \&quot;Testing code 1\&quot;,\n        \&quot;online\&quot;: true\n    },\n    {\n        \&quot;programId\&quot;: 10338,\n        \&quot;programName\&quot;: \&quot;S1\&quot;,\n        \&quot;programDescription\&quot;: \&quot;Testing code 1\&quot;,\n        \&quot;online\&quot;: true\n    },\n    {\n        \&quot;programId\&quot;: 10339,\n        \&quot;programName\&quot;: \&quot;C1\&quot;,\n        \&quot;programDescription\&quot;: \&quot;Testing code 1\&quot;,\n        \&quot;online\&quot;: true\n    },\n    {\n        \&quot;programId\&quot;: 10340,\n        \&quot;programName\&quot;: \&quot;S1\&quot;,\n        \&quot;programDescription\&quot;: \&quot;Testing code 1\&quot;,\n        \&quot;online\&quot;: true\n    },\n    {\n        \&quot;programId\&quot;: 10341,\n        \&quot;programName\&quot;: \&quot;C1\&quot;,\n        \&quot;programDescription\&quot;: \&quot;Testing code 1\&quot;,\n        \&quot;online\&quot;: true\n    },\n    {\n        \&quot;programId\&quot;: 10342,\n        \&quot;programName\&quot;: \&quot;S1\&quot;,\n        \&quot;programDescription\&quot;: \&quot;Testing code 1\&quot;,\n        \&quot;online\&quot;: true\n    },\n    {\n        \&quot;programId\&quot;: 10343,\n        \&quot;programName\&quot;: \&quot;C1\&quot;,\n        \&quot;programDescription\&quot;: \&quot;Testing code 1\&quot;,\n        \&quot;online\&quot;: true\n    },\n    {\n        \&quot;programId\&quot;: 10344,\n        \&quot;programName\&quot;: \&quot;S1\&quot;,\n        \&quot;programDescription\&quot;: \&quot;Testing code 1\&quot;,\n        \&quot;online\&quot;: true\n    },\n    {\n        \&quot;programId\&quot;: 10345,\n        \&quot;programName\&quot;: \&quot;C1\&quot;,\n        \&quot;programDescription\&quot;: \&quot;Testing code 1\&quot;,\n        \&quot;online\&quot;: true\n    },\n    {\n        \&quot;programId\&quot;: 10346,\n        \&quot;programName\&quot;: \&quot;S1\&quot;,\n        \&quot;programDescription\&quot;: \&quot;Testing code 1\&quot;,\n        \&quot;online\&quot;: true\n    },\n    {\n        \&quot;programId\&quot;: 10347,\n        \&quot;programName\&quot;: \&quot;C1\&quot;,\n        \&quot;programDescription\&quot;: \&quot;Testing code 1\&quot;,\n        \&quot;online\&quot;: true\n    },\n    {\n        \&quot;programId\&quot;: 10348,\n        \&quot;programName\&quot;: \&quot;S1\&quot;,\n        \&quot;programDescription\&quot;: \&quot;Testing code 1\&quot;,\n        \&quot;online\&quot;: true\n    },\n    {\n        \&quot;programId\&quot;: 10349,\n        \&quot;programName\&quot;: \&quot;C1\&quot;,\n        \&quot;programDescription\&quot;: \&quot;Testing code 1\&quot;,\n        \&quot;online\&quot;: true\n    },\n    {\n        \&quot;programId\&quot;: 10350,\n        \&quot;programName\&quot;: \&quot;S1\&quot;,\n        \&quot;programDescription\&quot;: \&quot;Testing code 1\&quot;,\n        \&quot;online\&quot;: true\n    },\n    {\n        \&quot;programId\&quot;: 10351,\n        \&quot;programName\&quot;: \&quot;C1\&quot;,\n        \&quot;programDescription\&quot;: \&quot;Testing code 1\&quot;,\n        \&quot;online\&quot;: true\n    },\n    {\n        \&quot;programId\&quot;: 10352,\n        \&quot;programName\&quot;: \&quot;S1\&quot;,\n        \&quot;programDescription\&quot;: \&quot;Testing code 1\&quot;,\n        \&quot;online\&quot;: true\n    },\n    {\n        \&quot;programId\&quot;: 10353,\n        \&quot;programName\&quot;: \&quot;C1\&quot;,\n        \&quot;programDescription\&quot;: \&quot;Testing code 1\&quot;,\n        \&quot;online\&quot;: true\n    },\n    {\n        \&quot;programId\&quot;: 10354,\n        \&quot;programName\&quot;: \&quot;S1\&quot;,\n        \&quot;programDescription\&quot;: \&quot;Testing code 1\&quot;,\n        \&quot;online\&quot;: true\n    },\n    {\n        \&quot;programId\&quot;: 10355,\n        \&quot;programName\&quot;: \&quot;JavaCore\&quot;,\n        \&quot;programDescription\&quot;: \&quot;JavaClass\&quot;,\n        \&quot;online\&quot;: true\n    },\n    {\n        \&quot;programId\&quot;: 10356,\n        \&quot;programName\&quot;: \&quot;JavaCore\&quot;,\n        \&quot;programDescription\&quot;: \&quot;JavaClass\&quot;,\n        \&quot;online\&quot;: true\n    },\n    {\n        \&quot;programId\&quot;: 10357,\n        \&quot;programName\&quot;: \&quot;Csharp\&quot;,\n        \&quot;programDescription\&quot;: \&quot;Testing\&quot;,\n        \&quot;online\&quot;: true\n    },\n    {\n        \&quot;programId\&quot;: 10358,\n        \&quot;programName\&quot;: \&quot;Csharp\&quot;,\n        \&quot;programDescription\&quot;: \&quot;Testing\&quot;,\n        \&quot;online\&quot;: true\n    },\n    {\n        \&quot;programId\&quot;: 10359,\n        \&quot;programName\&quot;: \&quot;Selenium Modified\&quot;,\n        \&quot;programDescription\&quot;: \&quot;Testing Modified\&quot;,\n        \&quot;online\&quot;: true\n    },\n    {\n        \&quot;programId\&quot;: 10360,\n        \&quot;programName\&quot;: \&quot;Java Modified\&quot;,\n        \&quot;programDescription\&quot;: \&quot;Testing Modified\&quot;,\n        \&quot;online\&quot;: false\n    },\n    {\n        \&quot;programId\&quot;: 10361,\n        \&quot;programName\&quot;: \&quot;Csharp\&quot;,\n        \&quot;programDescription\&quot;: \&quot;Testing\&quot;,\n        \&quot;online\&quot;: true\n    },\n    {\n        \&quot;programId\&quot;: 10362,\n        \&quot;programName\&quot;: \&quot;Csharp Modified\&quot;,\n        \&quot;programDescription\&quot;: \&quot;Testing Modified\&quot;,\n        \&quot;online\&quot;: true\n    },\n    {\n        \&quot;programId\&quot;: 10363,\n        \&quot;programName\&quot;: \&quot;Cypress Modified\&quot;,\n        \&quot;programDescription\&quot;: \&quot;Testing edited Modified\&quot;,\n        \&quot;online\&quot;: false\n    },\n    {\n        \&quot;programId\&quot;: 10364,\n        \&quot;programName\&quot;: \&quot;CoralDraw Modified\&quot;,\n        \&quot;programDescription\&quot;: \&quot;Testing edited Modified\&quot;,\n        \&quot;online\&quot;: true\n    },\n    {\n        \&quot;programId\&quot;: 10365,\n        \&quot;programName\&quot;: \&quot;Adobe Reader Modified\&quot;,\n        \&quot;programDescription\&quot;: \&quot;Testing edited Modified\&quot;,\n        \&quot;online\&quot;: true\n    },\n    {\n        \&quot;programId\&quot;: 10366,\n        \&quot;programName\&quot;: \&quot;Cucumber Modified\&quot;,\n        \&quot;programDescription\&quot;: \&quot;Testing edited Modified\&quot;,\n        \&quot;online\&quot;: true\n    },\n    {\n        \&quot;programId\&quot;: 10367,\n        \&quot;programName\&quot;: \&quot;JavaCore\&quot;,\n        \&quot;programDescription\&quot;: \&quot;JavaClass\&quot;,\n        \&quot;online\&quot;: true\n    },\n    {\n        \&quot;programId\&quot;: 10368,\n        \&quot;programName\&quot;: \&quot;JavaCore\&quot;,\n        \&quot;programDescription\&quot;: \&quot;JavaClass\&quot;,\n        \&quot;online\&quot;: true\n    },\n    {\n        \&quot;programId\&quot;: 10369,\n        \&quot;programName\&quot;: \&quot;JavaCore\&quot;,\n        \&quot;programDescription\&quot;: \&quot;JavaClass\&quot;,\n        \&quot;online\&quot;: true\n    },\n    {\n        \&quot;programId\&quot;: 10370,\n        \&quot;programName\&quot;: \&quot;JavaCore\&quot;,\n        \&quot;programDescription\&quot;: \&quot;JavaClass\&quot;,\n        \&quot;online\&quot;: true\n    },\n    {\n        \&quot;programId\&quot;: 10371,\n        \&quot;programName\&quot;: \&quot;JavaCore\&quot;,\n        \&quot;programDescription\&quot;: \&quot;JavaClass\&quot;,\n        \&quot;online\&quot;: true\n    },\n    {\n        \&quot;programId\&quot;: 10375,\n        \&quot;programName\&quot;: \&quot;batman\&quot;,\n        \&quot;programDescription\&quot;: \&quot;string\&quot;,\n        \&quot;online\&quot;: true\n    },\n    {\n        \&quot;programId\&quot;: 10376,\n        \&quot;programName\&quot;: \&quot;batman\&quot;,\n        \&quot;programDescription\&quot;: \&quot;string\&quot;,\n        \&quot;online\&quot;: true\n    },\n    {\n        \&quot;programId\&quot;: 10377,\n        \&quot;programName\&quot;: \&quot;create post\&quot;,\n        \&quot;programDescription\&quot;: \&quot;Testing Post\&quot;,\n        \&quot;online\&quot;: false\n    },\n    {\n        \&quot;programId\&quot;: 10378,\n        \&quot;programName\&quot;: \&quot;create post\&quot;,\n        \&quot;programDescription\&quot;: \&quot;Testing Post\&quot;,\n        \&quot;online\&quot;: false\n    },\n    {\n        \&quot;programId\&quot;: 10379,\n        \&quot;programName\&quot;: \&quot;testing insert\&quot;,\n        \&quot;programDescription\&quot;: \&quot;SDET\&quot;,\n        \&quot;online\&quot;: true\n    },\n    {\n        \&quot;programId\&quot;: 10380,\n        \&quot;programName\&quot;: \&quot;create post\&quot;,\n        \&quot;programDescription\&quot;: \&quot;Testing Post\&quot;,\n        \&quot;online\&quot;: false\n    },\n    {\n        \&quot;programId\&quot;: 10381,\n        \&quot;programName\&quot;: \&quot;testing insert\&quot;,\n        \&quot;programDescription\&quot;: \&quot;SDET\&quot;,\n        \&quot;online\&quot;: true\n    },\n    {\n        \&quot;programId\&quot;: 10382,\n        \&quot;programName\&quot;: \&quot;testing insert\&quot;,\n        \&quot;programDescription\&quot;: \&quot;SDET\&quot;,\n        \&quot;online\&quot;: true\n    },\n    {\n        \&quot;programId\&quot;: 10383,\n        \&quot;programName\&quot;: \&quot;testing update\&quot;,\n        \&quot;programDescription\&quot;: \&quot;SDET\&quot;,\n        \&quot;online\&quot;: true\n    },\n    {\n        \&quot;programId\&quot;: 10386,\n        \&quot;programName\&quot;: \&quot;VideoGame\&quot;,\n        \&quot;programDescription\&quot;: \&quot;user friendly\&quot;,\n        \&quot;online\&quot;: true\n    },\n    {\n        \&quot;programId\&quot;: 10387,\n        \&quot;programName\&quot;: \&quot;VideoGame\&quot;,\n        \&quot;programDescription\&quot;: \&quot;user friendly\&quot;,\n        \&quot;online\&quot;: true\n    },\n    {\n        \&quot;programId\&quot;: 10388,\n        \&quot;programName\&quot;: \&quot;VideoGame\&quot;,\n        \&quot;programDescription\&quot;: \&quot;user friendly\&quot;,\n        \&quot;online\&quot;: true\n    },\n    {\n        \&quot;programId\&quot;: 10389,\n        \&quot;programName\&quot;: \&quot;VideoGame\&quot;,\n        \&quot;programDescription\&quot;: \&quot;user friendly\&quot;,\n        \&quot;online\&quot;: true\n    },\n    {\n        \&quot;programId\&quot;: 10390,\n        \&quot;programName\&quot;: \&quot;testing insert\&quot;,\n        \&quot;programDescription\&quot;: \&quot;SDET\&quot;,\n        \&quot;online\&quot;: true\n    },\n    {\n        \&quot;programId\&quot;: 10391,\n        \&quot;programName\&quot;: \&quot;create post\&quot;,\n        \&quot;programDescription\&quot;: \&quot;Testing Post\&quot;,\n        \&quot;online\&quot;: false\n    },\n    {\n        \&quot;programId\&quot;: 10392,\n        \&quot;programName\&quot;: \&quot;create post\&quot;,\n        \&quot;programDescription\&quot;: \&quot;Testing Post\&quot;,\n        \&quot;online\&quot;: false\n    }\n]&quot;" type="java.lang.AssertionError">
      <![CDATA[java.lang.AssertionError: 
Expected: The content to match the given JSON schema.
error: instance type (string) does not match any allowed primitive type (allowed: ["null"])
    level: "error"
    schema: {"loadingURI":"file:/C:/Users/sofij/eclipse-workspace/API_Automation_RestAssured/target/test-classes/LMSAPI.json#","pointer":"/items/221/properties/programDescription"}
    instance: {"pointer":"/221/programDescription"}
    domain: "validation"
    keyword: "type"
    found: "string"
    expected: ["null"]

     but: was "[\n    {\n        \"programId\": 9424,\n        \"programName\": \"programName Volcano1\",\n        \"programDescription\": \"programDescription TestPUT1\",\n        \"online\": true\n    },\n    {\n        \"programId\": 9438,\n        \"programName\": \"Assistantabc\",\n        \"programDescription\": \"\",\n        \"online\": true\n    },\n    {\n        \"programId\": 9447,\n        \"programName\": \"string\",\n        \"programDescription\": \"string\",\n        \"online\": true\n    },\n    {\n        \"programId\": 7606,\n        \"programName\": \"DS\",\n        \"programDescription\": \"data science\",\n        \"online\": false\n    },\n    {\n        \"programId\": 7609,\n        \"programName\": \"string\",\n        \"programDescription\": \"string\",\n        \"online\": true\n    },\n    {\n        \"programId\": 7610,\n        \"programName\": \"Automation\",\n        \"programDescription\": \"QA\",\n        \"online\": true\n    },\n    {\n        \"programId\": 7613,\n        \"programName\": \"Automation\",\n        \"programDescription\": \"QA\",\n        \"online\": true\n    },\n    {\n        \"programId\": 9455,\n        \"programName\": \"Devops\",\n        \"programDescription\": \"New Devops\",\n        \"online\": true\n    },\n    {\n        \"programId\": 9457,\n        \"programName\": \"TestingModified\",\n        \"programDescription\": \"TestingModified\",\n        \"online\": true\n    },\n    {\n        \"programId\": 7622,\n        \"programName\": \"SDET\",\n        \"programDescription\": \"Selenium Postman\",\n        \"online\": true\n    },\n    {\n        \"programId\": 7624,\n        \"programName\": \"API Testing\",\n        \"programDescription\": \"RestAssured Postman\",\n        \"online\": false\n    },\n    {\n        \"programId\": 7625,\n        \"programName\": \"API Testing\",\n        \"programDescription\": \"Selenium Postman\",\n        \"online\": false\n    },\n    {\n        \"programId\": 9461,\n        \"programName\": \"Devops\",\n        \"programDescription\": \"New Devops\",\n        \"online\": true\n    },\n    {\n        \"programId\": 7627,\n        \"programName\": \"Testing\",\n        \"programDescription\": \"Testing\",\n        \"online\": true\n    },\n    {\n        \"programId\": 7628,\n        \"programName\": \"Updating ProgramName for 273\",\n        \"programDescription\": \"Updating programDescription\",\n        \"online\": true\n    },\n    {\n        \"programId\": 7629,\n        \"programName\": \"Testing\",\n        \"programDescription\": \"AutomationTesting\",\n        \"online\": true\n    },\n    {\n        \"programId\": 7633,\n        \"programName\": \"SDET\",\n        \"programDescription\": \"Selenium Postman\",\n        \"online\": true\n    },\n    {\n        \"programId\": 9463,\n        \"programName\": \"Devops\",\n        \"programDescription\": \"New Devops\",\n        \"online\": true\n    },\n    {\n        \"programId\": 9466,\n        \"programName\": \"SME\",\n        \"programDescription\": \"HealthCare\",\n        \"online\": false\n    },\n    {\n        \"programId\": 7637,\n        \"programName\": \"Updating ProgramName for 272\",\n        \"programDescription\": \"Updating programDescription\",\n        \"online\": false\n    },\n    {\n        \"programId\": 9467,\n        \"programName\": \"Scrum Master\",\n        \"programDescription\": \"Agile\",\n        \"online\": false\n    },\n    {\n        \"programId\": 7639,\n        \"programName\": \"Updating ProgramName for 273\",\n        \"programDescription\": \"Updating programDescription\",\n        \"online\": true\n    },\n    {\n        \"programId\": 7640,\n        \"programName\": \"Testing\",\n        \"programDescription\": \"AutomationTesting\",\n        \"online\": true\n    },\n    {\n        \"programId\": 9468,\n        \"programName\": \"Backend Developer\",\n        \"programDescription\": \"Sql Developer\",\n        \"online\": false\n    },\n    {\n        \"programId\": 9469,\n        \"programName\": \"Scrum Master\",\n        \"programDescription\": \"Agile\",\n        \"online\": false\n    },\n    {\n        \"programId\": 9470,\n        \"programName\": \"Scrum Mastermodified\",\n        \"programDescription\": \"Agilemodified\",\n        \"online\": false\n    },\n    {\n        \"programId\": 7645,\n        \"programName\": \"API Testing\",\n        \"programDescription\": \"Selenium Postman\",\n        \"online\": false\n    },\n    {\n        \"programId\": 7646,\n        \"programName\": \"Updating ProgramName for 272\",\n        \"programDescription\": \"Updating programDescription\",\n        \"online\": false\n    },\n    {\n        \"programId\": 7647,\n        \"programName\": \"Testing\",\n        \"programDescription\": \"Testing\",\n        \"online\": true\n    },\n    {\n        \"programId\": 9471,\n        \"programName\": \"Automation\",\n        \"programDescription\": \"Selinium\",\n        \"online\": false\n    },\n    {\n        \"programId\": 7649,\n        \"programName\": \"Testing\",\n        \"programDescription\": \"AutomationTesting\",\n        \"online\": true\n    },\n    {\n        \"programId\": 7652,\n        \"programName\": \"Blank testing\",\n        \"programDescription\": \"\",\n        \"online\": false\n    },\n    {\n        \"programId\": 7653,\n        \"programName\": \"API Testing\",\n        \"programDescription\": \"RestAssured Postman\",\n        \"online\": false\n    },\n    {\n        \"programId\": 7654,\n        \"programName\": \"API Testing\",\n        \"programDescription\": \"Selenium Postman\",\n        \"online\": false\n    },\n    {\n        \"programId\": 7655,\n        \"programName\": \"Updating ProgramName for 272\",\n        \"programDescription\": \"Updating programDescription\",\n        \"online\": false\n    },\n    {\n        \"programId\": 7656,\n        \"programName\": \"Testing\",\n        \"programDescription\": \"Testing\",\n        \"online\": true\n    },\n    {\n        \"programId\": 7657,\n        \"programName\": \"Updating ProgramName for 273\",\n        \"programDescription\": \"Updating programDescription\",\n        \"online\": true\n    },\n    {\n        \"programId\": 7658,\n        \"programName\": \"Testing\",\n        \"programDescription\": \"AutomationTesting\",\n        \"online\": true\n    },\n    {\n        \"programId\": 7667,\n        \"programName\": \"string\",\n        \"programDescription\": \"string\",\n        \"online\": true\n    },\n    {\n        \"programId\": 7660,\n        \"programName\": \"int\",\n        \"programDescription\": \"hello\",\n        \"online\": false\n    },\n    {\n        \"programId\": 7661,\n        \"programName\": \"India\",\n        \"programDescription\": \"India\",\n        \"online\": true\n    },\n    {\n        \"programId\": 7662,\n        \"programName\": \"int\",\n        \"programDescription\": \"hello\",\n        \"online\": false\n    },\n    {\n        \"programId\": 7663,\n        \"programName\": \"India\",\n        \"programDescription\": \"India\",\n        \"online\": true\n    },\n    {\n        \"programId\": 7664,\n        \"programName\": \"int\",\n        \"programDescription\": \"hello\",\n        \"online\": false\n    },\n    {\n        \"programId\": 7665,\n        \"programName\": \"int\",\n        \"programDescription\": \"hello\",\n        \"online\": false\n    },\n    {\n        \"programId\": 7533,\n        \"programName\": \"Multipal Digit Testing\",\n        \"programDescription\": \"Program ID Testing\",\n        \"online\": true\n    },\n    {\n        \"programId\": 7666,\n        \"programName\": \"string\",\n        \"programDescription\": \"string\",\n        \"online\": true\n    },\n    {\n        \"programId\": 7668,\n        \"programName\": \"supriya\",\n        \"programDescription\": \"supriya\",\n        \"online\": false\n    },\n    {\n        \"programId\": 7669,\n        \"programName\": \"cucumber learning modified\",\n        \"programDescription\": \"cucumber learning\",\n        \"online\": false\n    },\n    {\n        \"programId\": 7614,\n        \"programName\": \"string\",\n        \"programDescription\": \"Postmanrn\",\n        \"online\": true\n    },\n    {\n        \"programId\": 7540,\n        \"programName\": \"ironman\",\n        \"programDescription\": \"Agile\",\n        \"online\": true\n    },\n    {\n        \"programId\": 7541,\n        \"programName\": \"Application Support\",\n        \"programDescription\": \"\",\n        \"online\": true\n    },\n    {\n        \"programId\": 7516,\n        \"programName\": \"java\",\n        \"programDescription\": \"tester\",\n        \"online\": true\n    },\n    {\n        \"programId\": 7539,\n        \"programName\": \"python\",\n        \"programDescription\": \"developer\",\n        \"online\": true\n    },\n    {\n        \"programId\": 2000,\n        \"programName\": \"Selenium\",\n        \"programDescription\": \"Testing\",\n        \"online\": true\n    },\n    {\n        \"programId\": 7509,\n        \"programName\": \"unix update\",\n        \"programDescription\": \"string update\",\n        \"online\": true\n    },\n    {\n        \"programId\": 7636,\n        \"programName\": \"API Testing\",\n        \"programDescription\": \"Selenium Postman123\",\n        \"online\": false\n    },\n    {\n        \"programId\": 7575,\n        \"programName\": \"DS\",\n        \"programDescription\": \"test1\",\n        \"online\": true\n    },\n    {\n        \"programId\": 9472,\n        \"programName\": \"Automationmodified\",\n        \"programDescription\": \"Seliniummodified\",\n        \"online\": false\n    },\n    {\n        \"programId\": 4067,\n        \"programName\": \"Testing\",\n        \"programDescription\": \"Testing\",\n        \"online\": true\n    },\n    {\n        \"programId\": 9473,\n        \"programName\": \"Backend Developer\",\n        \"programDescription\": \"Azure\",\n        \"online\": false\n    },\n    {\n        \"programId\": 9474,\n        \"programName\": \"Backend Developermodified\",\n        \"programDescription\": \"Azuremodified\",\n        \"online\": false\n    },\n    {\n        \"programId\": 4070,\n        \"programName\": \"Testing\",\n        \"programDescription\": \"Testing\",\n        \"online\": true\n    },\n    {\n        \"programId\": 4071,\n        \"programName\": \"Testing\",\n        \"programDescription\": \"Testing\",\n        \"online\": true\n    },\n    {\n        \"programId\": 4073,\n        \"programName\": \"SDET\",\n        \"programDescription\": \"SDET\",\n        \"online\": true\n    },\n    {\n        \"programId\": 1450,\n        \"programName\": \"Developer -checking POST for ExistingId\",\n        \"programDescription\": \"API Developer\",\n        \"online\": true\n    },\n    {\n        \"programId\": 4008,\n        \"programName\": \"Willams\",\n        \"programDescription\": \"Testing\",\n        \"online\": true\n    },\n    {\n        \"programId\": 3970,\n        \"programName\": \"TestAnalyst\",\n        \"programDescription\": \"Projet Management\",\n        \"online\": false\n    },\n    {\n        \"programId\": 4013,\n        \"programName\": \"Cadaats\",\n        \"programDescription\": \"testingpostman\",\n        \"online\": true\n    },\n    {\n        \"programId\": 9483,\n        \"programName\": \"LMS Automation\",\n        \"programDescription\": \"LMS API Testing\",\n        \"online\": true\n    },\n    {\n        \"programId\": 4060,\n        \"programName\": \"Testing\",\n        \"programDescription\": \"Testing\",\n        \"online\": false\n    },\n    {\n        \"programId\": 3319,\n        \"programName\": \"API Testing1\",\n        \"programDescription\": \"Testing2\",\n        \"online\": false\n    },\n    {\n        \"programId\": 9485,\n        \"programName\": \"API Testing1\",\n        \"programDescription\": \"Testing2\",\n        \"online\": false\n    },\n    {\n        \"programId\": 9486,\n        \"programName\": \"string\",\n        \"programDescription\": \"string\",\n        \"online\": true\n    },\n    {\n        \"programId\": 9487,\n        \"programName\": \"string\",\n        \"programDescription\": \"string\",\n        \"online\": true\n    },\n    {\n        \"programId\": 9488,\n        \"programName\": \"string\",\n        \"programDescription\": \"teststring\",\n        \"online\": true\n    },\n    {\n        \"programId\": 9491,\n        \"programName\": \"Python\",\n        \"programDescription\": \"Python for Beginners\",\n        \"online\": true\n    },\n    {\n        \"programId\": 9492,\n        \"programName\": \"Java\",\n        \"programDescription\": \"Java for Beginners\",\n        \"online\": true\n    },\n    {\n        \"programId\": 9493,\n        \"programName\": \"Data Analysis\",\n        \"programDescription\": \"Data Analytics\",\n        \"online\": true\n    },\n    {\n        \"programId\": 9494,\n        \"programName\": \"Python\",\n        \"programDescription\": \"Python for Beginners\",\n        \"online\": true\n    },\n    {\n        \"programId\": 9495,\n        \"programName\": \"Java\",\n        \"programDescription\": \"Java for Beginners\",\n        \"online\": true\n    },\n    {\n        \"programId\": 9496,\n        \"programName\": \"Data Analysis\",\n        \"programDescription\": \"Data Analytics\",\n        \"online\": true\n    },\n    {\n        \"programId\": 9500,\n        \"programName\": \"Devops\",\n        \"programDescription\": \"New Devops\",\n        \"online\": true\n    },\n    {\n        \"programId\": 9506,\n        \"programName\": \"Test updated\",\n        \"programDescription\": \"Test updated\",\n        \"online\": true\n    },\n    {\n        \"programId\": 4072,\n        \"programName\": \"testing insert\",\n        \"programDescription\": \"SDET\",\n        \"online\": true\n    },\n    {\n        \"programId\": 4002,\n        \"programName\": \"Csharp\",\n        \"programDescription\": \"Testing\",\n        \"online\": true\n    },\n    {\n        \"programId\": 4003,\n        \"programName\": \"Cypress\",\n        \"programDescription\": \"Testing edited\",\n        \"online\": true\n    },\n    {\n        \"programId\": 4004,\n        \"programName\": \"CoralDraw\",\n        \"programDescription\": \"Testing edited\",\n        \"online\": true\n    },\n    {\n        \"programId\": 7328,\n        \"programName\": \"string\",\n        \"programDescription\": \"string\",\n        \"online\": false\n    },\n    {\n        \"programId\": 3715,\n        \"programName\": \"testing program \",\n        \"programDescription\": \" \",\n        \"online\": true\n    },\n    {\n        \"programId\": 3721,\n        \"programName\": \"testing program \",\n        \"programDescription\": \" \",\n        \"online\": true\n    },\n    {\n        \"programId\": 7329,\n        \"programName\": \"GreatGoing\",\n        \"programDescription\": \"Do great things\",\n        \"online\": true\n    },\n    {\n        \"programId\": 7330,\n        \"programName\": \"string\",\n        \"programDescription\": \"string\",\n        \"online\": true\n    },\n    {\n        \"programId\": 3729,\n        \"programName\": \"testing program \",\n        \"programDescription\": \" \",\n        \"online\": true\n    },\n    {\n        \"programId\": 3735,\n        \"programName\": \"\\\"Automation Testing\\\"\",\n        \"programDescription\": \"\\\"RestAssured\\\"\",\n        \"online\": false\n    },\n    {\n        \"programId\": 3737,\n        \"programName\": \"\\\"Develeopment\\\"\",\n        \"programDescription\": \"\\\"Java\\\"\",\n        \"online\": false\n    },\n    {\n        \"programId\": 3738,\n        \"programName\": \"testing program \",\n        \"programDescription\": \" \",\n        \"online\": true\n    },\n    {\n        \"programId\": 3739,\n        \"programName\": \"\\\"Project Management\\\"\",\n        \"programDescription\": \"\\\"scrum master\\\"\",\n        \"online\": false\n    },\n    {\n        \"programId\": 3740,\n        \"programName\": \"testing program \",\n        \"programDescription\": \" \",\n        \"online\": true\n    },\n    {\n        \"programId\": 3741,\n        \"programName\": \"Automation Testing\",\n        \"programDescription\": \"RestAssured\",\n        \"online\": true\n    },\n    {\n        \"programId\": 3742,\n        \"programName\": \"microservices\",\n        \"programDescription\": \"training\",\n        \"online\": true\n    },\n    {\n        \"programId\": 3743,\n        \"programName\": \"microservices\",\n        \"programDescription\": \"training\",\n        \"online\": true\n    },\n    {\n        \"programId\": 3744,\n        \"programName\": \"microservices\",\n        \"programDescription\": \"training\",\n        \"online\": true\n    },\n    {\n        \"programId\": 3745,\n        \"programName\": \"microservices\",\n        \"programDescription\": \"training\",\n        \"online\": true\n    },\n    {\n        \"programId\": 3746,\n        \"programName\": \"\\\"Automation Testing\\\"\",\n        \"programDescription\": \"\\\"RestAssured\\\"\",\n        \"online\": false\n    },\n    {\n        \"programId\": 3747,\n        \"programName\": \"\\\"Develeopment\\\"\",\n        \"programDescription\": \"\\\"Java\\\"\",\n        \"online\": false\n    },\n    {\n        \"programId\": 3748,\n        \"programName\": \"\\\"Project Management\\\"\",\n        \"programDescription\": \"\\\"scrum master\\\"\",\n        \"online\": false\n    },\n    {\n        \"programId\": 3749,\n        \"programName\": \"Automation Testing\",\n        \"programDescription\": \"RestAssured\",\n        \"online\": true\n    },\n    {\n        \"programId\": 3811,\n        \"programName\": \"\\\"Automation Testing\\\"\",\n        \"programDescription\": \"\\\"RestAssured\\\"\",\n        \"online\": false\n    },\n    {\n        \"programId\": 3812,\n        \"programName\": \"\\\"Develeopment\\\"\",\n        \"programDescription\": \"\\\"Java\\\"\",\n        \"online\": false\n    },\n    {\n        \"programId\": 3813,\n        \"programName\": \"\\\"Project Management\\\"\",\n        \"programDescription\": \"\\\"scrum master\\\"\",\n        \"online\": false\n    },\n    {\n        \"programId\": 3819,\n        \"programName\": \"\\\"Automation Testing\\\"\",\n        \"programDescription\": \"\\\"RestAssured\\\"\",\n        \"online\": false\n    },\n    {\n        \"programId\": 3820,\n        \"programName\": \"\\\"Develeopment\\\"\",\n        \"programDescription\": \"\\\"Java\\\"\",\n        \"online\": false\n    },\n    {\n        \"programId\": 3821,\n        \"programName\": \"\\\"Project Management\\\"\",\n        \"programDescription\": \"\\\"scrum master\\\"\",\n        \"online\": false\n    },\n    {\n        \"programId\": 3827,\n        \"programName\": \"Automation Testing\",\n        \"programDescription\": \"RestAssured\",\n        \"online\": true\n    },\n    {\n        \"programId\": 3868,\n        \"programName\": \"string\",\n        \"programDescription\": \"string\",\n        \"online\": true\n    },\n    {\n        \"programId\": 3869,\n        \"programName\": \"string\",\n        \"programDescription\": \"string\",\n        \"online\": true\n    },\n    {\n        \"programId\": 3886,\n        \"programName\": \"Contract testing\",\n        \"programDescription\": \"LMS API TESTING\",\n        \"online\": true\n    },\n    {\n        \"programId\": 3887,\n        \"programName\": \"asdfa\",\n        \"programDescription\": \"asfa\",\n        \"online\": true\n    },\n    {\n        \"programId\": 3925,\n        \"programName\": \"batman\",\n        \"programDescription\": \"string\",\n        \"online\": true\n    },\n    {\n        \"programId\": 3899,\n        \"programName\": \"batman\",\n        \"programDescription\": \"string\",\n        \"online\": true\n    },\n    {\n        \"programId\": 3900,\n        \"programName\": \"ironman\",\n        \"programDescription\": \"string\",\n        \"online\": true\n    },\n    {\n        \"programId\": 3901,\n        \"programName\": \"superman\",\n        \"programDescription\": \"string\",\n        \"online\": true\n    },\n    {\n        \"programId\": 3907,\n        \"programName\": \"batman\",\n        \"programDescription\": \"string\",\n        \"online\": true\n    },\n    {\n        \"programId\": 3908,\n        \"programName\": \"ironman\",\n        \"programDescription\": \"string\",\n        \"online\": true\n    },\n    {\n        \"programId\": 3923,\n        \"programName\": \"batman\",\n        \"programDescription\": \"string\",\n        \"online\": true\n    },\n    {\n        \"programId\": 276,\n        \"programName\": \"cucumber learning\",\n        \"programDescription\": \"cucumber learning\",\n        \"online\": false\n    },\n    {\n        \"programId\": 277,\n        \"programName\": \"cucumber learning\",\n        \"programDescription\": \"cucumber learning\",\n        \"online\": false\n    },\n    {\n        \"programId\": 278,\n        \"programName\": \"cucumber learning\",\n        \"programDescription\": \"cucumber learning\",\n        \"online\": false\n    },\n    {\n        \"programId\": 3924,\n        \"programName\": \"ironman\",\n        \"programDescription\": \"string\",\n        \"online\": true\n    },\n    {\n        \"programId\": 3730,\n        \"programName\": \"0.0009\",\n        \"programDescription\": \"Selenium\",\n        \"online\": false\n    },\n    {\n        \"programId\": 281,\n        \"programName\": \"cucumber learning modified\",\n        \"programDescription\": \"cucumber learning\",\n        \"online\": false\n    },\n    {\n        \"programId\": 3926,\n        \"programName\": \"ironman\",\n        \"programDescription\": \"string\",\n        \"online\": true\n    },\n    {\n        \"programId\": 3942,\n        \"programName\": \"string\",\n        \"programDescription\": \"string\",\n        \"online\": true\n    },\n    {\n        \"programId\": 338,\n        \"programName\": \"test\",\n        \"programDescription\": \"testing\",\n        \"online\": true\n    },\n    {\n        \"programId\": 3935,\n        \"programName\": \"softwaretesting \",\n        \"programDescription\": \"training\",\n        \"online\": true\n    },\n    {\n        \"programId\": 3951,\n        \"programName\": \"string\",\n        \"programDescription\": \"string\",\n        \"online\": true\n    },\n    {\n        \"programId\": 287,\n        \"programName\": \"testing modified\",\n        \"programDescription\": \"testing modified\",\n        \"online\": true\n    },\n    {\n        \"programId\": 288,\n        \"programName\": \"testing\",\n        \"programDescription\": \"testing\",\n        \"online\": true\n    },\n    {\n        \"programId\": 289,\n        \"programName\": \"testing\",\n        \"programDescription\": \"testing\",\n        \"online\": true\n    },\n    {\n        \"programId\": 290,\n        \"programName\": \"testing123\",\n        \"programDescription\": \"testing\",\n        \"online\": true\n    },\n    {\n        \"programId\": 3952,\n        \"programName\": \"Testing\",\n        \"programDescription\": \"Testing\",\n        \"online\": true\n    },\n    {\n        \"programId\": 292,\n        \"programName\": \"cucumber learning modified\",\n        \"programDescription\": \"cucumber learning\",\n        \"online\": false\n    },\n    {\n        \"programId\": 293,\n        \"programName\": \"string\",\n        \"programDescription\": \"string\",\n        \"online\": true\n    },\n    {\n        \"programId\": 294,\n        \"programName\": \"Testing\",\n        \"programDescription\": \"Testing\",\n        \"online\": true\n    },\n    {\n        \"programId\": 295,\n        \"programName\": \"Testing\",\n        \"programDescription\": \"Testing\",\n        \"online\": true\n    },\n    {\n        \"programId\": 296,\n        \"programName\": \"Testing\",\n        \"programDescription\": \"Testing\",\n        \"online\": true\n    },\n    {\n        \"programId\": 297,\n        \"programName\": \"Testing\",\n        \"programDescription\": \"Testing\",\n        \"online\": true\n    },\n    {\n        \"programId\": 3963,\n        \"programName\": \"Multipal Digit Testing\",\n        \"programDescription\": \"Program ID Testing\",\n        \"online\": true\n    },\n    {\n        \"programId\": 3974,\n        \"programName\": \"Multipal Digit Testing\",\n        \"programDescription\": \"Program ID Testing\",\n        \"online\": true\n    },\n    {\n        \"programId\": 3975,\n        \"programName\": \"Multipal Digit Testing\",\n        \"programDescription\": \"Program ID Testing\",\n        \"online\": true\n    },\n    {\n        \"programId\": 3976,\n        \"programName\": \"Multipal Digit Testing\",\n        \"programDescription\": \"Program ID Testing\",\n        \"online\": true\n    },\n    {\n        \"programId\": 275,\n        \"programName\": \"API Testing\",\n        \"programDescription\": \"API Testing on LMS with json payload-doing_Aug 05_1_modification\",\n        \"online\": false\n    },\n    {\n        \"programId\": 302,\n        \"programName\": \"API Testing\",\n        \"programDescription\": \"Adding of third Post on LMS without programid- first change on aug 8\",\n        \"online\": true\n    },\n    {\n        \"programId\": 303,\n        \"programName\": \"string\",\n        \"programDescription\": \"string\",\n        \"online\": true\n    },\n    {\n        \"programId\": 9222,\n        \"programName\": \"Assistantabc\",\n        \"programDescription\": \"Tuesday_PN\",\n        \"online\": true\n    },\n    {\n        \"programId\": 306,\n        \"programName\": \"Automation Testing\",\n        \"programDescription\": \"Postman\",\n        \"online\": true\n    },\n    {\n        \"programId\": 7332,\n        \"programName\": \"testing\",\n        \"programDescription\": \"testing\",\n        \"online\": true\n    },\n    {\n        \"programId\": 308,\n        \"programName\": \"string\",\n        \"programDescription\": \"string\",\n        \"online\": true\n    },\n    {\n        \"programId\": 304,\n        \"programName\": \"SDET\",\n        \"programDescription\": \"UI Automation\",\n        \"online\": true\n    },\n    {\n        \"programId\": 328,\n        \"programName\": \"Prek\",\n        \"programDescription\": \"India\",\n        \"online\": true\n    },\n    {\n        \"programId\": 311,\n        \"programName\": \"cucumber learning modified\",\n        \"programDescription\": \"cucumber learning\",\n        \"online\": false\n    },\n    {\n        \"programId\": 365,\n        \"programName\": \"8.479\",\n        \"programDescription\": \"hellowhere\",\n        \"online\": true\n    },\n    {\n        \"programId\": 313,\n        \"programName\": \"cucumber learning modified\",\n        \"programDescription\": \"cucumber learning\",\n        \"online\": false\n    },\n    {\n        \"programId\": 344,\n        \"programName\": \"Blank Testing\",\n        \"programDescription\": \"\",\n        \"online\": true\n    },\n    {\n        \"programId\": 7333,\n        \"programName\": \"testing\",\n        \"programDescription\": \"testing\",\n        \"online\": true\n    },\n    {\n        \"programId\": 249,\n        \"programName\": \"testingPostman\",\n        \"programDescription\": \"postmantesting\",\n        \"online\": true\n    },\n    {\n        \"programId\": 318,\n        \"programName\": \"Swagger08\",\n        \"programDescription\": \"Swagger Training\",\n        \"online\": true\n    },\n    {\n        \"programId\": 254,\n        \"programName\": \"trial\",\n        \"programDescription\": \"trial\",\n        \"online\": false\n    },\n    {\n        \"programId\": 316,\n        \"programName\": \"API Testing Gson\",\n        \"programDescription\": \"API Testing Gson- desc CHANGED for 316\",\n        \"online\": true\n    },\n    {\n        \"programId\": 322,\n        \"programName\": \"Curl208\",\n        \"programDescription\": \"Curl2 Training\",\n        \"online\": true\n    },\n    {\n        \"programId\": 343,\n        \"programName\": \"string\",\n        \"programDescription\": \"string\",\n        \"online\": true\n    },\n    {\n        \"programId\": 252,\n        \"programName\": \"mathematics\",\n        \"programDescription\": \"mathematics\",\n        \"online\": false\n    },\n    {\n        \"programId\": 324,\n        \"programName\": \"API Testing Gson\",\n        \"programDescription\": \"API Testing Gson- desc for 377\",\n        \"online\": true\n    },\n    {\n        \"programId\": 325,\n        \"programName\": \"API Testing Gson\",\n        \"programDescription\": \"API Testing Gson- desc for 377\",\n        \"online\": true\n    },\n    {\n        \"programId\": 326,\n        \"programName\": \"string\",\n        \"programDescription\": \"string\",\n        \"online\": true\n    },\n    {\n        \"programId\": 327,\n        \"programName\": \"string\",\n        \"programDescription\": \"string\",\n        \"online\": true\n    },\n    {\n        \"programId\": 331,\n        \"programName\": \"string\",\n        \"programDescription\": \"string\",\n        \"online\": true\n    },\n    {\n        \"programId\": 332,\n        \"programName\": \"Testing modified\",\n        \"programDescription\": \"Testing modified\",\n        \"online\": true\n    },\n    {\n        \"programId\": 274,\n        \"programName\": \"Testing 001\",\n        \"programDescription\": \"Testing 001\",\n        \"online\": true\n    },\n    {\n        \"programId\": 334,\n        \"programName\": \"Testing modified\",\n        \"programDescription\": \"Testing modified\",\n        \"online\": true\n    },\n    {\n        \"programId\": 336,\n        \"programName\": \"string\",\n        \"programDescription\": \"string\",\n        \"online\": true\n    },\n    {\n        \"programId\": 337,\n        \"programName\": \"string\",\n        \"programDescription\": \"string\",\n        \"online\": true\n    },\n    {\n        \"programId\": 345,\n        \"programName\": \"string\",\n        \"programDescription\": \"string\",\n        \"online\": true\n    },\n    {\n        \"programId\": 346,\n        \"programName\": \"string\",\n        \"programDescription\": \"string\",\n        \"online\": true\n    },\n    {\n        \"programId\": 364,\n        \"programName\": \"Texting\",\n        \"programDescription\": \"Texting\",\n        \"online\": true\n    },\n    {\n        \"programId\": 347,\n        \"programName\": \"Testing\",\n        \"programDescription\": \"sele\",\n        \"online\": true\n    },\n    {\n        \"programId\": 348,\n        \"programName\": \"Testinggg\",\n        \"programDescription\": \"seleno\",\n        \"online\": true\n    },\n    {\n        \"programId\": 349,\n        \"programName\": \"Testing\",\n        \"programDescription\": \"Testing\",\n        \"online\": true\n    },\n    {\n        \"programId\": 350,\n        \"programName\": \"Java 10 Training Modified\",\n        \"programDescription\": \"Java 10 Training Modified Again2\",\n        \"online\": true\n    },\n    {\n        \"programId\": 351,\n        \"programName\": \"API Testing\",\n        \"programDescription\": \"API Testing on LMS with json payload\",\n        \"online\": true\n    },\n    {\n        \"programId\": 352,\n        \"programName\": \"API Testing\",\n        \"programDescription\": \"API Testing on LMS with json payload\",\n        \"online\": true\n    },\n    {\n        \"programId\": 353,\n        \"programName\": \"API Testing\",\n        \"programDescription\": \"API Testing on LMS with json payload\",\n        \"online\": true\n    },\n    {\n        \"programId\": 354,\n        \"programName\": \"API Testing Jackson\",\n        \"programDescription\": \"API Testing Jackson- desc\",\n        \"online\": true\n    },\n    {\n        \"programId\": 355,\n        \"programName\": \"API Testing\",\n        \"programDescription\": \"API Testing on LMS with json payload\",\n        \"online\": true\n    },\n    {\n        \"programId\": 356,\n        \"programName\": \"API Testing\",\n        \"programDescription\": \"API Testing on LMS with json payload\",\n        \"online\": true\n    },\n    {\n        \"programId\": 357,\n        \"programName\": \"API Testing\",\n        \"programDescription\": \"API Testing on LMS with json payload\",\n        \"online\": true\n    },\n    {\n        \"programId\": 359,\n        \"programName\": \"API Testing\",\n        \"programDescription\": \"API Testing on LMS with json payload\",\n        \"online\": true\n    },\n    {\n        \"programId\": 360,\n        \"programName\": \"API HunchPunch\",\n        \"programDescription\": \"API hunchpunch Desc\",\n        \"online\": true\n    },\n    {\n        \"programId\": 361,\n        \"programName\": \"string\",\n        \"programDescription\": \"string\",\n        \"online\": true\n    },\n    {\n        \"programId\": 362,\n        \"programName\": \"Texting\",\n        \"programDescription\": \"Texting\",\n        \"online\": true\n    },\n    {\n        \"programId\": 363,\n        \"programName\": \"Texting\",\n        \"programDescription\": \"Texting\",\n        \"online\": true\n    },\n    {\n        \"programId\": 367,\n        \"programName\": \"Testing\",\n        \"programDescription\": \"Testing\",\n        \"online\": true\n    },\n    {\n        \"programId\": 368,\n        \"programName\": \"string\",\n        \"programDescription\": \"string\",\n        \"online\": true\n    },\n    {\n        \"programId\": 369,\n        \"programName\": \"Testing\",\n        \"programDescription\": \"Testing\",\n        \"online\": true\n    },\n    {\n        \"programId\": 370,\n        \"programName\": \"Testing\",\n        \"programDescription\": \"Testing\",\n        \"online\": true\n    },\n    {\n        \"programId\": 374,\n        \"programName\": \"Selenium\",\n        \"programDescription\": \"string\",\n        \"online\": true\n    },\n    {\n        \"programId\": 376,\n        \"programName\": \"Selenium\",\n        \"programDescription\": \"string\",\n        \"online\": true\n    },\n    {\n        \"programId\": 377,\n        \"programName\": \"Selenium\",\n        \"programDescription\": \"string\",\n        \"online\": true\n    },\n    {\n        \"programId\": 379,\n        \"programName\": \"Selenium\",\n        \"programDescription\": \"Testing\",\n        \"online\": true\n    },\n    {\n        \"programId\": 598,\n        \"programName\": \"sttring\",\n        \"programDescription\": \"string\",\n        \"online\": true\n    },\n    {\n        \"programId\": 3750,\n        \"programName\": \"\\\"Automation Testing\\\"\",\n        \"programDescription\": \"\\\"RestAssured\\\"\",\n        \"online\": false\n    },\n    {\n        \"programId\": 405,\n        \"programName\": \"#$wwfgdf%\",\n        \"programDescription\": \"SDET-Testing-16\",\n        \"online\": true\n    },\n    {\n        \"programId\": 7334,\n        \"programName\": \"Testing modified\",\n        \"programDescription\": \"Testing modified\",\n        \"online\": true\n    },\n    {\n        \"programId\": 484,\n        \"programName\": \"API Testing\",\n        \"programDescription\": \"API Testing on LMS with json payload\",\n        \"online\": true\n    },\n    {\n        \"programId\": 420,\n        \"programName\": \"none\",\n        \"programDescription\": \"testing\",\n        \"online\": false\n    },\n    {\n        \"programId\": 387,\n        \"programName\": \"Selenium\",\n        \"programDescription\": \"Testing\",\n        \"online\": true\n    },\n    {\n        \"programId\": 388,\n        \"programName\": \"string\",\n        \"programDescription\": \"Selenium Java\",\n        \"online\": true\n    },\n    {\n        \"programId\": 389,\n        \"programName\": \"Selenium\",\n        \"programDescription\": \"string\",\n        \"online\": true\n    },\n    {\n        \"programId\": 390,\n        \"programName\": \"string\",\n        \"programDescription\": \"Selenium \",\n        \"online\": true\n    },\n    {\n        \"programId\": 391,\n        \"programName\": \"Selenium\",\n        \"programDescription\": \"Testing\",\n        \"online\": true\n    },\n    {\n        \"programId\": 9223,\n        \"programName\": \"VideoGame\",\n        \"programDescription\": \"user friendly\",\n        \"online\": true\n    },\n    {\n        \"programId\": 523,\n        \"programName\": \"123\",\n        \"programDescription\": null,\n        \"online\": true\n    },\n    {\n        \"programId\": 445,\n        \"programName\": \"1225\",\n        \"programDescription\": \"entered with old one\",\n        \"online\": true\n    },\n    {\n        \"programId\": 3751,\n        \"programName\": \"\\\"Develeopment\\\"\",\n        \"programDescription\": \"\\\"Java\\\"\",\n        \"online\": false\n    },\n    {\n        \"programId\": 396,\n        \"programName\": \"Selenium\",\n        \"programDescription\": \"Testing\",\n        \"online\": true\n    },\n    {\n        \"programId\": 3752,\n        \"programName\": \"\\\"Project Management\\\"\",\n        \"programDescription\": \"\\\"scrum master\\\"\",\n        \"online\": false\n    },\n    {\n        \"programId\": 3753,\n        \"programName\": \"Automation Testing\",\n        \"programDescription\": \"RestAssured\",\n        \"online\": true\n    },\n    {\n        \"programId\": 3754,\n        \"programName\": \"\\\"Automation Testing\\\"\",\n        \"programDescription\": \"\\\"RestAssured\\\"\",\n        \"online\": false\n    },\n    {\n        \"programId\": 3755,\n        \"programName\": \"\\\"Develeopment\\\"\",\n        \"programDescription\": \"\\\"Java\\\"\",\n        \"online\": false\n    },\n    {\n        \"programId\": 511,\n        \"programName\": \"PythonDev\",\n        \"programDescription\": \"Job description\",\n        \"online\": true\n    },\n    {\n        \"programId\": 7335,\n        \"programName\": \"Testing modified\",\n        \"programDescription\": \"Testing modified\",\n        \"online\": true\n    },\n    {\n        \"programId\": 485,\n        \"programName\": \"API Testing\",\n        \"programDescription\": \"API Testing on LMS with json payload\",\n        \"online\": true\n    },\n    {\n        \"programId\": 7336,\n        \"programName\": \"Testing modified\",\n        \"programDescription\": \"Testing modified\",\n        \"online\": true\n    },\n    {\n        \"programId\": 444,\n        \"programName\": \"string\",\n        \"programDescription\": \"string\",\n        \"online\": true\n    },\n    {\n        \"programId\": 406,\n        \"programName\": \"string\",\n        \"programDescription\": \"string\",\n        \"online\": true\n    },\n    {\n        \"programId\": 407,\n        \"programName\": \"Application Support\",\n        \"programDescription\": null,\n        \"online\": false\n    },\n    {\n        \"programId\": 408,\n        \"programName\": \"Application Support\",\n        \"programDescription\": null,\n        \"online\": false\n    },\n    {\n        \"programId\": 409,\n        \"programName\": \"Application Support\",\n        \"programDescription\": null,\n        \"online\": false\n    },\n    {\n        \"programId\": 410,\n        \"programName\": \"Java training\",\n        \"programDescription\": \"Java programmer\",\n        \"online\": true\n    },\n    {\n        \"programId\": 411,\n        \"programName\": \"Application Support\",\n        \"programDescription\": null,\n        \"online\": false\n    },\n    {\n        \"programId\": 412,\n        \"programName\": \"Application Support\",\n        \"programDescription\": null,\n        \"online\": false\n    },\n    {\n        \"programId\": 413,\n        \"programName\": \"API\",\n        \"programDescription\": \"API Testing\",\n        \"online\": true\n    },\n    {\n        \"programId\": 414,\n        \"programName\": \"API Testing Jackson3\",\n        \"programDescription\": \"API Testing Jackson3- desc\",\n        \"online\": true\n    },\n    {\n        \"programId\": 416,\n        \"programName\": \"Application Support\",\n        \"programDescription\": null,\n        \"online\": false\n    },\n    {\n        \"programId\": 417,\n        \"programName\": \"Application Support\",\n        \"programDescription\": \"Full time\",\n        \"online\": false\n    },\n    {\n        \"programId\": 419,\n        \"programName\": \"Application Support\",\n        \"programDescription\": \"Full time\",\n        \"online\": true\n    },\n    {\n        \"programId\": 422,\n        \"programName\": \"Application Support\",\n        \"programDescription\": \"Full time\",\n        \"online\": true\n    },\n    {\n        \"programId\": 423,\n        \"programName\": \"Application Support\",\n        \"programDescription\": \"Full time\",\n        \"online\": true\n    },\n    {\n        \"programId\": 424,\n        \"programName\": \"Application Support\",\n        \"programDescription\": \"Full time\",\n        \"online\": true\n    },\n    {\n        \"programId\": 425,\n        \"programName\": \"Application Support\",\n        \"programDescription\": \"Full time\",\n        \"online\": true\n    },\n    {\n        \"programId\": 426,\n        \"programName\": \"Application Support\",\n        \"programDescription\": \"Full time\",\n        \"online\": true\n    },\n    {\n        \"programId\": 427,\n        \"programName\": \"Application Support\",\n        \"programDescription\": \"Full time\",\n        \"online\": true\n    },\n    {\n        \"programId\": 428,\n        \"programName\": \"Application Support\",\n        \"programDescription\": \"Full time\",\n        \"online\": false\n    },\n    {\n        \"programId\": 430,\n        \"programName\": \"SDET\",\n        \"programDescription\": \"Full time\",\n        \"online\": false\n    },\n    {\n        \"programId\": 431,\n        \"programName\": \"SDET\",\n        \"programDescription\": \"Full time\",\n        \"online\": false\n    },\n    {\n        \"programId\": 432,\n        \"programName\": \"SDET\",\n        \"programDescription\": \"Full time\",\n        \"online\": false\n    },\n    {\n        \"programId\": 433,\n        \"programName\": \"Application Support\",\n        \"programDescription\": \"Full time\",\n        \"online\": true\n    },\n    {\n        \"programId\": 436,\n        \"programName\": \"api test\",\n        \"programDescription\": \"Api testing for lms\",\n        \"online\": true\n    },\n    {\n        \"programId\": 418,\n        \"programName\": \"Rest Assured\",\n        \"programDescription\": \"Rest Assured training\",\n        \"online\": false\n    },\n    {\n        \"programId\": 437,\n        \"programName\": \"API\",\n        \"programDescription\": \"API Testing\",\n        \"online\": true\n    },\n    {\n        \"programId\": 438,\n        \"programName\": \"DS\",\n        \"programDescription\": null,\n        \"online\": true\n    },\n    {\n        \"programId\": 439,\n        \"programName\": \"SDET\",\n        \"programDescription\": \"Full time\",\n        \"online\": false\n    },\n    {\n        \"programId\": 440,\n        \"programName\": \"SDET\",\n        \"programDescription\": \"Full time\",\n        \"online\": false\n    },\n    {\n        \"programId\": 441,\n        \"programName\": \"SDET\",\n        \"programDescription\": \"Full time\",\n        \"online\": false\n    },\n    {\n        \"programId\": 442,\n        \"programName\": \"DS\",\n        \"programDescription\": \"Full time\",\n        \"online\": false\n    },\n    {\n        \"programId\": 443,\n        \"programName\": \"SDET\",\n        \"programDescription\": null,\n        \"online\": false\n    },\n    {\n        \"programId\": 446,\n        \"programName\": \"api test\",\n        \"programDescription\": \"Api testing for lms\",\n        \"online\": true\n    },\n    {\n        \"programId\": 447,\n        \"programName\": \"api testing\",\n        \"programDescription\": \"Api testing for lmsing\",\n        \"online\": true\n    },\n    {\n        \"programId\": 448,\n        \"programName\": \"api testing\",\n        \"programDescription\": \"Api testing for lmsing\",\n        \"online\": true\n    },\n    {\n        \"programId\": 449,\n        \"programName\": \"string\",\n        \"programDescription\": \"api testing lmsing\",\n        \"online\": true\n    },\n    {\n        \"programId\": 450,\n        \"programName\": \"string\",\n        \"programDescription\": \"api testing lmsing\",\n        \"online\": true\n    },\n    {\n        \"programId\": 487,\n        \"programName\": \"API Testing\",\n        \"programDescription\": \"API Testing on LMS with json payload shruthi\",\n        \"online\": true\n    },\n    {\n        \"programId\": 488,\n        \"programName\": \"API Testing\",\n        \"programDescription\": \"API Testing on LMS with json payload\",\n        \"online\": true\n    },\n    {\n        \"programId\": 489,\n        \"programName\": \"API Testing\",\n        \"programDescription\": \"API Testing on LMS with json payload shruthi\",\n        \"online\": true\n    },\n    {\n        \"programId\": 454,\n        \"programName\": \"SDET\",\n        \"programDescription\": null,\n        \"online\": false\n    },\n    {\n        \"programId\": 461,\n        \"programName\": \"SDET\",\n        \"programDescription\": null,\n        \"online\": false\n    },\n    {\n        \"programId\": 462,\n        \"programName\": \"string\",\n        \"programDescription\": \"string\",\n        \"online\": true\n    },\n    {\n        \"programId\": 463,\n        \"programName\": \"string\",\n        \"programDescription\": \"string\",\n        \"online\": true\n    },\n    {\n        \"programId\": 464,\n        \"programName\": \"string\",\n        \"programDescription\": \"string\",\n        \"online\": true\n    },\n    {\n        \"programId\": 465,\n        \"programName\": \"string\",\n        \"programDescription\": \"string\",\n        \"online\": true\n    },\n    {\n        \"programId\": 466,\n        \"programName\": \"string\",\n        \"programDescription\": \"string\",\n        \"online\": true\n    },\n    {\n        \"programId\": 467,\n        \"programName\": \"string\",\n        \"programDescription\": \"string\",\n        \"online\": true\n    },\n    {\n        \"programId\": 468,\n        \"programName\": \"api\",\n        \"programDescription\": \"string\",\n        \"online\": true\n    },\n    {\n        \"programId\": 469,\n        \"programName\": \"API\",\n        \"programDescription\": \"API Automation\",\n        \"online\": true\n    },\n    {\n        \"programId\": 470,\n        \"programName\": \"DS\",\n        \"programDescription\": null,\n        \"online\": true\n    },\n    {\n        \"programId\": 471,\n        \"programName\": \"string\",\n        \"programDescription\": \"string\",\n        \"online\": true\n    },\n    {\n        \"programId\": 472,\n        \"programName\": \"SDET\",\n        \"programDescription\": null,\n        \"online\": true\n    },\n    {\n        \"programId\": 473,\n        \"programName\": \"AS111\",\n        \"programDescription\": \"Application Support122\",\n        \"online\": true\n    },\n    {\n        \"programId\": 490,\n        \"programName\": \"Testing modified from postman\",\n        \"programDescription\": \"Testing modified\",\n        \"online\": true\n    },\n    {\n        \"programId\": 475,\n        \"programName\": \"API\",\n        \"programDescription\": \"API Automation\",\n        \"online\": true\n    },\n    {\n        \"programId\": 476,\n        \"programName\": \"API Testing\",\n        \"programDescription\": \"API Testing on LMS with json payload\",\n        \"online\": true\n    },\n    {\n        \"programId\": 477,\n        \"programName\": \"API Testing\",\n        \"programDescription\": \"API Testing on LMS with json payload\",\n        \"online\": true\n    },\n    {\n        \"programId\": 478,\n        \"programName\": \"API Testing\",\n        \"programDescription\": \"API Testing on LMS with json payload\",\n        \"online\": true\n    },\n    {\n        \"programId\": 479,\n        \"programName\": \"API Testing\",\n        \"programDescription\": \"API Testing on LMS with json payload\",\n        \"online\": true\n    },\n    {\n        \"programId\": 480,\n        \"programName\": \"API Testing\",\n        \"programDescription\": \"API Testing on LMS with json payload\",\n        \"online\": true\n    },\n    {\n        \"programId\": 481,\n        \"programName\": \"API Testing\",\n        \"programDescription\": \"API Testing on LMS with json payload\",\n        \"online\": true\n    },\n    {\n        \"programId\": 482,\n        \"programName\": \"API Testing\",\n        \"programDescription\": \"API Testing on LMS with json payload\",\n        \"online\": true\n    },\n    {\n        \"programId\": 483,\n        \"programName\": \"API Testing\",\n        \"programDescription\": \"API Testing on LMS with json payload\",\n        \"online\": true\n    },\n    {\n        \"programId\": 491,\n        \"programName\": \"API Testing\",\n        \"programDescription\": \"API Testing on LMS with json payload shruthi\",\n        \"online\": true\n    },\n    {\n        \"programId\": 497,\n        \"programName\": \"WELLPOINT\",\n        \"programDescription\": \"INDIANA\",\n        \"online\": true\n    },\n    {\n        \"programId\": 498,\n        \"programName\": \"WELLPOINT\",\n        \"programDescription\": \"INDIANA\",\n        \"online\": true\n    },\n    {\n        \"programId\": 499,\n        \"programName\": \"WELLPOINT\",\n        \"programDescription\": \"INDIANA\",\n        \"online\": true\n    },\n    {\n        \"programId\": 507,\n        \"programName\": \"API Testing\",\n        \"programDescription\": \"API Testing on LMS with json payload final changes\",\n        \"online\": true\n    },\n    {\n        \"programId\": 501,\n        \"programName\": \"AAAAAA\",\n        \"programDescription\": \"AAAAAA\",\n        \"online\": true\n    },\n    {\n        \"programId\": 502,\n        \"programName\": \"AAAAAA\",\n        \"programDescription\": \"AAAAAA\",\n        \"online\": true\n    },\n    {\n        \"programId\": 503,\n        \"programName\": \"API Testing\",\n        \"programDescription\": \"API Testing on LMS with json payload\",\n        \"online\": true\n    },\n    {\n        \"programId\": 504,\n        \"programName\": \"API Testing\",\n        \"programDescription\": \"API Testing on LMS with json payload shruthi\",\n        \"online\": true\n    },\n    {\n        \"programId\": 505,\n        \"programName\": \"API Testing\",\n        \"programDescription\": \"API Testing on LMS with json payload final changes\",\n        \"online\": true\n    },\n    {\n        \"programId\": 508,\n        \"programName\": \"API Testing\",\n        \"programDescription\": \"API Testing on LMS with json payload final changes\",\n        \"online\": true\n    },\n    {\n        \"programId\": 509,\n        \"programName\": \"API Testing\",\n        \"programDescription\": \"API Testing on LMS with json payload final changes\",\n        \"online\": true\n    },\n    {\n        \"programId\": 510,\n        \"programName\": \"DS1\",\n        \"programDescription\": \"Data Science\",\n        \"online\": true\n    },\n    {\n        \"programId\": 512,\n        \"programName\": \"SDET\",\n        \"programDescription\": \"Software Developer in Test\",\n        \"online\": true\n    },\n    {\n        \"programId\": 513,\n        \"programName\": \"DS1\",\n        \"programDescription\": \"Data Science\",\n        \"online\": true\n    },\n    {\n        \"programId\": 514,\n        \"programName\": \"AS111\",\n        \"programDescription\": \"Application Support122\",\n        \"online\": true\n    },\n    {\n        \"programId\": 516,\n        \"programName\": \"DS1\",\n        \"programDescription\": \"Data Science\",\n        \"online\": true\n    },\n    {\n        \"programId\": 515,\n        \"programName\": \"AS111\",\n        \"programDescription\": \"Application Support122\",\n        \"online\": true\n    },\n    {\n        \"programId\": 517,\n        \"programName\": \"APi Testing-e2ewithJsonObject \",\n        \"programDescription\": \"APi Testing-e2ewithJsonObject desc\",\n        \"online\": true\n    },\n    {\n        \"programId\": 521,\n        \"programName\": \"Testing modified\",\n        \"programDescription\": \"Testing modified\",\n        \"online\": true\n    },\n    {\n        \"programId\": 522,\n        \"programName\": \"QA1\",\n        \"programDescription\": \"QA analyst\",\n        \"online\": true\n    },\n    {\n        \"programId\": 524,\n        \"programName\": \"string\",\n        \"programDescription\": \"string\",\n        \"online\": true\n    },\n    {\n        \"programId\": 525,\n        \"programName\": \"string\",\n        \"programDescription\": \"string\",\n        \"online\": true\n    },\n    {\n        \"programId\": 527,\n        \"programName\": \"string\",\n        \"programDescription\": \"string\",\n        \"online\": true\n    },\n    {\n        \"programId\": 529,\n        \"programName\": \"QA2\",\n        \"programDescription\": \"QA analyst\",\n        \"online\": true\n    },\n    {\n        \"programId\": 530,\n        \"programName\": \"QA3\",\n        \"programDescription\": \"QA automation\",\n        \"online\": true\n    },\n    {\n        \"programId\": 531,\n        \"programName\": \"QA4\",\n        \"programDescription\": \"QA automation\",\n        \"online\": true\n    },\n    {\n        \"programId\": 534,\n        \"programName\": \"APi Testing-e2ewithJsonObject \",\n        \"programDescription\": \"APi Testing-e2ewithJsonObject desc\",\n        \"online\": true\n    },\n    {\n        \"programId\": 535,\n        \"programName\": \"APi Testing-e2ewithJsonObject \",\n        \"programDescription\": \"APi Testing-e2ewithJsonObject desc\",\n        \"online\": true\n    },\n    {\n        \"programId\": 537,\n        \"programName\": \"APi Testing-e2ewithJsonObject \",\n        \"programDescription\": \"APi Testing-e2ewithJsonObject desc\",\n        \"online\": true\n    },\n    {\n        \"programId\": 3756,\n        \"programName\": \"\\\"Project Management\\\"\",\n        \"programDescription\": \"\\\"scrum master\\\"\",\n        \"online\": false\n    },\n    {\n        \"programId\": 3757,\n        \"programName\": \"Automation Testing\",\n        \"programDescription\": \"RestAssured\",\n        \"online\": true\n    },\n    {\n        \"programId\": 661,\n        \"programName\": \"SDETTTTT-QA\",\n        \"programDescription\": \"Testing-Testing\",\n        \"online\": true\n    },\n    {\n        \"programId\": 3828,\n        \"programName\": \"API Testing 87766\",\n        \"programDescription\": \"Description for 87766\",\n        \"online\": true\n    },\n    {\n        \"programId\": 620,\n        \"programName\": \"SDETTTTT-QA\",\n        \"programDescription\": \"Testing\",\n        \"online\": true\n    },\n    {\n        \"programId\": 7337,\n        \"programName\": \"Testing modified\",\n        \"programDescription\": \"Testing modified\",\n        \"online\": true\n    },\n    {\n        \"programId\": 7338,\n        \"programName\": \"Testing modified\",\n        \"programDescription\": \"Testing modified\",\n        \"online\": true\n    },\n    {\n        \"programId\": 7407,\n        \"programName\": \"testing modify\",\n        \"programDescription\": \"testing \",\n        \"online\": true\n    },\n    {\n        \"programId\": 7424,\n        \"programName\": \"Test Program1\",\n        \"programDescription\": \"Test Program1\",\n        \"online\": true\n    },\n    {\n        \"programId\": 3870,\n        \"programName\": \"\\\"Automation Testing\\\"\",\n        \"programDescription\": \"\\\"RestAssured\\\"\",\n        \"online\": false\n    },\n    {\n        \"programId\": 3871,\n        \"programName\": \"\\\"Develeopment\\\"\",\n        \"programDescription\": \"\\\"Java\\\"\",\n        \"online\": false\n    },\n    {\n        \"programId\": 549,\n        \"programName\": \"APi Testing-e2ewithJsonObject \",\n        \"programDescription\": \"APi Testing-e2ewithJsonObject desc\",\n        \"online\": true\n    },\n    {\n        \"programId\": 3872,\n        \"programName\": \"\\\"Project Management\\\"\",\n        \"programDescription\": \"\\\"scrum master\\\"\",\n        \"online\": false\n    },\n    {\n        \"programId\": 7425,\n        \"programName\": \"Test Program7404\",\n        \"programDescription\": \"Test Program7404\",\n        \"online\": true\n    },\n    {\n        \"programId\": 551,\n        \"programName\": \"APi Testing-e2ewithJsonObject \",\n        \"programDescription\": \"APi Testing-e2ewithJsonObject desc\",\n        \"online\": true\n    },\n    {\n        \"programId\": 552,\n        \"programName\": \"APi Testing-e2ewithJsonObject \",\n        \"programDescription\": \"APi Testing-e2ewithJsonObject desc\",\n        \"online\": true\n    },\n    {\n        \"programId\": 554,\n        \"programName\": \"Testing\",\n        \"programDescription\": \"Testing\",\n        \"online\": true\n    },\n    {\n        \"programId\": 3878,\n        \"programName\": \"Automation Testing\",\n        \"programDescription\": \"RestAssured\",\n        \"online\": true\n    },\n    {\n        \"programId\": 556,\n        \"programName\": \"SDET12\",\n        \"programDescription\": \"Testing\",\n        \"online\": true\n    },\n    {\n        \"programId\": 3888,\n        \"programName\": \"Contract testing\",\n        \"programDescription\": \"LMS API TESTING\",\n        \"online\": true\n    },\n    {\n        \"programId\": 558,\n        \"programName\": \"APi Testing-e2ewithJsonObject \",\n        \"programDescription\": \"APi Testing-e2ewithJsonObject desc\",\n        \"online\": true\n    },\n    {\n        \"programId\": 559,\n        \"programName\": \"APi Testing-e2ewithJsonObject \",\n        \"programDescription\": \"APi Testing-e2ewithJsonObject desc_endpoints\",\n        \"online\": true\n    },\n    {\n        \"programId\": 560,\n        \"programName\": \"APi Testing-e2ewithJsonObject \",\n        \"programDescription\": \"APi Testing-e2ewithJsonObject desc_endpoints\",\n        \"online\": false\n    },\n    {\n        \"programId\": 7426,\n        \"programName\": \"Test Program7426\",\n        \"programDescription\": \"Test Program7426\",\n        \"online\": true\n    },\n    {\n        \"programId\": 662,\n        \"programName\": \"SDETTTTT-QA\",\n        \"programDescription\": \"Testing-Testing\",\n        \"online\": true\n    },\n    {\n        \"programId\": 7427,\n        \"programName\": \"string\",\n        \"programDescription\": \"string\",\n        \"online\": true\n    },\n    {\n        \"programId\": 663,\n        \"programName\": \"SDETHashmap\",\n        \"programDescription\": \"SDEThashmapDESC\",\n        \"online\": true\n    },\n    {\n        \"programId\": 7428,\n        \"programName\": \"string\",\n        \"programDescription\": \"string\",\n        \"online\": true\n    },\n    {\n        \"programId\": 664,\n        \"programName\": \"SDETHashmap\",\n        \"programDescription\": \"SDEThashmapDESC\",\n        \"online\": true\n    },\n    {\n        \"programId\": 9224,\n        \"programName\": \"VideoGame\",\n        \"programDescription\": \"user friendly\",\n        \"online\": true\n    },\n    {\n        \"programId\": 665,\n        \"programName\": \"SDET100\",\n        \"programDescription\": \"SDET100\",\n        \"online\": true\n    },\n    {\n        \"programId\": 565,\n        \"programName\": \"API Testing\",\n        \"programDescription\": \"API Testing on LMS with json payload final changes\",\n        \"online\": true\n    },\n    {\n        \"programId\": 607,\n        \"programName\": \"string\",\n        \"programDescription\": \"string\",\n        \"online\": true\n    },\n    {\n        \"programId\": 657,\n        \"programName\": \"online field testing\",\n        \"programDescription\": \"entered with numbers\",\n        \"online\": true\n    },\n    {\n        \"programId\": 610,\n        \"programName\": \"Testing\",\n        \"programDescription\": \"Testing_sdetsdet\",\n        \"online\": true\n    },\n    {\n        \"programId\": 611,\n        \"programName\": \"Testing\",\n        \"programDescription\": \"Testing_sdetsdet0000\",\n        \"online\": true\n    },\n    {\n        \"programId\": 615,\n        \"programName\": \"string\",\n        \"programDescription\": \"stringTESTIIIIII\",\n        \"online\": true\n    },\n    {\n        \"programId\": 614,\n        \"programName\": \"sdetsdetsdet787878\",\n        \"programDescription\": \"sdetsdetsdet\",\n        \"online\": true\n    },\n    {\n        \"programId\": 606,\n        \"programName\": \"sdetsdetsdet787878\",\n        \"programDescription\": \"sdetsdetsdet\",\n        \"online\": true\n    },\n    {\n        \"programId\": 618,\n        \"programName\": \"API Testing\",\n        \"programDescription\": \"Cool Trendy program\",\n        \"online\": true\n    },\n    {\n        \"programId\": 619,\n        \"programName\": \"API Testing\",\n        \"programDescription\": \"Cool Trendy program\",\n        \"online\": true\n    },\n    {\n        \"programId\": 621,\n        \"programName\": \"Testing\",\n        \"programDescription\": \"Testing\",\n        \"online\": true\n    },\n    {\n        \"programId\": 622,\n        \"programName\": \"API\",\n        \"programDescription\": \"API Trend\",\n        \"online\": true\n    },\n    {\n        \"programId\": 577,\n        \"programName\": \"SDETgThJj\",\n        \"programDescription\": \"SoftwaremRmHBjB\",\n        \"online\": false\n    },\n    {\n        \"programId\": 634,\n        \"programName\": \"Testing\",\n        \"programDescription\": \"Testing\",\n        \"online\": false\n    },\n    {\n        \"programId\": 636,\n        \"programName\": \"string\",\n        \"programDescription\": \"string\",\n        \"online\": true\n    },\n    {\n        \"programId\": 637,\n        \"programName\": \"Testing\",\n        \"programDescription\": \"Testing\",\n        \"online\": true\n    },\n    {\n        \"programId\": 638,\n        \"programName\": \"string\",\n        \"programDescription\": \"string\",\n        \"online\": true\n    },\n    {\n        \"programId\": 635,\n        \"programName\": \"Testing\",\n        \"programDescription\": \"Testing\",\n        \"online\": true\n    },\n    {\n        \"programId\": 639,\n        \"programName\": \"Testing modified\",\n        \"programDescription\": \"Testing modified\",\n        \"online\": true\n    },\n    {\n        \"programId\": 640,\n        \"programName\": \"Testing modified\",\n        \"programDescription\": \"Testing modified\",\n        \"online\": true\n    },\n    {\n        \"programId\": 666,\n        \"programName\": \"AS35\",\n        \"programDescription\": \"Application Support\",\n        \"online\": true\n    },\n    {\n        \"programId\": 667,\n        \"programName\": \"DB\",\n        \"programDescription\": \"DB analytics\",\n        \"online\": false\n    },\n    {\n        \"programId\": 669,\n        \"programName\": \"LMS\",\n        \"programDescription\": \"Test LMS\",\n        \"online\": true\n    },\n    {\n        \"programId\": 644,\n        \"programName\": \"SDETTTTT-QA\",\n        \"programDescription\": \"Testing-Testing\",\n        \"online\": true\n    },\n    {\n        \"programId\": 646,\n        \"programName\": \"SDETTTTT-QA\",\n        \"programDescription\": \"Testing-Testing\",\n        \"online\": true\n    },\n    {\n        \"programId\": 649,\n        \"programName\": \"SP1\",\n        \"programDescription\": \"Support Analyst\",\n        \"online\": false\n    },\n    {\n        \"programId\": 650,\n        \"programName\": \"AS35\",\n        \"programDescription\": \"Application Support\",\n        \"online\": true\n    },\n    {\n        \"programId\": 651,\n        \"programName\": \"AS35\",\n        \"programDescription\": \"Application Support\",\n        \"online\": true\n    },\n    {\n        \"programId\": 670,\n        \"programName\": \"LMS\",\n        \"programDescription\": \"Test LMS\",\n        \"online\": true\n    },\n    {\n        \"programId\": 677,\n        \"programName\": \"online field testing\",\n        \"programDescription\": \"entered with numbers\",\n        \"online\": true\n    },\n    {\n        \"programId\": 656,\n        \"programName\": \"DB\",\n        \"programDescription\": \"DB analyticsIIII\",\n        \"online\": false\n    },\n    {\n        \"programId\": 671,\n        \"programName\": \"LMS\",\n        \"programDescription\": \"Test LMS\",\n        \"online\": true\n    },\n    {\n        \"programId\": 672,\n        \"programName\": \"LMS\",\n        \"programDescription\": \"Test LMS\",\n        \"online\": true\n    },\n    {\n        \"programId\": 673,\n        \"programName\": \"LMS\",\n        \"programDescription\": \"Test LMS\",\n        \"online\": true\n    },\n    {\n        \"programId\": 674,\n        \"programName\": \"LMS\",\n        \"programDescription\": \"Test LMSA\",\n        \"online\": true\n    },\n    {\n        \"programId\": 675,\n        \"programName\": \"LMS\",\n        \"programDescription\": \"Test LMS\",\n        \"online\": true\n    },\n    {\n        \"programId\": 676,\n        \"programName\": \"LMS\",\n        \"programDescription\": \"Test LMSA\",\n        \"online\": true\n    },\n    {\n        \"programId\": 679,\n        \"programName\": \"string\",\n        \"programDescription\": \"string\",\n        \"online\": true\n    },\n    {\n        \"programId\": 681,\n        \"programName\": \"Test\",\n        \"programDescription\": \"Test API for post\",\n        \"online\": true\n    },\n    {\n        \"programId\": 682,\n        \"programName\": \"LMS\",\n        \"programDescription\": \"Test LMS\",\n        \"online\": true\n    },\n    {\n        \"programId\": 683,\n        \"programName\": \"LMS\",\n        \"programDescription\": \"Test LMS\",\n        \"online\": true\n    },\n    {\n        \"programId\": 684,\n        \"programName\": \"LMS\",\n        \"programDescription\": \"Test LMS\",\n        \"online\": true\n    },\n    {\n        \"programId\": 686,\n        \"programName\": \"LMS\",\n        \"programDescription\": \"Test LMSA\",\n        \"online\": true\n    },\n    {\n        \"programId\": 687,\n        \"programName\": \"Test2\",\n        \"programDescription\": \"Test1 API\",\n        \"online\": true\n    },\n    {\n        \"programId\": 689,\n        \"programName\": \"LMS\",\n        \"programDescription\": \"Updated Value for 688\",\n        \"online\": false\n    },\n    {\n        \"programId\": 697,\n        \"programName\": \"pythonselenium\",\n        \"programDescription\": \"sangiteja\",\n        \"online\": true\n    },\n    {\n        \"programId\": 703,\n        \"programName\": \"string\",\n        \"programDescription\": \"In-depth training provided on Oracle with real time examples.\",\n        \"online\": true\n    },\n    {\n        \"programId\": 692,\n        \"programName\": \"Test2\",\n        \"programDescription\": \"Test1 API3\",\n        \"online\": true\n    },\n    {\n        \"programId\": 693,\n        \"programName\": \"Test2\",\n        \"programDescription\": \"Test1 API3\",\n        \"online\": true\n    },\n    {\n        \"programId\": 705,\n        \"programName\": \"soniya\",\n        \"programDescription\": \"soniya\",\n        \"online\": true\n    },\n    {\n        \"programId\": 698,\n        \"programName\": \"pythonseleniumjavaaws\",\n        \"programDescription\": \"sangitejalucky\",\n        \"online\": true\n    },\n    {\n        \"programId\": 715,\n        \"programName\": \"string\",\n        \"programDescription\": \"saranya\",\n        \"online\": true\n    },\n    {\n        \"programId\": 716,\n        \"programName\": \"string\",\n        \"programDescription\": \"saranya\",\n        \"online\": true\n    },\n    {\n        \"programId\": 719,\n        \"programName\": \"string\",\n        \"programDescription\": \"string\",\n        \"online\": true\n    },\n    {\n        \"programId\": 720,\n        \"programName\": \"Testing\",\n        \"programDescription\": \"Testing\",\n        \"online\": true\n    },\n    {\n        \"programId\": 721,\n        \"programName\": \"string\",\n        \"programDescription\": \"string\",\n        \"online\": true\n    },\n    {\n        \"programId\": 723,\n        \"programName\": \"testing\",\n        \"programDescription\": \"testing\",\n        \"online\": true\n    },\n    {\n        \"programId\": 725,\n        \"programName\": \"string type\",\n        \"programDescription\": \"string type\",\n        \"online\": false\n    },\n    {\n        \"programId\": 726,\n        \"programName\": \"string type\",\n        \"programDescription\": \"string type\",\n        \"online\": false\n    },\n    {\n        \"programId\": 727,\n        \"programName\": \"string type\",\n        \"programDescription\": \"string type\",\n        \"online\": false\n    },\n    {\n        \"programId\": 729,\n        \"programName\": \"testing\",\n        \"programDescription\": \"testing\",\n        \"online\": true\n    },\n    {\n        \"programId\": 730,\n        \"programName\": \"testing\",\n        \"programDescription\": \"testing\",\n        \"online\": true\n    },\n    {\n        \"programId\": 731,\n        \"programName\": \"testing\",\n        \"programDescription\": \"testing\",\n        \"online\": true\n    },\n    {\n        \"programId\": 732,\n        \"programName\": \"testing\",\n        \"programDescription\": \"testing\",\n        \"online\": true\n    },\n    {\n        \"programId\": 733,\n        \"programName\": \"testing\",\n        \"programDescription\": \"testing\",\n        \"online\": true\n    },\n    {\n        \"programId\": 734,\n        \"programName\": \"testing 70\",\n        \"programDescription\": \"testing 70\",\n        \"online\": true\n    },\n    {\n        \"programId\": 735,\n        \"programName\": \"testing\",\n        \"programDescription\": \"testing\",\n        \"online\": true\n    },\n    {\n        \"programId\": 736,\n        \"programName\": \"testing\",\n        \"programDescription\": \"testing\",\n        \"online\": true\n    },\n    {\n        \"programId\": 553,\n        \"programName\": \"Automation Tester\",\n        \"programDescription\": \"Tester Nisha\",\n        \"online\": true\n    },\n    {\n        \"programId\": 616,\n        \"programName\": \"scenary\",\n        \"programDescription\": \"pictures\",\n        \"online\": true\n    },\n    {\n        \"programId\": 737,\n        \"programName\": \"rose\",\n        \"programDescription\": \"Flowers\",\n        \"online\": true\n    },\n    {\n        \"programId\": 536,\n        \"programName\": \"SdetAutomationTesting\",\n        \"programDescription\": \"SeniorSdet\",\n        \"online\": false\n    },\n    {\n        \"programId\": 532,\n        \"programName\": \"postman nonexisting program id\",\n        \"programDescription\": \"testing nonexisting program id\",\n        \"online\": true\n    },\n    {\n        \"programId\": 738,\n        \"programName\": \"testing 70\",\n        \"programDescription\": \"testing 70\",\n        \"online\": true\n    },\n    {\n        \"programId\": 739,\n        \"programName\": \"testing 70\",\n        \"programDescription\": \"testing 70\",\n        \"online\": true\n    },\n    {\n        \"programId\": 740,\n        \"programName\": \"testing 70\",\n        \"programDescription\": \"testing 70\",\n        \"online\": true\n    },\n    {\n        \"programId\": 741,\n        \"programName\": \"testing 70\",\n        \"programDescription\": \"testing 70\",\n        \"online\": true\n    },\n    {\n        \"programId\": 743,\n        \"programName\": \"string\",\n        \"programDescription\": \"string\",\n        \"online\": true\n    },\n    {\n        \"programId\": 3758,\n        \"programName\": \"\\\"Automation Testing\\\"\",\n        \"programDescription\": \"\\\"RestAssured\\\"\",\n        \"online\": false\n    },\n    {\n        \"programId\": 872,\n        \"programName\": \"Testing modified\",\n        \"programDescription\": \"Testing modified\",\n        \"online\": true\n    },\n    {\n        \"programId\": 3759,\n        \"programName\": \"\\\"Develeopment\\\"\",\n        \"programDescription\": \"\\\"Java\\\"\",\n        \"online\": false\n    },\n    {\n        \"programId\": 873,\n        \"programName\": \"Testing\",\n        \"programDescription\": \"Testing\",\n        \"online\": true\n    },\n    {\n        \"programId\": 874,\n        \"programName\": \"Testing\",\n        \"programDescription\": \"Testing\",\n        \"online\": true\n    },\n    {\n        \"programId\": 871,\n        \"programName\": \"Java\",\n        \"programDescription\": \"Core Java\",\n        \"online\": true\n    },\n    {\n        \"programId\": 876,\n        \"programName\": \"Testing\",\n        \"programDescription\": \"Testing\",\n        \"online\": true\n    },\n    {\n        \"programId\": 742,\n        \"programName\": \"testing 742\",\n        \"programDescription\": \"testing 742\",\n        \"online\": true\n    },\n    {\n        \"programId\": 747,\n        \"programName\": \"testing 742\",\n        \"programDescription\": \"testing 742\",\n        \"online\": true\n    },\n    {\n        \"programId\": 748,\n        \"programName\": \"Oracle Training with  examples\",\n        \"programDescription\": \"Oracle In-depth training\",\n        \"online\": true\n    },\n    {\n        \"programId\": 749,\n        \"programName\": \"string\",\n        \"programDescription\": \"string\",\n        \"online\": true\n    },\n    {\n        \"programId\": 765,\n        \"programName\": \"cucumber training\",\n        \"programDescription\": \"Test description\",\n        \"online\": true\n    },\n    {\n        \"programId\": 7339,\n        \"programName\": \"Testing test\",\n        \"programDescription\": \"Testing modified\",\n        \"online\": true\n    },\n    {\n        \"programId\": 9225,\n        \"programName\": \"VideoGame\",\n        \"programDescription\": \"user friendly\",\n        \"online\": true\n    },\n    {\n        \"programId\": 753,\n        \"programName\": \"string\",\n        \"programDescription\": \"string\",\n        \"online\": true\n    },\n    {\n        \"programId\": 7429,\n        \"programName\": \"string\",\n        \"programDescription\": \"string\",\n        \"online\": true\n    },\n    {\n        \"programId\": 4675,\n        \"programName\": \"test case\",\n        \"programDescription\": \"test case\",\n        \"online\": true\n    },\n    {\n        \"programId\": 757,\n        \"programName\": \"Selenium\",\n        \"programDescription\": \"Selenium Java\",\n        \"online\": true\n    },\n    {\n        \"programId\": 7442,\n        \"programName\": \"string\",\n        \"programDescription\": \"string\",\n        \"online\": true\n    },\n    {\n        \"programId\": 901,\n        \"programName\": \"QUALTY ASSUANCE\",\n        \"programDescription\": \"Automation testing\",\n        \"online\": true\n    },\n    {\n        \"programId\": 875,\n        \"programName\": \"Testing modified\",\n        \"programDescription\": \"Testing modified\",\n        \"online\": true\n    },\n    {\n        \"programId\": 760,\n        \"programName\": \"Testing modified\",\n        \"programDescription\": \"Testing modified\",\n        \"online\": true\n    },\n    {\n        \"programId\": 761,\n        \"programName\": \"ApiTesting\",\n        \"programDescription\": \"ApiTesting\",\n        \"online\": true\n    },\n    {\n        \"programId\": 763,\n        \"programName\": \"ApiTesting\",\n        \"programDescription\": \"Selenium\",\n        \"online\": true\n    },\n    {\n        \"programId\": 926,\n        \"programName\": \"Scrum Master\",\n        \"programDescription\": \"Agile\",\n        \"online\": true\n    },\n    {\n        \"programId\": 769,\n        \"programName\": \"string\",\n        \"programDescription\": \"string\",\n        \"online\": true\n    },\n    {\n        \"programId\": 770,\n        \"programName\": \"Testing\",\n        \"programDescription\": \"Testing\",\n        \"online\": true\n    },\n    {\n        \"programId\": 771,\n        \"programName\": \"Testing modified\",\n        \"programDescription\": \"Testing modified\",\n        \"online\": true\n    },\n    {\n        \"programId\": 772,\n        \"programName\": \"string\",\n        \"programDescription\": \"string\",\n        \"online\": true\n    },\n    {\n        \"programId\": 773,\n        \"programName\": \"Testing\",\n        \"programDescription\": \"Testing\",\n        \"online\": true\n    },\n    {\n        \"programId\": 774,\n        \"programName\": \"BA\",\n        \"programDescription\": \"BA\",\n        \"online\": true\n    },\n    {\n        \"programId\": 775,\n        \"programName\": \"string\",\n        \"programDescription\": \"string\",\n        \"online\": true\n    },\n    {\n        \"programId\": 776,\n        \"programName\": \"string\",\n        \"programDescription\": \"string\",\n        \"online\": true\n    },\n    {\n        \"programId\": 777,\n        \"programName\": \"string\",\n        \"programDescription\": \"string\",\n        \"online\": true\n    },\n    {\n        \"programId\": 778,\n        \"programName\": \"string\",\n        \"programDescription\": \"string\",\n        \"online\": true\n    },\n    {\n        \"programId\": 779,\n        \"programName\": \"string\",\n        \"programDescription\": \"string\",\n        \"online\": true\n    },\n    {\n        \"programId\": 780,\n        \"programName\": \"string\",\n        \"programDescription\": \"string\",\n        \"online\": true\n    },\n    {\n        \"programId\": 781,\n        \"programName\": \"string\",\n        \"programDescription\": \"string\",\n        \"online\": true\n    },\n    {\n        \"programId\": 783,\n        \"programName\": \"test\",\n        \"programDescription\": \"test\",\n        \"online\": true\n    },\n    {\n        \"programId\": 784,\n        \"programName\": \"JAVA training\",\n        \"programDescription\": \"JAVA training\",\n        \"online\": true\n    },\n    {\n        \"programId\": 785,\n        \"programName\": \"JAVA training\",\n        \"programDescription\": \"JAVA training\",\n        \"online\": true\n    },\n    {\n        \"programId\": 817,\n        \"programName\": \"string\",\n        \"programDescription\": \"string\",\n        \"online\": true\n    },\n    {\n        \"programId\": 818,\n        \"programName\": \"string\",\n        \"programDescription\": \"string\",\n        \"online\": true\n    },\n    {\n        \"programId\": 819,\n        \"programName\": \"string\",\n        \"programDescription\": \"string\",\n        \"online\": true\n    },\n    {\n        \"programId\": 820,\n        \"programName\": \"string\",\n        \"programDescription\": \"string\",\n        \"online\": true\n    },\n    {\n        \"programId\": 821,\n        \"programName\": \"cucumber learning\",\n        \"programDescription\": \"cucumber learning\",\n        \"online\": false\n    },\n    {\n        \"programId\": 822,\n        \"programName\": \"string\",\n        \"programDescription\": \"string\",\n        \"online\": true\n    },\n    {\n        \"programId\": 823,\n        \"programName\": \"string\",\n        \"programDescription\": \"string\",\n        \"online\": true\n    },\n    {\n        \"programId\": 824,\n        \"programName\": \"string\",\n        \"programDescription\": \"int\",\n        \"online\": true\n    },\n    {\n        \"programId\": 825,\n        \"programName\": \"string\",\n        \"programDescription\": \"string\",\n        \"online\": true\n    },\n    {\n        \"programId\": 826,\n        \"programName\": \"ASB Company\",\n        \"programDescription\": \"SDET\",\n        \"online\": true\n    },\n    {\n        \"programId\": 827,\n        \"programName\": \"Viku Company\",\n        \"programDescription\": \"Data Analyst\",\n        \"online\": true\n    },\n    {\n        \"programId\": 829,\n        \"programName\": \"string\",\n        \"programDescription\": \"string\",\n        \"online\": true\n    },\n    {\n        \"programId\": 830,\n        \"programName\": \"string\",\n        \"programDescription\": \"string\",\n        \"online\": true\n    },\n    {\n        \"programId\": 831,\n        \"programName\": \"string\",\n        \"programDescription\": \"string\",\n        \"online\": true\n    },\n    {\n        \"programId\": 832,\n        \"programName\": \"string\",\n        \"programDescription\": \"string\",\n        \"online\": true\n    },\n    {\n        \"programId\": 833,\n        \"programName\": \"string\",\n        \"programDescription\": \"string\",\n        \"online\": true\n    },\n    {\n        \"programId\": 834,\n        \"programName\": \"string\",\n        \"programDescription\": \"string\",\n        \"online\": true\n    },\n    {\n        \"programId\": 835,\n        \"programName\": \"Testing\",\n        \"programDescription\": \"Testing\",\n        \"online\": true\n    },\n    {\n        \"programId\": 836,\n        \"programName\": \"Testing\",\n        \"programDescription\": \"Testing\",\n        \"online\": true\n    },\n    {\n        \"programId\": 837,\n        \"programName\": \"Testing\",\n        \"programDescription\": \"Testing\",\n        \"online\": true\n    },\n    {\n        \"programId\": 839,\n        \"programName\": \"Testing\",\n        \"programDescription\": \"Testing\",\n        \"online\": true\n    },\n    {\n        \"programId\": 840,\n        \"programName\": \"Testing\",\n        \"programDescription\": \"Testing\",\n        \"online\": true\n    },\n    {\n        \"programId\": 841,\n        \"programName\": \"string\",\n        \"programDescription\": \"string\",\n        \"online\": true\n    },\n    {\n        \"programId\": 842,\n        \"programName\": \"string\",\n        \"programDescription\": \"string\",\n        \"online\": true\n    },\n    {\n        \"programId\": 844,\n        \"programName\": \"Testing\",\n        \"programDescription\": \"Testing\",\n        \"online\": true\n    },\n    {\n        \"programId\": 845,\n        \"programName\": \"Testing-ya\",\n        \"programDescription\": \"Testing-ya\",\n        \"online\": true\n    },\n    {\n        \"programId\": 846,\n        \"programName\": \"testing\",\n        \"programDescription\": \"testing\",\n        \"online\": true\n    },\n    {\n        \"programId\": 847,\n        \"programName\": \"Testing\",\n        \"programDescription\": \"Testing\",\n        \"online\": true\n    },\n    {\n        \"programId\": 848,\n        \"programName\": \"Testing modified\",\n        \"programDescription\": \"Testing modified\",\n        \"online\": true\n    },\n    {\n        \"programId\": 849,\n        \"programName\": \"Testing\",\n        \"programDescription\": \"Testing\",\n        \"online\": true\n    },\n    {\n        \"programId\": 850,\n        \"programName\": \"Testing modified\",\n        \"programDescription\": \"Testing modified\",\n        \"online\": true\n    },\n    {\n        \"programId\": 851,\n        \"programName\": \"Testing\",\n        \"programDescription\": \"Testing\",\n        \"online\": true\n    },\n    {\n        \"programId\": 852,\n        \"programName\": \"Testing modified-ya\",\n        \"programDescription\": \"Testing modified in postman\",\n        \"online\": true\n    },\n    {\n        \"programId\": 854,\n        \"programName\": \"string\",\n        \"programDescription\": \"string\",\n        \"online\": true\n    },\n    {\n        \"programId\": 855,\n        \"programName\": \"string\",\n        \"programDescription\": \"string\",\n        \"online\": true\n    },\n    {\n        \"programId\": 859,\n        \"programName\": \"Testing\",\n        \"programDescription\": \"Testing\",\n        \"online\": true\n    },\n    {\n        \"programId\": 860,\n        \"programName\": \"Testing modified\",\n        \"programDescription\": \"Testing modified\",\n        \"online\": true\n    },\n    {\n        \"programId\": 861,\n        \"programName\": \"Testing modified\",\n        \"programDescription\": \"Testing modified\",\n        \"online\": true\n    },\n    {\n        \"programId\": 864,\n        \"programName\": \"Testing modified\",\n        \"programDescription\": \"Testing modified\",\n        \"online\": true\n    },\n    {\n        \"programId\": 858,\n        \"programName\": \"Testing modified\",\n        \"programDescription\": \"Testing modified\",\n        \"online\": true\n    },\n    {\n        \"programId\": 868,\n        \"programName\": \"Testing modified\",\n        \"programDescription\": \"Testing modified\",\n        \"online\": true\n    },\n    {\n        \"programId\": 869,\n        \"programName\": \"Testing modified\",\n        \"programDescription\": \"Testing modified\",\n        \"online\": true\n    },\n    {\n        \"programId\": 870,\n        \"programName\": \"Testing modified\",\n        \"programDescription\": \"Testing modified\",\n        \"online\": true\n    },\n    {\n        \"programId\": 865,\n        \"programName\": \"Testing modified\",\n        \"programDescription\": \"Testing modified\",\n        \"online\": true\n    },\n    {\n        \"programId\": 878,\n        \"programName\": \"Testing\",\n        \"programDescription\": \"Testing\",\n        \"online\": true\n    },\n    {\n        \"programId\": 903,\n        \"programName\": \"string\",\n        \"programDescription\": \"string\",\n        \"online\": true\n    },\n    {\n        \"programId\": 879,\n        \"programName\": \"Testing\",\n        \"programDescription\": \"Testing\",\n        \"online\": true\n    },\n    {\n        \"programId\": 880,\n        \"programName\": \"SDET\",\n        \"programDescription\": \"Testing\",\n        \"online\": true\n    },\n    {\n        \"programId\": 882,\n        \"programName\": \"SDET\",\n        \"programDescription\": \"sdet testing\",\n        \"online\": true\n    },\n    {\n        \"programId\": 883,\n        \"programName\": \"SDET\",\n        \"programDescription\": \"sdet testing\",\n        \"online\": true\n    },\n    {\n        \"programId\": 884,\n        \"programName\": \"Testing\",\n        \"programDescription\": \"Testing\",\n        \"online\": true\n    },\n    {\n        \"programId\": 886,\n        \"programName\": \"Testing modified\",\n        \"programDescription\": \"SDET 17\",\n        \"online\": true\n    },\n    {\n        \"programId\": 887,\n        \"programName\": \"Testing modified\",\n        \"programDescription\": \"SDET 17\",\n        \"online\": true\n    },\n    {\n        \"programId\": 888,\n        \"programName\": \"Testing modified\",\n        \"programDescription\": \"SDET 17\",\n        \"online\": true\n    },\n    {\n        \"programId\": 889,\n        \"programName\": \"Testing modified\",\n        \"programDescription\": \"SDET 17\",\n        \"online\": true\n    },\n    {\n        \"programId\": 891,\n        \"programName\": \"Testing\",\n        \"programDescription\": \"Testing\",\n        \"online\": true\n    },\n    {\n        \"programId\": 893,\n        \"programName\": \"API TEST\",\n        \"programDescription\": \"SECOND TEST\",\n        \"online\": true\n    },\n    {\n        \"programId\": 894,\n        \"programName\": \"API TEST\",\n        \"programDescription\": \"SECOND TEST\",\n        \"online\": true\n    },\n    {\n        \"programId\": 895,\n        \"programName\": \"string\",\n        \"programDescription\": \"string\",\n        \"online\": true\n    },\n    {\n        \"programId\": 898,\n        \"programName\": \"API TEST\",\n        \"programDescription\": \"SECOND TEST\",\n        \"online\": true\n    },\n    {\n        \"programId\": 899,\n        \"programName\": \"API TEST\",\n        \"programDescription\": \"SECOND TEST\",\n        \"online\": true\n    },\n    {\n        \"programId\": 904,\n        \"programName\": \"string\",\n        \"programDescription\": \"string\",\n        \"online\": true\n    },\n    {\n        \"programId\": 905,\n        \"programName\": \"string\",\n        \"programDescription\": \"string\",\n        \"online\": true\n    },\n    {\n        \"programId\": 906,\n        \"programName\": \"string\",\n        \"programDescription\": \"string\",\n        \"online\": true\n    },\n    {\n        \"programId\": 907,\n        \"programName\": \"string\",\n        \"programDescription\": \"string\",\n        \"online\": true\n    },\n    {\n        \"programId\": 908,\n        \"programName\": \"string\",\n        \"programDescription\": \"string\",\n        \"online\": true\n    },\n    {\n        \"programId\": 909,\n        \"programName\": \"string\",\n        \"programDescription\": \"string\",\n        \"online\": true\n    },\n    {\n        \"programId\": 910,\n        \"programName\": \"string\",\n        \"programDescription\": \"string\",\n        \"online\": true\n    },\n    {\n        \"programId\": 911,\n        \"programName\": \"string\",\n        \"programDescription\": \"string\",\n        \"online\": true\n    },\n    {\n        \"programId\": 912,\n        \"programName\": \"string\",\n        \"programDescription\": \"string\",\n        \"online\": true\n    },\n    {\n        \"programId\": 913,\n        \"programName\": \"string\",\n        \"programDescription\": \"string\",\n        \"online\": true\n    },\n    {\n        \"programId\": 915,\n        \"programName\": \"SDET\",\n        \"programDescription\": \"Testing\",\n        \"online\": true\n    },\n    {\n        \"programId\": 917,\n        \"programName\": \"Testing modified\",\n        \"programDescription\": \"SDET 17\",\n        \"online\": true\n    },\n    {\n        \"programId\": 916,\n        \"programName\": \"put\",\n        \"programDescription\": \"PUT request\",\n        \"online\": true\n    },\n    {\n        \"programId\": 918,\n        \"programName\": \"Testing modified\",\n        \"programDescription\": \"SDET 17\",\n        \"online\": true\n    },\n    {\n        \"programId\": 919,\n        \"programName\": \"Testing modified\",\n        \"programDescription\": \"SDET 17\",\n        \"online\": true\n    },\n    {\n        \"programId\": 920,\n        \"programName\": \"Testing modified\",\n        \"programDescription\": \"SDET 17\",\n        \"online\": true\n    },\n    {\n        \"programId\": 928,\n        \"programName\": \"swagger_rest_roopa\",\n        \"programDescription\": \"API_14\",\n        \"online\": true\n    },\n    {\n        \"programId\": 930,\n        \"programName\": \"string\",\n        \"programDescription\": \"string\",\n        \"online\": true\n    },\n    {\n        \"programId\": 932,\n        \"programName\": \"string\",\n        \"programDescription\": \"string\",\n        \"online\": true\n    },\n    {\n        \"programId\": 762,\n        \"programName\": \"123.JAVA\",\n        \"programDescription\": \"JAVACLASS\",\n        \"online\": true\n    },\n    {\n        \"programId\": 754,\n        \"programName\": \"online field testing\",\n        \"programDescription\": \"entered with numbers\",\n        \"online\": true\n    },\n    {\n        \"programId\": 933,\n        \"programName\": \"Good morning\",\n        \"programDescription\": \"hi\",\n        \"online\": true\n    },\n    {\n        \"programId\": 934,\n        \"programName\": \"Testing\",\n        \"programDescription\": \"Testing\",\n        \"online\": true\n    },\n    {\n        \"programId\": 935,\n        \"programName\": \"QA30\",\n        \"programDescription\": \"QA automation\",\n        \"online\": false\n    },\n    {\n        \"programId\": 936,\n        \"programName\": \"QA30\",\n        \"programDescription\": \"QA automation\",\n        \"online\": false\n    },\n    {\n        \"programId\": 937,\n        \"programName\": \"QA30\",\n        \"programDescription\": \"QA automation\",\n        \"online\": false\n    },\n    {\n        \"programId\": 938,\n        \"programName\": \"QA30\",\n        \"programDescription\": \"QA automation\",\n        \"online\": false\n    },\n    {\n        \"programId\": 939,\n        \"programName\": \"QA30\",\n        \"programDescription\": \"QA automation\",\n        \"online\": false\n    },\n    {\n        \"programId\": 940,\n        \"programName\": \"QA33\",\n        \"programDescription\": \"QA automation\",\n        \"online\": false\n    },\n    {\n        \"programId\": 941,\n        \"programName\": \"QA33\",\n        \"programDescription\": \"QA automation\",\n        \"online\": false\n    },\n    {\n        \"programId\": 942,\n        \"programName\": \"QA33\",\n        \"programDescription\": \"QA automation\",\n        \"online\": false\n    },\n    {\n        \"programId\": 943,\n        \"programName\": \"SDET100\",\n        \"programDescription\": \"SDET\",\n        \"online\": false\n    },\n    {\n        \"programId\": 944,\n        \"programName\": \"DS100\",\n        \"programDescription\": \"DS\",\n        \"online\": false\n    },\n    {\n        \"programId\": 945,\n        \"programName\": \"Software Development in Test\",\n        \"programDescription\": \"SDET100\",\n        \"online\": false\n    },\n    {\n        \"programId\": 946,\n        \"programName\": \"Data Science\",\n        \"programDescription\": \"DS100\",\n        \"online\": false\n    },\n    {\n        \"programId\": 947,\n        \"programName\": \"Software Development in Test\",\n        \"programDescription\": \"SDET200\",\n        \"online\": false\n    },\n    {\n        \"programId\": 949,\n        \"programName\": \"Software Development in Test\",\n        \"programDescription\": \"SDET101\",\n        \"online\": false\n    },\n    {\n        \"programId\": 950,\n        \"programName\": \"Data Science\",\n        \"programDescription\": \"DS101\",\n        \"online\": false\n    },\n    {\n        \"programId\": 951,\n        \"programName\": \"Software Development in Test\",\n        \"programDescription\": \"SDET201\",\n        \"online\": false\n    },\n    {\n        \"programId\": 952,\n        \"programName\": \"Data Science\",\n        \"programDescription\": \"DS201\",\n        \"online\": false\n    },\n    {\n        \"programId\": 953,\n        \"programName\": \"Software Development in Test\",\n        \"programDescription\": \"SDET102\",\n        \"online\": false\n    },\n    {\n        \"programId\": 954,\n        \"programName\": \"Data Science\",\n        \"programDescription\": \"DS102\",\n        \"online\": false\n    },\n    {\n        \"programId\": 955,\n        \"programName\": \"Software Development in Test\",\n        \"programDescription\": \"SDET202\",\n        \"online\": false\n    },\n    {\n        \"programId\": 956,\n        \"programName\": \"Data Science\",\n        \"programDescription\": \"DS202\",\n        \"online\": false\n    },\n    {\n        \"programId\": 3760,\n        \"programName\": \"\\\"Project Management\\\"\",\n        \"programDescription\": \"\\\"scrum master\\\"\",\n        \"online\": false\n    },\n    {\n        \"programId\": 3761,\n        \"programName\": \"Automation Testing\",\n        \"programDescription\": \"RestAssured\",\n        \"online\": true\n    },\n    {\n        \"programId\": 959,\n        \"programName\": \"SDET\",\n        \"programDescription\": \"SDET Training\",\n        \"online\": true\n    },\n    {\n        \"programId\": 960,\n        \"programName\": \"DataScience\",\n        \"programDescription\": \"Data Science\",\n        \"online\": false\n    },\n    {\n        \"programId\": 961,\n        \"programName\": \"API Testing Developer\",\n        \"programDescription\": \"Automation testing for POST method\",\n        \"online\": true\n    },\n    {\n        \"programId\": 3829,\n        \"programName\": \"Rest Assured Project\",\n        \"programDescription\": \"Selenium completed batches start automation\",\n        \"online\": false\n    },\n    {\n        \"programId\": 3830,\n        \"programName\": \"Rest Assured Project Modified\",\n        \"programDescription\": \"Selenium completed batches start automation Modified\",\n        \"online\": false\n    },\n    {\n        \"programId\": 9226,\n        \"programName\": \"Assistantabc\",\n        \"programDescription\": \"Tuesday_PN\",\n        \"online\": true\n    },\n    {\n        \"programId\": 1087,\n        \"programName\": \"Prek\",\n        \"programDescription\": \"India\",\n        \"online\": true\n    },\n    {\n        \"programId\": 7341,\n        \"programName\": \"Testing test\",\n        \"programDescription\": \"Testing modified\",\n        \"online\": true\n    },\n    {\n        \"programId\": 3212,\n        \"programName\": \"Assistantabc\",\n        \"programDescription\": \"Tuesday_PN\",\n        \"online\": true\n    },\n    {\n        \"programId\": 1054,\n        \"programName\": \"Testing Modified\",\n        \"programDescription\": \"Testing Modified\",\n        \"online\": true\n    },\n    {\n        \"programId\": 7342,\n        \"programName\": \"stng\",\n        \"programDescription\": \"stng\",\n        \"online\": true\n    },\n    {\n        \"programId\": 1058,\n        \"programName\": \"string\",\n        \"programDescription\": \"string\",\n        \"online\": true\n    },\n    {\n        \"programId\": 1059,\n        \"programName\": \"string\",\n        \"programDescription\": \"string\",\n        \"online\": true\n    },\n    {\n        \"programId\": 983,\n        \"programName\": \"Sql Developer\",\n        \"programDescription\": \"Backend Developer\",\n        \"online\": true\n    },\n    {\n        \"programId\": 9286,\n        \"programName\": \"geeta\",\n        \"programDescription\": \"ID\",\n        \"online\": true\n    },\n    {\n        \"programId\": 970,\n        \"programName\": \"string\",\n        \"programDescription\": \"string\",\n        \"online\": true\n    },\n    {\n        \"programId\": 971,\n        \"programName\": \"string\",\n        \"programDescription\": \"string\",\n        \"online\": true\n    },\n    {\n        \"programId\": 972,\n        \"programName\": \"string\",\n        \"programDescription\": \"string\",\n        \"online\": true\n    },\n    {\n        \"programId\": 974,\n        \"programName\": \"string\",\n        \"programDescription\": \"string\",\n        \"online\": true\n    },\n    {\n        \"programId\": 976,\n        \"programName\": \"string\",\n        \"programDescription\": \"string\",\n        \"online\": true\n    },\n    {\n        \"programId\": 977,\n        \"programName\": \"string\",\n        \"programDescription\": \"string\",\n        \"online\": true\n    },\n    {\n        \"programId\": 979,\n        \"programName\": \"string\",\n        \"programDescription\": \"string\",\n        \"online\": true\n    },\n    {\n        \"programId\": 981,\n        \"programName\": \"API testing part1\",\n        \"programDescription\": \"postman testing\",\n        \"online\": true\n    },\n    {\n        \"programId\": 985,\n        \"programName\": \"string\",\n        \"programDescription\": \"string\",\n        \"online\": true\n    },\n    {\n        \"programId\": 986,\n        \"programName\": \"string\",\n        \"programDescription\": \"string\",\n        \"online\": true\n    },\n    {\n        \"programId\": 988,\n        \"programName\": \"Postman Testing\",\n        \"programDescription\": \"API testing\",\n        \"online\": true\n    },\n    {\n        \"programId\": 989,\n        \"programName\": \"Postman Testing\",\n        \"programDescription\": \"API testing with usha\",\n        \"online\": true\n    },\n    {\n        \"programId\": 990,\n        \"programName\": \"string\",\n        \"programDescription\": \"string\",\n        \"online\": true\n    },\n    {\n        \"programId\": 991,\n        \"programName\": \"string\",\n        \"programDescription\": \"string\",\n        \"online\": true\n    },\n    {\n        \"programId\": 1060,\n        \"programName\": \"string\",\n        \"programDescription\": \"string\",\n        \"online\": true\n    },\n    {\n        \"programId\": 993,\n        \"programName\": \"Testing\",\n        \"programDescription\": \"Testing\",\n        \"online\": true\n    },\n    {\n        \"programId\": 994,\n        \"programName\": \"string\",\n        \"programDescription\": \"string\",\n        \"online\": true\n    },\n    {\n        \"programId\": 995,\n        \"programName\": \"string\",\n        \"programDescription\": \"string\",\n        \"online\": true\n    },\n    {\n        \"programId\": 996,\n        \"programName\": \"Testing\",\n        \"programDescription\": \"Testing\",\n        \"online\": true\n    },\n    {\n        \"programId\": 997,\n        \"programName\": \"string\",\n        \"programDescription\": \"string\",\n        \"online\": true\n    },\n    {\n        \"programId\": 1021,\n        \"programName\": \"SDET\",\n        \"programDescription\": \"SDET Training SeleniumJava\",\n        \"online\": true\n    },\n    {\n        \"programId\": 1022,\n        \"programName\": \"DataScience\",\n        \"programDescription\": \"Data Science with real time projects\",\n        \"online\": false\n    },\n    {\n        \"programId\": 1031,\n        \"programName\": \"SDET\",\n        \"programDescription\": \"SDET Training\",\n        \"online\": true\n    },\n    {\n        \"programId\": 1032,\n        \"programName\": \"DataScience\",\n        \"programDescription\": \"Data Science\",\n        \"online\": false\n    },\n    {\n        \"programId\": 1061,\n        \"programName\": \"Savita Program\",\n        \"programDescription\": \"Savita\",\n        \"online\": true\n    },\n    {\n        \"programId\": 1062,\n        \"programName\": \"Savita Name\",\n        \"programDescription\": \"Savita Program Description\",\n        \"online\": true\n    },\n    {\n        \"programId\": 1037,\n        \"programName\": \"SDET\",\n        \"programDescription\": \"SDET Training\",\n        \"online\": true\n    },\n    {\n        \"programId\": 1063,\n        \"programName\": \"sailaja test\",\n        \"programDescription\": \"sailaja test string\",\n        \"online\": true\n    },\n    {\n        \"programId\": 1064,\n        \"programName\": \"Savita Name\",\n        \"programDescription\": \"Savita Program Description\",\n        \"online\": true\n    },\n    {\n        \"programId\": 1040,\n        \"programName\": \"DataScience\",\n        \"programDescription\": \"Data Science\",\n        \"online\": false\n    },\n    {\n        \"programId\": 1043,\n        \"programName\": \"SDET\",\n        \"programDescription\": \"SDET Training\",\n        \"online\": true\n    },\n    {\n        \"programId\": 1044,\n        \"programName\": \"DataScience\",\n        \"programDescription\": \"Data Science\",\n        \"online\": false\n    },\n    {\n        \"programId\": 1065,\n        \"programName\": \"Savita Name\",\n        \"programDescription\": \"Savita Program Description\",\n        \"online\": true\n    },\n    {\n        \"programId\": 1066,\n        \"programName\": \"sailaja test\",\n        \"programDescription\": \"sailaja test string\",\n        \"online\": true\n    },\n    {\n        \"programId\": 1045,\n        \"programName\": \"postman2021\",\n        \"programDescription\": \"Intro to postman\",\n        \"online\": true\n    },\n    {\n        \"programId\": 1046,\n        \"programName\": \"postman2021\",\n        \"programDescription\": \"Intro to postman\",\n        \"online\": true\n    },\n    {\n        \"programId\": 1047,\n        \"programName\": \"postman2021\",\n        \"programDescription\": \"Intro to postman\",\n        \"online\": true\n    },\n    {\n        \"programId\": 1048,\n        \"programName\": \"postman2021\",\n        \"programDescription\": \"Intro to postman\",\n        \"online\": true\n    },\n    {\n        \"programId\": 1049,\n        \"programName\": \"string\",\n        \"programDescription\": \"string\",\n        \"online\": true\n    },\n    {\n        \"programId\": 1050,\n        \"programName\": \"string\",\n        \"programDescription\": \"string\",\n        \"online\": true\n    },\n    {\n        \"programId\": 1051,\n        \"programName\": \"string\",\n        \"programDescription\": \"string\",\n        \"online\": true\n    },\n    {\n        \"programId\": 1052,\n        \"programName\": \"string\",\n        \"programDescription\": \"string\",\n        \"online\": true\n    },\n    {\n        \"programId\": 1053,\n        \"programName\": \"postman2021\",\n        \"programDescription\": \"Intro to postman\",\n        \"online\": true\n    },\n    {\n        \"programId\": 1055,\n        \"programName\": \"postman2021\",\n        \"programDescription\": \"Intro to postman\",\n        \"online\": true\n    },\n    {\n        \"programId\": 1069,\n        \"programName\": \"string\",\n        \"programDescription\": \"Savita updated string\",\n        \"online\": true\n    },\n    {\n        \"programId\": 1070,\n        \"programName\": \"Savita Name\",\n        \"programDescription\": \"SS Prog Desc\",\n        \"online\": true\n    },\n    {\n        \"programId\": 1071,\n        \"programName\": \"string\",\n        \"programDescription\": \"Savita updated string1\",\n        \"online\": true\n    },\n    {\n        \"programId\": 1072,\n        \"programName\": \"updated1\",\n        \"programDescription\": \"updated1\",\n        \"online\": true\n    },\n    {\n        \"programId\": 1073,\n        \"programName\": \"string\",\n        \"programDescription\": \"string\",\n        \"online\": true\n    },\n    {\n        \"programId\": 1074,\n        \"programName\": \"string\",\n        \"programDescription\": \"string\",\n        \"online\": true\n    },\n    {\n        \"programId\": 1075,\n        \"programName\": \"string\",\n        \"programDescription\": \"sonali string\",\n        \"online\": true\n    },\n    {\n        \"programId\": 1076,\n        \"programName\": \"string\",\n        \"programDescription\": \"sonali string\",\n        \"online\": true\n    },\n    {\n        \"programId\": 1077,\n        \"programName\": \"string\",\n        \"programDescription\": \"sonali string\",\n        \"online\": true\n    },\n    {\n        \"programId\": 1078,\n        \"programName\": \"Testing\",\n        \"programDescription\": \"Testing\",\n        \"online\": true\n    },\n    {\n        \"programId\": 1080,\n        \"programName\": \"Testing\",\n        \"programDescription\": \"Testing\",\n        \"online\": true\n    },\n    {\n        \"programId\": 1081,\n        \"programName\": \"Testing modified\",\n        \"programDescription\": \"Testing modified\",\n        \"online\": true\n    },\n    {\n        \"programId\": 1082,\n        \"programName\": \"Testing modified from postman\",\n        \"programDescription\": \"Testing modified\",\n        \"online\": true\n    },\n    {\n        \"programId\": 1083,\n        \"programName\": \"string\",\n        \"programDescription\": \"string\",\n        \"online\": true\n    },\n    {\n        \"programId\": 1084,\n        \"programName\": \"string\",\n        \"programDescription\": \"string\",\n        \"online\": true\n    },\n    {\n        \"programId\": 1085,\n        \"programName\": \"string\",\n        \"programDescription\": \"string\",\n        \"online\": true\n    },\n    {\n        \"programId\": 1086,\n        \"programName\": \"string\",\n        \"programDescription\": \"string\",\n        \"online\": true\n    },\n    {\n        \"programId\": 1088,\n        \"programName\": \"string\",\n        \"programDescription\": \"string\",\n        \"online\": true\n    },\n    {\n        \"programId\": 1089,\n        \"programName\": \"string\",\n        \"programDescription\": \"string\",\n        \"online\": true\n    },\n    {\n        \"programId\": 1090,\n        \"programName\": \"string\",\n        \"programDescription\": \"string\",\n        \"online\": true\n    },\n    {\n        \"programId\": 1091,\n        \"programName\": \"string\",\n        \"programDescription\": \"string\",\n        \"online\": true\n    },\n    {\n        \"programId\": 1094,\n        \"programName\": \"string\",\n        \"programDescription\": \"string\",\n        \"online\": true\n    },\n    {\n        \"programId\": 1095,\n        \"programName\": \"Testing\",\n        \"programDescription\": \"Testing\",\n        \"online\": true\n    },\n    {\n        \"programId\": 1096,\n        \"programName\": \"string\",\n        \"programDescription\": \"string\",\n        \"online\": true\n    },\n    {\n        \"programId\": 1097,\n        \"programName\": \"sept 22nd string\",\n        \"programDescription\": \"sept 22nd string\",\n        \"online\": true\n    },\n    {\n        \"programId\": 1100,\n        \"programName\": \"updated sailaja string\",\n        \"programDescription\": \"updated string\",\n        \"online\": true\n    },\n    {\n        \"programId\": 1101,\n        \"programName\": \"updated sailaja string\",\n        \"programDescription\": \"updated string\",\n        \"online\": true\n    },\n    {\n        \"programId\": 1102,\n        \"programName\": \"string\",\n        \"programDescription\": \"string\",\n        \"online\": true\n    },\n    {\n        \"programId\": 1103,\n        \"programName\": \"string\",\n        \"programDescription\": \"string\",\n        \"online\": true\n    },\n    {\n        \"programId\": 1106,\n        \"programName\": \"string\",\n        \"programDescription\": \"string\",\n        \"online\": true\n    },\n    {\n        \"programId\": 1107,\n        \"programName\": \"testing\",\n        \"programDescription\": \"testing\",\n        \"online\": true\n    },\n    {\n        \"programId\": 1108,\n        \"programName\": \"string\",\n        \"programDescription\": \"string\",\n        \"online\": true\n    },\n    {\n        \"programId\": 948,\n        \"programName\": \"API\",\n        \"programDescription\": \"DS200\",\n        \"online\": true\n    },\n    {\n        \"programId\": 1105,\n        \"programName\": \"string\",\n        \"programDescription\": \"DS\",\n        \"online\": true\n    },\n    {\n        \"programId\": 982,\n        \"programName\": \"Test\",\n        \"programDescription\": \"LMSTesting by nikita \",\n        \"online\": true\n    },\n    {\n        \"programId\": 1092,\n        \"programName\": \"SDET1\",\n        \"programDescription\": \"programmingui\",\n        \"online\": true\n    },\n    {\n        \"programId\": 975,\n        \"programName\": \"Salesforce\",\n        \"programDescription\": \"Salesforce Development\",\n        \"online\": true\n    },\n    {\n        \"programId\": 1156,\n        \"programName\": \"Assistantabc\",\n        \"programDescription\": \"Tuesday_PN\",\n        \"online\": true\n    },\n    {\n        \"programId\": 1110,\n        \"programName\": \"string\",\n        \"programDescription\": \"string\",\n        \"online\": true\n    },\n    {\n        \"programId\": 3763,\n        \"programName\": \"testing program \",\n        \"programDescription\": \" \",\n        \"online\": true\n    },\n    {\n        \"programId\": 1157,\n        \"programName\": \"Assistantabc\",\n        \"programDescription\": \"Tuesday_PN\",\n        \"online\": true\n    },\n    {\n        \"programId\": 9227,\n        \"programName\": \"lms api\",\n        \"programDescription\": \"lms api\",\n        \"online\": true\n    },\n    {\n        \"programId\": 7343,\n        \"programName\": \"Testing\",\n        \"programDescription\": \"Testing\",\n        \"online\": true\n    },\n    {\n        \"programId\": 1115,\n        \"programName\": \"testing\",\n        \"programDescription\": \"testing\",\n        \"online\": true\n    },\n    {\n        \"programId\": 1116,\n        \"programName\": \"testing\",\n        \"programDescription\": \"testing\",\n        \"online\": true\n    },\n    {\n        \"programId\": 1117,\n        \"programName\": \"string\",\n        \"programDescription\": \"string\",\n        \"online\": true\n    },\n    {\n        \"programId\": 1118,\n        \"programName\": \"string\",\n        \"programDescription\": \"string\",\n        \"online\": true\n    },\n    {\n        \"programId\": 1119,\n        \"programName\": \"string\",\n        \"programDescription\": \"string\",\n        \"online\": true\n    },\n    {\n        \"programId\": 9287,\n        \"programName\": \"VideoGame\",\n        \"programDescription\": \"user friendly\",\n        \"online\": true\n    },\n    {\n        \"programId\": 1121,\n        \"programName\": \"string\",\n        \"programDescription\": \"string\",\n        \"online\": true\n    },\n    {\n        \"programId\": 7345,\n        \"programName\": \"Twwestingg\",\n        \"programDescription\": \"Twwestingg\",\n        \"online\": true\n    },\n    {\n        \"programId\": 1124,\n        \"programName\": \"syama\",\n        \"programDescription\": \"testing\",\n        \"online\": true\n    },\n    {\n        \"programId\": 1125,\n        \"programName\": \"syama\",\n        \"programDescription\": \"testing\",\n        \"online\": true\n    },\n    {\n        \"programId\": 1126,\n        \"programName\": \"testing\",\n        \"programDescription\": \"testing\",\n        \"online\": true\n    },\n    {\n        \"programId\": 1127,\n        \"programName\": \"Testing\",\n        \"programDescription\": \"Testing\",\n        \"online\": true\n    },\n    {\n        \"programId\": 1128,\n        \"programName\": \"Testing\",\n        \"programDescription\": \"Testing\",\n        \"online\": true\n    },\n    {\n        \"programId\": 1129,\n        \"programName\": \"Testing\",\n        \"programDescription\": \"Testing\",\n        \"online\": true\n    },\n    {\n        \"programId\": 1130,\n        \"programName\": \"Sep 22 string\",\n        \"programDescription\": \"sep 22 string\",\n        \"online\": true\n    },\n    {\n        \"programId\": 1131,\n        \"programName\": \"sept 22nd string\",\n        \"programDescription\": \"sept 22nd string\",\n        \"online\": true\n    },\n    {\n        \"programId\": 3764,\n        \"programName\": \"testing program \",\n        \"programDescription\": \" \",\n        \"online\": true\n    },\n    {\n        \"programId\": 1133,\n        \"programName\": \"sept 22nd string\",\n        \"programDescription\": \"sept 22nd string updated\",\n        \"online\": true\n    },\n    {\n        \"programId\": 1218,\n        \"programName\": \"Salesforce Certified Develope\",\n        \"programDescription\": \"Developer required\",\n        \"online\": true\n    },\n    {\n        \"programId\": 1134,\n        \"programName\": \"Testing\",\n        \"programDescription\": \"Testing\",\n        \"online\": true\n    },\n    {\n        \"programId\": 1135,\n        \"programName\": \"Testing\",\n        \"programDescription\": \"Testing\",\n        \"online\": true\n    },\n    {\n        \"programId\": 1136,\n        \"programName\": \"Testing\",\n        \"programDescription\": \"Testing\",\n        \"online\": true\n    },\n    {\n        \"programId\": 1137,\n        \"programName\": \"Testing\",\n        \"programDescription\": \"Testing\",\n        \"online\": true\n    },\n    {\n        \"programId\": 1188,\n        \"programName\": \"SDET\",\n        \"programDescription\": \"Selenium Cucumber\",\n        \"online\": true\n    },\n    {\n        \"programId\": 1139,\n        \"programName\": \"Testing modified\",\n        \"programDescription\": \"Testing modified\",\n        \"online\": true\n    },\n    {\n        \"programId\": 7346,\n        \"programName\": \"Twwestingg\",\n        \"programDescription\": \"Twwestingg\",\n        \"online\": true\n    },\n    {\n        \"programId\": 7347,\n        \"programName\": \"test\",\n        \"programDescription\": \"Testing\",\n        \"online\": true\n    },\n    {\n        \"programId\": 1164,\n        \"programName\": \"Assistantabc\",\n        \"programDescription\": \"Tuesday_PN\",\n        \"online\": true\n    },\n    {\n        \"programId\": 7348,\n        \"programName\": \"Twwestingg\",\n        \"programDescription\": \"Twwestingg\",\n        \"online\": true\n    },\n    {\n        \"programId\": 1144,\n        \"programName\": \"Testing\",\n        \"programDescription\": \"Testing\",\n        \"online\": true\n    },\n    {\n        \"programId\": 1145,\n        \"programName\": \"Testing\",\n        \"programDescription\": \"Testing\",\n        \"online\": true\n    },\n    {\n        \"programId\": 1147,\n        \"programName\": \"Sonali Test Program\",\n        \"programDescription\": \"Sonali Three Test\",\n        \"online\": true\n    },\n    {\n        \"programId\": 1148,\n        \"programName\": \"string\",\n        \"programDescription\": \"string\",\n        \"online\": true\n    },\n    {\n        \"programId\": 1149,\n        \"programName\": \"string\",\n        \"programDescription\": \"string\",\n        \"online\": true\n    },\n    {\n        \"programId\": 7349,\n        \"programName\": \"Testing\",\n        \"programDescription\": \"Testing\",\n        \"online\": true\n    },\n    {\n        \"programId\": 1151,\n        \"programName\": \"Testing\",\n        \"programDescription\": \"Testing\",\n        \"online\": true\n    },\n    {\n        \"programId\": 1146,\n        \"programName\": \"Testing modified\",\n        \"programDescription\": \"Testing modified\",\n        \"online\": true\n    },\n    {\n        \"programId\": 1220,\n        \"programName\": \"qqqqq\",\n        \"programDescription\": \"wwwww\",\n        \"online\": true\n    },\n    {\n        \"programId\": 2800,\n        \"programName\": \"Testing modified from postman\",\n        \"programDescription\": \"Testing modified\",\n        \"online\": true\n    },\n    {\n        \"programId\": 1159,\n        \"programName\": \"string\",\n        \"programDescription\": \"string\",\n        \"online\": true\n    },\n    {\n        \"programId\": 1160,\n        \"programName\": \"string\",\n        \"programDescription\": \"string\",\n        \"online\": true\n    },\n    {\n        \"programId\": 7409,\n        \"programName\": \"string\",\n        \"programDescription\": \"string\",\n        \"online\": true\n    },\n    {\n        \"programId\": 7410,\n        \"programName\": \"SME\",\n        \"programDescription\": \"HealthCare\",\n        \"online\": false\n    },\n    {\n        \"programId\": 7411,\n        \"programName\": \"Scrum Master\",\n        \"programDescription\": \"Agile\",\n        \"online\": false\n    },\n    {\n        \"programId\": 1165,\n        \"programName\": \"lms\",\n        \"programDescription\": \"sdet19\",\n        \"online\": true\n    },\n    {\n        \"programId\": 1158,\n        \"programName\": \"TestPUT1\",\n        \"programDescription\": \"Volcano1\",\n        \"online\": true\n    },\n    {\n        \"programId\": 1168,\n        \"programName\": \"string\",\n        \"programDescription\": \"string\",\n        \"online\": true\n    },\n    {\n        \"programId\": 9347,\n        \"programName\": \"REST Testing\",\n        \"programDescription\": \"Regression\",\n        \"online\": true\n    },\n    {\n        \"programId\": 1166,\n        \"programName\": \"sdet19\",\n        \"programDescription\": \"LMS\",\n        \"online\": true\n    },\n    {\n        \"programId\": 1169,\n        \"programName\": \"string\",\n        \"programDescription\": \"string\",\n        \"online\": true\n    },\n    {\n        \"programId\": 1170,\n        \"programName\": \"India\",\n        \"programDescription\": \"India\",\n        \"online\": true\n    },\n    {\n        \"programId\": 1171,\n        \"programName\": \"India\",\n        \"programDescription\": \"India\",\n        \"online\": true\n    },\n    {\n        \"programId\": 1173,\n        \"programName\": \"Modify IND\",\n        \"programDescription\": \"Modify IND\",\n        \"online\": true\n    },\n    {\n        \"programId\": 1174,\n        \"programName\": \"Modify IND\",\n        \"programDescription\": \"Modify IND\",\n        \"online\": true\n    },\n    {\n        \"programId\": 1175,\n        \"programName\": \"Modify IND\",\n        \"programDescription\": \"Modify IND\",\n        \"online\": true\n    },\n    {\n        \"programId\": 1176,\n        \"programName\": \"India_USA\",\n        \"programDescription\": \"India_USA\",\n        \"online\": true\n    },\n    {\n        \"programId\": 1172,\n        \"programName\": \"modified\",\n        \"programDescription\": \"testing sdet19\",\n        \"online\": true\n    },\n    {\n        \"programId\": 1177,\n        \"programName\": \"India_123\",\n        \"programDescription\": \"India_123\",\n        \"online\": true\n    },\n    {\n        \"programId\": 1178,\n        \"programName\": \"India_1234\",\n        \"programDescription\": \"India_1234\",\n        \"online\": true\n    },\n    {\n        \"programId\": 1179,\n        \"programName\": \"India_1234\",\n        \"programDescription\": \"India_1234\",\n        \"online\": true\n    },\n    {\n        \"programId\": 1180,\n        \"programName\": \"India_USA\",\n        \"programDescription\": \"India_USA\",\n        \"online\": true\n    },\n    {\n        \"programId\": 1181,\n        \"programName\": \"India_12345\",\n        \"programDescription\": \"India_12345\",\n        \"online\": true\n    },\n    {\n        \"programId\": 1182,\n        \"programName\": \"Modify IND\",\n        \"programDescription\": \"Modify IND\",\n        \"online\": true\n    },\n    {\n        \"programId\": 1183,\n        \"programName\": \"Salesforce Certified Developer\",\n        \"programDescription\": \"Salesforce by savita\",\n        \"online\": false\n    },\n    {\n        \"programId\": 1184,\n        \"programName\": \"Salesforce Certified Developer\",\n        \"programDescription\": \"Salesforce by savita\",\n        \"online\": false\n    },\n    {\n        \"programId\": 1186,\n        \"programName\": \"Viku Company\",\n        \"programDescription\": \"Data Analyst\",\n        \"online\": true\n    },\n    {\n        \"programId\": 1185,\n        \"programName\": \"Viku Company\",\n        \"programDescription\": \"Data Analyst\",\n        \"online\": true\n    },\n    {\n        \"programId\": 1187,\n        \"programName\": \"string\",\n        \"programDescription\": \"string\",\n        \"online\": true\n    },\n    {\n        \"programId\": 1189,\n        \"programName\": \"string\",\n        \"programDescription\": \"string\",\n        \"online\": true\n    },\n    {\n        \"programId\": 1190,\n        \"programName\": \"string\",\n        \"programDescription\": \"string\",\n        \"online\": true\n    },\n    {\n        \"programId\": 1191,\n        \"programName\": \"sai update name 09242021\",\n        \"programDescription\": \"sai update 09242021\",\n        \"online\": true\n    },\n    {\n        \"programId\": 1192,\n        \"programName\": \"SDET\",\n        \"programDescription\": \"Testing\",\n        \"online\": true\n    },\n    {\n        \"programId\": 1193,\n        \"programName\": \"SDET\",\n        \"programDescription\": \"Testing\",\n        \"online\": true\n    },\n    {\n        \"programId\": 1194,\n        \"programName\": \"SDET, API,MAnual\",\n        \"programDescription\": \"Testing\",\n        \"online\": true\n    },\n    {\n        \"programId\": 1195,\n        \"programName\": \"SDET, API,MAnual\",\n        \"programDescription\": \"Testing\",\n        \"online\": false\n    },\n    {\n        \"programId\": 9358,\n        \"programName\": \"SDET\",\n        \"programDescription\": \"SDET20\",\n        \"online\": true\n    },\n    {\n        \"programId\": 1198,\n        \"programName\": \"cucumber learning modified\",\n        \"programDescription\": \"cucumber learning\",\n        \"online\": false\n    },\n    {\n        \"programId\": 1202,\n        \"programName\": \"Viku Company\",\n        \"programDescription\": \"Data Analyst\",\n        \"online\": true\n    },\n    {\n        \"programId\": 1206,\n        \"programName\": \"Salesforce Certified Develope\",\n        \"programDescription\": \"Developer required\",\n        \"online\": true\n    },\n    {\n        \"programId\": 1207,\n        \"programName\": \"SDET\",\n        \"programDescription\": \"SDET required\",\n        \"online\": true\n    },\n    {\n        \"programId\": 1208,\n        \"programName\": \"program name\",\n        \"programDescription\": \"program name required\",\n        \"online\": false\n    },\n    {\n        \"programId\": 1209,\n        \"programName\": \"SDET1\",\n        \"programDescription\": \"Program1\",\n        \"online\": false\n    },\n    {\n        \"programId\": 1210,\n        \"programName\": \"SDET2\",\n        \"programDescription\": \"program2\",\n        \"online\": true\n    },\n    {\n        \"programId\": 1211,\n        \"programName\": \"SDET3\",\n        \"programDescription\": \"program3\",\n        \"online\": false\n    },\n    {\n        \"programId\": 1212,\n        \"programName\": \"string\",\n        \"programDescription\": \"string\",\n        \"online\": true\n    },\n    {\n        \"programId\": 1213,\n        \"programName\": \"Testing\",\n        \"programDescription\": \"Testing\",\n        \"online\": true\n    },\n    {\n        \"programId\": 1214,\n        \"programName\": \"Testing\",\n        \"programDescription\": \"Testing\",\n        \"online\": true\n    },\n    {\n        \"programId\": 1215,\n        \"programName\": \"Testing\",\n        \"programDescription\": \"Testing\",\n        \"online\": true\n    },\n    {\n        \"programId\": 1216,\n        \"programName\": \"qqqqq\",\n        \"programDescription\": \"wwwww\",\n        \"online\": true\n    },\n    {\n        \"programId\": 1217,\n        \"programName\": \"qqqqq\",\n        \"programDescription\": \"wwwww\",\n        \"online\": true\n    },\n    {\n        \"programId\": 1225,\n        \"programName\": \"Salesforce Certified Develope\",\n        \"programDescription\": \"Developer required\",\n        \"online\": true\n    },\n    {\n        \"programId\": 1227,\n        \"programName\": \"program name\",\n        \"programDescription\": \"program name required\",\n        \"online\": false\n    },\n    {\n        \"programId\": 1228,\n        \"programName\": \"Salesforce Certified Develope\",\n        \"programDescription\": \"Developer required\",\n        \"online\": true\n    },\n    {\n        \"programId\": 1231,\n        \"programName\": \"Salesforce Certified Develope\",\n        \"programDescription\": \"Developer required\",\n        \"online\": true\n    },\n    {\n        \"programId\": 1232,\n        \"programName\": \"Salesforce Certified Develope Modified\",\n        \"programDescription\": \"Developer required Modified\",\n        \"online\": false\n    },\n    {\n        \"programId\": 1235,\n        \"programName\": \"program name\",\n        \"programDescription\": \"program name required\",\n        \"online\": false\n    },\n    {\n        \"programId\": 1236,\n        \"programName\": \"program name Modified\",\n        \"programDescription\": \"program name required Modified\",\n        \"online\": false\n    },\n    {\n        \"programId\": 1237,\n        \"programName\": \"Testing\",\n        \"programDescription\": \"Testing\",\n        \"online\": true\n    },\n    {\n        \"programId\": 1238,\n        \"programName\": \"Salesforce Certified Developer\",\n        \"programDescription\": \"Salesforce by savita\",\n        \"online\": false\n    },\n    {\n        \"programId\": 1239,\n        \"programName\": \"Salesforce Certified Developer\",\n        \"programDescription\": \"Salesforce by savita\",\n        \"online\": false\n    },\n    {\n        \"programId\": 1241,\n        \"programName\": \"SDET, API,MAnual\",\n        \"programDescription\": \"Testing\",\n        \"online\": true\n    },\n    {\n        \"programId\": 1288,\n        \"programName\": \"Hi\",\n        \"programDescription\": \"Greetings\",\n        \"online\": true\n    },\n    {\n        \"programId\": 1289,\n        \"programName\": \"Welcome\",\n        \"programDescription\": \"Goodday\",\n        \"online\": true\n    },\n    {\n        \"programId\": 1290,\n        \"programName\": \"Welcome\",\n        \"programDescription\": \"Goodday\",\n        \"online\": true\n    },\n    {\n        \"programId\": 1291,\n        \"programName\": \"apple\",\n        \"programDescription\": \"postmethod\",\n        \"online\": true\n    },\n    {\n        \"programId\": 1292,\n        \"programName\": \"yyystring\",\n        \"programDescription\": \"xxxstring\",\n        \"online\": true\n    },\n    {\n        \"programId\": 1293,\n        \"programName\": \"yyystring\",\n        \"programDescription\": \"xxxstring\",\n        \"online\": true\n    },\n    {\n        \"programId\": 1294,\n        \"programName\": \"Software Testing 14\",\n        \"programDescription\": \"SDET 14\",\n        \"online\": false\n    },\n    {\n        \"programId\": 1295,\n        \"programName\": \"Data Science 14\",\n        \"programDescription\": \"DS 14\",\n        \"online\": false\n    },\n    {\n        \"programId\": 1296,\n        \"programName\": \"Software Testing 15\",\n        \"programDescription\": \"SDET 15\",\n        \"online\": false\n    },\n    {\n        \"programId\": 1297,\n        \"programName\": \"Data Science 15\",\n        \"programDescription\": \"DS 15\",\n        \"online\": false\n    },\n    {\n        \"programId\": 1298,\n        \"programName\": \"Software Testing 14\",\n        \"programDescription\": \"SDET 14\",\n        \"online\": true\n    },\n    {\n        \"programId\": 1233,\n        \"programName\": \"JAVA 280 for testing\",\n        \"programDescription\": \"JAVA 280 for testing by shuba\",\n        \"online\": false\n    },\n    {\n        \"programId\": 1122,\n        \"programName\": \" divya online field testing\",\n        \"programDescription\": null,\n        \"online\": true\n    },\n    {\n        \"programId\": 1200,\n        \"programName\": \"sdet1\",\n        \"programDescription\": \"sdet1\",\n        \"online\": true\n    },\n    {\n        \"programId\": 1201,\n        \"programName\": \"SDET1\",\n        \"programDescription\": \"bbbfghgfjbbbbb\",\n        \"online\": true\n    },\n    {\n        \"programId\": 1299,\n        \"programName\": \"Data Science 14\",\n        \"programDescription\": \"DS 14\",\n        \"online\": true\n    },\n    {\n        \"programId\": 1301,\n        \"programName\": \"Data Science 15\",\n        \"programDescription\": \"DS 15\",\n        \"online\": true\n    },\n    {\n        \"programId\": 1302,\n        \"programName\": \"Software Testing 14\",\n        \"programDescription\": \"SDET 14\",\n        \"online\": true\n    },\n    {\n        \"programId\": 1303,\n        \"programName\": \"Data Science 14\",\n        \"programDescription\": \"DS 14\",\n        \"online\": true\n    },\n    {\n        \"programId\": 1304,\n        \"programName\": \"Software Testing 15\",\n        \"programDescription\": \"SDET 15\",\n        \"online\": true\n    },\n    {\n        \"programId\": 1305,\n        \"programName\": \"Data Science 15\",\n        \"programDescription\": \"DS 15\",\n        \"online\": true\n    },\n    {\n        \"programId\": 1306,\n        \"programName\": \"Software Testing 14\",\n        \"programDescription\": \"SDET 14\",\n        \"online\": true\n    },\n    {\n        \"programId\": 1307,\n        \"programName\": \"Data Science 14\",\n        \"programDescription\": \"DS 14\",\n        \"online\": true\n    },\n    {\n        \"programId\": 1308,\n        \"programName\": \"Software Testing 15\",\n        \"programDescription\": \"SDET 15\",\n        \"online\": true\n    },\n    {\n        \"programId\": 1309,\n        \"programName\": \"Data Science 15\",\n        \"programDescription\": \"DS 15\",\n        \"online\": true\n    },\n    {\n        \"programId\": 1310,\n        \"programName\": \"Data Driven Testing \",\n        \"programDescription\": \"Data Driven\",\n        \"online\": true\n    },\n    {\n        \"programId\": 1312,\n        \"programName\": \"Samsung\",\n        \"programDescription\": \"Phone\",\n        \"online\": true\n    },\n    {\n        \"programId\": 1311,\n        \"programName\": \"mac\",\n        \"programDescription\": \"Operating system\",\n        \"online\": true\n    },\n    {\n        \"programId\": 1313,\n        \"programName\": \"The Planets\",\n        \"programDescription\": \"Sci-fi\",\n        \"online\": true\n    },\n    {\n        \"programId\": 1315,\n        \"programName\": \"Creative Painting\",\n        \"programDescription\": null,\n        \"online\": false\n    },\n    {\n        \"programId\": 1316,\n        \"programName\": \"demo\",\n        \"programDescription\": \"printer\",\n        \"online\": true\n    },\n    {\n        \"programId\": 1317,\n        \"programName\": \"Chennai Super Kings\",\n        \"programDescription\": \"IPL Matches\",\n        \"online\": true\n    },\n    {\n        \"programId\": 1318,\n        \"programName\": \"bananas\",\n        \"programDescription\": \"fruits\",\n        \"online\": true\n    },\n    {\n        \"programId\": 1319,\n        \"programName\": \"Rose\",\n        \"programDescription\": \"flowers\",\n        \"online\": true\n    },\n    {\n        \"programId\": 1321,\n        \"programName\": \"Jewelry\",\n        \"programDescription\": \"crystal show\",\n        \"online\": true\n    },\n    {\n        \"programId\": 1322,\n        \"programName\": \"Rose\",\n        \"programDescription\": \"flowers\",\n        \"online\": true\n    },\n    {\n        \"programId\": 3765,\n        \"programName\": \"microservices\",\n        \"programDescription\": \"training\",\n        \"online\": true\n    },\n    {\n        \"programId\": 3766,\n        \"programName\": \"microservices\",\n        \"programDescription\": \"training\",\n        \"online\": true\n    },\n    {\n        \"programId\": 1320,\n        \"programName\": \"Testing\",\n        \"programDescription\": \"\",\n        \"online\": true\n    },\n    {\n        \"programId\": 1324,\n        \"programName\": \"string\",\n        \"programDescription\": \"string\",\n        \"online\": true\n    },\n    {\n        \"programId\": 1325,\n        \"programName\": \"abc\",\n        \"programDescription\": \"welcome\",\n        \"online\": true\n    },\n    {\n        \"programId\": 1326,\n        \"programName\": \"abc\",\n        \"programDescription\": \"welcome\",\n        \"online\": true\n    },\n    {\n        \"programId\": 3767,\n        \"programName\": \"microservices\",\n        \"programDescription\": \"training\",\n        \"online\": true\n    },\n    {\n        \"programId\": 1328,\n        \"programName\": \"cookery\",\n        \"programDescription\": \"cooking\",\n        \"online\": true\n    },\n    {\n        \"programId\": 1329,\n        \"programName\": \"LMS Testing Oct optional\",\n        \"programDescription\": \"LMS Testing Oct optional\",\n        \"online\": false\n    },\n    {\n        \"programId\": 1331,\n        \"programName\": \"LMS Testing Oct optional\",\n        \"programDescription\": null,\n        \"online\": false\n    },\n    {\n        \"programId\": 1332,\n        \"programName\": \"LMS Testing Oct\",\n        \"programDescription\": \"LMS Testing Oct\",\n        \"online\": false\n    },\n    {\n        \"programId\": 9228,\n        \"programName\": \"Assistantabc\",\n        \"programDescription\": \"Tuesday_PN\",\n        \"online\": true\n    },\n    {\n        \"programId\": 1335,\n        \"programName\": \"LMS Testing Oct New\",\n        \"programDescription\": \"Updated Descrption oct7th New\",\n        \"online\": false\n    },\n    {\n        \"programId\": 3768,\n        \"programName\": \"microservices\",\n        \"programDescription\": \"training\",\n        \"online\": true\n    },\n    {\n        \"programId\": 1337,\n        \"programName\": \"string\",\n        \"programDescription\": \"string\",\n        \"online\": true\n    },\n    {\n        \"programId\": 1338,\n        \"programName\": \"Testing\",\n        \"programDescription\": \"Testing\",\n        \"online\": true\n    },\n    {\n        \"programId\": 1339,\n        \"programName\": \"string\",\n        \"programDescription\": \"string\",\n        \"online\": true\n    },\n    {\n        \"programId\": 1340,\n        \"programName\": \"Testing\",\n        \"programDescription\": \"Testing\",\n        \"online\": true\n    },\n    {\n        \"programId\": 3879,\n        \"programName\": \"string\",\n        \"programDescription\": \"string\",\n        \"online\": true\n    },\n    {\n        \"programId\": 1342,\n        \"programName\": \"LMS Testing Oct%%%$#New***&\",\n        \"programDescription\": \"LMS Testing Oct\",\n        \"online\": true\n    },\n    {\n        \"programId\": 1343,\n        \"programName\": \"LMS Testing Oct%%%$#New***&!!@\",\n        \"programDescription\": \"LMS Testing Oct\",\n        \"online\": true\n    },\n    {\n        \"programId\": 1346,\n        \"programName\": \"string\",\n        \"programDescription\": \"Testing\",\n        \"online\": true\n    },\n    {\n        \"programId\": 1347,\n        \"programName\": \"string\",\n        \"programDescription\": \"Testing\",\n        \"online\": true\n    },\n    {\n        \"programId\": 1389,\n        \"programName\": \"Name changed by PUT Request\",\n        \"programDescription\": \"Program Description changed by PUT\",\n        \"online\": true\n    },\n    {\n        \"programId\": 1390,\n        \"programName\": \"5 digit digit testing\",\n        \"programDescription\": \"programId testing\",\n        \"online\": true\n    },\n    {\n        \"programId\": 1349,\n        \"programName\": \"Selenium \",\n        \"programDescription\": \"data analyst\",\n        \"online\": true\n    },\n    {\n        \"programId\": 1400,\n        \"programName\": \"Name changed by PUT Request\",\n        \"programDescription\": \"Program Description changed by PUT\",\n        \"online\": true\n    },\n    {\n        \"programId\": 1351,\n        \"programName\": \"LMS Testing Oct\",\n        \"programDescription\": \"LMS Testing Oct\",\n        \"online\": true\n    },\n    {\n        \"programId\": 7350,\n        \"programName\": \"tttttttt\",\n        \"programDescription\": \"ttttttttttttttttt\",\n        \"online\": true\n    },\n    {\n        \"programId\": 1391,\n        \"programName\": \"5 digit digit testing\",\n        \"programDescription\": \"programId testing\",\n        \"online\": true\n    },\n    {\n        \"programId\": 1392,\n        \"programName\": \"5 digit digit testing\",\n        \"programDescription\": \"programId testing\",\n        \"online\": true\n    },\n    {\n        \"programId\": 1352,\n        \"programName\": \"in proident commodo\",\n        \"programDescription\": \"qui et id veniam mollit\",\n        \"online\": false\n    },\n    {\n        \"programId\": 1393,\n        \"programName\": \"5 digit digit testing\",\n        \"programDescription\": \"programId testing\",\n        \"online\": true\n    },\n    {\n        \"programId\": 1394,\n        \"programName\": \"j\",\n        \"programDescription\": \"programId testing\",\n        \"online\": true\n    },\n    {\n        \"programId\": 1397,\n        \"programName\": \"Blank testing\",\n        \"programDescription\": \"\",\n        \"online\": true\n    },\n    {\n        \"programId\": 1353,\n        \"programName\": \"string\",\n        \"programDescription\": \"string\",\n        \"online\": true\n    },\n    {\n        \"programId\": 1354,\n        \"programName\": \"string\",\n        \"programDescription\": \"string\",\n        \"online\": true\n    },\n    {\n        \"programId\": 1355,\n        \"programName\": \"string\",\n        \"programDescription\": \"string\",\n        \"online\": true\n    },\n    {\n        \"programId\": 1356,\n        \"programName\": \"in proident commodo\",\n        \"programDescription\": \"LMS posting\",\n        \"online\": true\n    },\n    {\n        \"programId\": 1357,\n        \"programName\": \"SDET API\",\n        \"programDescription\": \"LMS posting\",\n        \"online\": true\n    },\n    {\n        \"programId\": 1358,\n        \"programName\": \"SDET API\",\n        \"programDescription\": \"LMS posting\",\n        \"online\": true\n    },\n    {\n        \"programId\": 1398,\n        \"programName\": \"123\",\n        \"programDescription\": \"\",\n        \"online\": true\n    },\n    {\n        \"programId\": 1368,\n        \"programName\": \"Testing\",\n        \"programDescription\": \"\",\n        \"online\": true\n    },\n    {\n        \"programId\": 1359,\n        \"programName\": \"LMS updated Testing Oct\",\n        \"programDescription\": \"LMS updatedTesting Oct\",\n        \"online\": false\n    },\n    {\n        \"programId\": 1360,\n        \"programName\": \"SDET API\",\n        \"programDescription\": \"LMS posting\",\n        \"online\": true\n    },\n    {\n        \"programId\": 1361,\n        \"programName\": \"Post LMS TestingOCt7\",\n        \"programDescription\": \"Post LMS TestingOCt7\",\n        \"online\": true\n    },\n    {\n        \"programId\": 1363,\n        \"programName\": \"SDET API\",\n        \"programDescription\": \"LMS posting\",\n        \"online\": true\n    },\n    {\n        \"programId\": 1362,\n        \"programName\": \"SDET API\",\n        \"programDescription\": \"LMS  hsfdjkdhg posting\",\n        \"online\": true\n    },\n    {\n        \"programId\": 1364,\n        \"programName\": \"Testing\",\n        \"programDescription\": \"Testing\",\n        \"online\": true\n    },\n    {\n        \"programId\": 1365,\n        \"programName\": \"SDET API\",\n        \"programDescription\": \"LMS  hsfdjkdhg posting\",\n        \"online\": true\n    },\n    {\n        \"programId\": 1366,\n        \"programName\": \"Testing\",\n        \"programDescription\": \"Testing\",\n        \"online\": true\n    },\n    {\n        \"programId\": 1367,\n        \"programName\": \"SDET API\",\n        \"programDescription\": \"5000 programId testing\",\n        \"online\": true\n    },\n    {\n        \"programId\": 1369,\n        \"programName\": \"Testing modified\",\n        \"programDescription\": \"Testing modified\",\n        \"online\": true\n    },\n    {\n        \"programId\": 1370,\n        \"programName\": \"Testing for put modified\",\n        \"programDescription\": \"Testing modified\",\n        \"online\": true\n    },\n    {\n        \"programId\": 1371,\n        \"programName\": \"Post method\",\n        \"programDescription\": \"Posting\",\n        \"online\": true\n    },\n    {\n        \"programId\": 7412,\n        \"programName\": \"Backend Developer\",\n        \"programDescription\": \"Sql Developer\",\n        \"online\": false\n    },\n    {\n        \"programId\": 1373,\n        \"programName\": \"Post method changing to Put\",\n        \"programDescription\": \"700\",\n        \"online\": true\n    },\n    {\n        \"programId\": 1374,\n        \"programName\": \"Post method changing to Put\",\n        \"programDescription\": \" 700\",\n        \"online\": true\n    },\n    {\n        \"programId\": 1375,\n        \"programName\": \"700\",\n        \"programDescription\": \" 700\",\n        \"online\": true\n    },\n    {\n        \"programId\": 1376,\n        \"programName\": \"700$\",\n        \"programDescription\": \" 700\",\n        \"online\": true\n    },\n    {\n        \"programId\": 1378,\n        \"programName\": \"700.67\",\n        \"programDescription\": \" 700\",\n        \"online\": true\n    },\n    {\n        \"programId\": 1399,\n        \"programName\": \"Testing\",\n        \"programDescription\": \"Testing\",\n        \"online\": true\n    },\n    {\n        \"programId\": 1401,\n        \"programName\": \"Testing\",\n        \"programDescription\": \"Testing\",\n        \"online\": true\n    },\n    {\n        \"programId\": 1402,\n        \"programName\": \"Testing\",\n        \"programDescription\": \"Testing\",\n        \"online\": true\n    },\n    {\n        \"programId\": 1403,\n        \"programName\": \"Testing modified\",\n        \"programDescription\": \"SDET 17\",\n        \"online\": true\n    },\n    {\n        \"programId\": 1404,\n        \"programName\": \"Testing\",\n        \"programDescription\": \"Testing\",\n        \"online\": true\n    },\n    {\n        \"programId\": 1405,\n        \"programName\": \"SDET10-1\",\n        \"programDescription\": \"SDET10-1\",\n        \"online\": true\n    },\n    {\n        \"programId\": 1406,\n        \"programName\": \"SDET10-1\",\n        \"programDescription\": \"SDET10-1\",\n        \"online\": true\n    },\n    {\n        \"programId\": 7430,\n        \"programName\": \"Sdet38\",\n        \"programDescription\": \"Postman\",\n        \"online\": true\n    },\n    {\n        \"programId\": 9289,\n        \"programName\": \"now\",\n        \"programDescription\": \"now\",\n        \"online\": true\n    },\n    {\n        \"programId\": 1380,\n        \"programName\": \"LMStest\",\n        \"programDescription\": \"LMS test using postman\",\n        \"online\": true\n    },\n    {\n        \"programId\": 1381,\n        \"programName\": \"LMStest\",\n        \"programDescription\": \"LMS test using postman\",\n        \"online\": true\n    },\n    {\n        \"programId\": 1382,\n        \"programName\": \"Post LMS TestingOCt8\",\n        \"programDescription\": \"Post LMS TestingOCt8\",\n        \"online\": true\n    },\n    {\n        \"programId\": 9316,\n        \"programName\": \"QA\",\n        \"programDescription\": \"BASICS\",\n        \"online\": true\n    },\n    {\n        \"programId\": 9317,\n        \"programName\": \"QA\",\n        \"programDescription\": \"BASICS\",\n        \"online\": true\n    },\n    {\n        \"programId\": 1385,\n        \"programName\": \"SDET API\",\n        \"programDescription\": \"5000 programId testing\",\n        \"online\": true\n    },\n    {\n        \"programId\": 1386,\n        \"programName\": \"string\",\n        \"programDescription\": \"DS\",\n        \"online\": true\n    },\n    {\n        \"programId\": 1387,\n        \"programName\": \"1243254\",\n        \"programDescription\": \"5000 programId testing\",\n        \"online\": true\n    },\n    {\n        \"programId\": 1407,\n        \"programName\": \"SDET10-1\",\n        \"programDescription\": \"SDET10-1\",\n        \"online\": true\n    },\n    {\n        \"programId\": 1408,\n        \"programName\": \"string\",\n        \"programDescription\": \"string\",\n        \"online\": true\n    },\n    {\n        \"programId\": 1409,\n        \"programName\": \"string\",\n        \"programDescription\": \"string\",\n        \"online\": true\n    },\n    {\n        \"programId\": 1410,\n        \"programName\": \"Testing modified\",\n        \"programDescription\": \"SDET 17\",\n        \"online\": true\n    },\n    {\n        \"programId\": 1411,\n        \"programName\": \"Testing modified\",\n        \"programDescription\": \"SDET 17\",\n        \"online\": true\n    },\n    {\n        \"programId\": 1412,\n        \"programName\": \"Testing modified\",\n        \"programDescription\": \"SDET 17\",\n        \"online\": true\n    },\n    {\n        \"programId\": 1413,\n        \"programName\": \"Blank testing\",\n        \"programDescription\": \"\",\n        \"online\": true\n    },\n    {\n        \"programId\": 1414,\n        \"programName\": \"Blank testing\",\n        \"programDescription\": \"\",\n        \"online\": true\n    },\n    {\n        \"programId\": 1416,\n        \"programName\": \"string\",\n        \"programDescription\": \"string\",\n        \"online\": true\n    },\n    {\n        \"programId\": 1417,\n        \"programName\": \"string\",\n        \"programDescription\": \"string\",\n        \"online\": true\n    },\n    {\n        \"programId\": 1419,\n        \"programName\": \"Fiction\",\n        \"programDescription\": \"Movies\",\n        \"online\": true\n    },\n    {\n        \"programId\": 1422,\n        \"programName\": \"string\",\n        \"programDescription\": \"string\",\n        \"online\": true\n    },\n    {\n        \"programId\": 1423,\n        \"programName\": \"Fiction\",\n        \"programDescription\": \"Movies\",\n        \"online\": true\n    },\n    {\n        \"programId\": 1424,\n        \"programName\": \"Hadoop\",\n        \"programDescription\": \"BigData\",\n        \"online\": true\n    },\n    {\n        \"programId\": 1425,\n        \"programName\": \"string\",\n        \"programDescription\": \"string\",\n        \"online\": true\n    },\n    {\n        \"programId\": 1426,\n        \"programName\": \"string\",\n        \"programDescription\": \"string\",\n        \"online\": true\n    },\n    {\n        \"programId\": 1428,\n        \"programName\": \"string\",\n        \"programDescription\": \"string\",\n        \"online\": true\n    },\n    {\n        \"programId\": 1429,\n        \"programName\": \"string\",\n        \"programDescription\": \"string\",\n        \"online\": true\n    },\n    {\n        \"programId\": 1430,\n        \"programName\": \"string\",\n        \"programDescription\": \"string\",\n        \"online\": true\n    },\n    {\n        \"programId\": 1431,\n        \"programName\": \"string\",\n        \"programDescription\": \"this is Megha's testing script\",\n        \"online\": true\n    },\n    {\n        \"programId\": 1432,\n        \"programName\": \"string\",\n        \"programDescription\": \"this is Megha's testing script\",\n        \"online\": true\n    },\n    {\n        \"programId\": 1433,\n        \"programName\": \"fiction\",\n        \"programDescription\": \"Movies\",\n        \"online\": true\n    },\n    {\n        \"programId\": 1434,\n        \"programName\": \"fiction\",\n        \"programDescription\": \"Movies\",\n        \"online\": true\n    },\n    {\n        \"programId\": 1436,\n        \"programName\": \"LMStest\",\n        \"programDescription\": \"LMS postman\",\n        \"online\": true\n    },\n    {\n        \"programId\": 1437,\n        \"programName\": \"LMStest\",\n        \"programDescription\": \"LMS postman\",\n        \"online\": true\n    },\n    {\n        \"programId\": 1439,\n        \"programName\": \"string\",\n        \"programDescription\": \"string\",\n        \"online\": true\n    },\n    {\n        \"programId\": 1440,\n        \"programName\": \"string\",\n        \"programDescription\": \"string\",\n        \"online\": true\n    },\n    {\n        \"programId\": 1441,\n        \"programName\": \"string\",\n        \"programDescription\": \"string\",\n        \"online\": true\n    },\n    {\n        \"programId\": 1348,\n        \"programName\": \"0.00009\",\n        \"programDescription\": \"entered with numbers\",\n        \"online\": true\n    },\n    {\n        \"programId\": 1442,\n        \"programName\": \"string\",\n        \"programDescription\": \"string\",\n        \"online\": true\n    },\n    {\n        \"programId\": 1443,\n        \"programName\": \"string\",\n        \"programDescription\": \"string\",\n        \"online\": true\n    },\n    {\n        \"programId\": 1444,\n        \"programName\": \"string\",\n        \"programDescription\": \"this is Megha's testing script\",\n        \"online\": true\n    },\n    {\n        \"programId\": 1445,\n        \"programName\": \"string\",\n        \"programDescription\": \"string\",\n        \"online\": true\n    },\n    {\n        \"programId\": 1449,\n        \"programName\": \"Descriptionless\",\n        \"programDescription\": \"\",\n        \"online\": true\n    },\n    {\n        \"programId\": 7351,\n        \"programName\": \"string\",\n        \"programDescription\": \"string\",\n        \"online\": false\n    },\n    {\n        \"programId\": 1451,\n        \"programName\": \"Descriptionless\",\n        \"programDescription\": \"\",\n        \"online\": true\n    },\n    {\n        \"programId\": 1452,\n        \"programName\": \"online filed testing\",\n        \"programDescription\": \"entered with numbers\",\n        \"online\": true\n    },\n    {\n        \"programId\": 1548,\n        \"programName\": \"string\",\n        \"programDescription\": \"string\",\n        \"online\": true\n    },\n    {\n        \"programId\": 1453,\n        \"programName\": \"123\",\n        \"programDescription\": \"entered with numbers\",\n        \"online\": true\n    },\n    {\n        \"programId\": 1454,\n        \"programName\": \"in proident commodo\",\n        \"programDescription\": \"qui et id veniam mollit\",\n        \"online\": false\n    },\n    {\n        \"programId\": 3769,\n        \"programName\": \"Java 9 Training\",\n        \"programDescription\": \"Java 9 Training\",\n        \"online\": false\n    },\n    {\n        \"programId\": 1550,\n        \"programName\": \"nonexisting program id\",\n        \"programDescription\": \"nonexisting program id\",\n        \"online\": true\n    },\n    {\n        \"programId\": 1551,\n        \"programName\": \"LMS2\",\n        \"programDescription\": \"Test description LMS\",\n        \"online\": true\n    },\n    {\n        \"programId\": 1552,\n        \"programName\": \"LMS2\",\n        \"programDescription\": \"Test description LMS\",\n        \"online\": true\n    },\n    {\n        \"programId\": 1553,\n        \"programName\": \"LMS2\",\n        \"programDescription\": \"Test description LMS\",\n        \"online\": true\n    },\n    {\n        \"programId\": 9229,\n        \"programName\": \"lms api\",\n        \"programDescription\": \"lms api\",\n        \"online\": true\n    },\n    {\n        \"programId\": 1457,\n        \"programName\": \"testing\",\n        \"programDescription\": \"testing\",\n        \"online\": true\n    },\n    {\n        \"programId\": 1458,\n        \"programName\": \"string\",\n        \"programDescription\": \"string\",\n        \"online\": true\n    },\n    {\n        \"programId\": 1459,\n        \"programName\": \"string\",\n        \"programDescription\": \"string\",\n        \"online\": true\n    },\n    {\n        \"programId\": 1460,\n        \"programName\": \"string\",\n        \"programDescription\": \"string\",\n        \"online\": true\n    },\n    {\n        \"programId\": 1461,\n        \"programName\": \"testing\",\n        \"programDescription\": \"testing\",\n        \"online\": true\n    },\n    {\n        \"programId\": 1462,\n        \"programName\": \"string\",\n        \"programDescription\": \"string\",\n        \"online\": true\n    },\n    {\n        \"programId\": 1463,\n        \"programName\": \"string\",\n        \"programDescription\": \"string\",\n        \"online\": true\n    },\n    {\n        \"programId\": 1464,\n        \"programName\": \"testing\",\n        \"programDescription\": \"testing\",\n        \"online\": true\n    },\n    {\n        \"programId\": 1465,\n        \"programName\": \"testing\",\n        \"programDescription\": \"testing\",\n        \"online\": true\n    },\n    {\n        \"programId\": 1466,\n        \"programName\": \"testing\",\n        \"programDescription\": \"testing\",\n        \"online\": true\n    },\n    {\n        \"programId\": 1467,\n        \"programName\": \"testing\",\n        \"programDescription\": \"testing\",\n        \"online\": true\n    },\n    {\n        \"programId\": 1468,\n        \"programName\": \"testing\",\n        \"programDescription\": \"testing\",\n        \"online\": true\n    },\n    {\n        \"programId\": 1469,\n        \"programName\": \"testing\",\n        \"programDescription\": \"This is my name\",\n        \"online\": true\n    },\n    {\n        \"programId\": 1470,\n        \"programName\": \"string\",\n        \"programDescription\": \"string\",\n        \"online\": true\n    },\n    {\n        \"programId\": 1471,\n        \"programName\": \"string\",\n        \"programDescription\": \"string\",\n        \"online\": true\n    },\n    {\n        \"programId\": 1472,\n        \"programName\": \"testing\",\n        \"programDescription\": \"This is my name\",\n        \"online\": true\n    },\n    {\n        \"programId\": 1473,\n        \"programName\": \"#$wwfgdf%\",\n        \"programDescription\": \"SDET-Testing-16\",\n        \"online\": true\n    },\n    {\n        \"programId\": 1474,\n        \"programName\": \"testing\",\n        \"programDescription\": \"This is my name\",\n        \"online\": true\n    },\n    {\n        \"programId\": 1476,\n        \"programName\": \"testing in swagger\",\n        \"programDescription\": \"testing\",\n        \"online\": true\n    },\n    {\n        \"programId\": 1478,\n        \"programName\": \"t\",\n        \"programDescription\": \"test\",\n        \"online\": true\n    },\n    {\n        \"programId\": 1479,\n        \"programName\": \"testing in swagger\",\n        \"programDescription\": \"testing\",\n        \"online\": true\n    },\n    {\n        \"programId\": 1480,\n        \"programName\": \"testing in swagger\",\n        \"programDescription\": \"testing\",\n        \"online\": true\n    },\n    {\n        \"programId\": 1481,\n        \"programName\": \"testing in swagger\",\n        \"programDescription\": \"testing\",\n        \"online\": true\n    },\n    {\n        \"programId\": 1482,\n        \"programName\": \"testing in swagger\",\n        \"programDescription\": \"testing\",\n        \"online\": true\n    },\n    {\n        \"programId\": 1483,\n        \"programName\": \"testing in swagger\",\n        \"programDescription\": \"testing\",\n        \"online\": true\n    },\n    {\n        \"programId\": 1484,\n        \"programName\": \"testing in swagger\",\n        \"programDescription\": \"testing\",\n        \"online\": true\n    },\n    {\n        \"programId\": 1485,\n        \"programName\": \"testing in swagger\",\n        \"programDescription\": \"testing\",\n        \"online\": true\n    },\n    {\n        \"programId\": 1486,\n        \"programName\": \"online field testing\",\n        \"programDescription\": \"entered with numbers\",\n        \"online\": true\n    },\n    {\n        \"programId\": 1487,\n        \"programName\": \"online field testing\",\n        \"programDescription\": \"entered with numbers\",\n        \"online\": true\n    },\n    {\n        \"programId\": 1488,\n        \"programName\": \"online field testing\",\n        \"programDescription\": \"entered with numbers\",\n        \"online\": true\n    },\n    {\n        \"programId\": 1489,\n        \"programName\": \"online field testing\",\n        \"programDescription\": \"entered with numbers\",\n        \"online\": true\n    },\n    {\n        \"programId\": 1490,\n        \"programName\": \"t\",\n        \"programDescription\": \"test\",\n        \"online\": true\n    },\n    {\n        \"programId\": 1491,\n        \"programName\": \"testing in swagger\",\n        \"programDescription\": \"testing\",\n        \"online\": true\n    },\n    {\n        \"programId\": 1492,\n        \"programName\": \"testing in swagger\",\n        \"programDescription\": \"testing\",\n        \"online\": true\n    },\n    {\n        \"programId\": 1493,\n        \"programName\": \"New1\",\n        \"programDescription\": \"First new user\",\n        \"online\": true\n    },\n    {\n        \"programId\": 1494,\n        \"programName\": \"string\",\n        \"programDescription\": \"string\",\n        \"online\": true\n    },\n    {\n        \"programId\": 3770,\n        \"programName\": \"Java 10 Training\",\n        \"programDescription\": \"Java 10 Training\",\n        \"online\": false\n    },\n    {\n        \"programId\": 1496,\n        \"programName\": \"string\",\n        \"programDescription\": \"string\",\n        \"online\": true\n    },\n    {\n        \"programId\": 1497,\n        \"programName\": \"null testing\",\n        \"programDescription\": \"testing\",\n        \"online\": true\n    },\n    {\n        \"programId\": 1498,\n        \"programName\": \"string\",\n        \"programDescription\": \"string\",\n        \"online\": true\n    },\n    {\n        \"programId\": 3771,\n        \"programName\": \"Spring boot traning\",\n        \"programDescription\": \"Spring Boot\",\n        \"online\": false\n    },\n    {\n        \"programId\": 1502,\n        \"programName\": \"string\",\n        \"programDescription\": \"string\",\n        \"online\": true\n    },\n    {\n        \"programId\": 1503,\n        \"programName\": \"Int\",\n        \"programDescription\": \"Integer\",\n        \"online\": true\n    },\n    {\n        \"programId\": 1504,\n        \"programName\": \"string\",\n        \"programDescription\": \"string\",\n        \"online\": true\n    },\n    {\n        \"programId\": 1505,\n        \"programName\": \"string\",\n        \"programDescription\": \"string\",\n        \"online\": true\n    },\n    {\n        \"programId\": 1506,\n        \"programName\": \"multiple digit testing\",\n        \"programDescription\": \"programId testing\",\n        \"online\": true\n    },\n    {\n        \"programId\": 9230,\n        \"programName\": \"lms api\",\n        \"programDescription\": \"lms api\",\n        \"online\": true\n    },\n    {\n        \"programId\": 1508,\n        \"programName\": \"string\",\n        \"programDescription\": \"string\",\n        \"online\": true\n    },\n    {\n        \"programId\": 1510,\n        \"programName\": \"0.009\",\n        \"programDescription\": \"string\",\n        \"online\": true\n    },\n    {\n        \"programId\": 1511,\n        \"programName\": \"online filed testing\",\n        \"programDescription\": \"entered with numbers\",\n        \"online\": true\n    },\n    {\n        \"programId\": 1512,\n        \"programName\": \"0.009\",\n        \"programDescription\": \"string\",\n        \"online\": true\n    },\n    {\n        \"programId\": 1513,\n        \"programName\": \"Blank testing\",\n        \"programDescription\": \"\",\n        \"online\": true\n    },\n    {\n        \"programId\": 1554,\n        \"programName\": \"LMS2\",\n        \"programDescription\": \"Test description LMS\",\n        \"online\": true\n    },\n    {\n        \"programId\": 1509,\n        \"programName\": \"java\",\n        \"programDescription\": \"java Program\",\n        \"online\": true\n    },\n    {\n        \"programId\": 1555,\n        \"programName\": \"LMS2\",\n        \"programDescription\": \"Test description LMS\",\n        \"online\": true\n    },\n    {\n        \"programId\": 500,\n        \"programName\": \"Testing\",\n        \"programDescription\": \"Testing\",\n        \"online\": false\n    },\n    {\n        \"programId\": 1514,\n        \"programName\": \"Int\",\n        \"programDescription\": \"Integer\",\n        \"online\": true\n    },\n    {\n        \"programId\": 1557,\n        \"programName\": \"cucumber learning modified\",\n        \"programDescription\": \"cucumber learning\",\n        \"online\": false\n    },\n    {\n        \"programId\": 555,\n        \"programName\": \"selenium\",\n        \"programDescription\": \"selenium for automating scripts\",\n        \"online\": true\n    },\n    {\n        \"programId\": 1515,\n        \"programName\": \"string\",\n        \"programDescription\": \"string\",\n        \"online\": true\n    },\n    {\n        \"programId\": 1516,\n        \"programName\": \"string\",\n        \"programDescription\": \"string\",\n        \"online\": true\n    },\n    {\n        \"programId\": 1585,\n        \"programName\": \"Test\",\n        \"programDescription\": \"C6\",\n        \"online\": true\n    },\n    {\n        \"programId\": 1518,\n        \"programName\": \"string\",\n        \"programDescription\": \"string\",\n        \"online\": true\n    },\n    {\n        \"programId\": 1519,\n        \"programName\": \"string\",\n        \"programDescription\": \"string\",\n        \"online\": true\n    },\n    {\n        \"programId\": 1520,\n        \"programName\": \"70\",\n        \"programDescription\": \"70\",\n        \"online\": true\n    },\n    {\n        \"programId\": 1522,\n        \"programName\": \"New user1\",\n        \"programDescription\": \"Second new user2\",\n        \"online\": true\n    },\n    {\n        \"programId\": 1523,\n        \"programName\": \"New check1\",\n        \"programDescription\": \"\",\n        \"online\": true\n    },\n    {\n        \"programId\": 1524,\n        \"programName\": \"string\",\n        \"programDescription\": \"string1\",\n        \"online\": true\n    },\n    {\n        \"programId\": 1525,\n        \"programName\": \"string\",\n        \"programDescription\": \"string1\",\n        \"online\": true\n    },\n    {\n        \"programId\": 1526,\n        \"programName\": \"string\",\n        \"programDescription\": \"string1\",\n        \"online\": true\n    },\n    {\n        \"programId\": 1527,\n        \"programName\": \"string\",\n        \"programDescription\": \"string1\",\n        \"online\": true\n    },\n    {\n        \"programId\": 1529,\n        \"programName\": \"string\",\n        \"programDescription\": \"string1\",\n        \"online\": true\n    },\n    {\n        \"programId\": 1415,\n        \"programName\": \"Testing modified\",\n        \"programDescription\": \"SDET 17\",\n        \"online\": true\n    },\n    {\n        \"programId\": 1530,\n        \"programName\": \"this\",\n        \"programDescription\": \"SDET-Testing-16\",\n        \"online\": true\n    },\n    {\n        \"programId\": 1531,\n        \"programName\": \"this is\",\n        \"programDescription\": \"SDET-Testing-16\",\n        \"online\": true\n    },\n    {\n        \"programId\": 1532,\n        \"programName\": \"ML\",\n        \"programDescription\": \"Datascience\",\n        \"online\": true\n    },\n    {\n        \"programId\": 1533,\n        \"programName\": \"string\",\n        \"programDescription\": \"string\",\n        \"online\": true\n    },\n    {\n        \"programId\": 1535,\n        \"programName\": \"JAVA 280 for testing\",\n        \"programDescription\": \"JAVA 280 for testing by shuba\",\n        \"online\": false\n    },\n    {\n        \"programId\": 1536,\n        \"programName\": \"string\",\n        \"programDescription\": \"string\",\n        \"online\": true\n    },\n    {\n        \"programId\": 1537,\n        \"programName\": \"dcdstring\",\n        \"programDescription\": \"string\",\n        \"online\": true\n    },\n    {\n        \"programId\": 1538,\n        \"programName\": \"online filed testing\",\n        \"programDescription\": \"entered with numbers\",\n        \"online\": true\n    },\n    {\n        \"programId\": 1539,\n        \"programName\": \"multiple digit testing\",\n        \"programDescription\": \"programId testing\",\n        \"online\": true\n    },\n    {\n        \"programId\": 1540,\n        \"programName\": \"aliqu\",\n        \"programDescription\": \"nisi proident sit\",\n        \"online\": true\n    },\n    {\n        \"programId\": 1534,\n        \"programName\": \"Testing modified monika 73\",\n        \"programDescription\": \"Testing modified 73\",\n        \"online\": true\n    },\n    {\n        \"programId\": 1541,\n        \"programName\": \"Testing modified monika 73\",\n        \"programDescription\": \"Testing modified 73\",\n        \"online\": true\n    },\n    {\n        \"programId\": 1543,\n        \"programName\": \"JAVA 280 for testing\",\n        \"programDescription\": \"JAVA 280 for testing by shuba\",\n        \"online\": false\n    },\n    {\n        \"programId\": 1544,\n        \"programName\": \"JAVA 280 for testing\",\n        \"programDescription\": \"JAVA 280 for testing by shuba\",\n        \"online\": false\n    },\n    {\n        \"programId\": 1545,\n        \"programName\": \"JAVA 280 for testing\",\n        \"programDescription\": \"JAVA 280 for testing by shuba\",\n        \"online\": false\n    },\n    {\n        \"programId\": 1546,\n        \"programName\": \"JAVA 280 for testing\",\n        \"programDescription\": \"JAVA 280 for testing by shuba\",\n        \"online\": false\n    },\n    {\n        \"programId\": 1547,\n        \"programName\": \"JAVA 280 for testing\",\n        \"programDescription\": \"JAVA 280 for testing by shuba\",\n        \"online\": false\n    },\n    {\n        \"programId\": 1559,\n        \"programName\": \"cucumber learning modified\",\n        \"programDescription\": \"cucumber learning\",\n        \"online\": false\n    },\n    {\n        \"programId\": 1561,\n        \"programName\": \"cucumber learning modified\",\n        \"programDescription\": \"cucumber learning\",\n        \"online\": false\n    },\n    {\n        \"programId\": 1570,\n        \"programName\": \"s1\",\n        \"programDescription\": \"s1\",\n        \"online\": true\n    },\n    {\n        \"programId\": 1564,\n        \"programName\": \"current check\",\n        \"programDescription\": \"current check\",\n        \"online\": true\n    },\n    {\n        \"programId\": 1569,\n        \"programName\": \"collection run\",\n        \"programDescription\": \"collection run\",\n        \"online\": true\n    },\n    {\n        \"programId\": 1571,\n        \"programName\": \"s2\",\n        \"programDescription\": \"s2\",\n        \"online\": true\n    },\n    {\n        \"programId\": 1573,\n        \"programName\": \"s3\",\n        \"programDescription\": \"s3\",\n        \"online\": true\n    },\n    {\n        \"programId\": 1574,\n        \"programName\": \"s4\",\n        \"programDescription\": \"s4\",\n        \"online\": true\n    },\n    {\n        \"programId\": 1575,\n        \"programName\": \"string\",\n        \"programDescription\": \"string\",\n        \"online\": true\n    },\n    {\n        \"programId\": 1576,\n        \"programName\": \"newstring\",\n        \"programDescription\": \"string\",\n        \"online\": true\n    },\n    {\n        \"programId\": 1580,\n        \"programName\": \"123\",\n        \"programDescription\": \"\",\n        \"online\": true\n    },\n    {\n        \"programId\": 1582,\n        \"programName\": \"333\",\n        \"programDescription\": \"\",\n        \"online\": true\n    },\n    {\n        \"programId\": 1584,\n        \"programName\": \"33\",\n        \"programDescription\": \"\",\n        \"online\": true\n    },\n    {\n        \"programId\": 1542,\n        \"programName\": \"fdgfdhfdhg field testing\",\n        \"programDescription\": \"da45656ssh\",\n        \"online\": true\n    },\n    {\n        \"programId\": 1587,\n        \"programName\": \"c7\",\n        \"programDescription\": \"\",\n        \"online\": false\n    },\n    {\n        \"programId\": 1586,\n        \"programName\": \"c7\",\n        \"programDescription\": \"\",\n        \"online\": false\n    },\n    {\n        \"programId\": 1588,\n        \"programName\": \"c7\",\n        \"programDescription\": \"c8\",\n        \"online\": false\n    },\n    {\n        \"programId\": 1589,\n        \"programName\": \"c8\",\n        \"programDescription\": \"c8\",\n        \"online\": false\n    },\n    {\n        \"programId\": 1590,\n        \"programName\": \"erer\",\n        \"programDescription\": \"Cstring\",\n        \"online\": true\n    },\n    {\n        \"programId\": 1455,\n        \"programName\": \"@#$\",\n        \"programDescription\": \"\",\n        \"online\": true\n    },\n    {\n        \"programId\": 750,\n        \"programName\": \"Testing\",\n        \"programDescription\": \"Tseting\",\n        \"online\": true\n    },\n    {\n        \"programId\": 1591,\n        \"programName\": \"erer\",\n        \"programDescription\": \"Cstring\",\n        \"online\": true\n    },\n    {\n        \"programId\": 1592,\n        \"programName\": \"c8\",\n        \"programDescription\": \"c8\",\n        \"online\": false\n    },\n    {\n        \"programId\": 1593,\n        \"programName\": \"string\",\n        \"programDescription\": \"string\",\n        \"online\": true\n    },\n    {\n        \"programId\": 1594,\n        \"programName\": \"c8\",\n        \"programDescription\": \"c8\",\n        \"online\": true\n    },\n    {\n        \"programId\": 1595,\n        \"programName\": \"c8\",\n        \"programDescription\": \"c8\",\n        \"online\": true\n    },\n    {\n        \"programId\": 1596,\n        \"programName\": \"c8\",\n        \"programDescription\": \"c8\",\n        \"online\": true\n    },\n    {\n        \"programId\": 1597,\n        \"programName\": \"c8\",\n        \"programDescription\": \"c8\",\n        \"online\": true\n    },\n    {\n        \"programId\": 1598,\n        \"programName\": \"c8\",\n        \"programDescription\": \"c8\",\n        \"online\": true\n    },\n    {\n        \"programId\": 1599,\n        \"programName\": \"c8\",\n        \"programDescription\": \"c8\",\n        \"online\": true\n    },\n    {\n        \"programId\": 1600,\n        \"programName\": \"c8\",\n        \"programDescription\": \"c8\",\n        \"online\": true\n    },\n    {\n        \"programId\": 3773,\n        \"programName\": \"Spring boot traning\",\n        \"programDescription\": \"Spring Boot\",\n        \"online\": false\n    },\n    {\n        \"programId\": 1602,\n        \"programName\": \"c8\",\n        \"programDescription\": \"c8\",\n        \"online\": true\n    },\n    {\n        \"programId\": 1603,\n        \"programName\": \"c8\",\n        \"programDescription\": \"c8\",\n        \"online\": true\n    },\n    {\n        \"programId\": 1605,\n        \"programName\": \"c8\",\n        \"programDescription\": \"c8\",\n        \"online\": true\n    },\n    {\n        \"programId\": 1606,\n        \"programName\": \"SDET\",\n        \"programDescription\": \"SDET,API,WEB,Mobile,UAT Testing\",\n        \"online\": false\n    },\n    {\n        \"programId\": 1607,\n        \"programName\": \"Adding test record\",\n        \"programDescription\": \"Adding test record\",\n        \"online\": true\n    },\n    {\n        \"programId\": 1608,\n        \"programName\": \"Adding test record\",\n        \"programDescription\": \"Adding test record\",\n        \"online\": false\n    },\n    {\n        \"programId\": 1609,\n        \"programName\": \"Adding test record\",\n        \"programDescription\": \"Adding test record\",\n        \"online\": true\n    },\n    {\n        \"programId\": 1610,\n        \"programName\": \"Adding test record\",\n        \"programDescription\": \"Adding test record\",\n        \"online\": true\n    },\n    {\n        \"programId\": 1611,\n        \"programName\": \"Modified\",\n        \"programDescription\": \"Modified\",\n        \"online\": true\n    },\n    {\n        \"programId\": 1612,\n        \"programName\": \"string\",\n        \"programDescription\": \"string\",\n        \"online\": true\n    },\n    {\n        \"programId\": 1613,\n        \"programName\": \"string\",\n        \"programDescription\": \"this is Megha's testing script\",\n        \"online\": true\n    },\n    {\n        \"programId\": 3774,\n        \"programName\": \"api dev\",\n        \"programDescription\": \"api dev \",\n        \"online\": false\n    },\n    {\n        \"programId\": 1615,\n        \"programName\": \"c8\",\n        \"programDescription\": \"c8\",\n        \"online\": true\n    },\n    {\n        \"programId\": 1616,\n        \"programName\": \"c8\",\n        \"programDescription\": \"c8\",\n        \"online\": true\n    },\n    {\n        \"programId\": 1617,\n        \"programName\": \"Validate Test\",\n        \"programDescription\": \"Validate Test\",\n        \"online\": true\n    },\n    {\n        \"programId\": 1618,\n        \"programName\": \"newstring\",\n        \"programDescription\": \"string\",\n        \"online\": true\n    },\n    {\n        \"programId\": 1708,\n        \"programName\": \"string\",\n        \"programDescription\": \"this is Megha's testing script\",\n        \"online\": true\n    },\n    {\n        \"programId\": 1619,\n        \"programName\": \"newstring\",\n        \"programDescription\": \"update programName\",\n        \"online\": true\n    },\n    {\n        \"programId\": 1641,\n        \"programName\": \"SDET19 Testoct18th\",\n        \"programDescription\": \"SDET19 Testoct18th\",\n        \"online\": false\n    },\n    {\n        \"programId\": 1642,\n        \"programName\": \"nonexisting program id\",\n        \"programDescription\": \"nonexisting program id\",\n        \"online\": true\n    },\n    {\n        \"programId\": 1644,\n        \"programName\": \"string\",\n        \"programDescription\": \"string\",\n        \"online\": true\n    },\n    {\n        \"programId\": 1709,\n        \"programName\": \"Selenium\",\n        \"programDescription\": \"API Testing\",\n        \"online\": true\n    },\n    {\n        \"programId\": 1710,\n        \"programName\": \"swagger_rest_contract_testing\",\n        \"programDescription\": \"API_Change\",\n        \"online\": true\n    },\n    {\n        \"programId\": 7352,\n        \"programName\": \"string\",\n        \"programDescription\": \"string\",\n        \"online\": false\n    },\n    {\n        \"programId\": 7353,\n        \"programName\": \"Angular\",\n        \"programDescription\": \"Wwwwwwwwwwwwwwww\",\n        \"online\": true\n    },\n    {\n        \"programId\": 1721,\n        \"programName\": \"Salesforce Certified Developer\",\n        \"programDescription\": \"Changed by shuba earlier Added by monika from POSTMAN\",\n        \"online\": true\n    },\n    {\n        \"programId\": 1678,\n        \"programName\": \"1678testing\",\n        \"programDescription\": \"string\",\n        \"online\": true\n    },\n    {\n        \"programId\": 1712,\n        \"programName\": \"Selenium\",\n        \"programDescription\": \"API Testing\",\n        \"online\": true\n    },\n    {\n        \"programId\": 1713,\n        \"programName\": \"Random\",\n        \"programDescription\": \"Numbers\",\n        \"online\": true\n    },\n    {\n        \"programId\": 1643,\n        \"programName\": \"0.0009\",\n        \"programDescription\": \"entered with numbers\",\n        \"online\": false\n    },\n    {\n        \"programId\": 1645,\n        \"programName\": \"QA Testing By Baisali_2\",\n        \"programDescription\": \"POSTMAN Swagger Api Testing By Baisali\",\n        \"online\": true\n    },\n    {\n        \"programId\": 1604,\n        \"programName\": \"QA Testing By Baisali_2\",\n        \"programDescription\": \"POSTMAN Swagger Api Testing By Baisali\",\n        \"online\": true\n    },\n    {\n        \"programId\": 1646,\n        \"programName\": \"QA Testing By Baisali_3\",\n        \"programDescription\": \"POSTMAN Swagger Api Testing By Baisali\",\n        \"online\": true\n    },\n    {\n        \"programId\": 1647,\n        \"programName\": \"QA Testing By Baisali_3\",\n        \"programDescription\": \"POSTMAN Swagger Api Testing By Baisali\",\n        \"online\": true\n    },\n    {\n        \"programId\": 1648,\n        \"programName\": \"POSTMAN_Test\",\n        \"programDescription\": \"POSTMAN Swagger Api Testing Done By Baisali\",\n        \"online\": false\n    },\n    {\n        \"programId\": 1649,\n        \"programName\": \"POSTMAN_Test\",\n        \"programDescription\": \"POSTMAN Swagger Api Testing Done By Baisali\",\n        \"online\": false\n    },\n    {\n        \"programId\": 1650,\n        \"programName\": \"Postman Test-1\",\n        \"programDescription\": \"POSTMAN Swagger Api Testing Done By Baisali\",\n        \"online\": true\n    },\n    {\n        \"programId\": 1651,\n        \"programName\": \"SDET19 Testoct18th\",\n        \"programDescription\": \"SDET19 Testoct18th\",\n        \"online\": false\n    },\n    {\n        \"programId\": 1652,\n        \"programName\": \"SDET\",\n        \"programDescription\": \"SDET,API,WEB,Mobile,UAT Testing\",\n        \"online\": false\n    },\n    {\n        \"programId\": 1653,\n        \"programName\": \"PostTest SDET19SAV\",\n        \"programDescription\": \"PostTest SDET19SAV DESC\",\n        \"online\": true\n    },\n    {\n        \"programId\": 1654,\n        \"programName\": \"PostTest SDET19SAV\",\n        \"programDescription\": \"PostTest SDET19SAV DESC\",\n        \"online\": true\n    },\n    {\n        \"programId\": 1655,\n        \"programName\": \"c8\",\n        \"programDescription\": \"c8\",\n        \"online\": true\n    },\n    {\n        \"programId\": 1656,\n        \"programName\": \"Validate Test\",\n        \"programDescription\": \"Validate Test\",\n        \"online\": true\n    },\n    {\n        \"programId\": 1657,\n        \"programName\": \"Validate Test\",\n        \"programDescription\": \"Validate Test\",\n        \"online\": true\n    },\n    {\n        \"programId\": 1658,\n        \"programName\": \"Gherkin\",\n        \"programDescription\": \"string\",\n        \"online\": true\n    },\n    {\n        \"programId\": 1659,\n        \"programName\": \"this is\",\n        \"programDescription\": \"SDET-Testing-16\",\n        \"online\": true\n    },\n    {\n        \"programId\": 1660,\n        \"programName\": \"this is\",\n        \"programDescription\": \"SDET-Testing-16\",\n        \"online\": true\n    },\n    {\n        \"programId\": 1661,\n        \"programName\": \"this is\",\n        \"programDescription\": \"SDET-Testing-16\",\n        \"online\": true\n    },\n    {\n        \"programId\": 1662,\n        \"programName\": \"string\",\n        \"programDescription\": \"string\",\n        \"online\": true\n    },\n    {\n        \"programId\": 1663,\n        \"programName\": \"string\",\n        \"programDescription\": \"string\",\n        \"online\": true\n    },\n    {\n        \"programId\": 1664,\n        \"programName\": \"string\",\n        \"programDescription\": \"this is Megha's testing script\",\n        \"online\": true\n    },\n    {\n        \"programId\": 1665,\n        \"programName\": \"string\",\n        \"programDescription\": \"this is Megha's testing script\",\n        \"online\": true\n    },\n    {\n        \"programId\": 1666,\n        \"programName\": \"JAVA 280 for testing\",\n        \"programDescription\": \"JAVA 280 for testing by shuba\",\n        \"online\": false\n    },\n    {\n        \"programId\": 1667,\n        \"programName\": \"JAVA 280 for testing\",\n        \"programDescription\": \"JAVA 280 for testing by shuba\",\n        \"online\": false\n    },\n    {\n        \"programId\": 1668,\n        \"programName\": \"SDET19 Testoct18th\",\n        \"programDescription\": \"SDET19 Testoct18th\",\n        \"online\": false\n    },\n    {\n        \"programId\": 1669,\n        \"programName\": \"JAVA 280 for testing\",\n        \"programDescription\": \"JAVA 280 for testing by shuba\",\n        \"online\": false\n    },\n    {\n        \"programId\": 1671,\n        \"programName\": \"online field testing\",\n        \"programDescription\": \"entermbers\",\n        \"online\": true\n    },\n    {\n        \"programId\": 1672,\n        \"programName\": \"online field testing\",\n        \"programDescription\": \"entermbers\",\n        \"online\": true\n    },\n    {\n        \"programId\": 1674,\n        \"programName\": \"online field testing\",\n        \"programDescription\": \"dash\",\n        \"online\": true\n    },\n    {\n        \"programId\": 1675,\n        \"programName\": \"Testing\",\n        \"programDescription\": \"Testing\",\n        \"online\": true\n    },\n    {\n        \"programId\": 1676,\n        \"programName\": \"SDETTTTT-QA\",\n        \"programDescription\": \"Testing-Testing\",\n        \"online\": true\n    },\n    {\n        \"programId\": 1677,\n        \"programName\": \"SDET\",\n        \"programDescription\": \"afhdfhadfh\",\n        \"online\": false\n    },\n    {\n        \"programId\": 1679,\n        \"programName\": \"123JAVA\",\n        \"programDescription\": \"JAVACLASS\",\n        \"online\": true\n    },\n    {\n        \"programId\": 1680,\n        \"programName\": \"JAVA\",\n        \"programDescription\": \"JAVACLASS\",\n        \"online\": true\n    },\n    {\n        \"programId\": 1681,\n        \"programName\": \"JAVA\",\n        \"programDescription\": \"JAVACLASS\",\n        \"online\": false\n    },\n    {\n        \"programId\": 1682,\n        \"programName\": \"c8\",\n        \"programDescription\": \"c8\",\n        \"online\": true\n    },\n    {\n        \"programId\": 1683,\n        \"programName\": \"JAVA\",\n        \"programDescription\": \"JAVACLASS\",\n        \"online\": true\n    },\n    {\n        \"programId\": 1686,\n        \"programName\": \"c8\",\n        \"programDescription\": \"c8\",\n        \"online\": true\n    },\n    {\n        \"programId\": 1687,\n        \"programName\": \"online field testing\",\n        \"programDescription\": \"entered with numbers\",\n        \"online\": true\n    },\n    {\n        \"programId\": 1688,\n        \"programName\": \"online field testing\",\n        \"programDescription\": \"entered with numbers\",\n        \"online\": true\n    },\n    {\n        \"programId\": 1689,\n        \"programName\": \"online field testing\",\n        \"programDescription\": \"entered with numbers\",\n        \"online\": true\n    },\n    {\n        \"programId\": 1690,\n        \"programName\": \"online field testing\",\n        \"programDescription\": \"entered with numbers\",\n        \"online\": true\n    },\n    {\n        \"programId\": 1691,\n        \"programName\": \"c8\",\n        \"programDescription\": \"c8\",\n        \"online\": true\n    },\n    {\n        \"programId\": 1692,\n        \"programName\": \"online field testing\",\n        \"programDescription\": \"dasdfsafssh\",\n        \"online\": true\n    },\n    {\n        \"programId\": 1693,\n        \"programName\": \"online field testing\",\n        \"programDescription\": \"da45656ssh\",\n        \"online\": true\n    },\n    {\n        \"programId\": 1694,\n        \"programName\": \"online field testing\",\n        \"programDescription\": \"da45656ssh\",\n        \"online\": true\n    },\n    {\n        \"programId\": 1695,\n        \"programName\": \"online field testing\",\n        \"programDescription\": \"da45656ssh\",\n        \"online\": true\n    },\n    {\n        \"programId\": 1696,\n        \"programName\": \"PostTest SDET19SAV\",\n        \"programDescription\": \"PostTest SDET19SAV DESC\",\n        \"online\": true\n    },\n    {\n        \"programId\": 1697,\n        \"programName\": \"PostTest SDET19SAV\",\n        \"programDescription\": \"PostTest SDET19SAV DESC\",\n        \"online\": true\n    },\n    {\n        \"programId\": 1698,\n        \"programName\": \"PostTest SDET19SAV\",\n        \"programDescription\": \"PostTest SDET19SAV DESC\",\n        \"online\": true\n    },\n    {\n        \"programId\": 1699,\n        \"programName\": \"PostTest SDET19SAV\",\n        \"programDescription\": \"PostTest SDET19SAV DESC\",\n        \"online\": true\n    },\n    {\n        \"programId\": 1700,\n        \"programName\": \"PostTest SDET19SAV\",\n        \"programDescription\": \"PostTest SDET19SAV DESC\",\n        \"online\": true\n    },\n    {\n        \"programId\": 1701,\n        \"programName\": \"PostTest SDET19SAV\",\n        \"programDescription\": \"PostTest SDET19SAV DESC\",\n        \"online\": true\n    },\n    {\n        \"programId\": 1702,\n        \"programName\": \"online field testing\",\n        \"programDescription\": \"entered with numbers\",\n        \"online\": true\n    },\n    {\n        \"programId\": 1703,\n        \"programName\": \"online field testing\",\n        \"programDescription\": \"entered with numbers\",\n        \"online\": true\n    },\n    {\n        \"programId\": 1704,\n        \"programName\": \"online field testing\",\n        \"programDescription\": \"entered with numbers\",\n        \"online\": true\n    },\n    {\n        \"programId\": 1705,\n        \"programName\": \"41848514581\",\n        \"programDescription\": \"entered with numbers\",\n        \"online\": true\n    },\n    {\n        \"programId\": 1706,\n        \"programName\": \"41848514581\",\n        \"programDescription\": \"entered with numbers\",\n        \"online\": true\n    },\n    {\n        \"programId\": 1707,\n        \"programName\": \"online field testing\",\n        \"programDescription\": \"entered with numbers\",\n        \"online\": true\n    },\n    {\n        \"programId\": 1714,\n        \"programName\": \"Salesforce Certified Develope\",\n        \"programDescription\": \"Developer required\",\n        \"online\": true\n    },\n    {\n        \"programId\": 1715,\n        \"programName\": \"Salesforce Certified Develope Modified\",\n        \"programDescription\": \"Developer required Modified\",\n        \"online\": false\n    },\n    {\n        \"programId\": 1716,\n        \"programName\": \"SDET\",\n        \"programDescription\": \"SDET required\",\n        \"online\": true\n    },\n    {\n        \"programId\": 1717,\n        \"programName\": \"SDET Modified\",\n        \"programDescription\": \"SDET required Modified\",\n        \"online\": false\n    },\n    {\n        \"programId\": 1718,\n        \"programName\": \"program name\",\n        \"programDescription\": \"program name required\",\n        \"online\": false\n    },\n    {\n        \"programId\": 1719,\n        \"programName\": \"program name Modified\",\n        \"programDescription\": \"program name required Modified\",\n        \"online\": false\n    },\n    {\n        \"programId\": 1722,\n        \"programName\": \"existing programid\",\n        \"programDescription\": \"Changed by shuba earlier Added by monika from POSTMAN\",\n        \"online\": true\n    },\n    {\n        \"programId\": 1723,\n        \"programName\": \"1233existing programid\",\n        \"programDescription\": \"Changed by shuba earlier Added by monika from POSTMAN\",\n        \"online\": true\n    },\n    {\n        \"programId\": 1724,\n        \"programName\": \"null programid\",\n        \"programDescription\": \"Changed by shuba earlier Added by monika from POSTMAN\",\n        \"online\": true\n    },\n    {\n        \"programId\": 1725,\n        \"programName\": \"Test check\",\n        \"programDescription\": \"Test check\",\n        \"online\": true\n    },\n    {\n        \"programId\": 1727,\n        \"programName\": \"multiple digit testing\",\n        \"programDescription\": \"programId testing\",\n        \"online\": true\n    },\n    {\n        \"programId\": 1728,\n        \"programName\": \"multiple digit testing\",\n        \"programDescription\": \"programId testing\",\n        \"online\": true\n    },\n    {\n        \"programId\": 1729,\n        \"programName\": \"Test check\",\n        \"programDescription\": \"Test check\",\n        \"online\": true\n    },\n    {\n        \"programId\": 1730,\n        \"programName\": \"multiple digit testing\",\n        \"programDescription\": \"programId testing\",\n        \"online\": true\n    },\n    {\n        \"programId\": 1731,\n        \"programName\": \"multiple digit testing\",\n        \"programDescription\": \"programId testing\",\n        \"online\": true\n    },\n    {\n        \"programId\": 1732,\n        \"programName\": \"multiple digit testing\",\n        \"programDescription\": \"programId testing\",\n        \"online\": true\n    },\n    {\n        \"programId\": 1733,\n        \"programName\": \"online filed testing\",\n        \"programDescription\": \"entered with numbers\",\n        \"online\": true\n    },\n    {\n        \"programId\": 1734,\n        \"programName\": \"SDET19 Testoct18th New\",\n        \"programDescription\": \"SDET19 Testoct18th New\",\n        \"online\": false\n    },\n    {\n        \"programId\": 1735,\n        \"programName\": \"hhhmmmmh\",\n        \"programDescription\": \"stringssssskkk\",\n        \"online\": false\n    },\n    {\n        \"programId\": 1740,\n        \"programName\": \"string\",\n        \"programDescription\": \"string\",\n        \"online\": true\n    },\n    {\n        \"programId\": 7354,\n        \"programName\": \"Angular\",\n        \"programDescription\": \"Wwwwwwwwwwwwwwww\",\n        \"online\": true\n    },\n    {\n        \"programId\": 1742,\n        \"programName\": \"yrutiyreiut\",\n        \"programDescription\": \"nnnn\",\n        \"online\": true\n    },\n    {\n        \"programId\": 1850,\n        \"programName\": \"string\",\n        \"programDescription\": \"string\",\n        \"online\": true\n    },\n    {\n        \"programId\": 1851,\n        \"programName\": \"string\",\n        \"programDescription\": \"string\",\n        \"online\": true\n    },\n    {\n        \"programId\": 1852,\n        \"programName\": \"string\",\n        \"programDescription\": \"string\",\n        \"online\": true\n    },\n    {\n        \"programId\": 1853,\n        \"programName\": \"string\",\n        \"programDescription\": \"string\",\n        \"online\": true\n    },\n    {\n        \"programId\": 1854,\n        \"programName\": \"string\",\n        \"programDescription\": \"string\",\n        \"online\": true\n    },\n    {\n        \"programId\": 1743,\n        \"programName\": \"JAVA 280 for testing\",\n        \"programDescription\": \"JAVA 280 for testing by shuba\",\n        \"online\": false\n    },\n    {\n        \"programId\": 1744,\n        \"programName\": \"Testing_Types\",\n        \"programDescription\": \"Regression Testing\",\n        \"online\": true\n    },\n    {\n        \"programId\": 1745,\n        \"programName\": \"online field testing with postman\",\n        \"programDescription\": \"entered with numbers\",\n        \"online\": true\n    },\n    {\n        \"programId\": 1746,\n        \"programName\": \"online testing\",\n        \"programDescription\": \"entered with numbers\",\n        \"online\": true\n    },\n    {\n        \"programId\": 1747,\n        \"programName\": \"string\",\n        \"programDescription\": \"string\",\n        \"online\": true\n    },\n    {\n        \"programId\": 1748,\n        \"programName\": \"Bigdata\",\n        \"programDescription\": \"Yellow\",\n        \"online\": true\n    },\n    {\n        \"programId\": 1749,\n        \"programName\": \"Validate Test\",\n        \"programDescription\": \"Validate Test\",\n        \"online\": true\n    },\n    {\n        \"programId\": 1750,\n        \"programName\": \"SDET\",\n        \"programDescription\": \"afhdfhadfh\",\n        \"online\": false\n    },\n    {\n        \"programId\": 1751,\n        \"programName\": \"SDET\",\n        \"programDescription\": \"afhdfhadfh\",\n        \"online\": false\n    },\n    {\n        \"programId\": 1752,\n        \"programName\": \"SDET\",\n        \"programDescription\": \"afhdfhadfh\",\n        \"online\": false\n    },\n    {\n        \"programId\": 1753,\n        \"programName\": \"SDET\",\n        \"programDescription\": \"afhdfhadfh\",\n        \"online\": false\n    },\n    {\n        \"programId\": 1754,\n        \"programName\": \"SDET\",\n        \"programDescription\": \"afhdfhadfh\",\n        \"online\": false\n    },\n    {\n        \"programId\": 1755,\n        \"programName\": \"SDET\",\n        \"programDescription\": \"afhdfhadfh\",\n        \"online\": false\n    },\n    {\n        \"programId\": 1756,\n        \"programName\": \"string\",\n        \"programDescription\": \"string\",\n        \"online\": true\n    },\n    {\n        \"programId\": 1757,\n        \"programName\": \"string\",\n        \"programDescription\": \"string\",\n        \"online\": true\n    },\n    {\n        \"programId\": 1758,\n        \"programName\": \"string\",\n        \"programDescription\": \"string\",\n        \"online\": true\n    },\n    {\n        \"programId\": 1759,\n        \"programName\": \"Testing\",\n        \"programDescription\": \"Testing\",\n        \"online\": true\n    },\n    {\n        \"programId\": 1760,\n        \"programName\": \"Testing\",\n        \"programDescription\": \"Testing\",\n        \"online\": true\n    },\n    {\n        \"programId\": 1761,\n        \"programName\": \"Testing\",\n        \"programDescription\": \"Testing\",\n        \"online\": true\n    },\n    {\n        \"programId\": 1762,\n        \"programName\": \"string\",\n        \"programDescription\": \"string\",\n        \"online\": true\n    },\n    {\n        \"programId\": 1763,\n        \"programName\": \"string\",\n        \"programDescription\": \"string\",\n        \"online\": true\n    },\n    {\n        \"programId\": 1764,\n        \"programName\": \"string\",\n        \"programDescription\": \"string\",\n        \"online\": true\n    },\n    {\n        \"programId\": 1765,\n        \"programName\": \"string\",\n        \"programDescription\": \"string\",\n        \"online\": true\n    },\n    {\n        \"programId\": 1766,\n        \"programName\": \"Testing\",\n        \"programDescription\": \"Testing\",\n        \"online\": true\n    },\n    {\n        \"programId\": 1767,\n        \"programName\": \"Testing\",\n        \"programDescription\": \"Testing005\",\n        \"online\": true\n    },\n    {\n        \"programId\": 1768,\n        \"programName\": \"Testing\",\n        \"programDescription\": \"Testing\",\n        \"online\": true\n    },\n    {\n        \"programId\": 1769,\n        \"programName\": \"string\",\n        \"programDescription\": \"string\",\n        \"online\": true\n    },\n    {\n        \"programId\": 1770,\n        \"programName\": \"string\",\n        \"programDescription\": \"Testing\",\n        \"online\": true\n    },\n    {\n        \"programId\": 1771,\n        \"programName\": \"string\",\n        \"programDescription\": \"Testing\",\n        \"online\": true\n    },\n    {\n        \"programId\": 1772,\n        \"programName\": \"string\",\n        \"programDescription\": \"Testing\",\n        \"online\": true\n    },\n    {\n        \"programId\": 1773,\n        \"programName\": \"string\",\n        \"programDescription\": \"string\",\n        \"online\": true\n    },\n    {\n        \"programId\": 1774,\n        \"programName\": \"Testing modified\",\n        \"programDescription\": \"Testing modified\",\n        \"online\": true\n    },\n    {\n        \"programId\": 1775,\n        \"programName\": \"Testing modified\",\n        \"programDescription\": \"Testing modified\",\n        \"online\": true\n    },\n    {\n        \"programId\": 1776,\n        \"programName\": \"Testing modified\",\n        \"programDescription\": \"Testing modified\",\n        \"online\": true\n    },\n    {\n        \"programId\": 1777,\n        \"programName\": \"Testing modified\",\n        \"programDescription\": \"Testing modified\",\n        \"online\": true\n    },\n    {\n        \"programId\": 1778,\n        \"programName\": \"Testing modified\",\n        \"programDescription\": \"Testing modified\",\n        \"online\": true\n    },\n    {\n        \"programId\": 1779,\n        \"programName\": \"string\",\n        \"programDescription\": \"Testing\",\n        \"online\": true\n    },\n    {\n        \"programId\": 1780,\n        \"programName\": \"string\",\n        \"programDescription\": \"Testing\",\n        \"online\": true\n    },\n    {\n        \"programId\": 1782,\n        \"programName\": \"string\",\n        \"programDescription\": \"Testing\",\n        \"online\": true\n    },\n    {\n        \"programId\": 1783,\n        \"programName\": \"string\",\n        \"programDescription\": \"Testing\",\n        \"online\": true\n    },\n    {\n        \"programId\": 1784,\n        \"programName\": \"string\",\n        \"programDescription\": \"Testing\",\n        \"online\": true\n    },\n    {\n        \"programId\": 1785,\n        \"programName\": \"string\",\n        \"programDescription\": \"Testing\",\n        \"online\": true\n    },\n    {\n        \"programId\": 1786,\n        \"programName\": \"string\",\n        \"programDescription\": \"Testing\",\n        \"online\": true\n    },\n    {\n        \"programId\": 1787,\n        \"programName\": \"string\",\n        \"programDescription\": \"Testing\",\n        \"online\": true\n    },\n    {\n        \"programId\": 1788,\n        \"programName\": \"string\",\n        \"programDescription\": \"Testing\",\n        \"online\": true\n    },\n    {\n        \"programId\": 1789,\n        \"programName\": \"Testing modified\",\n        \"programDescription\": \"Testing modified from Postman\",\n        \"online\": true\n    },\n    {\n        \"programId\": 3832,\n        \"programName\": \"Selenium Scrapper Project Modified\",\n        \"programDescription\": \"Selenium completed batches start automation Modified\",\n        \"online\": false\n    },\n    {\n        \"programId\": 1791,\n        \"programName\": \"Testing modified\",\n        \"programDescription\": \"Testing modified from Postman\",\n        \"online\": true\n    },\n    {\n        \"programId\": 1792,\n        \"programName\": \"Testing modified\",\n        \"programDescription\": \"Testing modified from Postman\",\n        \"online\": true\n    },\n    {\n        \"programId\": 1793,\n        \"programName\": \"Testing modified\",\n        \"programDescription\": \"Testing modified from Postman\",\n        \"online\": true\n    },\n    {\n        \"programId\": 1794,\n        \"programName\": \"Testing modified\",\n        \"programDescription\": \"Testing modified from Postman\",\n        \"online\": true\n    },\n    {\n        \"programId\": 1795,\n        \"programName\": \"Testing modified\",\n        \"programDescription\": \"Testing modified from Postman\",\n        \"online\": true\n    },\n    {\n        \"programId\": 1796,\n        \"programName\": \"Testing modified\",\n        \"programDescription\": \"Testing modified from Postman\",\n        \"online\": true\n    },\n    {\n        \"programId\": 1797,\n        \"programName\": \"Testing modified\",\n        \"programDescription\": \"Testing modified from Postman\",\n        \"online\": true\n    },\n    {\n        \"programId\": 1799,\n        \"programName\": \"string\",\n        \"programDescription\": \"string\",\n        \"online\": true\n    },\n    {\n        \"programId\": 1801,\n        \"programName\": \"string\",\n        \"programDescription\": \"string\",\n        \"online\": true\n    },\n    {\n        \"programId\": 1804,\n        \"programName\": \"string\",\n        \"programDescription\": \"string\",\n        \"online\": true\n    },\n    {\n        \"programId\": 1805,\n        \"programName\": \"string\",\n        \"programDescription\": \"string\",\n        \"online\": true\n    },\n    {\n        \"programId\": 1806,\n        \"programName\": \"string\",\n        \"programDescription\": \"string\",\n        \"online\": true\n    },\n    {\n        \"programId\": 1807,\n        \"programName\": \"string\",\n        \"programDescription\": \"string\",\n        \"online\": true\n    },\n    {\n        \"programId\": 1808,\n        \"programName\": \"string\",\n        \"programDescription\": \"string\",\n        \"online\": true\n    },\n    {\n        \"programId\": 1809,\n        \"programName\": \"string\",\n        \"programDescription\": \"string\",\n        \"online\": true\n    },\n    {\n        \"programId\": 1810,\n        \"programName\": \"string\",\n        \"programDescription\": \"string\",\n        \"online\": true\n    },\n    {\n        \"programId\": 1811,\n        \"programName\": \"string\",\n        \"programDescription\": \"Hello\",\n        \"online\": true\n    },\n    {\n        \"programId\": 1812,\n        \"programName\": \"string\",\n        \"programDescription\": \"string\",\n        \"online\": true\n    },\n    {\n        \"programId\": 1813,\n        \"programName\": \"string\",\n        \"programDescription\": \"string\",\n        \"online\": true\n    },\n    {\n        \"programId\": 1814,\n        \"programName\": \"Java training\",\n        \"programDescription\": \"Java programmer\",\n        \"online\": true\n    },\n    {\n        \"programId\": 1815,\n        \"programName\": \"Java training\",\n        \"programDescription\": \"Java programmer\",\n        \"online\": true\n    },\n    {\n        \"programId\": 1816,\n        \"programName\": \"Java training\",\n        \"programDescription\": \"Java programmer\",\n        \"online\": true\n    },\n    {\n        \"programId\": 1817,\n        \"programName\": \"Java training\",\n        \"programDescription\": \"Java programmer\",\n        \"online\": true\n    },\n    {\n        \"programId\": 1818,\n        \"programName\": \"string\",\n        \"programDescription\": \"string\",\n        \"online\": true\n    },\n    {\n        \"programId\": 1819,\n        \"programName\": \"string\",\n        \"programDescription\": \"HDstring\",\n        \"online\": true\n    },\n    {\n        \"programId\": 1820,\n        \"programName\": \"string\",\n        \"programDescription\": \"HDstring\",\n        \"online\": true\n    },\n    {\n        \"programId\": 1821,\n        \"programName\": \"string\",\n        \"programDescription\": \"HDstring\",\n        \"online\": true\n    },\n    {\n        \"programId\": 1822,\n        \"programName\": \"string\",\n        \"programDescription\": \"HDstring\",\n        \"online\": true\n    },\n    {\n        \"programId\": 1823,\n        \"programName\": \"string\",\n        \"programDescription\": \"HDstring\",\n        \"online\": true\n    },\n    {\n        \"programId\": 1824,\n        \"programName\": \"string\",\n        \"programDescription\": \"string\",\n        \"online\": true\n    },\n    {\n        \"programId\": 1825,\n        \"programName\": \"string\",\n        \"programDescription\": \"string\",\n        \"online\": true\n    },\n    {\n        \"programId\": 1826,\n        \"programName\": \"string\",\n        \"programDescription\": \"string\",\n        \"online\": true\n    },\n    {\n        \"programId\": 1827,\n        \"programName\": \"string\",\n        \"programDescription\": \"string\",\n        \"online\": true\n    },\n    {\n        \"programId\": 1828,\n        \"programName\": \"string\",\n        \"programDescription\": \"string\",\n        \"online\": true\n    },\n    {\n        \"programId\": 1829,\n        \"programName\": \"string\",\n        \"programDescription\": \"string\",\n        \"online\": true\n    },\n    {\n        \"programId\": 1830,\n        \"programName\": \"string\",\n        \"programDescription\": \"string\",\n        \"online\": true\n    },\n    {\n        \"programId\": 1831,\n        \"programName\": \"string\",\n        \"programDescription\": \"string\",\n        \"online\": true\n    },\n    {\n        \"programId\": 1832,\n        \"programName\": \"string\",\n        \"programDescription\": \"string\",\n        \"online\": true\n    },\n    {\n        \"programId\": 1833,\n        \"programName\": \"string\",\n        \"programDescription\": \"string\",\n        \"online\": true\n    },\n    {\n        \"programId\": 1834,\n        \"programName\": \"string\",\n        \"programDescription\": \"string\",\n        \"online\": true\n    },\n    {\n        \"programId\": 1835,\n        \"programName\": \"string\",\n        \"programDescription\": \"string\",\n        \"online\": true\n    },\n    {\n        \"programId\": 1836,\n        \"programName\": \"new string\",\n        \"programDescription\": \" new string\",\n        \"online\": true\n    },\n    {\n        \"programId\": 1837,\n        \"programName\": \"new string\",\n        \"programDescription\": \" new string\",\n        \"online\": true\n    },\n    {\n        \"programId\": 1838,\n        \"programName\": \"new string\",\n        \"programDescription\": \" new string\",\n        \"online\": true\n    },\n    {\n        \"programId\": 1839,\n        \"programName\": \"new string\",\n        \"programDescription\": \" new string\",\n        \"online\": true\n    },\n    {\n        \"programId\": 1840,\n        \"programName\": \"new string\",\n        \"programDescription\": \" new string\",\n        \"online\": true\n    },\n    {\n        \"programId\": 1841,\n        \"programName\": \"new string\",\n        \"programDescription\": \" new string\",\n        \"online\": true\n    },\n    {\n        \"programId\": 1842,\n        \"programName\": \"string\",\n        \"programDescription\": \"string\",\n        \"online\": true\n    },\n    {\n        \"programId\": 1843,\n        \"programName\": \"string\",\n        \"programDescription\": \"string\",\n        \"online\": true\n    },\n    {\n        \"programId\": 1845,\n        \"programName\": \"string\",\n        \"programDescription\": \"hello string\",\n        \"online\": true\n    },\n    {\n        \"programId\": 1846,\n        \"programName\": \"string\",\n        \"programDescription\": \"hello string\",\n        \"online\": true\n    },\n    {\n        \"programId\": 1847,\n        \"programName\": \"string\",\n        \"programDescription\": \"hello string\",\n        \"online\": true\n    },\n    {\n        \"programId\": 1848,\n        \"programName\": \"string\",\n        \"programDescription\": \"hello string\",\n        \"online\": true\n    },\n    {\n        \"programId\": 1855,\n        \"programName\": \"stringjlkklklk\",\n        \"programDescription\": \"stringjkj\",\n        \"online\": true\n    },\n    {\n        \"programId\": 1857,\n        \"programName\": \"stringkjk\",\n        \"programDescription\": \"string\",\n        \"online\": true\n    },\n    {\n        \"programId\": 1858,\n        \"programName\": \"SDET24\",\n        \"programDescription\": \"SDET24\",\n        \"online\": true\n    },\n    {\n        \"programId\": 1859,\n        \"programName\": \"online field testing\",\n        \"programDescription\": \"entered with numbers\",\n        \"online\": true\n    },\n    {\n        \"programId\": 1860,\n        \"programName\": \"online field testing\",\n        \"programDescription\": \"entered with numbers\",\n        \"online\": true\n    },\n    {\n        \"programId\": 1861,\n        \"programName\": \"TATA\",\n        \"programDescription\": \"TATA workshop\",\n        \"online\": true\n    },\n    {\n        \"programId\": 1862,\n        \"programName\": \"TATA\",\n        \"programDescription\": \"TATA workshop\",\n        \"online\": true\n    },\n    {\n        \"programId\": 1863,\n        \"programName\": \"Java training\",\n        \"programDescription\": \"Java programmer\",\n        \"online\": true\n    },\n    {\n        \"programId\": 1864,\n        \"programName\": \"Java training\",\n        \"programDescription\": \"Java programmer\",\n        \"online\": true\n    },\n    {\n        \"programId\": 1865,\n        \"programName\": \"Java training\",\n        \"programDescription\": \"Java programmer\",\n        \"online\": true\n    },\n    {\n        \"programId\": 1736,\n        \"programName\": \"545\",\n        \"programDescription\": \"Numeric program name test\",\n        \"online\": true\n    },\n    {\n        \"programId\": 1844,\n        \"programName\": \"Blank Test\",\n        \"programDescription\": \"\",\n        \"online\": true\n    },\n    {\n        \"programId\": 1868,\n        \"programName\": \"Java training\",\n        \"programDescription\": \"Java programmer\",\n        \"online\": true\n    },\n    {\n        \"programId\": 1869,\n        \"programName\": \"Java training\",\n        \"programDescription\": \"Java programmer\",\n        \"online\": true\n    },\n    {\n        \"programId\": 1871,\n        \"programName\": \"Java training\",\n        \"programDescription\": \"Java programmer\",\n        \"online\": true\n    },\n    {\n        \"programId\": 1872,\n        \"programName\": \"Java training\",\n        \"programDescription\": \"Java programmer\",\n        \"online\": true\n    },\n    {\n        \"programId\": 1873,\n        \"programName\": \"Testing modified\",\n        \"programDescription\": \"Testing modified\",\n        \"online\": true\n    },\n    {\n        \"programId\": 1874,\n        \"programName\": \"SDET\",\n        \"programDescription\": \"SDET,API,WEB,Mobile,UAT Testing\",\n        \"online\": false\n    },\n    {\n        \"programId\": 1875,\n        \"programName\": \"string\",\n        \"programDescription\": \"string\",\n        \"online\": true\n    },\n    {\n        \"programId\": 3779,\n        \"programName\": \"softwaretesting \",\n        \"programDescription\": \"training\",\n        \"online\": true\n    },\n    {\n        \"programId\": 1877,\n        \"programName\": \"string\",\n        \"programDescription\": \"string\",\n        \"online\": true\n    },\n    {\n        \"programId\": 1878,\n        \"programName\": \"string\",\n        \"programDescription\": \"string\",\n        \"online\": true\n    },\n    {\n        \"programId\": 1879,\n        \"programName\": \"string\",\n        \"programDescription\": \"string\",\n        \"online\": true\n    },\n    {\n        \"programId\": 1880,\n        \"programName\": \"string\",\n        \"programDescription\": \"string\",\n        \"online\": true\n    },\n    {\n        \"programId\": 1881,\n        \"programName\": \"string\",\n        \"programDescription\": \"string\",\n        \"online\": true\n    },\n    {\n        \"programId\": 1882,\n        \"programName\": \"23string\",\n        \"programDescription\": \"23string\",\n        \"online\": true\n    },\n    {\n        \"programId\": 1883,\n        \"programName\": \"string\",\n        \"programDescription\": \"qwstring\",\n        \"online\": true\n    },\n    {\n        \"programId\": 1884,\n        \"programName\": \"test22\",\n        \"programDescription\": \"test22\",\n        \"online\": true\n    },\n    {\n        \"programId\": 1885,\n        \"programName\": \"string\",\n        \"programDescription\": \"2string\",\n        \"online\": true\n    },\n    {\n        \"programId\": 1886,\n        \"programName\": \"sjjjtring\",\n        \"programDescription\": \"2string\",\n        \"online\": true\n    },\n    {\n        \"programId\": 1887,\n        \"programName\": \"string\",\n        \"programDescription\": \"string\",\n        \"online\": true\n    },\n    {\n        \"programId\": 1889,\n        \"programName\": \"jhjhkjh \",\n        \"programDescription\": \" \",\n        \"online\": true\n    },\n    {\n        \"programId\": 1891,\n        \"programName\": \" dsada\",\n        \"programDescription\": \" \",\n        \"online\": true\n    },\n    {\n        \"programId\": 1892,\n        \"programName\": \" dsada\",\n        \"programDescription\": \"etwe \",\n        \"online\": true\n    },\n    {\n        \"programId\": 1893,\n        \"programName\": \" dsada\",\n        \"programDescription\": \"etwe \",\n        \"online\": true\n    },\n    {\n        \"programId\": 3780,\n        \"programName\": \"softwaretesting \",\n        \"programDescription\": \"training\",\n        \"online\": true\n    },\n    {\n        \"programId\": 1895,\n        \"programName\": \" dsada\",\n        \"programDescription\": \"etwe \",\n        \"online\": true\n    },\n    {\n        \"programId\": 1896,\n        \"programName\": \" dsada\",\n        \"programDescription\": \"etwe \",\n        \"online\": true\n    },\n    {\n        \"programId\": 1897,\n        \"programName\": \" dsada\",\n        \"programDescription\": \"etwe \",\n        \"online\": true\n    },\n    {\n        \"programId\": 1898,\n        \"programName\": \" dsada\",\n        \"programDescription\": \"etwe \",\n        \"online\": true\n    },\n    {\n        \"programId\": 1899,\n        \"programName\": \" dsada\",\n        \"programDescription\": \"etwe \",\n        \"online\": true\n    },\n    {\n        \"programId\": 1900,\n        \"programName\": \"SDET\",\n        \"programDescription\": \"SDET\",\n        \"online\": true\n    },\n    {\n        \"programId\": 1901,\n        \"programName\": \"SDET\",\n        \"programDescription\": \"SDET\",\n        \"online\": true\n    },\n    {\n        \"programId\": 1902,\n        \"programName\": \"DATASCIENCDE\",\n        \"programDescription\": \"Programming\",\n        \"online\": true\n    },\n    {\n        \"programId\": 1903,\n        \"programName\": \"DATASCIENCDE\",\n        \"programDescription\": \"Programming\",\n        \"online\": true\n    },\n    {\n        \"programId\": 1904,\n        \"programName\": \"SDET200\",\n        \"programDescription\": \"NumpyNinja\",\n        \"online\": true\n    },\n    {\n        \"programId\": 1905,\n        \"programName\": \"SDET200\",\n        \"programDescription\": \"NumpyNinja\",\n        \"online\": true\n    },\n    {\n        \"programId\": 1906,\n        \"programName\": \"SDET200\",\n        \"programDescription\": \"NumpyNinja\",\n        \"online\": true\n    },\n    {\n        \"programId\": 1907,\n        \"programName\": \"Testing\",\n        \"programDescription\": \"Testing\",\n        \"online\": true\n    },\n    {\n        \"programId\": 1908,\n        \"programName\": \"Testing\",\n        \"programDescription\": \"Testing\",\n        \"online\": true\n    },\n    {\n        \"programId\": 1909,\n        \"programName\": \"Testing\",\n        \"programDescription\": \"Testing\",\n        \"online\": true\n    },\n    {\n        \"programId\": 1910,\n        \"programName\": \"Testing\",\n        \"programDescription\": \"Testing\",\n        \"online\": true\n    },\n    {\n        \"programId\": 1911,\n        \"programName\": \"Testing\",\n        \"programDescription\": \"Testing\",\n        \"online\": true\n    },\n    {\n        \"programId\": 1914,\n        \"programName\": \"SDET200\",\n        \"programDescription\": \"NumpyNinja_Updated11\",\n        \"online\": true\n    },\n    {\n        \"programId\": 1915,\n        \"programName\": \"string\",\n        \"programDescription\": \"string\",\n        \"online\": true\n    },\n    {\n        \"programId\": 1916,\n        \"programName\": \"string\",\n        \"programDescription\": \"string\",\n        \"online\": true\n    },\n    {\n        \"programId\": 1917,\n        \"programName\": \"SDET200\",\n        \"programDescription\": \"NumpyNinja_Updated11\",\n        \"online\": true\n    },\n    {\n        \"programId\": 1918,\n        \"programName\": \"SDET200\",\n        \"programDescription\": \"NumpyNinja_Updated11\",\n        \"online\": true\n    },\n    {\n        \"programId\": 1919,\n        \"programName\": \"SDET200\",\n        \"programDescription\": \"NumpyNinja_Updated11\",\n        \"online\": true\n    },\n    {\n        \"programId\": 1920,\n        \"programName\": \"SDET200\",\n        \"programDescription\": \"NumpyNinja\",\n        \"online\": true\n    },\n    {\n        \"programId\": 1921,\n        \"programName\": \"string\",\n        \"programDescription\": \"string\",\n        \"online\": true\n    },\n    {\n        \"programId\": 1922,\n        \"programName\": \"Automation Tester\",\n        \"programDescription\": \"Tester sagarika\",\n        \"online\": true\n    },\n    {\n        \"programId\": 1925,\n        \"programName\": \"master\",\n        \"programDescription\": \"sdet5\",\n        \"online\": false\n    },\n    {\n        \"programId\": 1926,\n        \"programName\": \"Master\",\n        \"programDescription\": \"Tester5\",\n        \"online\": false\n    },\n    {\n        \"programId\": 1927,\n        \"programName\": \"master\",\n        \"programDescription\": \"sdet5\",\n        \"online\": false\n    },\n    {\n        \"programId\": 1928,\n        \"programName\": \"Master\",\n        \"programDescription\": \"Tester5\",\n        \"online\": false\n    },\n    {\n        \"programId\": 1929,\n        \"programName\": \"string\",\n        \"programDescription\": \"string\",\n        \"online\": true\n    },\n    {\n        \"programId\": 1930,\n        \"programName\": \"string\",\n        \"programDescription\": \"string\",\n        \"online\": true\n    },\n    {\n        \"programId\": 1932,\n        \"programName\": \"shhj\",\n        \"programDescription\": \"string\",\n        \"online\": true\n    },\n    {\n        \"programId\": 1933,\n        \"programName\": \"@#34343\",\n        \"programDescription\": \"Tets\",\n        \"online\": true\n    },\n    {\n        \"programId\": 1934,\n        \"programName\": \"@#34343\",\n        \"programDescription\": \"Tets\",\n        \"online\": true\n    },\n    {\n        \"programId\": 1935,\n        \"programName\": \"@#34343\",\n        \"programDescription\": \"Tets\",\n        \"online\": true\n    },\n    {\n        \"programId\": 1936,\n        \"programName\": \"sailaja&&&string\",\n        \"programDescription\": \"sailaja@###\",\n        \"online\": true\n    },\n    {\n        \"programId\": 1938,\n        \"programName\": \"sailajastring\",\n        \"programDescription\": \"sailaja\",\n        \"online\": true\n    },\n    {\n        \"programId\": 1939,\n        \"programName\": \"sailajastring\",\n        \"programDescription\": \"sailaja\",\n        \"online\": true\n    },\n    {\n        \"programId\": 1992,\n        \"programName\": \"BDD\",\n        \"programDescription\": \"BDD testing\",\n        \"online\": true\n    },\n    {\n        \"programId\": 1870,\n        \"programName\": \"SDET1\",\n        \"programDescription\": \"p45465jkhjkhkj\",\n        \"online\": true\n    },\n    {\n        \"programId\": 1940,\n        \"programName\": \"SDET100\",\n        \"programDescription\": \"NumpyNinja1\",\n        \"online\": true\n    },\n    {\n        \"programId\": 1941,\n        \"programName\": \"sssss\",\n        \"programDescription\": \"aaaa\",\n        \"online\": true\n    },\n    {\n        \"programId\": 1942,\n        \"programName\": \"SDET200\",\n        \"programDescription\": \"NumpyNinja\",\n        \"online\": true\n    },\n    {\n        \"programId\": 1943,\n        \"programName\": \"SDET200\",\n        \"programDescription\": \"NumpyNinja\",\n        \"online\": true\n    },\n    {\n        \"programId\": 1944,\n        \"programName\": \"SDET100\",\n        \"programDescription\": \"NumpyNinja1\",\n        \"online\": true\n    },\n    {\n        \"programId\": 1945,\n        \"programName\": \"BDD\",\n        \"programDescription\": \"BDD testing\",\n        \"online\": true\n    },\n    {\n        \"programId\": 1946,\n        \"programName\": \"BDD\",\n        \"programDescription\": \"BDD testing\",\n        \"online\": true\n    },\n    {\n        \"programId\": 1947,\n        \"programName\": \"BDD\",\n        \"programDescription\": \"BDD testing\",\n        \"online\": true\n    },\n    {\n        \"programId\": 1948,\n        \"programName\": \"BDD\",\n        \"programDescription\": \"BDD testing\",\n        \"online\": true\n    },\n    {\n        \"programId\": 1949,\n        \"programName\": \"BDD\",\n        \"programDescription\": \"BDD testing\",\n        \"online\": true\n    },\n    {\n        \"programId\": 9231,\n        \"programName\": \"lms api\",\n        \"programDescription\": null,\n        \"online\": true\n    },\n    {\n        \"programId\": 1951,\n        \"programName\": \"SDET200\",\n        \"programDescription\": \"NumpyNinja\",\n        \"online\": true\n    },\n    {\n        \"programId\": 1952,\n        \"programName\": \"SDET200\",\n        \"programDescription\": \"NumpyNinja\",\n        \"online\": true\n    },\n    {\n        \"programId\": 1953,\n        \"programName\": \"online field testing\",\n        \"programDescription\": \"entered with numbers\",\n        \"online\": true\n    },\n    {\n        \"programId\": 1954,\n        \"programName\": \"SDET100\",\n        \"programDescription\": \"NumpyNinja1\",\n        \"online\": true\n    },\n    {\n        \"programId\": 1955,\n        \"programName\": \"SDET100\",\n        \"programDescription\": \"NumpyNinja1\",\n        \"online\": true\n    },\n    {\n        \"programId\": 1956,\n        \"programName\": \"string\",\n        \"programDescription\": \"athu_changed\",\n        \"online\": true\n    },\n    {\n        \"programId\": 1957,\n        \"programName\": \"string\",\n        \"programDescription\": \"athu_changed_again\",\n        \"online\": true\n    },\n    {\n        \"programId\": 1958,\n        \"programName\": \"online field testing\",\n        \"programDescription\": \"entered with numbers\",\n        \"online\": true\n    },\n    {\n        \"programId\": 1959,\n        \"programName\": \"SDET100\",\n        \"programDescription\": \"NumpyNinja1\",\n        \"online\": true\n    },\n    {\n        \"programId\": 1960,\n        \"programName\": \"BDD\",\n        \"programDescription\": \"BDD testing\",\n        \"online\": true\n    },\n    {\n        \"programId\": 1961,\n        \"programName\": \"BDD\",\n        \"programDescription\": \"BDD testing\",\n        \"online\": true\n    },\n    {\n        \"programId\": 1962,\n        \"programName\": \"BDD\",\n        \"programDescription\": \"BDD testing\",\n        \"online\": true\n    },\n    {\n        \"programId\": 1963,\n        \"programName\": \"BDD\",\n        \"programDescription\": \"BDD testing\",\n        \"online\": true\n    },\n    {\n        \"programId\": 1964,\n        \"programName\": \"BDD\",\n        \"programDescription\": \"BDD testing\",\n        \"online\": true\n    },\n    {\n        \"programId\": 1965,\n        \"programName\": \"online fields testing\",\n        \"programDescription\": \"entered with numbers\",\n        \"online\": true\n    },\n    {\n        \"programId\": 1966,\n        \"programName\": \"online fields testing\",\n        \"programDescription\": \"entered with numbers\",\n        \"online\": true\n    },\n    {\n        \"programId\": 1967,\n        \"programName\": \"online fields testing\",\n        \"programDescription\": \"entered with numbers\",\n        \"online\": true\n    },\n    {\n        \"programId\": 1968,\n        \"programName\": \"ega\",\n        \"programDescription\": \"frs\",\n        \"online\": true\n    },\n    {\n        \"programId\": 1969,\n        \"programName\": \"ega\",\n        \"programDescription\": \"frs\",\n        \"online\": true\n    },\n    {\n        \"programId\": 1970,\n        \"programName\": \"BDD\",\n        \"programDescription\": \"BDD testing\",\n        \"online\": true\n    },\n    {\n        \"programId\": 1971,\n        \"programName\": \"SDET200\",\n        \"programDescription\": \"NumpyNinja\",\n        \"online\": true\n    },\n    {\n        \"programId\": 1972,\n        \"programName\": \"SDET200\",\n        \"programDescription\": \"NumpyNinja_Updated11\",\n        \"online\": true\n    },\n    {\n        \"programId\": 7355,\n        \"programName\": \"Testing\",\n        \"programDescription\": \"Testing\",\n        \"online\": true\n    },\n    {\n        \"programId\": 1974,\n        \"programName\": \"SDET200\",\n        \"programDescription\": \"NumpyNinja_Updated11\",\n        \"online\": true\n    },\n    {\n        \"programId\": 1975,\n        \"programName\": \"SDET200\",\n        \"programDescription\": \"NumpyNinja_Updated11\",\n        \"online\": true\n    },\n    {\n        \"programId\": 1976,\n        \"programName\": \"SDET200\",\n        \"programDescription\": \"NumpyNinja_Updated11\",\n        \"online\": true\n    },\n    {\n        \"programId\": 1977,\n        \"programName\": \"BDD\",\n        \"programDescription\": \"BDD testing\",\n        \"online\": true\n    },\n    {\n        \"programId\": 1978,\n        \"programName\": \"BDD\",\n        \"programDescription\": \"BDD testing\",\n        \"online\": true\n    },\n    {\n        \"programId\": 1979,\n        \"programName\": \"BDD\",\n        \"programDescription\": \"BDD testing\",\n        \"online\": true\n    },\n    {\n        \"programId\": 1980,\n        \"programName\": \"BDD\",\n        \"programDescription\": \"BDD testing\",\n        \"online\": true\n    },\n    {\n        \"programId\": 1981,\n        \"programName\": \"SDET100\",\n        \"programDescription\": \"NumpyNinja1\",\n        \"online\": true\n    },\n    {\n        \"programId\": 1982,\n        \"programName\": \"SDET100\",\n        \"programDescription\": \"NumpyNinja1\",\n        \"online\": true\n    },\n    {\n        \"programId\": 1983,\n        \"programName\": \"SDET200\",\n        \"programDescription\": \"NumpyNinja_Updated11\",\n        \"online\": true\n    },\n    {\n        \"programId\": 1984,\n        \"programName\": \"BDD\",\n        \"programDescription\": \"BDD testing\",\n        \"online\": true\n    },\n    {\n        \"programId\": 9232,\n        \"programName\": \"VideoGame\",\n        \"programDescription\": \"user friendly\",\n        \"online\": true\n    },\n    {\n        \"programId\": 7413,\n        \"programName\": \"string\",\n        \"programDescription\": \"string\",\n        \"online\": true\n    },\n    {\n        \"programId\": 1987,\n        \"programName\": \"BDD\",\n        \"programDescription\": \"BDD testing\",\n        \"online\": true\n    },\n    {\n        \"programId\": 1988,\n        \"programName\": \"BDD\",\n        \"programDescription\": \"BDD testing\",\n        \"online\": true\n    },\n    {\n        \"programId\": 1989,\n        \"programName\": \"BDD\",\n        \"programDescription\": \"BDD testing\",\n        \"online\": true\n    },\n    {\n        \"programId\": 1990,\n        \"programName\": \"BDD\",\n        \"programDescription\": \"BDD testing\",\n        \"online\": true\n    },\n    {\n        \"programId\": 1991,\n        \"programName\": \"SDET100\",\n        \"programDescription\": \"NumpyNinja1\",\n        \"online\": true\n    },\n    {\n        \"programId\": 1937,\n        \"programName\": \"Prek\",\n        \"programDescription\": \"India\",\n        \"online\": true\n    },\n    {\n        \"programId\": 1994,\n        \"programName\": \"SDET100\",\n        \"programDescription\": \"NumpyNinja1\",\n        \"online\": true\n    },\n    {\n        \"programId\": 1995,\n        \"programName\": \"SDET200\",\n        \"programDescription\": \"NumpyNinja_Updated11\",\n        \"online\": true\n    },\n    {\n        \"programId\": 1996,\n        \"programName\": \"SDET200\",\n        \"programDescription\": \"NumpyNinja\",\n        \"online\": true\n    },\n    {\n        \"programId\": 1997,\n        \"programName\": \"SDET200\",\n        \"programDescription\": \"NumpyNinja_Updated11\",\n        \"online\": true\n    },\n    {\n        \"programId\": 1998,\n        \"programName\": \"SDET200\",\n        \"programDescription\": \"NumpyNinja\",\n        \"online\": true\n    },\n    {\n        \"programId\": 1999,\n        \"programName\": \"SDET200\",\n        \"programDescription\": \"NumpyNinja_Updated11\",\n        \"online\": true\n    },\n    {\n        \"programId\": 2003,\n        \"programName\": \"Cypress\",\n        \"programDescription\": \"Testing edited\",\n        \"online\": false\n    },\n    {\n        \"programId\": 9233,\n        \"programName\": \"VideoGame\",\n        \"programDescription\": \"user friendly\",\n        \"online\": true\n    },\n    {\n        \"programId\": 2007,\n        \"programName\": \"str\",\n        \"programDescription\": \"string\",\n        \"online\": true\n    },\n    {\n        \"programId\": 2008,\n        \"programName\": \"str\",\n        \"programDescription\": \"string\",\n        \"online\": true\n    },\n    {\n        \"programId\": 2004,\n        \"programName\": \"CoralDraw\",\n        \"programDescription\": \"Testing edited\",\n        \"online\": true\n    },\n    {\n        \"programId\": 2006,\n        \"programName\": \"Cucumber\",\n        \"programDescription\": \"Testing edited\",\n        \"online\": true\n    },\n    {\n        \"programId\": 2009,\n        \"programName\": \"BDD\",\n        \"programDescription\": \"BDD testing\",\n        \"online\": true\n    },\n    {\n        \"programId\": 2010,\n        \"programName\": \"BDD\",\n        \"programDescription\": \"BDD testing\",\n        \"online\": true\n    },\n    {\n        \"programId\": 2011,\n        \"programName\": \"BDD\",\n        \"programDescription\": \"BDD testing\",\n        \"online\": true\n    },\n    {\n        \"programId\": 2012,\n        \"programName\": \"BDD\",\n        \"programDescription\": \"BDD testing\",\n        \"online\": true\n    },\n    {\n        \"programId\": 2013,\n        \"programName\": \"BDD\",\n        \"programDescription\": \"BDD testing\",\n        \"online\": true\n    },\n    {\n        \"programId\": 3781,\n        \"programName\": \"softwaretesting \",\n        \"programDescription\": \"training\",\n        \"online\": true\n    },\n    {\n        \"programId\": 2015,\n        \"programName\": \"BDD\",\n        \"programDescription\": \"BDD testing\",\n        \"online\": true\n    },\n    {\n        \"programId\": 2016,\n        \"programName\": \"assertion\",\n        \"programDescription\": \"string\",\n        \"online\": true\n    },\n    {\n        \"programId\": 2017,\n        \"programName\": \"BDD\",\n        \"programDescription\": \"BDD testing\",\n        \"online\": true\n    },\n    {\n        \"programId\": 2018,\n        \"programName\": \"Testing\",\n        \"programDescription\": \"Testing\",\n        \"online\": true\n    },\n    {\n        \"programId\": 2019,\n        \"programName\": \"Testing\",\n        \"programDescription\": \"Testing\",\n        \"online\": true\n    },\n    {\n        \"programId\": 2020,\n        \"programName\": \"Testing\",\n        \"programDescription\": \"Testing\",\n        \"online\": true\n    },\n    {\n        \"programId\": 2021,\n        \"programName\": \"Testing\",\n        \"programDescription\": \"Testing\",\n        \"online\": true\n    },\n    {\n        \"programId\": 2022,\n        \"programName\": \"Testing\",\n        \"programDescription\": \"Testing\",\n        \"online\": true\n    },\n    {\n        \"programId\": 2023,\n        \"programName\": \"Testing\",\n        \"programDescription\": \"Testing\",\n        \"online\": true\n    },\n    {\n        \"programId\": 2024,\n        \"programName\": \"Testing\",\n        \"programDescription\": \"Testing\",\n        \"online\": true\n    },\n    {\n        \"programId\": 2025,\n        \"programName\": \"Testing\",\n        \"programDescription\": \"Testing\",\n        \"online\": true\n    },\n    {\n        \"programId\": 2026,\n        \"programName\": \"Testing\",\n        \"programDescription\": \"Testing\",\n        \"online\": true\n    },\n    {\n        \"programId\": 2027,\n        \"programName\": \"Testing\",\n        \"programDescription\": \"Testing\",\n        \"online\": true\n    },\n    {\n        \"programId\": 2028,\n        \"programName\": \"Testing\",\n        \"programDescription\": \"Testing\",\n        \"online\": true\n    },\n    {\n        \"programId\": 2029,\n        \"programName\": \"Testing\",\n        \"programDescription\": \"Testing\",\n        \"online\": true\n    },\n    {\n        \"programId\": 2030,\n        \"programName\": \"Testing\",\n        \"programDescription\": \"Testing\",\n        \"online\": true\n    },\n    {\n        \"programId\": 2031,\n        \"programName\": \"Testing\",\n        \"programDescription\": \"Testing\",\n        \"online\": true\n    },\n    {\n        \"programId\": 2032,\n        \"programName\": \"Testing\",\n        \"programDescription\": \"Testing\",\n        \"online\": true\n    },\n    {\n        \"programId\": 2033,\n        \"programName\": \"BDD\",\n        \"programDescription\": \"BDD testing\",\n        \"online\": true\n    },\n    {\n        \"programId\": 2034,\n        \"programName\": \"Testing\",\n        \"programDescription\": \"Testing\",\n        \"online\": true\n    },\n    {\n        \"programId\": 2035,\n        \"programName\": \"Testing\",\n        \"programDescription\": \"Testing\",\n        \"online\": true\n    },\n    {\n        \"programId\": 2036,\n        \"programName\": \"Testing\",\n        \"programDescription\": \"Testing\",\n        \"online\": true\n    },\n    {\n        \"programId\": 2037,\n        \"programName\": \"Testing\",\n        \"programDescription\": \"Testing\",\n        \"online\": true\n    },\n    {\n        \"programId\": 2038,\n        \"programName\": \"Testing\",\n        \"programDescription\": \"Testing\",\n        \"online\": true\n    },\n    {\n        \"programId\": 2039,\n        \"programName\": \"Testing\",\n        \"programDescription\": \"Testing\",\n        \"online\": true\n    },\n    {\n        \"programId\": 2040,\n        \"programName\": \"Testing\",\n        \"programDescription\": \"Testing\",\n        \"online\": true\n    },\n    {\n        \"programId\": 2041,\n        \"programName\": \"BDD\",\n        \"programDescription\": \"BDD testing\",\n        \"online\": true\n    },\n    {\n        \"programId\": 2042,\n        \"programName\": \"BDD\",\n        \"programDescription\": \"BDD testing\",\n        \"online\": true\n    },\n    {\n        \"programId\": 2043,\n        \"programName\": \"string\",\n        \"programDescription\": \"string\",\n        \"online\": true\n    },\n    {\n        \"programId\": 3782,\n        \"programName\": \"softwaretesting \",\n        \"programDescription\": \"training\",\n        \"online\": true\n    },\n    {\n        \"programId\": 2045,\n        \"programName\": \"SDET100\",\n        \"programDescription\": \"NumpyNinja1\",\n        \"online\": true\n    },\n    {\n        \"programId\": 3833,\n        \"programName\": \"\\\"Automation Testing\\\"\",\n        \"programDescription\": \"\\\"RestAssured\\\"\",\n        \"online\": false\n    },\n    {\n        \"programId\": 9234,\n        \"programName\": \"lms api modified\",\n        \"programDescription\": \"lms api modified\",\n        \"online\": true\n    },\n    {\n        \"programId\": 2049,\n        \"programName\": \"BDD\",\n        \"programDescription\": \"BDD testing\",\n        \"online\": true\n    },\n    {\n        \"programId\": 2050,\n        \"programName\": \"TEst Zone\",\n        \"programDescription\": \"Testing is fun\",\n        \"online\": true\n    },\n    {\n        \"programId\": 2051,\n        \"programName\": \"Manual Testing\",\n        \"programDescription\": \"Testing is more fun\",\n        \"online\": true\n    },\n    {\n        \"programId\": 2052,\n        \"programName\": \"BDD\",\n        \"programDescription\": \"BDD testing\",\n        \"online\": true\n    },\n    {\n        \"programId\": 2053,\n        \"programName\": \"string\",\n        \"programDescription\": \"string\",\n        \"online\": true\n    },\n    {\n        \"programId\": 9290,\n        \"programName\": \"lms api\",\n        \"programDescription\": \"lms api\",\n        \"online\": true\n    },\n    {\n        \"programId\": 2055,\n        \"programName\": \"string\",\n        \"programDescription\": \"string\",\n        \"online\": false\n    },\n    {\n        \"programId\": 2056,\n        \"programName\": \"string\",\n        \"programDescription\": \"strings\",\n        \"online\": true\n    },\n    {\n        \"programId\": 2058,\n        \"programName\": \"Selenium\",\n        \"programDescription\": \"Selenium 4 Week Course\",\n        \"online\": true\n    },\n    {\n        \"programId\": 2057,\n        \"programName\": \"Selenium\",\n        \"programDescription\": \"Selenium 4 Week Course\",\n        \"online\": true\n    },\n    {\n        \"programId\": 2059,\n        \"programName\": \"SDET200\",\n        \"programDescription\": \"NumpyNinja\",\n        \"online\": true\n    },\n    {\n        \"programId\": 2060,\n        \"programName\": \"SDET200\",\n        \"programDescription\": \"NumpyNinja_Updated11\",\n        \"online\": true\n    },\n    {\n        \"programId\": 2061,\n        \"programName\": \"SDET100\",\n        \"programDescription\": \"NumpyNinja1\",\n        \"online\": true\n    },\n    {\n        \"programId\": 9291,\n        \"programName\": \"geeta\",\n        \"programDescription\": \"ID\",\n        \"online\": true\n    },\n    {\n        \"programId\": 9292,\n        \"programName\": \"geeta\",\n        \"programDescription\": \"ID\",\n        \"online\": true\n    },\n    {\n        \"programId\": 9293,\n        \"programName\": \"geeta\",\n        \"programDescription\": \"ID\",\n        \"online\": true\n    },\n    {\n        \"programId\": 9294,\n        \"programName\": \"now\",\n        \"programDescription\": \"now\",\n        \"online\": true\n    },\n    {\n        \"programId\": 2066,\n        \"programName\": \"string\",\n        \"programDescription\": \"string\",\n        \"online\": true\n    },\n    {\n        \"programId\": 2067,\n        \"programName\": \"string\",\n        \"programDescription\": \"string\",\n        \"online\": true\n    },\n    {\n        \"programId\": 2068,\n        \"programName\": \"SDET\",\n        \"programDescription\": \"programming\",\n        \"online\": true\n    },\n    {\n        \"programId\": 1856,\n        \"programName\": \"SDET\",\n        \"programDescription\": \"programming\",\n        \"online\": true\n    },\n    {\n        \"programId\": 2069,\n        \"programName\": \"BDD\",\n        \"programDescription\": \"BDD testing\",\n        \"online\": true\n    },\n    {\n        \"programId\": 2070,\n        \"programName\": \"JAVAtraining\",\n        \"programDescription\": \"SDET20 training\",\n        \"online\": true\n    },\n    {\n        \"programId\": 2071,\n        \"programName\": \"BDD\",\n        \"programDescription\": \"BDD testing\",\n        \"online\": true\n    },\n    {\n        \"programId\": 2072,\n        \"programName\": \"SDET200\",\n        \"programDescription\": \"NumpyNinja\",\n        \"online\": true\n    },\n    {\n        \"programId\": 2073,\n        \"programName\": \"SDET200\",\n        \"programDescription\": \"NumpyNinja_Updated11\",\n        \"online\": true\n    },\n    {\n        \"programId\": 2074,\n        \"programName\": \"SDET200\",\n        \"programDescription\": \"NumpyNinja_Updated11\",\n        \"online\": true\n    },\n    {\n        \"programId\": 2075,\n        \"programName\": \"SDET200\",\n        \"programDescription\": \"NumpyNinja\",\n        \"online\": true\n    },\n    {\n        \"programId\": 2076,\n        \"programName\": \"SDET200\",\n        \"programDescription\": \"NumpyNinja_Updated11\",\n        \"online\": true\n    },\n    {\n        \"programId\": 2077,\n        \"programName\": \"BDD\",\n        \"programDescription\": \"BDD testing\",\n        \"online\": true\n    },\n    {\n        \"programId\": 2078,\n        \"programName\": \"SDET100\",\n        \"programDescription\": \"NumpyNinja1\",\n        \"online\": true\n    },\n    {\n        \"programId\": 2079,\n        \"programName\": \"Testing\",\n        \"programDescription\": \"Testing\",\n        \"online\": true\n    },\n    {\n        \"programId\": 2080,\n        \"programName\": \"Testing\",\n        \"programDescription\": \"Testing\",\n        \"online\": true\n    },\n    {\n        \"programId\": 2081,\n        \"programName\": \"Testing\",\n        \"programDescription\": \"Testing\",\n        \"online\": true\n    },\n    {\n        \"programId\": 9295,\n        \"programName\": \"now\",\n        \"programDescription\": \"now\",\n        \"online\": true\n    },\n    {\n        \"programId\": 9296,\n        \"programName\": \"rekha\",\n        \"programDescription\": \"string\",\n        \"online\": true\n    },\n    {\n        \"programId\": 2085,\n        \"programName\": \"Testing\",\n        \"programDescription\": \"Testing\",\n        \"online\": true\n    },\n    {\n        \"programId\": 2086,\n        \"programName\": \"Testing\",\n        \"programDescription\": \"Testing\",\n        \"online\": true\n    },\n    {\n        \"programId\": 2087,\n        \"programName\": \"Testing\",\n        \"programDescription\": \"Testing\",\n        \"online\": true\n    },\n    {\n        \"programId\": 2088,\n        \"programName\": \"Testing\",\n        \"programDescription\": \"Testing\",\n        \"online\": true\n    },\n    {\n        \"programId\": 2089,\n        \"programName\": \"Testing modified\",\n        \"programDescription\": \"Testing modified\",\n        \"online\": true\n    },\n    {\n        \"programId\": 2090,\n        \"programName\": \"Testing modified\",\n        \"programDescription\": \"Testing modified\",\n        \"online\": true\n    },\n    {\n        \"programId\": 2091,\n        \"programName\": \"Testing modified\",\n        \"programDescription\": \"Testing modified\",\n        \"online\": true\n    },\n    {\n        \"programId\": 2092,\n        \"programName\": \"Testing modified\",\n        \"programDescription\": \"Testing modified\",\n        \"online\": true\n    },\n    {\n        \"programId\": 2093,\n        \"programName\": \"SDET200\",\n        \"programDescription\": \"NumpyNinja_Updated11\",\n        \"online\": true\n    },\n    {\n        \"programId\": 2094,\n        \"programName\": \"Testing modified\",\n        \"programDescription\": \"Testing modified\",\n        \"online\": true\n    },\n    {\n        \"programId\": 2095,\n        \"programName\": \"SDET100\",\n        \"programDescription\": \"NumpyNinja1\",\n        \"online\": true\n    },\n    {\n        \"programId\": 2096,\n        \"programName\": \"SDET100\",\n        \"programDescription\": \"NumpyNinja1\",\n        \"online\": true\n    },\n    {\n        \"programId\": 9297,\n        \"programName\": \"tesr now\",\n        \"programDescription\": \"test now\",\n        \"online\": true\n    },\n    {\n        \"programId\": 2098,\n        \"programName\": \"SDET100\",\n        \"programDescription\": \"NumpyNinja1\",\n        \"online\": true\n    },\n    {\n        \"programId\": 2099,\n        \"programName\": \"SDET100\",\n        \"programDescription\": \"NumpyNinja1\",\n        \"online\": true\n    },\n    {\n        \"programId\": 2102,\n        \"programName\": \"BDD\",\n        \"programDescription\": \"BDD testing\",\n        \"online\": true\n    },\n    {\n        \"programId\": 2103,\n        \"programName\": \"BDD\",\n        \"programDescription\": \"BDD testing\",\n        \"online\": true\n    },\n    {\n        \"programId\": 2104,\n        \"programName\": \"Testing\",\n        \"programDescription\": \"Testing\",\n        \"online\": true\n    },\n    {\n        \"programId\": 2105,\n        \"programName\": \"Testing\",\n        \"programDescription\": \"Testing\",\n        \"online\": true\n    },\n    {\n        \"programId\": 2106,\n        \"programName\": \"Testing\",\n        \"programDescription\": \"Testing\",\n        \"online\": true\n    },\n    {\n        \"programId\": 2107,\n        \"programName\": \"Testing\",\n        \"programDescription\": \"Testing\",\n        \"online\": true\n    },\n    {\n        \"programId\": 2108,\n        \"programName\": \"Testing\",\n        \"programDescription\": \"Testing\",\n        \"online\": true\n    },\n    {\n        \"programId\": 2109,\n        \"programName\": \"Testing\",\n        \"programDescription\": \"Testing\",\n        \"online\": true\n    },\n    {\n        \"programId\": 2110,\n        \"programName\": \"Testing post\",\n        \"programDescription\": \"Testing post\",\n        \"online\": true\n    },\n    {\n        \"programId\": 2111,\n        \"programName\": \"Testing post\",\n        \"programDescription\": \"Testing post\",\n        \"online\": true\n    },\n    {\n        \"programId\": 2112,\n        \"programName\": \"Testing post\",\n        \"programDescription\": \"Testing post\",\n        \"online\": true\n    },\n    {\n        \"programId\": 2113,\n        \"programName\": \"Testing modified\",\n        \"programDescription\": \"Testing modified\",\n        \"online\": true\n    },\n    {\n        \"programId\": 2115,\n        \"programName\": \"Testing 1\",\n        \"programDescription\": \"Testing 1\",\n        \"online\": true\n    },\n    {\n        \"programId\": 2123,\n        \"programName\": \"Testing modified\",\n        \"programDescription\": \"Testing modified\",\n        \"online\": true\n    },\n    {\n        \"programId\": 2124,\n        \"programName\": \"Testing modified\",\n        \"programDescription\": \"Testing modified\",\n        \"online\": true\n    },\n    {\n        \"programId\": 2118,\n        \"programName\": \"string\",\n        \"programDescription\": \"string\",\n        \"online\": true\n    },\n    {\n        \"programId\": 2119,\n        \"programName\": \"BDD\",\n        \"programDescription\": \"BDD testing\",\n        \"online\": true\n    },\n    {\n        \"programId\": 2120,\n        \"programName\": \"Testing modified\",\n        \"programDescription\": \"Testing modified\",\n        \"online\": true\n    },\n    {\n        \"programId\": 2121,\n        \"programName\": \"Testing modified\",\n        \"programDescription\": \"Testing modified\",\n        \"online\": true\n    },\n    {\n        \"programId\": 2122,\n        \"programName\": \"Testing modified\",\n        \"programDescription\": \"Testing modified\",\n        \"online\": true\n    },\n    {\n        \"programId\": 2128,\n        \"programName\": \"Selenium\",\n        \"programDescription\": \"Hackathon\",\n        \"online\": true\n    },\n    {\n        \"programId\": 2129,\n        \"programName\": \"Testing1\",\n        \"programDescription\": \"Testing1\",\n        \"online\": true\n    },\n    {\n        \"programId\": 2130,\n        \"programName\": \"Testing2\",\n        \"programDescription\": \"Testing2\",\n        \"online\": true\n    },\n    {\n        \"programId\": 2131,\n        \"programName\": \"Testing1\",\n        \"programDescription\": \"Testing1\",\n        \"online\": true\n    },\n    {\n        \"programId\": 2132,\n        \"programName\": \"SDET100\",\n        \"programDescription\": \"NumpyNinja1\",\n        \"online\": true\n    },\n    {\n        \"programId\": 2133,\n        \"programName\": \"google nest \",\n        \"programDescription\": \"devlopment project in API\",\n        \"online\": true\n    },\n    {\n        \"programId\": 2135,\n        \"programName\": \"string\",\n        \"programDescription\": \"string\",\n        \"online\": true\n    },\n    {\n        \"programId\": 2136,\n        \"programName\": \"string\",\n        \"programDescription\": \"string\",\n        \"online\": true\n    },\n    {\n        \"programId\": 2137,\n        \"programName\": \"SDET100\",\n        \"programDescription\": \"NumpyNinja1\",\n        \"online\": true\n    },\n    {\n        \"programId\": 2138,\n        \"programName\": \"SDET100\",\n        \"programDescription\": \"NumpyNinja1\",\n        \"online\": true\n    },\n    {\n        \"programId\": 2139,\n        \"programName\": \"SDET100\",\n        \"programDescription\": \"NumpyNinja1\",\n        \"online\": true\n    },\n    {\n        \"programId\": 2140,\n        \"programName\": \"mangomaza\",\n        \"programDescription\": \"mango123\",\n        \"online\": true\n    },\n    {\n        \"programId\": 2141,\n        \"programName\": \"TRUE\",\n        \"programDescription\": \"Test Savi TEST\",\n        \"online\": false\n    },\n    {\n        \"programId\": 2142,\n        \"programName\": \"TRUE\",\n        \"programDescription\": \"Test Savi TEST\",\n        \"online\": false\n    },\n    {\n        \"programId\": 2143,\n        \"programName\": \"TRUE\",\n        \"programDescription\": \"Test Savi TEST\",\n        \"online\": false\n    },\n    {\n        \"programId\": 2144,\n        \"programName\": \"TRUE\",\n        \"programDescription\": \"Test Savi TEST\",\n        \"online\": false\n    },\n    {\n        \"programId\": 2145,\n        \"programName\": \"TRUE\",\n        \"programDescription\": \"Test Savi TEST\",\n        \"online\": false\n    },\n    {\n        \"programId\": 2146,\n        \"programName\": \"TRUE\",\n        \"programDescription\": \"Test Savi TEST\",\n        \"online\": false\n    },\n    {\n        \"programId\": 2147,\n        \"programName\": \"TRUE\",\n        \"programDescription\": \"Test Savi TEST\",\n        \"online\": false\n    },\n    {\n        \"programId\": 2084,\n        \"programName\": \"LMS2\",\n        \"programDescription\": \"Test description LMS\",\n        \"online\": true\n    },\n    {\n        \"programId\": 2148,\n        \"programName\": \"TRUE\",\n        \"programDescription\": \"Test Savi TEST\",\n        \"online\": false\n    },\n    {\n        \"programId\": 2149,\n        \"programName\": \"TRUE\",\n        \"programDescription\": \"Test Savi TEST\",\n        \"online\": false\n    },\n    {\n        \"programId\": 2150,\n        \"programName\": \"TRUE\",\n        \"programDescription\": \"Test Savi TEST\",\n        \"online\": false\n    },\n    {\n        \"programId\": 2151,\n        \"programName\": \"TRUE\",\n        \"programDescription\": \"Test Savi TEST\",\n        \"online\": false\n    },\n    {\n        \"programId\": 2152,\n        \"programName\": \"TRUE\",\n        \"programDescription\": \"Test Savi TEST\",\n        \"online\": false\n    },\n    {\n        \"programId\": 2153,\n        \"programName\": \"TRUE\",\n        \"programDescription\": \"Test Savi TEST\",\n        \"online\": false\n    },\n    {\n        \"programId\": 2154,\n        \"programName\": \"SDET19 Testoct18th New\",\n        \"programDescription\": \"SDET19 Testoct18th New\",\n        \"online\": false\n    },\n    {\n        \"programId\": 2155,\n        \"programName\": \"SDET011\",\n        \"programDescription\": \"Test Savi TEST\",\n        \"online\": false\n    },\n    {\n        \"programId\": 2156,\n        \"programName\": \"Testing\",\n        \"programDescription\": \"Testing\",\n        \"online\": true\n    },\n    {\n        \"programId\": 2157,\n        \"programName\": \"Testing Modified\",\n        \"programDescription\": \"Testing Modified \",\n        \"online\": true\n    },\n    {\n        \"programId\": 2158,\n        \"programName\": \"Testing Modified\",\n        \"programDescription\": \"Testing Modified \",\n        \"online\": true\n    },\n    {\n        \"programId\": 2159,\n        \"programName\": \"Testing Modified\",\n        \"programDescription\": \"Testing Modified \",\n        \"online\": true\n    },\n    {\n        \"programId\": 2160,\n        \"programName\": \"Testing Modified\",\n        \"programDescription\": \"Testing Modified \",\n        \"online\": true\n    },\n    {\n        \"programId\": 2161,\n        \"programName\": \"SDET100\",\n        \"programDescription\": \"NumpyNinja1\",\n        \"online\": true\n    },\n    {\n        \"programId\": 2162,\n        \"programName\": \"SDET200\",\n        \"programDescription\": \"NumpyNinja_Updated11\",\n        \"online\": true\n    },\n    {\n        \"programId\": 2163,\n        \"programName\": \"SDET100\",\n        \"programDescription\": \"NumpyNinja1\",\n        \"online\": true\n    },\n    {\n        \"programId\": 2164,\n        \"programName\": \"SDET200\",\n        \"programDescription\": \"NumpyNinja_Updated11\",\n        \"online\": true\n    },\n    {\n        \"programId\": 2165,\n        \"programName\": \"SDET100\",\n        \"programDescription\": \"NumpyNinja1\",\n        \"online\": true\n    },\n    {\n        \"programId\": 2166,\n        \"programName\": \"SDET200\",\n        \"programDescription\": \"NumpyNinja_Updated11\",\n        \"online\": true\n    },\n    {\n        \"programId\": 2167,\n        \"programName\": \"hello world\",\n        \"programDescription\": \"abcxyz\",\n        \"online\": true\n    },\n    {\n        \"programId\": 2168,\n        \"programName\": \"SDET\",\n        \"programDescription\": \"programming\",\n        \"online\": true\n    },\n    {\n        \"programId\": 2054,\n        \"programName\": \"LMS2\",\n        \"programDescription\": \"Test description LMS\",\n        \"online\": true\n    },\n    {\n        \"programId\": 2169,\n        \"programName\": \"SDET011\",\n        \"programDescription\": \"Test Savi TEST\",\n        \"online\": false\n    },\n    {\n        \"programId\": 2170,\n        \"programName\": \"SDET011\",\n        \"programDescription\": \"Test Savi TEST\",\n        \"online\": false\n    },\n    {\n        \"programId\": 2171,\n        \"programName\": \"SDET011\",\n        \"programDescription\": \"Test Savi TEST\",\n        \"online\": false\n    },\n    {\n        \"programId\": 2172,\n        \"programName\": \"SDET011\",\n        \"programDescription\": \"Test Savi TEST\",\n        \"online\": false\n    },\n    {\n        \"programId\": 2173,\n        \"programName\": \"SDET011\",\n        \"programDescription\": \"Test Savi TEST\",\n        \"online\": false\n    },\n    {\n        \"programId\": 2174,\n        \"programName\": \"SDET011\",\n        \"programDescription\": \"Test Savi TEST\",\n        \"online\": false\n    },\n    {\n        \"programId\": 2175,\n        \"programName\": \"SDET011\",\n        \"programDescription\": \"Test Savi TEST\",\n        \"online\": false\n    },\n    {\n        \"programId\": 2176,\n        \"programName\": \"SDET011\",\n        \"programDescription\": \"Test Savi TEST\",\n        \"online\": false\n    },\n    {\n        \"programId\": 2177,\n        \"programName\": \"SDET011\",\n        \"programDescription\": \"Test Savi TEST\",\n        \"online\": false\n    },\n    {\n        \"programId\": 2178,\n        \"programName\": \"SDET011\",\n        \"programDescription\": \"Test Savi TEST\",\n        \"online\": false\n    },\n    {\n        \"programId\": 2179,\n        \"programName\": \"SDET011\",\n        \"programDescription\": \"Test Savi TEST\",\n        \"online\": false\n    },\n    {\n        \"programId\": 2180,\n        \"programName\": \"SDET011\",\n        \"programDescription\": \"Test Savi TEST\",\n        \"online\": false\n    },\n    {\n        \"programId\": 2181,\n        \"programName\": \"C++ programming\",\n        \"programDescription\": \"Programming language \",\n        \"online\": false\n    },\n    {\n        \"programId\": 2182,\n        \"programName\": \"Python with selenium\",\n        \"programDescription\": \"Testing \",\n        \"online\": false\n    },\n    {\n        \"programId\": 2183,\n        \"programName\": \"Ruby with selenium\",\n        \"programDescription\": \"Testing using ruby language\",\n        \"online\": false\n    },\n    {\n        \"programId\": 2184,\n        \"programName\": \"Pearl with selenium\",\n        \"programDescription\": \"Testing using pearl language\",\n        \"online\": false\n    },\n    {\n        \"programId\": 2185,\n        \"programName\": \".Net with selenium\",\n        \"programDescription\": \"Testing using .net language\",\n        \"online\": false\n    },\n    {\n        \"programId\": 2186,\n        \"programName\": \"C++ programming\",\n        \"programDescription\": \"Programming language \",\n        \"online\": false\n    },\n    {\n        \"programId\": 2187,\n        \"programName\": \"Python with selenium\",\n        \"programDescription\": \"Testing \",\n        \"online\": false\n    },\n    {\n        \"programId\": 2188,\n        \"programName\": \"Ruby with selenium\",\n        \"programDescription\": \"Testing using ruby language\",\n        \"online\": false\n    },\n    {\n        \"programId\": 2189,\n        \"programName\": \"Pearl with selenium\",\n        \"programDescription\": \"Testing using pearl language\",\n        \"online\": false\n    },\n    {\n        \"programId\": 2190,\n        \"programName\": \".Net with selenium\",\n        \"programDescription\": \"Testing using .net language\",\n        \"online\": false\n    },\n    {\n        \"programId\": 2191,\n        \"programName\": \"C++ programming\",\n        \"programDescription\": \"Programming language \",\n        \"online\": false\n    },\n    {\n        \"programId\": 2192,\n        \"programName\": \"Python with selenium\",\n        \"programDescription\": \"Testing \",\n        \"online\": false\n    },\n    {\n        \"programId\": 2193,\n        \"programName\": \"Ruby with selenium\",\n        \"programDescription\": \"Testing using ruby language\",\n        \"online\": false\n    },\n    {\n        \"programId\": 2194,\n        \"programName\": \"Pearl with selenium\",\n        \"programDescription\": \"Testing using pearl language\",\n        \"online\": false\n    },\n    {\n        \"programId\": 2195,\n        \"programName\": \".Net with selenium\",\n        \"programDescription\": \"Testing using .net language\",\n        \"online\": false\n    },\n    {\n        \"programId\": 2196,\n        \"programName\": \"C++ programming\",\n        \"programDescription\": \"Programming language \",\n        \"online\": false\n    },\n    {\n        \"programId\": 2197,\n        \"programName\": \"Python with selenium\",\n        \"programDescription\": \"Testing \",\n        \"online\": false\n    },\n    {\n        \"programId\": 2198,\n        \"programName\": \"Ruby with selenium\",\n        \"programDescription\": \"Testing using ruby language\",\n        \"online\": false\n    },\n    {\n        \"programId\": 2199,\n        \"programName\": \"Pearl with selenium\",\n        \"programDescription\": \"Testing using pearl language\",\n        \"online\": false\n    },\n    {\n        \"programId\": 9235,\n        \"programName\": \"lms api modified\",\n        \"programDescription\": \"lms api modified\",\n        \"online\": true\n    },\n    {\n        \"programId\": 2201,\n        \"programName\": \"C++ programming\",\n        \"programDescription\": \"Programming language \",\n        \"online\": false\n    },\n    {\n        \"programId\": 2202,\n        \"programName\": \"Python with selenium\",\n        \"programDescription\": \"Testing \",\n        \"online\": false\n    },\n    {\n        \"programId\": 2203,\n        \"programName\": \"Ruby with selenium\",\n        \"programDescription\": \"Testing using ruby language\",\n        \"online\": false\n    },\n    {\n        \"programId\": 2204,\n        \"programName\": \"Pearl with selenium\",\n        \"programDescription\": \"Testing using pearl language\",\n        \"online\": false\n    },\n    {\n        \"programId\": 2205,\n        \"programName\": \".Net with selenium\",\n        \"programDescription\": \"Testing using .net language\",\n        \"online\": false\n    },\n    {\n        \"programId\": 2206,\n        \"programName\": \"Testing\",\n        \"programDescription\": \"Testing\",\n        \"online\": true\n    },\n    {\n        \"programId\": 2207,\n        \"programName\": \"Testing modified\",\n        \"programDescription\": \"non Testing modified\",\n        \"online\": true\n    },\n    {\n        \"programId\": 2208,\n        \"programName\": \"string\",\n        \"programDescription\": \"string\",\n        \"online\": true\n    },\n    {\n        \"programId\": 3834,\n        \"programName\": \"\\\"Develeopment\\\"\",\n        \"programDescription\": \"\\\"Java\\\"\",\n        \"online\": false\n    },\n    {\n        \"programId\": 2210,\n        \"programName\": \"Testing\",\n        \"programDescription\": \"Testing\",\n        \"online\": true\n    },\n    {\n        \"programId\": 2211,\n        \"programName\": \"string\",\n        \"programDescription\": \"string\",\n        \"online\": true\n    },\n    {\n        \"programId\": 9299,\n        \"programName\": \"string\",\n        \"programDescription\": \"string\",\n        \"online\": true\n    },\n    {\n        \"programId\": 2213,\n        \"programName\": \"java\",\n        \"programDescription\": \"java\",\n        \"online\": true\n    },\n    {\n        \"programId\": 2272,\n        \"programName\": \"Testing\",\n        \"programDescription\": \"Testing\",\n        \"online\": true\n    },\n    {\n        \"programId\": 2273,\n        \"programName\": \"Testing\",\n        \"programDescription\": \"Testing\",\n        \"online\": true\n    },\n    {\n        \"programId\": 1985,\n        \"programName\": \"string\",\n        \"programDescription\": \"string\",\n        \"online\": true\n    },\n    {\n        \"programId\": 2214,\n        \"programName\": \"string\",\n        \"programDescription\": \"string\",\n        \"online\": true\n    },\n    {\n        \"programId\": 2215,\n        \"programName\": \"string\",\n        \"programDescription\": \"string\",\n        \"online\": true\n    },\n    {\n        \"programId\": 2216,\n        \"programName\": \"string\",\n        \"programDescription\": \"string\",\n        \"online\": true\n    },\n    {\n        \"programId\": 2217,\n        \"programName\": \"string\",\n        \"programDescription\": \"string\",\n        \"online\": true\n    },\n    {\n        \"programId\": 2218,\n        \"programName\": \"string\",\n        \"programDescription\": \"string\",\n        \"online\": true\n    },\n    {\n        \"programId\": 2219,\n        \"programName\": \"C++ programming\",\n        \"programDescription\": \"Programming language \",\n        \"online\": false\n    },\n    {\n        \"programId\": 2220,\n        \"programName\": \"Python with selenium\",\n        \"programDescription\": \"Testing \",\n        \"online\": false\n    },\n    {\n        \"programId\": 2221,\n        \"programName\": \"Ruby with selenium\",\n        \"programDescription\": \"Testing using ruby language\",\n        \"online\": false\n    },\n    {\n        \"programId\": 9300,\n        \"programName\": \"string\",\n        \"programDescription\": \"string\",\n        \"online\": true\n    },\n    {\n        \"programId\": 2223,\n        \"programName\": \".Net with selenium\",\n        \"programDescription\": \"Testing using .net language\",\n        \"online\": false\n    },\n    {\n        \"programId\": 2224,\n        \"programName\": \"JAVA 280 for testing\",\n        \"programDescription\": \"JAVA 280 for testing by lavisha\",\n        \"online\": false\n    },\n    {\n        \"programId\": 2225,\n        \"programName\": \"C++ programming\",\n        \"programDescription\": \"Programming language \",\n        \"online\": false\n    },\n    {\n        \"programId\": 2226,\n        \"programName\": \"Python with selenium\",\n        \"programDescription\": \"Testing \",\n        \"online\": false\n    },\n    {\n        \"programId\": 2227,\n        \"programName\": \"Ruby with selenium\",\n        \"programDescription\": \"Testing using ruby language\",\n        \"online\": false\n    },\n    {\n        \"programId\": 2228,\n        \"programName\": \"Pearl with selenium\",\n        \"programDescription\": \"Testing using pearl language\",\n        \"online\": false\n    },\n    {\n        \"programId\": 2229,\n        \"programName\": \".Net with selenium\",\n        \"programDescription\": \"Testing using .net language\",\n        \"online\": false\n    },\n    {\n        \"programId\": 2230,\n        \"programName\": \"hi post\",\n        \"programDescription\": \"hi post\",\n        \"online\": true\n    },\n    {\n        \"programId\": 2232,\n        \"programName\": \"Testing\",\n        \"programDescription\": \"Testing\",\n        \"online\": true\n    },\n    {\n        \"programId\": 2233,\n        \"programName\": \"Testing\",\n        \"programDescription\": \"Testing\",\n        \"online\": true\n    },\n    {\n        \"programId\": 2234,\n        \"programName\": \"string\",\n        \"programDescription\": \"string\",\n        \"online\": true\n    },\n    {\n        \"programId\": 2239,\n        \"programName\": \"JAVA 280 for testing\",\n        \"programDescription\": \"JAVA 280 for testing by lavisha\",\n        \"online\": false\n    },\n    {\n        \"programId\": 2240,\n        \"programName\": \"C++ programming\",\n        \"programDescription\": \"Programming language \",\n        \"online\": false\n    },\n    {\n        \"programId\": 2241,\n        \"programName\": \"Python with selenium\",\n        \"programDescription\": \"Testing \",\n        \"online\": false\n    },\n    {\n        \"programId\": 2242,\n        \"programName\": \"Ruby with selenium\",\n        \"programDescription\": \"Testing using ruby language\",\n        \"online\": false\n    },\n    {\n        \"programId\": 2243,\n        \"programName\": \"Pearl with selenium\",\n        \"programDescription\": \"Testing using pearl language\",\n        \"online\": false\n    },\n    {\n        \"programId\": 2244,\n        \"programName\": \".Net with selenium\",\n        \"programDescription\": \"Testing using .net language\",\n        \"online\": false\n    },\n    {\n        \"programId\": 2245,\n        \"programName\": \"JAVA 280 for testing\",\n        \"programDescription\": \"JAVA 280 for testing by lavisha\",\n        \"online\": false\n    },\n    {\n        \"programId\": 2246,\n        \"programName\": \"C++ programming\",\n        \"programDescription\": \"Programming language \",\n        \"online\": false\n    },\n    {\n        \"programId\": 2247,\n        \"programName\": \"Python with selenium\",\n        \"programDescription\": \"Testing \",\n        \"online\": false\n    },\n    {\n        \"programId\": 2248,\n        \"programName\": \"Ruby with selenium\",\n        \"programDescription\": \"Testing using ruby language\",\n        \"online\": false\n    },\n    {\n        \"programId\": 2249,\n        \"programName\": \"Pearl with selenium\",\n        \"programDescription\": \"Testing using pearl language\",\n        \"online\": false\n    },\n    {\n        \"programId\": 2250,\n        \"programName\": \".Net with selenium\",\n        \"programDescription\": \"Testing using .net language\",\n        \"online\": false\n    },\n    {\n        \"programId\": 2264,\n        \"programName\": \"TestingModified\",\n        \"programDescription\": \"TestModified\",\n        \"online\": true\n    },\n    {\n        \"programId\": 2265,\n        \"programName\": \"TestingModified\",\n        \"programDescription\": \"TestModified\",\n        \"online\": true\n    },\n    {\n        \"programId\": 2266,\n        \"programName\": \"Testin gModified from postman\",\n        \"programDescription\": \"TestModified\",\n        \"online\": true\n    },\n    {\n        \"programId\": 2267,\n        \"programName\": \"Testing Modified from postman\",\n        \"programDescription\": \"TestModified\",\n        \"online\": true\n    },\n    {\n        \"programId\": 2268,\n        \"programName\": \"TestingModified\",\n        \"programDescription\": \"TestModified\",\n        \"online\": true\n    },\n    {\n        \"programId\": 2269,\n        \"programName\": \"Testing Modified from postman\",\n        \"programDescription\": \"TestModified\",\n        \"online\": true\n    },\n    {\n        \"programId\": 2271,\n        \"programName\": \"Testing Modified from postman\",\n        \"programDescription\": \"TestModified\",\n        \"online\": true\n    },\n    {\n        \"programId\": 2274,\n        \"programName\": \"Testing modified\",\n        \"programDescription\": \"Testing modified\",\n        \"online\": true\n    },\n    {\n        \"programId\": 2275,\n        \"programName\": \"Testing modified\",\n        \"programDescription\": \"Testing modified\",\n        \"online\": true\n    },\n    {\n        \"programId\": 2276,\n        \"programName\": \"Testing modified\",\n        \"programDescription\": \"Testing modified\",\n        \"online\": true\n    },\n    {\n        \"programId\": 2277,\n        \"programName\": \"Testing modified\",\n        \"programDescription\": \"Testing modified\",\n        \"online\": true\n    },\n    {\n        \"programId\": 2278,\n        \"programName\": \"Testing modified\",\n        \"programDescription\": \"Testing modified\",\n        \"online\": true\n    },\n    {\n        \"programId\": 2279,\n        \"programName\": \"Testing modified\",\n        \"programDescription\": \"Testing modified\",\n        \"online\": true\n    },\n    {\n        \"programId\": 2356,\n        \"programName\": \"SDET\",\n        \"programDescription\": \"Selenium\",\n        \"online\": true\n    },\n    {\n        \"programId\": 2281,\n        \"programName\": \"JAVA 280 for testing\",\n        \"programDescription\": \"JAVA 280 for testing by lavisha\",\n        \"online\": false\n    },\n    {\n        \"programId\": 2282,\n        \"programName\": \"JAVA 280 for testing\",\n        \"programDescription\": \"JAVA 280 for testing by lavisha\",\n        \"online\": false\n    },\n    {\n        \"programId\": 2283,\n        \"programName\": \"C++ programming\",\n        \"programDescription\": \"Programming language \",\n        \"online\": false\n    },\n    {\n        \"programId\": 2284,\n        \"programName\": \"C++ programming\",\n        \"programDescription\": \"Programming language \",\n        \"online\": false\n    },\n    {\n        \"programId\": 2285,\n        \"programName\": \"Python with selenium\",\n        \"programDescription\": \"Testing \",\n        \"online\": false\n    },\n    {\n        \"programId\": 2286,\n        \"programName\": \"Python with selenium\",\n        \"programDescription\": \"Testing \",\n        \"online\": false\n    },\n    {\n        \"programId\": 2287,\n        \"programName\": \"Ruby with selenium\",\n        \"programDescription\": \"Testing using ruby language\",\n        \"online\": false\n    },\n    {\n        \"programId\": 2288,\n        \"programName\": \"Ruby with selenium\",\n        \"programDescription\": \"Testing using ruby language\",\n        \"online\": false\n    },\n    {\n        \"programId\": 2289,\n        \"programName\": \"Pearl with selenium\",\n        \"programDescription\": \"Testing using pearl language\",\n        \"online\": false\n    },\n    {\n        \"programId\": 2290,\n        \"programName\": \"Pearl with selenium\",\n        \"programDescription\": \"Testing using pearl language\",\n        \"online\": false\n    },\n    {\n        \"programId\": 2291,\n        \"programName\": \".Net with selenium\",\n        \"programDescription\": \"Testing using .net language\",\n        \"online\": false\n    },\n    {\n        \"programId\": 2292,\n        \"programName\": \".Net with selenium\",\n        \"programDescription\": \"Testing using .net language\",\n        \"online\": false\n    },\n    {\n        \"programId\": 2293,\n        \"programName\": \"SDET011\",\n        \"programDescription\": \"Test Savi TEST\",\n        \"online\": false\n    },\n    {\n        \"programId\": 2294,\n        \"programName\": \"SDET011\",\n        \"programDescription\": \"Test Savi TEST\",\n        \"online\": false\n    },\n    {\n        \"programId\": 2399,\n        \"programName\": \"Robert\",\n        \"programDescription\": \"XYZ modified\",\n        \"online\": true\n    },\n    {\n        \"programId\": 2296,\n        \"programName\": \"Testing\",\n        \"programDescription\": \"\",\n        \"online\": true\n    },\n    {\n        \"programId\": 2297,\n        \"programName\": \"SDET011\",\n        \"programDescription\": \"Test Savi TEST\",\n        \"online\": false\n    },\n    {\n        \"programId\": 2298,\n        \"programName\": \"updated\",\n        \"programDescription\": null,\n        \"online\": false\n    },\n    {\n        \"programId\": 2299,\n        \"programName\": \"JAVA 280 for testing\",\n        \"programDescription\": \"JAVA 280 for testing by lavisha\",\n        \"online\": false\n    },\n    {\n        \"programId\": 7358,\n        \"programName\": \"string\",\n        \"programDescription\": \"string\",\n        \"online\": true\n    },\n    {\n        \"programId\": 7359,\n        \"programName\": \"string\",\n        \"programDescription\": \"string\",\n        \"online\": true\n    },\n    {\n        \"programId\": 2302,\n        \"programName\": \"C++ programming\",\n        \"programDescription\": \"Programming language \",\n        \"online\": false\n    },\n    {\n        \"programId\": 2303,\n        \"programName\": \"Python with selenium\",\n        \"programDescription\": \"Testing \",\n        \"online\": false\n    },\n    {\n        \"programId\": 2304,\n        \"programName\": \"Python with selenium\",\n        \"programDescription\": \"Testing \",\n        \"online\": false\n    },\n    {\n        \"programId\": 2305,\n        \"programName\": \"Ruby with selenium\",\n        \"programDescription\": \"Testing using ruby language\",\n        \"online\": false\n    },\n    {\n        \"programId\": 2306,\n        \"programName\": \"Ruby with selenium\",\n        \"programDescription\": \"Testing using ruby language\",\n        \"online\": false\n    },\n    {\n        \"programId\": 2307,\n        \"programName\": \"Pearl with selenium\",\n        \"programDescription\": \"Testing using pearl language\",\n        \"online\": false\n    },\n    {\n        \"programId\": 2308,\n        \"programName\": \"Pearl with selenium\",\n        \"programDescription\": \"Testing using pearl language\",\n        \"online\": false\n    },\n    {\n        \"programId\": 2309,\n        \"programName\": \".Net with selenium\",\n        \"programDescription\": \"Testing using .net language\",\n        \"online\": false\n    },\n    {\n        \"programId\": 2310,\n        \"programName\": \".Net with selenium\",\n        \"programDescription\": \"Testing using .net language\",\n        \"online\": false\n    },\n    {\n        \"programId\": 2311,\n        \"programName\": \"JAVA 280 for testing\",\n        \"programDescription\": \"JAVA 280 for testing by lavisha\",\n        \"online\": false\n    },\n    {\n        \"programId\": 2312,\n        \"programName\": \"C++ programming\",\n        \"programDescription\": \"Programming language \",\n        \"online\": false\n    },\n    {\n        \"programId\": 2313,\n        \"programName\": \"Python with selenium\",\n        \"programDescription\": \"Testing \",\n        \"online\": false\n    },\n    {\n        \"programId\": 2314,\n        \"programName\": \"Ruby with selenium\",\n        \"programDescription\": \"Testing using ruby language\",\n        \"online\": false\n    },\n    {\n        \"programId\": 2315,\n        \"programName\": \"Pearl with selenium\",\n        \"programDescription\": \"Testing using pearl language\",\n        \"online\": false\n    },\n    {\n        \"programId\": 2316,\n        \"programName\": \".Net with selenium\",\n        \"programDescription\": \"Testing using .net language\",\n        \"online\": false\n    },\n    {\n        \"programId\": 2317,\n        \"programName\": \"JAVA 280 for testing\",\n        \"programDescription\": \"JAVA 280 for testing by lavisha\",\n        \"online\": false\n    },\n    {\n        \"programId\": 2318,\n        \"programName\": \"C++ programming\",\n        \"programDescription\": \"Programming language \",\n        \"online\": false\n    },\n    {\n        \"programId\": 2319,\n        \"programName\": \"Python with selenium\",\n        \"programDescription\": \"Testing \",\n        \"online\": false\n    },\n    {\n        \"programId\": 2320,\n        \"programName\": \"Ruby with selenium\",\n        \"programDescription\": \"Testing using ruby language\",\n        \"online\": false\n    },\n    {\n        \"programId\": 2321,\n        \"programName\": \"Pearl with selenium\",\n        \"programDescription\": \"Testing using pearl language\",\n        \"online\": false\n    },\n    {\n        \"programId\": 2322,\n        \"programName\": \".Net with selenium\",\n        \"programDescription\": \"Testing using .net language\",\n        \"online\": false\n    },\n    {\n        \"programId\": 2323,\n        \"programName\": \"SDETUpdated\",\n        \"programDescription\": null,\n        \"online\": false\n    },\n    {\n        \"programId\": 2324,\n        \"programName\": \"updated\",\n        \"programDescription\": null,\n        \"online\": false\n    },\n    {\n        \"programId\": 2325,\n        \"programName\": \"updated\",\n        \"programDescription\": null,\n        \"online\": false\n    },\n    {\n        \"programId\": 2326,\n        \"programName\": \"JAVA 280 for testingModified\",\n        \"programDescription\": \"JAVA 280 for testing by lavisha\",\n        \"online\": false\n    },\n    {\n        \"programId\": 2327,\n        \"programName\": \"C++ programmingModified\",\n        \"programDescription\": \"Programming language \",\n        \"online\": false\n    },\n    {\n        \"programId\": 2328,\n        \"programName\": \"Python with seleniumModified\",\n        \"programDescription\": \"Testing \",\n        \"online\": false\n    },\n    {\n        \"programId\": 2329,\n        \"programName\": \"Ruby with seleniumModified\",\n        \"programDescription\": \"Testing using ruby language\",\n        \"online\": false\n    },\n    {\n        \"programId\": 2330,\n        \"programName\": \"Pearl with seleniumModified\",\n        \"programDescription\": \"Testing using pearl language\",\n        \"online\": false\n    },\n    {\n        \"programId\": 9236,\n        \"programName\": \"lms api modified\",\n        \"programDescription\": \"lms api modified\",\n        \"online\": true\n    },\n    {\n        \"programId\": 2332,\n        \"programName\": \"JAVA 280 for testingModified\",\n        \"programDescription\": \"JAVA 280 for testing by lavisha\",\n        \"online\": false\n    },\n    {\n        \"programId\": 2333,\n        \"programName\": \"C++ programmingModified\",\n        \"programDescription\": \"Programming language \",\n        \"online\": false\n    },\n    {\n        \"programId\": 2334,\n        \"programName\": \"Python with seleniumModified\",\n        \"programDescription\": \"Testing \",\n        \"online\": false\n    },\n    {\n        \"programId\": 2335,\n        \"programName\": \"Ruby with seleniumModified\",\n        \"programDescription\": \"Testing using ruby language\",\n        \"online\": false\n    },\n    {\n        \"programId\": 2336,\n        \"programName\": \"Pearl with seleniumModified\",\n        \"programDescription\": \"Testing using pearl language\",\n        \"online\": false\n    },\n    {\n        \"programId\": 2337,\n        \"programName\": \".Net with seleniumModified\",\n        \"programDescription\": \"Testing using .net language\",\n        \"online\": false\n    },\n    {\n        \"programId\": 2338,\n        \"programName\": \"JAVA 280 for testingModified\",\n        \"programDescription\": \"JAVA 280 for testing by lavisha\",\n        \"online\": false\n    },\n    {\n        \"programId\": 2339,\n        \"programName\": \"C++ programmingModified\",\n        \"programDescription\": \"Programming language \",\n        \"online\": false\n    },\n    {\n        \"programId\": 2340,\n        \"programName\": \"Python with seleniumModified\",\n        \"programDescription\": \"Testing \",\n        \"online\": false\n    },\n    {\n        \"programId\": 2341,\n        \"programName\": \"Ruby with seleniumModified\",\n        \"programDescription\": \"Testing using ruby language\",\n        \"online\": false\n    },\n    {\n        \"programId\": 2342,\n        \"programName\": \"Pearl with seleniumModified\",\n        \"programDescription\": \"Testing using pearl language\",\n        \"online\": false\n    },\n    {\n        \"programId\": 2343,\n        \"programName\": \".Net with seleniumModified\",\n        \"programDescription\": \"Testing using .net language\",\n        \"online\": false\n    },\n    {\n        \"programId\": 2344,\n        \"programName\": \"SDET011\",\n        \"programDescription\": \"Test Savi TEST\",\n        \"online\": false\n    },\n    {\n        \"programId\": 2345,\n        \"programName\": \"testing\",\n        \"programDescription\": \"testing\",\n        \"online\": true\n    },\n    {\n        \"programId\": 2346,\n        \"programName\": \"xyzstring\",\n        \"programDescription\": \"xyzstring\",\n        \"online\": true\n    },\n    {\n        \"programId\": 2347,\n        \"programName\": \"xyzstring\",\n        \"programDescription\": \"xyzstring\",\n        \"online\": true\n    },\n    {\n        \"programId\": 2348,\n        \"programName\": \"xyzstring\",\n        \"programDescription\": \"xyzstring\",\n        \"online\": true\n    },\n    {\n        \"programId\": 2349,\n        \"programName\": \"abcstring\",\n        \"programDescription\": \"abcstring\",\n        \"online\": true\n    },\n    {\n        \"programId\": 2350,\n        \"programName\": \"abcstring\",\n        \"programDescription\": \"abcstring\",\n        \"online\": true\n    },\n    {\n        \"programId\": 2351,\n        \"programName\": \"abcstring\",\n        \"programDescription\": \"abcstring\",\n        \"online\": true\n    },\n    {\n        \"programId\": 2352,\n        \"programName\": \"string\",\n        \"programDescription\": \"string\",\n        \"online\": true\n    },\n    {\n        \"programId\": 2353,\n        \"programName\": \"stringkjkklklk\",\n        \"programDescription\": \"stringjhjhj\",\n        \"online\": true\n    },\n    {\n        \"programId\": 2354,\n        \"programName\": \"string\",\n        \"programDescription\": \"string\",\n        \"online\": true\n    },\n    {\n        \"programId\": 2355,\n        \"programName\": \"string\",\n        \"programDescription\": \"string\",\n        \"online\": true\n    },\n    {\n        \"programId\": 2357,\n        \"programName\": \"string\",\n        \"programDescription\": \"string\",\n        \"online\": true\n    },\n    {\n        \"programId\": 2358,\n        \"programName\": \"string\",\n        \"programDescription\": \"string\",\n        \"online\": true\n    },\n    {\n        \"programId\": 2359,\n        \"programName\": \"kjjstring\",\n        \"programDescription\": \"jkjstring\",\n        \"online\": true\n    },\n    {\n        \"programId\": 2360,\n        \"programName\": \"Hi\",\n        \"programDescription\": \"Hello\",\n        \"online\": true\n    },\n    {\n        \"programId\": 2361,\n        \"programName\": \"string\",\n        \"programDescription\": \"New Pgm test\",\n        \"online\": true\n    },\n    {\n        \"programId\": 2376,\n        \"programName\": \"string\",\n        \"programDescription\": \"string\",\n        \"online\": true\n    },\n    {\n        \"programId\": 2363,\n        \"programName\": \"string\",\n        \"programDescription\": \"string\",\n        \"online\": true\n    },\n    {\n        \"programId\": 2364,\n        \"programName\": \"string\",\n        \"programDescription\": \"string\",\n        \"online\": true\n    },\n    {\n        \"programId\": 2365,\n        \"programName\": \"string\",\n        \"programDescription\": \"string\",\n        \"online\": true\n    },\n    {\n        \"programId\": 2366,\n        \"programName\": \"string\",\n        \"programDescription\": \"string\",\n        \"online\": true\n    },\n    {\n        \"programId\": 7357,\n        \"programName\": \"string\",\n        \"programDescription\": \"string\",\n        \"online\": true\n    },\n    {\n        \"programId\": 2368,\n        \"programName\": \"Hi\",\n        \"programDescription\": \"Hello\",\n        \"online\": true\n    },\n    {\n        \"programId\": 2369,\n        \"programName\": \"Hi\",\n        \"programDescription\": \"Hello\",\n        \"online\": true\n    },\n    {\n        \"programId\": 2370,\n        \"programName\": \"Hi\",\n        \"programDescription\": \"Hello\",\n        \"online\": true\n    },\n    {\n        \"programId\": 2371,\n        \"programName\": \"Hi\",\n        \"programDescription\": \"Hello\",\n        \"online\": true\n    },\n    {\n        \"programId\": 2372,\n        \"programName\": \"Hi\",\n        \"programDescription\": \"Hello\",\n        \"online\": true\n    },\n    {\n        \"programId\": 2373,\n        \"programName\": \"Hi\",\n        \"programDescription\": \"Hello\",\n        \"online\": true\n    },\n    {\n        \"programId\": 2374,\n        \"programName\": \"Hi\",\n        \"programDescription\": \"Hello\",\n        \"online\": true\n    },\n    {\n        \"programId\": 2375,\n        \"programName\": \"Hi\",\n        \"programDescription\": \"Hello\",\n        \"online\": true\n    },\n    {\n        \"programId\": 2377,\n        \"programName\": \"string\",\n        \"programDescription\": \"string\",\n        \"online\": true\n    },\n    {\n        \"programId\": 2378,\n        \"programName\": \"string\",\n        \"programDescription\": \"string\",\n        \"online\": true\n    },\n    {\n        \"programId\": 2379,\n        \"programName\": \"string\",\n        \"programDescription\": \"string\",\n        \"online\": true\n    },\n    {\n        \"programId\": 2380,\n        \"programName\": \"string\",\n        \"programDescription\": \"string\",\n        \"online\": true\n    },\n    {\n        \"programId\": 2381,\n        \"programName\": \"stringkjk\",\n        \"programDescription\": \"string\",\n        \"online\": true\n    },\n    {\n        \"programId\": 2382,\n        \"programName\": \"stringkjk\",\n        \"programDescription\": \"string\",\n        \"online\": true\n    },\n    {\n        \"programId\": 2383,\n        \"programName\": \"stringkjk\",\n        \"programDescription\": \"string\",\n        \"online\": true\n    },\n    {\n        \"programId\": 2384,\n        \"programName\": \"stringkjk\",\n        \"programDescription\": \"string\",\n        \"online\": true\n    },\n    {\n        \"programId\": 2385,\n        \"programName\": \"stringkjk\",\n        \"programDescription\": \"string\",\n        \"online\": true\n    },\n    {\n        \"programId\": 2386,\n        \"programName\": \"stringkjk\",\n        \"programDescription\": \"string\",\n        \"online\": true\n    },\n    {\n        \"programId\": 2387,\n        \"programName\": \"stringkjk\",\n        \"programDescription\": \"string\",\n        \"online\": true\n    },\n    {\n        \"programId\": 2388,\n        \"programName\": \"stringkjk\",\n        \"programDescription\": \"string\",\n        \"online\": true\n    },\n    {\n        \"programId\": 2389,\n        \"programName\": \"stringkjk\",\n        \"programDescription\": \"string\",\n        \"online\": true\n    },\n    {\n        \"programId\": 2390,\n        \"programName\": \"stringkjk\",\n        \"programDescription\": \"string\",\n        \"online\": true\n    },\n    {\n        \"programId\": 2391,\n        \"programName\": \"Testing\",\n        \"programDescription\": \"Testing\",\n        \"online\": true\n    },\n    {\n        \"programId\": 2392,\n        \"programName\": \"Testing modified from postman\",\n        \"programDescription\": \"Testing modified\",\n        \"online\": true\n    },\n    {\n        \"programId\": 2393,\n        \"programName\": \"testing\",\n        \"programDescription\": \"testing\",\n        \"online\": true\n    },\n    {\n        \"programId\": 2394,\n        \"programName\": \"1234\",\n        \"programDescription\": \"testing\",\n        \"online\": true\n    },\n    {\n        \"programId\": 2395,\n        \"programName\": \"testing modified\",\n        \"programDescription\": \"testing modified\",\n        \"online\": true\n    },\n    {\n        \"programId\": 2396,\n        \"programName\": \"string\",\n        \"programDescription\": \"string\",\n        \"online\": true\n    },\n    {\n        \"programId\": 2397,\n        \"programName\": \"string\",\n        \"programDescription\": \"string\",\n        \"online\": true\n    },\n    {\n        \"programId\": 2398,\n        \"programName\": \"string\",\n        \"programDescription\": \"string\",\n        \"online\": true\n    },\n    {\n        \"programId\": 9318,\n        \"programName\": \"QA\",\n        \"programDescription\": \"BASICS\",\n        \"online\": true\n    },\n    {\n        \"programId\": 2400,\n        \"programName\": \"Testing\",\n        \"programDescription\": \"Tseting\",\n        \"online\": true\n    },\n    {\n        \"programId\": 2401,\n        \"programName\": \"Testing\",\n        \"programDescription\": \"Tseting\",\n        \"online\": true\n    },\n    {\n        \"programId\": 2402,\n        \"programName\": \"nullModified\",\n        \"programDescription\": null,\n        \"online\": false\n    },\n    {\n        \"programId\": 2403,\n        \"programName\": \"nullModified\",\n        \"programDescription\": null,\n        \"online\": false\n    },\n    {\n        \"programId\": 2404,\n        \"programName\": \"nullModified\",\n        \"programDescription\": null,\n        \"online\": false\n    },\n    {\n        \"programId\": 2405,\n        \"programName\": \"nullModified\",\n        \"programDescription\": null,\n        \"online\": false\n    },\n    {\n        \"programId\": 2406,\n        \"programName\": \"nullModified\",\n        \"programDescription\": null,\n        \"online\": false\n    },\n    {\n        \"programId\": 2407,\n        \"programName\": \"nullModified\",\n        \"programDescription\": null,\n        \"online\": false\n    },\n    {\n        \"programId\": 2408,\n        \"programName\": \"nullModified\",\n        \"programDescription\": null,\n        \"online\": false\n    },\n    {\n        \"programId\": 2409,\n        \"programName\": \"nullModified\",\n        \"programDescription\": null,\n        \"online\": false\n    },\n    {\n        \"programId\": 2410,\n        \"programName\": \"nullModified\",\n        \"programDescription\": null,\n        \"online\": false\n    },\n    {\n        \"programId\": 2411,\n        \"programName\": \"nullModified\",\n        \"programDescription\": null,\n        \"online\": false\n    },\n    {\n        \"programId\": 2412,\n        \"programName\": \"nullModified\",\n        \"programDescription\": null,\n        \"online\": false\n    },\n    {\n        \"programId\": 2413,\n        \"programName\": \"nullModified\",\n        \"programDescription\": null,\n        \"online\": false\n    },\n    {\n        \"programId\": 2414,\n        \"programName\": \"nullModified\",\n        \"programDescription\": null,\n        \"online\": false\n    },\n    {\n        \"programId\": 2415,\n        \"programName\": \"nullModified\",\n        \"programDescription\": null,\n        \"online\": false\n    },\n    {\n        \"programId\": 2416,\n        \"programName\": \"nullModified\",\n        \"programDescription\": null,\n        \"online\": false\n    },\n    {\n        \"programId\": 2417,\n        \"programName\": \"nullModified\",\n        \"programDescription\": null,\n        \"online\": false\n    },\n    {\n        \"programId\": 3783,\n        \"programName\": \"\\\"Automation Testing\\\"\",\n        \"programDescription\": \"\\\"RestAssured\\\"\",\n        \"online\": false\n    },\n    {\n        \"programId\": 2419,\n        \"programName\": \"nullModified\",\n        \"programDescription\": null,\n        \"online\": false\n    },\n    {\n        \"programId\": 2420,\n        \"programName\": \"nullModified\",\n        \"programDescription\": null,\n        \"online\": false\n    },\n    {\n        \"programId\": 2421,\n        \"programName\": \"nullModified\",\n        \"programDescription\": null,\n        \"online\": false\n    },\n    {\n        \"programId\": 2422,\n        \"programName\": \"nullModified\",\n        \"programDescription\": null,\n        \"online\": false\n    },\n    {\n        \"programId\": 2424,\n        \"programName\": \"nullModified\",\n        \"programDescription\": null,\n        \"online\": false\n    },\n    {\n        \"programId\": 2425,\n        \"programName\": \"nullModified\",\n        \"programDescription\": null,\n        \"online\": false\n    },\n    {\n        \"programId\": 2426,\n        \"programName\": \"nullModified\",\n        \"programDescription\": null,\n        \"online\": false\n    },\n    {\n        \"programId\": 2427,\n        \"programName\": \"online field testing\",\n        \"programDescription\": \"entered with numbers\",\n        \"online\": true\n    },\n    {\n        \"programId\": 2428,\n        \"programName\": \"nullModified\",\n        \"programDescription\": null,\n        \"online\": false\n    },\n    {\n        \"programId\": 2429,\n        \"programName\": \"JAVA 280 for testingModified\",\n        \"programDescription\": \"JAVA 280 for testing by lavisha\",\n        \"online\": false\n    },\n    {\n        \"programId\": 2430,\n        \"programName\": \"online field testing\",\n        \"programDescription\": \"entered with numbers\",\n        \"online\": true\n    },\n    {\n        \"programId\": 2431,\n        \"programName\": \"string\",\n        \"programDescription\": \"string\",\n        \"online\": true\n    },\n    {\n        \"programId\": 2432,\n        \"programName\": \"string\",\n        \"programDescription\": \"string\",\n        \"online\": true\n    },\n    {\n        \"programId\": 2433,\n        \"programName\": \"string\",\n        \"programDescription\": \"string\",\n        \"online\": true\n    },\n    {\n        \"programId\": 2434,\n        \"programName\": \"string\",\n        \"programDescription\": \"\",\n        \"online\": true\n    },\n    {\n        \"programId\": 2435,\n        \"programName\": \"string\",\n        \"programDescription\": \"\",\n        \"online\": true\n    },\n    {\n        \"programId\": 2436,\n        \"programName\": \"string\",\n        \"programDescription\": \"string\",\n        \"online\": true\n    },\n    {\n        \"programId\": 2438,\n        \"programName\": \"string\",\n        \"programDescription\": \"\",\n        \"online\": true\n    },\n    {\n        \"programId\": 2439,\n        \"programName\": \"JAVA 280 for testing is Modified Now\",\n        \"programDescription\": \"JAVA 280 for testing by lavisha\",\n        \"online\": false\n    },\n    {\n        \"programId\": 2440,\n        \"programName\": \"JAVA 280 for testing New\",\n        \"programDescription\": \"JAVA 280 for testing by lavisha\",\n        \"online\": false\n    },\n    {\n        \"programId\": 2441,\n        \"programName\": \"JAVA 280 for testing is Modified Now\",\n        \"programDescription\": \"JAVA 280 for testing by lavisha\",\n        \"online\": false\n    },\n    {\n        \"programId\": 2442,\n        \"programName\": \"JAVA 280 for testing New\",\n        \"programDescription\": \"JAVA 280 for testing by lavisha\",\n        \"online\": false\n    },\n    {\n        \"programId\": 2443,\n        \"programName\": \"JAVA 280 for testing New\",\n        \"programDescription\": \"JAVA 280 for testing by lavisha\",\n        \"online\": false\n    },\n    {\n        \"programId\": 2444,\n        \"programName\": \"JAVA 280 for testing New\",\n        \"programDescription\": \"JAVA 280 for testing by lavisha\",\n        \"online\": false\n    },\n    {\n        \"programId\": 2446,\n        \"programName\": \"JAVA 280 for testing is Modified Now\",\n        \"programDescription\": \"JAVA 280 for testing by lavisha\",\n        \"online\": false\n    },\n    {\n        \"programId\": 2447,\n        \"programName\": \"SDET\",\n        \"programDescription\": \"fgds\",\n        \"online\": true\n    },\n    {\n        \"programId\": 2449,\n        \"programName\": \"stringkjk\",\n        \"programDescription\": \"string\",\n        \"online\": true\n    },\n    {\n        \"programId\": 2450,\n        \"programName\": \"stringkjk\",\n        \"programDescription\": \"string\",\n        \"online\": true\n    },\n    {\n        \"programId\": 2451,\n        \"programName\": \"stringkjk\",\n        \"programDescription\": \"string\",\n        \"online\": true\n    },\n    {\n        \"programId\": 2452,\n        \"programName\": \"stringkjk\",\n        \"programDescription\": \"string\",\n        \"online\": true\n    },\n    {\n        \"programId\": 2453,\n        \"programName\": \"stringkjk\",\n        \"programDescription\": \"string\",\n        \"online\": true\n    },\n    {\n        \"programId\": 2454,\n        \"programName\": \"stringkjk\",\n        \"programDescription\": \"string\",\n        \"online\": true\n    },\n    {\n        \"programId\": 2455,\n        \"programName\": \"stringkjk\",\n        \"programDescription\": \"string\",\n        \"online\": true\n    },\n    {\n        \"programId\": 2457,\n        \"programName\": \"stringkjk\",\n        \"programDescription\": \"string\",\n        \"online\": true\n    },\n    {\n        \"programId\": 2458,\n        \"programName\": \"stringkjk\",\n        \"programDescription\": \"string\",\n        \"online\": true\n    },\n    {\n        \"programId\": 2459,\n        \"programName\": \"stringkjk\",\n        \"programDescription\": \"string\",\n        \"online\": true\n    },\n    {\n        \"programId\": 2460,\n        \"programName\": \"BDD\",\n        \"programDescription\": \"BDD testing\",\n        \"online\": true\n    },\n    {\n        \"programId\": 2461,\n        \"programName\": \"Testing\",\n        \"programDescription\": \"Testing\",\n        \"online\": true\n    },\n    {\n        \"programId\": 2462,\n        \"programName\": \"Testing\",\n        \"programDescription\": \"Testing\",\n        \"online\": true\n    },\n    {\n        \"programId\": 3784,\n        \"programName\": \"\\\"Develeopment\\\"\",\n        \"programDescription\": \"\\\"Java\\\"\",\n        \"online\": false\n    },\n    {\n        \"programId\": 3785,\n        \"programName\": \"\\\"Project Management\\\"\",\n        \"programDescription\": \"\\\"scrum master\\\"\",\n        \"online\": false\n    },\n    {\n        \"programId\": 3786,\n        \"programName\": \"Automation Testing\",\n        \"programDescription\": \"RestAssured\",\n        \"online\": true\n    },\n    {\n        \"programId\": 2466,\n        \"programName\": \"JAVA 250 for testing\",\n        \"programDescription\": \"JAVA 250 for testing by shuba_112121\",\n        \"online\": true\n    },\n    {\n        \"programId\": 2468,\n        \"programName\": \"online field testing\",\n        \"programDescription\": \"entered with numbers\",\n        \"online\": true\n    },\n    {\n        \"programId\": 2469,\n        \"programName\": \"online field testing\",\n        \"programDescription\": \"entered with numbers\",\n        \"online\": true\n    },\n    {\n        \"programId\": 2470,\n        \"programName\": \"online field testing\",\n        \"programDescription\": \"entered with numbers\",\n        \"online\": true\n    },\n    {\n        \"programId\": 2471,\n        \"programName\": \"online field testing\",\n        \"programDescription\": \"entered with numbers\",\n        \"online\": true\n    },\n    {\n        \"programId\": 2472,\n        \"programName\": \"online field testing\",\n        \"programDescription\": \"entered with numbers\",\n        \"online\": true\n    },\n    {\n        \"programId\": 2473,\n        \"programName\": \"onlines field testing\",\n        \"programDescription\": \"entered with numbers\",\n        \"online\": true\n    },\n    {\n        \"programId\": 2474,\n        \"programName\": \"online field testing\",\n        \"programDescription\": \"entered with numbers\",\n        \"online\": true\n    },\n    {\n        \"programId\": 2475,\n        \"programName\": \"online field testing\",\n        \"programDescription\": \"entered with numbers\",\n        \"online\": true\n    },\n    {\n        \"programId\": 2476,\n        \"programName\": \"online field testing\",\n        \"programDescription\": \"entered with numbers\",\n        \"online\": true\n    },\n    {\n        \"programId\": 2477,\n        \"programName\": \"online field testing\",\n        \"programDescription\": \"entered with numbers\",\n        \"online\": true\n    },\n    {\n        \"programId\": 2478,\n        \"programName\": \"online field testing\",\n        \"programDescription\": \"entered with numbers\",\n        \"online\": true\n    },\n    {\n        \"programId\": 2479,\n        \"programName\": \"online field testing\",\n        \"programDescription\": \"entered with numbers\",\n        \"online\": true\n    },\n    {\n        \"programId\": 2480,\n        \"programName\": \"online field testing\",\n        \"programDescription\": \"entered with numbers\",\n        \"online\": true\n    },\n    {\n        \"programId\": 2481,\n        \"programName\": \"string\",\n        \"programDescription\": \"string\",\n        \"online\": true\n    },\n    {\n        \"programId\": 2482,\n        \"programName\": \"string\",\n        \"programDescription\": \"string\",\n        \"online\": true\n    },\n    {\n        \"programId\": 2483,\n        \"programName\": \"postman \",\n        \"programDescription\": \"testing \",\n        \"online\": true\n    },\n    {\n        \"programId\": 2484,\n        \"programName\": \"postman \",\n        \"programDescription\": \"testing \",\n        \"online\": true\n    },\n    {\n        \"programId\": 2510,\n        \"programName\": \"none\",\n        \"programDescription\": \"testing\",\n        \"online\": false\n    },\n    {\n        \"programId\": 2485,\n        \"programName\": \"java\",\n        \"programDescription\": \"java-training\",\n        \"online\": true\n    },\n    {\n        \"programId\": 2486,\n        \"programName\": \"1234\",\n        \"programDescription\": \"sigma\",\n        \"online\": true\n    },\n    {\n        \"programId\": 2489,\n        \"programName\": \"multiple digit testing\",\n        \"programDescription\": \"programId testing\",\n        \"online\": true\n    },\n    {\n        \"programId\": 2490,\n        \"programName\": \"sigma\",\n        \"programDescription\": \"sigma\",\n        \"online\": true\n    },\n    {\n        \"programId\": 2491,\n        \"programName\": \"multiple digit testing\",\n        \"programDescription\": \"programId testing\",\n        \"online\": true\n    },\n    {\n        \"programId\": 2492,\n        \"programName\": \"multiple digit testing\",\n        \"programDescription\": \"programId testing\",\n        \"online\": true\n    },\n    {\n        \"programId\": 2493,\n        \"programName\": \"multiple digit testing\",\n        \"programDescription\": \"programId testing\",\n        \"online\": true\n    },\n    {\n        \"programId\": 2494,\n        \"programName\": \"multiple digit testing\",\n        \"programDescription\": \"programId testing\",\n        \"online\": true\n    },\n    {\n        \"programId\": 2495,\n        \"programName\": \"postman \",\n        \"programDescription\": \"testing \",\n        \"online\": true\n    },\n    {\n        \"programId\": 2496,\n        \"programName\": \"postman \",\n        \"programDescription\": \"testing \",\n        \"online\": true\n    },\n    {\n        \"programId\": 2497,\n        \"programName\": \"boolean less\",\n        \"programDescription\": \"test boolean\",\n        \"online\": true\n    },\n    {\n        \"programId\": 2498,\n        \"programName\": \"boolean less\",\n        \"programDescription\": \"test boolean\",\n        \"online\": true\n    },\n    {\n        \"programId\": 2499,\n        \"programName\": \"boolean less\",\n        \"programDescription\": \"test boolean\",\n        \"online\": true\n    },\n    {\n        \"programId\": 2500,\n        \"programName\": \"boolean less\",\n        \"programDescription\": \"test boolean\",\n        \"online\": true\n    },\n    {\n        \"programId\": 2501,\n        \"programName\": \"boolean less\",\n        \"programDescription\": \"test boolean\",\n        \"online\": true\n    },\n    {\n        \"programId\": 2502,\n        \"programName\": \"boolean less\",\n        \"programDescription\": \"test boolean\",\n        \"online\": true\n    },\n    {\n        \"programId\": 2503,\n        \"programName\": \"test\",\n        \"programDescription\": \"testing\",\n        \"online\": true\n    },\n    {\n        \"programId\": 2504,\n        \"programName\": \"test\",\n        \"programDescription\": \"testing\",\n        \"online\": true\n    },\n    {\n        \"programId\": 2505,\n        \"programName\": \"test\",\n        \"programDescription\": \"testing\",\n        \"online\": true\n    },\n    {\n        \"programId\": 2506,\n        \"programName\": \"test\",\n        \"programDescription\": \"testing\",\n        \"online\": true\n    },\n    {\n        \"programId\": 2507,\n        \"programName\": \"Blank testing\",\n        \"programDescription\": \"\",\n        \"online\": true\n    },\n    {\n        \"programId\": 2508,\n        \"programName\": \"online field\",\n        \"programDescription\": \"entered with numbers\",\n        \"online\": true\n    },\n    {\n        \"programId\": 2509,\n        \"programName\": \"none\",\n        \"programDescription\": \"testing\",\n        \"online\": false\n    },\n    {\n        \"programId\": 2511,\n        \"programName\": \"none\",\n        \"programDescription\": \"testing\",\n        \"online\": false\n    },\n    {\n        \"programId\": 2512,\n        \"programName\": \"none\",\n        \"programDescription\": \"testing\",\n        \"online\": false\n    },\n    {\n        \"programId\": 2513,\n        \"programName\": \"online field testing\",\n        \"programDescription\": \"entered with numbers\",\n        \"online\": true\n    },\n    {\n        \"programId\": 2514,\n        \"programName\": \"Testing\",\n        \"programDescription\": \"Testing\",\n        \"online\": true\n    },\n    {\n        \"programId\": 2515,\n        \"programName\": \"string\",\n        \"programDescription\": \"string\",\n        \"online\": true\n    },\n    {\n        \"programId\": 2516,\n        \"programName\": \"Computer Science Eng\",\n        \"programDescription\": \"CS44\",\n        \"online\": true\n    },\n    {\n        \"programId\": 2517,\n        \"programName\": \"Computer Science Eng\",\n        \"programDescription\": \"CS44\",\n        \"online\": true\n    },\n    {\n        \"programId\": 2518,\n        \"programName\": \"Electrical Science Eng\",\n        \"programDescription\": \"EC55\",\n        \"online\": true\n    },\n    {\n        \"programId\": 2520,\n        \"programName\": \"Electrical Science Eng\",\n        \"programDescription\": \"EC55\",\n        \"online\": true\n    },\n    {\n        \"programId\": 2521,\n        \"programName\": \"Social Studies\",\n        \"programDescription\": \"SS22\",\n        \"online\": false\n    },\n    {\n        \"programId\": 2522,\n        \"programName\": \"none\",\n        \"programDescription\": \"testing\",\n        \"online\": false\n    },\n    {\n        \"programId\": 2523,\n        \"programName\": \"none\",\n        \"programDescription\": \"testing\",\n        \"online\": false\n    },\n    {\n        \"programId\": 2525,\n        \"programName\": \"Shell Developer\",\n        \"programDescription\": \"Shell Developer\",\n        \"online\": true\n    },\n    {\n        \"programId\": 2423,\n        \"programName\": \"Java 1003 Training\",\n        \"programDescription\": \"Java 100 Training\",\n        \"online\": false\n    },\n    {\n        \"programId\": 2527,\n        \"programName\": \"2255\",\n        \"programDescription\": \"CS25\",\n        \"online\": false\n    },\n    {\n        \"programId\": 2528,\n        \"programName\": \"42266884\",\n        \"programDescription\": \"abc321\",\n        \"online\": false\n    },\n    {\n        \"programId\": 2529,\n        \"programName\": \"multiple digit testing\",\n        \"programDescription\": \"programId testing\",\n        \"online\": true\n    },\n    {\n        \"programId\": 2530,\n        \"programName\": \"string\",\n        \"programDescription\": \"string\",\n        \"online\": true\n    },\n    {\n        \"programId\": 2526,\n        \"programName\": \"Associate Shell Developer\",\n        \"programDescription\": \"Associate Shell Developer\",\n        \"online\": true\n    },\n    {\n        \"programId\": 2531,\n        \"programName\": \"HR\",\n        \"programDescription\": \"HR\",\n        \"online\": true\n    },\n    {\n        \"programId\": 2532,\n        \"programName\": \"HR\",\n        \"programDescription\": \"HR\",\n        \"online\": true\n    },\n    {\n        \"programId\": 2533,\n        \"programName\": \"Assistant\",\n        \"programDescription\": \"Assistant\",\n        \"online\": true\n    },\n    {\n        \"programId\": 2534,\n        \"programName\": \"SDET\",\n        \"programDescription\": \"Postman, Selenium\",\n        \"online\": true\n    },\n    {\n        \"programId\": 7360,\n        \"programName\": \"Angular\",\n        \"programDescription\": \"Wwwwwwwwwwwwwwww\",\n        \"online\": true\n    },\n    {\n        \"programId\": 2538,\n        \"programName\": \"Assistantabc\",\n        \"programDescription\": \"Assistantabc\",\n        \"online\": true\n    },\n    {\n        \"programId\": 2539,\n        \"programName\": \"OK\",\n        \"programDescription\": \"OK\",\n        \"online\": true\n    },\n    {\n        \"programId\": 2540,\n        \"programName\": \"JAVA\",\n        \"programDescription\": \"JAVA Basics\",\n        \"online\": true\n    },\n    {\n        \"programId\": 2541,\n        \"programName\": \"JAVA\",\n        \"programDescription\": \"JAVA Basics\",\n        \"online\": true\n    },\n    {\n        \"programId\": 2542,\n        \"programName\": \"nonexisting program id\",\n        \"programDescription\": \"nonexisting program id\",\n        \"online\": true\n    },\n    {\n        \"programId\": 2544,\n        \"programName\": \"JAVA\",\n        \"programDescription\": \"JAVA Basics\",\n        \"online\": true\n    },\n    {\n        \"programId\": 2545,\n        \"programName\": \"JAVA\",\n        \"programDescription\": \"JAVA Basics\",\n        \"online\": true\n    },\n    {\n        \"programId\": 2546,\n        \"programName\": \"JAVA\",\n        \"programDescription\": \"JAVA Basics\",\n        \"online\": true\n    },\n    {\n        \"programId\": 2638,\n        \"programName\": \"Data science \",\n        \"programDescription\": \"SDET203\",\n        \"online\": false\n    },\n    {\n        \"programId\": 2639,\n        \"programName\": \"Java\",\n        \"programDescription\": \"Sdet180\",\n        \"online\": false\n    },\n    {\n        \"programId\": 2640,\n        \"programName\": \"Testing\",\n        \"programDescription\": \"\",\n        \"online\": true\n    },\n    {\n        \"programId\": 2641,\n        \"programName\": \"testing\",\n        \"programDescription\": \"testing\",\n        \"online\": true\n    },\n    {\n        \"programId\": 2642,\n        \"programName\": \"testing\",\n        \"programDescription\": \"testing\",\n        \"online\": true\n    },\n    {\n        \"programId\": 2643,\n        \"programName\": \"Testing\",\n        \"programDescription\": \"Testing\",\n        \"online\": true\n    },\n    {\n        \"programId\": 2547,\n        \"programName\": \"multiple digit testing\",\n        \"programDescription\": \"programId testing\",\n        \"online\": true\n    },\n    {\n        \"programId\": 2548,\n        \"programName\": \"multiple digit testing\",\n        \"programDescription\": \"programId testing\",\n        \"online\": true\n    },\n    {\n        \"programId\": 7361,\n        \"programName\": \"string\",\n        \"programDescription\": \"string\",\n        \"online\": true\n    },\n    {\n        \"programId\": 2549,\n        \"programName\": \"noprogdesc\",\n        \"programDescription\": \"\",\n        \"online\": true\n    },\n    {\n        \"programId\": 2550,\n        \"programName\": \"API Testing\",\n        \"programDescription\": \"E2E\",\n        \"online\": true\n    },\n    {\n        \"programId\": 2551,\n        \"programName\": \"Data Scientist\",\n        \"programDescription\": \"Postman, Selenium\",\n        \"online\": true\n    },\n    {\n        \"programId\": 2553,\n        \"programName\": \"string\",\n        \"programDescription\": \"string\",\n        \"online\": true\n    },\n    {\n        \"programId\": 2554,\n        \"programName\": \"string\",\n        \"programDescription\": \"string\",\n        \"online\": true\n    },\n    {\n        \"programId\": 2555,\n        \"programName\": \"post\",\n        \"programDescription\": \"entered with numbers\",\n        \"online\": true\n    },\n    {\n        \"programId\": 2556,\n        \"programName\": \"CPP\",\n        \"programDescription\": \"\",\n        \"online\": true\n    },\n    {\n        \"programId\": 2557,\n        \"programName\": \"CPP\",\n        \"programDescription\": \"\",\n        \"online\": true\n    },\n    {\n        \"programId\": 2558,\n        \"programName\": \"online filed testing\",\n        \"programDescription\": \"entered with numbers\",\n        \"online\": true\n    },\n    {\n        \"programId\": 2559,\n        \"programName\": \"post\",\n        \"programDescription\": \"null\",\n        \"online\": true\n    },\n    {\n        \"programId\": 2560,\n        \"programName\": \"CPP\",\n        \"programDescription\": \"\",\n        \"online\": true\n    },\n    {\n        \"programId\": 3789,\n        \"programName\": \"\\\"Project Management\\\"\",\n        \"programDescription\": \"\\\"scrum master\\\"\",\n        \"online\": false\n    },\n    {\n        \"programId\": 2565,\n        \"programName\": \"online field testing\",\n        \"programDescription\": \"entered with numbers\",\n        \"online\": true\n    },\n    {\n        \"programId\": 2566,\n        \"programName\": \"Data Scientist\",\n        \"programDescription\": \"Postman, Selenium\",\n        \"online\": true\n    },\n    {\n        \"programId\": 2567,\n        \"programName\": \"12454545484\",\n        \"programDescription\": \"Postman, Selenium\",\n        \"online\": true\n    },\n    {\n        \"programId\": 3835,\n        \"programName\": \"\\\"Project Management\\\"\",\n        \"programDescription\": \"\\\"scrum master\\\"\",\n        \"online\": false\n    },\n    {\n        \"programId\": 2645,\n        \"programName\": \"string\",\n        \"programDescription\": \"string\",\n        \"online\": true\n    },\n    {\n        \"programId\": 2646,\n        \"programName\": \"string\",\n        \"programDescription\": \"string\",\n        \"online\": true\n    },\n    {\n        \"programId\": 2570,\n        \"programName\": \"string\",\n        \"programDescription\": \"core Java\",\n        \"online\": true\n    },\n    {\n        \"programId\": 2591,\n        \"programName\": \"JAVA\",\n        \"programDescription\": \"SELENIUM Basics\",\n        \"online\": true\n    },\n    {\n        \"programId\": 3841,\n        \"programName\": \"Automation Testing\",\n        \"programDescription\": \"RestAssured\",\n        \"online\": true\n    },\n    {\n        \"programId\": 2571,\n        \"programName\": \"Testing\",\n        \"programDescription\": \"Testing\",\n        \"online\": true\n    },\n    {\n        \"programId\": 2578,\n        \"programName\": \"Computer Science Eng\",\n        \"programDescription\": \"CS44\",\n        \"online\": true\n    },\n    {\n        \"programId\": 2579,\n        \"programName\": \"Computer Science Eng\",\n        \"programDescription\": \"CS44\",\n        \"online\": true\n    },\n    {\n        \"programId\": 2580,\n        \"programName\": \"Computer Science Eng\",\n        \"programDescription\": \"CS44\",\n        \"online\": true\n    },\n    {\n        \"programId\": 2581,\n        \"programName\": \"Computer Science Eng\",\n        \"programDescription\": \"Testing\",\n        \"online\": true\n    },\n    {\n        \"programId\": 2582,\n        \"programName\": \"Testing\",\n        \"programDescription\": \"Testing\",\n        \"online\": true\n    },\n    {\n        \"programId\": 2583,\n        \"programName\": \"Testing Modified\",\n        \"programDescription\": \"Testing Modified\",\n        \"online\": true\n    },\n    {\n        \"programId\": 3880,\n        \"programName\": \"string\",\n        \"programDescription\": \"string\",\n        \"online\": true\n    },\n    {\n        \"programId\": 2585,\n        \"programName\": \"Testing modified from postman\",\n        \"programDescription\": null,\n        \"online\": true\n    },\n    {\n        \"programId\": 7362,\n        \"programName\": \"string\",\n        \"programDescription\": \"string\",\n        \"online\": true\n    },\n    {\n        \"programId\": 2587,\n        \"programName\": \"Testing modified from postman\",\n        \"programDescription\": null,\n        \"online\": true\n    },\n    {\n        \"programId\": 2588,\n        \"programName\": \"Testing modified from postman\",\n        \"programDescription\": null,\n        \"online\": true\n    },\n    {\n        \"programId\": 3889,\n        \"programName\": \"asdfa\",\n        \"programDescription\": \"asfa\",\n        \"online\": true\n    },\n    {\n        \"programId\": 2590,\n        \"programName\": \"testing\",\n        \"programDescription\": \"testing\",\n        \"online\": true\n    },\n    {\n        \"programId\": 2592,\n        \"programName\": \"testing modified\",\n        \"programDescription\": \"testing modified\",\n        \"online\": true\n    },\n    {\n        \"programId\": 2593,\n        \"programName\": \"testing modified\",\n        \"programDescription\": \" testing modified\",\n        \"online\": true\n    },\n    {\n        \"programId\": 2594,\n        \"programName\": \"testing\",\n        \"programDescription\": \"testing\",\n        \"online\": true\n    },\n    {\n        \"programId\": 2595,\n        \"programName\": \"testing modified\",\n        \"programDescription\": \"Testing modified\",\n        \"online\": true\n    },\n    {\n        \"programId\": 2596,\n        \"programName\": \"testing \",\n        \"programDescription\": \"testing \",\n        \"online\": true\n    },\n    {\n        \"programId\": 2597,\n        \"programName\": \"online field testing\",\n        \"programDescription\": \"entered with numbers\",\n        \"online\": true\n    },\n    {\n        \"programId\": 2598,\n        \"programName\": \"postman \",\n        \"programDescription\": \"testing \",\n        \"online\": true\n    },\n    {\n        \"programId\": 2599,\n        \"programName\": \"testing\",\n        \"programDescription\": \"testing\",\n        \"online\": true\n    },\n    {\n        \"programId\": 2600,\n        \"programName\": \"testing modified\",\n        \"programDescription\": \"Testing modified\",\n        \"online\": true\n    },\n    {\n        \"programId\": 2601,\n        \"programName\": \"testing\",\n        \"programDescription\": \"testing\",\n        \"online\": true\n    },\n    {\n        \"programId\": 2602,\n        \"programName\": \"online field testing\",\n        \"programDescription\": \"entered with numbers\",\n        \"online\": true\n    },\n    {\n        \"programId\": 2603,\n        \"programName\": \"Testing\",\n        \"programDescription\": \"Testing\",\n        \"online\": true\n    },\n    {\n        \"programId\": 2604,\n        \"programName\": \"Testing\",\n        \"programDescription\": \"Testing\",\n        \"online\": true\n    },\n    {\n        \"programId\": 2605,\n        \"programName\": \"string\",\n        \"programDescription\": \"string\",\n        \"online\": true\n    },\n    {\n        \"programId\": 2606,\n        \"programName\": \"Testing\",\n        \"programDescription\": \"Testing\",\n        \"online\": true\n    },\n    {\n        \"programId\": 3890,\n        \"programName\": \"Contract testing\",\n        \"programDescription\": \"LMS API TESTING\",\n        \"online\": true\n    },\n    {\n        \"programId\": 2608,\n        \"programName\": \"Testing\",\n        \"programDescription\": \"Testing\",\n        \"online\": true\n    },\n    {\n        \"programId\": 3891,\n        \"programName\": \"asdfa\",\n        \"programDescription\": \"asfa\",\n        \"online\": true\n    },\n    {\n        \"programId\": 3892,\n        \"programName\": \"Contract testing\",\n        \"programDescription\": \"LMS API TESTING\",\n        \"online\": true\n    },\n    {\n        \"programId\": 2611,\n        \"programName\": \"Gayatri\",\n        \"programDescription\": \"Gayatri\",\n        \"online\": true\n    },\n    {\n        \"programId\": 2612,\n        \"programName\": \"Gayatri\",\n        \"programDescription\": \"\",\n        \"online\": true\n    },\n    {\n        \"programId\": 2613,\n        \"programName\": \"Testing\",\n        \"programDescription\": \"\",\n        \"online\": true\n    },\n    {\n        \"programId\": 2614,\n        \"programName\": \"testing\",\n        \"programDescription\": \"testing\",\n        \"online\": true\n    },\n    {\n        \"programId\": 2615,\n        \"programName\": \"Gayatri\",\n        \"programDescription\": \"\",\n        \"online\": true\n    },\n    {\n        \"programId\": 3893,\n        \"programName\": \"asdfa\",\n        \"programDescription\": \"asfa\",\n        \"online\": true\n    },\n    {\n        \"programId\": 2617,\n        \"programName\": \"testing modified\",\n        \"programDescription\": \"Testing modified\",\n        \"online\": true\n    },\n    {\n        \"programId\": 2543,\n        \"programName\": \"PYTHON \",\n        \"programDescription\": null,\n        \"online\": true\n    },\n    {\n        \"programId\": 7363,\n        \"programName\": \"string\",\n        \"programDescription\": \"string\",\n        \"online\": true\n    },\n    {\n        \"programId\": 3894,\n        \"programName\": \"Contract testing\",\n        \"programDescription\": \"LMS API TESTING\",\n        \"online\": true\n    },\n    {\n        \"programId\": 2618,\n        \"programName\": \"Testing\",\n        \"programDescription\": \"\",\n        \"online\": true\n    },\n    {\n        \"programId\": 3895,\n        \"programName\": \"asdfa\",\n        \"programDescription\": \"asfa\",\n        \"online\": true\n    },\n    {\n        \"programId\": 7364,\n        \"programName\": \"testing\",\n        \"programDescription\": \"testing\",\n        \"online\": true\n    },\n    {\n        \"programId\": 2619,\n        \"programName\": \"Post\",\n        \"programDescription\": \"700\",\n        \"online\": true\n    },\n    {\n        \"programId\": 2620,\n        \"programName\": \"Testing modified\",\n        \"programDescription\": \"Testing modified\",\n        \"online\": true\n    },\n    {\n        \"programId\": 2621,\n        \"programName\": \"$ Testing modified\",\n        \"programDescription\": \"Testing modified\",\n        \"online\": true\n    },\n    {\n        \"programId\": 2622,\n        \"programName\": \"$ Testing modified\",\n        \"programDescription\": \"Testing modified\",\n        \"online\": true\n    },\n    {\n        \"programId\": 2623,\n        \"programName\": \"$ Testing modified\",\n        \"programDescription\": \"12\",\n        \"online\": true\n    },\n    {\n        \"programId\": 2624,\n        \"programName\": \"$ Testing modified\",\n        \"programDescription\": \"dff12\",\n        \"online\": true\n    },\n    {\n        \"programId\": 2625,\n        \"programName\": \".988\",\n        \"programDescription\": \"dff12\",\n        \"online\": true\n    },\n    {\n        \"programId\": 2626,\n        \"programName\": \"string\",\n        \"programDescription\": \"string\",\n        \"online\": true\n    },\n    {\n        \"programId\": 2627,\n        \"programName\": \"string\",\n        \"programDescription\": \"string\",\n        \"online\": true\n    },\n    {\n        \"programId\": 2628,\n        \"programName\": \"string\",\n        \"programDescription\": \"string\",\n        \"online\": true\n    },\n    {\n        \"programId\": 2630,\n        \"programName\": \".234\",\n        \"programDescription\": \":\",\n        \"online\": true\n    },\n    {\n        \"programId\": 2633,\n        \"programName\": \"Java\",\n        \"programDescription\": \"Sdet180\",\n        \"online\": false\n    },\n    {\n        \"programId\": 2634,\n        \"programName\": \"Data science \",\n        \"programDescription\": \"SDET203\",\n        \"online\": false\n    },\n    {\n        \"programId\": 2635,\n        \"programName\": \"Java\",\n        \"programDescription\": \"Sdet180\",\n        \"online\": false\n    },\n    {\n        \"programId\": 2636,\n        \"programName\": \"Data science \",\n        \"programDescription\": \"SDET203\",\n        \"online\": false\n    },\n    {\n        \"programId\": 2637,\n        \"programName\": \"Java\",\n        \"programDescription\": \"Sdet180\",\n        \"online\": false\n    },\n    {\n        \"programId\": 2680,\n        \"programName\": \"JAVA 280 for testing\",\n        \"programDescription\": \"JAVA 280 for testing by lavisha\",\n        \"online\": false\n    },\n    {\n        \"programId\": 2681,\n        \"programName\": \"C++ programming\",\n        \"programDescription\": \"Programming language \",\n        \"online\": false\n    },\n    {\n        \"programId\": 2682,\n        \"programName\": \"Python with selenium\",\n        \"programDescription\": \"Testing \",\n        \"online\": false\n    },\n    {\n        \"programId\": 2683,\n        \"programName\": \"Ruby with selenium\",\n        \"programDescription\": \"Testing using ruby language\",\n        \"online\": false\n    },\n    {\n        \"programId\": 2684,\n        \"programName\": \"Pearl with selenium\",\n        \"programDescription\": \"Testing using pearl language\",\n        \"online\": false\n    },\n    {\n        \"programId\": 2685,\n        \"programName\": \".Net with selenium\",\n        \"programDescription\": \"Testing using .net language\",\n        \"online\": false\n    },\n    {\n        \"programId\": 2686,\n        \"programName\": \"JAVA 280 for testing\",\n        \"programDescription\": \"JAVA 280 for testing by lavisha\",\n        \"online\": false\n    },\n    {\n        \"programId\": 2687,\n        \"programName\": \"C++ programming\",\n        \"programDescription\": \"Programming language \",\n        \"online\": false\n    },\n    {\n        \"programId\": 2688,\n        \"programName\": \"Python with selenium\",\n        \"programDescription\": \"Testing \",\n        \"online\": false\n    },\n    {\n        \"programId\": 2689,\n        \"programName\": \"Ruby with selenium\",\n        \"programDescription\": \"Testing using ruby language\",\n        \"online\": false\n    },\n    {\n        \"programId\": 2690,\n        \"programName\": \"Pearl with selenium\",\n        \"programDescription\": \"Testing using pearl language\",\n        \"online\": false\n    },\n    {\n        \"programId\": 2691,\n        \"programName\": \".Net with selenium\",\n        \"programDescription\": \"Testing using .net language\",\n        \"online\": false\n    },\n    {\n        \"programId\": 2692,\n        \"programName\": \"JAVA 280 for testing\",\n        \"programDescription\": \"JAVA 280 for testing by lavisha\",\n        \"online\": false\n    },\n    {\n        \"programId\": 2693,\n        \"programName\": \"JAVA 280 for testing\",\n        \"programDescription\": \"JAVA 280 for testing by lavisha\",\n        \"online\": false\n    },\n    {\n        \"programId\": 2694,\n        \"programName\": \"JAVA 280 for testing\",\n        \"programDescription\": \"JAVA 280 for testing by lavisha\",\n        \"online\": false\n    },\n    {\n        \"programId\": 2695,\n        \"programName\": \"JAVA 280 for testing\",\n        \"programDescription\": \"JAVA 280 for testing by lavisha\",\n        \"online\": false\n    },\n    {\n        \"programId\": 2696,\n        \"programName\": \"JAVA 280 for testing\",\n        \"programDescription\": \"JAVA 280 for testing by lavisha\",\n        \"online\": false\n    },\n    {\n        \"programId\": 2697,\n        \"programName\": \"JAVA 280 for testing\",\n        \"programDescription\": \"JAVA 280 for testing by lavisha\",\n        \"online\": false\n    },\n    {\n        \"programId\": 2698,\n        \"programName\": \"JAVA 280 for testing\",\n        \"programDescription\": \"JAVA 280 for testing by lavisha\",\n        \"online\": false\n    },\n    {\n        \"programId\": 3790,\n        \"programName\": \"online field testing\",\n        \"programDescription\": \"entered with numbers\",\n        \"online\": true\n    },\n    {\n        \"programId\": 2700,\n        \"programName\": \"Data science \",\n        \"programDescription\": \"SDET203\",\n        \"online\": false\n    },\n    {\n        \"programId\": 2701,\n        \"programName\": \"Java\",\n        \"programDescription\": \"Sdet180\",\n        \"online\": false\n    },\n    {\n        \"programId\": 2702,\n        \"programName\": \"Data science \",\n        \"programDescription\": \"SDET203\",\n        \"online\": false\n    },\n    {\n        \"programId\": 2703,\n        \"programName\": \"Java\",\n        \"programDescription\": \"Sdet180\",\n        \"online\": false\n    },\n    {\n        \"programId\": 3842,\n        \"programName\": \"Python programming\",\n        \"programDescription\": \"Learn Python\",\n        \"online\": false\n    },\n    {\n        \"programId\": 2705,\n        \"programName\": \"Software Development in Test\",\n        \"programDescription\": \"SDET102\",\n        \"online\": true\n    },\n    {\n        \"programId\": 2706,\n        \"programName\": \"Data Science\",\n        \"programDescription\": \"DS102\",\n        \"online\": true\n    },\n    {\n        \"programId\": 2707,\n        \"programName\": \"Software Development in Test\",\n        \"programDescription\": \"SDET202\",\n        \"online\": true\n    },\n    {\n        \"programId\": 2708,\n        \"programName\": \"Data Science\",\n        \"programDescription\": \"DS202\",\n        \"online\": true\n    },\n    {\n        \"programId\": 2726,\n        \"programName\": \"java\",\n        \"programDescription\": \"sdet45\",\n        \"online\": false\n    },\n    {\n        \"programId\": 2727,\n        \"programName\": \"c++\",\n        \"programDescription\": \"sdet12\",\n        \"online\": false\n    },\n    {\n        \"programId\": 2728,\n        \"programName\": \"Software Development in Test\",\n        \"programDescription\": \"SDET102\",\n        \"online\": true\n    },\n    {\n        \"programId\": 2729,\n        \"programName\": \"Data Science\",\n        \"programDescription\": \"DS102\",\n        \"online\": true\n    },\n    {\n        \"programId\": 2730,\n        \"programName\": \"Software Development in Test\",\n        \"programDescription\": \"SDET202\",\n        \"online\": true\n    },\n    {\n        \"programId\": 2731,\n        \"programName\": \"Data Science\",\n        \"programDescription\": \"DS202\",\n        \"online\": true\n    },\n    {\n        \"programId\": 2732,\n        \"programName\": \"Software Development in Test\",\n        \"programDescription\": \"SDET102\",\n        \"online\": true\n    },\n    {\n        \"programId\": 2733,\n        \"programName\": \"Data Science\",\n        \"programDescription\": \"DS102\",\n        \"online\": true\n    },\n    {\n        \"programId\": 2734,\n        \"programName\": \"Software Development in Test\",\n        \"programDescription\": \"SDET202\",\n        \"online\": true\n    },\n    {\n        \"programId\": 2735,\n        \"programName\": \"Data Science\",\n        \"programDescription\": \"DS202\",\n        \"online\": true\n    },\n    {\n        \"programId\": 9237,\n        \"programName\": \"Testing\",\n        \"programDescription\": \"Testing\",\n        \"online\": true\n    },\n    {\n        \"programId\": 2737,\n        \"programName\": \"c++\",\n        \"programDescription\": \"sdet12\",\n        \"online\": true\n    },\n    {\n        \"programId\": 2738,\n        \"programName\": \"JAVA 280 for testing\",\n        \"programDescription\": \"JAVA 280 for testing by lavisha\",\n        \"online\": false\n    },\n    {\n        \"programId\": 2739,\n        \"programName\": \"JAVA 280 for testing\",\n        \"programDescription\": \"JAVA 280 for testing by lavisha\",\n        \"online\": false\n    },\n    {\n        \"programId\": 2740,\n        \"programName\": \"C++ programming\",\n        \"programDescription\": \"Programming language \",\n        \"online\": false\n    },\n    {\n        \"programId\": 2741,\n        \"programName\": \"Python with selenium\",\n        \"programDescription\": \"Testing \",\n        \"online\": false\n    },\n    {\n        \"programId\": 2742,\n        \"programName\": \"Ruby with selenium\",\n        \"programDescription\": \"Testing using ruby language\",\n        \"online\": false\n    },\n    {\n        \"programId\": 2743,\n        \"programName\": \"Pearl with selenium\",\n        \"programDescription\": \"Testing using pearl language\",\n        \"online\": false\n    },\n    {\n        \"programId\": 2744,\n        \"programName\": \".Net with selenium\",\n        \"programDescription\": \"Testing using .net language\",\n        \"online\": false\n    },\n    {\n        \"programId\": 2745,\n        \"programName\": \"JAVA 280 for testing\",\n        \"programDescription\": \"JAVA 280 for testing by lavisha\",\n        \"online\": false\n    },\n    {\n        \"programId\": 2746,\n        \"programName\": \"C++ programming\",\n        \"programDescription\": \"Programming language \",\n        \"online\": false\n    },\n    {\n        \"programId\": 2747,\n        \"programName\": \"Python with selenium\",\n        \"programDescription\": \"Testing \",\n        \"online\": false\n    },\n    {\n        \"programId\": 2748,\n        \"programName\": \"Ruby with selenium\",\n        \"programDescription\": \"Testing using ruby language\",\n        \"online\": false\n    },\n    {\n        \"programId\": 2749,\n        \"programName\": \"Pearl with selenium\",\n        \"programDescription\": \"Testing using pearl language\",\n        \"online\": false\n    },\n    {\n        \"programId\": 2750,\n        \"programName\": \".Net with selenium\",\n        \"programDescription\": \"Testing using .net language\",\n        \"online\": false\n    },\n    {\n        \"programId\": 2751,\n        \"programName\": \"JAVA 280 for testing\",\n        \"programDescription\": \"JAVA 280 for testing by lavisha\",\n        \"online\": false\n    },\n    {\n        \"programId\": 2752,\n        \"programName\": \"C++ programming\",\n        \"programDescription\": \"Programming language \",\n        \"online\": false\n    },\n    {\n        \"programId\": 2753,\n        \"programName\": \"Python with selenium\",\n        \"programDescription\": \"Testing \",\n        \"online\": false\n    },\n    {\n        \"programId\": 2754,\n        \"programName\": \"Ruby with selenium\",\n        \"programDescription\": \"Testing using ruby language\",\n        \"online\": false\n    },\n    {\n        \"programId\": 2755,\n        \"programName\": \"Pearl with selenium\",\n        \"programDescription\": \"Testing using pearl language\",\n        \"online\": false\n    },\n    {\n        \"programId\": 2756,\n        \"programName\": \".Net with selenium\",\n        \"programDescription\": \"Testing using .net language\",\n        \"online\": false\n    },\n    {\n        \"programId\": 2757,\n        \"programName\": \"JAVA 280 for testing\",\n        \"programDescription\": \"JAVA 280 for testing by lavisha\",\n        \"online\": false\n    },\n    {\n        \"programId\": 2758,\n        \"programName\": \"C++ programming\",\n        \"programDescription\": \"Programming language \",\n        \"online\": false\n    },\n    {\n        \"programId\": 2759,\n        \"programName\": \"Python with selenium\",\n        \"programDescription\": \"Testing \",\n        \"online\": false\n    },\n    {\n        \"programId\": 2760,\n        \"programName\": \"Ruby with selenium\",\n        \"programDescription\": \"Testing using ruby language\",\n        \"online\": false\n    },\n    {\n        \"programId\": 2761,\n        \"programName\": \"Pearl with selenium\",\n        \"programDescription\": \"Testing using pearl language\",\n        \"online\": false\n    },\n    {\n        \"programId\": 2762,\n        \"programName\": \".Net with selenium\",\n        \"programDescription\": \"Testing using .net language\",\n        \"online\": false\n    },\n    {\n        \"programId\": 2763,\n        \"programName\": \"JAVA 280 for testing\",\n        \"programDescription\": \"JAVA 280 for testing by lavisha\",\n        \"online\": false\n    },\n    {\n        \"programId\": 2764,\n        \"programName\": \"C++ programming\",\n        \"programDescription\": \"Programming language \",\n        \"online\": false\n    },\n    {\n        \"programId\": 2765,\n        \"programName\": \"Python with selenium\",\n        \"programDescription\": \"Testing \",\n        \"online\": false\n    },\n    {\n        \"programId\": 2766,\n        \"programName\": \"Ruby with selenium\",\n        \"programDescription\": \"Testing using ruby language\",\n        \"online\": false\n    },\n    {\n        \"programId\": 2767,\n        \"programName\": \"Pearl with selenium\",\n        \"programDescription\": \"Testing using pearl language\",\n        \"online\": false\n    },\n    {\n        \"programId\": 2768,\n        \"programName\": \".Net with selenium\",\n        \"programDescription\": \"Testing using .net language\",\n        \"online\": false\n    },\n    {\n        \"programId\": 2769,\n        \"programName\": \"java\",\n        \"programDescription\": \"sdet45\",\n        \"online\": true\n    },\n    {\n        \"programId\": 2772,\n        \"programName\": \"c++\",\n        \"programDescription\": \"sdet12\",\n        \"online\": true\n    },\n    {\n        \"programId\": 2773,\n        \"programName\": \"java\",\n        \"programDescription\": \"sdet45\",\n        \"online\": true\n    },\n    {\n        \"programId\": 2774,\n        \"programName\": \"c++\",\n        \"programDescription\": \"sdet12\",\n        \"online\": true\n    },\n    {\n        \"programId\": 2776,\n        \"programName\": \"java\",\n        \"programDescription\": \"sdet45\",\n        \"online\": true\n    },\n    {\n        \"programId\": 2777,\n        \"programName\": \"java\",\n        \"programDescription\": \"sdet45\",\n        \"online\": true\n    },\n    {\n        \"programId\": 2778,\n        \"programName\": \"c++\",\n        \"programDescription\": \"sdet12\",\n        \"online\": true\n    },\n    {\n        \"programId\": 2780,\n        \"programName\": \"java\",\n        \"programDescription\": \"sdet45\",\n        \"online\": true\n    },\n    {\n        \"programId\": 2781,\n        \"programName\": \"c++\",\n        \"programDescription\": \"sdet12\",\n        \"online\": true\n    },\n    {\n        \"programId\": 2783,\n        \"programName\": \"java\",\n        \"programDescription\": \"sdet45\",\n        \"online\": true\n    },\n    {\n        \"programId\": 2784,\n        \"programName\": \"c++\",\n        \"programDescription\": \"sdet12\",\n        \"online\": true\n    },\n    {\n        \"programId\": 2785,\n        \"programName\": \"java version 2\",\n        \"programDescription\": \"sdet46\",\n        \"online\": true\n    },\n    {\n        \"programId\": 2787,\n        \"programName\": \"Java\",\n        \"programDescription\": \"Returnship\",\n        \"online\": true\n    },\n    {\n        \"programId\": 2788,\n        \"programName\": \"Java\",\n        \"programDescription\": \"Returnship\",\n        \"online\": true\n    },\n    {\n        \"programId\": 2789,\n        \"programName\": \"Retrunship\",\n        \"programDescription\": \"Java Dev\",\n        \"online\": true\n    },\n    {\n        \"programId\": 2790,\n        \"programName\": \"Java\",\n        \"programDescription\": \"Returnship\",\n        \"online\": true\n    },\n    {\n        \"programId\": 2791,\n        \"programName\": \"java\",\n        \"programDescription\": \"sdet45\",\n        \"online\": true\n    },\n    {\n        \"programId\": 2770,\n        \"programName\": \"java version 2\",\n        \"programDescription\": \"sdet39\",\n        \"online\": true\n    },\n    {\n        \"programId\": 2792,\n        \"programName\": \"AutomationTesting\",\n        \"programDescription\": \"Freshers\",\n        \"online\": false\n    },\n    {\n        \"programId\": 2794,\n        \"programName\": \"JAVA 280 for testing\",\n        \"programDescription\": \"JAVA 280 for testing by lavisha\",\n        \"online\": false\n    },\n    {\n        \"programId\": 2795,\n        \"programName\": \"C++ programming\",\n        \"programDescription\": \"Programming language \",\n        \"online\": false\n    },\n    {\n        \"programId\": 2796,\n        \"programName\": \"Python with selenium\",\n        \"programDescription\": \"Testing \",\n        \"online\": false\n    },\n    {\n        \"programId\": 2797,\n        \"programName\": \"Ruby with selenium\",\n        \"programDescription\": \"Testing using ruby language\",\n        \"online\": false\n    },\n    {\n        \"programId\": 2798,\n        \"programName\": \"Pearl with selenium\",\n        \"programDescription\": \"Testing using pearl language\",\n        \"online\": false\n    },\n    {\n        \"programId\": 2799,\n        \"programName\": \".Net with selenium\",\n        \"programDescription\": \"Testing using .net language\",\n        \"online\": false\n    },\n    {\n        \"programId\": 2801,\n        \"programName\": \"C++ programming\",\n        \"programDescription\": \"Programming language \",\n        \"online\": false\n    },\n    {\n        \"programId\": 2802,\n        \"programName\": \"C++ programming is Modified Now\",\n        \"programDescription\": \"Programming language \",\n        \"online\": false\n    },\n    {\n        \"programId\": 3843,\n        \"programName\": \"Python programming Modified\",\n        \"programDescription\": \"Learn Python Modified\",\n        \"online\": false\n    },\n    {\n        \"programId\": 3844,\n        \"programName\": \"API testing\",\n        \"programDescription\": \"Testing using Postman \",\n        \"online\": false\n    },\n    {\n        \"programId\": 2806,\n        \"programName\": \"C++ programming\",\n        \"programDescription\": \"Programming language \",\n        \"online\": false\n    },\n    {\n        \"programId\": 2807,\n        \"programName\": \"C++ programming is Modified Now\",\n        \"programDescription\": \"Programming language \",\n        \"online\": false\n    },\n    {\n        \"programId\": 2809,\n        \"programName\": \"JAVA 280 for testing\",\n        \"programDescription\": \"JAVA 280 for testing by lavisha\",\n        \"online\": false\n    },\n    {\n        \"programId\": 2810,\n        \"programName\": \"C++ programming\",\n        \"programDescription\": \"Programming language \",\n        \"online\": false\n    },\n    {\n        \"programId\": 2811,\n        \"programName\": \"Python with selenium\",\n        \"programDescription\": \"Testing \",\n        \"online\": false\n    },\n    {\n        \"programId\": 2812,\n        \"programName\": \"Ruby with selenium\",\n        \"programDescription\": \"Testing using ruby language\",\n        \"online\": false\n    },\n    {\n        \"programId\": 2813,\n        \"programName\": \"Pearl with selenium\",\n        \"programDescription\": \"Testing using pearl language\",\n        \"online\": false\n    },\n    {\n        \"programId\": 2814,\n        \"programName\": \".Net with selenium\",\n        \"programDescription\": \"Testing using .net language\",\n        \"online\": false\n    },\n    {\n        \"programId\": 2815,\n        \"programName\": \"JAVA 280 for testing\",\n        \"programDescription\": \"JAVA 280 for testing by lavisha\",\n        \"online\": false\n    },\n    {\n        \"programId\": 2816,\n        \"programName\": \"C++ programming\",\n        \"programDescription\": \"Programming language \",\n        \"online\": false\n    },\n    {\n        \"programId\": 2817,\n        \"programName\": \"Python with selenium\",\n        \"programDescription\": \"Testing \",\n        \"online\": false\n    },\n    {\n        \"programId\": 2818,\n        \"programName\": \"Ruby with selenium\",\n        \"programDescription\": \"Testing using ruby language\",\n        \"online\": false\n    },\n    {\n        \"programId\": 2819,\n        \"programName\": \"Pearl with selenium\",\n        \"programDescription\": \"Testing using pearl language\",\n        \"online\": false\n    },\n    {\n        \"programId\": 2820,\n        \"programName\": \".Net with selenium\",\n        \"programDescription\": \"Testing using .net language\",\n        \"online\": false\n    },\n    {\n        \"programId\": 2821,\n        \"programName\": \"C++ programming\",\n        \"programDescription\": \"Programming language \",\n        \"online\": false\n    },\n    {\n        \"programId\": 2822,\n        \"programName\": \"C++ programming is Modified Now\",\n        \"programDescription\": \"Programming language \",\n        \"online\": false\n    },\n    {\n        \"programId\": 2824,\n        \"programName\": \"JAVA 280 for testing\",\n        \"programDescription\": \"JAVA 280 for testing by lavisha\",\n        \"online\": false\n    },\n    {\n        \"programId\": 2825,\n        \"programName\": \"C++ programming\",\n        \"programDescription\": \"Programming language \",\n        \"online\": false\n    },\n    {\n        \"programId\": 2830,\n        \"programName\": \"JAVA 280 for testing\",\n        \"programDescription\": \"JAVA 280 for testing by lavisha\",\n        \"online\": false\n    },\n    {\n        \"programId\": 2831,\n        \"programName\": \"C++ programming\",\n        \"programDescription\": \"Programming language \",\n        \"online\": false\n    },\n    {\n        \"programId\": 2832,\n        \"programName\": \"Python with selenium\",\n        \"programDescription\": \"Testing \",\n        \"online\": false\n    },\n    {\n        \"programId\": 2833,\n        \"programName\": \"Ruby with selenium\",\n        \"programDescription\": \"Testing using ruby language\",\n        \"online\": false\n    },\n    {\n        \"programId\": 2834,\n        \"programName\": \"Pearl with selenium\",\n        \"programDescription\": \"Testing using pearl language\",\n        \"online\": false\n    },\n    {\n        \"programId\": 2952,\n        \"programName\": \"SDET19put test\",\n        \"programDescription\": \"put test\",\n        \"online\": false\n    },\n    {\n        \"programId\": 3262,\n        \"programName\": \"5\",\n        \"programDescription\": \"entered with numbers\",\n        \"online\": true\n    },\n    {\n        \"programId\": 2835,\n        \"programName\": \".Net with selenium\",\n        \"programDescription\": \"Testing using .net language\",\n        \"online\": false\n    },\n    {\n        \"programId\": 2836,\n        \"programName\": \"Post method\",\n        \"programDescription\": \"Posting\",\n        \"online\": true\n    },\n    {\n        \"programId\": 2837,\n        \"programName\": \"JAVA 280 for testing\",\n        \"programDescription\": \"JAVA 280 for testing by lavisha\",\n        \"online\": false\n    },\n    {\n        \"programId\": 2838,\n        \"programName\": \"C++ programming\",\n        \"programDescription\": \"Programming language \",\n        \"online\": false\n    },\n    {\n        \"programId\": 2839,\n        \"programName\": \"Python with selenium\",\n        \"programDescription\": \"Testing \",\n        \"online\": false\n    },\n    {\n        \"programId\": 2840,\n        \"programName\": \"Ruby with selenium\",\n        \"programDescription\": \"Testing using ruby language\",\n        \"online\": false\n    },\n    {\n        \"programId\": 2841,\n        \"programName\": \"Pearl with selenium\",\n        \"programDescription\": \"Testing using pearl language\",\n        \"online\": false\n    },\n    {\n        \"programId\": 2842,\n        \"programName\": \".Net with selenium\",\n        \"programDescription\": \"Testing using .net language\",\n        \"online\": false\n    },\n    {\n        \"programId\": 2843,\n        \"programName\": \"C++ programming\",\n        \"programDescription\": \"Programming language \",\n        \"online\": false\n    },\n    {\n        \"programId\": 2844,\n        \"programName\": \"C++ programming is Modified Now\",\n        \"programDescription\": \"Programming language \",\n        \"online\": false\n    },\n    {\n        \"programId\": 2845,\n        \"programName\": \"C++ programming\",\n        \"programDescription\": \"Programming language \",\n        \"online\": false\n    },\n    {\n        \"programId\": 2846,\n        \"programName\": \"C++ programming is Modified Now\",\n        \"programDescription\": \"Programming language \",\n        \"online\": false\n    },\n    {\n        \"programId\": 2847,\n        \"programName\": \"C++ programming\",\n        \"programDescription\": \"Programming language \",\n        \"online\": false\n    },\n    {\n        \"programId\": 2848,\n        \"programName\": \"C++ programming is Modified Now\",\n        \"programDescription\": \"Programming language \",\n        \"online\": false\n    },\n    {\n        \"programId\": 2849,\n        \"programName\": \"AutomationTesting\",\n        \"programDescription\": \"Freshers\",\n        \"online\": false\n    },\n    {\n        \"programId\": 2850,\n        \"programName\": \"SDETAutomationTesting\",\n        \"programDescription\": \"Freshers\",\n        \"online\": false\n    },\n    {\n        \"programId\": 3791,\n        \"programName\": \"\\\"Automation Testing\\\"\",\n        \"programDescription\": \"\\\"RestAssured\\\"\",\n        \"online\": false\n    },\n    {\n        \"programId\": 2852,\n        \"programName\": \"RestAssured\",\n        \"programDescription\": \"Fresher\",\n        \"online\": false\n    },\n    {\n        \"programId\": 2853,\n        \"programName\": \"Java\",\n        \"programDescription\": \"Java Training\",\n        \"online\": true\n    },\n    {\n        \"programId\": 2854,\n        \"programName\": \"Java\",\n        \"programDescription\": \"Java Training\",\n        \"online\": true\n    },\n    {\n        \"programId\": 2855,\n        \"programName\": \"Java\",\n        \"programDescription\": \"Java Training\",\n        \"online\": true\n    },\n    {\n        \"programId\": 2856,\n        \"programName\": \"Java\",\n        \"programDescription\": \"Java Training\",\n        \"online\": true\n    },\n    {\n        \"programId\": 2857,\n        \"programName\": \"Java\",\n        \"programDescription\": \"Java Training\",\n        \"online\": true\n    },\n    {\n        \"programId\": 2858,\n        \"programName\": \"Java\",\n        \"programDescription\": \"Java Training\",\n        \"online\": true\n    },\n    {\n        \"programId\": 2859,\n        \"programName\": \"Java\",\n        \"programDescription\": \"Java Training\",\n        \"online\": true\n    },\n    {\n        \"programId\": 2860,\n        \"programName\": \"Java\",\n        \"programDescription\": \"Java Training\",\n        \"online\": true\n    },\n    {\n        \"programId\": 2861,\n        \"programName\": \"java\",\n        \"programDescription\": \"Java Training\",\n        \"online\": true\n    },\n    {\n        \"programId\": 2862,\n        \"programName\": \"Selenium\",\n        \"programDescription\": \"Selenium Training\",\n        \"online\": false\n    },\n    {\n        \"programId\": 2863,\n        \"programName\": \"Python\",\n        \"programDescription\": \"Python Training\",\n        \"online\": true\n    },\n    {\n        \"programId\": 2864,\n        \"programName\": \"java\",\n        \"programDescription\": \"Java Training\",\n        \"online\": true\n    },\n    {\n        \"programId\": 2865,\n        \"programName\": \"Selenium\",\n        \"programDescription\": \"Selenium Training\",\n        \"online\": false\n    },\n    {\n        \"programId\": 2866,\n        \"programName\": \"Python\",\n        \"programDescription\": \"Python Training\",\n        \"online\": true\n    },\n    {\n        \"programId\": 2867,\n        \"programName\": \"java\",\n        \"programDescription\": \"Java Training\",\n        \"online\": true\n    },\n    {\n        \"programId\": 2868,\n        \"programName\": \"Selenium\",\n        \"programDescription\": \"Selenium Training\",\n        \"online\": false\n    },\n    {\n        \"programId\": 2869,\n        \"programName\": \"Python\",\n        \"programDescription\": \"Python Training\",\n        \"online\": true\n    },\n    {\n        \"programId\": 2870,\n        \"programName\": \"Java\",\n        \"programDescription\": \"Java Training\",\n        \"online\": true\n    },\n    {\n        \"programId\": 3792,\n        \"programName\": \"\\\"Develeopment\\\"\",\n        \"programDescription\": \"\\\"Java\\\"\",\n        \"online\": false\n    },\n    {\n        \"programId\": 2872,\n        \"programName\": \"JAVA training\",\n        \"programDescription\": \"JAVA training\",\n        \"online\": true\n    },\n    {\n        \"programId\": 2873,\n        \"programName\": \"API Testing1\",\n        \"programDescription\": \"API Testing1 on LMS with json payload\",\n        \"online\": true\n    },\n    {\n        \"programId\": 2874,\n        \"programName\": \"API Testing1\",\n        \"programDescription\": \"API Testing1 on LMS with json payload\",\n        \"online\": true\n    },\n    {\n        \"programId\": 2875,\n        \"programName\": \"API Testing1\",\n        \"programDescription\": \"API Testing1 on LMS with json payload\",\n        \"online\": true\n    },\n    {\n        \"programId\": 2876,\n        \"programName\": \"Testing\",\n        \"programDescription\": \"Testing\",\n        \"online\": true\n    },\n    {\n        \"programId\": 2877,\n        \"programName\": \"API Testing1\",\n        \"programDescription\": \"API Testing1 on LMS with json payload\",\n        \"online\": true\n    },\n    {\n        \"programId\": 2878,\n        \"programName\": \"Testing\",\n        \"programDescription\": \"Testing\",\n        \"online\": true\n    },\n    {\n        \"programId\": 2879,\n        \"programName\": \"API Testing1\",\n        \"programDescription\": \"API Testing1 on LMS with json payload\",\n        \"online\": true\n    },\n    {\n        \"programId\": 2880,\n        \"programName\": \"Testing\",\n        \"programDescription\": \"Testing\",\n        \"online\": true\n    },\n    {\n        \"programId\": 2881,\n        \"programName\": \"Testing modified\",\n        \"programDescription\": \"Testing modified\",\n        \"online\": true\n    },\n    {\n        \"programId\": 2882,\n        \"programName\": \"Java\",\n        \"programDescription\": \"Java Training\",\n        \"online\": true\n    },\n    {\n        \"programId\": 2883,\n        \"programName\": \"Java\",\n        \"programDescription\": \"Java Training\",\n        \"online\": true\n    },\n    {\n        \"programId\": 2884,\n        \"programName\": \"Testing modified\",\n        \"programDescription\": \"string\",\n        \"online\": true\n    },\n    {\n        \"programId\": 2885,\n        \"programName\": \"JAVA 280 for testing\",\n        \"programDescription\": \"JAVA 280 for testing by lavisha\",\n        \"online\": false\n    },\n    {\n        \"programId\": 2886,\n        \"programName\": \"C++ programming\",\n        \"programDescription\": \"Programming language \",\n        \"online\": false\n    },\n    {\n        \"programId\": 9238,\n        \"programName\": \"Testing\",\n        \"programDescription\": \"Testing\",\n        \"online\": true\n    },\n    {\n        \"programId\": 9239,\n        \"programName\": \"Testing\",\n        \"programDescription\": \"Testing\",\n        \"online\": true\n    },\n    {\n        \"programId\": 2889,\n        \"programName\": \"Pearl with selenium\",\n        \"programDescription\": \"Testing using pearl language\",\n        \"online\": false\n    },\n    {\n        \"programId\": 2890,\n        \"programName\": \".Net with selenium\",\n        \"programDescription\": \"Testing using .net language\",\n        \"online\": false\n    },\n    {\n        \"programId\": 2891,\n        \"programName\": \"JAVA 280 for testing\",\n        \"programDescription\": \"JAVA 280 for testing by lavisha\",\n        \"online\": false\n    },\n    {\n        \"programId\": 2892,\n        \"programName\": \"C++ programming\",\n        \"programDescription\": \"Programming language \",\n        \"online\": false\n    },\n    {\n        \"programId\": 2893,\n        \"programName\": \"Python with selenium\",\n        \"programDescription\": \"Testing \",\n        \"online\": false\n    },\n    {\n        \"programId\": 2894,\n        \"programName\": \"Ruby with selenium\",\n        \"programDescription\": \"Testing using ruby language\",\n        \"online\": false\n    },\n    {\n        \"programId\": 2895,\n        \"programName\": \"Pearl with selenium\",\n        \"programDescription\": \"Testing using pearl language\",\n        \"online\": false\n    },\n    {\n        \"programId\": 2896,\n        \"programName\": \".Net with selenium\",\n        \"programDescription\": \"Testing using .net language\",\n        \"online\": false\n    },\n    {\n        \"programId\": 2897,\n        \"programName\": \"string\",\n        \"programDescription\": \"string\",\n        \"online\": true\n    },\n    {\n        \"programId\": 2898,\n        \"programName\": \"testing\",\n        \"programDescription\": \"testing\",\n        \"online\": true\n    },\n    {\n        \"programId\": 2899,\n        \"programName\": \"testing\",\n        \"programDescription\": \"testing\",\n        \"online\": true\n    },\n    {\n        \"programId\": 2900,\n        \"programName\": \"Testing\",\n        \"programDescription\": \"Testing\",\n        \"online\": true\n    },\n    {\n        \"programId\": 2901,\n        \"programName\": \"Wood\",\n        \"programDescription\": \"Chair\",\n        \"online\": true\n    },\n    {\n        \"programId\": 2902,\n        \"programName\": \"saistring\",\n        \"programDescription\": \"saidesstring\",\n        \"online\": true\n    },\n    {\n        \"programId\": 3793,\n        \"programName\": \"\\\"Project Management\\\"\",\n        \"programDescription\": \"\\\"scrum master\\\"\",\n        \"online\": false\n    },\n    {\n        \"programId\": 2905,\n        \"programName\": \"Devlopment\",\n        \"programDescription\": \"API Dev java\",\n        \"online\": true\n    },\n    {\n        \"programId\": 2906,\n        \"programName\": \"Dev\",\n        \"programDescription\": \"API Dev project\",\n        \"online\": true\n    },\n    {\n        \"programId\": 2907,\n        \"programName\": \"Deployment\",\n        \"programDescription\": \"API\",\n        \"online\": true\n    },\n    {\n        \"programId\": 2934,\n        \"programName\": \"Cypress UI Automation\",\n        \"programDescription\": \"string\",\n        \"online\": true\n    },\n    {\n        \"programId\": 2935,\n        \"programName\": \"Cypress UI test Automation\",\n        \"programDescription\": \"SDET\",\n        \"online\": true\n    },\n    {\n        \"programId\": 2908,\n        \"programName\": \"JAVA 280 for testing\",\n        \"programDescription\": \"JAVA 280 for testing by lavisha\",\n        \"online\": false\n    },\n    {\n        \"programId\": 2909,\n        \"programName\": \"C++ programming\",\n        \"programDescription\": \"Programming language \",\n        \"online\": false\n    },\n    {\n        \"programId\": 2912,\n        \"programName\": \"Pearl with selenium\",\n        \"programDescription\": \"Testing using pearl language\",\n        \"online\": false\n    },\n    {\n        \"programId\": 2913,\n        \"programName\": \".Net with selenium\",\n        \"programDescription\": \"Testing using .net language\",\n        \"online\": false\n    },\n    {\n        \"programId\": 2914,\n        \"programName\": \"JAVA 280 for testing\",\n        \"programDescription\": \"JAVA 280 for testing by lavisha\",\n        \"online\": false\n    },\n    {\n        \"programId\": 2915,\n        \"programName\": \"C++ programming\",\n        \"programDescription\": \"Programming language \",\n        \"online\": false\n    },\n    {\n        \"programId\": 2916,\n        \"programName\": \"Python with selenium\",\n        \"programDescription\": \"Testing \",\n        \"online\": false\n    },\n    {\n        \"programId\": 2917,\n        \"programName\": \"Ruby with selenium\",\n        \"programDescription\": \"Testing using ruby language\",\n        \"online\": false\n    },\n    {\n        \"programId\": 2918,\n        \"programName\": \"Pearl with selenium\",\n        \"programDescription\": \"Testing using pearl language\",\n        \"online\": false\n    },\n    {\n        \"programId\": 2919,\n        \"programName\": \".Net with selenium\",\n        \"programDescription\": \"Testing using .net language\",\n        \"online\": false\n    },\n    {\n        \"programId\": 2920,\n        \"programName\": \"JAVA 280 for testing\",\n        \"programDescription\": \"JAVA 280 for testing by lavisha\",\n        \"online\": false\n    },\n    {\n        \"programId\": 2921,\n        \"programName\": \"C++ programming\",\n        \"programDescription\": \"Programming language \",\n        \"online\": false\n    },\n    {\n        \"programId\": 2922,\n        \"programName\": \"Python with selenium\",\n        \"programDescription\": \"Testing \",\n        \"online\": false\n    },\n    {\n        \"programId\": 2923,\n        \"programName\": \"Ruby with selenium\",\n        \"programDescription\": \"Testing using ruby language\",\n        \"online\": false\n    },\n    {\n        \"programId\": 2924,\n        \"programName\": \"Pearl with selenium\",\n        \"programDescription\": \"Testing using pearl language\",\n        \"online\": false\n    },\n    {\n        \"programId\": 2925,\n        \"programName\": \".Net with selenium\",\n        \"programDescription\": \"Testing using .net language\",\n        \"online\": false\n    },\n    {\n        \"programId\": 2926,\n        \"programName\": \"string\",\n        \"programDescription\": \"string\",\n        \"online\": true\n    },\n    {\n        \"programId\": 2927,\n        \"programName\": \"SDET200\",\n        \"programDescription\": \"NumpyNinja_Updated11\",\n        \"online\": true\n    },\n    {\n        \"programId\": 2928,\n        \"programName\": \"SDET19dittu\",\n        \"programDescription\": \"sampledittu\",\n        \"online\": false\n    },\n    {\n        \"programId\": 2929,\n        \"programName\": \"SDET19dittu\",\n        \"programDescription\": \"sampledittu\",\n        \"online\": false\n    },\n    {\n        \"programId\": 2930,\n        \"programName\": \"SDET19dittuxxx\",\n        \"programDescription\": \"sampledittuxxx\",\n        \"online\": false\n    },\n    {\n        \"programId\": 2931,\n        \"programName\": \"Cypress Testing\",\n        \"programDescription\": \"SDET\",\n        \"online\": true\n    },\n    {\n        \"programId\": 2932,\n        \"programName\": \"SDET19dittuxxx\",\n        \"programDescription\": \"sampledittuxxx\",\n        \"online\": false\n    },\n    {\n        \"programId\": 2936,\n        \"programName\": \"Cypress UI test Automation\",\n        \"programDescription\": \"SDET\",\n        \"online\": true\n    },\n    {\n        \"programId\": 2938,\n        \"programName\": \"Testing\",\n        \"programDescription\": \"Testing\",\n        \"online\": true\n    },\n    {\n        \"programId\": 2939,\n        \"programName\": \"string\",\n        \"programDescription\": \"string\",\n        \"online\": true\n    },\n    {\n        \"programId\": 2940,\n        \"programName\": \"testing\",\n        \"programDescription\": \"SelviTestingLMSAPI\",\n        \"online\": true\n    },\n    {\n        \"programId\": 2941,\n        \"programName\": \"SDET19put test\",\n        \"programDescription\": \"put test\",\n        \"online\": false\n    },\n    {\n        \"programId\": 2942,\n        \"programName\": \"SDET19put test is Modified Nowxx\",\n        \"programDescription\": \"put test\",\n        \"online\": false\n    },\n    {\n        \"programId\": 2943,\n        \"programName\": \"SDET19put test\",\n        \"programDescription\": \"put test\",\n        \"online\": false\n    },\n    {\n        \"programId\": 2944,\n        \"programName\": \"SDET19put test is Modified Nowxx\",\n        \"programDescription\": \"put test\",\n        \"online\": false\n    },\n    {\n        \"programId\": 2945,\n        \"programName\": \"testing\",\n        \"programDescription\": \"testing\",\n        \"online\": true\n    },\n    {\n        \"programId\": 2946,\n        \"programName\": \"SDET19put test\",\n        \"programDescription\": \"put test\",\n        \"online\": false\n    },\n    {\n        \"programId\": 2947,\n        \"programName\": \"SDET19put test is Modified Nowxx\",\n        \"programDescription\": \"put test\",\n        \"online\": false\n    },\n    {\n        \"programId\": 2949,\n        \"programName\": \"string\",\n        \"programDescription\": \"string\",\n        \"online\": true\n    },\n    {\n        \"programId\": 2950,\n        \"programName\": \"string\",\n        \"programDescription\": \"string\",\n        \"online\": true\n    },\n    {\n        \"programId\": 2951,\n        \"programName\": \"string\",\n        \"programDescription\": \"string\",\n        \"online\": true\n    },\n    {\n        \"programId\": 2910,\n        \"programName\": \"Testing\",\n        \"programDescription\": \"Testing\",\n        \"online\": true\n    },\n    {\n        \"programId\": 2911,\n        \"programName\": \"Testing\",\n        \"programDescription\": \"Testing\",\n        \"online\": true\n    },\n    {\n        \"programId\": 3000,\n        \"programName\": \"Selenium\",\n        \"programDescription\": \"Testing\",\n        \"online\": true\n    },\n    {\n        \"programId\": 2986,\n        \"programName\": \"saranya\",\n        \"programDescription\": \"string\",\n        \"online\": true\n    },\n    {\n        \"programId\": 2955,\n        \"programName\": \"SDET19put test\",\n        \"programDescription\": \"put test\",\n        \"online\": false\n    },\n    {\n        \"programId\": 2956,\n        \"programName\": \"SDET19put test is Modified Nowxx\",\n        \"programDescription\": \"put test\",\n        \"online\": false\n    },\n    {\n        \"programId\": 5374,\n        \"programName\": \"Selenium\",\n        \"programDescription\": \"Testing\",\n        \"online\": true\n    },\n    {\n        \"programId\": 5110,\n        \"programName\": \"CoralDraw Modified\",\n        \"programDescription\": \"Testing edited Modified\",\n        \"online\": true\n    },\n    {\n        \"programId\": 5111,\n        \"programName\": \"Adobe Reader\",\n        \"programDescription\": \"Testing edited\",\n        \"online\": true\n    },\n    {\n        \"programId\": 5375,\n        \"programName\": \"Java\",\n        \"programDescription\": \"Testing\",\n        \"online\": true\n    },\n    {\n        \"programId\": 2961,\n        \"programName\": \"SDET19put test\",\n        \"programDescription\": \"put test\",\n        \"online\": false\n    },\n    {\n        \"programId\": 2962,\n        \"programName\": \"SDET19put test is Modified Nowxx\",\n        \"programDescription\": \"put test\",\n        \"online\": false\n    },\n    {\n        \"programId\": 2963,\n        \"programName\": \"SDET19dittuxxx1111final\",\n        \"programDescription\": \"sampledittuxxxfinal\",\n        \"online\": false\n    },\n    {\n        \"programId\": 3030,\n        \"programName\": \"Prek\",\n        \"programDescription\": \"India\",\n        \"online\": true\n    },\n    {\n        \"programId\": 9240,\n        \"programName\": \"Testing\",\n        \"programDescription\": \"Testing\",\n        \"online\": true\n    },\n    {\n        \"programId\": 7365,\n        \"programName\": \"testing\",\n        \"programDescription\": \"testing\",\n        \"online\": true\n    },\n    {\n        \"programId\": 2968,\n        \"programName\": \"SDET19put test is Modified Nowxx\",\n        \"programDescription\": \"put test\",\n        \"online\": false\n    },\n    {\n        \"programId\": 2969,\n        \"programName\": \"Testing\",\n        \"programDescription\": \"Testing\",\n        \"online\": true\n    },\n    {\n        \"programId\": 2971,\n        \"programName\": \"string\",\n        \"programDescription\": \"string\",\n        \"online\": true\n    },\n    {\n        \"programId\": 2972,\n        \"programName\": \"string\",\n        \"programDescription\": \"string\",\n        \"online\": true\n    },\n    {\n        \"programId\": 2973,\n        \"programName\": \"string\",\n        \"programDescription\": \"string\",\n        \"online\": true\n    },\n    {\n        \"programId\": 2974,\n        \"programName\": \"string\",\n        \"programDescription\": \"string\",\n        \"online\": true\n    },\n    {\n        \"programId\": 2978,\n        \"programName\": \"Testing\",\n        \"programDescription\": \"Testing\",\n        \"online\": true\n    },\n    {\n        \"programId\": 2979,\n        \"programName\": \"SDET19dittuxxx1111final\",\n        \"programDescription\": \"sampledittuxxxfinal\",\n        \"online\": false\n    },\n    {\n        \"programId\": 2980,\n        \"programName\": \"SDET19put test\",\n        \"programDescription\": \"put test\",\n        \"online\": false\n    },\n    {\n        \"programId\": 2981,\n        \"programName\": \"SDET19put test is Modified Nowxx\",\n        \"programDescription\": \"put test\",\n        \"online\": false\n    },\n    {\n        \"programId\": 2982,\n        \"programName\": \"SDET19dittuxxx1111final\",\n        \"programDescription\": \"sampledittuxxxfinal\",\n        \"online\": false\n    },\n    {\n        \"programId\": 2983,\n        \"programName\": \"SDET19put test\",\n        \"programDescription\": \"put test\",\n        \"online\": false\n    },\n    {\n        \"programId\": 2984,\n        \"programName\": \"SDET19put test is Modified Nowxx\",\n        \"programDescription\": \"put test\",\n        \"online\": false\n    },\n    {\n        \"programId\": 2985,\n        \"programName\": \"string\",\n        \"programDescription\": \"string\",\n        \"online\": true\n    },\n    {\n        \"programId\": 2987,\n        \"programName\": \"string\",\n        \"programDescription\": \"string\",\n        \"online\": true\n    },\n    {\n        \"programId\": 2977,\n        \"programName\": \"test put\",\n        \"programDescription\": \"test put\",\n        \"online\": true\n    },\n    {\n        \"programId\": 2988,\n        \"programName\": \"string\",\n        \"programDescription\": \"string\",\n        \"online\": true\n    },\n    {\n        \"programId\": 3058,\n        \"programName\": \"SDET put test\",\n        \"programDescription\": \"put test desc\",\n        \"online\": false\n    },\n    {\n        \"programId\": 3059,\n        \"programName\": \"SDET put test is Modified Nowxx\",\n        \"programDescription\": \"put test desc\",\n        \"online\": false\n    },\n    {\n        \"programId\": 3060,\n        \"programName\": \"SDET post record test\",\n        \"programDescription\": \"sample description\",\n        \"online\": false\n    },\n    {\n        \"programId\": 2991,\n        \"programName\": \"string\",\n        \"programDescription\": \"string\",\n        \"online\": true\n    },\n    {\n        \"programId\": 2992,\n        \"programName\": \"string\",\n        \"programDescription\": \"string\",\n        \"online\": true\n    },\n    {\n        \"programId\": 2993,\n        \"programName\": \"string\",\n        \"programDescription\": \"string\",\n        \"online\": true\n    },\n    {\n        \"programId\": 2994,\n        \"programName\": \"string\",\n        \"programDescription\": \"string\",\n        \"online\": true\n    },\n    {\n        \"programId\": 2995,\n        \"programName\": \"Testing modified\",\n        \"programDescription\": \"Testing modified\",\n        \"online\": true\n    },\n    {\n        \"programId\": 2996,\n        \"programName\": \"string\",\n        \"programDescription\": \"string\",\n        \"online\": true\n    },\n    {\n        \"programId\": 2999,\n        \"programName\": \"Testing modified\",\n        \"programDescription\": \"Testing modified\",\n        \"online\": true\n    },\n    {\n        \"programId\": 3007,\n        \"programName\": \"java\",\n        \"programDescription\": \"java\",\n        \"online\": true\n    },\n    {\n        \"programId\": 3008,\n        \"programName\": \"java\",\n        \"programDescription\": \"java\",\n        \"online\": true\n    },\n    {\n        \"programId\": 3009,\n        \"programName\": \"string\",\n        \"programDescription\": \"string\",\n        \"online\": true\n    },\n    {\n        \"programId\": 3010,\n        \"programName\": \"SDET19put testupadted\",\n        \"programDescription\": \"put test\",\n        \"online\": false\n    },\n    {\n        \"programId\": 3011,\n        \"programName\": \"SDET19put testupadted is Modified Nowxx\",\n        \"programDescription\": \"put test\",\n        \"online\": false\n    },\n    {\n        \"programId\": 3012,\n        \"programName\": \"SDET19put testupadted\",\n        \"programDescription\": \"put test\",\n        \"online\": false\n    },\n    {\n        \"programId\": 3013,\n        \"programName\": \"SDET19put testupadted is Modified Nowxx\",\n        \"programDescription\": \"put test\",\n        \"online\": false\n    },\n    {\n        \"programId\": 3014,\n        \"programName\": \"string\",\n        \"programDescription\": \"string\",\n        \"online\": true\n    },\n    {\n        \"programId\": 3015,\n        \"programName\": \"string\",\n        \"programDescription\": \"string\",\n        \"online\": true\n    },\n    {\n        \"programId\": 3016,\n        \"programName\": \"string\",\n        \"programDescription\": \"string\",\n        \"online\": true\n    },\n    {\n        \"programId\": 3017,\n        \"programName\": \"string\",\n        \"programDescription\": \"string\",\n        \"online\": true\n    },\n    {\n        \"programId\": 3018,\n        \"programName\": \"string\",\n        \"programDescription\": \"string\",\n        \"online\": true\n    },\n    {\n        \"programId\": 3019,\n        \"programName\": \"string\",\n        \"programDescription\": \"string\",\n        \"online\": true\n    },\n    {\n        \"programId\": 3020,\n        \"programName\": \"string\",\n        \"programDescription\": \"string\",\n        \"online\": true\n    },\n    {\n        \"programId\": 3022,\n        \"programName\": \"string\",\n        \"programDescription\": \"string\",\n        \"online\": true\n    },\n    {\n        \"programId\": 3023,\n        \"programName\": \"string\",\n        \"programDescription\": \"string\",\n        \"online\": true\n    },\n    {\n        \"programId\": 3024,\n        \"programName\": \"java\",\n        \"programDescription\": \"java\",\n        \"online\": true\n    },\n    {\n        \"programId\": 3025,\n        \"programName\": \"java\",\n        \"programDescription\": \"java\",\n        \"online\": true\n    },\n    {\n        \"programId\": 3026,\n        \"programName\": \"Testing modified\",\n        \"programDescription\": \"Testing modified\",\n        \"online\": true\n    },\n    {\n        \"programId\": 3027,\n        \"programName\": \"Testing modified\",\n        \"programDescription\": \"Testing modified\",\n        \"online\": true\n    },\n    {\n        \"programId\": 3061,\n        \"programName\": \"LMSAPI\",\n        \"programDescription\": \"Automation\",\n        \"online\": true\n    },\n    {\n        \"programId\": 3028,\n        \"programName\": \"SDET19dittuafter clean up\",\n        \"programDescription\": \"sampledittuafter clean\",\n        \"online\": false\n    },\n    {\n        \"programId\": 3029,\n        \"programName\": \"SDET19put testupadted\",\n        \"programDescription\": \"put test\",\n        \"online\": false\n    },\n    {\n        \"programId\": 3263,\n        \"programName\": \"5\",\n        \"programDescription\": \"entered with numbers\",\n        \"online\": true\n    },\n    {\n        \"programId\": 3032,\n        \"programName\": \"Testing\",\n        \"programDescription\": \"Testing\",\n        \"online\": true\n    },\n    {\n        \"programId\": 3062,\n        \"programName\": \"JobsAPI\",\n        \"programDescription\": \"Manual\",\n        \"online\": false\n    },\n    {\n        \"programId\": 3063,\n        \"programName\": \"Selenium\",\n        \"programDescription\": \"Hackathon\",\n        \"online\": true\n    },\n    {\n        \"programId\": 3064,\n        \"programName\": \"LMSAPI\",\n        \"programDescription\": \"Automation\",\n        \"online\": true\n    },\n    {\n        \"programId\": 3033,\n        \"programName\": \"Testing\",\n        \"programDescription\": \"Testing\",\n        \"online\": true\n    },\n    {\n        \"programId\": 3035,\n        \"programName\": \"string\",\n        \"programDescription\": \"string\",\n        \"online\": true\n    },\n    {\n        \"programId\": 3040,\n        \"programName\": \"SDET19dittuafter clean up\",\n        \"programDescription\": \"sampledittuafter clean\",\n        \"online\": false\n    },\n    {\n        \"programId\": 3041,\n        \"programName\": \"SDET19put testupadted\",\n        \"programDescription\": \"put test\",\n        \"online\": false\n    },\n    {\n        \"programId\": 3042,\n        \"programName\": \"SDET19put testupadted is Modified Nowxx\",\n        \"programDescription\": \"put test\",\n        \"online\": false\n    },\n    {\n        \"programId\": 3043,\n        \"programName\": \"string\",\n        \"programDescription\": \"string\",\n        \"online\": true\n    },\n    {\n        \"programId\": 3044,\n        \"programName\": \"Testing modified\",\n        \"programDescription\": \"Testing modified\",\n        \"online\": true\n    },\n    {\n        \"programId\": 3045,\n        \"programName\": \"Testing\",\n        \"programDescription\": \"Testing\",\n        \"online\": true\n    },\n    {\n        \"programId\": 3048,\n        \"programName\": \"string\",\n        \"programDescription\": \"string\",\n        \"online\": true\n    },\n    {\n        \"programId\": 3050,\n        \"programName\": \"string\",\n        \"programDescription\": \"string\",\n        \"online\": true\n    },\n    {\n        \"programId\": 3051,\n        \"programName\": \"string\",\n        \"programDescription\": \"string\",\n        \"online\": true\n    },\n    {\n        \"programId\": 3052,\n        \"programName\": \"string\",\n        \"programDescription\": \"string\",\n        \"online\": true\n    },\n    {\n        \"programId\": 3053,\n        \"programName\": \"string\",\n        \"programDescription\": \"string\",\n        \"online\": true\n    },\n    {\n        \"programId\": 3055,\n        \"programName\": \"string\",\n        \"programDescription\": \"string\",\n        \"online\": true\n    },\n    {\n        \"programId\": 3057,\n        \"programName\": \"SDET post record test\",\n        \"programDescription\": \"sample description\",\n        \"online\": false\n    },\n    {\n        \"programId\": 3066,\n        \"programName\": \"Selenium\",\n        \"programDescription\": \"Hackathon\",\n        \"online\": true\n    },\n    {\n        \"programId\": 3067,\n        \"programName\": \"SDET post record test\",\n        \"programDescription\": \"sample description\",\n        \"online\": false\n    },\n    {\n        \"programId\": 3068,\n        \"programName\": \"SDET put test\",\n        \"programDescription\": \"put test desc\",\n        \"online\": false\n    },\n    {\n        \"programId\": 3069,\n        \"programName\": \"SDET put test is Modified Nowxx\",\n        \"programDescription\": \"put test desc\",\n        \"online\": false\n    },\n    {\n        \"programId\": 3070,\n        \"programName\": \"string\",\n        \"programDescription\": \"string\",\n        \"online\": true\n    },\n    {\n        \"programId\": 3072,\n        \"programName\": \"SdetAutomationTesting\",\n        \"programDescription\": \"SeniorSdet18\",\n        \"online\": false\n    },\n    {\n        \"programId\": 3073,\n        \"programName\": \"string\",\n        \"programDescription\": \"string\",\n        \"online\": true\n    },\n    {\n        \"programId\": 3074,\n        \"programName\": \"Testing\",\n        \"programDescription\": \"Testing\",\n        \"online\": true\n    },\n    {\n        \"programId\": 3076,\n        \"programName\": \"string\",\n        \"programDescription\": \"string\",\n        \"online\": true\n    },\n    {\n        \"programId\": 3086,\n        \"programName\": \"DSALGOSdet18\",\n        \"programDescription\": \"Hackethon\",\n        \"online\": true\n    },\n    {\n        \"programId\": 3079,\n        \"programName\": \"API Testing1\",\n        \"programDescription\": \"API Testing1 on LMS with json payload\",\n        \"online\": true\n    },\n    {\n        \"programId\": 3075,\n        \"programName\": \"SdetAutomationTesting\",\n        \"programDescription\": \"SeniorSdet18\",\n        \"online\": false\n    },\n    {\n        \"programId\": 3080,\n        \"programName\": \"java\",\n        \"programDescription\": \"sdet45\",\n        \"online\": true\n    },\n    {\n        \"programId\": 3081,\n        \"programName\": \"c++\",\n        \"programDescription\": \"sdet12\",\n        \"online\": true\n    },\n    {\n        \"programId\": 3082,\n        \"programName\": \"java\",\n        \"programDescription\": \"sdet45\",\n        \"online\": true\n    },\n    {\n        \"programId\": 3083,\n        \"programName\": \"c++\",\n        \"programDescription\": \"sdet12\",\n        \"online\": true\n    },\n    {\n        \"programId\": 3084,\n        \"programName\": \"programName\",\n        \"programDescription\": \"programDescription\",\n        \"online\": true\n    },\n    {\n        \"programId\": 3085,\n        \"programName\": \"DSALGOSdet18\",\n        \"programDescription\": \"Hackethon\",\n        \"online\": true\n    },\n    {\n        \"programId\": 3087,\n        \"programName\": \"DSALGOSdet18\",\n        \"programDescription\": \"Hackethon\",\n        \"online\": true\n    },\n    {\n        \"programId\": 3088,\n        \"programName\": \"1234\",\n        \"programDescription\": \"testing\",\n        \"online\": true\n    },\n    {\n        \"programId\": 3089,\n        \"programName\": \"string\",\n        \"programDescription\": \"string\",\n        \"online\": true\n    },\n    {\n        \"programId\": 3090,\n        \"programName\": \"string\",\n        \"programDescription\": \"string\",\n        \"online\": true\n    },\n    {\n        \"programId\": 3091,\n        \"programName\": \"string\",\n        \"programDescription\": \"string\",\n        \"online\": true\n    },\n    {\n        \"programId\": 3092,\n        \"programName\": \"string\",\n        \"programDescription\": \"string\",\n        \"online\": true\n    },\n    {\n        \"programId\": 3093,\n        \"programName\": \"string\",\n        \"programDescription\": \"string\",\n        \"online\": true\n    },\n    {\n        \"programId\": 3094,\n        \"programName\": \"string\",\n        \"programDescription\": \"string\",\n        \"online\": true\n    },\n    {\n        \"programId\": 3095,\n        \"programName\": \"string\",\n        \"programDescription\": \"string\",\n        \"online\": true\n    },\n    {\n        \"programId\": 3096,\n        \"programName\": \"string\",\n        \"programDescription\": \"string\",\n        \"online\": true\n    },\n    {\n        \"programId\": 3097,\n        \"programName\": \"string\",\n        \"programDescription\": \"string\",\n        \"online\": true\n    },\n    {\n        \"programId\": 3098,\n        \"programName\": \"Testing modified from postman\",\n        \"programDescription\": \"Testing modified\",\n        \"online\": true\n    },\n    {\n        \"programId\": 3099,\n        \"programName\": \"Testing modified from postman\",\n        \"programDescription\": \"Testing modified\",\n        \"online\": true\n    },\n    {\n        \"programId\": 3100,\n        \"programName\": \"Testing modified from postman\",\n        \"programDescription\": \"Testing modified\",\n        \"online\": true\n    },\n    {\n        \"programId\": 3101,\n        \"programName\": \"Testing modified from postman\",\n        \"programDescription\": \"Testing modified\",\n        \"online\": true\n    },\n    {\n        \"programId\": 3102,\n        \"programName\": \"Testing modified from postman\",\n        \"programDescription\": \"Testing modified\",\n        \"online\": true\n    },\n    {\n        \"programId\": 3103,\n        \"programName\": \"BDD\",\n        \"programDescription\": \"BDD testing\",\n        \"online\": true\n    },\n    {\n        \"programId\": 3104,\n        \"programName\": \"Testing modified from postman\",\n        \"programDescription\": \"Testing modified\",\n        \"online\": true\n    },\n    {\n        \"programId\": 3105,\n        \"programName\": \"Testing modified from postman\",\n        \"programDescription\": \"Testing modified\",\n        \"online\": true\n    },\n    {\n        \"programId\": 3106,\n        \"programName\": \"Testing modified from postman\",\n        \"programDescription\": \"Testing modified\",\n        \"online\": true\n    },\n    {\n        \"programId\": 3107,\n        \"programName\": \"Testing modified from postman\",\n        \"programDescription\": \"Testing modified\",\n        \"online\": true\n    },\n    {\n        \"programId\": 3442,\n        \"programName\": \"Blank Testing\",\n        \"programDescription\": \"\",\n        \"online\": true\n    },\n    {\n        \"programId\": 3443,\n        \"programName\": \"Blank Testing\",\n        \"programDescription\": \"\",\n        \"online\": true\n    },\n    {\n        \"programId\": 3799,\n        \"programName\": \"Automation Testing\",\n        \"programDescription\": \"RestAssured\",\n        \"online\": true\n    },\n    {\n        \"programId\": 3109,\n        \"programName\": \"cucumber learning part 1 modified\",\n        \"programDescription\": \"cucumber learning part 1\",\n        \"online\": false\n    },\n    {\n        \"programId\": 3881,\n        \"programName\": \"string\",\n        \"programDescription\": \"pg test\",\n        \"online\": true\n    },\n    {\n        \"programId\": 3111,\n        \"programName\": \"cucumber learning part 1 modified\",\n        \"programDescription\": \"cucumber learning part 1\",\n        \"online\": false\n    },\n    {\n        \"programId\": 7366,\n        \"programName\": \"Testing test\",\n        \"programDescription\": \"Testing modified\",\n        \"online\": true\n    },\n    {\n        \"programId\": 3113,\n        \"programName\": \"cucumber learning part 1 modified\",\n        \"programDescription\": \"cucumber learning part 1\",\n        \"online\": false\n    },\n    {\n        \"programId\": 3233,\n        \"programName\": \"Project Manager\",\n        \"programDescription\": \"Projet Management\",\n        \"online\": false\n    },\n    {\n        \"programId\": 3115,\n        \"programName\": \"cucumber learning part 1 modified\",\n        \"programDescription\": \"cucumber learning part 1\",\n        \"online\": false\n    },\n    {\n        \"programId\": 7367,\n        \"programName\": \"Angular\",\n        \"programDescription\": \"AngularTESTST\",\n        \"online\": true\n    },\n    {\n        \"programId\": 3117,\n        \"programName\": \"cucumber learning part 1 modified\",\n        \"programDescription\": \"cucumber learning part 1\",\n        \"online\": false\n    },\n    {\n        \"programId\": 7414,\n        \"programName\": \"anjali\",\n        \"programDescription\": \"anjali\",\n        \"online\": true\n    },\n    {\n        \"programId\": 3119,\n        \"programName\": \"cucumber learning part 1 modified\",\n        \"programDescription\": \"cucumber learning part 1\",\n        \"online\": false\n    },\n    {\n        \"programId\": 3120,\n        \"programName\": \"testing\",\n        \"programDescription\": \"testing\",\n        \"online\": true\n    },\n    {\n        \"programId\": 3121,\n        \"programName\": \"testing\",\n        \"programDescription\": \"testing\",\n        \"online\": true\n    },\n    {\n        \"programId\": 3122,\n        \"programName\": \"Testing modifier\",\n        \"programDescription\": \"Testing modifier\",\n        \"online\": true\n    },\n    {\n        \"programId\": 3123,\n        \"programName\": \"testing\",\n        \"programDescription\": \"testing\",\n        \"online\": true\n    },\n    {\n        \"programId\": 7415,\n        \"programName\": \"anjali\",\n        \"programDescription\": \"anjali\",\n        \"online\": true\n    },\n    {\n        \"programId\": 3126,\n        \"programName\": \"Testing modifier\",\n        \"programDescription\": \"Testing modifier\",\n        \"online\": true\n    },\n    {\n        \"programId\": 3127,\n        \"programName\": \"testing\",\n        \"programDescription\": \"testing\",\n        \"online\": true\n    },\n    {\n        \"programId\": 3130,\n        \"programName\": \"putprogram\",\n        \"programDescription\": \"Put Program Testing\",\n        \"online\": true\n    },\n    {\n        \"programId\": 3131,\n        \"programName\": \"putprogram\",\n        \"programDescription\": \"Put Program Testing\",\n        \"online\": true\n    },\n    {\n        \"programId\": 3132,\n        \"programName\": \"Testing modified\",\n        \"programDescription\": \"Testing modified\",\n        \"online\": true\n    },\n    {\n        \"programId\": 3133,\n        \"programName\": \"putprogram\",\n        \"programDescription\": \"Put Program Testing\",\n        \"online\": true\n    },\n    {\n        \"programId\": 3134,\n        \"programName\": \"putprogram\",\n        \"programDescription\": \"Put Program Testing\",\n        \"online\": true\n    },\n    {\n        \"programId\": 3135,\n        \"programName\": \"Testing modified from postman\",\n        \"programDescription\": \"Testing modified\",\n        \"online\": true\n    },\n    {\n        \"programId\": 3136,\n        \"programName\": \"putprogram\",\n        \"programDescription\": \"Put Program Testing\",\n        \"online\": true\n    },\n    {\n        \"programId\": 3137,\n        \"programName\": \"Testing modified from postman\",\n        \"programDescription\": \"Testing modified\",\n        \"online\": true\n    },\n    {\n        \"programId\": 3138,\n        \"programName\": \"Testing modified from postman\",\n        \"programDescription\": \"Testing modified\",\n        \"online\": true\n    },\n    {\n        \"programId\": 3139,\n        \"programName\": \"Testing modified from postman\",\n        \"programDescription\": \"Testing modified\",\n        \"online\": true\n    },\n    {\n        \"programId\": 3141,\n        \"programName\": \"Testing\",\n        \"programDescription\": \"Testing\",\n        \"online\": true\n    },\n    {\n        \"programId\": 3142,\n        \"programName\": \"string\",\n        \"programDescription\": \"string\",\n        \"online\": true\n    },\n    {\n        \"programId\": 3143,\n        \"programName\": \"string\",\n        \"programDescription\": \"string\",\n        \"online\": true\n    },\n    {\n        \"programId\": 3145,\n        \"programName\": \"Testing\",\n        \"programDescription\": \"Testing\",\n        \"online\": true\n    },\n    {\n        \"programId\": 3213,\n        \"programName\": \"string\",\n        \"programDescription\": \"string\",\n        \"online\": true\n    },\n    {\n        \"programId\": 3146,\n        \"programName\": \"Testing modified from postman\",\n        \"programDescription\": \"Testing modified\",\n        \"online\": true\n    },\n    {\n        \"programId\": 3147,\n        \"programName\": \"Testing\",\n        \"programDescription\": \"Testing\",\n        \"online\": true\n    },\n    {\n        \"programId\": 3148,\n        \"programName\": \"string\",\n        \"programDescription\": \"string\",\n        \"online\": true\n    },\n    {\n        \"programId\": 3149,\n        \"programName\": \"string\",\n        \"programDescription\": \"string\",\n        \"online\": true\n    },\n    {\n        \"programId\": 3150,\n        \"programName\": \"string\",\n        \"programDescription\": \"string\",\n        \"online\": true\n    },\n    {\n        \"programId\": 3151,\n        \"programName\": \"testing\",\n        \"programDescription\": \"testing\",\n        \"online\": true\n    },\n    {\n        \"programId\": 3152,\n        \"programName\": \"Testing\",\n        \"programDescription\": \"Testing\",\n        \"online\": true\n    },\n    {\n        \"programId\": 3214,\n        \"programName\": \"Testing\",\n        \"programDescription\": \"Testing\",\n        \"online\": true\n    },\n    {\n        \"programId\": 3153,\n        \"programName\": \"Testing_Modified123\",\n        \"programDescription\": \"Testing_Modified123\",\n        \"online\": true\n    },\n    {\n        \"programId\": 3154,\n        \"programName\": \"string\",\n        \"programDescription\": \"string\",\n        \"online\": true\n    },\n    {\n        \"programId\": 3215,\n        \"programName\": \"Testing\",\n        \"programDescription\": \"Testing\",\n        \"online\": true\n    },\n    {\n        \"programId\": 3216,\n        \"programName\": \"Testing\",\n        \"programDescription\": \"Testing\",\n        \"online\": true\n    },\n    {\n        \"programId\": 3217,\n        \"programName\": \"Testing\",\n        \"programDescription\": \"Testing\",\n        \"online\": true\n    },\n    {\n        \"programId\": 3161,\n        \"programName\": \"string\",\n        \"programDescription\": \"string\",\n        \"online\": true\n    },\n    {\n        \"programId\": 3162,\n        \"programName\": \"string\",\n        \"programDescription\": \"string\",\n        \"online\": true\n    },\n    {\n        \"programId\": 3163,\n        \"programName\": \"Testing\",\n        \"programDescription\": \"Testing\",\n        \"online\": true\n    },\n    {\n        \"programId\": 3165,\n        \"programName\": \"string\",\n        \"programDescription\": \"string\",\n        \"online\": true\n    },\n    {\n        \"programId\": 3166,\n        \"programName\": \"Testing\",\n        \"programDescription\": \"Testing\",\n        \"online\": true\n    },\n    {\n        \"programId\": 3167,\n        \"programName\": \"string\",\n        \"programDescription\": \"string\",\n        \"online\": true\n    },\n    {\n        \"programId\": 3170,\n        \"programName\": \"Testing\",\n        \"programDescription\": \"Testing\",\n        \"online\": true\n    },\n    {\n        \"programId\": 3171,\n        \"programName\": \"Testing\",\n        \"programDescription\": \"Testing\",\n        \"online\": true\n    },\n    {\n        \"programId\": 3172,\n        \"programName\": \"string\",\n        \"programDescription\": \"string\",\n        \"online\": true\n    },\n    {\n        \"programId\": 3173,\n        \"programName\": \"string\",\n        \"programDescription\": \"string\",\n        \"online\": true\n    },\n    {\n        \"programId\": 3174,\n        \"programName\": \"string\",\n        \"programDescription\": \"string\",\n        \"online\": true\n    },\n    {\n        \"programId\": 3175,\n        \"programName\": \"string\",\n        \"programDescription\": \"string\",\n        \"online\": true\n    },\n    {\n        \"programId\": 3176,\n        \"programName\": \"Testing\",\n        \"programDescription\": \"Testing\",\n        \"online\": true\n    },\n    {\n        \"programId\": 3177,\n        \"programName\": \"Testing\",\n        \"programDescription\": \"Testing\",\n        \"online\": true\n    },\n    {\n        \"programId\": 3178,\n        \"programName\": \"string\",\n        \"programDescription\": \"string\",\n        \"online\": true\n    },\n    {\n        \"programId\": 3179,\n        \"programName\": \"string\",\n        \"programDescription\": \"string\",\n        \"online\": true\n    },\n    {\n        \"programId\": 3180,\n        \"programName\": \"string\",\n        \"programDescription\": \"string\",\n        \"online\": true\n    },\n    {\n        \"programId\": 3181,\n        \"programName\": \"string\",\n        \"programDescription\": \"string\",\n        \"online\": true\n    },\n    {\n        \"programId\": 3182,\n        \"programName\": \"string\",\n        \"programDescription\": \"string\",\n        \"online\": true\n    },\n    {\n        \"programId\": 3183,\n        \"programName\": \"string\",\n        \"programDescription\": \"string\",\n        \"online\": true\n    },\n    {\n        \"programId\": 3184,\n        \"programName\": \"string\",\n        \"programDescription\": \"string\",\n        \"online\": true\n    },\n    {\n        \"programId\": 3185,\n        \"programName\": \"Testing\",\n        \"programDescription\": \"Testing\",\n        \"online\": true\n    },\n    {\n        \"programId\": 3186,\n        \"programName\": \"string\",\n        \"programDescription\": \"string\",\n        \"online\": true\n    },\n    {\n        \"programId\": 3187,\n        \"programName\": \"string\",\n        \"programDescription\": \"string\",\n        \"online\": true\n    },\n    {\n        \"programId\": 3188,\n        \"programName\": \"string\",\n        \"programDescription\": \"string\",\n        \"online\": true\n    },\n    {\n        \"programId\": 3189,\n        \"programName\": \"Testing\",\n        \"programDescription\": \"Testing\",\n        \"online\": true\n    },\n    {\n        \"programId\": 3190,\n        \"programName\": \"string\",\n        \"programDescription\": \"string\",\n        \"online\": true\n    },\n    {\n        \"programId\": 3191,\n        \"programName\": \"Testing\",\n        \"programDescription\": \"Testing\",\n        \"online\": true\n    },\n    {\n        \"programId\": 3192,\n        \"programName\": \"Testing\",\n        \"programDescription\": \"Testing\",\n        \"online\": true\n    },\n    {\n        \"programId\": 3193,\n        \"programName\": \"Testing\",\n        \"programDescription\": \"Testing\",\n        \"online\": true\n    },\n    {\n        \"programId\": 3195,\n        \"programName\": \"string\",\n        \"programDescription\": \"string\",\n        \"online\": true\n    },\n    {\n        \"programId\": 3196,\n        \"programName\": \"Testing\",\n        \"programDescription\": \"Testing\",\n        \"online\": true\n    },\n    {\n        \"programId\": 3197,\n        \"programName\": \"Testing modified\",\n        \"programDescription\": \"Testing modified\",\n        \"online\": true\n    },\n    {\n        \"programId\": 3198,\n        \"programName\": \"Testing modified\",\n        \"programDescription\": \"Testing modified\",\n        \"online\": true\n    },\n    {\n        \"programId\": 3199,\n        \"programName\": \"Testing\",\n        \"programDescription\": \"Testing%%%\",\n        \"online\": true\n    },\n    {\n        \"programId\": 3200,\n        \"programName\": \"Testing\",\n        \"programDescription\": \"Testing\",\n        \"online\": true\n    },\n    {\n        \"programId\": 3169,\n        \"programName\": \"string\",\n        \"programDescription\": \"string23\",\n        \"online\": true\n    },\n    {\n        \"programId\": 3201,\n        \"programName\": \"Testing\",\n        \"programDescription\": \"Testing\",\n        \"online\": true\n    },\n    {\n        \"programId\": 3202,\n        \"programName\": \"Testing modifier\",\n        \"programDescription\": \"Testing modifier\",\n        \"online\": true\n    },\n    {\n        \"programId\": 3203,\n        \"programName\": \"Testing modified\",\n        \"programDescription\": \"Testing modified\",\n        \"online\": true\n    },\n    {\n        \"programId\": 3205,\n        \"programName\": \"string\",\n        \"programDescription\": \"string\",\n        \"online\": true\n    },\n    {\n        \"programId\": 3206,\n        \"programName\": \"string\",\n        \"programDescription\": \"string\",\n        \"online\": true\n    },\n    {\n        \"programId\": 3208,\n        \"programName\": \"string\",\n        \"programDescription\": \"string\",\n        \"online\": true\n    },\n    {\n        \"programId\": 3209,\n        \"programName\": \"delete\",\n        \"programDescription\": \"delete\",\n        \"online\": true\n    },\n    {\n        \"programId\": 3218,\n        \"programName\": \"Testing\",\n        \"programDescription\": \"Testing\",\n        \"online\": true\n    },\n    {\n        \"programId\": 3219,\n        \"programName\": \"Testing\",\n        \"programDescription\": \"Testing\",\n        \"online\": true\n    },\n    {\n        \"programId\": 3220,\n        \"programName\": \"Testing\",\n        \"programDescription\": \"Testing\",\n        \"online\": true\n    },\n    {\n        \"programId\": 3221,\n        \"programName\": \"Testing\",\n        \"programDescription\": \"Testing\",\n        \"online\": true\n    },\n    {\n        \"programId\": 3222,\n        \"programName\": \"string\",\n        \"programDescription\": \"string\",\n        \"online\": true\n    },\n    {\n        \"programId\": 3223,\n        \"programName\": \"online field testing\",\n        \"programDescription\": \"entered with numbers\",\n        \"online\": true\n    },\n    {\n        \"programId\": 3224,\n        \"programName\": \"java\",\n        \"programDescription\": \"java-training\",\n        \"online\": false\n    },\n    {\n        \"programId\": 3225,\n        \"programName\": \".234\",\n        \"programDescription\": \":\",\n        \"online\": true\n    },\n    {\n        \"programId\": 3226,\n        \"programName\": \".988\",\n        \"programDescription\": \"dff12\",\n        \"online\": true\n    },\n    {\n        \"programId\": 3229,\n        \"programName\": \"JAVA\",\n        \"programDescription\": \"JAVA Basics\",\n        \"online\": true\n    },\n    {\n        \"programId\": 3230,\n        \"programName\": \"JAVA\",\n        \"programDescription\": \"JAVA Basics\",\n        \"online\": true\n    },\n    {\n        \"programId\": 3231,\n        \"programName\": \"JAVA\",\n        \"programDescription\": \"1JAVA Basics\",\n        \"online\": true\n    },\n    {\n        \"programId\": 3232,\n        \"programName\": \"JAVA\",\n        \"programDescription\": \"\",\n        \"online\": true\n    },\n    {\n        \"programId\": 3168,\n        \"programName\": \"string\",\n        \"programDescription\": \"string23\",\n        \"online\": true\n    },\n    {\n        \"programId\": 3234,\n        \"programName\": \"JAVA\",\n        \"programDescription\": \"\",\n        \"online\": true\n    },\n    {\n        \"programId\": 3235,\n        \"programName\": \"Testing modified\",\n        \"programDescription\": \"Testing modified\",\n        \"online\": true\n    },\n    {\n        \"programId\": 3236,\n        \"programName\": \"JAVA\",\n        \"programDescription\": \"\",\n        \"online\": true\n    },\n    {\n        \"programId\": 3238,\n        \"programName\": \".988\",\n        \"programDescription\": \"dff12\",\n        \"online\": true\n    },\n    {\n        \"programId\": 3237,\n        \"programName\": \".988\",\n        \"programDescription\": \"d456735f12\",\n        \"online\": true\n    },\n    {\n        \"programId\": 3239,\n        \"programName\": \"Testing\",\n        \"programDescription\": \"Testing\",\n        \"online\": true\n    },\n    {\n        \"programId\": 3240,\n        \"programName\": \"Testing\",\n        \"programDescription\": \"Testing\",\n        \"online\": true\n    },\n    {\n        \"programId\": 3241,\n        \"programName\": \"Testing\",\n        \"programDescription\": \"Testing\",\n        \"online\": true\n    },\n    {\n        \"programId\": 3242,\n        \"programName\": \"Testing\",\n        \"programDescription\": \"Testing\",\n        \"online\": true\n    },\n    {\n        \"programId\": 3243,\n        \"programName\": \"Testing\",\n        \"programDescription\": \"Testing\",\n        \"online\": true\n    },\n    {\n        \"programId\": 3244,\n        \"programName\": \"Testing\",\n        \"programDescription\": \"Testing\",\n        \"online\": true\n    },\n    {\n        \"programId\": 3247,\n        \"programName\": \"Testing modified\",\n        \"programDescription\": \"Testing modified\",\n        \"online\": true\n    },\n    {\n        \"programId\": 3251,\n        \"programName\": \"Testing modifier\",\n        \"programDescription\": \"Testing modifier\",\n        \"online\": true\n    },\n    {\n        \"programId\": 3252,\n        \"programName\": \"string\",\n        \"programDescription\": \"string\",\n        \"online\": true\n    },\n    {\n        \"programId\": 3253,\n        \"programName\": \"online field testing\",\n        \"programDescription\": null,\n        \"online\": true\n    },\n    {\n        \"programId\": 3254,\n        \"programName\": \"online field testing\",\n        \"programDescription\": null,\n        \"online\": true\n    },\n    {\n        \"programId\": 3255,\n        \"programName\": \" divya online field testing\",\n        \"programDescription\": null,\n        \"online\": true\n    },\n    {\n        \"programId\": 3256,\n        \"programName\": \" divya online field testing\",\n        \"programDescription\": null,\n        \"online\": true\n    },\n    {\n        \"programId\": 3257,\n        \"programName\": \" divya online field testing\",\n        \"programDescription\": null,\n        \"online\": true\n    },\n    {\n        \"programId\": 3258,\n        \"programName\": \"online field testing\",\n        \"programDescription\": \"entered with numbers\",\n        \"online\": true\n    },\n    {\n        \"programId\": 3259,\n        \"programName\": \"5\",\n        \"programDescription\": \"entered with numbers\",\n        \"online\": true\n    },\n    {\n        \"programId\": 3260,\n        \"programName\": \"5\",\n        \"programDescription\": \"entered with numbers\",\n        \"online\": true\n    },\n    {\n        \"programId\": 3261,\n        \"programName\": \"5\",\n        \"programDescription\": \"entered with numbers\",\n        \"online\": true\n    },\n    {\n        \"programId\": 3264,\n        \"programName\": \"online field testing\",\n        \"programDescription\": \"entered with numbers\",\n        \"online\": true\n    },\n    {\n        \"programId\": 3265,\n        \"programName\": \"online field testing\",\n        \"programDescription\": \"entered with numbers\",\n        \"online\": true\n    },\n    {\n        \"programId\": 3124,\n        \"programName\": \"Testing1\",\n        \"programDescription\": \"Testing1\",\n        \"online\": true\n    },\n    {\n        \"programId\": 3267,\n        \"programName\": \"online field testing\",\n        \"programDescription\": \"entered with numbers\",\n        \"online\": true\n    },\n    {\n        \"programId\": 3268,\n        \"programName\": \"5\",\n        \"programDescription\": \"entered with numbers\",\n        \"online\": true\n    },\n    {\n        \"programId\": 3269,\n        \"programName\": \"0.2458\",\n        \"programDescription\": \"thous7and100\",\n        \"online\": true\n    },\n    {\n        \"programId\": 3270,\n        \"programName\": \"0.2458\",\n        \"programDescription\": \"thousand100\",\n        \"online\": true\n    },\n    {\n        \"programId\": 3271,\n        \"programName\": \"0.2458\",\n        \"programDescription\": \"thousand100\",\n        \"online\": true\n    },\n    {\n        \"programId\": 3272,\n        \"programName\": \"null program id update\",\n        \"programDescription\": \"null numeric\",\n        \"online\": true\n    },\n    {\n        \"programId\": 3273,\n        \"programName\": \"how r u\",\n        \"programDescription\": \"hellothousand100\",\n        \"online\": true\n    },\n    {\n        \"programId\": 3274,\n        \"programName\": \"nonexisting program id\",\n        \"programDescription\": \"nonexisting program id\",\n        \"online\": true\n    },\n    {\n        \"programId\": 3275,\n        \"programName\": \"postman nonexisting program id\",\n        \"programDescription\": \"testing nonexisting program id\",\n        \"online\": true\n    },\n    {\n        \"programId\": 3276,\n        \"programName\": \"postman nonexisting program id\",\n        \"programDescription\": \"testing nonexisting program id\",\n        \"online\": true\n    },\n    {\n        \"programId\": 3277,\n        \"programName\": \"postman nonexisting program id\",\n        \"programDescription\": \"testing nonexisting program id\",\n        \"online\": true\n    },\n    {\n        \"programId\": 3278,\n        \"programName\": \"postman nonexisting program id\",\n        \"programDescription\": \"testing nonexisting program id\",\n        \"online\": true\n    },\n    {\n        \"programId\": 3279,\n        \"programName\": \"Company\",\n        \"programDescription\": \"Trying\",\n        \"online\": true\n    },\n    {\n        \"programId\": 3280,\n        \"programName\": \"Company\",\n        \"programDescription\": \"Trying\",\n        \"online\": true\n    },\n    {\n        \"programId\": 3281,\n        \"programName\": \"Company\",\n        \"programDescription\": \"Trying\",\n        \"online\": true\n    },\n    {\n        \"programId\": 3282,\n        \"programName\": \"Company\",\n        \"programDescription\": \"Trying\",\n        \"online\": true\n    },\n    {\n        \"programId\": 3283,\n        \"programName\": \"online field testing\",\n        \"programDescription\": \"entered with numbers\",\n        \"online\": true\n    },\n    {\n        \"programId\": 3284,\n        \"programName\": \"online field testing\",\n        \"programDescription\": \"entered with numbers\",\n        \"online\": true\n    },\n    {\n        \"programId\": 3285,\n        \"programName\": \"online field testing\",\n        \"programDescription\": \"online field - entered numbers\",\n        \"online\": true\n    },\n    {\n        \"programId\": 3286,\n        \"programName\": \"Testing\",\n        \"programDescription\": \"Testing\",\n        \"online\": true\n    },\n    {\n        \"programId\": 3287,\n        \"programName\": \"Testing\",\n        \"programDescription\": \"Testing\",\n        \"online\": true\n    },\n    {\n        \"programId\": 3288,\n        \"programName\": \"string\",\n        \"programDescription\": \"string\",\n        \"online\": true\n    },\n    {\n        \"programId\": 3289,\n        \"programName\": \"string\",\n        \"programDescription\": \"string\",\n        \"online\": true\n    },\n    {\n        \"programId\": 3290,\n        \"programName\": \"string\",\n        \"programDescription\": \"string\",\n        \"online\": true\n    },\n    {\n        \"programId\": 3291,\n        \"programName\": \"string\",\n        \"programDescription\": \"string\",\n        \"online\": true\n    },\n    {\n        \"programId\": 3292,\n        \"programName\": \"online field testing\",\n        \"programDescription\": \"entered with numbers\",\n        \"online\": true\n    },\n    {\n        \"programId\": 3293,\n        \"programName\": \"online field testing\",\n        \"programDescription\": \"entered with numbers\",\n        \"online\": true\n    },\n    {\n        \"programId\": 3294,\n        \"programName\": \"online field testing\",\n        \"programDescription\": \"entered with numbers\",\n        \"online\": true\n    },\n    {\n        \"programId\": 3295,\n        \"programName\": \"online field testing\",\n        \"programDescription\": \"entered with numbers\",\n        \"online\": true\n    },\n    {\n        \"programId\": 3296,\n        \"programName\": \"string\",\n        \"programDescription\": \"string\",\n        \"online\": true\n    },\n    {\n        \"programId\": 3297,\n        \"programName\": \"Testing\",\n        \"programDescription\": \"Testing\",\n        \"online\": true\n    },\n    {\n        \"programId\": 3298,\n        \"programName\": \"string\",\n        \"programDescription\": \"string\",\n        \"online\": true\n    },\n    {\n        \"programId\": 3299,\n        \"programName\": \"string\",\n        \"programDescription\": \"string\",\n        \"online\": true\n    },\n    {\n        \"programId\": 9241,\n        \"programName\": \"Testing\",\n        \"programDescription\": \"Testing\",\n        \"online\": true\n    },\n    {\n        \"programId\": 3302,\n        \"programName\": \"testing\",\n        \"programDescription\": \"testing\",\n        \"online\": true\n    },\n    {\n        \"programId\": 3303,\n        \"programName\": \"string\",\n        \"programDescription\": \"string\",\n        \"online\": true\n    },\n    {\n        \"programId\": 3304,\n        \"programName\": \"string\",\n        \"programDescription\": \"string\",\n        \"online\": true\n    },\n    {\n        \"programId\": 3305,\n        \"programName\": \"string\",\n        \"programDescription\": \"string\",\n        \"online\": true\n    },\n    {\n        \"programId\": 3306,\n        \"programName\": \"string\",\n        \"programDescription\": \"string\",\n        \"online\": true\n    },\n    {\n        \"programId\": 3307,\n        \"programName\": \"testing modified\",\n        \"programDescription\": \"testing modified\",\n        \"online\": true\n    },\n    {\n        \"programId\": 3308,\n        \"programName\": \"Testing\",\n        \"programDescription\": \"Testing\",\n        \"online\": true\n    },\n    {\n        \"programId\": 3309,\n        \"programName\": \"Testing\",\n        \"programDescription\": \"Testing1\",\n        \"online\": true\n    },\n    {\n        \"programId\": 3310,\n        \"programName\": \"Testing\",\n        \"programDescription\": \"Testing1\",\n        \"online\": true\n    },\n    {\n        \"programId\": 3311,\n        \"programName\": \"1234\",\n        \"programDescription\": \"Testing1\",\n        \"online\": true\n    },\n    {\n        \"programId\": 3312,\n        \"programName\": \"12.66\",\n        \"programDescription\": \"Testing1\",\n        \"online\": true\n    },\n    {\n        \"programId\": 3313,\n        \"programName\": \"Testing1\",\n        \"programDescription\": \"Testing1\",\n        \"online\": true\n    },\n    {\n        \"programId\": 9242,\n        \"programName\": \"Testing\",\n        \"programDescription\": \"Testing\",\n        \"online\": true\n    },\n    {\n        \"programId\": 3344,\n        \"programName\": \"API Testing1\",\n        \"programDescription\": \"Testing2\",\n        \"online\": false\n    },\n    {\n        \"programId\": 3317,\n        \"programName\": \"API Testing\",\n        \"programDescription\": \"test program\",\n        \"online\": true\n    },\n    {\n        \"programId\": 3320,\n        \"programName\": \"API updated Testing1\",\n        \"programDescription\": \"Testing2\",\n        \"online\": true\n    },\n    {\n        \"programId\": 3321,\n        \"programName\": \"API updated Testing1\",\n        \"programDescription\": \"Testing2\",\n        \"online\": true\n    },\n    {\n        \"programId\": 3322,\n        \"programName\": \"API updated Testing1\",\n        \"programDescription\": \"Testing3\",\n        \"online\": true\n    },\n    {\n        \"programId\": 3318,\n        \"programName\": \"API updated Testing1\",\n        \"programDescription\": \"Testing3\",\n        \"online\": true\n    },\n    {\n        \"programId\": 3323,\n        \"programName\": \"postman non program id\",\n        \"programDescription\": \"test\",\n        \"online\": false\n    },\n    {\n        \"programId\": 3324,\n        \"programName\": \"postman non program id\",\n        \"programDescription\": \"test\",\n        \"online\": false\n    },\n    {\n        \"programId\": 3325,\n        \"programName\": \"Testing\",\n        \"programDescription\": \"Testing\",\n        \"online\": true\n    },\n    {\n        \"programId\": 3326,\n        \"programName\": \"Testing\",\n        \"programDescription\": \"Testing\",\n        \"online\": true\n    },\n    {\n        \"programId\": 3327,\n        \"programName\": \"postman program id\",\n        \"programDescription\": \"test\",\n        \"online\": false\n    },\n    {\n        \"programId\": 3328,\n        \"programName\": \"Testing modified\",\n        \"programDescription\": \"Testing modified\",\n        \"online\": true\n    },\n    {\n        \"programId\": 3329,\n        \"programName\": \"Testing modified\",\n        \"programDescription\": \"Testing modified\",\n        \"online\": true\n    },\n    {\n        \"programId\": 3331,\n        \"programName\": \"Testing modified\",\n        \"programDescription\": \"Testing modified\",\n        \"online\": true\n    },\n    {\n        \"programId\": 3333,\n        \"programName\": \"Testing\",\n        \"programDescription\": \"Testing\",\n        \"online\": true\n    },\n    {\n        \"programId\": 3335,\n        \"programName\": \"string\",\n        \"programDescription\": \"string\",\n        \"online\": true\n    },\n    {\n        \"programId\": 3336,\n        \"programName\": \"string\",\n        \"programDescription\": \"string\",\n        \"online\": true\n    },\n    {\n        \"programId\": 3337,\n        \"programName\": \"Testing modified\",\n        \"programDescription\": \"Testing modified\",\n        \"online\": true\n    },\n    {\n        \"programId\": 3338,\n        \"programName\": \"string\",\n        \"programDescription\": \"string\",\n        \"online\": true\n    },\n    {\n        \"programId\": 3339,\n        \"programName\": \"string\",\n        \"programDescription\": \"string\",\n        \"online\": true\n    },\n    {\n        \"programId\": 3340,\n        \"programName\": \"Testing modified\",\n        \"programDescription\": \"Testing modified\",\n        \"online\": true\n    },\n    {\n        \"programId\": 3342,\n        \"programName\": \"online field testing\",\n        \"programDescription\": \"entered with numbers\",\n        \"online\": true\n    },\n    {\n        \"programId\": 3343,\n        \"programName\": \"string\",\n        \"programDescription\": \"string\",\n        \"online\": true\n    },\n    {\n        \"programId\": 3345,\n        \"programName\": \"Testing\",\n        \"programDescription\": \"Testing\",\n        \"online\": true\n    },\n    {\n        \"programId\": 3346,\n        \"programName\": \"Testing\",\n        \"programDescription\": \"Testing\",\n        \"online\": true\n    },\n    {\n        \"programId\": 3347,\n        \"programName\": \"string\",\n        \"programDescription\": \"string\",\n        \"online\": true\n    },\n    {\n        \"programId\": 3348,\n        \"programName\": \"string\",\n        \"programDescription\": \"string\",\n        \"online\": true\n    },\n    {\n        \"programId\": 3349,\n        \"programName\": \"string\",\n        \"programDescription\": \"string\",\n        \"online\": true\n    },\n    {\n        \"programId\": 3351,\n        \"programName\": \"string\",\n        \"programDescription\": \"string\",\n        \"online\": true\n    },\n    {\n        \"programId\": 3352,\n        \"programName\": \"Testing\",\n        \"programDescription\": \"Testing\",\n        \"online\": true\n    },\n    {\n        \"programId\": 3353,\n        \"programName\": \"Testing\",\n        \"programDescription\": \"Testing\",\n        \"online\": true\n    },\n    {\n        \"programId\": 3369,\n        \"programName\": \"fffffhhhh\",\n        \"programDescription\": \"dddddddttttttrrrrrrtttttwwwwwwwooo\",\n        \"online\": false\n    },\n    {\n        \"programId\": 3356,\n        \"programName\": \"string\",\n        \"programDescription\": \"string\",\n        \"online\": true\n    },\n    {\n        \"programId\": 3358,\n        \"programName\": \"Java 100 Training888\",\n        \"programDescription\": \"Java 100 Training8888\",\n        \"online\": false\n    },\n    {\n        \"programId\": 3359,\n        \"programName\": \"Java 100 Training2525\",\n        \"programDescription\": \"Java 100 Training2525\",\n        \"online\": true\n    },\n    {\n        \"programId\": 3360,\n        \"programName\": \"Java 2525 Training2525\",\n        \"programDescription\": \"Java 2525 Training2525\",\n        \"online\": true\n    },\n    {\n        \"programId\": 3362,\n        \"programName\": \"ffffftttttt\",\n        \"programDescription\": \"ddddddd\",\n        \"online\": false\n    },\n    {\n        \"programId\": 3363,\n        \"programName\": \"ffffftttttt\",\n        \"programDescription\": \"ddddddd\",\n        \"online\": false\n    },\n    {\n        \"programId\": 3364,\n        \"programName\": \"fffff\",\n        \"programDescription\": \"dddddddtttttt\",\n        \"online\": false\n    },\n    {\n        \"programId\": 3419,\n        \"programName\": \"LMSTest70\",\n        \"programDescription\": \"\",\n        \"online\": true\n    },\n    {\n        \"programId\": 3365,\n        \"programName\": \"fffff\",\n        \"programDescription\": \"dddddddttttttrrrrrr\",\n        \"online\": false\n    },\n    {\n        \"programId\": 3420,\n        \"programName\": \"testing\",\n        \"programDescription\": \"testing\",\n        \"online\": true\n    },\n    {\n        \"programId\": 3366,\n        \"programName\": \"fffff\",\n        \"programDescription\": \"dddddddttttttrrrrrr\",\n        \"online\": false\n    },\n    {\n        \"programId\": 3367,\n        \"programName\": \"fffff\",\n        \"programDescription\": \"dddddddttttttrrrrrrooooo\",\n        \"online\": false\n    },\n    {\n        \"programId\": 3401,\n        \"programName\": \"SDET\",\n        \"programDescription\": \"programming\",\n        \"online\": true\n    },\n    {\n        \"programId\": 3402,\n        \"programName\": \"0 program ID Test\",\n        \"programDescription\": \"programming\",\n        \"online\": true\n    },\n    {\n        \"programId\": 3403,\n        \"programName\": \"SDET\",\n        \"programDescription\": \"programming\",\n        \"online\": true\n    },\n    {\n        \"programId\": 3404,\n        \"programName\": \"0 program ID Test\",\n        \"programDescription\": \"programming\",\n        \"online\": true\n    },\n    {\n        \"programId\": 3405,\n        \"programName\": \"SDET\",\n        \"programDescription\": \"programming\",\n        \"online\": true\n    },\n    {\n        \"programId\": 3406,\n        \"programName\": \"string\",\n        \"programDescription\": \"string\",\n        \"online\": true\n    },\n    {\n        \"programId\": 3407,\n        \"programName\": \"java\",\n        \"programDescription\": \"sdet45\",\n        \"online\": true\n    },\n    {\n        \"programId\": 3408,\n        \"programName\": \"c++\",\n        \"programDescription\": \"sdet12\",\n        \"online\": true\n    },\n    {\n        \"programId\": 3410,\n        \"programName\": \"Testing\",\n        \"programDescription\": \"Testing\",\n        \"online\": true\n    },\n    {\n        \"programId\": 3413,\n        \"programName\": \"Testing modified from postman\",\n        \"programDescription\": \"Testing modified\",\n        \"online\": true\n    },\n    {\n        \"programId\": 3415,\n        \"programName\": \"string\",\n        \"programDescription\": \"string\",\n        \"online\": true\n    },\n    {\n        \"programId\": 3416,\n        \"programName\": \"string\",\n        \"programDescription\": \"string\",\n        \"online\": true\n    },\n    {\n        \"programId\": 3417,\n        \"programName\": \"LMSTest70\",\n        \"programDescription\": \"Updated LMS\",\n        \"online\": true\n    },\n    {\n        \"programId\": 3421,\n        \"programName\": \"testin\",\n        \"programDescription\": \"testing\",\n        \"online\": true\n    },\n    {\n        \"programId\": 3422,\n        \"programName\": \"testing\",\n        \"programDescription\": \"testing\",\n        \"online\": true\n    },\n    {\n        \"programId\": 3423,\n        \"programName\": \"snhtest\",\n        \"programDescription\": \"snhtestone\",\n        \"online\": true\n    },\n    {\n        \"programId\": 3424,\n        \"programName\": \"putsnhtestone\",\n        \"programDescription\": \"putsnhtest\",\n        \"online\": true\n    },\n    {\n        \"programId\": 3425,\n        \"programName\": \"putsnhtestone\",\n        \"programDescription\": \"putsnhtest\",\n        \"online\": true\n    },\n    {\n        \"programId\": 3426,\n        \"programName\": \"putsnhtestone\",\n        \"programDescription\": \"putsnhtest\",\n        \"online\": true\n    },\n    {\n        \"programId\": 3427,\n        \"programName\": \"putsnhtestone\",\n        \"programDescription\": \"putsnhtest\",\n        \"online\": true\n    },\n    {\n        \"programId\": 3431,\n        \"programName\": \"LMSTesting\",\n        \"programDescription\": \"LMSTesting by nikita \",\n        \"online\": true\n    },\n    {\n        \"programId\": 3432,\n        \"programName\": \"LMSTesting\",\n        \"programDescription\": \"LMSTesting by nikita \",\n        \"online\": true\n    },\n    {\n        \"programId\": 3433,\n        \"programName\": \"LMSTesting\",\n        \"programDescription\": \"LMSTesting by nikita \",\n        \"online\": true\n    },\n    {\n        \"programId\": 3434,\n        \"programName\": \"in\",\n        \"programDescription\": \"in id\",\n        \"online\": false\n    },\n    {\n        \"programId\": 3435,\n        \"programName\": \"in\",\n        \"programDescription\": \"in id\",\n        \"online\": false\n    },\n    {\n        \"programId\": 3436,\n        \"programName\": \"in\",\n        \"programDescription\": \"in id\",\n        \"online\": false\n    },\n    {\n        \"programId\": 3437,\n        \"programName\": \"in\",\n        \"programDescription\": \"in id\",\n        \"online\": false\n    },\n    {\n        \"programId\": 3438,\n        \"programName\": \"in\",\n        \"programDescription\": \"in id\",\n        \"online\": true\n    },\n    {\n        \"programId\": 3440,\n        \"programName\": \"Blank Testing\",\n        \"programDescription\": \"\",\n        \"online\": true\n    },\n    {\n        \"programId\": 3441,\n        \"programName\": \"Blank Testing\",\n        \"programDescription\": \"\",\n        \"online\": true\n    },\n    {\n        \"programId\": 3444,\n        \"programName\": \"Blank Testing\",\n        \"programDescription\": \"\",\n        \"online\": true\n    },\n    {\n        \"programId\": 3445,\n        \"programName\": \"Blank Testing\",\n        \"programDescription\": \"\",\n        \"online\": true\n    },\n    {\n        \"programId\": 3446,\n        \"programName\": \"Blank Testing\",\n        \"programDescription\": \"\",\n        \"online\": true\n    },\n    {\n        \"programId\": 3447,\n        \"programName\": \"online field testing\",\n        \"programDescription\": \"entered with numbers\",\n        \"online\": true\n    },\n    {\n        \"programId\": 3448,\n        \"programName\": \"field testing\",\n        \"programDescription\": \"entered with deleted one\",\n        \"online\": true\n    },\n    {\n        \"programId\": 3449,\n        \"programName\": \"New testing\",\n        \"programDescription\": \"entered with old one\",\n        \"online\": true\n    },\n    {\n        \"programId\": 3450,\n        \"programName\": \"testingPostman\",\n        \"programDescription\": \"postmantesting\",\n        \"online\": true\n    },\n    {\n        \"programId\": 3451,\n        \"programName\": \"testingPostman\",\n        \"programDescription\": \"postmantesting\",\n        \"online\": true\n    },\n    {\n        \"programId\": 3453,\n        \"programName\": \"mathematics\",\n        \"programDescription\": \"mathematics\",\n        \"online\": false\n    },\n    {\n        \"programId\": 3454,\n        \"programName\": \"1234\",\n        \"programDescription\": \"mathematics\",\n        \"online\": false\n    },\n    {\n        \"programId\": 3882,\n        \"programName\": \"Java\",\n        \"programDescription\": \"Rest Assured\",\n        \"online\": true\n    },\n    {\n        \"programId\": 3457,\n        \"programName\": \"JAVA\",\n        \"programDescription\": \"\",\n        \"online\": true\n    },\n    {\n        \"programId\": 3500,\n        \"programName\": \"API Testing 3705\",\n        \"programDescription\": \"Description for 3705\",\n        \"online\": true\n    },\n    {\n        \"programId\": 3459,\n        \"programName\": \"cucumber learning modified\",\n        \"programDescription\": \"cucumber learning\",\n        \"online\": false\n    },\n    {\n        \"programId\": 3460,\n        \"programName\": \"online field testing\",\n        \"programDescription\": \"entered with numbers\",\n        \"online\": true\n    },\n    {\n        \"programId\": 3461,\n        \"programName\": \"online field testing\",\n        \"programDescription\": \"entered with numbers\",\n        \"online\": true\n    },\n    {\n        \"programId\": 3462,\n        \"programName\": \"online field testing\",\n        \"programDescription\": \"entered with numbers\",\n        \"online\": true\n    },\n    {\n        \"programId\": 3463,\n        \"programName\": \"online field testing\",\n        \"programDescription\": \"entered with numbers\",\n        \"online\": true\n    },\n    {\n        \"programId\": 3464,\n        \"programName\": \"online field testing\",\n        \"programDescription\": \"entered with numbers\",\n        \"online\": true\n    },\n    {\n        \"programId\": 3465,\n        \"programName\": \"JAVA\",\n        \"programDescription\": \"\",\n        \"online\": true\n    },\n    {\n        \"programId\": 3466,\n        \"programName\": \"online field testing\",\n        \"programDescription\": \"entered with numbers\",\n        \"online\": true\n    },\n    {\n        \"programId\": 3467,\n        \"programName\": \"cucumber learning\",\n        \"programDescription\": \"cucumber learning\",\n        \"online\": false\n    },\n    {\n        \"programId\": 3468,\n        \"programName\": \"cucumber learning modified\",\n        \"programDescription\": \"cucumber learning\",\n        \"online\": false\n    },\n    {\n        \"programId\": 3469,\n        \"programName\": \"Testing\",\n        \"programDescription\": \"Testing\",\n        \"online\": true\n    },\n    {\n        \"programId\": 3470,\n        \"programName\": \"Teach\",\n        \"programDescription\": \"Teaching\",\n        \"online\": true\n    },\n    {\n        \"programId\": 3471,\n        \"programName\": \"Teach\",\n        \"programDescription\": \"Teaching\",\n        \"online\": true\n    },\n    {\n        \"programId\": 3472,\n        \"programName\": \"Teach\",\n        \"programDescription\": \"Teaching\",\n        \"online\": true\n    },\n    {\n        \"programId\": 3473,\n        \"programName\": \"ModifiedTesting\",\n        \"programDescription\": \"NewTesting\",\n        \"online\": true\n    },\n    {\n        \"programId\": 3474,\n        \"programName\": \"JAVA\",\n        \"programDescription\": \"\",\n        \"online\": true\n    },\n    {\n        \"programId\": 3475,\n        \"programName\": \"testing\",\n        \"programDescription\": \"testing\",\n        \"online\": true\n    },\n    {\n        \"programId\": 3476,\n        \"programName\": \"testing\",\n        \"programDescription\": \"testing\",\n        \"online\": true\n    },\n    {\n        \"programId\": 3477,\n        \"programName\": \"automation testing\",\n        \"programDescription\": \"SDET27\",\n        \"online\": true\n    },\n    {\n        \"programId\": 3478,\n        \"programName\": \"automation testing\",\n        \"programDescription\": \"SDET27\",\n        \"online\": true\n    },\n    {\n        \"programId\": 3479,\n        \"programName\": \"Java\",\n        \"programDescription\": \"Rest Assured\",\n        \"online\": true\n    },\n    {\n        \"programId\": 3480,\n        \"programName\": \"Java\",\n        \"programDescription\": \"Rest Assured\",\n        \"online\": true\n    },\n    {\n        \"programId\": 3481,\n        \"programName\": \"automation testing\",\n        \"programDescription\": \"SDET2728\",\n        \"online\": true\n    },\n    {\n        \"programId\": 3482,\n        \"programName\": \"testing\",\n        \"programDescription\": \"testing\",\n        \"online\": true\n    },\n    {\n        \"programId\": 3483,\n        \"programName\": \"testing modified\",\n        \"programDescription\": \"testing modified\",\n        \"online\": true\n    },\n    {\n        \"programId\": 3484,\n        \"programName\": \"JAVA\",\n        \"programDescription\": \"\",\n        \"online\": true\n    },\n    {\n        \"programId\": 3902,\n        \"programName\": \"batman\",\n        \"programDescription\": \"string\",\n        \"online\": true\n    },\n    {\n        \"programId\": 3486,\n        \"programName\": \"cucumber learning modified\",\n        \"programDescription\": \"cucumber learning\",\n        \"online\": false\n    },\n    {\n        \"programId\": 3487,\n        \"programName\": \"Java\",\n        \"programDescription\": \"Rest Assured\",\n        \"online\": true\n    },\n    {\n        \"programId\": 3488,\n        \"programName\": \"Java\",\n        \"programDescription\": \"Rest Assured\",\n        \"online\": true\n    },\n    {\n        \"programId\": 3489,\n        \"programName\": \"Java\",\n        \"programDescription\": \"Rest Assured\",\n        \"online\": true\n    },\n    {\n        \"programId\": 3490,\n        \"programName\": \"Java\",\n        \"programDescription\": \"Rest Assured\",\n        \"online\": true\n    },\n    {\n        \"programId\": 3491,\n        \"programName\": \"Java\",\n        \"programDescription\": \"Rest Assured\",\n        \"online\": true\n    },\n    {\n        \"programId\": 7368,\n        \"programName\": \"string\",\n        \"programDescription\": \"string\",\n        \"online\": true\n    },\n    {\n        \"programId\": 7369,\n        \"programName\": \"string\",\n        \"programDescription\": \"string\",\n        \"online\": true\n    },\n    {\n        \"programId\": 3568,\n        \"programName\": \"SDSD\",\n        \"programDescription\": \"SAPSAP\",\n        \"online\": false\n    },\n    {\n        \"programId\": 3570,\n        \"programName\": \"SDSD\",\n        \"programDescription\": \"SAPSAP\",\n        \"online\": false\n    },\n    {\n        \"programId\": 3498,\n        \"programName\": \"Java 9 Training\",\n        \"programDescription\": \"Java 9 Training\",\n        \"online\": false\n    },\n    {\n        \"programId\": 3499,\n        \"programName\": \"Java 9 Training Modified\",\n        \"programDescription\": \"Java 9 Training Modified\",\n        \"online\": false\n    },\n    {\n        \"programId\": 3501,\n        \"programName\": \"Java 10 Training Modified\",\n        \"programDescription\": \"Java 10 Training Modified\",\n        \"online\": false\n    },\n    {\n        \"programId\": 3502,\n        \"programName\": \"Java 9 Training\",\n        \"programDescription\": \"Java 9 Training\",\n        \"online\": false\n    },\n    {\n        \"programId\": 3503,\n        \"programName\": \"Java 10 Training\",\n        \"programDescription\": \"Java 10 Training\",\n        \"online\": false\n    },\n    {\n        \"programId\": 3504,\n        \"programName\": \"testing\",\n        \"programDescription\": \"testing\",\n        \"online\": true\n    },\n    {\n        \"programId\": 3505,\n        \"programName\": \"cucumber learning modified\",\n        \"programDescription\": \"cucumber learning\",\n        \"online\": false\n    },\n    {\n        \"programId\": 3506,\n        \"programName\": \"testing\",\n        \"programDescription\": \"Test adding a new Program\",\n        \"online\": true\n    },\n    {\n        \"programId\": 3508,\n        \"programName\": \"Testing\",\n        \"programDescription\": \"Adding a program thro AutomationTesting\",\n        \"online\": true\n    },\n    {\n        \"programId\": 3569,\n        \"programName\": \"automation testing\",\n        \"programDescription\": \"RestAssured\",\n        \"online\": true\n    },\n    {\n        \"programId\": 3510,\n        \"programName\": \"testing modified from Postman\",\n        \"programDescription\": \"Selvi TestingLMSAPI modified from Postman\",\n        \"online\": true\n    },\n    {\n        \"programId\": 3511,\n        \"programName\": \"testing modified from Postman\",\n        \"programDescription\": \"Selvi TestingLMSAPI modified from Postman\",\n        \"online\": true\n    },\n    {\n        \"programId\": 3512,\n        \"programName\": \"testing modified from Postman\",\n        \"programDescription\": \"Selvi TestingLMSAPI modified from Postman\",\n        \"online\": true\n    },\n    {\n        \"programId\": 3513,\n        \"programName\": \"testing modified from Postman\",\n        \"programDescription\": \"Selvi TestingLMSAPI modified from Postman\",\n        \"online\": true\n    },\n    {\n        \"programId\": 3507,\n        \"programName\": \"updating Testing for 3507\",\n        \"programDescription\": \" updating request thro AutomationTesting for 3507\",\n        \"online\": true\n    },\n    {\n        \"programId\": 3515,\n        \"programName\": \"Testing\",\n        \"programDescription\": \"Adding a program thro AutomationTesting\",\n        \"online\": true\n    },\n    {\n        \"programId\": 3516,\n        \"programName\": \"Testing\",\n        \"programDescription\": \"Adding a program thro AutomationTesting\",\n        \"online\": true\n    },\n    {\n        \"programId\": 3518,\n        \"programName\": \"Testing\",\n        \"programDescription\": \"Adding a program thro AutomationTesting\",\n        \"online\": true\n    },\n    {\n        \"programId\": 3519,\n        \"programName\": \"Testing\",\n        \"programDescription\": \"Adding a program thro AutomationTesting\",\n        \"online\": true\n    },\n    {\n        \"programId\": 3520,\n        \"programName\": \"Testing\",\n        \"programDescription\": \"Adding a program thro AutomationTesting\",\n        \"online\": true\n    },\n    {\n        \"programId\": 3521,\n        \"programName\": \"Testing\",\n        \"programDescription\": \"Adding a program thro AutomationTesting\",\n        \"online\": true\n    },\n    {\n        \"programId\": 3522,\n        \"programName\": \"automation testing\",\n        \"programDescription\": \"Selenium Java\",\n        \"online\": true\n    },\n    {\n        \"programId\": 3523,\n        \"programName\": \"Testing\",\n        \"programDescription\": \"Adding a program thro AutomationTesting\",\n        \"online\": true\n    },\n    {\n        \"programId\": 3524,\n        \"programName\": \"Updating Program Name\",\n        \"programDescription\": \"Updating Program Description\",\n        \"online\": true\n    },\n    {\n        \"programId\": 3456,\n        \"programName\": \"1234\",\n        \"programDescription\": \"testing\",\n        \"online\": true\n    },\n    {\n        \"programId\": 3525,\n        \"programName\": \"1234\",\n        \"programDescription\": \"testing\",\n        \"online\": true\n    },\n    {\n        \"programId\": 3509,\n        \"programName\": \"JMeter\",\n        \"programDescription\": \"Performance Testing\",\n        \"online\": true\n    },\n    {\n        \"programId\": 3526,\n        \"programName\": \"JMeter\",\n        \"programDescription\": \"Performance Testing\",\n        \"online\": true\n    },\n    {\n        \"programId\": 3527,\n        \"programName\": \"updating Testing for 3514\",\n        \"programDescription\": \" updating request thro AutomationTesting for 3514\",\n        \"online\": true\n    },\n    {\n        \"programId\": 3528,\n        \"programName\": \"automation testing\",\n        \"programDescription\": \"RestassuredBDD\",\n        \"online\": true\n    },\n    {\n        \"programId\": 3529,\n        \"programName\": \"automation testing\",\n        \"programDescription\": \"RestassuredBDD\",\n        \"online\": true\n    },\n    {\n        \"programId\": 3531,\n        \"programName\": \"automation testing\",\n        \"programDescription\": \"RestassuredBDD\",\n        \"online\": true\n    },\n    {\n        \"programId\": 3533,\n        \"programName\": \"automation testing\",\n        \"programDescription\": \"RestassuredBDD\",\n        \"online\": true\n    },\n    {\n        \"programId\": 3534,\n        \"programName\": \"JMeter\",\n        \"programDescription\": null,\n        \"online\": true\n    },\n    {\n        \"programId\": 3535,\n        \"programName\": \"JMeter\",\n        \"programDescription\": \"Performance Testing\",\n        \"online\": false\n    },\n    {\n        \"programId\": 3536,\n        \"programName\": \"JMeter\",\n        \"programDescription\": \"Performance Testing\",\n        \"online\": true\n    },\n    {\n        \"programId\": 3538,\n        \"programName\": \"automation testing\",\n        \"programDescription\": \"RestassuredBDD\",\n        \"online\": true\n    },\n    {\n        \"programId\": 3542,\n        \"programName\": \"ABAP\",\n        \"programDescription\": \"SAP\",\n        \"online\": false\n    },\n    {\n        \"programId\": 3543,\n        \"programName\": \"ABAP\",\n        \"programDescription\": \"SAP\",\n        \"online\": false\n    },\n    {\n        \"programId\": 3545,\n        \"programName\": \"ABAP\",\n        \"programDescription\": \"SAP\",\n        \"online\": false\n    },\n    {\n        \"programId\": 3546,\n        \"programName\": \"ABAP\",\n        \"programDescription\": null,\n        \"online\": false\n    },\n    {\n        \"programId\": 3547,\n        \"programName\": \"ABAP\",\n        \"programDescription\": \"SAP\",\n        \"online\": false\n    },\n    {\n        \"programId\": 3555,\n        \"programName\": \"45@#j\",\n        \"programDescription\": \"SAP\",\n        \"online\": false\n    },\n    {\n        \"programId\": 3557,\n        \"programName\": \"automation testing\",\n        \"programDescription\": \"RestassuredBDD\",\n        \"online\": true\n    },\n    {\n        \"programId\": 3571,\n        \"programName\": \"SDSD\",\n        \"programDescription\": \"SAPSAP\",\n        \"online\": false\n    },\n    {\n        \"programId\": 3572,\n        \"programName\": \"SDSD\",\n        \"programDescription\": \"SAPSAP\",\n        \"online\": false\n    },\n    {\n        \"programId\": 3573,\n        \"programName\": \"SDSD\",\n        \"programDescription\": \"SAPSAP\",\n        \"online\": false\n    },\n    {\n        \"programId\": 3575,\n        \"programName\": \"string\",\n        \"programDescription\": \"string\",\n        \"online\": true\n    },\n    {\n        \"programId\": 3576,\n        \"programName\": \"MBA\",\n        \"programDescription\": \"Mgmt\",\n        \"online\": true\n    },\n    {\n        \"programId\": 3577,\n        \"programName\": \"string\",\n        \"programDescription\": \"string\",\n        \"online\": true\n    },\n    {\n        \"programId\": 3578,\n        \"programName\": \"MBA\",\n        \"programDescription\": \"Mgmt\",\n        \"online\": true\n    },\n    {\n        \"programId\": 3579,\n        \"programName\": \"string\",\n        \"programDescription\": \"string\",\n        \"online\": true\n    },\n    {\n        \"programId\": 3580,\n        \"programName\": \"string\",\n        \"programDescription\": \"string\",\n        \"online\": true\n    },\n    {\n        \"programId\": 3581,\n        \"programName\": \"string\",\n        \"programDescription\": \"string\",\n        \"online\": true\n    },\n    {\n        \"programId\": 3582,\n        \"programName\": \"BDD\",\n        \"programDescription\": \"BDD testing\",\n        \"online\": true\n    },\n    {\n        \"programId\": 3583,\n        \"programName\": \"Developer\",\n        \"programDescription\": \"API Developer\",\n        \"online\": true\n    },\n    {\n        \"programId\": 3584,\n        \"programName\": \"string\",\n        \"programDescription\": \"string\",\n        \"online\": true\n    },\n    {\n        \"programId\": 3585,\n        \"programName\": \"string\",\n        \"programDescription\": \"string\",\n        \"online\": true\n    },\n    {\n        \"programId\": 3586,\n        \"programName\": \"string\",\n        \"programDescription\": \"string\",\n        \"online\": true\n    },\n    {\n        \"programId\": 3587,\n        \"programName\": \"string\",\n        \"programDescription\": \"string\",\n        \"online\": true\n    },\n    {\n        \"programId\": 3588,\n        \"programName\": \"string\",\n        \"programDescription\": \"string\",\n        \"online\": true\n    },\n    {\n        \"programId\": 3589,\n        \"programName\": \"string\",\n        \"programDescription\": \"string\",\n        \"online\": true\n    },\n    {\n        \"programId\": 3591,\n        \"programName\": \"string\",\n        \"programDescription\": \"string\",\n        \"online\": true\n    },\n    {\n        \"programId\": 3592,\n        \"programName\": \"string\",\n        \"programDescription\": \"string\",\n        \"online\": true\n    },\n    {\n        \"programId\": 3593,\n        \"programName\": \"string\",\n        \"programDescription\": \"string\",\n        \"online\": true\n    },\n    {\n        \"programId\": 3594,\n        \"programName\": \"string\",\n        \"programDescription\": \"string\",\n        \"online\": true\n    },\n    {\n        \"programId\": 3596,\n        \"programName\": \"string\",\n        \"programDescription\": \"string\",\n        \"online\": true\n    },\n    {\n        \"programId\": 3597,\n        \"programName\": \"string\",\n        \"programDescription\": \"string\",\n        \"online\": true\n    },\n    {\n        \"programId\": 3598,\n        \"programName\": \"string\",\n        \"programDescription\": \"string\",\n        \"online\": true\n    },\n    {\n        \"programId\": 3599,\n        \"programName\": \"string\",\n        \"programDescription\": \"string\",\n        \"online\": true\n    },\n    {\n        \"programId\": 3601,\n        \"programName\": \"string\",\n        \"programDescription\": \"string\",\n        \"online\": true\n    },\n    {\n        \"programId\": 3800,\n        \"programName\": \"Rest Assured Project\",\n        \"programDescription\": \"Selenium completed batches start automation\",\n        \"online\": false\n    },\n    {\n        \"programId\": 3603,\n        \"programName\": \"String\",\n        \"programDescription\": \"String\",\n        \"online\": true\n    },\n    {\n        \"programId\": 3604,\n        \"programName\": \"String\",\n        \"programDescription\": \"String\",\n        \"online\": true\n    },\n    {\n        \"programId\": 3605,\n        \"programName\": \"String\",\n        \"programDescription\": \"String\",\n        \"online\": true\n    },\n    {\n        \"programId\": 3606,\n        \"programName\": \"MBAAAA\",\n        \"programDescription\": \"Business Mgmt\",\n        \"online\": true\n    },\n    {\n        \"programId\": 3607,\n        \"programName\": \"MBAAAA\",\n        \"programDescription\": \"Business Mgmt\",\n        \"online\": true\n    },\n    {\n        \"programId\": 3608,\n        \"programName\": \"MBAAAA\",\n        \"programDescription\": \"Business Mgmt\",\n        \"online\": true\n    },\n    {\n        \"programId\": 3801,\n        \"programName\": \"Selenium Scrapper Project\",\n        \"programDescription\": \"Selenium completed batches start automation\",\n        \"online\": false\n    },\n    {\n        \"programId\": 3610,\n        \"programName\": \"MBAAAA\",\n        \"programDescription\": \"Business Mgmt\",\n        \"online\": true\n    },\n    {\n        \"programId\": 3611,\n        \"programName\": \"MBAAAA\",\n        \"programDescription\": \"Business Mgmt\",\n        \"online\": true\n    },\n    {\n        \"programId\": 3612,\n        \"programName\": \"string\",\n        \"programDescription\": \"string\",\n        \"online\": true\n    },\n    {\n        \"programId\": 3613,\n        \"programName\": \"MBAAAA\",\n        \"programDescription\": \"Business Mgmt\",\n        \"online\": true\n    },\n    {\n        \"programId\": 3614,\n        \"programName\": \"MBAAAA\",\n        \"programDescription\": \"Business Mgmt\",\n        \"online\": true\n    },\n    {\n        \"programId\": 3615,\n        \"programName\": \"MBAAAA\",\n        \"programDescription\": \"Business Mgmt\",\n        \"online\": true\n    },\n    {\n        \"programId\": 3616,\n        \"programName\": \"MBAAAA\",\n        \"programDescription\": \"Business Mgmt\",\n        \"online\": true\n    },\n    {\n        \"programId\": 3617,\n        \"programName\": \"MBAAAA\",\n        \"programDescription\": \"Business Mgmt\",\n        \"online\": true\n    },\n    {\n        \"programId\": 3618,\n        \"programName\": \"MBC\",\n        \"programDescription\": \"Business Mgmt\",\n        \"online\": true\n    },\n    {\n        \"programId\": 3619,\n        \"programName\": \"MBAAAA\",\n        \"programDescription\": \"Business Mgmt\",\n        \"online\": true\n    },\n    {\n        \"programId\": 3620,\n        \"programName\": \"MBC\",\n        \"programDescription\": \"Business Mgmt\",\n        \"online\": true\n    },\n    {\n        \"programId\": 3621,\n        \"programName\": \"MBAAAA\",\n        \"programDescription\": \"Business Mgmt\",\n        \"online\": true\n    },\n    {\n        \"programId\": 3802,\n        \"programName\": \"API Testing 87766\",\n        \"programDescription\": \"Description for 87766\",\n        \"online\": true\n    },\n    {\n        \"programId\": 3622,\n        \"programName\": \"MBAAAA\",\n        \"programDescription\": \"Business Mgmt\",\n        \"online\": true\n    },\n    {\n        \"programId\": 3623,\n        \"programName\": \"MBAAAA\",\n        \"programDescription\": \"Business Mgmt\",\n        \"online\": true\n    },\n    {\n        \"programId\": 3624,\n        \"programName\": \"MBAAAA\",\n        \"programDescription\": \"Business Mgmt\",\n        \"online\": true\n    },\n    {\n        \"programId\": 3625,\n        \"programName\": \"MBAAAA\",\n        \"programDescription\": \"Business Mgmt\",\n        \"online\": true\n    },\n    {\n        \"programId\": 3626,\n        \"programName\": \"MBAAAA\",\n        \"programDescription\": \"Business Mgmt\",\n        \"online\": true\n    },\n    {\n        \"programId\": 7370,\n        \"programName\": \"Angular\",\n        \"programDescription\": \"AngularStudy\",\n        \"online\": true\n    },\n    {\n        \"programId\": 3628,\n        \"programName\": \"MBAAAA\",\n        \"programDescription\": \"Business Mgmt\",\n        \"online\": true\n    },\n    {\n        \"programId\": 3803,\n        \"programName\": \"Rest Assured Project\",\n        \"programDescription\": \"Selenium completed batches start automation\",\n        \"online\": false\n    },\n    {\n        \"programId\": 3804,\n        \"programName\": \"Selenium Scrapper Project\",\n        \"programDescription\": \"Selenium completed batches start automation\",\n        \"online\": false\n    },\n    {\n        \"programId\": 3805,\n        \"programName\": \"API Testing 87766\",\n        \"programDescription\": \"Description for 87766\",\n        \"online\": true\n    },\n    {\n        \"programId\": 3806,\n        \"programName\": \"test1\",\n        \"programDescription\": \"test1\",\n        \"online\": true\n    },\n    {\n        \"programId\": 3635,\n        \"programName\": \"MBAAAA\",\n        \"programDescription\": \"Business Mgmt\",\n        \"online\": true\n    },\n    {\n        \"programId\": 3636,\n        \"programName\": \"SCIENCE\",\n        \"programDescription\": \"Business Mgmt\",\n        \"online\": true\n    },\n    {\n        \"programId\": 3637,\n        \"programName\": \"SCIENCE\",\n        \"programDescription\": \"Business Mgmt\",\n        \"online\": true\n    },\n    {\n        \"programId\": 3638,\n        \"programName\": \"string\",\n        \"programDescription\": \"string\",\n        \"online\": true\n    },\n    {\n        \"programId\": 3845,\n        \"programName\": \"API testing Modified\",\n        \"programDescription\": \"Testing using Postman  Modified\",\n        \"online\": false\n    },\n    {\n        \"programId\": 3640,\n        \"programName\": \"SCIENCE2\",\n        \"programDescription\": \"Business Mgmt\",\n        \"online\": true\n    },\n    {\n        \"programId\": 3846,\n        \"programName\": \"Python programming\",\n        \"programDescription\": \"Learn Python\",\n        \"online\": false\n    },\n    {\n        \"programId\": 3847,\n        \"programName\": \"API testing\",\n        \"programDescription\": \"Testing using Postman \",\n        \"online\": false\n    },\n    {\n        \"programId\": 3643,\n        \"programName\": \"string\",\n        \"programDescription\": \"jobs\",\n        \"online\": true\n    },\n    {\n        \"programId\": 3883,\n        \"programName\": \"spiderman\",\n        \"programDescription\": \"string\",\n        \"online\": true\n    },\n    {\n        \"programId\": 7372,\n        \"programName\": \"testing\",\n        \"programDescription\": \"testing\",\n        \"online\": true\n    },\n    {\n        \"programId\": 3633,\n        \"programName\": \"Developer\",\n        \"programDescription\": \"API Developer\",\n        \"online\": true\n    },\n    {\n        \"programId\": 3645,\n        \"programName\": \"spiderman\",\n        \"programDescription\": \"string\",\n        \"online\": true\n    },\n    {\n        \"programId\": 3884,\n        \"programName\": \"Contract testing\",\n        \"programDescription\": \"LMS API TESTING\",\n        \"online\": true\n    },\n    {\n        \"programId\": 3646,\n        \"programName\": \"spiderman\",\n        \"programDescription\": \"string\",\n        \"online\": true\n    },\n    {\n        \"programId\": 3647,\n        \"programName\": \"spiderman\",\n        \"programDescription\": \"string\",\n        \"online\": true\n    },\n    {\n        \"programId\": 3648,\n        \"programName\": \"spiderman\",\n        \"programDescription\": \"string\",\n        \"online\": true\n    },\n    {\n        \"programId\": 3649,\n        \"programName\": \"spiderman\",\n        \"programDescription\": \"string\",\n        \"online\": true\n    },\n    {\n        \"programId\": 3650,\n        \"programName\": \"SCIENCE2\",\n        \"programDescription\": \"Business Mgmt\",\n        \"online\": true\n    },\n    {\n        \"programId\": 3651,\n        \"programName\": \"SCIENCE4\",\n        \"programDescription\": \"Business Mgmt\",\n        \"online\": true\n    },\n    {\n        \"programId\": 3652,\n        \"programName\": \"automation testing\",\n        \"programDescription\": \"RestassuredBDD\",\n        \"online\": true\n    },\n    {\n        \"programId\": 3658,\n        \"programName\": \"automation \",\n        \"programDescription\": \"RestAssured\",\n        \"online\": true\n    },\n    {\n        \"programId\": 3659,\n        \"programName\": \"API Testing\",\n        \"programDescription\": \"API Testing on LMS\",\n        \"online\": true\n    },\n    {\n        \"programId\": 3896,\n        \"programName\": \"Contract testing\",\n        \"programDescription\": \"LMS API TESTING\",\n        \"online\": true\n    },\n    {\n        \"programId\": 3660,\n        \"programName\": \"Developer-same ProgramId\",\n        \"programDescription\": \"API Developer-same ProgramId\",\n        \"online\": true\n    },\n    {\n        \"programId\": 3661,\n        \"programName\": \"Developer-3661\",\n        \"programDescription\": \"API Developer-3661\",\n        \"online\": true\n    },\n    {\n        \"programId\": 3662,\n        \"programName\": \"API Testing\",\n        \"programDescription\": \"API Testing on LMS\",\n        \"online\": true\n    },\n    {\n        \"programId\": 3663,\n        \"programName\": \"cucumber learning modified\",\n        \"programDescription\": \"cucumber learning\",\n        \"online\": false\n    },\n    {\n        \"programId\": 3664,\n        \"programName\": \"API Testing\",\n        \"programDescription\": \"API Testing on LMS\",\n        \"online\": true\n    },\n    {\n        \"programId\": 3665,\n        \"programName\": \"cucumber learning modified\",\n        \"programDescription\": \"cucumber learning\",\n        \"online\": false\n    },\n    {\n        \"programId\": 3666,\n        \"programName\": \"API Testing\",\n        \"programDescription\": \"API Testing on LMS\",\n        \"online\": true\n    },\n    {\n        \"programId\": 3667,\n        \"programName\": \"cucumber learning modified\",\n        \"programDescription\": \"cucumber learning\",\n        \"online\": false\n    },\n    {\n        \"programId\": 3668,\n        \"programName\": \"API Testing\",\n        \"programDescription\": \"API Testing on LMS\",\n        \"online\": true\n    },\n    {\n        \"programId\": 3669,\n        \"programName\": \"cucumber learning modified\",\n        \"programDescription\": \"cucumber learning\",\n        \"online\": false\n    },\n    {\n        \"programId\": 3897,\n        \"programName\": \"asdfa\",\n        \"programDescription\": \"asfa\",\n        \"online\": true\n    },\n    {\n        \"programId\": 3946,\n        \"programName\": \"string\",\n        \"programDescription\": \"string\",\n        \"online\": true\n    },\n    {\n        \"programId\": 3903,\n        \"programName\": \"ironman\",\n        \"programDescription\": \"string\",\n        \"online\": true\n    },\n    {\n        \"programId\": 3674,\n        \"programName\": \"Developer\",\n        \"programDescription\": \"API Developer\",\n        \"online\": true\n    },\n    {\n        \"programId\": 3675,\n        \"programName\": \"API Testing\",\n        \"programDescription\": \"API Testing on LMS\",\n        \"online\": true\n    },\n    {\n        \"programId\": 3676,\n        \"programName\": \"cucumber learning modified\",\n        \"programDescription\": \"cucumber learning\",\n        \"online\": false\n    },\n    {\n        \"programId\": 3687,\n        \"programName\": \"JMeter\",\n        \"programDescription\": \"Performance Testing\",\n        \"online\": true\n    },\n    {\n        \"programId\": 3688,\n        \"programName\": \"\\\"Automatio Testing\\\"\",\n        \"programDescription\": \"\\\"RestAssured\\\"\",\n        \"online\": false\n    },\n    {\n        \"programId\": 3689,\n        \"programName\": \"\\\"Develeopment\\\"\",\n        \"programDescription\": \"\\\"Java\\\"\",\n        \"online\": false\n    },\n    {\n        \"programId\": 3690,\n        \"programName\": \"\\\"Project Management\\\"\",\n        \"programDescription\": \"\\\"scrum master\\\"\",\n        \"online\": false\n    },\n    {\n        \"programId\": 3905,\n        \"programName\": \"batman\",\n        \"programDescription\": \"string\",\n        \"online\": true\n    },\n    {\n        \"programId\": 3692,\n        \"programName\": \"automation \",\n        \"programDescription\": \"RestAssured\",\n        \"online\": true\n    },\n    {\n        \"programId\": 3906,\n        \"programName\": \"ironman\",\n        \"programDescription\": \"string\",\n        \"online\": true\n    },\n    {\n        \"programId\": 3909,\n        \"programName\": \"batman\",\n        \"programDescription\": \"string\",\n        \"online\": true\n    },\n    {\n        \"programId\": 3910,\n        \"programName\": \"ironman\",\n        \"programDescription\": \"string\",\n        \"online\": true\n    },\n    {\n        \"programId\": 3911,\n        \"programName\": \"superman\",\n        \"programDescription\": \"string\",\n        \"online\": true\n    },\n    {\n        \"programId\": 3912,\n        \"programName\": \"batman\",\n        \"programDescription\": \"string\",\n        \"online\": true\n    },\n    {\n        \"programId\": 3913,\n        \"programName\": \"ironman\",\n        \"programDescription\": \"string\",\n        \"online\": true\n    },\n    {\n        \"programId\": 3914,\n        \"programName\": \"superman\",\n        \"programDescription\": \"string\",\n        \"online\": true\n    },\n    {\n        \"programId\": 3915,\n        \"programName\": \"batman\",\n        \"programDescription\": \"string\",\n        \"online\": true\n    },\n    {\n        \"programId\": 3916,\n        \"programName\": \"ironman\",\n        \"programDescription\": \"string\",\n        \"online\": true\n    },\n    {\n        \"programId\": 3917,\n        \"programName\": \"batman\",\n        \"programDescription\": \"string\",\n        \"online\": true\n    },\n    {\n        \"programId\": 3918,\n        \"programName\": \"ironman\",\n        \"programDescription\": \"string\",\n        \"online\": true\n    },\n    {\n        \"programId\": 3919,\n        \"programName\": \"batman\",\n        \"programDescription\": \"string\",\n        \"online\": true\n    },\n    {\n        \"programId\": 3920,\n        \"programName\": \"ironman\",\n        \"programDescription\": \"string\",\n        \"online\": true\n    },\n    {\n        \"programId\": 3927,\n        \"programName\": \"softwaretesting \",\n        \"programDescription\": \"training\",\n        \"online\": true\n    },\n    {\n        \"programId\": 3928,\n        \"programName\": \"batman\",\n        \"programDescription\": \"string\",\n        \"online\": true\n    },\n    {\n        \"programId\": 3929,\n        \"programName\": \"ironman\",\n        \"programDescription\": \"string\",\n        \"online\": true\n    },\n    {\n        \"programId\": 3930,\n        \"programName\": \"batman\",\n        \"programDescription\": \"string\",\n        \"online\": true\n    },\n    {\n        \"programId\": 3931,\n        \"programName\": \"ironman\",\n        \"programDescription\": \"string\",\n        \"online\": true\n    },\n    {\n        \"programId\": 3932,\n        \"programName\": \"API Testing 87766\",\n        \"programDescription\": \"Description for 87766\",\n        \"online\": true\n    },\n    {\n        \"programId\": 3600,\n        \"programName\": \"1.00\",\n        \"programDescription\": \"Lms Automation\",\n        \"online\": true\n    },\n    {\n        \"programId\": 3956,\n        \"programName\": \"DEMOname\",\n        \"programDescription\": \"DEMOid\",\n        \"online\": true\n    },\n    {\n        \"programId\": 3957,\n        \"programName\": \"DEMOname\",\n        \"programDescription\": \"DEMOid\",\n        \"online\": true\n    },\n    {\n        \"programId\": 3964,\n        \"programName\": \"Multipal Digit Testing\",\n        \"programDescription\": \"Program ID Testing\",\n        \"online\": true\n    },\n    {\n        \"programId\": 3965,\n        \"programName\": \"Multipal Digit Testing\",\n        \"programDescription\": \"Program ID Testing\",\n        \"online\": true\n    },\n    {\n        \"programId\": 3966,\n        \"programName\": \"Multipal Digit Testing\",\n        \"programDescription\": \"Program ID Testing\",\n        \"online\": true\n    },\n    {\n        \"programId\": 3968,\n        \"programName\": \"ironman\",\n        \"programDescription\": \"string\",\n        \"online\": true\n    },\n    {\n        \"programId\": 3967,\n        \"programName\": \"Multipal Digit Testing\",\n        \"programDescription\": \"Program ID Testing\",\n        \"online\": true\n    },\n    {\n        \"programId\": 3977,\n        \"programName\": \"Multipal Digit Testing\",\n        \"programDescription\": \"Program ID Testing\",\n        \"online\": true\n    },\n    {\n        \"programId\": 3982,\n        \"programName\": \"SCIENCE4\",\n        \"programDescription\": \"Business Mgmt\",\n        \"online\": true\n    },\n    {\n        \"programId\": 3631,\n        \"programName\": \"MBBBBBC\",\n        \"programDescription\": \"Business Mgmt\",\n        \"online\": true\n    },\n    {\n        \"programId\": 3987,\n        \"programName\": \"MBBBBBC\",\n        \"programDescription\": \"Business Mgmt\",\n        \"online\": true\n    },\n    {\n        \"programId\": 3988,\n        \"programName\": \"SCIENCE4\",\n        \"programDescription\": \"Business Mgmt\",\n        \"online\": true\n    },\n    {\n        \"programId\": 3989,\n        \"programName\": \"MBBBBBC\",\n        \"programDescription\": \"Business Mgmt\",\n        \"online\": true\n    },\n    {\n        \"programId\": 3990,\n        \"programName\": \"SCIENCE4\",\n        \"programDescription\": \"Business Mgmt\",\n        \"online\": true\n    },\n    {\n        \"programId\": 3992,\n        \"programName\": \"SCIENCE4\",\n        \"programDescription\": \"Business Mgmt\",\n        \"online\": true\n    },\n    {\n        \"programId\": 3993,\n        \"programName\": \"MBBBBBC\",\n        \"programDescription\": \"Business Mgmt\",\n        \"online\": true\n    },\n    {\n        \"programId\": 3994,\n        \"programName\": \"SCIENCE4\",\n        \"programDescription\": \"Business Mgmt\",\n        \"online\": true\n    },\n    {\n        \"programId\": 3980,\n        \"programName\": \"MBBBBBC\",\n        \"programDescription\": \"Business Mgmt\",\n        \"online\": true\n    },\n    {\n        \"programId\": 3995,\n        \"programName\": \"SCIENCE4\",\n        \"programDescription\": \"Business Mgmt\",\n        \"online\": true\n    },\n    {\n        \"programId\": 3996,\n        \"programName\": \"SCIENCE4\",\n        \"programDescription\": \"Business Mgmt\",\n        \"online\": true\n    },\n    {\n        \"programId\": 3997,\n        \"programName\": \"SCIENCE4\",\n        \"programDescription\": \"Business Mgmt\",\n        \"online\": true\n    },\n    {\n        \"programId\": 3936,\n        \"programName\": \"softwaretesting\",\n        \"programDescription\": \"Newtraining\",\n        \"online\": true\n    },\n    {\n        \"programId\": 3562,\n        \"programName\": \"modified today\",\n        \"programDescription\": \"modidied today\",\n        \"online\": true\n    },\n    {\n        \"programId\": 4074,\n        \"programName\": \"API Testing 3705\",\n        \"programDescription\": \"Description for 3705\",\n        \"online\": true\n    },\n    {\n        \"programId\": 4075,\n        \"programName\": \"API Testing 3705\",\n        \"programDescription\": \"Description for 3705\",\n        \"online\": true\n    },\n    {\n        \"programId\": 4076,\n        \"programName\": \"API Testing 3705\",\n        \"programDescription\": \"Description for 3705\",\n        \"online\": true\n    },\n    {\n        \"programId\": 4077,\n        \"programName\": \"API Testing 3705\",\n        \"programDescription\": \"Description for 3705\",\n        \"online\": true\n    },\n    {\n        \"programId\": 4078,\n        \"programName\": \"API Testing 3705\",\n        \"programDescription\": \"Description for 3705\",\n        \"online\": true\n    },\n    {\n        \"programId\": 3300,\n        \"programName\": \"API Testing 3705\",\n        \"programDescription\": \"Description for 3705\",\n        \"online\": true\n    },\n    {\n        \"programId\": 4079,\n        \"programName\": \"API Testing 3705\",\n        \"programDescription\": \"Description for 3705\",\n        \"online\": true\n    },\n    {\n        \"programId\": 4080,\n        \"programName\": \"API Testing 3705\",\n        \"programDescription\": \"Description for 3705\",\n        \"online\": true\n    },\n    {\n        \"programId\": 4081,\n        \"programName\": \"API Testing 3705\",\n        \"programDescription\": \"Description for 3705\",\n        \"online\": true\n    },\n    {\n        \"programId\": 4082,\n        \"programName\": \"API Testing 3705\",\n        \"programDescription\": \"Description for 3705\",\n        \"online\": true\n    },\n    {\n        \"programId\": 4083,\n        \"programName\": \"Csharp\",\n        \"programDescription\": null,\n        \"online\": true\n    },\n    {\n        \"programId\": 4084,\n        \"programName\": \"Csharp\",\n        \"programDescription\": null,\n        \"online\": true\n    },\n    {\n        \"programId\": 4085,\n        \"programName\": \"Csharp\",\n        \"programDescription\": null,\n        \"online\": true\n    },\n    {\n        \"programId\": 4086,\n        \"programName\": \"Csharp\",\n        \"programDescription\": null,\n        \"online\": true\n    },\n    {\n        \"programId\": 4087,\n        \"programName\": \"Csharp\",\n        \"programDescription\": null,\n        \"online\": true\n    },\n    {\n        \"programId\": 4088,\n        \"programName\": \"Csharp\",\n        \"programDescription\": null,\n        \"online\": true\n    },\n    {\n        \"programId\": 4089,\n        \"programName\": \"Selenium\",\n        \"programDescription\": null,\n        \"online\": true\n    },\n    {\n        \"programId\": 4090,\n        \"programName\": \"Java\",\n        \"programDescription\": null,\n        \"online\": false\n    },\n    {\n        \"programId\": 4091,\n        \"programName\": \"Csharp\",\n        \"programDescription\": null,\n        \"online\": true\n    },\n    {\n        \"programId\": 4092,\n        \"programName\": \"Cypress\",\n        \"programDescription\": null,\n        \"online\": false\n    },\n    {\n        \"programId\": 4093,\n        \"programName\": \"CoralDraw\",\n        \"programDescription\": null,\n        \"online\": true\n    },\n    {\n        \"programId\": 4094,\n        \"programName\": \"Adobe Reader\",\n        \"programDescription\": null,\n        \"online\": true\n    },\n    {\n        \"programId\": 4095,\n        \"programName\": \"Cucumber\",\n        \"programDescription\": null,\n        \"online\": true\n    },\n    {\n        \"programId\": 4096,\n        \"programName\": \"Selenium\",\n        \"programDescription\": null,\n        \"online\": true\n    },\n    {\n        \"programId\": 4097,\n        \"programName\": \"Selenium Modified\",\n        \"programDescription\": null,\n        \"online\": true\n    },\n    {\n        \"programId\": 4098,\n        \"programName\": \"Java\",\n        \"programDescription\": null,\n        \"online\": false\n    },\n    {\n        \"programId\": 4099,\n        \"programName\": \"Java Modified\",\n        \"programDescription\": null,\n        \"online\": false\n    },\n    {\n        \"programId\": 4100,\n        \"programName\": \"Csharp\",\n        \"programDescription\": null,\n        \"online\": true\n    },\n    {\n        \"programId\": 4101,\n        \"programName\": \"Csharp Modified\",\n        \"programDescription\": null,\n        \"online\": true\n    },\n    {\n        \"programId\": 4102,\n        \"programName\": \"Cypress\",\n        \"programDescription\": null,\n        \"online\": false\n    },\n    {\n        \"programId\": 4103,\n        \"programName\": \"Cypress Modified\",\n        \"programDescription\": null,\n        \"online\": false\n    },\n    {\n        \"programId\": 4104,\n        \"programName\": \"CoralDraw\",\n        \"programDescription\": null,\n        \"online\": true\n    },\n    {\n        \"programId\": 4105,\n        \"programName\": \"CoralDraw Modified\",\n        \"programDescription\": null,\n        \"online\": true\n    },\n    {\n        \"programId\": 4106,\n        \"programName\": \"Adobe Reader\",\n        \"programDescription\": null,\n        \"online\": true\n    },\n    {\n        \"programId\": 4107,\n        \"programName\": \"Adobe Reader Modified\",\n        \"programDescription\": null,\n        \"online\": true\n    },\n    {\n        \"programId\": 4108,\n        \"programName\": \"Cucumber\",\n        \"programDescription\": null,\n        \"online\": true\n    },\n    {\n        \"programId\": 4109,\n        \"programName\": \"Cucumber Modified\",\n        \"programDescription\": null,\n        \"online\": true\n    },\n    {\n        \"programId\": 4110,\n        \"programName\": \"Testing1\",\n        \"programDescription\": \"Testing1\",\n        \"online\": true\n    },\n    {\n        \"programId\": 4111,\n        \"programName\": \"batman\",\n        \"programDescription\": \"string\",\n        \"online\": true\n    },\n    {\n        \"programId\": 4112,\n        \"programName\": \"ironman\",\n        \"programDescription\": \"string\",\n        \"online\": true\n    },\n    {\n        \"programId\": 4113,\n        \"programName\": \"batman\",\n        \"programDescription\": \"string\",\n        \"online\": true\n    },\n    {\n        \"programId\": 4114,\n        \"programName\": \"ironman\",\n        \"programDescription\": \"string\",\n        \"online\": true\n    },\n    {\n        \"programId\": 4115,\n        \"programName\": \"batman\",\n        \"programDescription\": \"string\",\n        \"online\": true\n    },\n    {\n        \"programId\": 4116,\n        \"programName\": \"ironman\",\n        \"programDescription\": \"string\",\n        \"online\": true\n    },\n    {\n        \"programId\": 4117,\n        \"programName\": \"batman\",\n        \"programDescription\": \"string\",\n        \"online\": true\n    },\n    {\n        \"programId\": 4118,\n        \"programName\": \"ironman\",\n        \"programDescription\": \"string\",\n        \"online\": true\n    },\n    {\n        \"programId\": 4119,\n        \"programName\": \"batman\",\n        \"programDescription\": \"string\",\n        \"online\": true\n    },\n    {\n        \"programId\": 4120,\n        \"programName\": \"ironman\",\n        \"programDescription\": \"string\",\n        \"online\": true\n    },\n    {\n        \"programId\": 4122,\n        \"programName\": \"cucumber learning\",\n        \"programDescription\": \"cucumber learning\",\n        \"online\": false\n    },\n    {\n        \"programId\": 4123,\n        \"programName\": \"Selenium\",\n        \"programDescription\": null,\n        \"online\": true\n    },\n    {\n        \"programId\": 4124,\n        \"programName\": \"Java\",\n        \"programDescription\": null,\n        \"online\": false\n    },\n    {\n        \"programId\": 4125,\n        \"programName\": \"Csharp\",\n        \"programDescription\": null,\n        \"online\": true\n    },\n    {\n        \"programId\": 4126,\n        \"programName\": \"Cypress\",\n        \"programDescription\": null,\n        \"online\": false\n    },\n    {\n        \"programId\": 4127,\n        \"programName\": \"CoralDraw\",\n        \"programDescription\": null,\n        \"online\": true\n    },\n    {\n        \"programId\": 4128,\n        \"programName\": \"Adobe Reader\",\n        \"programDescription\": null,\n        \"online\": true\n    },\n    {\n        \"programId\": 4129,\n        \"programName\": \"Cucumber\",\n        \"programDescription\": null,\n        \"online\": true\n    },\n    {\n        \"programId\": 4131,\n        \"programName\": \"Selenium\",\n        \"programDescription\": null,\n        \"online\": true\n    },\n    {\n        \"programId\": 4132,\n        \"programName\": \"Java\",\n        \"programDescription\": null,\n        \"online\": false\n    },\n    {\n        \"programId\": 4133,\n        \"programName\": \"Csharp\",\n        \"programDescription\": null,\n        \"online\": true\n    },\n    {\n        \"programId\": 4134,\n        \"programName\": \"Cypress\",\n        \"programDescription\": null,\n        \"online\": false\n    },\n    {\n        \"programId\": 4135,\n        \"programName\": \"CoralDraw\",\n        \"programDescription\": null,\n        \"online\": true\n    },\n    {\n        \"programId\": 4136,\n        \"programName\": \"Adobe Reader\",\n        \"programDescription\": null,\n        \"online\": true\n    },\n    {\n        \"programId\": 4137,\n        \"programName\": \"Cucumber\",\n        \"programDescription\": null,\n        \"online\": true\n    },\n    {\n        \"programId\": 305,\n        \"programName\": \"Java\",\n        \"programDescription\": \"Web Development\",\n        \"online\": true\n    },\n    {\n        \"programId\": 4147,\n        \"programName\": \"Selenium\",\n        \"programDescription\": null,\n        \"online\": true\n    },\n    {\n        \"programId\": 4148,\n        \"programName\": \"Java\",\n        \"programDescription\": null,\n        \"online\": false\n    },\n    {\n        \"programId\": 4149,\n        \"programName\": \"Csharp\",\n        \"programDescription\": null,\n        \"online\": true\n    },\n    {\n        \"programId\": 4150,\n        \"programName\": \"Cypress\",\n        \"programDescription\": null,\n        \"online\": false\n    },\n    {\n        \"programId\": 4151,\n        \"programName\": \"CoralDraw\",\n        \"programDescription\": null,\n        \"online\": true\n    },\n    {\n        \"programId\": 4152,\n        \"programName\": \"Adobe Reader\",\n        \"programDescription\": null,\n        \"online\": true\n    },\n    {\n        \"programId\": 4153,\n        \"programName\": \"Cucumber\",\n        \"programDescription\": null,\n        \"online\": true\n    },\n    {\n        \"programId\": 4155,\n        \"programName\": \"Selenium\",\n        \"programDescription\": null,\n        \"online\": true\n    },\n    {\n        \"programId\": 4156,\n        \"programName\": \"Java\",\n        \"programDescription\": null,\n        \"online\": false\n    },\n    {\n        \"programId\": 4157,\n        \"programName\": \"Csharp\",\n        \"programDescription\": null,\n        \"online\": true\n    },\n    {\n        \"programId\": 4158,\n        \"programName\": \"Cypress\",\n        \"programDescription\": null,\n        \"online\": false\n    },\n    {\n        \"programId\": 4159,\n        \"programName\": \"CoralDraw\",\n        \"programDescription\": null,\n        \"online\": true\n    },\n    {\n        \"programId\": 4160,\n        \"programName\": \"Adobe Reader\",\n        \"programDescription\": null,\n        \"online\": true\n    },\n    {\n        \"programId\": 4161,\n        \"programName\": \"Cucumber\",\n        \"programDescription\": null,\n        \"online\": true\n    },\n    {\n        \"programId\": 4171,\n        \"programName\": \"Selenium\",\n        \"programDescription\": null,\n        \"online\": true\n    },\n    {\n        \"programId\": 4172,\n        \"programName\": \"Selenium Modified\",\n        \"programDescription\": null,\n        \"online\": true\n    },\n    {\n        \"programId\": 4173,\n        \"programName\": \"Java\",\n        \"programDescription\": null,\n        \"online\": false\n    },\n    {\n        \"programId\": 4174,\n        \"programName\": \"Java Modified\",\n        \"programDescription\": null,\n        \"online\": false\n    },\n    {\n        \"programId\": 4175,\n        \"programName\": \"Csharp\",\n        \"programDescription\": null,\n        \"online\": true\n    },\n    {\n        \"programId\": 4176,\n        \"programName\": \"Csharp Modified\",\n        \"programDescription\": null,\n        \"online\": true\n    },\n    {\n        \"programId\": 4177,\n        \"programName\": \"Cypress\",\n        \"programDescription\": null,\n        \"online\": false\n    },\n    {\n        \"programId\": 4178,\n        \"programName\": \"Cypress Modified\",\n        \"programDescription\": null,\n        \"online\": false\n    },\n    {\n        \"programId\": 4179,\n        \"programName\": \"CoralDraw\",\n        \"programDescription\": null,\n        \"online\": true\n    },\n    {\n        \"programId\": 4180,\n        \"programName\": \"CoralDraw Modified\",\n        \"programDescription\": null,\n        \"online\": true\n    },\n    {\n        \"programId\": 4181,\n        \"programName\": \"Adobe Reader\",\n        \"programDescription\": null,\n        \"online\": true\n    },\n    {\n        \"programId\": 4182,\n        \"programName\": \"Adobe Reader Modified\",\n        \"programDescription\": null,\n        \"online\": true\n    },\n    {\n        \"programId\": 4183,\n        \"programName\": \"Cucumber\",\n        \"programDescription\": null,\n        \"online\": true\n    },\n    {\n        \"programId\": 4184,\n        \"programName\": \"Cucumber Modified\",\n        \"programDescription\": null,\n        \"online\": true\n    },\n    {\n        \"programId\": 4186,\n        \"programName\": \"string\",\n        \"programDescription\": \"string\",\n        \"online\": true\n    },\n    {\n        \"programId\": 4187,\n        \"programName\": \"string\",\n        \"programDescription\": \"string\",\n        \"online\": true\n    },\n    {\n        \"programId\": 4188,\n        \"programName\": \"testing\",\n        \"programDescription\": \"testing\",\n        \"online\": true\n    },\n    {\n        \"programId\": 4189,\n        \"programName\": \"Testing\",\n        \"programDescription\": \"Testing\",\n        \"online\": true\n    },\n    {\n        \"programId\": 4190,\n        \"programName\": \"Testing\",\n        \"programDescription\": \"Testing\",\n        \"online\": true\n    },\n    {\n        \"programId\": 4191,\n        \"programName\": \"string34\",\n        \"programDescription\": \"string34\",\n        \"online\": true\n    },\n    {\n        \"programId\": 4192,\n        \"programName\": \"Testing\",\n        \"programDescription\": \"Testing\",\n        \"online\": true\n    },\n    {\n        \"programId\": 4193,\n        \"programName\": \"Testing\",\n        \"programDescription\": \"Testing\",\n        \"online\": true\n    },\n    {\n        \"programId\": 4194,\n        \"programName\": \"Testing\",\n        \"programDescription\": \"Testing\",\n        \"online\": true\n    },\n    {\n        \"programId\": 4195,\n        \"programName\": \"Testing\",\n        \"programDescription\": \"Testing\",\n        \"online\": true\n    },\n    {\n        \"programId\": 4196,\n        \"programName\": \"Testing\",\n        \"programDescription\": \"Testing\",\n        \"online\": true\n    },\n    {\n        \"programId\": 4197,\n        \"programName\": \"Testing\",\n        \"programDescription\": \"Testing\",\n        \"online\": true\n    },\n    {\n        \"programId\": 4198,\n        \"programName\": \"string\",\n        \"programDescription\": \"string\",\n        \"online\": true\n    },\n    {\n        \"programId\": 4199,\n        \"programName\": \"string\",\n        \"programDescription\": \"string\",\n        \"online\": true\n    },\n    {\n        \"programId\": 4200,\n        \"programName\": \"Testing\",\n        \"programDescription\": \"Testing\",\n        \"online\": true\n    },\n    {\n        \"programId\": 4201,\n        \"programName\": \"Testing\",\n        \"programDescription\": \"Testing\",\n        \"online\": true\n    },\n    {\n        \"programId\": 4202,\n        \"programName\": \"Testing\",\n        \"programDescription\": \"Testing\",\n        \"online\": true\n    },\n    {\n        \"programId\": 4203,\n        \"programName\": \"Testing\",\n        \"programDescription\": \"Testing\",\n        \"online\": true\n    },\n    {\n        \"programId\": 4204,\n        \"programName\": \"testing\",\n        \"programDescription\": \"testing\",\n        \"online\": true\n    },\n    {\n        \"programId\": 4205,\n        \"programName\": \"string34\",\n        \"programDescription\": \"string34\",\n        \"online\": true\n    },\n    {\n        \"programId\": 4206,\n        \"programName\": \"string34\",\n        \"programDescription\": \"string34\",\n        \"online\": true\n    },\n    {\n        \"programId\": 4207,\n        \"programName\": \"Testing\",\n        \"programDescription\": \"Testing\",\n        \"online\": true\n    },\n    {\n        \"programId\": 4208,\n        \"programName\": \"Testing\",\n        \"programDescription\": \"Testing\",\n        \"online\": true\n    },\n    {\n        \"programId\": 4209,\n        \"programName\": \"testing\",\n        \"programDescription\": \"testing\",\n        \"online\": true\n    },\n    {\n        \"programId\": 4210,\n        \"programName\": \"Testing\",\n        \"programDescription\": \"Testing\",\n        \"online\": true\n    },\n    {\n        \"programId\": 4211,\n        \"programName\": \"string\",\n        \"programDescription\": \"string\",\n        \"online\": true\n    },\n    {\n        \"programId\": 4212,\n        \"programName\": \"testing\",\n        \"programDescription\": \"testing\",\n        \"online\": true\n    },\n    {\n        \"programId\": 4213,\n        \"programName\": \"Testing modified\",\n        \"programDescription\": \"Testing modified\",\n        \"online\": true\n    },\n    {\n        \"programId\": 4214,\n        \"programName\": \"string34\",\n        \"programDescription\": \"string34\",\n        \"online\": true\n    },\n    {\n        \"programId\": 4215,\n        \"programName\": \"Testing modified\",\n        \"programDescription\": \"Testing modified\",\n        \"online\": true\n    },\n    {\n        \"programId\": 4216,\n        \"programName\": \"Testing modified\",\n        \"programDescription\": \"Testing modified\",\n        \"online\": true\n    },\n    {\n        \"programId\": 4217,\n        \"programName\": \"Testing modified\",\n        \"programDescription\": \"Testing modified\",\n        \"online\": true\n    },\n    {\n        \"programId\": 4218,\n        \"programName\": \"string\",\n        \"programDescription\": \"string\",\n        \"online\": true\n    },\n    {\n        \"programId\": 4219,\n        \"programName\": \"string\",\n        \"programDescription\": \"string\",\n        \"online\": true\n    },\n    {\n        \"programId\": 4220,\n        \"programName\": \"Testing modified\",\n        \"programDescription\": \"Testing modified\",\n        \"online\": true\n    },\n    {\n        \"programId\": 4221,\n        \"programName\": \"Testing modified\",\n        \"programDescription\": \"Testing modified\",\n        \"online\": true\n    },\n    {\n        \"programId\": 4222,\n        \"programName\": \"Testing modified\",\n        \"programDescription\": \"Testing modified\",\n        \"online\": true\n    },\n    {\n        \"programId\": 4223,\n        \"programName\": \"Testing modified\",\n        \"programDescription\": \"Testing modified\",\n        \"online\": true\n    },\n    {\n        \"programId\": 4224,\n        \"programName\": \"string\",\n        \"programDescription\": \"string\",\n        \"online\": true\n    },\n    {\n        \"programId\": 4225,\n        \"programName\": \"Testing modified from postman\",\n        \"programDescription\": \"Testing modified\",\n        \"online\": true\n    },\n    {\n        \"programId\": 4226,\n        \"programName\": \"Testing modified\",\n        \"programDescription\": \"Testing modified\",\n        \"online\": true\n    },\n    {\n        \"programId\": 4227,\n        \"programName\": \"Testing modified from postman\",\n        \"programDescription\": \"Testing modified\",\n        \"online\": true\n    },\n    {\n        \"programId\": 4228,\n        \"programName\": \"string\",\n        \"programDescription\": \"string\",\n        \"online\": true\n    },\n    {\n        \"programId\": 4229,\n        \"programName\": \"Testing modified\",\n        \"programDescription\": \"Testing modified\",\n        \"online\": true\n    },\n    {\n        \"programId\": 4230,\n        \"programName\": \"Testing modified\",\n        \"programDescription\": \"Testing modified\",\n        \"online\": true\n    },\n    {\n        \"programId\": 4231,\n        \"programName\": \"Testing modified\",\n        \"programDescription\": \"Testing modified\",\n        \"online\": true\n    },\n    {\n        \"programId\": 4234,\n        \"programName\": \"Testing modified\",\n        \"programDescription\": \"Testing modified\",\n        \"online\": true\n    },\n    {\n        \"programId\": 4235,\n        \"programName\": \"Testing modified\",\n        \"programDescription\": \"Testing modified\",\n        \"online\": true\n    },\n    {\n        \"programId\": 4236,\n        \"programName\": \"Testing modified\",\n        \"programDescription\": \"Testing modified\",\n        \"online\": true\n    },\n    {\n        \"programId\": 4237,\n        \"programName\": \"testing\",\n        \"programDescription\": \"testing\",\n        \"online\": true\n    },\n    {\n        \"programId\": 4238,\n        \"programName\": \"Testing\",\n        \"programDescription\": \"Testing\",\n        \"online\": true\n    },\n    {\n        \"programId\": 9243,\n        \"programName\": \"programName\",\n        \"programDescription\": \"programDescription\",\n        \"online\": true\n    },\n    {\n        \"programId\": 4241,\n        \"programName\": \"API Testing 3705\",\n        \"programDescription\": \"Description for 3705\",\n        \"online\": true\n    },\n    {\n        \"programId\": 4242,\n        \"programName\": \"API Testing for 80304824 a non existing id\",\n        \"programDescription\": \"Description for 80304824 a non existing id\",\n        \"online\": true\n    },\n    {\n        \"programId\": 4243,\n        \"programName\": \"API Testing 3705\",\n        \"programDescription\": \"Description for 3705\",\n        \"online\": true\n    },\n    {\n        \"programId\": 4244,\n        \"programName\": \"API Testing for 80304824 a non existing id\",\n        \"programDescription\": \"Description for 80304824 a non existing id\",\n        \"online\": true\n    },\n    {\n        \"programId\": 4245,\n        \"programName\": \"API Testing 3705\",\n        \"programDescription\": \"Testing an updated Description for 3705\",\n        \"online\": true\n    },\n    {\n        \"programId\": 4246,\n        \"programName\": \"API Testing 3705\",\n        \"programDescription\": \"Testing an updated Description for AlphaNumericData3705\",\n        \"online\": true\n    },\n    {\n        \"programId\": 4247,\n        \"programName\": \"@#$\",\n        \"programDescription\": \"Testing an updated Description for AlphaNumericData3705\",\n        \"online\": true\n    },\n    {\n        \"programId\": 4248,\n        \"programName\": \"API Testing 3705\",\n        \"programDescription\": \"Description for 3705\",\n        \"online\": true\n    },\n    {\n        \"programId\": 4249,\n        \"programName\": \"0.3705\",\n        \"programDescription\": \"Description for 3705\",\n        \"online\": true\n    },\n    {\n        \"programId\": 4250,\n        \"programName\": \"API Testing 3705\",\n        \"programDescription\": \"Description for 3705\",\n        \"online\": true\n    },\n    {\n        \"programId\": 4251,\n        \"programName\": \"API Testing for 80304824 a non existing id\",\n        \"programDescription\": \"Description for 80304824 a non existing id\",\n        \"online\": true\n    },\n    {\n        \"programId\": 4252,\n        \"programName\": \"API Testing 3705\",\n        \"programDescription\": \"Testing an updated Description for 3705\",\n        \"online\": true\n    },\n    {\n        \"programId\": 4253,\n        \"programName\": \"API Testing 3705\",\n        \"programDescription\": \"Testing an updated Description for AlphaNumericData3705\",\n        \"online\": true\n    },\n    {\n        \"programId\": 4254,\n        \"programName\": \"@#$\",\n        \"programDescription\": \"Testing an updated Description for AlphaNumericData3705\",\n        \"online\": true\n    },\n    {\n        \"programId\": 4255,\n        \"programName\": \"API Testing 3705\",\n        \"programDescription\": \"Description for 3705\",\n        \"online\": true\n    },\n    {\n        \"programId\": 4256,\n        \"programName\": \"0.3705\",\n        \"programDescription\": \"Description for 3705\",\n        \"online\": true\n    },\n    {\n        \"programId\": 4257,\n        \"programName\": \"API Testing 3705\",\n        \"programDescription\": \"Description for 3705\",\n        \"online\": true\n    },\n    {\n        \"programId\": 4258,\n        \"programName\": \"API Testing for 80304824 a non existing id\",\n        \"programDescription\": \"Description for 80304824 a non existing id\",\n        \"online\": true\n    },\n    {\n        \"programId\": 4259,\n        \"programName\": \"API Testing 3705\",\n        \"programDescription\": \"Testing an updated Description for 3705\",\n        \"online\": true\n    },\n    {\n        \"programId\": 4260,\n        \"programName\": \"API Testing 3705\",\n        \"programDescription\": \"Testing an updated Description for AlphaNumericData3705\",\n        \"online\": true\n    },\n    {\n        \"programId\": 4261,\n        \"programName\": \"@#$\",\n        \"programDescription\": \"Testing an updated Description for AlphaNumericData3705\",\n        \"online\": true\n    },\n    {\n        \"programId\": 4262,\n        \"programName\": \"API Testing 3705\",\n        \"programDescription\": \"Description for 3705\",\n        \"online\": true\n    },\n    {\n        \"programId\": 4263,\n        \"programName\": \"0.3705\",\n        \"programDescription\": \"Description for 3705\",\n        \"online\": true\n    },\n    {\n        \"programId\": 4264,\n        \"programName\": \"API Testing 3705\",\n        \"programDescription\": \"Description for 3705\",\n        \"online\": true\n    },\n    {\n        \"programId\": 4265,\n        \"programName\": \"API Testing for 80304824 a non existing id\",\n        \"programDescription\": \"Description for 80304824 a non existing id\",\n        \"online\": true\n    },\n    {\n        \"programId\": 4266,\n        \"programName\": \"API Testing 3705\",\n        \"programDescription\": \"Testing an updated Description for 3705\",\n        \"online\": true\n    },\n    {\n        \"programId\": 4267,\n        \"programName\": \"API Testing 3705\",\n        \"programDescription\": \"Testing an updated Description for AlphaNumericData3705\",\n        \"online\": true\n    },\n    {\n        \"programId\": 4268,\n        \"programName\": \"@#$\",\n        \"programDescription\": \"Testing an updated Description for AlphaNumericData3705\",\n        \"online\": true\n    },\n    {\n        \"programId\": 4269,\n        \"programName\": \"API Testing 3705\",\n        \"programDescription\": \"Description for 3705\",\n        \"online\": true\n    },\n    {\n        \"programId\": 4270,\n        \"programName\": \"0.3705\",\n        \"programDescription\": \"Description for 3705\",\n        \"online\": true\n    },\n    {\n        \"programId\": 4271,\n        \"programName\": \"API Testing 3705\",\n        \"programDescription\": \"Description for 3705\",\n        \"online\": true\n    },\n    {\n        \"programId\": 4272,\n        \"programName\": \"API Testing for 80304824 a non existing id\",\n        \"programDescription\": \"Description for 80304824 a non existing id\",\n        \"online\": true\n    },\n    {\n        \"programId\": 4273,\n        \"programName\": \"API Testing 3705\",\n        \"programDescription\": \"Testing an updated Description for 3705\",\n        \"online\": true\n    },\n    {\n        \"programId\": 4274,\n        \"programName\": \"API Testing 3705\",\n        \"programDescription\": \"Testing an updated Description for AlphaNumericData3705\",\n        \"online\": true\n    },\n    {\n        \"programId\": 4275,\n        \"programName\": \"@#$\",\n        \"programDescription\": \"Testing an updated Description for AlphaNumericData3705\",\n        \"online\": true\n    },\n    {\n        \"programId\": 4276,\n        \"programName\": \"API Testing 3705\",\n        \"programDescription\": \"Description for 3705\",\n        \"online\": true\n    },\n    {\n        \"programId\": 4277,\n        \"programName\": \"0.3705\",\n        \"programDescription\": \"Description for 3705\",\n        \"online\": true\n    },\n    {\n        \"programId\": 4278,\n        \"programName\": \"API Testing 3705\",\n        \"programDescription\": \"Description for 3705\",\n        \"online\": true\n    },\n    {\n        \"programId\": 4279,\n        \"programName\": \"API Testing for 80304824 a non existing id\",\n        \"programDescription\": \"Description for 80304824 a non existing id\",\n        \"online\": true\n    },\n    {\n        \"programId\": 4280,\n        \"programName\": \"API Testing 3705\",\n        \"programDescription\": \"Testing an updated Description for 3705\",\n        \"online\": true\n    },\n    {\n        \"programId\": 4281,\n        \"programName\": \"API Testing 3705\",\n        \"programDescription\": \"Testing an updated Description for AlphaNumericData3705\",\n        \"online\": true\n    },\n    {\n        \"programId\": 4282,\n        \"programName\": \"@#$\",\n        \"programDescription\": \"Testing an updated Description for AlphaNumericData3705\",\n        \"online\": true\n    },\n    {\n        \"programId\": 4283,\n        \"programName\": \"API Testing 3705\",\n        \"programDescription\": \"Description for 3705\",\n        \"online\": true\n    },\n    {\n        \"programId\": 4284,\n        \"programName\": \"0.3705\",\n        \"programDescription\": \"Description for 3705\",\n        \"online\": true\n    },\n    {\n        \"programId\": 4285,\n        \"programName\": \"API Testing 3705\",\n        \"programDescription\": \"Description for 3705\",\n        \"online\": true\n    },\n    {\n        \"programId\": 4286,\n        \"programName\": \"API Testing for 80304824 a non existing id\",\n        \"programDescription\": \"Description for 80304824 a non existing id\",\n        \"online\": true\n    },\n    {\n        \"programId\": 4287,\n        \"programName\": \"API Testing 3705\",\n        \"programDescription\": \"Testing an updated Description for 3705\",\n        \"online\": true\n    },\n    {\n        \"programId\": 4288,\n        \"programName\": \"API Testing 3705\",\n        \"programDescription\": \"Testing an updated Description for AlphaNumericData3705\",\n        \"online\": true\n    },\n    {\n        \"programId\": 4289,\n        \"programName\": \"@#$\",\n        \"programDescription\": \"Testing an updated Description for AlphaNumericData3705\",\n        \"online\": true\n    },\n    {\n        \"programId\": 4290,\n        \"programName\": \"API Testing 3705\",\n        \"programDescription\": \"Description for 3705\",\n        \"online\": true\n    },\n    {\n        \"programId\": 4291,\n        \"programName\": \"0.3705\",\n        \"programDescription\": \"Description for 3705\",\n        \"online\": true\n    },\n    {\n        \"programId\": 4292,\n        \"programName\": \"API Testing 3705\",\n        \"programDescription\": \"Description for 3705\",\n        \"online\": true\n    },\n    {\n        \"programId\": 4293,\n        \"programName\": \"API Testing for 80304824 a non existing id\",\n        \"programDescription\": \"Description for 80304824 a non existing id\",\n        \"online\": true\n    },\n    {\n        \"programId\": 4294,\n        \"programName\": \"API Testing 3705\",\n        \"programDescription\": \"Testing an updated Description for 3705\",\n        \"online\": true\n    },\n    {\n        \"programId\": 4295,\n        \"programName\": \"API Testing 3705\",\n        \"programDescription\": \"Testing an updated Description for AlphaNumericData3705\",\n        \"online\": true\n    },\n    {\n        \"programId\": 4296,\n        \"programName\": \"@#$\",\n        \"programDescription\": \"Testing an updated Description for AlphaNumericData3705\",\n        \"online\": true\n    },\n    {\n        \"programId\": 4297,\n        \"programName\": \"API Testing 3705\",\n        \"programDescription\": \"Description for 3705\",\n        \"online\": true\n    },\n    {\n        \"programId\": 4298,\n        \"programName\": \"0.3705\",\n        \"programDescription\": \"Description for 3705\",\n        \"online\": true\n    },\n    {\n        \"programId\": 4299,\n        \"programName\": \"Python programming\",\n        \"programDescription\": \"Learn Python\",\n        \"online\": false\n    },\n    {\n        \"programId\": 4300,\n        \"programName\": \"Python programming Modified\",\n        \"programDescription\": \"Learn Python Modified\",\n        \"online\": false\n    },\n    {\n        \"programId\": 4301,\n        \"programName\": \"API testing\",\n        \"programDescription\": \"Testing using Postman \",\n        \"online\": false\n    },\n    {\n        \"programId\": 4302,\n        \"programName\": \"API testing Modified\",\n        \"programDescription\": \"Testing using Postman  Modified\",\n        \"online\": false\n    },\n    {\n        \"programId\": 1379,\n        \"programName\": \"Name changed by PUT Request\",\n        \"programDescription\": \"Program Description changed by PUT\",\n        \"online\": true\n    },\n    {\n        \"programId\": 4303,\n        \"programName\": \"Name changed by PUT Request\",\n        \"programDescription\": \"Program Description changed by PUT\",\n        \"online\": true\n    },\n    {\n        \"programId\": 4304,\n        \"programName\": \"Python programming\",\n        \"programDescription\": \"Learn Python\",\n        \"online\": false\n    },\n    {\n        \"programId\": 4305,\n        \"programName\": \"API testing\",\n        \"programDescription\": \"Testing using Postman \",\n        \"online\": false\n    },\n    {\n        \"programId\": 4306,\n        \"programName\": \"Python programming\",\n        \"programDescription\": \"Learn Python\",\n        \"online\": false\n    },\n    {\n        \"programId\": 4307,\n        \"programName\": \"Python programming Modified\",\n        \"programDescription\": \"Learn Python Modified\",\n        \"online\": false\n    },\n    {\n        \"programId\": 4308,\n        \"programName\": \"API testing\",\n        \"programDescription\": \"Testing using Postman \",\n        \"online\": false\n    },\n    {\n        \"programId\": 4309,\n        \"programName\": \"API testing Modified\",\n        \"programDescription\": \"Testing using Postman  Modified\",\n        \"online\": false\n    },\n    {\n        \"programId\": 4310,\n        \"programName\": \"Python programming\",\n        \"programDescription\": \"Learn Python\",\n        \"online\": false\n    },\n    {\n        \"programId\": 4311,\n        \"programName\": \"API testing\",\n        \"programDescription\": \"Testing using Postman \",\n        \"online\": false\n    },\n    {\n        \"programId\": 4312,\n        \"programName\": \"Python programming\",\n        \"programDescription\": \"Learn Python\",\n        \"online\": false\n    },\n    {\n        \"programId\": 4313,\n        \"programName\": \"Python programming Modified\",\n        \"programDescription\": \"Learn Python Modified\",\n        \"online\": false\n    },\n    {\n        \"programId\": 4314,\n        \"programName\": \"API testing\",\n        \"programDescription\": \"Testing using Postman \",\n        \"online\": false\n    },\n    {\n        \"programId\": 9244,\n        \"programName\": \"programName\",\n        \"programDescription\": \"programDescription\",\n        \"online\": true\n    },\n    {\n        \"programId\": 4316,\n        \"programName\": \"Python programming\",\n        \"programDescription\": \"Learn Python\",\n        \"online\": false\n    },\n    {\n        \"programId\": 4317,\n        \"programName\": \"API testing\",\n        \"programDescription\": \"Testing using Postman \",\n        \"online\": false\n    },\n    {\n        \"programId\": 4318,\n        \"programName\": \"Python programming\",\n        \"programDescription\": \"Learn Python\",\n        \"online\": false\n    },\n    {\n        \"programId\": 4319,\n        \"programName\": \"API testing\",\n        \"programDescription\": \"Testing using Postman \",\n        \"online\": false\n    },\n    {\n        \"programId\": 4239,\n        \"programName\": \"rekha\",\n        \"programDescription\": \"string\",\n        \"online\": true\n    },\n    {\n        \"programId\": 4322,\n        \"programName\": \"API testing\",\n        \"programDescription\": \"Testing using Postman \",\n        \"online\": false\n    },\n    {\n        \"programId\": 4323,\n        \"programName\": \"Testing\",\n        \"programDescription\": \"Testing\",\n        \"online\": true\n    },\n    {\n        \"programId\": 4324,\n        \"programName\": \"Testing\",\n        \"programDescription\": \"Testing\",\n        \"online\": true\n    },\n    {\n        \"programId\": 4325,\n        \"programName\": \"Testing\",\n        \"programDescription\": \"Testing\",\n        \"online\": true\n    },\n    {\n        \"programId\": 4326,\n        \"programName\": \"Testing\",\n        \"programDescription\": \"Testing\",\n        \"online\": true\n    },\n    {\n        \"programId\": 4327,\n        \"programName\": \"Testing\",\n        \"programDescription\": \"Testing\",\n        \"online\": true\n    },\n    {\n        \"programId\": 4328,\n        \"programName\": \"Testing\",\n        \"programDescription\": \"Testing\",\n        \"online\": true\n    },\n    {\n        \"programId\": 4329,\n        \"programName\": \"string\",\n        \"programDescription\": \"string\",\n        \"online\": false\n    },\n    {\n        \"programId\": 4320,\n        \"programName\": \"string\",\n        \"programDescription\": \"string\",\n        \"online\": false\n    },\n    {\n        \"programId\": 7373,\n        \"programName\": \"testing\",\n        \"programDescription\": \"testing\",\n        \"online\": true\n    },\n    {\n        \"programId\": 4331,\n        \"programName\": \"API testing\",\n        \"programDescription\": \"Testing using Postman \",\n        \"online\": false\n    },\n    {\n        \"programId\": 4332,\n        \"programName\": \"Testing\",\n        \"programDescription\": \"Testing\",\n        \"online\": true\n    },\n    {\n        \"programId\": 4333,\n        \"programName\": \"API testing\",\n        \"programDescription\": \"Testing using Postman \",\n        \"online\": false\n    },\n    {\n        \"programId\": 4334,\n        \"programName\": \"API testing\",\n        \"programDescription\": \"Testing using Postman \",\n        \"online\": false\n    },\n    {\n        \"programId\": 4335,\n        \"programName\": \"Testing\",\n        \"programDescription\": \"Testing\",\n        \"online\": true\n    },\n    {\n        \"programId\": 4336,\n        \"programName\": \"Testing\",\n        \"programDescription\": \"Testing\",\n        \"online\": true\n    },\n    {\n        \"programId\": 4337,\n        \"programName\": \"SCIENCE2\",\n        \"programDescription\": \"Business Mgmt\",\n        \"online\": true\n    },\n    {\n        \"programId\": 4338,\n        \"programName\": \"SCIENCE2\",\n        \"programDescription\": \"Business Mgmt\",\n        \"online\": true\n    },\n    {\n        \"programId\": 4339,\n        \"programName\": \"xyz\",\n        \"programDescription\": \"abcxyz\",\n        \"online\": false\n    },\n    {\n        \"programId\": 4340,\n        \"programName\": \"batman\",\n        \"programDescription\": \"string\",\n        \"online\": true\n    },\n    {\n        \"programId\": 4341,\n        \"programName\": \"ironman\",\n        \"programDescription\": \"string\",\n        \"online\": true\n    },\n    {\n        \"programId\": 4342,\n        \"programName\": \"batman\",\n        \"programDescription\": \"string\",\n        \"online\": true\n    },\n    {\n        \"programId\": 4343,\n        \"programName\": \"ironman\",\n        \"programDescription\": \"string\",\n        \"online\": true\n    },\n    {\n        \"programId\": 4344,\n        \"programName\": \"Selenium\",\n        \"programDescription\": null,\n        \"online\": true\n    },\n    {\n        \"programId\": 4345,\n        \"programName\": \"Java\",\n        \"programDescription\": null,\n        \"online\": false\n    },\n    {\n        \"programId\": 4346,\n        \"programName\": \"Csharp\",\n        \"programDescription\": null,\n        \"online\": true\n    },\n    {\n        \"programId\": 4347,\n        \"programName\": \"Cypress\",\n        \"programDescription\": null,\n        \"online\": false\n    },\n    {\n        \"programId\": 4348,\n        \"programName\": \"CoralDraw\",\n        \"programDescription\": null,\n        \"online\": true\n    },\n    {\n        \"programId\": 4349,\n        \"programName\": \"Adobe Reader\",\n        \"programDescription\": null,\n        \"online\": true\n    },\n    {\n        \"programId\": 4350,\n        \"programName\": \"Cucumber\",\n        \"programDescription\": null,\n        \"online\": true\n    },\n    {\n        \"programId\": 4360,\n        \"programName\": \"Selenium\",\n        \"programDescription\": null,\n        \"online\": true\n    },\n    {\n        \"programId\": 4361,\n        \"programName\": \"Selenium Modified\",\n        \"programDescription\": null,\n        \"online\": true\n    },\n    {\n        \"programId\": 4362,\n        \"programName\": \"Java\",\n        \"programDescription\": null,\n        \"online\": false\n    },\n    {\n        \"programId\": 4363,\n        \"programName\": \"Java Modified\",\n        \"programDescription\": null,\n        \"online\": false\n    },\n    {\n        \"programId\": 4364,\n        \"programName\": \"Csharp\",\n        \"programDescription\": null,\n        \"online\": true\n    },\n    {\n        \"programId\": 4365,\n        \"programName\": \"Csharp Modified\",\n        \"programDescription\": null,\n        \"online\": true\n    },\n    {\n        \"programId\": 4366,\n        \"programName\": \"Cypress\",\n        \"programDescription\": null,\n        \"online\": false\n    },\n    {\n        \"programId\": 4367,\n        \"programName\": \"Cypress Modified\",\n        \"programDescription\": null,\n        \"online\": false\n    },\n    {\n        \"programId\": 4368,\n        \"programName\": \"CoralDraw\",\n        \"programDescription\": null,\n        \"online\": true\n    },\n    {\n        \"programId\": 4369,\n        \"programName\": \"CoralDraw Modified\",\n        \"programDescription\": null,\n        \"online\": true\n    },\n    {\n        \"programId\": 4370,\n        \"programName\": \"Adobe Reader\",\n        \"programDescription\": null,\n        \"online\": true\n    },\n    {\n        \"programId\": 4371,\n        \"programName\": \"Adobe Reader Modified\",\n        \"programDescription\": null,\n        \"online\": true\n    },\n    {\n        \"programId\": 4372,\n        \"programName\": \"Cucumber\",\n        \"programDescription\": null,\n        \"online\": true\n    },\n    {\n        \"programId\": 4373,\n        \"programName\": \"Cucumber Modified\",\n        \"programDescription\": null,\n        \"online\": true\n    },\n    {\n        \"programId\": 4376,\n        \"programName\": \"testing program \",\n        \"programDescription\": \" \",\n        \"online\": true\n    },\n    {\n        \"programId\": 4377,\n        \"programName\": \"testing program \",\n        \"programDescription\": \" \",\n        \"online\": true\n    },\n    {\n        \"programId\": 4378,\n        \"programName\": \"microservices\",\n        \"programDescription\": \"training\",\n        \"online\": true\n    },\n    {\n        \"programId\": 4379,\n        \"programName\": \"microservices\",\n        \"programDescription\": \"training\",\n        \"online\": true\n    },\n    {\n        \"programId\": 4380,\n        \"programName\": \"microservices\",\n        \"programDescription\": \"training\",\n        \"online\": true\n    },\n    {\n        \"programId\": 4381,\n        \"programName\": \"microservices\",\n        \"programDescription\": \"training\",\n        \"online\": true\n    },\n    {\n        \"programId\": 4382,\n        \"programName\": \"softwaretesting \",\n        \"programDescription\": \"training\",\n        \"online\": true\n    },\n    {\n        \"programId\": 7374,\n        \"programName\": \"testing\",\n        \"programDescription\": \"testing\",\n        \"online\": true\n    },\n    {\n        \"programId\": 4384,\n        \"programName\": \"SDET\",\n        \"programDescription\": \"Selenium Testing\",\n        \"online\": true\n    },\n    {\n        \"programId\": 4385,\n        \"programName\": \"SDET\",\n        \"programDescription\": \"API Testing\",\n        \"online\": false\n    },\n    {\n        \"programId\": 4387,\n        \"programName\": \"testing program \",\n        \"programDescription\": \" \",\n        \"online\": true\n    },\n    {\n        \"programId\": 4388,\n        \"programName\": \"testing program \",\n        \"programDescription\": \" \",\n        \"online\": true\n    },\n    {\n        \"programId\": 4389,\n        \"programName\": \"microservices\",\n        \"programDescription\": \"training\",\n        \"online\": true\n    },\n    {\n        \"programId\": 4390,\n        \"programName\": \"microservices\",\n        \"programDescription\": \"training\",\n        \"online\": true\n    },\n    {\n        \"programId\": 4391,\n        \"programName\": \"microservices\",\n        \"programDescription\": \"training\",\n        \"online\": true\n    },\n    {\n        \"programId\": 4392,\n        \"programName\": \"microservices\",\n        \"programDescription\": \"training\",\n        \"online\": true\n    },\n    {\n        \"programId\": 4394,\n        \"programName\": \"testing program \",\n        \"programDescription\": \" \",\n        \"online\": true\n    },\n    {\n        \"programId\": 4395,\n        \"programName\": \"testing program \",\n        \"programDescription\": \" \",\n        \"online\": true\n    },\n    {\n        \"programId\": 4396,\n        \"programName\": \"microservices\",\n        \"programDescription\": \"training\",\n        \"online\": true\n    },\n    {\n        \"programId\": 4397,\n        \"programName\": \"microservices\",\n        \"programDescription\": \"training\",\n        \"online\": true\n    },\n    {\n        \"programId\": 4398,\n        \"programName\": \"softwaretesting \",\n        \"programDescription\": \"training\",\n        \"online\": true\n    },\n    {\n        \"programId\": 4399,\n        \"programName\": \"Pre K\",\n        \"programDescription\": \"Age 5\",\n        \"online\": true\n    },\n    {\n        \"programId\": 4400,\n        \"programName\": \"Pre K\",\n        \"programDescription\": \"Age 5\",\n        \"online\": true\n    },\n    {\n        \"programId\": 7375,\n        \"programName\": \"testing\",\n        \"programDescription\": \"testing\",\n        \"online\": true\n    },\n    {\n        \"programId\": 4402,\n        \"programName\": \"SDET\",\n        \"programDescription\": \"Selenium Testing\",\n        \"online\": true\n    },\n    {\n        \"programId\": 4403,\n        \"programName\": \"SDET\",\n        \"programDescription\": \"API Testing\",\n        \"online\": false\n    },\n    {\n        \"programId\": 4404,\n        \"programName\": \"Csharp\",\n        \"programDescription\": null,\n        \"online\": true\n    },\n    {\n        \"programId\": 4405,\n        \"programName\": \"Csharp\",\n        \"programDescription\": \"Testing\",\n        \"online\": true\n    },\n    {\n        \"programId\": 4406,\n        \"programName\": \"Selenium\",\n        \"programDescription\": \"Testing\",\n        \"online\": true\n    },\n    {\n        \"programId\": 4407,\n        \"programName\": \"Java\",\n        \"programDescription\": \"Testing\",\n        \"online\": false\n    },\n    {\n        \"programId\": 4409,\n        \"programName\": \"Csharp\",\n        \"programDescription\": \"Testing\",\n        \"online\": true\n    },\n    {\n        \"programId\": 4410,\n        \"programName\": \"Cypress\",\n        \"programDescription\": \"Testing edited\",\n        \"online\": false\n    },\n    {\n        \"programId\": 4411,\n        \"programName\": \"SDET\",\n        \"programDescription\": \"Selenium Testing\",\n        \"online\": true\n    },\n    {\n        \"programId\": 4412,\n        \"programName\": \"CoralDraw\",\n        \"programDescription\": \"Testing edited\",\n        \"online\": true\n    },\n    {\n        \"programId\": 4413,\n        \"programName\": \"Adobe Reader\",\n        \"programDescription\": \"Testing edited\",\n        \"online\": true\n    },\n    {\n        \"programId\": 4414,\n        \"programName\": \"Cucumber\",\n        \"programDescription\": \"Testing edited\",\n        \"online\": true\n    },\n    {\n        \"programId\": 4416,\n        \"programName\": \"SDET\",\n        \"programDescription\": \"API Testing\",\n        \"online\": false\n    },\n    {\n        \"programId\": 4418,\n        \"programName\": \"SDET\",\n        \"programDescription\": \"Selenium Testing\",\n        \"online\": true\n    },\n    {\n        \"programId\": 4419,\n        \"programName\": \"SDET\",\n        \"programDescription\": \"API Testing\",\n        \"online\": false\n    },\n    {\n        \"programId\": 520,\n        \"programName\": \"1234\",\n        \"programDescription\": \"Manual Testing\",\n        \"online\": true\n    },\n    {\n        \"programId\": 4421,\n        \"programName\": \"SDET\",\n        \"programDescription\": \"Selenium Testing\",\n        \"online\": true\n    },\n    {\n        \"programId\": 4422,\n        \"programName\": \"SDET\",\n        \"programDescription\": \"API Testing\",\n        \"online\": false\n    },\n    {\n        \"programId\": 4423,\n        \"programName\": \"Data Science\",\n        \"programDescription\": \"Data Science\",\n        \"online\": false\n    },\n    {\n        \"programId\": 4425,\n        \"programName\": \"SDET\",\n        \"programDescription\": \"Selenium Testing\",\n        \"online\": true\n    },\n    {\n        \"programId\": 4426,\n        \"programName\": \"SDET\",\n        \"programDescription\": \"API Testing\",\n        \"online\": false\n    },\n    {\n        \"programId\": 4427,\n        \"programName\": \"Data Science\",\n        \"programDescription\": \"Data Science\",\n        \"online\": false\n    },\n    {\n        \"programId\": 4428,\n        \"programName\": \"Testing\",\n        \"programDescription\": \"Testing\",\n        \"online\": true\n    },\n    {\n        \"programId\": 4430,\n        \"programName\": \"SDET\",\n        \"programDescription\": \"Selenium Testing\",\n        \"online\": true\n    },\n    {\n        \"programId\": 4431,\n        \"programName\": \"SDET\",\n        \"programDescription\": \"API Testing\",\n        \"online\": false\n    },\n    {\n        \"programId\": 4432,\n        \"programName\": \"Data Science\",\n        \"programDescription\": \"Data Science\",\n        \"online\": false\n    },\n    {\n        \"programId\": 4433,\n        \"programName\": \"Developer\",\n        \"programDescription\": \"API Developer\",\n        \"online\": true\n    },\n    {\n        \"programId\": 4434,\n        \"programName\": \"Testing\",\n        \"programDescription\": \"Testing\",\n        \"online\": true\n    },\n    {\n        \"programId\": 4435,\n        \"programName\": \"Csharp\",\n        \"programDescription\": \"Testing\",\n        \"online\": true\n    },\n    {\n        \"programId\": 4436,\n        \"programName\": \"string\",\n        \"programDescription\": \"string\",\n        \"online\": true\n    },\n    {\n        \"programId\": 4437,\n        \"programName\": \"Testing modified\",\n        \"programDescription\": \"Testing modified\",\n        \"online\": true\n    },\n    {\n        \"programId\": 4439,\n        \"programName\": \"microservices\",\n        \"programDescription\": \"training\",\n        \"online\": true\n    },\n    {\n        \"programId\": 4440,\n        \"programName\": \"microservices\",\n        \"programDescription\": \"training\",\n        \"online\": true\n    },\n    {\n        \"programId\": 4441,\n        \"programName\": \"Csharp\",\n        \"programDescription\": \"Testing\",\n        \"online\": true\n    },\n    {\n        \"programId\": 4442,\n        \"programName\": \"softwaretesting \",\n        \"programDescription\": \"training\",\n        \"online\": true\n    },\n    {\n        \"programId\": 4444,\n        \"programName\": \"testing program \",\n        \"programDescription\": \" \",\n        \"online\": true\n    },\n    {\n        \"programId\": 4445,\n        \"programName\": \"testing program \",\n        \"programDescription\": \" \",\n        \"online\": true\n    },\n    {\n        \"programId\": 4446,\n        \"programName\": \"microservices\",\n        \"programDescription\": \"training\",\n        \"online\": true\n    },\n    {\n        \"programId\": 4447,\n        \"programName\": \"microservices\",\n        \"programDescription\": \"training\",\n        \"online\": true\n    },\n    {\n        \"programId\": 4448,\n        \"programName\": \"Pre K\",\n        \"programDescription\": \"Age 5\",\n        \"online\": true\n    },\n    {\n        \"programId\": 4449,\n        \"programName\": \"Pre K\",\n        \"programDescription\": \"Age 5\",\n        \"online\": true\n    },\n    {\n        \"programId\": 4450,\n        \"programName\": \"Pre K\",\n        \"programDescription\": \"Age 5\",\n        \"online\": true\n    },\n    {\n        \"programId\": 4451,\n        \"programName\": \"string\",\n        \"programDescription\": \"string\",\n        \"online\": true\n    },\n    {\n        \"programId\": 4453,\n        \"programName\": \"testing program \",\n        \"programDescription\": \" \",\n        \"online\": true\n    },\n    {\n        \"programId\": 4454,\n        \"programName\": \"testing program \",\n        \"programDescription\": \" \",\n        \"online\": true\n    },\n    {\n        \"programId\": 4455,\n        \"programName\": \"microservices\",\n        \"programDescription\": \"training\",\n        \"online\": true\n    },\n    {\n        \"programId\": 4456,\n        \"programName\": \"microservices\",\n        \"programDescription\": \"training\",\n        \"online\": true\n    },\n    {\n        \"programId\": 4458,\n        \"programName\": \"testing program \",\n        \"programDescription\": \" \",\n        \"online\": true\n    },\n    {\n        \"programId\": 4459,\n        \"programName\": \"testing program \",\n        \"programDescription\": \" \",\n        \"online\": true\n    },\n    {\n        \"programId\": 4460,\n        \"programName\": \"microservices\",\n        \"programDescription\": \"training\",\n        \"online\": true\n    },\n    {\n        \"programId\": 4461,\n        \"programName\": \"microservices\",\n        \"programDescription\": \"training\",\n        \"online\": true\n    },\n    {\n        \"programId\": 4462,\n        \"programName\": \"softwaretesting \",\n        \"programDescription\": \"training\",\n        \"online\": true\n    },\n    {\n        \"programId\": 4464,\n        \"programName\": \"testing program \",\n        \"programDescription\": \" \",\n        \"online\": true\n    },\n    {\n        \"programId\": 4465,\n        \"programName\": \"testing program \",\n        \"programDescription\": \" \",\n        \"online\": true\n    },\n    {\n        \"programId\": 4466,\n        \"programName\": \"microservices\",\n        \"programDescription\": \"training\",\n        \"online\": true\n    },\n    {\n        \"programId\": 4467,\n        \"programName\": \"microservices\",\n        \"programDescription\": \"training\",\n        \"online\": true\n    },\n    {\n        \"programId\": 4468,\n        \"programName\": \"softwaretesting \",\n        \"programDescription\": \"training\",\n        \"online\": true\n    },\n    {\n        \"programId\": 4470,\n        \"programName\": \"testing program \",\n        \"programDescription\": \" \",\n        \"online\": true\n    },\n    {\n        \"programId\": 4471,\n        \"programName\": \"testing program \",\n        \"programDescription\": \" \",\n        \"online\": true\n    },\n    {\n        \"programId\": 4472,\n        \"programName\": \"microservices\",\n        \"programDescription\": \"training\",\n        \"online\": true\n    },\n    {\n        \"programId\": 4473,\n        \"programName\": \"microservices\",\n        \"programDescription\": \"training\",\n        \"online\": true\n    },\n    {\n        \"programId\": 4474,\n        \"programName\": \"softwaretesting \",\n        \"programDescription\": \"training\",\n        \"online\": true\n    },\n    {\n        \"programId\": 4475,\n        \"programName\": \"batman\",\n        \"programDescription\": \"string\",\n        \"online\": true\n    },\n    {\n        \"programId\": 4476,\n        \"programName\": \"ironman\",\n        \"programDescription\": \"string\",\n        \"online\": true\n    },\n    {\n        \"programId\": 4477,\n        \"programName\": \"batman\",\n        \"programDescription\": \"string\",\n        \"online\": true\n    },\n    {\n        \"programId\": 4478,\n        \"programName\": \"ironman\",\n        \"programDescription\": \"string\",\n        \"online\": true\n    },\n    {\n        \"programId\": 4480,\n        \"programName\": \"testing program \",\n        \"programDescription\": \" \",\n        \"online\": true\n    },\n    {\n        \"programId\": 4481,\n        \"programName\": \"testing program \",\n        \"programDescription\": \" \",\n        \"online\": true\n    },\n    {\n        \"programId\": 4482,\n        \"programName\": \"microservices\",\n        \"programDescription\": \"training\",\n        \"online\": true\n    },\n    {\n        \"programId\": 4483,\n        \"programName\": \"microservices\",\n        \"programDescription\": \"training\",\n        \"online\": true\n    },\n    {\n        \"programId\": 4484,\n        \"programName\": \"softwaretesting \",\n        \"programDescription\": \"training\",\n        \"online\": true\n    },\n    {\n        \"programId\": 3727,\n        \"programName\": \"softwaretesting45657678\",\n        \"programDescription\": \"program training\",\n        \"online\": false\n    },\n    {\n        \"programId\": 4486,\n        \"programName\": \"testing program \",\n        \"programDescription\": \" \",\n        \"online\": true\n    },\n    {\n        \"programId\": 4487,\n        \"programName\": \"testing program \",\n        \"programDescription\": \" \",\n        \"online\": true\n    },\n    {\n        \"programId\": 4488,\n        \"programName\": \"microservices\",\n        \"programDescription\": \"training\",\n        \"online\": true\n    },\n    {\n        \"programId\": 4489,\n        \"programName\": \"microservices\",\n        \"programDescription\": \"training\",\n        \"online\": true\n    },\n    {\n        \"programId\": 4490,\n        \"programName\": \"softwaretesting \",\n        \"programDescription\": \"training\",\n        \"online\": true\n    },\n    {\n        \"programId\": 4491,\n        \"programName\": \"batman\",\n        \"programDescription\": \"string\",\n        \"online\": true\n    },\n    {\n        \"programId\": 4492,\n        \"programName\": \"ironman\",\n        \"programDescription\": \"string\",\n        \"online\": true\n    },\n    {\n        \"programId\": 4493,\n        \"programName\": \"batman\",\n        \"programDescription\": \"string\",\n        \"online\": true\n    },\n    {\n        \"programId\": 4494,\n        \"programName\": \"ironman\",\n        \"programDescription\": \"string\",\n        \"online\": true\n    },\n    {\n        \"programId\": 4495,\n        \"programName\": \"batman\",\n        \"programDescription\": \"string\",\n        \"online\": true\n    },\n    {\n        \"programId\": 4496,\n        \"programName\": \"ironman\",\n        \"programDescription\": \"string\",\n        \"online\": true\n    },\n    {\n        \"programId\": 4498,\n        \"programName\": \"testing program \",\n        \"programDescription\": \" \",\n        \"online\": true\n    },\n    {\n        \"programId\": 4499,\n        \"programName\": \"testing program \",\n        \"programDescription\": \" \",\n        \"online\": true\n    },\n    {\n        \"programId\": 4500,\n        \"programName\": \"microservices\",\n        \"programDescription\": \"training\",\n        \"online\": true\n    },\n    {\n        \"programId\": 4501,\n        \"programName\": \"microservices\",\n        \"programDescription\": \"training\",\n        \"online\": true\n    },\n    {\n        \"programId\": 4502,\n        \"programName\": \"softwaretesting \",\n        \"programDescription\": \"training\",\n        \"online\": true\n    },\n    {\n        \"programId\": 4504,\n        \"programName\": \"testing program \",\n        \"programDescription\": \" \",\n        \"online\": true\n    },\n    {\n        \"programId\": 4505,\n        \"programName\": \"testing program \",\n        \"programDescription\": \" \",\n        \"online\": true\n    },\n    {\n        \"programId\": 4506,\n        \"programName\": \"microservices\",\n        \"programDescription\": \"training\",\n        \"online\": true\n    },\n    {\n        \"programId\": 4507,\n        \"programName\": \"microservices\",\n        \"programDescription\": \"training\",\n        \"online\": true\n    },\n    {\n        \"programId\": 4508,\n        \"programName\": \"softwaretesting \",\n        \"programDescription\": \"training\",\n        \"online\": true\n    },\n    {\n        \"programId\": 4509,\n        \"programName\": \"FICO\",\n        \"programDescription\": \"SAP\",\n        \"online\": false\n    },\n    {\n        \"programId\": 4511,\n        \"programName\": \"SAP FICO\",\n        \"programDescription\": \"SAP ABAP\",\n        \"online\": false\n    },\n    {\n        \"programId\": 4512,\n        \"programName\": \"Pre K\",\n        \"programDescription\": \"Age 5\",\n        \"online\": false\n    },\n    {\n        \"programId\": 7376,\n        \"programName\": \"testing\",\n        \"programDescription\": \"testing\",\n        \"online\": true\n    },\n    {\n        \"programId\": 4510,\n        \"programName\": \"SdET\",\n        \"programDescription\": \"testing\",\n        \"online\": false\n    },\n    {\n        \"programId\": 4513,\n        \"programName\": \"Sdet\",\n        \"programDescription\": \"Sdet\",\n        \"online\": false\n    },\n    {\n        \"programId\": 4514,\n        \"programName\": \"Sdet\",\n        \"programDescription\": \"Sdet\",\n        \"online\": false\n    },\n    {\n        \"programId\": 4515,\n        \"programName\": \"Sdet\",\n        \"programDescription\": \"Sdet\",\n        \"online\": false\n    },\n    {\n        \"programId\": 4516,\n        \"programName\": \"Selenium\",\n        \"programDescription\": \"Testing\",\n        \"online\": true\n    },\n    {\n        \"programId\": 4517,\n        \"programName\": \"Selenium Modified\",\n        \"programDescription\": \"Testing Modified\",\n        \"online\": true\n    },\n    {\n        \"programId\": 4518,\n        \"programName\": \"Java\",\n        \"programDescription\": \"Testing\",\n        \"online\": false\n    },\n    {\n        \"programId\": 4519,\n        \"programName\": \"Java Modified\",\n        \"programDescription\": \"Testing Modified\",\n        \"online\": false\n    },\n    {\n        \"programId\": 4520,\n        \"programName\": \"Csharp\",\n        \"programDescription\": \"Testing\",\n        \"online\": true\n    },\n    {\n        \"programId\": 4521,\n        \"programName\": \"Csharp Modified\",\n        \"programDescription\": \"Testing Modified\",\n        \"online\": true\n    },\n    {\n        \"programId\": 4522,\n        \"programName\": \"Cypress\",\n        \"programDescription\": \"Testing edited\",\n        \"online\": false\n    },\n    {\n        \"programId\": 4523,\n        \"programName\": \"Cypress Modified\",\n        \"programDescription\": \"Testing edited Modified\",\n        \"online\": false\n    },\n    {\n        \"programId\": 4524,\n        \"programName\": \"CoralDraw\",\n        \"programDescription\": \"Testing edited\",\n        \"online\": true\n    },\n    {\n        \"programId\": 4525,\n        \"programName\": \"CoralDraw Modified\",\n        \"programDescription\": \"Testing edited Modified\",\n        \"online\": true\n    },\n    {\n        \"programId\": 4526,\n        \"programName\": \"Adobe Reader\",\n        \"programDescription\": \"Testing edited\",\n        \"online\": true\n    },\n    {\n        \"programId\": 4527,\n        \"programName\": \"Adobe Reader Modified\",\n        \"programDescription\": \"Testing edited Modified\",\n        \"online\": true\n    },\n    {\n        \"programId\": 4528,\n        \"programName\": \"Cucumber\",\n        \"programDescription\": \"Testing edited\",\n        \"online\": true\n    },\n    {\n        \"programId\": 4529,\n        \"programName\": \"Cucumber Modified\",\n        \"programDescription\": \"Testing edited Modified\",\n        \"online\": true\n    },\n    {\n        \"programId\": 4531,\n        \"programName\": \"SDET\",\n        \"programDescription\": \"SDET11\",\n        \"online\": false\n    },\n    {\n        \"programId\": 4532,\n        \"programName\": \"Data Science\",\n        \"programDescription\": \"DS10\",\n        \"online\": false\n    },\n    {\n        \"programId\": 4533,\n        \"programName\": \"SDET\",\n        \"programDescription\": \"SDET20\",\n        \"online\": false\n    },\n    {\n        \"programId\": 4534,\n        \"programName\": \"Data Science\",\n        \"programDescription\": \"DS23\",\n        \"online\": false\n    },\n    {\n        \"programId\": 4535,\n        \"programName\": \"Testing\",\n        \"programDescription\": \"Testing\",\n        \"online\": true\n    },\n    {\n        \"programId\": 4536,\n        \"programName\": \"Testing\",\n        \"programDescription\": \"Testing\",\n        \"online\": true\n    },\n    {\n        \"programId\": 4537,\n        \"programName\": \"SdET\",\n        \"programDescription\": \"testing\",\n        \"online\": false\n    },\n    {\n        \"programId\": 4538,\n        \"programName\": \"modified\",\n        \"programDescription\": \"modified\",\n        \"online\": false\n    },\n    {\n        \"programId\": 4539,\n        \"programName\": \"modified\",\n        \"programDescription\": \"modified\",\n        \"online\": false\n    },\n    {\n        \"programId\": 4540,\n        \"programName\": \"SdET\",\n        \"programDescription\": \"modidied\",\n        \"online\": false\n    },\n    {\n        \"programId\": 4541,\n        \"programName\": \"SdET\",\n        \"programDescription\": \"modidied\",\n        \"online\": false\n    },\n    {\n        \"programId\": 4542,\n        \"programName\": \"jjjjjj\",\n        \"programDescription\": \"modidied\",\n        \"online\": false\n    },\n    {\n        \"programId\": 4544,\n        \"programName\": \"testing program \",\n        \"programDescription\": \" \",\n        \"online\": true\n    },\n    {\n        \"programId\": 4545,\n        \"programName\": \"testing program \",\n        \"programDescription\": \" \",\n        \"online\": true\n    },\n    {\n        \"programId\": 4546,\n        \"programName\": \"microservices\",\n        \"programDescription\": \"training\",\n        \"online\": true\n    },\n    {\n        \"programId\": 4547,\n        \"programName\": \"microservices\",\n        \"programDescription\": \"training\",\n        \"online\": true\n    },\n    {\n        \"programId\": 4548,\n        \"programName\": \"softwaretesting \",\n        \"programDescription\": \"training\",\n        \"online\": true\n    },\n    {\n        \"programId\": 4550,\n        \"programName\": \"testing program \",\n        \"programDescription\": \" \",\n        \"online\": true\n    },\n    {\n        \"programId\": 4551,\n        \"programName\": \"testing program \",\n        \"programDescription\": \" \",\n        \"online\": true\n    },\n    {\n        \"programId\": 4552,\n        \"programName\": \"microservices\",\n        \"programDescription\": \"training\",\n        \"online\": true\n    },\n    {\n        \"programId\": 4556,\n        \"programName\": \"testing program \",\n        \"programDescription\": \" \",\n        \"online\": true\n    },\n    {\n        \"programId\": 4557,\n        \"programName\": \"testing program \",\n        \"programDescription\": \" \",\n        \"online\": true\n    },\n    {\n        \"programId\": 4558,\n        \"programName\": \"microservices\",\n        \"programDescription\": \"training\",\n        \"online\": true\n    },\n    {\n        \"programId\": 4559,\n        \"programName\": \"microservices\",\n        \"programDescription\": \"training\",\n        \"online\": true\n    },\n    {\n        \"programId\": 4560,\n        \"programName\": \"softwaretesting \",\n        \"programDescription\": \"training\",\n        \"online\": true\n    },\n    {\n        \"programId\": 4562,\n        \"programName\": \"testing program \",\n        \"programDescription\": \" \",\n        \"online\": true\n    },\n    {\n        \"programId\": 4563,\n        \"programName\": \"testing program \",\n        \"programDescription\": \" \",\n        \"online\": true\n    },\n    {\n        \"programId\": 4564,\n        \"programName\": \"microservices\",\n        \"programDescription\": \"training\",\n        \"online\": true\n    },\n    {\n        \"programId\": 4565,\n        \"programName\": \"microservices\",\n        \"programDescription\": \"training\",\n        \"online\": true\n    },\n    {\n        \"programId\": 4566,\n        \"programName\": \"softwaretesting \",\n        \"programDescription\": \"training\",\n        \"online\": true\n    },\n    {\n        \"programId\": 9245,\n        \"programName\": \"programName\",\n        \"programDescription\": \"programDescription\",\n        \"online\": true\n    },\n    {\n        \"programId\": 4569,\n        \"programName\": \"testing program \",\n        \"programDescription\": \" \",\n        \"online\": true\n    },\n    {\n        \"programId\": 4570,\n        \"programName\": \"microservices\",\n        \"programDescription\": \"training\",\n        \"online\": true\n    },\n    {\n        \"programId\": 4571,\n        \"programName\": \"microservices\",\n        \"programDescription\": \"training\",\n        \"online\": true\n    },\n    {\n        \"programId\": 4572,\n        \"programName\": \"softwaretesting \",\n        \"programDescription\": \"training\",\n        \"online\": true\n    },\n    {\n        \"programId\": 7377,\n        \"programName\": \"testing\",\n        \"programDescription\": \"testing\",\n        \"online\": true\n    },\n    {\n        \"programId\": 4575,\n        \"programName\": \"testing program \",\n        \"programDescription\": \" \",\n        \"online\": true\n    },\n    {\n        \"programId\": 4576,\n        \"programName\": \"testing program \",\n        \"programDescription\": \" \",\n        \"online\": true\n    },\n    {\n        \"programId\": 4577,\n        \"programName\": \"microservices\",\n        \"programDescription\": \"training\",\n        \"online\": true\n    },\n    {\n        \"programId\": 4578,\n        \"programName\": \"microservices\",\n        \"programDescription\": \"training\",\n        \"online\": true\n    },\n    {\n        \"programId\": 4579,\n        \"programName\": \"softwaretesting \",\n        \"programDescription\": \"training\",\n        \"online\": true\n    },\n    {\n        \"programId\": 4581,\n        \"programName\": \"testing program \",\n        \"programDescription\": \" \",\n        \"online\": true\n    },\n    {\n        \"programId\": 4582,\n        \"programName\": \"testing program \",\n        \"programDescription\": \" \",\n        \"online\": true\n    },\n    {\n        \"programId\": 4583,\n        \"programName\": \"microservices\",\n        \"programDescription\": \"training\",\n        \"online\": true\n    },\n    {\n        \"programId\": 4584,\n        \"programName\": \"microservices\",\n        \"programDescription\": \"training\",\n        \"online\": true\n    },\n    {\n        \"programId\": 4585,\n        \"programName\": \"softwaretesting \",\n        \"programDescription\": \"training\",\n        \"online\": true\n    },\n    {\n        \"programId\": 4573,\n        \"programName\": \"St\",\n        \"programDescription\": \"ts\",\n        \"online\": false\n    },\n    {\n        \"programId\": 4586,\n        \"programName\": \"Testing\",\n        \"programDescription\": \"Test\",\n        \"online\": true\n    },\n    {\n        \"programId\": 4588,\n        \"programName\": \"testing program \",\n        \"programDescription\": \" \",\n        \"online\": true\n    },\n    {\n        \"programId\": 4589,\n        \"programName\": \"testing program \",\n        \"programDescription\": \" \",\n        \"online\": true\n    },\n    {\n        \"programId\": 4590,\n        \"programName\": \"microservices\",\n        \"programDescription\": \"training\",\n        \"online\": true\n    },\n    {\n        \"programId\": 4591,\n        \"programName\": \"microservices\",\n        \"programDescription\": \"training\",\n        \"online\": true\n    },\n    {\n        \"programId\": 4592,\n        \"programName\": \"softwaretesting \",\n        \"programDescription\": \"training\",\n        \"online\": true\n    },\n    {\n        \"programId\": 4594,\n        \"programName\": \"testing program \",\n        \"programDescription\": \" \",\n        \"online\": true\n    },\n    {\n        \"programId\": 4595,\n        \"programName\": \"testing program \",\n        \"programDescription\": \" \",\n        \"online\": true\n    },\n    {\n        \"programId\": 4596,\n        \"programName\": \"microservices\",\n        \"programDescription\": \"training\",\n        \"online\": true\n    },\n    {\n        \"programId\": 4597,\n        \"programName\": \"microservices\",\n        \"programDescription\": \"training\",\n        \"online\": true\n    },\n    {\n        \"programId\": 4598,\n        \"programName\": \"softwaretesting \",\n        \"programDescription\": \"training\",\n        \"online\": true\n    },\n    {\n        \"programId\": 4600,\n        \"programName\": \"testing program \",\n        \"programDescription\": \" \",\n        \"online\": true\n    },\n    {\n        \"programId\": 4601,\n        \"programName\": \"testing program \",\n        \"programDescription\": \" \",\n        \"online\": true\n    },\n    {\n        \"programId\": 4602,\n        \"programName\": \"microservices\",\n        \"programDescription\": \"training\",\n        \"online\": true\n    },\n    {\n        \"programId\": 4603,\n        \"programName\": \"microservices\",\n        \"programDescription\": \"training\",\n        \"online\": true\n    },\n    {\n        \"programId\": 4604,\n        \"programName\": \"softwaretesting \",\n        \"programDescription\": \"training\",\n        \"online\": true\n    },\n    {\n        \"programId\": 4606,\n        \"programName\": \"testing program \",\n        \"programDescription\": \" \",\n        \"online\": true\n    },\n    {\n        \"programId\": 4607,\n        \"programName\": \"testing program \",\n        \"programDescription\": \" \",\n        \"online\": true\n    },\n    {\n        \"programId\": 4608,\n        \"programName\": \"microservices\",\n        \"programDescription\": \"training\",\n        \"online\": true\n    },\n    {\n        \"programId\": 4609,\n        \"programName\": \"microservices\",\n        \"programDescription\": \"training\",\n        \"online\": true\n    },\n    {\n        \"programId\": 4610,\n        \"programName\": \"softwaretesting \",\n        \"programDescription\": \"training\",\n        \"online\": true\n    },\n    {\n        \"programId\": 4612,\n        \"programName\": \"testing program \",\n        \"programDescription\": \" \",\n        \"online\": true\n    },\n    {\n        \"programId\": 4613,\n        \"programName\": \"testing program \",\n        \"programDescription\": \" \",\n        \"online\": true\n    },\n    {\n        \"programId\": 4614,\n        \"programName\": \"microservices\",\n        \"programDescription\": \"training\",\n        \"online\": true\n    },\n    {\n        \"programId\": 4615,\n        \"programName\": \"microservices\",\n        \"programDescription\": \"training\",\n        \"online\": true\n    },\n    {\n        \"programId\": 4616,\n        \"programName\": \"softwaretesting \",\n        \"programDescription\": \"training\",\n        \"online\": true\n    },\n    {\n        \"programId\": 4618,\n        \"programName\": \"testing program \",\n        \"programDescription\": \" \",\n        \"online\": true\n    },\n    {\n        \"programId\": 4619,\n        \"programName\": \"testing program \",\n        \"programDescription\": \" \",\n        \"online\": true\n    },\n    {\n        \"programId\": 4620,\n        \"programName\": \"microservices\",\n        \"programDescription\": \"training\",\n        \"online\": true\n    },\n    {\n        \"programId\": 4621,\n        \"programName\": \"microservices\",\n        \"programDescription\": \"training\",\n        \"online\": true\n    },\n    {\n        \"programId\": 4622,\n        \"programName\": \"softwaretesting \",\n        \"programDescription\": \"training\",\n        \"online\": true\n    },\n    {\n        \"programId\": 4624,\n        \"programName\": \"testing program \",\n        \"programDescription\": \" \",\n        \"online\": true\n    },\n    {\n        \"programId\": 4625,\n        \"programName\": \"testing program \",\n        \"programDescription\": \" \",\n        \"online\": true\n    },\n    {\n        \"programId\": 4626,\n        \"programName\": \"microservices\",\n        \"programDescription\": \"training\",\n        \"online\": true\n    },\n    {\n        \"programId\": 4627,\n        \"programName\": \"microservices\",\n        \"programDescription\": \"training\",\n        \"online\": true\n    },\n    {\n        \"programId\": 4628,\n        \"programName\": \"softwaretesting \",\n        \"programDescription\": \"training\",\n        \"online\": true\n    },\n    {\n        \"programId\": 4630,\n        \"programName\": \"testing program \",\n        \"programDescription\": \" \",\n        \"online\": true\n    },\n    {\n        \"programId\": 4631,\n        \"programName\": \"testing program \",\n        \"programDescription\": \" \",\n        \"online\": true\n    },\n    {\n        \"programId\": 4632,\n        \"programName\": \"microservices\",\n        \"programDescription\": \"training\",\n        \"online\": true\n    },\n    {\n        \"programId\": 4633,\n        \"programName\": \"microservices\",\n        \"programDescription\": \"training\",\n        \"online\": true\n    },\n    {\n        \"programId\": 4634,\n        \"programName\": \"softwaretesting \",\n        \"programDescription\": \"training\",\n        \"online\": true\n    },\n    {\n        \"programId\": 4636,\n        \"programName\": \"testing program \",\n        \"programDescription\": \" \",\n        \"online\": true\n    },\n    {\n        \"programId\": 4637,\n        \"programName\": \"testing program \",\n        \"programDescription\": \" \",\n        \"online\": true\n    },\n    {\n        \"programId\": 4638,\n        \"programName\": \"microservices\",\n        \"programDescription\": \"training\",\n        \"online\": true\n    },\n    {\n        \"programId\": 7378,\n        \"programName\": \"testing\",\n        \"programDescription\": \"testing\",\n        \"online\": true\n    },\n    {\n        \"programId\": 7379,\n        \"programName\": \"Testing modified\",\n        \"programDescription\": \"Testing modified\",\n        \"online\": true\n    },\n    {\n        \"programId\": 7380,\n        \"programName\": \"string\",\n        \"programDescription\": \"string\",\n        \"online\": true\n    },\n    {\n        \"programId\": 7381,\n        \"programName\": \"string\",\n        \"programDescription\": \"string\",\n        \"online\": true\n    },\n    {\n        \"programId\": 4639,\n        \"programName\": \"microservices\",\n        \"programDescription\": \"training\",\n        \"online\": true\n    },\n    {\n        \"programId\": 4640,\n        \"programName\": \"softwaretesting \",\n        \"programDescription\": \"training\",\n        \"online\": true\n    },\n    {\n        \"programId\": 4642,\n        \"programName\": \"testing program \",\n        \"programDescription\": \" \",\n        \"online\": true\n    },\n    {\n        \"programId\": 4643,\n        \"programName\": \"testing program \",\n        \"programDescription\": \" \",\n        \"online\": true\n    },\n    {\n        \"programId\": 4644,\n        \"programName\": \"microservices\",\n        \"programDescription\": \"training\",\n        \"online\": true\n    },\n    {\n        \"programId\": 4645,\n        \"programName\": \"microservices\",\n        \"programDescription\": \"training\",\n        \"online\": true\n    },\n    {\n        \"programId\": 4646,\n        \"programName\": \"softwaretesting \",\n        \"programDescription\": \"training\",\n        \"online\": true\n    },\n    {\n        \"programId\": 4648,\n        \"programName\": \"testing program \",\n        \"programDescription\": \" \",\n        \"online\": true\n    },\n    {\n        \"programId\": 4649,\n        \"programName\": \"testing program \",\n        \"programDescription\": \" \",\n        \"online\": true\n    },\n    {\n        \"programId\": 4650,\n        \"programName\": \"microservices\",\n        \"programDescription\": \"training\",\n        \"online\": true\n    },\n    {\n        \"programId\": 4651,\n        \"programName\": \"microservices\",\n        \"programDescription\": \"training\",\n        \"online\": true\n    },\n    {\n        \"programId\": 4652,\n        \"programName\": \"softwaretesting \",\n        \"programDescription\": \"training\",\n        \"online\": true\n    },\n    {\n        \"programId\": 4653,\n        \"programName\": \"Descriptionless\",\n        \"programDescription\": \"\",\n        \"online\": false\n    },\n    {\n        \"programId\": 4654,\n        \"programName\": \"Descriptionless\",\n        \"programDescription\": \"\",\n        \"online\": false\n    },\n    {\n        \"programId\": 4655,\n        \"programName\": \"Descriptionless\",\n        \"programDescription\": \"\",\n        \"online\": false\n    },\n    {\n        \"programId\": 4656,\n        \"programName\": \"Descriptionless\",\n        \"programDescription\": \"\",\n        \"online\": true\n    },\n    {\n        \"programId\": 4657,\n        \"programName\": \"Descriptionless\",\n        \"programDescription\": \"\\\"\\\"\",\n        \"online\": false\n    },\n    {\n        \"programId\": 4658,\n        \"programName\": \"Csharp\",\n        \"programDescription\": \"Testing\",\n        \"online\": true\n    },\n    {\n        \"programId\": 4659,\n        \"programName\": \"Cypress\",\n        \"programDescription\": \"Testing edited\",\n        \"online\": false\n    },\n    {\n        \"programId\": 4660,\n        \"programName\": \"CoralDraw\",\n        \"programDescription\": \"Testing edited\",\n        \"online\": true\n    },\n    {\n        \"programId\": 4661,\n        \"programName\": \"Adobe Reader\",\n        \"programDescription\": \"Testing edited\",\n        \"online\": true\n    },\n    {\n        \"programId\": 4662,\n        \"programName\": \"int8\",\n        \"programDescription\": \"Selenium\",\n        \"online\": true\n    },\n    {\n        \"programId\": 4663,\n        \"programName\": \"Csharp\",\n        \"programDescription\": \"Testing\",\n        \"online\": true\n    },\n    {\n        \"programId\": 4664,\n        \"programName\": \"Cypress\",\n        \"programDescription\": \"Testing edited\",\n        \"online\": false\n    },\n    {\n        \"programId\": 4665,\n        \"programName\": \"CoralDraw\",\n        \"programDescription\": \"Testing edited\",\n        \"online\": true\n    },\n    {\n        \"programId\": 4666,\n        \"programName\": \"Adobe Reader\",\n        \"programDescription\": \"Testing edited\",\n        \"online\": true\n    },\n    {\n        \"programId\": 4667,\n        \"programName\": \"Csharp\",\n        \"programDescription\": \"Testing\",\n        \"online\": true\n    },\n    {\n        \"programId\": 4668,\n        \"programName\": \"Cypress\",\n        \"programDescription\": \"Testing edited\",\n        \"online\": false\n    },\n    {\n        \"programId\": 4669,\n        \"programName\": \"CoralDraw\",\n        \"programDescription\": \"Testing edited\",\n        \"online\": true\n    },\n    {\n        \"programId\": 4670,\n        \"programName\": \"Adobe Reader\",\n        \"programDescription\": \"Testing edited\",\n        \"online\": true\n    },\n    {\n        \"programId\": 4671,\n        \"programName\": \"Selenium\",\n        \"programDescription\": \"Testing\",\n        \"online\": true\n    },\n    {\n        \"programId\": 4672,\n        \"programName\": \"Java\",\n        \"programDescription\": \"Testing\",\n        \"online\": false\n    },\n    {\n        \"programId\": 4673,\n        \"programName\": \"Csharp\",\n        \"programDescription\": \"Testing\",\n        \"online\": true\n    },\n    {\n        \"programId\": 4674,\n        \"programName\": \"Cypress\",\n        \"programDescription\": \"Testing edited\",\n        \"online\": false\n    },\n    {\n        \"programId\": 4676,\n        \"programName\": \"Adobe Reader\",\n        \"programDescription\": \"Testing edited\",\n        \"online\": true\n    },\n    {\n        \"programId\": 4677,\n        \"programName\": \"Cucumber\",\n        \"programDescription\": \"Testing edited\",\n        \"online\": true\n    },\n    {\n        \"programId\": 4678,\n        \"programName\": \"Csharp\",\n        \"programDescription\": \"Testing\",\n        \"online\": true\n    },\n    {\n        \"programId\": 4679,\n        \"programName\": \"Cypress\",\n        \"programDescription\": \"Testing edited\",\n        \"online\": false\n    },\n    {\n        \"programId\": 4680,\n        \"programName\": \"CoralDraw\",\n        \"programDescription\": \"Testing edited\",\n        \"online\": true\n    },\n    {\n        \"programId\": 4681,\n        \"programName\": \"Adobe Reader\",\n        \"programDescription\": \"Testing edited\",\n        \"online\": true\n    },\n    {\n        \"programId\": 4686,\n        \"programName\": \"Csharp\",\n        \"programDescription\": \"Testing\",\n        \"online\": true\n    },\n    {\n        \"programId\": 4687,\n        \"programName\": \"Cypress\",\n        \"programDescription\": \"Testing edited\",\n        \"online\": false\n    },\n    {\n        \"programId\": 4688,\n        \"programName\": \"CoralDraw\",\n        \"programDescription\": \"Testing edited\",\n        \"online\": true\n    },\n    {\n        \"programId\": 4689,\n        \"programName\": \"Adobe Reader\",\n        \"programDescription\": \"Testing edited\",\n        \"online\": true\n    },\n    {\n        \"programId\": 4694,\n        \"programName\": \"Csharp\",\n        \"programDescription\": \"Testing\",\n        \"online\": true\n    },\n    {\n        \"programId\": 4695,\n        \"programName\": \"Cypress\",\n        \"programDescription\": \"Testing edited\",\n        \"online\": false\n    },\n    {\n        \"programId\": 4696,\n        \"programName\": \"CoralDraw\",\n        \"programDescription\": \"Testing edited\",\n        \"online\": true\n    },\n    {\n        \"programId\": 4697,\n        \"programName\": \"Adobe Reader\",\n        \"programDescription\": \"Testing edited\",\n        \"online\": true\n    },\n    {\n        \"programId\": 4698,\n        \"programName\": \"Csharp\",\n        \"programDescription\": \"Testing\",\n        \"online\": true\n    },\n    {\n        \"programId\": 4699,\n        \"programName\": \"Cypress\",\n        \"programDescription\": \"Testing edited\",\n        \"online\": false\n    },\n    {\n        \"programId\": 4700,\n        \"programName\": \"CoralDraw\",\n        \"programDescription\": \"Testing edited\",\n        \"online\": true\n    },\n    {\n        \"programId\": 4701,\n        \"programName\": \"Adobe Reader\",\n        \"programDescription\": \"Testing edited\",\n        \"online\": true\n    },\n    {\n        \"programId\": 4702,\n        \"programName\": \"Csharp\",\n        \"programDescription\": \"Testing\",\n        \"online\": true\n    },\n    {\n        \"programId\": 4703,\n        \"programName\": \"Cypress\",\n        \"programDescription\": \"Testing edited\",\n        \"online\": false\n    },\n    {\n        \"programId\": 4704,\n        \"programName\": \"CoralDraw\",\n        \"programDescription\": \"Testing edited\",\n        \"online\": true\n    },\n    {\n        \"programId\": 4705,\n        \"programName\": \"Adobe Reader\",\n        \"programDescription\": \"Testing edited\",\n        \"online\": true\n    },\n    {\n        \"programId\": 4706,\n        \"programName\": \"Csharp\",\n        \"programDescription\": \"Testing\",\n        \"online\": true\n    },\n    {\n        \"programId\": 4707,\n        \"programName\": \"Cypress\",\n        \"programDescription\": \"Testing edited\",\n        \"online\": false\n    },\n    {\n        \"programId\": 4708,\n        \"programName\": \"CoralDraw\",\n        \"programDescription\": \"Testing edited\",\n        \"online\": true\n    },\n    {\n        \"programId\": 4709,\n        \"programName\": \"Adobe Reader\",\n        \"programDescription\": \"Testing edited\",\n        \"online\": true\n    },\n    {\n        \"programId\": 4710,\n        \"programName\": \"Csharp\",\n        \"programDescription\": \"Testing\",\n        \"online\": true\n    },\n    {\n        \"programId\": 4711,\n        \"programName\": \"Cypress\",\n        \"programDescription\": \"Testing edited\",\n        \"online\": false\n    },\n    {\n        \"programId\": 4712,\n        \"programName\": \"CoralDraw\",\n        \"programDescription\": \"Testing edited\",\n        \"online\": true\n    },\n    {\n        \"programId\": 4713,\n        \"programName\": \"Adobe Reader\",\n        \"programDescription\": \"Testing edited\",\n        \"online\": true\n    },\n    {\n        \"programId\": 4714,\n        \"programName\": \"Csharp\",\n        \"programDescription\": \"Testing\",\n        \"online\": true\n    },\n    {\n        \"programId\": 4715,\n        \"programName\": \"Cypress\",\n        \"programDescription\": \"Testing edited\",\n        \"online\": false\n    },\n    {\n        \"programId\": 4716,\n        \"programName\": \"CoralDraw\",\n        \"programDescription\": \"Testing edited\",\n        \"online\": true\n    },\n    {\n        \"programId\": 4717,\n        \"programName\": \"Adobe Reader\",\n        \"programDescription\": \"Testing edited\",\n        \"online\": true\n    },\n    {\n        \"programId\": 4718,\n        \"programName\": \"Selenium\",\n        \"programDescription\": \"Testing\",\n        \"online\": true\n    },\n    {\n        \"programId\": 4719,\n        \"programName\": \"Java\",\n        \"programDescription\": \"Testing\",\n        \"online\": false\n    },\n    {\n        \"programId\": 4720,\n        \"programName\": \"Csharp\",\n        \"programDescription\": \"Testing\",\n        \"online\": true\n    },\n    {\n        \"programId\": 4721,\n        \"programName\": \"Cypress\",\n        \"programDescription\": \"Testing edited\",\n        \"online\": false\n    },\n    {\n        \"programId\": 4722,\n        \"programName\": \"CoralDraw\",\n        \"programDescription\": \"Testing edited\",\n        \"online\": true\n    },\n    {\n        \"programId\": 4723,\n        \"programName\": \"Adobe Reader\",\n        \"programDescription\": \"Testing edited\",\n        \"online\": true\n    },\n    {\n        \"programId\": 4724,\n        \"programName\": \"Cucumber\",\n        \"programDescription\": \"Testing edited\",\n        \"online\": true\n    },\n    {\n        \"programId\": 4725,\n        \"programName\": \"batman\",\n        \"programDescription\": \"string\",\n        \"online\": true\n    },\n    {\n        \"programId\": 4726,\n        \"programName\": \"ironman\",\n        \"programDescription\": \"string\",\n        \"online\": true\n    },\n    {\n        \"programId\": 4727,\n        \"programName\": \"Selenium\",\n        \"programDescription\": \"Testing\",\n        \"online\": true\n    },\n    {\n        \"programId\": 4728,\n        \"programName\": \"Java\",\n        \"programDescription\": \"Testing\",\n        \"online\": false\n    },\n    {\n        \"programId\": 4729,\n        \"programName\": \"Csharp\",\n        \"programDescription\": \"Testing\",\n        \"online\": true\n    },\n    {\n        \"programId\": 4730,\n        \"programName\": \"Cypress\",\n        \"programDescription\": \"Testing edited\",\n        \"online\": false\n    },\n    {\n        \"programId\": 4731,\n        \"programName\": \"CoralDraw\",\n        \"programDescription\": \"Testing edited\",\n        \"online\": true\n    },\n    {\n        \"programId\": 4732,\n        \"programName\": \"Adobe Reader\",\n        \"programDescription\": \"Testing edited\",\n        \"online\": true\n    },\n    {\n        \"programId\": 4733,\n        \"programName\": \"Cucumber\",\n        \"programDescription\": \"Testing edited\",\n        \"online\": true\n    },\n    {\n        \"programId\": 4734,\n        \"programName\": \"batman\",\n        \"programDescription\": \"string\",\n        \"online\": true\n    },\n    {\n        \"programId\": 4735,\n        \"programName\": \"ironman\",\n        \"programDescription\": \"string\",\n        \"online\": true\n    },\n    {\n        \"programId\": 4736,\n        \"programName\": \"superman\",\n        \"programDescription\": \"string\",\n        \"online\": false\n    },\n    {\n        \"programId\": 4737,\n        \"programName\": \"Csharp\",\n        \"programDescription\": \"Testing\",\n        \"online\": true\n    },\n    {\n        \"programId\": 4738,\n        \"programName\": \"Cypress\",\n        \"programDescription\": \"Testing edited\",\n        \"online\": false\n    },\n    {\n        \"programId\": 4739,\n        \"programName\": \"CoralDraw\",\n        \"programDescription\": \"Testing edited\",\n        \"online\": true\n    },\n    {\n        \"programId\": 4740,\n        \"programName\": \"Adobe Reader\",\n        \"programDescription\": \"Testing edited\",\n        \"online\": true\n    },\n    {\n        \"programId\": 4741,\n        \"programName\": \"Csharp\",\n        \"programDescription\": \"Testing\",\n        \"online\": true\n    },\n    {\n        \"programId\": 4742,\n        \"programName\": \"Cypress\",\n        \"programDescription\": \"Testing edited\",\n        \"online\": false\n    },\n    {\n        \"programId\": 4743,\n        \"programName\": \"CoralDraw\",\n        \"programDescription\": \"Testing edited\",\n        \"online\": true\n    },\n    {\n        \"programId\": 4744,\n        \"programName\": \"Adobe Reader\",\n        \"programDescription\": \"Testing edited\",\n        \"online\": true\n    },\n    {\n        \"programId\": 4745,\n        \"programName\": \"Selenium\",\n        \"programDescription\": \"Testing\",\n        \"online\": true\n    },\n    {\n        \"programId\": 4746,\n        \"programName\": \"Java\",\n        \"programDescription\": \"Testing\",\n        \"online\": false\n    },\n    {\n        \"programId\": 4748,\n        \"programName\": \"Cypress\",\n        \"programDescription\": \"Testing edited\",\n        \"online\": false\n    },\n    {\n        \"programId\": 4749,\n        \"programName\": \"CoralDraw\",\n        \"programDescription\": \"Testing edited\",\n        \"online\": true\n    },\n    {\n        \"programId\": 4750,\n        \"programName\": \"Adobe Reader\",\n        \"programDescription\": \"Testing edited\",\n        \"online\": true\n    },\n    {\n        \"programId\": 4751,\n        \"programName\": \"Cucumber\",\n        \"programDescription\": \"Testing edited\",\n        \"online\": true\n    },\n    {\n        \"programId\": 4752,\n        \"programName\": \"Csharp\",\n        \"programDescription\": \"Testing\",\n        \"online\": true\n    },\n    {\n        \"programId\": 4753,\n        \"programName\": \"Cypress\",\n        \"programDescription\": \"Testing edited\",\n        \"online\": false\n    },\n    {\n        \"programId\": 4754,\n        \"programName\": \"CoralDraw\",\n        \"programDescription\": \"Testing edited\",\n        \"online\": true\n    },\n    {\n        \"programId\": 4755,\n        \"programName\": \"Adobe Reader\",\n        \"programDescription\": \"Testing edited\",\n        \"online\": true\n    },\n    {\n        \"programId\": 4756,\n        \"programName\": \"Csharp\",\n        \"programDescription\": \"Testing\",\n        \"online\": true\n    },\n    {\n        \"programId\": 4757,\n        \"programName\": \"Cypress\",\n        \"programDescription\": \"Testing edited\",\n        \"online\": false\n    },\n    {\n        \"programId\": 4758,\n        \"programName\": \"CoralDraw\",\n        \"programDescription\": \"Testing edited\",\n        \"online\": true\n    },\n    {\n        \"programId\": 4759,\n        \"programName\": \"Adobe Reader\",\n        \"programDescription\": \"Testing edited\",\n        \"online\": true\n    },\n    {\n        \"programId\": 4760,\n        \"programName\": \"batman\",\n        \"programDescription\": \"string\",\n        \"online\": true\n    },\n    {\n        \"programId\": 4761,\n        \"programName\": \"ironman\",\n        \"programDescription\": \"string\",\n        \"online\": true\n    },\n    {\n        \"programId\": 4762,\n        \"programName\": \"batman\",\n        \"programDescription\": \"string\",\n        \"online\": true\n    },\n    {\n        \"programId\": 4763,\n        \"programName\": \"ironman\",\n        \"programDescription\": \"string\",\n        \"online\": true\n    },\n    {\n        \"programId\": 4764,\n        \"programName\": \"Developer\",\n        \"programDescription\": \"dd\",\n        \"online\": true\n    },\n    {\n        \"programId\": 4766,\n        \"programName\": \"ironman\",\n        \"programDescription\": \"string\",\n        \"online\": true\n    },\n    {\n        \"programId\": 4767,\n        \"programName\": \"Csharp\",\n        \"programDescription\": \"Testing\",\n        \"online\": true\n    },\n    {\n        \"programId\": 4768,\n        \"programName\": \"Cypress\",\n        \"programDescription\": \"Testing edited\",\n        \"online\": false\n    },\n    {\n        \"programId\": 4769,\n        \"programName\": \"CoralDraw\",\n        \"programDescription\": \"Testing edited\",\n        \"online\": true\n    },\n    {\n        \"programId\": 4770,\n        \"programName\": \"Adobe Reader\",\n        \"programDescription\": \"Testing edited\",\n        \"online\": true\n    },\n    {\n        \"programId\": 4771,\n        \"programName\": \"Developer\",\n        \"programDescription\": \"dd\",\n        \"online\": false\n    },\n    {\n        \"programId\": 4772,\n        \"programName\": \"Developer\",\n        \"programDescription\": \"dd\",\n        \"online\": true\n    },\n    {\n        \"programId\": 4773,\n        \"programName\": \"batman\",\n        \"programDescription\": \"string\",\n        \"online\": true\n    },\n    {\n        \"programId\": 4774,\n        \"programName\": \"ironman\",\n        \"programDescription\": \"string\",\n        \"online\": true\n    },\n    {\n        \"programId\": 4775,\n        \"programName\": \"batman\",\n        \"programDescription\": \"string\",\n        \"online\": true\n    },\n    {\n        \"programId\": 4776,\n        \"programName\": \"ironman\",\n        \"programDescription\": \"string\",\n        \"online\": true\n    },\n    {\n        \"programId\": 4777,\n        \"programName\": \"Csharp\",\n        \"programDescription\": \"Testing\",\n        \"online\": true\n    },\n    {\n        \"programId\": 4778,\n        \"programName\": \"Cypress\",\n        \"programDescription\": \"Testing edited\",\n        \"online\": false\n    },\n    {\n        \"programId\": 4779,\n        \"programName\": \"CoralDraw\",\n        \"programDescription\": \"Testing edited\",\n        \"online\": true\n    },\n    {\n        \"programId\": 4780,\n        \"programName\": \"Adobe Reader\",\n        \"programDescription\": \"Testing edited\",\n        \"online\": true\n    },\n    {\n        \"programId\": 4781,\n        \"programName\": \"Selenium Modified\",\n        \"programDescription\": \"Testing Modified\",\n        \"online\": true\n    },\n    {\n        \"programId\": 4782,\n        \"programName\": \"Java Modified\",\n        \"programDescription\": \"Testing Modified\",\n        \"online\": false\n    },\n    {\n        \"programId\": 4783,\n        \"programName\": \"Csharp\",\n        \"programDescription\": \"Testing\",\n        \"online\": true\n    },\n    {\n        \"programId\": 4784,\n        \"programName\": \"Csharp Modified\",\n        \"programDescription\": \"Testing Modified\",\n        \"online\": true\n    },\n    {\n        \"programId\": 4785,\n        \"programName\": \"Cypress\",\n        \"programDescription\": \"Testing edited\",\n        \"online\": false\n    },\n    {\n        \"programId\": 4786,\n        \"programName\": \"Cypress Modified\",\n        \"programDescription\": \"Testing edited Modified\",\n        \"online\": false\n    },\n    {\n        \"programId\": 4787,\n        \"programName\": \"CoralDraw\",\n        \"programDescription\": \"Testing edited\",\n        \"online\": true\n    },\n    {\n        \"programId\": 4788,\n        \"programName\": \"CoralDraw Modified\",\n        \"programDescription\": \"Testing edited Modified\",\n        \"online\": true\n    },\n    {\n        \"programId\": 4789,\n        \"programName\": \"Adobe Reader\",\n        \"programDescription\": \"Testing edited\",\n        \"online\": true\n    },\n    {\n        \"programId\": 4790,\n        \"programName\": \"Adobe Reader Modified\",\n        \"programDescription\": \"Testing edited Modified\",\n        \"online\": true\n    },\n    {\n        \"programId\": 4791,\n        \"programName\": \"Cucumber Modified\",\n        \"programDescription\": \"Testing edited Modified\",\n        \"online\": true\n    },\n    {\n        \"programId\": 4792,\n        \"programName\": \"Csharp\",\n        \"programDescription\": \"Testing\",\n        \"online\": true\n    },\n    {\n        \"programId\": 4793,\n        \"programName\": \"Cypress\",\n        \"programDescription\": \"Testing edited\",\n        \"online\": false\n    },\n    {\n        \"programId\": 4794,\n        \"programName\": \"CoralDraw\",\n        \"programDescription\": \"Testing edited\",\n        \"online\": true\n    },\n    {\n        \"programId\": 4795,\n        \"programName\": \"Adobe Reader\",\n        \"programDescription\": \"Testing edited\",\n        \"online\": true\n    },\n    {\n        \"programId\": 4796,\n        \"programName\": \"nonexisting program id\",\n        \"programDescription\": \"nonexisting program id\",\n        \"online\": true\n    },\n    {\n        \"programId\": 4797,\n        \"programName\": \"Csharp\",\n        \"programDescription\": \"Testing\",\n        \"online\": true\n    },\n    {\n        \"programId\": 4798,\n        \"programName\": \"Cypress\",\n        \"programDescription\": \"Testing edited\",\n        \"online\": false\n    },\n    {\n        \"programId\": 4799,\n        \"programName\": \"CoralDraw\",\n        \"programDescription\": \"Testing edited\",\n        \"online\": true\n    },\n    {\n        \"programId\": 4800,\n        \"programName\": \"Adobe Reader\",\n        \"programDescription\": \"Testing edited\",\n        \"online\": true\n    },\n    {\n        \"programId\": 4801,\n        \"programName\": \"nonexisting program id\",\n        \"programDescription\": \"nonexisting program id\",\n        \"online\": true\n    },\n    {\n        \"programId\": 4802,\n        \"programName\": \"Selenium Modified\",\n        \"programDescription\": \"Testing Modified\",\n        \"online\": true\n    },\n    {\n        \"programId\": 4803,\n        \"programName\": \"Java Modified\",\n        \"programDescription\": \"Testing Modified\",\n        \"online\": false\n    },\n    {\n        \"programId\": 4804,\n        \"programName\": \"Csharp\",\n        \"programDescription\": \"Testing\",\n        \"online\": true\n    },\n    {\n        \"programId\": 4805,\n        \"programName\": \"Csharp Modified\",\n        \"programDescription\": \"Testing Modified\",\n        \"online\": true\n    },\n    {\n        \"programId\": 4806,\n        \"programName\": \"Cypress\",\n        \"programDescription\": \"Testing edited\",\n        \"online\": false\n    },\n    {\n        \"programId\": 4807,\n        \"programName\": \"Cypress Modified\",\n        \"programDescription\": \"Testing edited Modified\",\n        \"online\": false\n    },\n    {\n        \"programId\": 4808,\n        \"programName\": \"CoralDraw\",\n        \"programDescription\": \"Testing edited\",\n        \"online\": true\n    },\n    {\n        \"programId\": 4809,\n        \"programName\": \"CoralDraw Modified\",\n        \"programDescription\": \"Testing edited Modified\",\n        \"online\": true\n    },\n    {\n        \"programId\": 4810,\n        \"programName\": \"Adobe Reader\",\n        \"programDescription\": \"Testing edited\",\n        \"online\": true\n    },\n    {\n        \"programId\": 4811,\n        \"programName\": \"Adobe Reader Modified\",\n        \"programDescription\": \"Testing edited Modified\",\n        \"online\": true\n    },\n    {\n        \"programId\": 4812,\n        \"programName\": \"Cucumber Modified\",\n        \"programDescription\": \"Testing edited Modified\",\n        \"online\": true\n    },\n    {\n        \"programId\": 4813,\n        \"programName\": \"Csharp\",\n        \"programDescription\": \"Testing\",\n        \"online\": true\n    },\n    {\n        \"programId\": 4814,\n        \"programName\": \"Cypress\",\n        \"programDescription\": \"Testing edited\",\n        \"online\": false\n    },\n    {\n        \"programId\": 4815,\n        \"programName\": \"CoralDraw\",\n        \"programDescription\": \"Testing edited\",\n        \"online\": true\n    },\n    {\n        \"programId\": 4816,\n        \"programName\": \"Adobe Reader\",\n        \"programDescription\": \"Testing edited\",\n        \"online\": true\n    },\n    {\n        \"programId\": 4817,\n        \"programName\": \"Csharp\",\n        \"programDescription\": \"Testing\",\n        \"online\": true\n    },\n    {\n        \"programId\": 4818,\n        \"programName\": \"Csharp Modified\",\n        \"programDescription\": \"Testing Modified\",\n        \"online\": true\n    },\n    {\n        \"programId\": 4819,\n        \"programName\": \"Cypress\",\n        \"programDescription\": \"Testing edited\",\n        \"online\": false\n    },\n    {\n        \"programId\": 4820,\n        \"programName\": \"Cypress Modified\",\n        \"programDescription\": \"Testing edited Modified\",\n        \"online\": false\n    },\n    {\n        \"programId\": 4821,\n        \"programName\": \"CoralDraw\",\n        \"programDescription\": \"Testing edited\",\n        \"online\": true\n    },\n    {\n        \"programId\": 4822,\n        \"programName\": \"CoralDraw Modified\",\n        \"programDescription\": \"Testing edited Modified\",\n        \"online\": true\n    },\n    {\n        \"programId\": 4823,\n        \"programName\": \"Adobe Reader\",\n        \"programDescription\": \"Testing edited\",\n        \"online\": true\n    },\n    {\n        \"programId\": 4824,\n        \"programName\": \"Adobe Reader Modified\",\n        \"programDescription\": \"Testing edited Modified\",\n        \"online\": true\n    },\n    {\n        \"programId\": 4825,\n        \"programName\": \"Java\",\n        \"programDescription\": \"Testing\",\n        \"online\": false\n    },\n    {\n        \"programId\": 4826,\n        \"programName\": \"Csharp\",\n        \"programDescription\": \"Testing\",\n        \"online\": true\n    },\n    {\n        \"programId\": 4827,\n        \"programName\": \"Cypress\",\n        \"programDescription\": \"Testing edited\",\n        \"online\": false\n    },\n    {\n        \"programId\": 4828,\n        \"programName\": \"CoralDraw\",\n        \"programDescription\": \"Testing edited\",\n        \"online\": true\n    },\n    {\n        \"programId\": 4829,\n        \"programName\": \"Adobe Reader\",\n        \"programDescription\": \"Testing edited\",\n        \"online\": true\n    },\n    {\n        \"programId\": 4835,\n        \"programName\": \"Java\",\n        \"programDescription\": \"Testing\",\n        \"online\": false\n    },\n    {\n        \"programId\": 4836,\n        \"programName\": \"Java Modified\",\n        \"programDescription\": \"Testing Modified\",\n        \"online\": false\n    },\n    {\n        \"programId\": 4837,\n        \"programName\": \"Csharp\",\n        \"programDescription\": \"Testing\",\n        \"online\": true\n    },\n    {\n        \"programId\": 4838,\n        \"programName\": \"Csharp Modified\",\n        \"programDescription\": \"Testing Modified\",\n        \"online\": true\n    },\n    {\n        \"programId\": 4839,\n        \"programName\": \"Cypress\",\n        \"programDescription\": \"Testing edited\",\n        \"online\": false\n    },\n    {\n        \"programId\": 4840,\n        \"programName\": \"Cypress Modified\",\n        \"programDescription\": \"Testing edited Modified\",\n        \"online\": false\n    },\n    {\n        \"programId\": 4841,\n        \"programName\": \"CoralDraw\",\n        \"programDescription\": \"Testing edited\",\n        \"online\": true\n    },\n    {\n        \"programId\": 4842,\n        \"programName\": \"CoralDraw Modified\",\n        \"programDescription\": \"Testing edited Modified\",\n        \"online\": true\n    },\n    {\n        \"programId\": 4843,\n        \"programName\": \"Adobe Reader\",\n        \"programDescription\": \"Testing edited\",\n        \"online\": true\n    },\n    {\n        \"programId\": 4844,\n        \"programName\": \"Adobe Reader Modified\",\n        \"programDescription\": \"Testing edited Modified\",\n        \"online\": true\n    },\n    {\n        \"programId\": 4845,\n        \"programName\": \"Science learning\",\n        \"programDescription\": \"learn Math\",\n        \"online\": false\n    },\n    {\n        \"programId\": 4846,\n        \"programName\": \"Science learning\",\n        \"programDescription\": \"learn Math\",\n        \"online\": false\n    },\n    {\n        \"programId\": 4911,\n        \"programName\": \"SDET1\",\n        \"programDescription\": \"TestNG\",\n        \"online\": true\n    },\n    {\n        \"programId\": 4912,\n        \"programName\": \"SDET1\",\n        \"programDescription\": \"TestNG\",\n        \"online\": true\n    },\n    {\n        \"programId\": 4913,\n        \"programName\": \"Testing\",\n        \"programDescription\": \"Testing\",\n        \"online\": true\n    },\n    {\n        \"programId\": 4850,\n        \"programName\": \"SME\",\n        \"programDescription\": \"HealthCare\",\n        \"online\": false\n    },\n    {\n        \"programId\": 4851,\n        \"programName\": \"Scrum Master\",\n        \"programDescription\": \"Agile\",\n        \"online\": false\n    },\n    {\n        \"programId\": 4852,\n        \"programName\": \"Backend Developer\",\n        \"programDescription\": \"Sql Developer\",\n        \"online\": false\n    },\n    {\n        \"programId\": 4853,\n        \"programName\": \"SME\",\n        \"programDescription\": \"HealthCare\",\n        \"online\": false\n    },\n    {\n        \"programId\": 4854,\n        \"programName\": \"Scrum Master\",\n        \"programDescription\": \"Agile\",\n        \"online\": false\n    },\n    {\n        \"programId\": 4855,\n        \"programName\": \"Backend Developer\",\n        \"programDescription\": \"Sql Developer\",\n        \"online\": false\n    },\n    {\n        \"programId\": 4856,\n        \"programName\": \"SME\",\n        \"programDescription\": \"HealthCare\",\n        \"online\": false\n    },\n    {\n        \"programId\": 4857,\n        \"programName\": \"Scrum Master\",\n        \"programDescription\": \"Agile\",\n        \"online\": false\n    },\n    {\n        \"programId\": 4858,\n        \"programName\": \"Backend Developer\",\n        \"programDescription\": \"Sql Developer\",\n        \"online\": false\n    },\n    {\n        \"programId\": 4859,\n        \"programName\": \"Pre k\",\n        \"programDescription\": \"age five\",\n        \"online\": false\n    },\n    {\n        \"programId\": 4860,\n        \"programName\": \"Pre k\",\n        \"programDescription\": \"age five\",\n        \"online\": false\n    },\n    {\n        \"programId\": 4861,\n        \"programName\": \"Pre k\",\n        \"programDescription\": \"age five\",\n        \"online\": false\n    },\n    {\n        \"programId\": 4862,\n        \"programName\": \"Pre k\",\n        \"programDescription\": \"age five\",\n        \"online\": false\n    },\n    {\n        \"programId\": 4863,\n        \"programName\": \"SCIENCE4\",\n        \"programDescription\": \"Business Mgmt\",\n        \"online\": true\n    },\n    {\n        \"programId\": 4864,\n        \"programName\": \"Prog7\",\n        \"programDescription\": \"Class7\",\n        \"online\": true\n    },\n    {\n        \"programId\": 4865,\n        \"programName\": \"SCIENCE4\",\n        \"programDescription\": \"Business Mgmt\",\n        \"online\": true\n    },\n    {\n        \"programId\": 4866,\n        \"programName\": \"Prog7\",\n        \"programDescription\": \"Class7\",\n        \"online\": true\n    },\n    {\n        \"programId\": 4867,\n        \"programName\": \"SCIENCE4\",\n        \"programDescription\": \"Business Mgmt\",\n        \"online\": true\n    },\n    {\n        \"programId\": 4868,\n        \"programName\": \"Prog7\",\n        \"programDescription\": \"Class7\",\n        \"online\": true\n    },\n    {\n        \"programId\": 4869,\n        \"programName\": \"SCIENCE4\",\n        \"programDescription\": \"Business Mgmt\",\n        \"online\": true\n    },\n    {\n        \"programId\": 4870,\n        \"programName\": \"Prog7\",\n        \"programDescription\": \"Class7\",\n        \"online\": true\n    },\n    {\n        \"programId\": 4871,\n        \"programName\": \"SCIENCE4\",\n        \"programDescription\": \"Business Mgmt\",\n        \"online\": true\n    },\n    {\n        \"programId\": 4872,\n        \"programName\": \"Prog7\",\n        \"programDescription\": \"Class7\",\n        \"online\": true\n    },\n    {\n        \"programId\": 4873,\n        \"programName\": \"SCIENCE4\",\n        \"programDescription\": \"Business Mgmt\",\n        \"online\": true\n    },\n    {\n        \"programId\": 4874,\n        \"programName\": \"Prog7\",\n        \"programDescription\": \"Class7\",\n        \"online\": true\n    },\n    {\n        \"programId\": 4875,\n        \"programName\": \"SCIENCE4\",\n        \"programDescription\": \"Business Mgmt\",\n        \"online\": true\n    },\n    {\n        \"programId\": 4876,\n        \"programName\": \"Prog7\",\n        \"programDescription\": \"Class7\",\n        \"online\": true\n    },\n    {\n        \"programId\": 4877,\n        \"programName\": \"SCIENCE4\",\n        \"programDescription\": \"Business Mgmt\",\n        \"online\": true\n    },\n    {\n        \"programId\": 4878,\n        \"programName\": \"Pre k\",\n        \"programDescription\": \"age five\",\n        \"online\": false\n    },\n    {\n        \"programId\": 4879,\n        \"programName\": \"Pre k\",\n        \"programDescription\": \"age five\",\n        \"online\": false\n    },\n    {\n        \"programId\": 4914,\n        \"programName\": \"java\",\n        \"programDescription\": \"java Program\",\n        \"online\": true\n    },\n    {\n        \"programId\": 4915,\n        \"programName\": \"SDET1\",\n        \"programDescription\": \"TestNG\",\n        \"online\": true\n    },\n    {\n        \"programId\": 4882,\n        \"programName\": \"Java\",\n        \"programDescription\": \"Testing\",\n        \"online\": false\n    },\n    {\n        \"programId\": 4883,\n        \"programName\": \"Csharp\",\n        \"programDescription\": \"Testing\",\n        \"online\": true\n    },\n    {\n        \"programId\": 4884,\n        \"programName\": \"Cypress\",\n        \"programDescription\": \"Testing edited\",\n        \"online\": false\n    },\n    {\n        \"programId\": 4885,\n        \"programName\": \"CoralDraw\",\n        \"programDescription\": \"Testing edited\",\n        \"online\": true\n    },\n    {\n        \"programId\": 4886,\n        \"programName\": \"Adobe Reader\",\n        \"programDescription\": \"Testing edited\",\n        \"online\": true\n    },\n    {\n        \"programId\": 4892,\n        \"programName\": \"Java\",\n        \"programDescription\": \"Testing\",\n        \"online\": false\n    },\n    {\n        \"programId\": 4893,\n        \"programName\": \"Csharp\",\n        \"programDescription\": \"Testing\",\n        \"online\": true\n    },\n    {\n        \"programId\": 4894,\n        \"programName\": \"Cypress\",\n        \"programDescription\": \"Testing edited\",\n        \"online\": false\n    },\n    {\n        \"programId\": 4895,\n        \"programName\": \"CoralDraw\",\n        \"programDescription\": \"Testing edited\",\n        \"online\": true\n    },\n    {\n        \"programId\": 4896,\n        \"programName\": \"Adobe Reader\",\n        \"programDescription\": \"Testing edited\",\n        \"online\": true\n    },\n    {\n        \"programId\": 4897,\n        \"programName\": \"Java\",\n        \"programDescription\": \"Testing\",\n        \"online\": false\n    },\n    {\n        \"programId\": 4898,\n        \"programName\": \"Csharp\",\n        \"programDescription\": \"Testing\",\n        \"online\": true\n    },\n    {\n        \"programId\": 4899,\n        \"programName\": \"Cypress\",\n        \"programDescription\": \"Testing edited\",\n        \"online\": false\n    },\n    {\n        \"programId\": 4900,\n        \"programName\": \"CoralDraw\",\n        \"programDescription\": \"Testing edited\",\n        \"online\": true\n    },\n    {\n        \"programId\": 4901,\n        \"programName\": \"Adobe Reader\",\n        \"programDescription\": \"Testing edited\",\n        \"online\": true\n    },\n    {\n        \"programId\": 4902,\n        \"programName\": \"Pre K\",\n        \"programDescription\": \"Age 5\",\n        \"online\": true\n    },\n    {\n        \"programId\": 4903,\n        \"programName\": \"Pre K\",\n        \"programDescription\": \"Age 5\",\n        \"online\": true\n    },\n    {\n        \"programId\": 4904,\n        \"programName\": \"java\",\n        \"programDescription\": \"java Program\",\n        \"online\": true\n    },\n    {\n        \"programId\": 4905,\n        \"programName\": \"Pre K\",\n        \"programDescription\": \"Age 5\",\n        \"online\": true\n    },\n    {\n        \"programId\": 4906,\n        \"programName\": \"java\",\n        \"programDescription\": \"java Program\",\n        \"online\": true\n    },\n    {\n        \"programId\": 4907,\n        \"programName\": \"java\",\n        \"programDescription\": \"java Program\",\n        \"online\": true\n    },\n    {\n        \"programId\": 4908,\n        \"programName\": \"java\",\n        \"programDescription\": \"java Program\",\n        \"online\": true\n    },\n    {\n        \"programId\": 4909,\n        \"programName\": \"java\",\n        \"programDescription\": \"java Program\",\n        \"online\": true\n    },\n    {\n        \"programId\": 4910,\n        \"programName\": \"java\",\n        \"programDescription\": \"java Program\",\n        \"online\": true\n    },\n    {\n        \"programId\": 4916,\n        \"programName\": \"SDET1\",\n        \"programDescription\": \"TestNG\",\n        \"online\": true\n    },\n    {\n        \"programId\": 4917,\n        \"programName\": \"Pre K\",\n        \"programDescription\": \"Age 5\",\n        \"online\": true\n    },\n    {\n        \"programId\": 4919,\n        \"programName\": \"\\\"API Testing\\\"\",\n        \"programDescription\": \"\\\"RestAssured\\\"\",\n        \"online\": false\n    },\n    {\n        \"programId\": 4920,\n        \"programName\": \"\\\"Framework\\\"\",\n        \"programDescription\": \"\\\"Cucumber\\\"\",\n        \"online\": false\n    },\n    {\n        \"programId\": 4927,\n        \"programName\": \"Cuucumber learning\",\n        \"programDescription\": \"Mathematics\",\n        \"online\": false\n    },\n    {\n        \"programId\": 4928,\n        \"programName\": \"St\",\n        \"programDescription\": \"ts\",\n        \"online\": false\n    },\n    {\n        \"programId\": 4929,\n        \"programName\": \"St\",\n        \"programDescription\": \"ts\",\n        \"online\": false\n    },\n    {\n        \"programId\": 4930,\n        \"programName\": \"St\",\n        \"programDescription\": \"ts\",\n        \"online\": false\n    },\n    {\n        \"programId\": 4932,\n        \"programName\": \"St\",\n        \"programDescription\": null,\n        \"online\": false\n    },\n    {\n        \"programId\": 4933,\n        \"programName\": \"St\",\n        \"programDescription\": \"ts\",\n        \"online\": false\n    },\n    {\n        \"programId\": 4934,\n        \"programName\": \"St\",\n        \"programDescription\": \"ts\",\n        \"online\": false\n    },\n    {\n        \"programId\": 4935,\n        \"programName\": \"St\",\n        \"programDescription\": \"ts\",\n        \"online\": false\n    },\n    {\n        \"programId\": 4936,\n        \"programName\": \"modified today\",\n        \"programDescription\": \"modidied today \",\n        \"online\": false\n    },\n    {\n        \"programId\": 4937,\n        \"programName\": \"modified today\",\n        \"programDescription\": \"modidied today \",\n        \"online\": false\n    },\n    {\n        \"programId\": 4938,\n        \"programName\": \"modified today\",\n        \"programDescription\": \"modidied today \",\n        \"online\": false\n    },\n    {\n        \"programId\": 4939,\n        \"programName\": \"modified today\",\n        \"programDescription\": \"modidied today \",\n        \"online\": false\n    },\n    {\n        \"programId\": 4940,\n        \"programName\": \"modified today\",\n        \"programDescription\": \"modidied today \",\n        \"online\": true\n    },\n    {\n        \"programId\": 4941,\n        \"programName\": \"modified today\",\n        \"programDescription\": \"modidied today \",\n        \"online\": true\n    },\n    {\n        \"programId\": 4942,\n        \"programName\": \"modified today\",\n        \"programDescription\": \"modidied today \",\n        \"online\": true\n    },\n    {\n        \"programId\": 4943,\n        \"programName\": \"modified today\",\n        \"programDescription\": \"modidied today \",\n        \"online\": true\n    },\n    {\n        \"programId\": 7382,\n        \"programName\": \"string\",\n        \"programDescription\": \"string\",\n        \"online\": true\n    },\n    {\n        \"programId\": 5040,\n        \"programName\": \"Mathll \",\n        \"programDescription\": null,\n        \"online\": false\n    },\n    {\n        \"programId\": 5001,\n        \"programName\": \"Java\",\n        \"programDescription\": \"Testing\",\n        \"online\": false\n    },\n    {\n        \"programId\": 5044,\n        \"programName\": \"PT1\",\n        \"programDescription\": \"TestNG\",\n        \"online\": true\n    },\n    {\n        \"programId\": 4945,\n        \"programName\": \"\\\"API Testing\\\"\",\n        \"programDescription\": \"\\\"RestAssured\\\"\",\n        \"online\": false\n    },\n    {\n        \"programId\": 4946,\n        \"programName\": \"\\\"Framework\\\"\",\n        \"programDescription\": \"\\\"Cucumber\\\"\",\n        \"online\": false\n    },\n    {\n        \"programId\": 5025,\n        \"programName\": \"Testing\",\n        \"programDescription\": \"800\",\n        \"online\": false\n    },\n    {\n        \"programId\": 4947,\n        \"programName\": \"java\",\n        \"programDescription\": \"java Program\",\n        \"online\": true\n    },\n    {\n        \"programId\": 4948,\n        \"programName\": \"java\",\n        \"programDescription\": \"java Program\",\n        \"online\": true\n    },\n    {\n        \"programId\": 4949,\n        \"programName\": \"Testing\",\n        \"programDescription\": \"Testing\",\n        \"online\": true\n    },\n    {\n        \"programId\": 4951,\n        \"programName\": \"batman \",\n        \"programDescription\": \"string\",\n        \"online\": true\n    },\n    {\n        \"programId\": 4952,\n        \"programName\": \"ironman\",\n        \"programDescription\": \"string\",\n        \"online\": true\n    },\n    {\n        \"programId\": 4953,\n        \"programName\": \"java\",\n        \"programDescription\": \"core java\",\n        \"online\": true\n    },\n    {\n        \"programId\": 4954,\n        \"programName\": \"Multipal Digit Testing\",\n        \"programDescription\": \"Program ID Testing\",\n        \"online\": true\n    },\n    {\n        \"programId\": 4955,\n        \"programName\": \"batman \",\n        \"programDescription\": \"string\",\n        \"online\": true\n    },\n    {\n        \"programId\": 4956,\n        \"programName\": \"ironman\",\n        \"programDescription\": \"string\",\n        \"online\": true\n    },\n    {\n        \"programId\": 4957,\n        \"programName\": \"java\",\n        \"programDescription\": \"core java\",\n        \"online\": true\n    },\n    {\n        \"programId\": 4958,\n        \"programName\": \"Multipal Digit Testing\",\n        \"programDescription\": \"Program ID Testing\",\n        \"online\": true\n    },\n    {\n        \"programId\": 4959,\n        \"programName\": \"batman \",\n        \"programDescription\": \"string\",\n        \"online\": true\n    },\n    {\n        \"programId\": 4960,\n        \"programName\": \"ironman\",\n        \"programDescription\": \"string\",\n        \"online\": true\n    },\n    {\n        \"programId\": 4961,\n        \"programName\": \"java\",\n        \"programDescription\": \"core java\",\n        \"online\": true\n    },\n    {\n        \"programId\": 4962,\n        \"programName\": \"Multipal Digit Testing\",\n        \"programDescription\": \"Program ID Testing\",\n        \"online\": true\n    },\n    {\n        \"programId\": 4963,\n        \"programName\": \"Testing\",\n        \"programDescription\": \"Testing\",\n        \"online\": true\n    },\n    {\n        \"programId\": 4964,\n        \"programName\": \"batman \",\n        \"programDescription\": \"string\",\n        \"online\": true\n    },\n    {\n        \"programId\": 4965,\n        \"programName\": \"ironman\",\n        \"programDescription\": \"string\",\n        \"online\": true\n    },\n    {\n        \"programId\": 4966,\n        \"programName\": \"java\",\n        \"programDescription\": \"core java\",\n        \"online\": true\n    },\n    {\n        \"programId\": 4967,\n        \"programName\": \"Multipal Digit Testing\",\n        \"programDescription\": \"Program ID Testing\",\n        \"online\": true\n    },\n    {\n        \"programId\": 4968,\n        \"programName\": \"batman \",\n        \"programDescription\": \"string\",\n        \"online\": true\n    },\n    {\n        \"programId\": 4969,\n        \"programName\": \"ironman\",\n        \"programDescription\": \"string\",\n        \"online\": true\n    },\n    {\n        \"programId\": 4970,\n        \"programName\": \"java\",\n        \"programDescription\": \"core java\",\n        \"online\": true\n    },\n    {\n        \"programId\": 4971,\n        \"programName\": \"Multipal Digit Testing\",\n        \"programDescription\": \"Program ID Testing\",\n        \"online\": true\n    },\n    {\n        \"programId\": 4972,\n        \"programName\": \"batman \",\n        \"programDescription\": \"string\",\n        \"online\": true\n    },\n    {\n        \"programId\": 4973,\n        \"programName\": \"ironman\",\n        \"programDescription\": \"string\",\n        \"online\": true\n    },\n    {\n        \"programId\": 4974,\n        \"programName\": \"java\",\n        \"programDescription\": \"core java\",\n        \"online\": true\n    },\n    {\n        \"programId\": 4975,\n        \"programName\": \"Multipal Digit Testing\",\n        \"programDescription\": \"Program ID Testing\",\n        \"online\": true\n    },\n    {\n        \"programId\": 4976,\n        \"programName\": \"batman \",\n        \"programDescription\": \"string\",\n        \"online\": true\n    },\n    {\n        \"programId\": 4977,\n        \"programName\": \"ironman\",\n        \"programDescription\": \"string\",\n        \"online\": true\n    },\n    {\n        \"programId\": 4978,\n        \"programName\": \"java\",\n        \"programDescription\": \"core java\",\n        \"online\": true\n    },\n    {\n        \"programId\": 4979,\n        \"programName\": \"Multipal Digit Testing\",\n        \"programDescription\": \"Program ID Testing\",\n        \"online\": true\n    },\n    {\n        \"programId\": 4980,\n        \"programName\": \"batman \",\n        \"programDescription\": \"string\",\n        \"online\": true\n    },\n    {\n        \"programId\": 4981,\n        \"programName\": \"ironman\",\n        \"programDescription\": \"string\",\n        \"online\": true\n    },\n    {\n        \"programId\": 4983,\n        \"programName\": \"Multipal Digit Testing\",\n        \"programDescription\": \"Program ID Testing\",\n        \"online\": true\n    },\n    {\n        \"programId\": 4984,\n        \"programName\": \"Testing\",\n        \"programDescription\": \"Testing\",\n        \"online\": true\n    },\n    {\n        \"programId\": 4985,\n        \"programName\": \"{\\n    \\\"online\\\": true,\\n    \\\"programDescription\\\": \\\"Testing\\\",\\n    \\\"programName\\\": \\\"Testing\\\"\\n\\n}\",\n        \"programDescription\": null,\n        \"online\": false\n    },\n    {\n        \"programId\": 4986,\n        \"programName\": \"batman \",\n        \"programDescription\": \"string\",\n        \"online\": true\n    },\n    {\n        \"programId\": 4987,\n        \"programName\": \"ironman\",\n        \"programDescription\": \"string\",\n        \"online\": true\n    },\n    {\n        \"programId\": 4988,\n        \"programName\": \"java\",\n        \"programDescription\": \"core java\",\n        \"online\": true\n    },\n    {\n        \"programId\": 4989,\n        \"programName\": \"Multipal Digit Testing\",\n        \"programDescription\": \"Program ID Testing\",\n        \"online\": true\n    },\n    {\n        \"programId\": 4990,\n        \"programName\": \"batman \",\n        \"programDescription\": \"string\",\n        \"online\": true\n    },\n    {\n        \"programId\": 4991,\n        \"programName\": \"ironman\",\n        \"programDescription\": \"string\",\n        \"online\": true\n    },\n    {\n        \"programId\": 4992,\n        \"programName\": \"java\",\n        \"programDescription\": \"core java\",\n        \"online\": true\n    },\n    {\n        \"programId\": 4993,\n        \"programName\": \"Multipal Digit Testing\",\n        \"programDescription\": \"Program ID Testing\",\n        \"online\": true\n    },\n    {\n        \"programId\": 4994,\n        \"programName\": \"batman \",\n        \"programDescription\": \"string\",\n        \"online\": true\n    },\n    {\n        \"programId\": 4995,\n        \"programName\": \"ironman\",\n        \"programDescription\": \"string\",\n        \"online\": true\n    },\n    {\n        \"programId\": 4996,\n        \"programName\": \"java\",\n        \"programDescription\": \"core java\",\n        \"online\": true\n    },\n    {\n        \"programId\": 4997,\n        \"programName\": \"Multipal Digit Testing\",\n        \"programDescription\": \"Program ID Testing\",\n        \"online\": true\n    },\n    {\n        \"programId\": 4998,\n        \"programName\": \"batman \",\n        \"programDescription\": \"string\",\n        \"online\": true\n    },\n    {\n        \"programId\": 4999,\n        \"programName\": \"ironman\",\n        \"programDescription\": \"string\",\n        \"online\": true\n    },\n    {\n        \"programId\": 9246,\n        \"programName\": \"yes updated\",\n        \"programDescription\": \"is it updated\",\n        \"online\": true\n    },\n    {\n        \"programId\": 9247,\n        \"programName\": \"yes yes yes updated\",\n        \"programDescription\": \"is it updated\",\n        \"online\": true\n    },\n    {\n        \"programId\": 5003,\n        \"programName\": \"Cypress\",\n        \"programDescription\": \"Testing edited\",\n        \"online\": false\n    },\n    {\n        \"programId\": 5007,\n        \"programName\": \"CoralDraw\",\n        \"programDescription\": \"Testing edited\",\n        \"online\": true\n    },\n    {\n        \"programId\": 5008,\n        \"programName\": \"Adobe Reader\",\n        \"programDescription\": \"Testing edited\",\n        \"online\": true\n    },\n    {\n        \"programId\": 5009,\n        \"programName\": \"Java\",\n        \"programDescription\": \"Testing\",\n        \"online\": false\n    },\n    {\n        \"programId\": 5010,\n        \"programName\": \"Java Modified\",\n        \"programDescription\": \"Testing Modified\",\n        \"online\": false\n    },\n    {\n        \"programId\": 5011,\n        \"programName\": \"Csharp\",\n        \"programDescription\": \"Testing\",\n        \"online\": true\n    },\n    {\n        \"programId\": 5012,\n        \"programName\": \"Csharp Modified\",\n        \"programDescription\": \"Testing Modified\",\n        \"online\": true\n    },\n    {\n        \"programId\": 5013,\n        \"programName\": \"Cypress\",\n        \"programDescription\": \"Testing edited\",\n        \"online\": false\n    },\n    {\n        \"programId\": 5014,\n        \"programName\": \"Cypress Modified\",\n        \"programDescription\": \"Testing edited Modified\",\n        \"online\": false\n    },\n    {\n        \"programId\": 9319,\n        \"programName\": \"QA\",\n        \"programDescription\": \"BASICS\",\n        \"online\": true\n    },\n    {\n        \"programId\": 5016,\n        \"programName\": \"CoralDraw Modified\",\n        \"programDescription\": \"Testing edited Modified\",\n        \"online\": true\n    },\n    {\n        \"programId\": 5017,\n        \"programName\": \"Adobe Reader\",\n        \"programDescription\": \"Testing edited\",\n        \"online\": true\n    },\n    {\n        \"programId\": 5018,\n        \"programName\": \"Adobe Reader Modified\",\n        \"programDescription\": \"Testing edited Modified\",\n        \"online\": true\n    },\n    {\n        \"programId\": 5019,\n        \"programName\": \"batman\",\n        \"programDescription\": \"string\",\n        \"online\": true\n    },\n    {\n        \"programId\": 5020,\n        \"programName\": \"batman\",\n        \"programDescription\": \"string\",\n        \"online\": true\n    },\n    {\n        \"programId\": 5021,\n        \"programName\": \"batman\",\n        \"programDescription\": \"string\",\n        \"online\": true\n    },\n    {\n        \"programId\": 5022,\n        \"programName\": \"Java 9 Training\",\n        \"programDescription\": \"Java 9 Training\",\n        \"online\": false\n    },\n    {\n        \"programId\": 5023,\n        \"programName\": \"Java 9 Training Modified\",\n        \"programDescription\": \"Java 9 Training Modified\",\n        \"online\": false\n    },\n    {\n        \"programId\": 5024,\n        \"programName\": \"Java 10 Training\",\n        \"programDescription\": \"Java 10 Training\",\n        \"online\": false\n    },\n    {\n        \"programId\": 5045,\n        \"programName\": \"PT2\",\n        \"programDescription\": \"TestNG\",\n        \"online\": true\n    },\n    {\n        \"programId\": 5027,\n        \"programName\": \"google learner\",\n        \"programDescription\": null,\n        \"online\": false\n    },\n    {\n        \"programId\": 5028,\n        \"programName\": \"batman \",\n        \"programDescription\": \"string\",\n        \"online\": true\n    },\n    {\n        \"programId\": 5029,\n        \"programName\": \"ironman\",\n        \"programDescription\": \"string\",\n        \"online\": true\n    },\n    {\n        \"programId\": 5030,\n        \"programName\": \"java\",\n        \"programDescription\": \"core java\",\n        \"online\": true\n    },\n    {\n        \"programId\": 5031,\n        \"programName\": \"Multipal Digit Testing\",\n        \"programDescription\": \"Program ID Testing\",\n        \"online\": true\n    },\n    {\n        \"programId\": 5032,\n        \"programName\": \"google learnering\",\n        \"programDescription\": null,\n        \"online\": false\n    },\n    {\n        \"programId\": 5033,\n        \"programName\": \"google \",\n        \"programDescription\": null,\n        \"online\": false\n    },\n    {\n        \"programId\": 5046,\n        \"programName\": \"PT1\",\n        \"programDescription\": \"TestNG\",\n        \"online\": true\n    },\n    {\n        \"programId\": 5034,\n        \"programName\": \"updating Testing for 5034\",\n        \"programDescription\": \" updating request thro AutomationTesting for 5034\",\n        \"online\": true\n    },\n    {\n        \"programId\": 5004,\n        \"programName\": \"CoralDraw\",\n        \"programDescription\": \"Testing edited\",\n        \"online\": true\n    },\n    {\n        \"programId\": 5036,\n        \"programName\": \"\\\"Framework\\\"\",\n        \"programDescription\": \"\\\"Cucumber\\\"\",\n        \"online\": false\n    },\n    {\n        \"programId\": 5037,\n        \"programName\": \"Developer\",\n        \"programDescription\": \"dd\",\n        \"online\": true\n    },\n    {\n        \"programId\": 5047,\n        \"programName\": \"PT1\",\n        \"programDescription\": \"TestNG\",\n        \"online\": true\n    },\n    {\n        \"programId\": 5005,\n        \"programName\": \"Adobe Reader\",\n        \"programDescription\": \"Testing edited\",\n        \"online\": true\n    },\n    {\n        \"programId\": 5006,\n        \"programName\": \"Cucumber\",\n        \"programDescription\": \"Testing edited\",\n        \"online\": true\n    },\n    {\n        \"programId\": 5041,\n        \"programName\": \"Cuucumber learning\",\n        \"programDescription\": \"Mathematics\",\n        \"online\": false\n    },\n    {\n        \"programId\": 5042,\n        \"programName\": \"Cuucumber learning\",\n        \"programDescription\": \"Mathematics\",\n        \"online\": false\n    },\n    {\n        \"programId\": 5043,\n        \"programName\": \"Cuucumber learning\",\n        \"programDescription\": \"Mathematics\",\n        \"online\": false\n    },\n    {\n        \"programId\": 5048,\n        \"programName\": \"PT1\",\n        \"programDescription\": \"TestNG\",\n        \"online\": true\n    },\n    {\n        \"programId\": 5049,\n        \"programName\": \"PT1\",\n        \"programDescription\": \"TestNG\",\n        \"online\": true\n    },\n    {\n        \"programId\": 5050,\n        \"programName\": \"Java\",\n        \"programDescription\": \"Testing\",\n        \"online\": false\n    },\n    {\n        \"programId\": 5051,\n        \"programName\": \"Csharp\",\n        \"programDescription\": \"Testing\",\n        \"online\": true\n    },\n    {\n        \"programId\": 5052,\n        \"programName\": \"Cypress\",\n        \"programDescription\": \"Testing edited\",\n        \"online\": false\n    },\n    {\n        \"programId\": 5053,\n        \"programName\": \"CoralDraw\",\n        \"programDescription\": \"Testing edited\",\n        \"online\": true\n    },\n    {\n        \"programId\": 5054,\n        \"programName\": \"Adobe Reader\",\n        \"programDescription\": \"Testing edited\",\n        \"online\": true\n    },\n    {\n        \"programId\": 5093,\n        \"programName\": \"Java\",\n        \"programDescription\": \"Testing\",\n        \"online\": false\n    },\n    {\n        \"programId\": 5095,\n        \"programName\": \"Csharp\",\n        \"programDescription\": \"Testing\",\n        \"online\": true\n    },\n    {\n        \"programId\": 5097,\n        \"programName\": \"Cypress\",\n        \"programDescription\": \"Testing edited\",\n        \"online\": false\n    },\n    {\n        \"programId\": 5099,\n        \"programName\": \"CoralDraw\",\n        \"programDescription\": \"Testing edited\",\n        \"online\": true\n    },\n    {\n        \"programId\": 5101,\n        \"programName\": \"Adobe Reader\",\n        \"programDescription\": \"Testing edited\",\n        \"online\": true\n    },\n    {\n        \"programId\": 5103,\n        \"programName\": \"Java\",\n        \"programDescription\": \"Testing\",\n        \"online\": false\n    },\n    {\n        \"programId\": 5104,\n        \"programName\": \"Java Modified\",\n        \"programDescription\": \"Testing Modified\",\n        \"online\": false\n    },\n    {\n        \"programId\": 5105,\n        \"programName\": \"Csharp\",\n        \"programDescription\": \"Testing\",\n        \"online\": true\n    },\n    {\n        \"programId\": 5106,\n        \"programName\": \"Csharp Modified\",\n        \"programDescription\": \"Testing Modified\",\n        \"online\": true\n    },\n    {\n        \"programId\": 5107,\n        \"programName\": \"Cypress\",\n        \"programDescription\": \"Testing edited\",\n        \"online\": false\n    },\n    {\n        \"programId\": 5108,\n        \"programName\": \"Cypress Modified\",\n        \"programDescription\": \"Testing edited Modified\",\n        \"online\": false\n    },\n    {\n        \"programId\": 5109,\n        \"programName\": \"CoralDraw\",\n        \"programDescription\": \"Testing edited\",\n        \"online\": true\n    },\n    {\n        \"programId\": 5371,\n        \"programName\": \"my name\",\n        \"programDescription\": \"mytest\",\n        \"online\": true\n    },\n    {\n        \"programId\": 5372,\n        \"programName\": \"Monali\",\n        \"programDescription\": \"TestNG\",\n        \"online\": true\n    },\n    {\n        \"programId\": 5373,\n        \"programName\": \"Monali\",\n        \"programDescription\": \"TestNG\",\n        \"online\": true\n    },\n    {\n        \"programId\": 5376,\n        \"programName\": \"Adobe Reader\",\n        \"programDescription\": \"Testing edited\",\n        \"online\": true\n    },\n    {\n        \"programId\": 5378,\n        \"programName\": \"Selenium\",\n        \"programDescription\": \"Testing\",\n        \"online\": true\n    },\n    {\n        \"programId\": 5112,\n        \"programName\": \"Adobe Reader Modified\",\n        \"programDescription\": \"Testing edited Modified\",\n        \"online\": true\n    },\n    {\n        \"programId\": 5113,\n        \"programName\": \"string\",\n        \"programDescription\": \"straw\",\n        \"online\": true\n    },\n    {\n        \"programId\": 7383,\n        \"programName\": \"Testing modified\",\n        \"programDescription\": \"Testing modified\",\n        \"online\": true\n    },\n    {\n        \"programId\": 5116,\n        \"programName\": \"SDET\",\n        \"programDescription\": \"Automation Testing\",\n        \"online\": true\n    },\n    {\n        \"programId\": 5117,\n        \"programName\": \"SDET\",\n        \"programDescription\": \"Automation Testing\",\n        \"online\": true\n    },\n    {\n        \"programId\": 7384,\n        \"programName\": \"Angular\",\n        \"programDescription\": \"AngularStudy\",\n        \"online\": true\n    },\n    {\n        \"programId\": 5119,\n        \"programName\": \"SDET\",\n        \"programDescription\": \"Automation Testing\",\n        \"online\": true\n    },\n    {\n        \"programId\": 7385,\n        \"programName\": \"testing\",\n        \"programDescription\": \"testing\",\n        \"online\": true\n    },\n    {\n        \"programId\": 5120,\n        \"programName\": \"SDET\",\n        \"programDescription\": \"Automation testing\",\n        \"online\": true\n    },\n    {\n        \"programId\": 7387,\n        \"programName\": \"Angular\",\n        \"programDescription\": \"AngularStudy\",\n        \"online\": true\n    },\n    {\n        \"programId\": 5121,\n        \"programName\": \"DS\",\n        \"programDescription\": \"data science\",\n        \"online\": false\n    },\n    {\n        \"programId\": 5122,\n        \"programName\": \"SDET\",\n        \"programDescription\": \"Test\",\n        \"online\": false\n    },\n    {\n        \"programId\": 5123,\n        \"programName\": \"DS\",\n        \"programDescription\": \"data science\",\n        \"online\": false\n    },\n    {\n        \"programId\": 5124,\n        \"programName\": \"SDET\",\n        \"programDescription\": \"Automation testing\",\n        \"online\": true\n    },\n    {\n        \"programId\": 5125,\n        \"programName\": \"DS\",\n        \"programDescription\": \"data science\",\n        \"online\": false\n    },\n    {\n        \"programId\": 5126,\n        \"programName\": \"DS\",\n        \"programDescription\": \"data science\",\n        \"online\": false\n    },\n    {\n        \"programId\": 7388,\n        \"programName\": \"Testing modified from postman\",\n        \"programDescription\": \"Testing modified\",\n        \"online\": true\n    },\n    {\n        \"programId\": 5128,\n        \"programName\": \"cucumber learning modified\",\n        \"programDescription\": \"cucumber learning\",\n        \"online\": false\n    },\n    {\n        \"programId\": 5129,\n        \"programName\": \"SDET\",\n        \"programDescription\": \"Automation testing\",\n        \"online\": true\n    },\n    {\n        \"programId\": 5130,\n        \"programName\": \"DS\",\n        \"programDescription\": \"data science\",\n        \"online\": false\n    },\n    {\n        \"programId\": 7386,\n        \"programName\": \"testing modify\",\n        \"programDescription\": \"testing modify\",\n        \"online\": true\n    },\n    {\n        \"programId\": 5132,\n        \"programName\": \"cucumber learning modified\",\n        \"programDescription\": \"cucumber learning\",\n        \"online\": false\n    },\n    {\n        \"programId\": 5133,\n        \"programName\": \"SDET\",\n        \"programDescription\": \"Automation testing\",\n        \"online\": true\n    },\n    {\n        \"programId\": 5134,\n        \"programName\": \"DS\",\n        \"programDescription\": \"data science\",\n        \"online\": false\n    },\n    {\n        \"programId\": 5135,\n        \"programName\": \"DS\",\n        \"programDescription\": \"data science\",\n        \"online\": false\n    },\n    {\n        \"programId\": 5136,\n        \"programName\": \"SDET\",\n        \"programDescription\": \"Automation testing\",\n        \"online\": true\n    },\n    {\n        \"programId\": 5137,\n        \"programName\": \"DS\",\n        \"programDescription\": \"data science\",\n        \"online\": false\n    },\n    {\n        \"programId\": 5138,\n        \"programName\": \"DS\",\n        \"programDescription\": \"data science\",\n        \"online\": false\n    },\n    {\n        \"programId\": 5139,\n        \"programName\": \"SDET\",\n        \"programDescription\": \"Automation testing\",\n        \"online\": true\n    },\n    {\n        \"programId\": 5140,\n        \"programName\": \"DS\",\n        \"programDescription\": \"data science\",\n        \"online\": false\n    },\n    {\n        \"programId\": 5141,\n        \"programName\": \"DS\",\n        \"programDescription\": \"data science\",\n        \"online\": false\n    },\n    {\n        \"programId\": 7389,\n        \"programName\": \"testing\",\n        \"programDescription\": \"testing\",\n        \"online\": true\n    },\n    {\n        \"programId\": 5143,\n        \"programName\": \"cucumber learning modified\",\n        \"programDescription\": \"cucumber learning\",\n        \"online\": false\n    },\n    {\n        \"programId\": 5144,\n        \"programName\": \"SDET\",\n        \"programDescription\": \"Automation testing\",\n        \"online\": true\n    },\n    {\n        \"programId\": 5145,\n        \"programName\": \"DS\",\n        \"programDescription\": \"data science\",\n        \"online\": false\n    },\n    {\n        \"programId\": 7390,\n        \"programName\": \"testing modify\",\n        \"programDescription\": \"testing modify\",\n        \"online\": true\n    },\n    {\n        \"programId\": 5147,\n        \"programName\": \"cucumber learning modified\",\n        \"programDescription\": \"cucumber learning\",\n        \"online\": false\n    },\n    {\n        \"programId\": 7416,\n        \"programName\": \"Anjali\",\n        \"programDescription\": \"anjali\",\n        \"online\": true\n    },\n    {\n        \"programId\": 7417,\n        \"programName\": \"Anjali\",\n        \"programDescription\": \"anjali\",\n        \"online\": true\n    },\n    {\n        \"programId\": 5148,\n        \"programName\": \"SDET\",\n        \"programDescription\": \"api\",\n        \"online\": true\n    },\n    {\n        \"programId\": 5149,\n        \"programName\": \"SDET\",\n        \"programDescription\": \"api\",\n        \"online\": true\n    },\n    {\n        \"programId\": 5150,\n        \"programName\": \"batman\",\n        \"programDescription\": \"string\",\n        \"online\": true\n    },\n    {\n        \"programId\": 5151,\n        \"programName\": \"SDET\",\n        \"programDescription\": \"Automation testing\",\n        \"online\": true\n    },\n    {\n        \"programId\": 5152,\n        \"programName\": \"SDET\",\n        \"programDescription\": \"\",\n        \"online\": true\n    },\n    {\n        \"programId\": 5153,\n        \"programName\": \"DS\",\n        \"programDescription\": \"data science\",\n        \"online\": false\n    },\n    {\n        \"programId\": 7418,\n        \"programName\": \"Anjali\",\n        \"programDescription\": \"anjali\",\n        \"online\": true\n    },\n    {\n        \"programId\": 5155,\n        \"programName\": \"SDET\",\n        \"programDescription\": \"Automation testing\",\n        \"online\": true\n    },\n    {\n        \"programId\": 5156,\n        \"programName\": \"SDET\",\n        \"programDescription\": \"\",\n        \"online\": true\n    },\n    {\n        \"programId\": 5157,\n        \"programName\": \"DS\",\n        \"programDescription\": \"data science\",\n        \"online\": false\n    },\n    {\n        \"programId\": 5158,\n        \"programName\": \"Testing\",\n        \"programDescription\": \"Testing\",\n        \"online\": true\n    },\n    {\n        \"programId\": 5165,\n        \"programName\": \"Java 9 Training\",\n        \"programDescription\": \"Java 9 Training\",\n        \"online\": false\n    },\n    {\n        \"programId\": 5166,\n        \"programName\": \"Java 10 Training\",\n        \"programDescription\": \"Java 10 Training\",\n        \"online\": false\n    },\n    {\n        \"programId\": 7419,\n        \"programName\": \"Anjali\",\n        \"programDescription\": \"anjali\",\n        \"online\": true\n    },\n    {\n        \"programId\": 5169,\n        \"programName\": \"Rasgulla\",\n        \"programDescription\": \"string\",\n        \"online\": true\n    },\n    {\n        \"programId\": 5170,\n        \"programName\": \"Java\",\n        \"programDescription\": \"Testing\",\n        \"online\": true\n    },\n    {\n        \"programId\": 5171,\n        \"programName\": \"Adobe Reader\",\n        \"programDescription\": \"Testing edited\",\n        \"online\": true\n    },\n    {\n        \"programId\": 5172,\n        \"programName\": \"Cucumber\",\n        \"programDescription\": \"Testing edited\",\n        \"online\": true\n    },\n    {\n        \"programId\": 5173,\n        \"programName\": \"Java\",\n        \"programDescription\": \"Testing\",\n        \"online\": true\n    },\n    {\n        \"programId\": 5174,\n        \"programName\": \"Adobe Reader\",\n        \"programDescription\": \"Testing edited\",\n        \"online\": true\n    },\n    {\n        \"programId\": 5175,\n        \"programName\": \"Cucumber\",\n        \"programDescription\": \"Testing edited\",\n        \"online\": true\n    },\n    {\n        \"programId\": 5176,\n        \"programName\": \"Java\",\n        \"programDescription\": \"Testing\",\n        \"online\": true\n    },\n    {\n        \"programId\": 5177,\n        \"programName\": \"Adobe Reader\",\n        \"programDescription\": \"Testing edited\",\n        \"online\": true\n    },\n    {\n        \"programId\": 5178,\n        \"programName\": \"Cucumber\",\n        \"programDescription\": \"Testing edited\",\n        \"online\": true\n    },\n    {\n        \"programId\": 5179,\n        \"programName\": \"Java\",\n        \"programDescription\": \"Testing\",\n        \"online\": true\n    },\n    {\n        \"programId\": 5180,\n        \"programName\": \"Adobe Reader\",\n        \"programDescription\": \"Testing edited\",\n        \"online\": true\n    },\n    {\n        \"programId\": 5181,\n        \"programName\": \"Cucumber\",\n        \"programDescription\": \"Testing edited\",\n        \"online\": true\n    },\n    {\n        \"programId\": 5182,\n        \"programName\": \"Java\",\n        \"programDescription\": \"Testing\",\n        \"online\": true\n    },\n    {\n        \"programId\": 5183,\n        \"programName\": \"Adobe Reader\",\n        \"programDescription\": \"Testing edited\",\n        \"online\": true\n    },\n    {\n        \"programId\": 5184,\n        \"programName\": \"Cucumber\",\n        \"programDescription\": \"Testing edited\",\n        \"online\": true\n    },\n    {\n        \"programId\": 5185,\n        \"programName\": \"Java\",\n        \"programDescription\": \"Testing\",\n        \"online\": true\n    },\n    {\n        \"programId\": 5186,\n        \"programName\": \"Adobe Reader\",\n        \"programDescription\": \"Testing edited\",\n        \"online\": true\n    },\n    {\n        \"programId\": 5187,\n        \"programName\": \"Cucumber\",\n        \"programDescription\": \"Testing edited\",\n        \"online\": true\n    },\n    {\n        \"programId\": 5188,\n        \"programName\": \"Java\",\n        \"programDescription\": \"Testing\",\n        \"online\": true\n    },\n    {\n        \"programId\": 5189,\n        \"programName\": \"Java Modified\",\n        \"programDescription\": \"Testing Modified\",\n        \"online\": true\n    },\n    {\n        \"programId\": 5190,\n        \"programName\": \"Adobe Reader\",\n        \"programDescription\": \"Testing edited\",\n        \"online\": true\n    },\n    {\n        \"programId\": 5191,\n        \"programName\": \"Adobe Reader Modified\",\n        \"programDescription\": \"Testing edited Modified\",\n        \"online\": true\n    },\n    {\n        \"programId\": 5192,\n        \"programName\": \"Cucumber\",\n        \"programDescription\": \"Testing edited\",\n        \"online\": true\n    },\n    {\n        \"programId\": 5193,\n        \"programName\": \"Cucumber Modified\",\n        \"programDescription\": \"Testing edited Modified\",\n        \"online\": true\n    },\n    {\n        \"programId\": 5194,\n        \"programName\": \"Java\",\n        \"programDescription\": \"Testing\",\n        \"online\": true\n    },\n    {\n        \"programId\": 5195,\n        \"programName\": \"Java Modified\",\n        \"programDescription\": \"Testing Modified\",\n        \"online\": true\n    },\n    {\n        \"programId\": 5196,\n        \"programName\": \"Adobe Reader\",\n        \"programDescription\": \"Testing edited\",\n        \"online\": true\n    },\n    {\n        \"programId\": 5197,\n        \"programName\": \"Adobe Reader Modified\",\n        \"programDescription\": \"Testing edited Modified\",\n        \"online\": true\n    },\n    {\n        \"programId\": 5198,\n        \"programName\": \"Cucumber\",\n        \"programDescription\": \"Testing edited\",\n        \"online\": true\n    },\n    {\n        \"programId\": 5199,\n        \"programName\": \"Cucumber Modified\",\n        \"programDescription\": \"Testing edited Modified\",\n        \"online\": true\n    },\n    {\n        \"programId\": 5200,\n        \"programName\": \"Java\",\n        \"programDescription\": \"Testing\",\n        \"online\": true\n    },\n    {\n        \"programId\": 5201,\n        \"programName\": \"Java Modified\",\n        \"programDescription\": \"Testing Modified\",\n        \"online\": true\n    },\n    {\n        \"programId\": 5202,\n        \"programName\": \"Adobe Reader\",\n        \"programDescription\": \"Testing edited\",\n        \"online\": true\n    },\n    {\n        \"programId\": 5203,\n        \"programName\": \"Adobe Reader Modified\",\n        \"programDescription\": \"Testing edited Modified\",\n        \"online\": true\n    },\n    {\n        \"programId\": 5204,\n        \"programName\": \"Cucumber\",\n        \"programDescription\": \"Testing edited\",\n        \"online\": true\n    },\n    {\n        \"programId\": 5205,\n        \"programName\": \"Cucumber Modified\",\n        \"programDescription\": \"Testing edited Modified\",\n        \"online\": true\n    },\n    {\n        \"programId\": 5206,\n        \"programName\": \"Java\",\n        \"programDescription\": \"Testing\",\n        \"online\": true\n    },\n    {\n        \"programId\": 5207,\n        \"programName\": \"Java Modified\",\n        \"programDescription\": \"Testing Modified\",\n        \"online\": true\n    },\n    {\n        \"programId\": 5208,\n        \"programName\": \"Adobe Reader\",\n        \"programDescription\": \"Testing edited\",\n        \"online\": true\n    },\n    {\n        \"programId\": 5209,\n        \"programName\": \"Adobe Reader Modified\",\n        \"programDescription\": \"Testing edited Modified\",\n        \"online\": true\n    },\n    {\n        \"programId\": 5210,\n        \"programName\": \"Cucumber\",\n        \"programDescription\": \"Testing edited\",\n        \"online\": true\n    },\n    {\n        \"programId\": 5211,\n        \"programName\": \"Cucumber Modified\",\n        \"programDescription\": \"Testing edited Modified\",\n        \"online\": true\n    },\n    {\n        \"programId\": 5212,\n        \"programName\": \"Java\",\n        \"programDescription\": \"Testing\",\n        \"online\": true\n    },\n    {\n        \"programId\": 5213,\n        \"programName\": \"Adobe Reader\",\n        \"programDescription\": \"Testing edited\",\n        \"online\": true\n    },\n    {\n        \"programId\": 5214,\n        \"programName\": \"Cucumber\",\n        \"programDescription\": \"Testing edited\",\n        \"online\": true\n    },\n    {\n        \"programId\": 5215,\n        \"programName\": \"Java\",\n        \"programDescription\": \"Testing\",\n        \"online\": true\n    },\n    {\n        \"programId\": 5216,\n        \"programName\": \"Java Modified\",\n        \"programDescription\": \"Testing Modified\",\n        \"online\": true\n    },\n    {\n        \"programId\": 5217,\n        \"programName\": \"Adobe Reader\",\n        \"programDescription\": \"Testing edited\",\n        \"online\": true\n    },\n    {\n        \"programId\": 5218,\n        \"programName\": \"Adobe Reader Modified\",\n        \"programDescription\": \"Testing edited Modified\",\n        \"online\": true\n    },\n    {\n        \"programId\": 5219,\n        \"programName\": \"Cucumber\",\n        \"programDescription\": \"Testing edited\",\n        \"online\": true\n    },\n    {\n        \"programId\": 5220,\n        \"programName\": \"Cucumber Modified\",\n        \"programDescription\": \"Testing edited Modified\",\n        \"online\": true\n    },\n    {\n        \"programId\": 5221,\n        \"programName\": \"Java\",\n        \"programDescription\": \"Testing\",\n        \"online\": true\n    },\n    {\n        \"programId\": 5222,\n        \"programName\": \"Java Modified\",\n        \"programDescription\": \"Testing Modified\",\n        \"online\": true\n    },\n    {\n        \"programId\": 5223,\n        \"programName\": \"Adobe Reader\",\n        \"programDescription\": \"Testing edited\",\n        \"online\": true\n    },\n    {\n        \"programId\": 5224,\n        \"programName\": \"Adobe Reader Modified\",\n        \"programDescription\": \"Testing edited Modified\",\n        \"online\": true\n    },\n    {\n        \"programId\": 5225,\n        \"programName\": \"Cucumber\",\n        \"programDescription\": \"Testing edited\",\n        \"online\": true\n    },\n    {\n        \"programId\": 5226,\n        \"programName\": \"Cucumber Modified\",\n        \"programDescription\": \"Testing edited Modified\",\n        \"online\": true\n    },\n    {\n        \"programId\": 5227,\n        \"programName\": \"Selenium Modified\",\n        \"programDescription\": \"Testing Modified\",\n        \"online\": true\n    },\n    {\n        \"programId\": 5228,\n        \"programName\": \"Java\",\n        \"programDescription\": \"Testing\",\n        \"online\": false\n    },\n    {\n        \"programId\": 5229,\n        \"programName\": \"Java Modified\",\n        \"programDescription\": \"Testing Modified\",\n        \"online\": false\n    },\n    {\n        \"programId\": 5230,\n        \"programName\": \"Csharp\",\n        \"programDescription\": \"Testing\",\n        \"online\": true\n    },\n    {\n        \"programId\": 5231,\n        \"programName\": \"Csharp Modified\",\n        \"programDescription\": \"Testing Modified\",\n        \"online\": true\n    },\n    {\n        \"programId\": 5232,\n        \"programName\": \"Cypress\",\n        \"programDescription\": \"Testing edited\",\n        \"online\": false\n    },\n    {\n        \"programId\": 5233,\n        \"programName\": \"Cypress Modified\",\n        \"programDescription\": \"Testing edited Modified\",\n        \"online\": false\n    },\n    {\n        \"programId\": 5234,\n        \"programName\": \"CoralDraw\",\n        \"programDescription\": \"Testing edited\",\n        \"online\": true\n    },\n    {\n        \"programId\": 5235,\n        \"programName\": \"CoralDraw Modified\",\n        \"programDescription\": \"Testing edited Modified\",\n        \"online\": true\n    },\n    {\n        \"programId\": 5236,\n        \"programName\": \"Adobe Reader\",\n        \"programDescription\": \"Testing edited\",\n        \"online\": true\n    },\n    {\n        \"programId\": 7420,\n        \"programName\": \"Test Program7426\",\n        \"programDescription\": \"Test Program7426\",\n        \"online\": true\n    },\n    {\n        \"programId\": 7431,\n        \"programName\": \"Sdet38\",\n        \"programDescription\": \"Postman\",\n        \"online\": false\n    },\n    {\n        \"programId\": 5237,\n        \"programName\": \"Adobe Reader Modified\",\n        \"programDescription\": \"Testing edited Modified\",\n        \"online\": true\n    },\n    {\n        \"programId\": 3006,\n        \"programName\": \"Cucumber\",\n        \"programDescription\": \"Testing edited\",\n        \"online\": true\n    },\n    {\n        \"programId\": 5238,\n        \"programName\": \"Cucumber Modified\",\n        \"programDescription\": \"Testing edited Modified\",\n        \"online\": true\n    },\n    {\n        \"programId\": 5239,\n        \"programName\": \"Selenium Modified\",\n        \"programDescription\": \"Testing Modified\",\n        \"online\": true\n    },\n    {\n        \"programId\": 5240,\n        \"programName\": \"Java\",\n        \"programDescription\": \"Testing\",\n        \"online\": false\n    },\n    {\n        \"programId\": 5241,\n        \"programName\": \"Java Modified\",\n        \"programDescription\": \"Testing Modified\",\n        \"online\": false\n    },\n    {\n        \"programId\": 5242,\n        \"programName\": \"Csharp\",\n        \"programDescription\": \"Testing\",\n        \"online\": true\n    },\n    {\n        \"programId\": 5243,\n        \"programName\": \"Csharp Modified\",\n        \"programDescription\": \"Testing Modified\",\n        \"online\": true\n    },\n    {\n        \"programId\": 5244,\n        \"programName\": \"Cypress\",\n        \"programDescription\": \"Testing edited\",\n        \"online\": false\n    },\n    {\n        \"programId\": 5245,\n        \"programName\": \"Cypress Modified\",\n        \"programDescription\": \"Testing edited Modified\",\n        \"online\": false\n    },\n    {\n        \"programId\": 5246,\n        \"programName\": \"CoralDraw\",\n        \"programDescription\": \"Testing edited\",\n        \"online\": true\n    },\n    {\n        \"programId\": 5247,\n        \"programName\": \"CoralDraw Modified\",\n        \"programDescription\": \"Testing edited Modified\",\n        \"online\": true\n    },\n    {\n        \"programId\": 5248,\n        \"programName\": \"Adobe Reader\",\n        \"programDescription\": \"Testing edited\",\n        \"online\": true\n    },\n    {\n        \"programId\": 5249,\n        \"programName\": \"Adobe Reader Modified\",\n        \"programDescription\": \"Testing edited Modified\",\n        \"online\": true\n    },\n    {\n        \"programId\": 5250,\n        \"programName\": \"Cucumber Modified\",\n        \"programDescription\": \"Testing edited Modified\",\n        \"online\": true\n    },\n    {\n        \"programId\": 5251,\n        \"programName\": \"Selenium Modified\",\n        \"programDescription\": \"Testing Modified\",\n        \"online\": true\n    },\n    {\n        \"programId\": 5252,\n        \"programName\": \"Java\",\n        \"programDescription\": \"Testing\",\n        \"online\": false\n    },\n    {\n        \"programId\": 5253,\n        \"programName\": \"Java Modified\",\n        \"programDescription\": \"Testing Modified\",\n        \"online\": false\n    },\n    {\n        \"programId\": 5254,\n        \"programName\": \"Csharp\",\n        \"programDescription\": \"Testing\",\n        \"online\": true\n    },\n    {\n        \"programId\": 5255,\n        \"programName\": \"Csharp Modified\",\n        \"programDescription\": \"Testing Modified\",\n        \"online\": true\n    },\n    {\n        \"programId\": 5256,\n        \"programName\": \"Cypress\",\n        \"programDescription\": \"Testing edited\",\n        \"online\": false\n    },\n    {\n        \"programId\": 5257,\n        \"programName\": \"Cypress Modified\",\n        \"programDescription\": \"Testing edited Modified\",\n        \"online\": false\n    },\n    {\n        \"programId\": 5258,\n        \"programName\": \"CoralDraw\",\n        \"programDescription\": \"Testing edited\",\n        \"online\": true\n    },\n    {\n        \"programId\": 5259,\n        \"programName\": \"CoralDraw Modified\",\n        \"programDescription\": \"Testing edited Modified\",\n        \"online\": true\n    },\n    {\n        \"programId\": 5260,\n        \"programName\": \"Adobe Reader\",\n        \"programDescription\": \"Testing edited\",\n        \"online\": true\n    },\n    {\n        \"programId\": 5261,\n        \"programName\": \"Adobe Reader Modified\",\n        \"programDescription\": \"Testing edited Modified\",\n        \"online\": true\n    },\n    {\n        \"programId\": 5262,\n        \"programName\": \"Cucumber Modified\",\n        \"programDescription\": \"Testing edited Modified\",\n        \"online\": true\n    },\n    {\n        \"programId\": 5263,\n        \"programName\": \"Java\",\n        \"programDescription\": \"Testing\",\n        \"online\": true\n    },\n    {\n        \"programId\": 5264,\n        \"programName\": \"Java Modified\",\n        \"programDescription\": \"Testing Modified\",\n        \"online\": true\n    },\n    {\n        \"programId\": 5265,\n        \"programName\": \"Adobe Reader\",\n        \"programDescription\": \"Testing edited\",\n        \"online\": true\n    },\n    {\n        \"programId\": 5266,\n        \"programName\": \"Adobe Reader Modified\",\n        \"programDescription\": \"Testing edited Modified\",\n        \"online\": true\n    },\n    {\n        \"programId\": 5267,\n        \"programName\": \"Cucumber\",\n        \"programDescription\": \"Testing edited\",\n        \"online\": true\n    },\n    {\n        \"programId\": 5268,\n        \"programName\": \"Cucumber Modified\",\n        \"programDescription\": \"Testing edited Modified\",\n        \"online\": true\n    },\n    {\n        \"programId\": 5269,\n        \"programName\": \"Java\",\n        \"programDescription\": \"Testing\",\n        \"online\": true\n    },\n    {\n        \"programId\": 5270,\n        \"programName\": \"Adobe Reader\",\n        \"programDescription\": \"Testing edited\",\n        \"online\": true\n    },\n    {\n        \"programId\": 5271,\n        \"programName\": \"Cucumber\",\n        \"programDescription\": \"Testing edited\",\n        \"online\": true\n    },\n    {\n        \"programId\": 5272,\n        \"programName\": \"Java\",\n        \"programDescription\": \"Testing\",\n        \"online\": true\n    },\n    {\n        \"programId\": 5273,\n        \"programName\": \"Adobe Reader\",\n        \"programDescription\": \"Testing edited\",\n        \"online\": true\n    },\n    {\n        \"programId\": 5274,\n        \"programName\": \"Cucumber\",\n        \"programDescription\": \"Testing edited\",\n        \"online\": true\n    },\n    {\n        \"programId\": 5275,\n        \"programName\": \"Java\",\n        \"programDescription\": \"Testing\",\n        \"online\": true\n    },\n    {\n        \"programId\": 5276,\n        \"programName\": \"Adobe Reader\",\n        \"programDescription\": \"Testing edited\",\n        \"online\": true\n    },\n    {\n        \"programId\": 5280,\n        \"programName\": \"Java\",\n        \"programDescription\": \"Testing\",\n        \"online\": true\n    },\n    {\n        \"programId\": 5281,\n        \"programName\": \"Adobe Reader\",\n        \"programDescription\": \"Testing edited\",\n        \"online\": true\n    },\n    {\n        \"programId\": 5285,\n        \"programName\": \"Java\",\n        \"programDescription\": \"Testing\",\n        \"online\": true\n    },\n    {\n        \"programId\": 5286,\n        \"programName\": \"Adobe Reader\",\n        \"programDescription\": \"Testing edited\",\n        \"online\": true\n    },\n    {\n        \"programId\": 5288,\n        \"programName\": \"Java\",\n        \"programDescription\": \"Testing\",\n        \"online\": true\n    },\n    {\n        \"programId\": 5289,\n        \"programName\": \"Adobe Reader\",\n        \"programDescription\": \"Testing edited\",\n        \"online\": true\n    },\n    {\n        \"programId\": 5291,\n        \"programName\": \"Java\",\n        \"programDescription\": \"Testing\",\n        \"online\": true\n    },\n    {\n        \"programId\": 5292,\n        \"programName\": \"Adobe Reader\",\n        \"programDescription\": \"Testing edited\",\n        \"online\": true\n    },\n    {\n        \"programId\": 5294,\n        \"programName\": \"Selenium Modified\",\n        \"programDescription\": \"Testing Modified\",\n        \"online\": true\n    },\n    {\n        \"programId\": 5295,\n        \"programName\": \"Java\",\n        \"programDescription\": \"Testing\",\n        \"online\": false\n    },\n    {\n        \"programId\": 5296,\n        \"programName\": \"Java Modified\",\n        \"programDescription\": \"Testing Modified\",\n        \"online\": false\n    },\n    {\n        \"programId\": 5297,\n        \"programName\": \"Csharp\",\n        \"programDescription\": \"Testing\",\n        \"online\": true\n    },\n    {\n        \"programId\": 5298,\n        \"programName\": \"Csharp Modified\",\n        \"programDescription\": \"Testing Modified\",\n        \"online\": true\n    },\n    {\n        \"programId\": 5299,\n        \"programName\": \"Cypress\",\n        \"programDescription\": \"Testing edited\",\n        \"online\": false\n    },\n    {\n        \"programId\": 5300,\n        \"programName\": \"Cypress Modified\",\n        \"programDescription\": \"Testing edited Modified\",\n        \"online\": false\n    },\n    {\n        \"programId\": 5301,\n        \"programName\": \"CoralDraw\",\n        \"programDescription\": \"Testing edited\",\n        \"online\": true\n    },\n    {\n        \"programId\": 5302,\n        \"programName\": \"CoralDraw Modified\",\n        \"programDescription\": \"Testing edited Modified\",\n        \"online\": true\n    },\n    {\n        \"programId\": 5303,\n        \"programName\": \"Adobe Reader\",\n        \"programDescription\": \"Testing edited\",\n        \"online\": true\n    },\n    {\n        \"programId\": 5304,\n        \"programName\": \"Adobe Reader Modified\",\n        \"programDescription\": \"Testing edited Modified\",\n        \"online\": true\n    },\n    {\n        \"programId\": 5305,\n        \"programName\": \"Cucumber Modified\",\n        \"programDescription\": \"Testing edited Modified\",\n        \"online\": true\n    },\n    {\n        \"programId\": 5306,\n        \"programName\": \"Java\",\n        \"programDescription\": \"Testing\",\n        \"online\": true\n    },\n    {\n        \"programId\": 5307,\n        \"programName\": \"Adobe Reader\",\n        \"programDescription\": \"Testing edited\",\n        \"online\": true\n    },\n    {\n        \"programId\": 5309,\n        \"programName\": \"Selenium Modified\",\n        \"programDescription\": \"Testing Modified\",\n        \"online\": true\n    },\n    {\n        \"programId\": 5310,\n        \"programName\": \"Java\",\n        \"programDescription\": \"Testing\",\n        \"online\": true\n    },\n    {\n        \"programId\": 5311,\n        \"programName\": \"Java Modified\",\n        \"programDescription\": \"Testing Modified\",\n        \"online\": true\n    },\n    {\n        \"programId\": 5312,\n        \"programName\": \"Csharp Modified\",\n        \"programDescription\": \"Testing Modified\",\n        \"online\": true\n    },\n    {\n        \"programId\": 5313,\n        \"programName\": \"Cypress Modified\",\n        \"programDescription\": \"Testing edited Modified\",\n        \"online\": true\n    },\n    {\n        \"programId\": 5314,\n        \"programName\": \"CoralDraw Modified\",\n        \"programDescription\": \"Testing edited Modified\",\n        \"online\": true\n    },\n    {\n        \"programId\": 5315,\n        \"programName\": \"Adobe Reader\",\n        \"programDescription\": \"Testing edited\",\n        \"online\": true\n    },\n    {\n        \"programId\": 5316,\n        \"programName\": \"Adobe Reader Modified\",\n        \"programDescription\": \"Testing edited Modified\",\n        \"online\": true\n    },\n    {\n        \"programId\": 5317,\n        \"programName\": \"Cucumber Modified\",\n        \"programDescription\": \"Testing edited Modified\",\n        \"online\": true\n    },\n    {\n        \"programId\": 5319,\n        \"programName\": \"Selenium Modified\",\n        \"programDescription\": \"Testing Modified\",\n        \"online\": true\n    },\n    {\n        \"programId\": 5320,\n        \"programName\": \"Java\",\n        \"programDescription\": \"Testing\",\n        \"online\": true\n    },\n    {\n        \"programId\": 5321,\n        \"programName\": \"Java Modified\",\n        \"programDescription\": \"Testing Modified\",\n        \"online\": true\n    },\n    {\n        \"programId\": 5322,\n        \"programName\": \"Csharp Modified\",\n        \"programDescription\": \"Testing Modified\",\n        \"online\": true\n    },\n    {\n        \"programId\": 5323,\n        \"programName\": \"Cypress Modified\",\n        \"programDescription\": \"Testing edited Modified\",\n        \"online\": true\n    },\n    {\n        \"programId\": 5324,\n        \"programName\": \"CoralDraw Modified\",\n        \"programDescription\": \"Testing edited Modified\",\n        \"online\": true\n    },\n    {\n        \"programId\": 5325,\n        \"programName\": \"Adobe Reader\",\n        \"programDescription\": \"Testing edited\",\n        \"online\": true\n    },\n    {\n        \"programId\": 5326,\n        \"programName\": \"Adobe Reader Modified\",\n        \"programDescription\": \"Testing edited Modified\",\n        \"online\": true\n    },\n    {\n        \"programId\": 5327,\n        \"programName\": \"Cucumber Modified\",\n        \"programDescription\": \"Testing edited Modified\",\n        \"online\": true\n    },\n    {\n        \"programId\": 5329,\n        \"programName\": \"Selenium Modified\",\n        \"programDescription\": \"Testing Modified\",\n        \"online\": true\n    },\n    {\n        \"programId\": 5330,\n        \"programName\": \"Java\",\n        \"programDescription\": \"Testing\",\n        \"online\": true\n    },\n    {\n        \"programId\": 5331,\n        \"programName\": \"Java Modified\",\n        \"programDescription\": \"Testing Modified\",\n        \"online\": true\n    },\n    {\n        \"programId\": 5332,\n        \"programName\": \"Csharp Modified\",\n        \"programDescription\": \"Testing Modified\",\n        \"online\": true\n    },\n    {\n        \"programId\": 5333,\n        \"programName\": \"Cypress Modified\",\n        \"programDescription\": \"Testing edited Modified\",\n        \"online\": true\n    },\n    {\n        \"programId\": 5334,\n        \"programName\": \"CoralDraw Modified\",\n        \"programDescription\": \"Testing edited Modified\",\n        \"online\": true\n    },\n    {\n        \"programId\": 5335,\n        \"programName\": \"Adobe Reader\",\n        \"programDescription\": \"Testing edited\",\n        \"online\": true\n    },\n    {\n        \"programId\": 5336,\n        \"programName\": \"Adobe Reader Modified\",\n        \"programDescription\": \"Testing edited Modified\",\n        \"online\": true\n    },\n    {\n        \"programId\": 5337,\n        \"programName\": \"Cucumber Modified\",\n        \"programDescription\": \"Testing edited Modified\",\n        \"online\": true\n    },\n    {\n        \"programId\": 5339,\n        \"programName\": \"string\",\n        \"programDescription\": \"string\",\n        \"online\": true\n    },\n    {\n        \"programId\": 5340,\n        \"programName\": \"string\",\n        \"programDescription\": \"string\",\n        \"online\": false\n    },\n    {\n        \"programId\": 5341,\n        \"programName\": \"string\",\n        \"programDescription\": \"string\",\n        \"online\": true\n    },\n    {\n        \"programId\": 5342,\n        \"programName\": \"string\",\n        \"programDescription\": \"string\",\n        \"online\": true\n    },\n    {\n        \"programId\": 5343,\n        \"programName\": \"string\",\n        \"programDescription\": \"string\",\n        \"online\": true\n    },\n    {\n        \"programId\": 5344,\n        \"programName\": \"APITesting\",\n        \"programDescription\": \"Dipanwita's program\",\n        \"online\": true\n    },\n    {\n        \"programId\": 5345,\n        \"programName\": \"APITesting\",\n        \"programDescription\": \"Dipanwita's program\",\n        \"online\": true\n    },\n    {\n        \"programId\": 5346,\n        \"programName\": \"APITesting\",\n        \"programDescription\": \"Dipanwita's program\",\n        \"online\": false\n    },\n    {\n        \"programId\": 5347,\n        \"programName\": \"string34\",\n        \"programDescription\": \"string34\",\n        \"online\": true\n    },\n    {\n        \"programId\": 5348,\n        \"programName\": \"batman\",\n        \"programDescription\": \"string\",\n        \"online\": true\n    },\n    {\n        \"programId\": 5349,\n        \"programName\": \"batman\",\n        \"programDescription\": \"string\",\n        \"online\": true\n    },\n    {\n        \"programId\": 5350,\n        \"programName\": \"batman\",\n        \"programDescription\": \"string\",\n        \"online\": true\n    },\n    {\n        \"programId\": 5351,\n        \"programName\": \"batman\",\n        \"programDescription\": \"string\",\n        \"online\": true\n    },\n    {\n        \"programId\": 5352,\n        \"programName\": \"Testing\",\n        \"programDescription\": \"Testing\",\n        \"online\": true\n    },\n    {\n        \"programId\": 5353,\n        \"programName\": \"batman\",\n        \"programDescription\": \"string\",\n        \"online\": true\n    },\n    {\n        \"programId\": 5354,\n        \"programName\": \"batman\",\n        \"programDescription\": \"string\",\n        \"online\": true\n    },\n    {\n        \"programId\": 5355,\n        \"programName\": \"string\",\n        \"programDescription\": \"string\",\n        \"online\": true\n    },\n    {\n        \"programId\": 5356,\n        \"programName\": \"Testing Modified\",\n        \"programDescription\": \"Testing Modified\",\n        \"online\": true\n    },\n    {\n        \"programId\": 5357,\n        \"programName\": \"batman\",\n        \"programDescription\": \"string\",\n        \"online\": true\n    },\n    {\n        \"programId\": 5358,\n        \"programName\": \"Testing Modified\",\n        \"programDescription\": \"Testing Modified\",\n        \"online\": true\n    },\n    {\n        \"programId\": 5359,\n        \"programName\": \"Testing Modified\",\n        \"programDescription\": \"Testing Modified\",\n        \"online\": true\n    },\n    {\n        \"programId\": 5361,\n        \"programName\": \"test\",\n        \"programDescription\": \"\",\n        \"online\": true\n    },\n    {\n        \"programId\": 5362,\n        \"programName\": \"VideoGame\",\n        \"programDescription\": \"user friendly\",\n        \"online\": true\n    },\n    {\n        \"programId\": 5363,\n        \"programName\": \"VideoGame\",\n        \"programDescription\": \"user friendly\",\n        \"online\": true\n    },\n    {\n        \"programId\": 5364,\n        \"programName\": \"VideoGame\",\n        \"programDescription\": \"user friendly\",\n        \"online\": true\n    },\n    {\n        \"programId\": 5365,\n        \"programName\": \"PT1\",\n        \"programDescription\": \"TestNG\",\n        \"online\": true\n    },\n    {\n        \"programId\": 5366,\n        \"programName\": \"PT2\",\n        \"programDescription\": \"TestNG\",\n        \"online\": true\n    },\n    {\n        \"programId\": 5367,\n        \"programName\": \"my name\",\n        \"programDescription\": \"mytest\",\n        \"online\": true\n    },\n    {\n        \"programId\": 5368,\n        \"programName\": \"PT8888\",\n        \"programDescription\": \"Tesrrrrr\",\n        \"online\": true\n    },\n    {\n        \"programId\": 7391,\n        \"programName\": \"testing modify\",\n        \"programDescription\": \"testing modify\",\n        \"online\": true\n    },\n    {\n        \"programId\": 5370,\n        \"programName\": \"Monali\",\n        \"programDescription\": \"TestNG\",\n        \"online\": true\n    },\n    {\n        \"programId\": 5379,\n        \"programName\": \"Selenium Modified\",\n        \"programDescription\": \"Testing Modified\",\n        \"online\": true\n    },\n    {\n        \"programId\": 5380,\n        \"programName\": \"Java\",\n        \"programDescription\": \"Testing\",\n        \"online\": true\n    },\n    {\n        \"programId\": 5381,\n        \"programName\": \"Java Modified\",\n        \"programDescription\": \"Testing Modified\",\n        \"online\": true\n    },\n    {\n        \"programId\": 5382,\n        \"programName\": \"Csharp Modified\",\n        \"programDescription\": \"Testing Modified\",\n        \"online\": true\n    },\n    {\n        \"programId\": 5383,\n        \"programName\": \"Cypress Modified\",\n        \"programDescription\": \"Testing edited Modified\",\n        \"online\": true\n    },\n    {\n        \"programId\": 5384,\n        \"programName\": \"CoralDraw Modified\",\n        \"programDescription\": \"Testing edited Modified\",\n        \"online\": true\n    },\n    {\n        \"programId\": 5385,\n        \"programName\": \"Adobe Reader\",\n        \"programDescription\": \"Testing edited\",\n        \"online\": true\n    },\n    {\n        \"programId\": 5386,\n        \"programName\": \"Adobe Reader Modified\",\n        \"programDescription\": \"Testing edited Modified\",\n        \"online\": true\n    },\n    {\n        \"programId\": 5387,\n        \"programName\": \"Cucumber Modified\",\n        \"programDescription\": \"Testing edited Modified\",\n        \"online\": true\n    },\n    {\n        \"programId\": 5389,\n        \"programName\": \"Java\",\n        \"programDescription\": \"Testing\",\n        \"online\": false\n    },\n    {\n        \"programId\": 5390,\n        \"programName\": \"Csharp\",\n        \"programDescription\": \"Testing\",\n        \"online\": true\n    },\n    {\n        \"programId\": 5391,\n        \"programName\": \"Cypress\",\n        \"programDescription\": \"Testing edited\",\n        \"online\": false\n    },\n    {\n        \"programId\": 5392,\n        \"programName\": \"CoralDraw\",\n        \"programDescription\": \"Testing edited\",\n        \"online\": true\n    },\n    {\n        \"programId\": 5393,\n        \"programName\": \"Adobe Reader\",\n        \"programDescription\": \"Testing edited\",\n        \"online\": true\n    },\n    {\n        \"programId\": 5394,\n        \"programName\": \"Testing\",\n        \"programDescription\": \"Testing\",\n        \"online\": true\n    },\n    {\n        \"programId\": 7392,\n        \"programName\": \"testing modify\",\n        \"programDescription\": \"testing modify\",\n        \"online\": true\n    },\n    {\n        \"programId\": 5396,\n        \"programName\": \"Testing\",\n        \"programDescription\": \"Testing\",\n        \"online\": true\n    },\n    {\n        \"programId\": 5397,\n        \"programName\": \"Testing\",\n        \"programDescription\": \"Testing\",\n        \"online\": true\n    },\n    {\n        \"programId\": 5398,\n        \"programName\": \"Testing\",\n        \"programDescription\": \"Testing\",\n        \"online\": true\n    },\n    {\n        \"programId\": 5399,\n        \"programName\": \"Testing\",\n        \"programDescription\": \"Testing\",\n        \"online\": true\n    },\n    {\n        \"programId\": 5400,\n        \"programName\": \"string\",\n        \"programDescription\": \"string\",\n        \"online\": true\n    },\n    {\n        \"programId\": 5401,\n        \"programName\": \"Robert\",\n        \"programDescription\": \"Testing modified\",\n        \"online\": true\n    },\n    {\n        \"programId\": 5402,\n        \"programName\": \"Robert\",\n        \"programDescription\": \"Testing modified\",\n        \"online\": true\n    },\n    {\n        \"programId\": 5403,\n        \"programName\": \"Robert\",\n        \"programDescription\": \"Testing modified\",\n        \"online\": true\n    },\n    {\n        \"programId\": 5404,\n        \"programName\": \"Robert\",\n        \"programDescription\": \"Testing modified from postman\",\n        \"online\": true\n    },\n    {\n        \"programId\": 5405,\n        \"programName\": \"Robert\",\n        \"programDescription\": \"Testing modified\",\n        \"online\": true\n    },\n    {\n        \"programId\": 5406,\n        \"programName\": \"Robert\",\n        \"programDescription\": \"Testing modified\",\n        \"online\": true\n    },\n    {\n        \"programId\": 5407,\n        \"programName\": \"Testing\",\n        \"programDescription\": \"Testing\",\n        \"online\": true\n    },\n    {\n        \"programId\": 5408,\n        \"programName\": \"Robert\",\n        \"programDescription\": \"Testing modified\",\n        \"online\": true\n    },\n    {\n        \"programId\": 5409,\n        \"programName\": \"Automation Testing\",\n        \"programDescription\": \"RestAssured Postman\",\n        \"online\": false\n    },\n    {\n        \"programId\": 5410,\n        \"programName\": \"cucumber learning modified\",\n        \"programDescription\": \"cucumber learning\",\n        \"online\": false\n    },\n    {\n        \"programId\": 9320,\n        \"programName\": \"QA\",\n        \"programDescription\": \"BASICS\",\n        \"online\": true\n    },\n    {\n        \"programId\": 5412,\n        \"programName\": \"Blank testing\",\n        \"programDescription\": \"\",\n        \"online\": false\n    },\n    {\n        \"programId\": 5413,\n        \"programName\": \"API Testing\",\n        \"programDescription\": \"RestAssured Postman\",\n        \"online\": false\n    },\n    {\n        \"programId\": 5414,\n        \"programName\": \"API Testing\",\n        \"programDescription\": \"Selenium Postman\",\n        \"online\": false\n    },\n    {\n        \"programId\": 5415,\n        \"programName\": \"cucumber learning modified\",\n        \"programDescription\": \"cucumber learning\",\n        \"online\": false\n    },\n    {\n        \"programId\": 5416,\n        \"programName\": \"SDET\",\n        \"programDescription\": \"Selenium Postman\",\n        \"online\": true\n    },\n    {\n        \"programId\": 5417,\n        \"programName\": \"Blank testing\",\n        \"programDescription\": \"\",\n        \"online\": false\n    },\n    {\n        \"programId\": 5418,\n        \"programName\": \"API Testing\",\n        \"programDescription\": \"RestAssured Postman\",\n        \"online\": false\n    },\n    {\n        \"programId\": 5419,\n        \"programName\": \"API Testing\",\n        \"programDescription\": \"Selenium Postman\",\n        \"online\": false\n    },\n    {\n        \"programId\": 5420,\n        \"programName\": \"Automation Testing\",\n        \"programDescription\": \"RestAssured Postman\",\n        \"online\": false\n    },\n    {\n        \"programId\": 5421,\n        \"programName\": \"cucumber learning modified\",\n        \"programDescription\": \"cucumber learning\",\n        \"online\": false\n    },\n    {\n        \"programId\": 5422,\n        \"programName\": \"SDET\",\n        \"programDescription\": \"Selenium Postman\",\n        \"online\": true\n    },\n    {\n        \"programId\": 5423,\n        \"programName\": \"Blank testing\",\n        \"programDescription\": \"\",\n        \"online\": false\n    },\n    {\n        \"programId\": 5424,\n        \"programName\": \"API Testing\",\n        \"programDescription\": \"RestAssured Postman\",\n        \"online\": false\n    },\n    {\n        \"programId\": 5425,\n        \"programName\": \"API Testing\",\n        \"programDescription\": \"Selenium Postman\",\n        \"online\": false\n    },\n    {\n        \"programId\": 5426,\n        \"programName\": \"Automation Testing\",\n        \"programDescription\": \"RestAssured Postman\",\n        \"online\": false\n    },\n    {\n        \"programId\": 5427,\n        \"programName\": \"Automation Testing\",\n        \"programDescription\": \"RestAssured Postman\",\n        \"online\": false\n    },\n    {\n        \"programId\": 5428,\n        \"programName\": \"Developer\",\n        \"programDescription\": \"dd\",\n        \"online\": true\n    },\n    {\n        \"programId\": 5429,\n        \"programName\": \"Developer\",\n        \"programDescription\": \"dd\",\n        \"online\": false\n    },\n    {\n        \"programId\": 5430,\n        \"programName\": \"Developer\",\n        \"programDescription\": \"dd\",\n        \"online\": false\n    },\n    {\n        \"programId\": 5431,\n        \"programName\": \"Developer\",\n        \"programDescription\": \"dd\",\n        \"online\": false\n    },\n    {\n        \"programId\": 5432,\n        \"programName\": \"Java\",\n        \"programDescription\": \"Testing\",\n        \"online\": false\n    },\n    {\n        \"programId\": 5433,\n        \"programName\": \"Csharp\",\n        \"programDescription\": \"Testing\",\n        \"online\": true\n    },\n    {\n        \"programId\": 5434,\n        \"programName\": \"Cypress\",\n        \"programDescription\": \"Testing edited\",\n        \"online\": false\n    },\n    {\n        \"programId\": 5435,\n        \"programName\": \"CoralDraw\",\n        \"programDescription\": \"Testing edited\",\n        \"online\": true\n    },\n    {\n        \"programId\": 5436,\n        \"programName\": \"Adobe Reader\",\n        \"programDescription\": \"Testing edited\",\n        \"online\": true\n    },\n    {\n        \"programId\": 5437,\n        \"programName\": \"cucumber learning modified\",\n        \"programDescription\": \"cucumber learning\",\n        \"online\": false\n    },\n    {\n        \"programId\": 5439,\n        \"programName\": \"Blank testing\",\n        \"programDescription\": \"\",\n        \"online\": false\n    },\n    {\n        \"programId\": 5440,\n        \"programName\": \"API Testing\",\n        \"programDescription\": \"RestAssured Postman\",\n        \"online\": false\n    },\n    {\n        \"programId\": 5441,\n        \"programName\": \"API Testing\",\n        \"programDescription\": \"Selenium Postman\",\n        \"online\": false\n    },\n    {\n        \"programId\": 5442,\n        \"programName\": \"cucumber learning modified\",\n        \"programDescription\": \"cucumber learning\",\n        \"online\": false\n    },\n    {\n        \"programId\": 5443,\n        \"programName\": \"SDET\",\n        \"programDescription\": \"Selenium Postman\",\n        \"online\": true\n    },\n    {\n        \"programId\": 5444,\n        \"programName\": \"Blank testing\",\n        \"programDescription\": \"\",\n        \"online\": false\n    },\n    {\n        \"programId\": 5445,\n        \"programName\": \"API Testing\",\n        \"programDescription\": \"RestAssured Postman\",\n        \"online\": false\n    },\n    {\n        \"programId\": 5446,\n        \"programName\": \"API Testing\",\n        \"programDescription\": \"Selenium Postman\",\n        \"online\": false\n    },\n    {\n        \"programId\": 5447,\n        \"programName\": \"cucumber learning modified\",\n        \"programDescription\": \"cucumber learning\",\n        \"online\": false\n    },\n    {\n        \"programId\": 5448,\n        \"programName\": \"SDET\",\n        \"programDescription\": \"Selenium Postman\",\n        \"online\": true\n    },\n    {\n        \"programId\": 5449,\n        \"programName\": \"Blank testing\",\n        \"programDescription\": \"\",\n        \"online\": false\n    },\n    {\n        \"programId\": 5450,\n        \"programName\": \"API Testing\",\n        \"programDescription\": \"RestAssured Postman\",\n        \"online\": false\n    },\n    {\n        \"programId\": 5451,\n        \"programName\": \"API Testing\",\n        \"programDescription\": \"Selenium Postman\",\n        \"online\": false\n    },\n    {\n        \"programId\": 5452,\n        \"programName\": \"cucumber learning modified\",\n        \"programDescription\": \"cucumber learning\",\n        \"online\": false\n    },\n    {\n        \"programId\": 5453,\n        \"programName\": \"SDET\",\n        \"programDescription\": \"Selenium Postman\",\n        \"online\": true\n    },\n    {\n        \"programId\": 5454,\n        \"programName\": \"Blank testing\",\n        \"programDescription\": \"\",\n        \"online\": false\n    },\n    {\n        \"programId\": 5455,\n        \"programName\": \"API Testing\",\n        \"programDescription\": \"RestAssured Postman\",\n        \"online\": false\n    },\n    {\n        \"programId\": 5456,\n        \"programName\": \"API Testing\",\n        \"programDescription\": \"Selenium Postman\",\n        \"online\": false\n    },\n    {\n        \"programId\": 5457,\n        \"programName\": \"cucumber learning modified\",\n        \"programDescription\": \"cucumber learning\",\n        \"online\": false\n    },\n    {\n        \"programId\": 5458,\n        \"programName\": \"SDET\",\n        \"programDescription\": \"Selenium Postman\",\n        \"online\": true\n    },\n    {\n        \"programId\": 5459,\n        \"programName\": \"Blank testing\",\n        \"programDescription\": \"\",\n        \"online\": false\n    },\n    {\n        \"programId\": 5460,\n        \"programName\": \"API Testing\",\n        \"programDescription\": \"RestAssured Postman\",\n        \"online\": false\n    },\n    {\n        \"programId\": 5461,\n        \"programName\": \"API Testing\",\n        \"programDescription\": \"Selenium Postman\",\n        \"online\": false\n    },\n    {\n        \"programId\": 5462,\n        \"programName\": \"Updating ProgramName for 272\",\n        \"programDescription\": \"Updating programDescription\",\n        \"online\": false\n    },\n    {\n        \"programId\": 5463,\n        \"programName\": \"Testing\",\n        \"programDescription\": \"Testing\",\n        \"online\": true\n    },\n    {\n        \"programId\": 5464,\n        \"programName\": \"Updating ProgramName for 273\",\n        \"programDescription\": \"Updating programDescription\",\n        \"online\": true\n    },\n    {\n        \"programId\": 1849,\n        \"programName\": \"&%Test\",\n        \"programDescription\": \"API Testing\",\n        \"online\": true\n    },\n    {\n        \"programId\": 5465,\n        \"programName\": \"Testing\",\n        \"programDescription\": \"AutomationTesting\",\n        \"online\": true\n    },\n    {\n        \"programId\": 5466,\n        \"programName\": \"cucumber learning modified\",\n        \"programDescription\": \"cucumber learning\",\n        \"online\": false\n    },\n    {\n        \"programId\": 5467,\n        \"programName\": \"SDET\",\n        \"programDescription\": \"Selenium Postman\",\n        \"online\": true\n    },\n    {\n        \"programId\": 5468,\n        \"programName\": \"Blank testing\",\n        \"programDescription\": \"\",\n        \"online\": false\n    },\n    {\n        \"programId\": 5469,\n        \"programName\": \"API Testing\",\n        \"programDescription\": \"RestAssured Postman\",\n        \"online\": false\n    },\n    {\n        \"programId\": 5470,\n        \"programName\": \"API Testing\",\n        \"programDescription\": \"Selenium Postman\",\n        \"online\": false\n    },\n    {\n        \"programId\": 5471,\n        \"programName\": \"Updating ProgramName for 272\",\n        \"programDescription\": \"Updating programDescription\",\n        \"online\": false\n    },\n    {\n        \"programId\": 5472,\n        \"programName\": \"Testing\",\n        \"programDescription\": \"Testing\",\n        \"online\": true\n    },\n    {\n        \"programId\": 5473,\n        \"programName\": \"Updating ProgramName for 273\",\n        \"programDescription\": \"Updating programDescription\",\n        \"online\": true\n    },\n    {\n        \"programId\": 5474,\n        \"programName\": \"Testing\",\n        \"programDescription\": \"AutomationTesting\",\n        \"online\": true\n    },\n    {\n        \"programId\": 5475,\n        \"programName\": \"cucumber learning modified\",\n        \"programDescription\": \"cucumber learning\",\n        \"online\": false\n    },\n    {\n        \"programId\": 5476,\n        \"programName\": \"SDET\",\n        \"programDescription\": \"Selenium Postman\",\n        \"online\": true\n    },\n    {\n        \"programId\": 5477,\n        \"programName\": \"Blank testing\",\n        \"programDescription\": \"\",\n        \"online\": false\n    },\n    {\n        \"programId\": 5478,\n        \"programName\": \"API Testing\",\n        \"programDescription\": \"RestAssured Postman\",\n        \"online\": false\n    },\n    {\n        \"programId\": 5479,\n        \"programName\": \"API Testing\",\n        \"programDescription\": \"Selenium Postman\",\n        \"online\": false\n    },\n    {\n        \"programId\": 5480,\n        \"programName\": \"Updating ProgramName for 272\",\n        \"programDescription\": \"Updating programDescription\",\n        \"online\": false\n    },\n    {\n        \"programId\": 5481,\n        \"programName\": \"Testing\",\n        \"programDescription\": \"Testing\",\n        \"online\": true\n    },\n    {\n        \"programId\": 5482,\n        \"programName\": \"Updating ProgramName for 273\",\n        \"programDescription\": \"Updating programDescription\",\n        \"online\": true\n    },\n    {\n        \"programId\": 5483,\n        \"programName\": \"Testing\",\n        \"programDescription\": \"AutomationTesting\",\n        \"online\": true\n    },\n    {\n        \"programId\": 5484,\n        \"programName\": \"cucumber learning modified\",\n        \"programDescription\": \"cucumber learning\",\n        \"online\": false\n    },\n    {\n        \"programId\": 5485,\n        \"programName\": \"SDET\",\n        \"programDescription\": \"Selenium Postman\",\n        \"online\": true\n    },\n    {\n        \"programId\": 5486,\n        \"programName\": \"Blank testing\",\n        \"programDescription\": \"\",\n        \"online\": false\n    },\n    {\n        \"programId\": 5487,\n        \"programName\": \"API Testing\",\n        \"programDescription\": \"RestAssured Postman\",\n        \"online\": false\n    },\n    {\n        \"programId\": 5488,\n        \"programName\": \"API Testing\",\n        \"programDescription\": \"Selenium Postman\",\n        \"online\": false\n    },\n    {\n        \"programId\": 5489,\n        \"programName\": \"Updating ProgramName for 272\",\n        \"programDescription\": \"Updating programDescription\",\n        \"online\": false\n    },\n    {\n        \"programId\": 5490,\n        \"programName\": \"Testing\",\n        \"programDescription\": \"Testing\",\n        \"online\": true\n    },\n    {\n        \"programId\": 5491,\n        \"programName\": \"Updating ProgramName for 273\",\n        \"programDescription\": \"Updating programDescription\",\n        \"online\": true\n    },\n    {\n        \"programId\": 5492,\n        \"programName\": \"Testing\",\n        \"programDescription\": \"AutomationTesting\",\n        \"online\": true\n    },\n    {\n        \"programId\": 5493,\n        \"programName\": \"cucumber learning modified\",\n        \"programDescription\": \"cucumber learning\",\n        \"online\": false\n    },\n    {\n        \"programId\": 5494,\n        \"programName\": \"SDET\",\n        \"programDescription\": \"Selenium Postman\",\n        \"online\": true\n    },\n    {\n        \"programId\": 5000,\n        \"programName\": \"Selenium\",\n        \"programDescription\": \"Testing\",\n        \"online\": true\n    },\n    {\n        \"programId\": 1056,\n        \"programName\": \"modified today\",\n        \"programDescription\": \"modidied today\",\n        \"online\": true\n    },\n    {\n        \"programId\": 5495,\n        \"programName\": \"Blank testing\",\n        \"programDescription\": \"\",\n        \"online\": false\n    },\n    {\n        \"programId\": 5496,\n        \"programName\": \"API Testing\",\n        \"programDescription\": \"RestAssured Postman\",\n        \"online\": false\n    },\n    {\n        \"programId\": 5497,\n        \"programName\": \"API Testing\",\n        \"programDescription\": \"Selenium Postman\",\n        \"online\": false\n    },\n    {\n        \"programId\": 5498,\n        \"programName\": \"Updating ProgramName for 272\",\n        \"programDescription\": \"Updating programDescription\",\n        \"online\": false\n    },\n    {\n        \"programId\": 5499,\n        \"programName\": \"Testing\",\n        \"programDescription\": \"Testing\",\n        \"online\": true\n    },\n    {\n        \"programId\": 5500,\n        \"programName\": \"Updating ProgramName for 273\",\n        \"programDescription\": \"Updating programDescription\",\n        \"online\": true\n    },\n    {\n        \"programId\": 5501,\n        \"programName\": \"Testing\",\n        \"programDescription\": \"AutomationTesting\",\n        \"online\": true\n    },\n    {\n        \"programId\": 5502,\n        \"programName\": \"SME\",\n        \"programDescription\": \"HealthCare\",\n        \"online\": false\n    },\n    {\n        \"programId\": 5503,\n        \"programName\": \"Scrum Master\",\n        \"programDescription\": \"Agile\",\n        \"online\": false\n    },\n    {\n        \"programId\": 5504,\n        \"programName\": \"Backend Developer\",\n        \"programDescription\": \"Sql Developer\",\n        \"online\": false\n    },\n    {\n        \"programId\": 5505,\n        \"programName\": \"Updating ProgramName for 272\",\n        \"programDescription\": \"Updating programDescription\",\n        \"online\": false\n    },\n    {\n        \"programId\": 5506,\n        \"programName\": \"Testing\",\n        \"programDescription\": \"Testing\",\n        \"online\": true\n    },\n    {\n        \"programId\": 5507,\n        \"programName\": \"Updating ProgramName for 273\",\n        \"programDescription\": \"Updating programDescription\",\n        \"online\": true\n    },\n    {\n        \"programId\": 5508,\n        \"programName\": \"Testing\",\n        \"programDescription\": \"AutomationTesting\",\n        \"online\": true\n    },\n    {\n        \"programId\": 5509,\n        \"programName\": \"Updating ProgramName for 272\",\n        \"programDescription\": \"Updating programDescription\",\n        \"online\": false\n    },\n    {\n        \"programId\": 5510,\n        \"programName\": \"Testing\",\n        \"programDescription\": \"Testing\",\n        \"online\": true\n    },\n    {\n        \"programId\": 5511,\n        \"programName\": \"Updating ProgramName for 273\",\n        \"programDescription\": \"Updating programDescription\",\n        \"online\": true\n    },\n    {\n        \"programId\": 5512,\n        \"programName\": \"Testing\",\n        \"programDescription\": \"AutomationTesting\",\n        \"online\": true\n    },\n    {\n        \"programId\": 5513,\n        \"programName\": \"Updating ProgramName for 272\",\n        \"programDescription\": \"Updating programDescription\",\n        \"online\": false\n    },\n    {\n        \"programId\": 5514,\n        \"programName\": \"Testing\",\n        \"programDescription\": \"Testing\",\n        \"online\": true\n    },\n    {\n        \"programId\": 5515,\n        \"programName\": \"Updating ProgramName for 273\",\n        \"programDescription\": \"Updating programDescription\",\n        \"online\": true\n    },\n    {\n        \"programId\": 5516,\n        \"programName\": \"Testing\",\n        \"programDescription\": \"AutomationTesting\",\n        \"online\": true\n    },\n    {\n        \"programId\": 5517,\n        \"programName\": \"Updating ProgramName for 272\",\n        \"programDescription\": \"Updating programDescription\",\n        \"online\": false\n    },\n    {\n        \"programId\": 5518,\n        \"programName\": \"Testing\",\n        \"programDescription\": \"Testing\",\n        \"online\": true\n    },\n    {\n        \"programId\": 5519,\n        \"programName\": \"Updating ProgramName for 273\",\n        \"programDescription\": \"Updating programDescription\",\n        \"online\": true\n    },\n    {\n        \"programId\": 5520,\n        \"programName\": \"Testing\",\n        \"programDescription\": \"AutomationTesting\",\n        \"online\": true\n    },\n    {\n        \"programId\": 5521,\n        \"programName\": \"Updating ProgramName for 272\",\n        \"programDescription\": \"Updating programDescription\",\n        \"online\": false\n    },\n    {\n        \"programId\": 5522,\n        \"programName\": \"Testing\",\n        \"programDescription\": \"Testing\",\n        \"online\": true\n    },\n    {\n        \"programId\": 5523,\n        \"programName\": \"Updating ProgramName for 273\",\n        \"programDescription\": \"Updating programDescription\",\n        \"online\": true\n    },\n    {\n        \"programId\": 5524,\n        \"programName\": \"Testing\",\n        \"programDescription\": \"AutomationTesting\",\n        \"online\": true\n    },\n    {\n        \"programId\": 5525,\n        \"programName\": \"Updating ProgramName for 272\",\n        \"programDescription\": \"Updating programDescription\",\n        \"online\": false\n    },\n    {\n        \"programId\": 5526,\n        \"programName\": \"Testing\",\n        \"programDescription\": \"Testing\",\n        \"online\": true\n    },\n    {\n        \"programId\": 5527,\n        \"programName\": \"Updating ProgramName for 273\",\n        \"programDescription\": \"Updating programDescription\",\n        \"online\": true\n    },\n    {\n        \"programId\": 5528,\n        \"programName\": \"Testing\",\n        \"programDescription\": \"AutomationTesting\",\n        \"online\": true\n    },\n    {\n        \"programId\": 5529,\n        \"programName\": \"Updating ProgramName for 272\",\n        \"programDescription\": \"Updating programDescription\",\n        \"online\": false\n    },\n    {\n        \"programId\": 5530,\n        \"programName\": \"Testing\",\n        \"programDescription\": \"Testing\",\n        \"online\": true\n    },\n    {\n        \"programId\": 5531,\n        \"programName\": \"Updating ProgramName for 273\",\n        \"programDescription\": \"Updating programDescription\",\n        \"online\": true\n    },\n    {\n        \"programId\": 5532,\n        \"programName\": \"Testing\",\n        \"programDescription\": \"AutomationTesting\",\n        \"online\": true\n    },\n    {\n        \"programId\": 5533,\n        \"programName\": \"Updating ProgramName for 272\",\n        \"programDescription\": \"Updating programDescription\",\n        \"online\": false\n    },\n    {\n        \"programId\": 5534,\n        \"programName\": \"Testing\",\n        \"programDescription\": \"Testing\",\n        \"online\": true\n    },\n    {\n        \"programId\": 5535,\n        \"programName\": \"Updating ProgramName for 273\",\n        \"programDescription\": \"Updating programDescription\",\n        \"online\": true\n    },\n    {\n        \"programId\": 5536,\n        \"programName\": \"Testing\",\n        \"programDescription\": \"AutomationTesting\",\n        \"online\": true\n    },\n    {\n        \"programId\": 5537,\n        \"programName\": \"Updating ProgramName for 272\",\n        \"programDescription\": \"Updating programDescription\",\n        \"online\": false\n    },\n    {\n        \"programId\": 5538,\n        \"programName\": \"Testing\",\n        \"programDescription\": \"Testing\",\n        \"online\": true\n    },\n    {\n        \"programId\": 5539,\n        \"programName\": \"Updating ProgramName for 273\",\n        \"programDescription\": \"Updating programDescription\",\n        \"online\": true\n    },\n    {\n        \"programId\": 5540,\n        \"programName\": \"Testing\",\n        \"programDescription\": \"AutomationTesting\",\n        \"online\": true\n    },\n    {\n        \"programId\": 5541,\n        \"programName\": \"Updating ProgramName for 272\",\n        \"programDescription\": \"Updating programDescription\",\n        \"online\": false\n    },\n    {\n        \"programId\": 5542,\n        \"programName\": \"Testing\",\n        \"programDescription\": \"Testing\",\n        \"online\": true\n    },\n    {\n        \"programId\": 5543,\n        \"programName\": \"Updating ProgramName for 273\",\n        \"programDescription\": \"Updating programDescription\",\n        \"online\": true\n    },\n    {\n        \"programId\": 5544,\n        \"programName\": \"Testing\",\n        \"programDescription\": \"AutomationTesting\",\n        \"online\": true\n    },\n    {\n        \"programId\": 5545,\n        \"programName\": \"Updating ProgramName for 272\",\n        \"programDescription\": \"Updating programDescription\",\n        \"online\": false\n    },\n    {\n        \"programId\": 5546,\n        \"programName\": \"Testing\",\n        \"programDescription\": \"Testing\",\n        \"online\": true\n    },\n    {\n        \"programId\": 5548,\n        \"programName\": \"Testing\",\n        \"programDescription\": \"AutomationTesting\",\n        \"online\": true\n    },\n    {\n        \"programId\": 5549,\n        \"programName\": \"Updating ProgramName for 272\",\n        \"programDescription\": \"Updating programDescription\",\n        \"online\": false\n    },\n    {\n        \"programId\": 5550,\n        \"programName\": \"Testing\",\n        \"programDescription\": \"Testing\",\n        \"online\": true\n    },\n    {\n        \"programId\": 5551,\n        \"programName\": \"Updating ProgramName for 273\",\n        \"programDescription\": \"Updating programDescription\",\n        \"online\": true\n    },\n    {\n        \"programId\": 5552,\n        \"programName\": \"Testing\",\n        \"programDescription\": \"AutomationTesting\",\n        \"online\": true\n    },\n    {\n        \"programId\": 5553,\n        \"programName\": \"Updating ProgramName for 272\",\n        \"programDescription\": \"Updating programDescription\",\n        \"online\": false\n    },\n    {\n        \"programId\": 5554,\n        \"programName\": \"Testing\",\n        \"programDescription\": \"Testing\",\n        \"online\": true\n    },\n    {\n        \"programId\": 5556,\n        \"programName\": \"Testing\",\n        \"programDescription\": \"AutomationTesting\",\n        \"online\": true\n    },\n    {\n        \"programId\": 5557,\n        \"programName\": \"Updating ProgramName for 272\",\n        \"programDescription\": \"Updating programDescription\",\n        \"online\": false\n    },\n    {\n        \"programId\": 5558,\n        \"programName\": \"Testing\",\n        \"programDescription\": \"Testing\",\n        \"online\": true\n    },\n    {\n        \"programId\": 5559,\n        \"programName\": \"Updating ProgramName for 273\",\n        \"programDescription\": \"Updating programDescription\",\n        \"online\": true\n    },\n    {\n        \"programId\": 5560,\n        \"programName\": \"Testing\",\n        \"programDescription\": \"AutomationTesting\",\n        \"online\": true\n    },\n    {\n        \"programId\": 5561,\n        \"programName\": \"Updating ProgramName for 272\",\n        \"programDescription\": \"Updating programDescription\",\n        \"online\": false\n    },\n    {\n        \"programId\": 5562,\n        \"programName\": \"Testing\",\n        \"programDescription\": \"Testing\",\n        \"online\": true\n    },\n    {\n        \"programId\": 5563,\n        \"programName\": \"Updating ProgramName for 273\",\n        \"programDescription\": \"Updating programDescription\",\n        \"online\": true\n    },\n    {\n        \"programId\": 5564,\n        \"programName\": \"Testing\",\n        \"programDescription\": \"AutomationTesting\",\n        \"online\": true\n    },\n    {\n        \"programId\": 5565,\n        \"programName\": \"Updating ProgramName for 272\",\n        \"programDescription\": \"Updating programDescription\",\n        \"online\": false\n    },\n    {\n        \"programId\": 5566,\n        \"programName\": \"Testing\",\n        \"programDescription\": \"Testing\",\n        \"online\": true\n    },\n    {\n        \"programId\": 5567,\n        \"programName\": \"Updating ProgramName for 273\",\n        \"programDescription\": \"Updating programDescription\",\n        \"online\": true\n    },\n    {\n        \"programId\": 5568,\n        \"programName\": \"Testing\",\n        \"programDescription\": \"AutomationTesting\",\n        \"online\": true\n    },\n    {\n        \"programId\": 5569,\n        \"programName\": \"cucumber learning modified\",\n        \"programDescription\": \"cucumber learning\",\n        \"online\": false\n    },\n    {\n        \"programId\": 5570,\n        \"programName\": \"SDET\",\n        \"programDescription\": \"Selenium Postman\",\n        \"online\": true\n    },\n    {\n        \"programId\": 5571,\n        \"programName\": \"Blank testing\",\n        \"programDescription\": \"\",\n        \"online\": false\n    },\n    {\n        \"programId\": 5572,\n        \"programName\": \"API Testing\",\n        \"programDescription\": \"RestAssured Postman\",\n        \"online\": false\n    },\n    {\n        \"programId\": 5573,\n        \"programName\": \"API Testing\",\n        \"programDescription\": \"Selenium Postman\",\n        \"online\": false\n    },\n    {\n        \"programId\": 5574,\n        \"programName\": \"Updating ProgramName for 272\",\n        \"programDescription\": \"Updating programDescription\",\n        \"online\": false\n    },\n    {\n        \"programId\": 5578,\n        \"programName\": \"cucumber learning modified\",\n        \"programDescription\": \"cucumber learning\",\n        \"online\": false\n    },\n    {\n        \"programId\": 5579,\n        \"programName\": \"SDET\",\n        \"programDescription\": \"Selenium Postman\",\n        \"online\": true\n    },\n    {\n        \"programId\": 5582,\n        \"programName\": \"API Testing\",\n        \"programDescription\": \"Selenium Postman\",\n        \"online\": false\n    },\n    {\n        \"programId\": 5583,\n        \"programName\": \"Updating ProgramName for 272\",\n        \"programDescription\": \"Updating programDescription\",\n        \"online\": false\n    },\n    {\n        \"programId\": 5584,\n        \"programName\": \"Testing\",\n        \"programDescription\": \"Testing\",\n        \"online\": true\n    },\n    {\n        \"programId\": 5585,\n        \"programName\": \"Updating ProgramName for 273\",\n        \"programDescription\": \"Updating programDescription\",\n        \"online\": true\n    },\n    {\n        \"programId\": 5586,\n        \"programName\": \"Testing\",\n        \"programDescription\": \"AutomationTesting\",\n        \"online\": true\n    },\n    {\n        \"programId\": 5587,\n        \"programName\": \"cucumber learning modified\",\n        \"programDescription\": \"cucumber learning\",\n        \"online\": false\n    },\n    {\n        \"programId\": 5588,\n        \"programName\": \"SDET\",\n        \"programDescription\": \"Selenium Postman\",\n        \"online\": true\n    },\n    {\n        \"programId\": 5589,\n        \"programName\": \"Blank testing\",\n        \"programDescription\": \"\",\n        \"online\": false\n    },\n    {\n        \"programId\": 5590,\n        \"programName\": \"API Testing\",\n        \"programDescription\": \"RestAssured Postman\",\n        \"online\": false\n    },\n    {\n        \"programId\": 5591,\n        \"programName\": \"API Testing\",\n        \"programDescription\": \"Selenium Postman\",\n        \"online\": false\n    },\n    {\n        \"programId\": 5592,\n        \"programName\": \"Updating ProgramName for 272\",\n        \"programDescription\": \"Updating programDescription\",\n        \"online\": false\n    },\n    {\n        \"programId\": 5593,\n        \"programName\": \"Testing\",\n        \"programDescription\": \"Testing\",\n        \"online\": true\n    },\n    {\n        \"programId\": 5598,\n        \"programName\": \"Backend Developer\",\n        \"programDescription\": \"Sql Developer\",\n        \"online\": false\n    },\n    {\n        \"programId\": 5575,\n        \"programName\": \"Python\",\n        \"programDescription\": \"Python\",\n        \"online\": true\n    },\n    {\n        \"programId\": 5576,\n        \"programName\": \"Spring\",\n        \"programDescription\": \"Spring Boot Training\",\n        \"online\": true\n    },\n    {\n        \"programId\": 5577,\n        \"programName\": \"Selenium Training\",\n        \"programDescription\": \"Selenium with python\",\n        \"online\": true\n    },\n    {\n        \"programId\": 5594,\n        \"programName\": \"Python\",\n        \"programDescription\": \"Python\",\n        \"online\": true\n    },\n    {\n        \"programId\": 5595,\n        \"programName\": \"Spring\",\n        \"programDescription\": \"Spring Boot Training\",\n        \"online\": true\n    },\n    {\n        \"programId\": 5599,\n        \"programName\": \"Testing\",\n        \"programDescription\": \"Testing\",\n        \"online\": true\n    },\n    {\n        \"programId\": 7340,\n        \"programName\": \"testing modify\",\n        \"programDescription\": \"testing modify\",\n        \"online\": true\n    },\n    {\n        \"programId\": 5601,\n        \"programName\": \"string\",\n        \"programDescription\": \"string\",\n        \"online\": true\n    },\n    {\n        \"programId\": 5602,\n        \"programName\": \"Williams\",\n        \"programDescription\": \"Testing modified\",\n        \"online\": true\n    },\n    {\n        \"programId\": 5604,\n        \"programName\": \"batman \",\n        \"programDescription\": \"string\",\n        \"online\": true\n    },\n    {\n        \"programId\": 5605,\n        \"programName\": \"ironman\",\n        \"programDescription\": \"string\",\n        \"online\": true\n    },\n    {\n        \"programId\": 5606,\n        \"programName\": \"java\",\n        \"programDescription\": \"core java\",\n        \"online\": true\n    },\n    {\n        \"programId\": 5607,\n        \"programName\": \"Multipal Digit Testing\",\n        \"programDescription\": \"Program ID Testing\",\n        \"online\": true\n    },\n    {\n        \"programId\": 5608,\n        \"programName\": \"Testing\",\n        \"programDescription\": \"string\",\n        \"online\": true\n    },\n    {\n        \"programId\": 5679,\n        \"programName\": \"java\",\n        \"programDescription\": \"java Developer\",\n        \"online\": true\n    },\n    {\n        \"programId\": 5610,\n        \"programName\": \"cucumber learning modified\",\n        \"programDescription\": \"cucumber learning\",\n        \"online\": false\n    },\n    {\n        \"programId\": 5611,\n        \"programName\": \"Testing API\",\n        \"programDescription\": \"Testing API\",\n        \"online\": true\n    },\n    {\n        \"programId\": 5612,\n        \"programName\": \"Testing API\",\n        \"programDescription\": \"Testing API\",\n        \"online\": true\n    },\n    {\n        \"programId\": 5613,\n        \"programName\": \"Testing API\",\n        \"programDescription\": \"Testing API\",\n        \"online\": true\n    },\n    {\n        \"programId\": 5614,\n        \"programName\": \"Testing API\",\n        \"programDescription\": \"Testing API\",\n        \"online\": true\n    },\n    {\n        \"programId\": 5615,\n        \"programName\": \"cucumber learning modified\",\n        \"programDescription\": \"cucumber learning\",\n        \"online\": false\n    },\n    {\n        \"programId\": 5616,\n        \"programName\": \"SDET\",\n        \"programDescription\": \"Selenium Postman\",\n        \"online\": true\n    },\n    {\n        \"programId\": 5617,\n        \"programName\": \"Blank testing\",\n        \"programDescription\": \"\",\n        \"online\": false\n    },\n    {\n        \"programId\": 5618,\n        \"programName\": \"API Testing\",\n        \"programDescription\": \"RestAssured Postman\",\n        \"online\": false\n    },\n    {\n        \"programId\": 5619,\n        \"programName\": \"API Testing\",\n        \"programDescription\": \"Selenium Postman\",\n        \"online\": false\n    },\n    {\n        \"programId\": 5620,\n        \"programName\": \"Updating ProgramName for 272\",\n        \"programDescription\": \"Updating programDescription\",\n        \"online\": false\n    },\n    {\n        \"programId\": 5621,\n        \"programName\": \"Testing\",\n        \"programDescription\": \"Testing\",\n        \"online\": true\n    },\n    {\n        \"programId\": 5622,\n        \"programName\": \"Updating ProgramName for 273\",\n        \"programDescription\": \"Updating programDescription\",\n        \"online\": true\n    },\n    {\n        \"programId\": 5623,\n        \"programName\": \"Testing\",\n        \"programDescription\": \"AutomationTesting\",\n        \"online\": true\n    },\n    {\n        \"programId\": 5624,\n        \"programName\": \"SDET\",\n        \"programDescription\": \"Automation testing\",\n        \"online\": true\n    },\n    {\n        \"programId\": 5625,\n        \"programName\": \"SDET\",\n        \"programDescription\": \"\",\n        \"online\": true\n    },\n    {\n        \"programId\": 5626,\n        \"programName\": \"DS\",\n        \"programDescription\": \"data science\",\n        \"online\": false\n    },\n    {\n        \"programId\": 5627,\n        \"programName\": \"SDET\",\n        \"programDescription\": \"Automation testing\",\n        \"online\": true\n    },\n    {\n        \"programId\": 5628,\n        \"programName\": \"SDET\",\n        \"programDescription\": \"\",\n        \"online\": true\n    },\n    {\n        \"programId\": 5629,\n        \"programName\": \"DS\",\n        \"programDescription\": \"data science\",\n        \"online\": false\n    },\n    {\n        \"programId\": 5630,\n        \"programName\": \"1234\",\n        \"programDescription\": \"Automation Testing\",\n        \"online\": true\n    },\n    {\n        \"programId\": 5631,\n        \"programName\": \"SDET26\",\n        \"programDescription\": \"Automation testing\",\n        \"online\": true\n    },\n    {\n        \"programId\": 5632,\n        \"programName\": \"DS\",\n        \"programDescription\": \"data science\",\n        \"online\": false\n    },\n    {\n        \"programId\": 5633,\n        \"programName\": \"VideoGame\",\n        \"programDescription\": \"user friendly\",\n        \"online\": true\n    },\n    {\n        \"programId\": 5634,\n        \"programName\": \"VideoGame\",\n        \"programDescription\": \"user friendly\",\n        \"online\": true\n    },\n    {\n        \"programId\": 5635,\n        \"programName\": \"cucumber learning modified\",\n        \"programDescription\": \"cucumber learning\",\n        \"online\": false\n    },\n    {\n        \"programId\": 5636,\n        \"programName\": \"SDET\",\n        \"programDescription\": \"Selenium Postman\",\n        \"online\": true\n    },\n    {\n        \"programId\": 5637,\n        \"programName\": \"Blank testing\",\n        \"programDescription\": \"\",\n        \"online\": false\n    },\n    {\n        \"programId\": 5638,\n        \"programName\": \"API Testing\",\n        \"programDescription\": \"RestAssured Postman\",\n        \"online\": false\n    },\n    {\n        \"programId\": 5639,\n        \"programName\": \"API Testing\",\n        \"programDescription\": \"Selenium Postman\",\n        \"online\": false\n    },\n    {\n        \"programId\": 5640,\n        \"programName\": \"Updating ProgramName for 272\",\n        \"programDescription\": \"Updating programDescription\",\n        \"online\": false\n    },\n    {\n        \"programId\": 5641,\n        \"programName\": \"Testing\",\n        \"programDescription\": \"Testing\",\n        \"online\": true\n    },\n    {\n        \"programId\": 5642,\n        \"programName\": \"Updating ProgramName for 273\",\n        \"programDescription\": \"Updating programDescription\",\n        \"online\": true\n    },\n    {\n        \"programId\": 5643,\n        \"programName\": \"Testing\",\n        \"programDescription\": \"AutomationTesting\",\n        \"online\": true\n    },\n    {\n        \"programId\": 5644,\n        \"programName\": \"SDET26\",\n        \"programDescription\": \"Automation testing\",\n        \"online\": true\n    },\n    {\n        \"programId\": 5645,\n        \"programName\": \"DS\",\n        \"programDescription\": \"data science\",\n        \"online\": false\n    },\n    {\n        \"programId\": 5646,\n        \"programName\": \"SDET26\",\n        \"programDescription\": \"Automation testing\",\n        \"online\": true\n    },\n    {\n        \"programId\": 5647,\n        \"programName\": \"DS\",\n        \"programDescription\": \"data science\",\n        \"online\": false\n    },\n    {\n        \"programId\": 5648,\n        \"programName\": \"SDET26\",\n        \"programDescription\": \"Automation testing\",\n        \"online\": true\n    },\n    {\n        \"programId\": 5649,\n        \"programName\": \"DS\",\n        \"programDescription\": \"data science\",\n        \"online\": false\n    },\n    {\n        \"programId\": 5650,\n        \"programName\": \"HappyLife\",\n        \"programDescription\": \"string\",\n        \"online\": true\n    },\n    {\n        \"programId\": 5651,\n        \"programName\": \"HappyLife\",\n        \"programDescription\": \"string\",\n        \"online\": true\n    },\n    {\n        \"programId\": 5652,\n        \"programName\": \"SDET26\",\n        \"programDescription\": \"Automation testing\",\n        \"online\": true\n    },\n    {\n        \"programId\": 5653,\n        \"programName\": \"DS\",\n        \"programDescription\": \"data science\",\n        \"online\": false\n    },\n    {\n        \"programId\": 5654,\n        \"programName\": \"SDET26\",\n        \"programDescription\": \"Automation testing\",\n        \"online\": true\n    },\n    {\n        \"programId\": 5655,\n        \"programName\": \"DS\",\n        \"programDescription\": \"data science\",\n        \"online\": false\n    },\n    {\n        \"programId\": 5656,\n        \"programName\": \"Monali\",\n        \"programDescription\": \"TestNG\",\n        \"online\": true\n    },\n    {\n        \"programId\": 5657,\n        \"programName\": \"cucumber learning modified\",\n        \"programDescription\": \"cucumber learning\",\n        \"online\": false\n    },\n    {\n        \"programId\": 5658,\n        \"programName\": \"SDET\",\n        \"programDescription\": \"Selenium Postman\",\n        \"online\": true\n    },\n    {\n        \"programId\": 5659,\n        \"programName\": \"Blank testing\",\n        \"programDescription\": \"\",\n        \"online\": false\n    },\n    {\n        \"programId\": 5660,\n        \"programName\": \"API Testing\",\n        \"programDescription\": \"RestAssured Postman\",\n        \"online\": false\n    },\n    {\n        \"programId\": 5661,\n        \"programName\": \"API Testing\",\n        \"programDescription\": \"Selenium Postman\",\n        \"online\": false\n    },\n    {\n        \"programId\": 5662,\n        \"programName\": \"Updating ProgramName for 272\",\n        \"programDescription\": \"Updating programDescription\",\n        \"online\": false\n    },\n    {\n        \"programId\": 5666,\n        \"programName\": \"SDET26\",\n        \"programDescription\": \"Automation testing\",\n        \"online\": true\n    },\n    {\n        \"programId\": 5667,\n        \"programName\": \"DS\",\n        \"programDescription\": \"data science\",\n        \"online\": false\n    },\n    {\n        \"programId\": 5668,\n        \"programName\": \"Java\",\n        \"programDescription\": \"Testing\",\n        \"online\": false\n    },\n    {\n        \"programId\": 5669,\n        \"programName\": \"Csharp\",\n        \"programDescription\": \"Testing\",\n        \"online\": true\n    },\n    {\n        \"programId\": 5672,\n        \"programName\": \"Adobe Reader\",\n        \"programDescription\": \"Testing edited\",\n        \"online\": true\n    },\n    {\n        \"programId\": 5673,\n        \"programName\": \"string\",\n        \"programDescription\": \"string\",\n        \"online\": true\n    },\n    {\n        \"programId\": 9249,\n        \"programName\": \"via automation programName\",\n        \"programDescription\": \"via automation programDescription\",\n        \"online\": true\n    },\n    {\n        \"programId\": 5675,\n        \"programName\": \"Selenium Modified\",\n        \"programDescription\": \"Testing Modified\",\n        \"online\": true\n    },\n    {\n        \"programId\": 5676,\n        \"programName\": \"DS\",\n        \"programDescription\": \"data science\",\n        \"online\": false\n    },\n    {\n        \"programId\": 5677,\n        \"programName\": \"Java\",\n        \"programDescription\": \"Testing\",\n        \"online\": false\n    },\n    {\n        \"programId\": 5678,\n        \"programName\": \"Java Modified\",\n        \"programDescription\": \"Testing Modified\",\n        \"online\": false\n    },\n    {\n        \"programId\": 5680,\n        \"programName\": \"Csharp Modified\",\n        \"programDescription\": \"Testing Modified\",\n        \"online\": true\n    },\n    {\n        \"programId\": 5683,\n        \"programName\": \"CoralDraw\",\n        \"programDescription\": \"Testing edited\",\n        \"online\": true\n    },\n    {\n        \"programId\": 5684,\n        \"programName\": \"CoralDraw Modified\",\n        \"programDescription\": \"Testing edited Modified\",\n        \"online\": true\n    },\n    {\n        \"programId\": 5685,\n        \"programName\": \"Adobe Reader\",\n        \"programDescription\": \"Testing edited\",\n        \"online\": true\n    },\n    {\n        \"programId\": 5686,\n        \"programName\": \"Adobe Reader Modified\",\n        \"programDescription\": \"Testing edited Modified\",\n        \"online\": true\n    },\n    {\n        \"programId\": 5687,\n        \"programName\": \"Cucumber Modified\",\n        \"programDescription\": \"Testing edited Modified\",\n        \"online\": true\n    },\n    {\n        \"programId\": 5688,\n        \"programName\": \"string\",\n        \"programDescription\": \"string\",\n        \"online\": true\n    },\n    {\n        \"programId\": 5689,\n        \"programName\": \"VideoGame\",\n        \"programDescription\": \"user friendly\",\n        \"online\": true\n    },\n    {\n        \"programId\": 5690,\n        \"programName\": \"VideoGame\",\n        \"programDescription\": \"user friendly\",\n        \"online\": true\n    },\n    {\n        \"programId\": 5691,\n        \"programName\": \"VideoGame\",\n        \"programDescription\": \"user friendly\",\n        \"online\": true\n    },\n    {\n        \"programId\": 5692,\n        \"programName\": \"VideoGame\",\n        \"programDescription\": \"user friendly\",\n        \"online\": true\n    },\n    {\n        \"programId\": 5693,\n        \"programName\": \"VideoGame\",\n        \"programDescription\": \"user friendly\",\n        \"online\": true\n    },\n    {\n        \"programId\": 5694,\n        \"programName\": \"VideoGame\",\n        \"programDescription\": \"user friendly\",\n        \"online\": true\n    },\n    {\n        \"programId\": 5695,\n        \"programName\": \"VideoGame\",\n        \"programDescription\": \"user friendly\",\n        \"online\": true\n    },\n    {\n        \"programId\": 5696,\n        \"programName\": \"VideoGame\",\n        \"programDescription\": \"user friendly\",\n        \"online\": true\n    },\n    {\n        \"programId\": 5697,\n        \"programName\": \"VideoGame\",\n        \"programDescription\": \"user friendly\",\n        \"online\": true\n    },\n    {\n        \"programId\": 5698,\n        \"programName\": \"Testing\",\n        \"programDescription\": \"Testing\",\n        \"online\": true\n    },\n    {\n        \"programId\": 5699,\n        \"programName\": \"Testing\",\n        \"programDescription\": \"Testing\",\n        \"online\": true\n    },\n    {\n        \"programId\": 5700,\n        \"programName\": \"Testing\",\n        \"programDescription\": \"Testing\",\n        \"online\": true\n    },\n    {\n        \"programId\": 5701,\n        \"programName\": \"VideoGame\",\n        \"programDescription\": \"user friendly\",\n        \"online\": true\n    },\n    {\n        \"programId\": 5702,\n        \"programName\": \"VideoGame\",\n        \"programDescription\": \"user friendly\",\n        \"online\": true\n    },\n    {\n        \"programId\": 5703,\n        \"programName\": \"SDet new1\",\n        \"programDescription\": \"SDET1\",\n        \"online\": true\n    },\n    {\n        \"programId\": 5704,\n        \"programName\": \"SDet new1\",\n        \"programDescription\": \"SDET1\",\n        \"online\": true\n    },\n    {\n        \"programId\": 5705,\n        \"programName\": \"SDet new1\",\n        \"programDescription\": \"SDET1\",\n        \"online\": true\n    },\n    {\n        \"programId\": 5706,\n        \"programName\": \"SDet new1\",\n        \"programDescription\": \"SDET1\",\n        \"online\": true\n    },\n    {\n        \"programId\": 5707,\n        \"programName\": \"cucumber learning modified\",\n        \"programDescription\": \"cucumber learning\",\n        \"online\": false\n    },\n    {\n        \"programId\": 5708,\n        \"programName\": \"SDET\",\n        \"programDescription\": \"Selenium Postman\",\n        \"online\": true\n    },\n    {\n        \"programId\": 5709,\n        \"programName\": \"Blank testing\",\n        \"programDescription\": \"\",\n        \"online\": false\n    },\n    {\n        \"programId\": 5710,\n        \"programName\": \"API Testing\",\n        \"programDescription\": \"RestAssured Postman\",\n        \"online\": false\n    },\n    {\n        \"programId\": 5711,\n        \"programName\": \"API Testing\",\n        \"programDescription\": \"Selenium Postman\",\n        \"online\": false\n    },\n    {\n        \"programId\": 5712,\n        \"programName\": \"Updating ProgramName for 272\",\n        \"programDescription\": \"Updating programDescription\",\n        \"online\": false\n    },\n    {\n        \"programId\": 5713,\n        \"programName\": \"Testing\",\n        \"programDescription\": \"Testing\",\n        \"online\": true\n    },\n    {\n        \"programId\": 5714,\n        \"programName\": \"Updating ProgramName for 273\",\n        \"programDescription\": \"Updating programDescription\",\n        \"online\": true\n    },\n    {\n        \"programId\": 5715,\n        \"programName\": \"Testing\",\n        \"programDescription\": \"AutomationTesting\",\n        \"online\": true\n    },\n    {\n        \"programId\": 5716,\n        \"programName\": \"Willams\",\n        \"programDescription\": \"Testing modified\",\n        \"online\": true\n    },\n    {\n        \"programId\": 5717,\n        \"programName\": \"Testing API\",\n        \"programDescription\": \"Testing API\",\n        \"online\": true\n    },\n    {\n        \"programId\": 5681,\n        \"programName\": \"Java\",\n        \"programDescription\": \"Developer\",\n        \"online\": true\n    },\n    {\n        \"programId\": 5719,\n        \"programName\": \"Testing\",\n        \"programDescription\": \"Testing\",\n        \"online\": true\n    },\n    {\n        \"programId\": 5720,\n        \"programName\": \"Testing\",\n        \"programDescription\": \"Testing\",\n        \"online\": true\n    },\n    {\n        \"programId\": 5721,\n        \"programName\": \"Testing\",\n        \"programDescription\": \"Testing\",\n        \"online\": true\n    },\n    {\n        \"programId\": 5682,\n        \"programName\": \"Cypress Modified\",\n        \"programDescription\": \"Testing Modified\",\n        \"online\": false\n    },\n    {\n        \"programId\": 5663,\n        \"programName\": \"Python\",\n        \"programDescription\": \"Python\",\n        \"online\": true\n    },\n    {\n        \"programId\": 5665,\n        \"programName\": \"Selenium Training\",\n        \"programDescription\": \"Selenium with python\",\n        \"online\": true\n    },\n    {\n        \"programId\": 5722,\n        \"programName\": \"Testing\",\n        \"programDescription\": \"Testing\",\n        \"online\": true\n    },\n    {\n        \"programId\": 5723,\n        \"programName\": \"Testing\",\n        \"programDescription\": \"Testing\",\n        \"online\": true\n    },\n    {\n        \"programId\": 5724,\n        \"programName\": \"Testing\",\n        \"programDescription\": \"Testing\",\n        \"online\": true\n    },\n    {\n        \"programId\": 5725,\n        \"programName\": \"Testing\",\n        \"programDescription\": \"Testing\",\n        \"online\": true\n    },\n    {\n        \"programId\": 5726,\n        \"programName\": \"Testing\",\n        \"programDescription\": \"Testing\",\n        \"online\": true\n    },\n    {\n        \"programId\": 5727,\n        \"programName\": \"Testing\",\n        \"programDescription\": \"Testing\",\n        \"online\": true\n    },\n    {\n        \"programId\": 5369,\n        \"programName\": \"VideoGame 125\",\n        \"programDescription\": null,\n        \"online\": false\n    },\n    {\n        \"programId\": 7393,\n        \"programName\": \"testing modify\",\n        \"programDescription\": \"testing modify\",\n        \"online\": true\n    },\n    {\n        \"programId\": 9250,\n        \"programName\": \"int\",\n        \"programDescription\": \"hello\",\n        \"online\": false\n    },\n    {\n        \"programId\": 5731,\n        \"programName\": \"VideoGame\",\n        \"programDescription\": \"user friendly\",\n        \"online\": true\n    },\n    {\n        \"programId\": 5732,\n        \"programName\": \"Java 9 Training\",\n        \"programDescription\": \"Java 9 Training\",\n        \"online\": false\n    },\n    {\n        \"programId\": 5733,\n        \"programName\": \"Java 10 Training\",\n        \"programDescription\": \"Java 10 Training\",\n        \"online\": false\n    },\n    {\n        \"programId\": 5734,\n        \"programName\": \"Java 9 Training\",\n        \"programDescription\": \"Java 9 Training\",\n        \"online\": false\n    },\n    {\n        \"programId\": 5735,\n        \"programName\": \"Java 10 Training\",\n        \"programDescription\": \"Java 10 Training\",\n        \"online\": false\n    },\n    {\n        \"programId\": 5736,\n        \"programName\": \"Spring Training\",\n        \"programDescription\": \"Spring Boot\",\n        \"online\": false\n    },\n    {\n        \"programId\": 5737,\n        \"programName\": \"Selenium Training \",\n        \"programDescription\": \"Selenium and Java\",\n        \"online\": false\n    },\n    {\n        \"programId\": 5738,\n        \"programName\": \"Spring Training\",\n        \"programDescription\": \"Spring Boot\",\n        \"online\": false\n    },\n    {\n        \"programId\": 5739,\n        \"programName\": \"Selenium Training \",\n        \"programDescription\": \"Selenium and Java\",\n        \"online\": false\n    },\n    {\n        \"programId\": 5740,\n        \"programName\": \"Spring Training\",\n        \"programDescription\": \"Spring Boot\",\n        \"online\": false\n    },\n    {\n        \"programId\": 5741,\n        \"programName\": \"Selenium Training \",\n        \"programDescription\": \"Selenium and Java\",\n        \"online\": false\n    },\n    {\n        \"programId\": 5742,\n        \"programName\": \"Spring Training\",\n        \"programDescription\": \"Spring Boot\",\n        \"online\": false\n    },\n    {\n        \"programId\": 9251,\n        \"programName\": \"int\",\n        \"programDescription\": \"hello\",\n        \"online\": false\n    },\n    {\n        \"programId\": 5745,\n        \"programName\": \"Selenium Training \",\n        \"programDescription\": \"Selenium and Java\",\n        \"online\": false\n    },\n    {\n        \"programId\": 5747,\n        \"programName\": \"Selenium Training \",\n        \"programDescription\": \"Selenium and Java\",\n        \"online\": false\n    },\n    {\n        \"programId\": 5748,\n        \"programName\": \"Spring Training\",\n        \"programDescription\": \"Spring Boot\",\n        \"online\": false\n    },\n    {\n        \"programId\": 5749,\n        \"programName\": \"Selenium Training \",\n        \"programDescription\": \"Selenium and Java\",\n        \"online\": false\n    },\n    {\n        \"programId\": 5752,\n        \"programName\": \"Spring Training\",\n        \"programDescription\": \"Spring Boot\",\n        \"online\": false\n    },\n    {\n        \"programId\": 5753,\n        \"programName\": \"Selenium Training \",\n        \"programDescription\": \"Selenium and Java\",\n        \"online\": false\n    },\n    {\n        \"programId\": 5754,\n        \"programName\": \"Selenium Training \",\n        \"programDescription\": \"1234\",\n        \"online\": false\n    },\n    {\n        \"programId\": 5755,\n        \"programName\": \"RestAssured with Java\",\n        \"programDescription\": \"Learning RestAssured with Java\",\n        \"online\": true\n    },\n    {\n        \"programId\": 5756,\n        \"programName\": \"Testing\",\n        \"programDescription\": \"Testing\",\n        \"online\": true\n    },\n    {\n        \"programId\": 5841,\n        \"programName\": \"SDet new1\",\n        \"programDescription\": \"SDET1\",\n        \"online\": true\n    },\n    {\n        \"programId\": 5728,\n        \"programName\": \"DallasIT\",\n        \"programDescription\": \"INDIA\",\n        \"online\": true\n    },\n    {\n        \"programId\": 5757,\n        \"programName\": \"Monali\",\n        \"programDescription\": \"TestNG\",\n        \"online\": true\n    },\n    {\n        \"programId\": 5758,\n        \"programName\": \"RestAssured with Java\",\n        \"programDescription\": \"Learning RestAssured with Java\",\n        \"online\": true\n    },\n    {\n        \"programId\": 5759,\n        \"programName\": \"RestAssured with Java\",\n        \"programDescription\": \"Learning RestAssured with Java\",\n        \"online\": true\n    },\n    {\n        \"programId\": 5760,\n        \"programName\": \"Monali\",\n        \"programDescription\": \"TestNG\",\n        \"online\": true\n    },\n    {\n        \"programId\": 5761,\n        \"programName\": \"string34\",\n        \"programDescription\": \"string34\",\n        \"online\": true\n    },\n    {\n        \"programId\": 5762,\n        \"programName\": \"Testing\",\n        \"programDescription\": \"Testing\",\n        \"online\": true\n    },\n    {\n        \"programId\": 5763,\n        \"programName\": \"RestAssured with Java\",\n        \"programDescription\": \"Learning RestAssured with Java\",\n        \"online\": true\n    },\n    {\n        \"programId\": 5764,\n        \"programName\": \"cucumber learning modified\",\n        \"programDescription\": \"cucumber learning\",\n        \"online\": false\n    },\n    {\n        \"programId\": 5765,\n        \"programName\": \"SDET\",\n        \"programDescription\": \"Selenium Postman\",\n        \"online\": true\n    },\n    {\n        \"programId\": 5766,\n        \"programName\": \"Blank testing\",\n        \"programDescription\": \"\",\n        \"online\": false\n    },\n    {\n        \"programId\": 5767,\n        \"programName\": \"API Testing\",\n        \"programDescription\": \"RestAssured Postman\",\n        \"online\": false\n    },\n    {\n        \"programId\": 5768,\n        \"programName\": \"API Testing\",\n        \"programDescription\": \"Selenium Postman\",\n        \"online\": false\n    },\n    {\n        \"programId\": 5769,\n        \"programName\": \"Updating ProgramName for 272\",\n        \"programDescription\": \"Updating programDescription\",\n        \"online\": false\n    },\n    {\n        \"programId\": 5770,\n        \"programName\": \"Testing\",\n        \"programDescription\": \"Testing\",\n        \"online\": true\n    },\n    {\n        \"programId\": 5771,\n        \"programName\": \"Updating ProgramName for 273\",\n        \"programDescription\": \"Updating programDescription\",\n        \"online\": true\n    },\n    {\n        \"programId\": 5772,\n        \"programName\": \"Testing\",\n        \"programDescription\": \"AutomationTesting\",\n        \"online\": true\n    },\n    {\n        \"programId\": 5774,\n        \"programName\": \"C#\",\n        \"programDescription\": \"C# learning\",\n        \"online\": false\n    },\n    {\n        \"programId\": 5775,\n        \"programName\": \"Selenium\",\n        \"programDescription\": \"Selenium with Java\",\n        \"online\": true\n    },\n    {\n        \"programId\": 5776,\n        \"programName\": \"DotNet\",\n        \"programDescription\": \"DotNet\",\n        \"online\": false\n    },\n    {\n        \"programId\": 5777,\n        \"programName\": \"Website Creation\",\n        \"programDescription\": null,\n        \"online\": false\n    },\n    {\n        \"programId\": 5778,\n        \"programName\": \"SDet new1\",\n        \"programDescription\": \"SDET1\",\n        \"online\": true\n    },\n    {\n        \"programId\": 5779,\n        \"programName\": \"SDet new1\",\n        \"programDescription\": \"SDET1\",\n        \"online\": true\n    },\n    {\n        \"programId\": 5780,\n        \"programName\": \"SDet new1\",\n        \"programDescription\": \"SDET1\",\n        \"online\": true\n    },\n    {\n        \"programId\": 5781,\n        \"programName\": \"SDet new1\",\n        \"programDescription\": \"SDET1\",\n        \"online\": true\n    },\n    {\n        \"programId\": 5782,\n        \"programName\": \"SDet new1\",\n        \"programDescription\": \"SDET1\",\n        \"online\": true\n    },\n    {\n        \"programId\": 5783,\n        \"programName\": \"SDet new1\",\n        \"programDescription\": \"SDET1\",\n        \"online\": true\n    },\n    {\n        \"programId\": 5784,\n        \"programName\": \"SDET26\",\n        \"programDescription\": \"Automation testing\",\n        \"online\": true\n    },\n    {\n        \"programId\": 5785,\n        \"programName\": \"DS\",\n        \"programDescription\": \"data science\",\n        \"online\": false\n    },\n    {\n        \"programId\": 5786,\n        \"programName\": \"VideoGame\",\n        \"programDescription\": \"user friendly\",\n        \"online\": true\n    },\n    {\n        \"programId\": 5787,\n        \"programName\": \"SDET26\",\n        \"programDescription\": \"Automation testing\",\n        \"online\": true\n    },\n    {\n        \"programId\": 5788,\n        \"programName\": \"DS\",\n        \"programDescription\": \"data science\",\n        \"online\": false\n    },\n    {\n        \"programId\": 5789,\n        \"programName\": \"SDET26\",\n        \"programDescription\": \"Automation testing\",\n        \"online\": true\n    },\n    {\n        \"programId\": 5790,\n        \"programName\": \"DS\",\n        \"programDescription\": \"data science\",\n        \"online\": false\n    },\n    {\n        \"programId\": 5791,\n        \"programName\": \"SDET26\",\n        \"programDescription\": \"Automation testing\",\n        \"online\": true\n    },\n    {\n        \"programId\": 5792,\n        \"programName\": \"DS\",\n        \"programDescription\": \"data science\",\n        \"online\": false\n    },\n    {\n        \"programId\": 5794,\n        \"programName\": \"SDET26\",\n        \"programDescription\": \"Automation testing\",\n        \"online\": true\n    },\n    {\n        \"programId\": 5795,\n        \"programName\": \"DS\",\n        \"programDescription\": \"data science\",\n        \"online\": false\n    },\n    {\n        \"programId\": 5796,\n        \"programName\": \"SDET26\",\n        \"programDescription\": \"Automation testing\",\n        \"online\": true\n    },\n    {\n        \"programId\": 5797,\n        \"programName\": \"DS\",\n        \"programDescription\": \"data science\",\n        \"online\": false\n    },\n    {\n        \"programId\": 5798,\n        \"programName\": \"SDET26\",\n        \"programDescription\": \"Automation testing\",\n        \"online\": true\n    },\n    {\n        \"programId\": 5799,\n        \"programName\": \"DS\",\n        \"programDescription\": \"data science\",\n        \"online\": false\n    },\n    {\n        \"programId\": 5804,\n        \"programName\": \"JAVA\",\n        \"programDescription\": \"Automation Testing\",\n        \"online\": true\n    },\n    {\n        \"programId\": 5805,\n        \"programName\": \"batman\",\n        \"programDescription\": \"string\",\n        \"online\": true\n    },\n    {\n        \"programId\": 5806,\n        \"programName\": \"batman\",\n        \"programDescription\": \"string\",\n        \"online\": true\n    },\n    {\n        \"programId\": 5807,\n        \"programName\": \"batman\",\n        \"programDescription\": \"string\",\n        \"online\": true\n    },\n    {\n        \"programId\": 5808,\n        \"programName\": \"batman\",\n        \"programDescription\": \"string\",\n        \"online\": true\n    },\n    {\n        \"programId\": 5821,\n        \"programName\": \"REST Testing\",\n        \"programDescription\": \"Regression\",\n        \"online\": true\n    },\n    {\n        \"programId\": 5823,\n        \"programName\": \"Csharp\",\n        \"programDescription\": \"Testing\",\n        \"online\": true\n    },\n    {\n        \"programId\": 5824,\n        \"programName\": \"Cypress\",\n        \"programDescription\": \"Testing edited\",\n        \"online\": false\n    },\n    {\n        \"programId\": 5825,\n        \"programName\": \"CoralDraw\",\n        \"programDescription\": \"Testing edited\",\n        \"online\": true\n    },\n    {\n        \"programId\": 5826,\n        \"programName\": \"Adobe Reader\",\n        \"programDescription\": \"Testing edited\",\n        \"online\": true\n    },\n    {\n        \"programId\": 5827,\n        \"programName\": \"Selenium Modified\",\n        \"programDescription\": \"Testing Modified\",\n        \"online\": true\n    },\n    {\n        \"programId\": 5828,\n        \"programName\": \"Java\",\n        \"programDescription\": \"Testing\",\n        \"online\": false\n    },\n    {\n        \"programId\": 5829,\n        \"programName\": \"Java Modified\",\n        \"programDescription\": \"Testing Modified\",\n        \"online\": false\n    },\n    {\n        \"programId\": 5830,\n        \"programName\": \"Csharp\",\n        \"programDescription\": \"Testing\",\n        \"online\": true\n    },\n    {\n        \"programId\": 5831,\n        \"programName\": \"Csharp Modified\",\n        \"programDescription\": \"Testing Modified\",\n        \"online\": true\n    },\n    {\n        \"programId\": 5832,\n        \"programName\": \"Cypress\",\n        \"programDescription\": \"Testing edited\",\n        \"online\": false\n    },\n    {\n        \"programId\": 5833,\n        \"programName\": \"Cypress Modified\",\n        \"programDescription\": \"Testing edited Modified\",\n        \"online\": false\n    },\n    {\n        \"programId\": 5835,\n        \"programName\": \"CoralDraw Modified\",\n        \"programDescription\": \"Testing edited Modified\",\n        \"online\": true\n    },\n    {\n        \"programId\": 5837,\n        \"programName\": \"Adobe Reader Modified\",\n        \"programDescription\": \"Testing edited Modified\",\n        \"online\": true\n    },\n    {\n        \"programId\": 5838,\n        \"programName\": \"Cucumber Modified\",\n        \"programDescription\": \"Testing edited Modified\",\n        \"online\": true\n    },\n    {\n        \"programId\": 5842,\n        \"programName\": \"SDet new1\",\n        \"programDescription\": \"SDET1\",\n        \"online\": true\n    },\n    {\n        \"programId\": 5773,\n        \"programName\": \"Python\",\n        \"programDescription\": \"Python\",\n        \"online\": true\n    },\n    {\n        \"programId\": 5843,\n        \"programName\": \"SDet new1\",\n        \"programDescription\": \"SDET1\",\n        \"online\": true\n    },\n    {\n        \"programId\": 5743,\n        \"programName\": \"Selenium Training\",\n        \"programDescription\": \"Selenium with python\",\n        \"online\": true\n    },\n    {\n        \"programId\": 5746,\n        \"programName\": \"Test\",\n        \"programDescription\": \"sampleabc\",\n        \"online\": true\n    },\n    {\n        \"programId\": 5840,\n        \"programName\": \"Monali\",\n        \"programDescription\": \"TestNG\",\n        \"online\": true\n    },\n    {\n        \"programId\": 5395,\n        \"programName\": \"DallasIT\",\n        \"programDescription\": \"INDIA\",\n        \"online\": true\n    },\n    {\n        \"programId\": 5844,\n        \"programName\": \"Monali\",\n        \"programDescription\": \"TestNG\",\n        \"online\": true\n    },\n    {\n        \"programId\": 5845,\n        \"programName\": \"Monali\",\n        \"programDescription\": \"mytest\",\n        \"online\": true\n    },\n    {\n        \"programId\": 5822,\n        \"programName\": \"DallasIT\",\n        \"programDescription\": \"INDIA\",\n        \"online\": true\n    },\n    {\n        \"programId\": 5846,\n        \"programName\": \"SDet new1\",\n        \"programDescription\": \"SDET1\",\n        \"online\": true\n    },\n    {\n        \"programId\": 5847,\n        \"programName\": \"SDet new1\",\n        \"programDescription\": \"SDET1\",\n        \"online\": true\n    },\n    {\n        \"programId\": 5848,\n        \"programName\": \"SDet new1\",\n        \"programDescription\": \"SDET1\",\n        \"online\": true\n    },\n    {\n        \"programId\": 5600,\n        \"programName\": \"Developer\",\n        \"programDescription\": \"dd\",\n        \"online\": true\n    },\n    {\n        \"programId\": 5849,\n        \"programName\": \"cucumber learning modified\",\n        \"programDescription\": \"cucumber learning\",\n        \"online\": false\n    },\n    {\n        \"programId\": 5851,\n        \"programName\": \"Blank testing\",\n        \"programDescription\": \"\",\n        \"online\": false\n    },\n    {\n        \"programId\": 5852,\n        \"programName\": \"API Testing\",\n        \"programDescription\": \"RestAssured Postman\",\n        \"online\": false\n    },\n    {\n        \"programId\": 5853,\n        \"programName\": \"API Testing\",\n        \"programDescription\": \"Selenium Postman\",\n        \"online\": false\n    },\n    {\n        \"programId\": 5854,\n        \"programName\": \"Updating ProgramName for 272\",\n        \"programDescription\": \"Updating programDescription\",\n        \"online\": false\n    },\n    {\n        \"programId\": 5855,\n        \"programName\": \"Testing\",\n        \"programDescription\": \"Testing\",\n        \"online\": true\n    },\n    {\n        \"programId\": 5856,\n        \"programName\": \"Updating ProgramName for 273\",\n        \"programDescription\": \"Updating programDescription\",\n        \"online\": true\n    },\n    {\n        \"programId\": 5857,\n        \"programName\": \"Testing\",\n        \"programDescription\": \"AutomationTesting\",\n        \"online\": true\n    },\n    {\n        \"programId\": 5858,\n        \"programName\": \"cucumber learning modified\",\n        \"programDescription\": \"cucumber learning\",\n        \"online\": false\n    },\n    {\n        \"programId\": 5859,\n        \"programName\": \"SDET\",\n        \"programDescription\": \"Selenium Postman\",\n        \"online\": true\n    },\n    {\n        \"programId\": 5860,\n        \"programName\": \"Blank testing\",\n        \"programDescription\": \"\",\n        \"online\": false\n    },\n    {\n        \"programId\": 5861,\n        \"programName\": \"API Testing\",\n        \"programDescription\": \"RestAssured Postman\",\n        \"online\": false\n    },\n    {\n        \"programId\": 5862,\n        \"programName\": \"API Testing\",\n        \"programDescription\": \"Selenium Postman\",\n        \"online\": false\n    },\n    {\n        \"programId\": 6112,\n        \"programName\": \"Testing\",\n        \"programDescription\": \"Testing\",\n        \"online\": true\n    },\n    {\n        \"programId\": 5863,\n        \"programName\": \"Updating ProgramName for 272\",\n        \"programDescription\": \"Updating programDescription\",\n        \"online\": false\n    },\n    {\n        \"programId\": 5864,\n        \"programName\": \"Testing\",\n        \"programDescription\": \"Testing\",\n        \"online\": true\n    },\n    {\n        \"programId\": 5865,\n        \"programName\": \"Updating ProgramName for 273\",\n        \"programDescription\": \"Updating programDescription\",\n        \"online\": true\n    },\n    {\n        \"programId\": 5866,\n        \"programName\": \"Testing\",\n        \"programDescription\": \"AutomationTesting\",\n        \"online\": true\n    },\n    {\n        \"programId\": 5867,\n        \"programName\": \"cucumber learning modified\",\n        \"programDescription\": \"cucumber learning\",\n        \"online\": false\n    },\n    {\n        \"programId\": 5868,\n        \"programName\": \"SDET\",\n        \"programDescription\": \"Selenium Postman\",\n        \"online\": true\n    },\n    {\n        \"programId\": 5869,\n        \"programName\": \"Blank testing\",\n        \"programDescription\": \"\",\n        \"online\": false\n    },\n    {\n        \"programId\": 5870,\n        \"programName\": \"API Testing\",\n        \"programDescription\": \"RestAssured Postman\",\n        \"online\": false\n    },\n    {\n        \"programId\": 5871,\n        \"programName\": \"API Testing\",\n        \"programDescription\": \"Selenium Postman\",\n        \"online\": false\n    },\n    {\n        \"programId\": 5872,\n        \"programName\": \"Updating ProgramName for 272\",\n        \"programDescription\": \"Updating programDescription\",\n        \"online\": false\n    },\n    {\n        \"programId\": 5873,\n        \"programName\": \"Testing\",\n        \"programDescription\": \"Testing\",\n        \"online\": true\n    },\n    {\n        \"programId\": 5874,\n        \"programName\": \"Updating ProgramName for 273\",\n        \"programDescription\": \"Updating programDescription\",\n        \"online\": true\n    },\n    {\n        \"programId\": 5875,\n        \"programName\": \"Testing\",\n        \"programDescription\": \"AutomationTesting\",\n        \"online\": true\n    },\n    {\n        \"programId\": 5876,\n        \"programName\": \"cucumber learning modified\",\n        \"programDescription\": \"cucumber learning\",\n        \"online\": false\n    },\n    {\n        \"programId\": 5877,\n        \"programName\": \"SDET\",\n        \"programDescription\": \"Selenium Postman\",\n        \"online\": true\n    },\n    {\n        \"programId\": 5878,\n        \"programName\": \"Blank testing\",\n        \"programDescription\": \"\",\n        \"online\": false\n    },\n    {\n        \"programId\": 5879,\n        \"programName\": \"API Testing\",\n        \"programDescription\": \"RestAssured Postman\",\n        \"online\": false\n    },\n    {\n        \"programId\": 5880,\n        \"programName\": \"API Testing\",\n        \"programDescription\": \"Selenium Postman\",\n        \"online\": false\n    },\n    {\n        \"programId\": 5881,\n        \"programName\": \"Updating ProgramName for 272\",\n        \"programDescription\": \"Updating programDescription\",\n        \"online\": false\n    },\n    {\n        \"programId\": 5882,\n        \"programName\": \"Testing\",\n        \"programDescription\": \"Testing\",\n        \"online\": true\n    },\n    {\n        \"programId\": 5883,\n        \"programName\": \"Updating ProgramName for 273\",\n        \"programDescription\": \"Updating programDescription\",\n        \"online\": true\n    },\n    {\n        \"programId\": 5884,\n        \"programName\": \"Testing\",\n        \"programDescription\": \"AutomationTesting\",\n        \"online\": true\n    },\n    {\n        \"programId\": 5885,\n        \"programName\": \"cucumber learning modified\",\n        \"programDescription\": \"cucumber learning\",\n        \"online\": false\n    },\n    {\n        \"programId\": 5886,\n        \"programName\": \"SDET\",\n        \"programDescription\": \"Selenium Postman\",\n        \"online\": true\n    },\n    {\n        \"programId\": 5887,\n        \"programName\": \"Blank testing\",\n        \"programDescription\": \"\",\n        \"online\": false\n    },\n    {\n        \"programId\": 5888,\n        \"programName\": \"API Testing\",\n        \"programDescription\": \"RestAssured Postman\",\n        \"online\": false\n    },\n    {\n        \"programId\": 5889,\n        \"programName\": \"API Testing\",\n        \"programDescription\": \"Selenium Postman\",\n        \"online\": false\n    },\n    {\n        \"programId\": 5890,\n        \"programName\": \"Updating ProgramName for 272\",\n        \"programDescription\": \"Updating programDescription\",\n        \"online\": false\n    },\n    {\n        \"programId\": 5891,\n        \"programName\": \"Testing\",\n        \"programDescription\": \"Testing\",\n        \"online\": true\n    },\n    {\n        \"programId\": 5892,\n        \"programName\": \"Updating ProgramName for 273\",\n        \"programDescription\": \"Updating programDescription\",\n        \"online\": true\n    },\n    {\n        \"programId\": 5893,\n        \"programName\": \"Testing\",\n        \"programDescription\": \"AutomationTesting\",\n        \"online\": true\n    },\n    {\n        \"programId\": 5894,\n        \"programName\": \"cucumber learning modified\",\n        \"programDescription\": \"cucumber learning\",\n        \"online\": false\n    },\n    {\n        \"programId\": 5895,\n        \"programName\": \"SDET\",\n        \"programDescription\": \"Selenium Postman\",\n        \"online\": true\n    },\n    {\n        \"programId\": 5896,\n        \"programName\": \"Blank testing\",\n        \"programDescription\": \"\",\n        \"online\": false\n    },\n    {\n        \"programId\": 5897,\n        \"programName\": \"API Testing\",\n        \"programDescription\": \"RestAssured Postman\",\n        \"online\": false\n    },\n    {\n        \"programId\": 5898,\n        \"programName\": \"API Testing\",\n        \"programDescription\": \"Selenium Postman\",\n        \"online\": false\n    },\n    {\n        \"programId\": 5899,\n        \"programName\": \"Updating ProgramName for 272\",\n        \"programDescription\": \"Updating programDescription\",\n        \"online\": false\n    },\n    {\n        \"programId\": 5900,\n        \"programName\": \"Testing\",\n        \"programDescription\": \"Testing\",\n        \"online\": true\n    },\n    {\n        \"programId\": 5901,\n        \"programName\": \"Updating ProgramName for 273\",\n        \"programDescription\": \"Updating programDescription\",\n        \"online\": true\n    },\n    {\n        \"programId\": 5902,\n        \"programName\": \"Testing\",\n        \"programDescription\": \"AutomationTesting\",\n        \"online\": true\n    },\n    {\n        \"programId\": 5903,\n        \"programName\": \"cucumber learning modified\",\n        \"programDescription\": \"cucumber learning\",\n        \"online\": false\n    },\n    {\n        \"programId\": 5904,\n        \"programName\": \"SDET\",\n        \"programDescription\": \"Selenium Postman\",\n        \"online\": true\n    },\n    {\n        \"programId\": 5905,\n        \"programName\": \"Blank testing\",\n        \"programDescription\": \"\",\n        \"online\": false\n    },\n    {\n        \"programId\": 5906,\n        \"programName\": \"API Testing\",\n        \"programDescription\": \"RestAssured Postman\",\n        \"online\": false\n    },\n    {\n        \"programId\": 5907,\n        \"programName\": \"API Testing\",\n        \"programDescription\": \"Selenium Postman\",\n        \"online\": false\n    },\n    {\n        \"programId\": 5908,\n        \"programName\": \"Updating ProgramName for 272\",\n        \"programDescription\": \"Updating programDescription\",\n        \"online\": false\n    },\n    {\n        \"programId\": 5909,\n        \"programName\": \"Testing\",\n        \"programDescription\": \"Testing\",\n        \"online\": true\n    },\n    {\n        \"programId\": 5910,\n        \"programName\": \"Updating ProgramName for 273\",\n        \"programDescription\": \"Updating programDescription\",\n        \"online\": true\n    },\n    {\n        \"programId\": 5911,\n        \"programName\": \"Testing\",\n        \"programDescription\": \"AutomationTesting\",\n        \"online\": true\n    },\n    {\n        \"programId\": 5912,\n        \"programName\": \"cucumber learning modified\",\n        \"programDescription\": \"cucumber learning\",\n        \"online\": false\n    },\n    {\n        \"programId\": 5913,\n        \"programName\": \"SDET\",\n        \"programDescription\": \"Selenium Postman\",\n        \"online\": true\n    },\n    {\n        \"programId\": 5914,\n        \"programName\": \"Blank testing\",\n        \"programDescription\": \"\",\n        \"online\": false\n    },\n    {\n        \"programId\": 5915,\n        \"programName\": \"API Testing\",\n        \"programDescription\": \"RestAssured Postman\",\n        \"online\": false\n    },\n    {\n        \"programId\": 5916,\n        \"programName\": \"API Testing\",\n        \"programDescription\": \"Selenium Postman\",\n        \"online\": false\n    },\n    {\n        \"programId\": 5917,\n        \"programName\": \"Updating ProgramName for 272\",\n        \"programDescription\": \"Updating programDescription\",\n        \"online\": false\n    },\n    {\n        \"programId\": 5918,\n        \"programName\": \"Testing\",\n        \"programDescription\": \"Testing\",\n        \"online\": true\n    },\n    {\n        \"programId\": 5919,\n        \"programName\": \"Updating ProgramName for 273\",\n        \"programDescription\": \"Updating programDescription\",\n        \"online\": true\n    },\n    {\n        \"programId\": 5920,\n        \"programName\": \"Testing\",\n        \"programDescription\": \"AutomationTesting\",\n        \"online\": true\n    },\n    {\n        \"programId\": 5921,\n        \"programName\": \"Monali\",\n        \"programDescription\": \"TestNG\",\n        \"online\": true\n    },\n    {\n        \"programId\": 5922,\n        \"programName\": \"Monali\",\n        \"programDescription\": \"mytest\",\n        \"online\": true\n    },\n    {\n        \"programId\": 5923,\n        \"programName\": \"Monali\",\n        \"programDescription\": \"TestNG1\",\n        \"online\": true\n    },\n    {\n        \"programId\": 5924,\n        \"programName\": \"Java\",\n        \"programDescription\": \"Testing\",\n        \"online\": false\n    },\n    {\n        \"programId\": 5925,\n        \"programName\": \"Csharp\",\n        \"programDescription\": \"Testing\",\n        \"online\": true\n    },\n    {\n        \"programId\": 5926,\n        \"programName\": \"Cypress\",\n        \"programDescription\": \"Testing edited\",\n        \"online\": false\n    },\n    {\n        \"programId\": 5927,\n        \"programName\": \"CoralDraw\",\n        \"programDescription\": \"Testing edited\",\n        \"online\": true\n    },\n    {\n        \"programId\": 5928,\n        \"programName\": \"Adobe Reader\",\n        \"programDescription\": \"Testing edited\",\n        \"online\": true\n    },\n    {\n        \"programId\": 5929,\n        \"programName\": \"Selenium Modified\",\n        \"programDescription\": \"Testing Modified\",\n        \"online\": true\n    },\n    {\n        \"programId\": 5930,\n        \"programName\": \"Java\",\n        \"programDescription\": \"Testing\",\n        \"online\": false\n    },\n    {\n        \"programId\": 5931,\n        \"programName\": \"Java Modified\",\n        \"programDescription\": \"Testing Modified\",\n        \"online\": false\n    },\n    {\n        \"programId\": 5932,\n        \"programName\": \"Csharp\",\n        \"programDescription\": \"Testing\",\n        \"online\": true\n    },\n    {\n        \"programId\": 5933,\n        \"programName\": \"Csharp Modified\",\n        \"programDescription\": \"Testing Modified\",\n        \"online\": true\n    },\n    {\n        \"programId\": 5934,\n        \"programName\": \"Cypress\",\n        \"programDescription\": \"Testing edited\",\n        \"online\": false\n    },\n    {\n        \"programId\": 5935,\n        \"programName\": \"Cypress Modified\",\n        \"programDescription\": \"Testing edited Modified\",\n        \"online\": false\n    },\n    {\n        \"programId\": 5936,\n        \"programName\": \"CoralDraw\",\n        \"programDescription\": \"Testing edited\",\n        \"online\": true\n    },\n    {\n        \"programId\": 5937,\n        \"programName\": \"CoralDraw Modified\",\n        \"programDescription\": \"Testing edited Modified\",\n        \"online\": true\n    },\n    {\n        \"programId\": 5938,\n        \"programName\": \"Adobe Reader\",\n        \"programDescription\": \"Testing edited\",\n        \"online\": true\n    },\n    {\n        \"programId\": 5939,\n        \"programName\": \"Adobe Reader Modified\",\n        \"programDescription\": \"Testing edited Modified\",\n        \"online\": true\n    },\n    {\n        \"programId\": 5940,\n        \"programName\": \"Cucumber Modified\",\n        \"programDescription\": \"Testing edited Modified\",\n        \"online\": true\n    },\n    {\n        \"programId\": 5941,\n        \"programName\": \"SDET26\",\n        \"programDescription\": \"Automation testing\",\n        \"online\": true\n    },\n    {\n        \"programId\": 5942,\n        \"programName\": \"DS\",\n        \"programDescription\": \"data science\",\n        \"online\": false\n    },\n    {\n        \"programId\": 5943,\n        \"programName\": \"SDET26\",\n        \"programDescription\": \"Automation testing\",\n        \"online\": true\n    },\n    {\n        \"programId\": 5944,\n        \"programName\": \"DS\",\n        \"programDescription\": \"data science\",\n        \"online\": false\n    },\n    {\n        \"programId\": 5945,\n        \"programName\": \"SDET26\",\n        \"programDescription\": \"Automation testing\",\n        \"online\": true\n    },\n    {\n        \"programId\": 5946,\n        \"programName\": \"DS\",\n        \"programDescription\": \"data science\",\n        \"online\": false\n    },\n    {\n        \"programId\": 5947,\n        \"programName\": \"SDET26\",\n        \"programDescription\": \"Automation testing\",\n        \"online\": true\n    },\n    {\n        \"programId\": 5948,\n        \"programName\": \"DS\",\n        \"programDescription\": \"data science\",\n        \"online\": false\n    },\n    {\n        \"programId\": 5949,\n        \"programName\": \"SDET26\",\n        \"programDescription\": \"Automation testing\",\n        \"online\": true\n    },\n    {\n        \"programId\": 5950,\n        \"programName\": \"DS\",\n        \"programDescription\": \"data science\",\n        \"online\": false\n    },\n    {\n        \"programId\": 5951,\n        \"programName\": \"SDET26\",\n        \"programDescription\": \"Automation testing\",\n        \"online\": true\n    },\n    {\n        \"programId\": 5952,\n        \"programName\": \"DS\",\n        \"programDescription\": \"data science\",\n        \"online\": false\n    },\n    {\n        \"programId\": 5953,\n        \"programName\": \"SDET26\",\n        \"programDescription\": \"Automation testing\",\n        \"online\": true\n    },\n    {\n        \"programId\": 5954,\n        \"programName\": \"DS\",\n        \"programDescription\": \"data science\",\n        \"online\": false\n    },\n    {\n        \"programId\": 5955,\n        \"programName\": \"SDET26\",\n        \"programDescription\": \"Automation testing\",\n        \"online\": true\n    },\n    {\n        \"programId\": 5956,\n        \"programName\": \"DS\",\n        \"programDescription\": \"data science\",\n        \"online\": false\n    },\n    {\n        \"programId\": 5957,\n        \"programName\": \"SDET26\",\n        \"programDescription\": \"Automation testing\",\n        \"online\": true\n    },\n    {\n        \"programId\": 5958,\n        \"programName\": \"DS\",\n        \"programDescription\": \"data science\",\n        \"online\": false\n    },\n    {\n        \"programId\": 5959,\n        \"programName\": \"SDET26\",\n        \"programDescription\": \"Automation testing\",\n        \"online\": true\n    },\n    {\n        \"programId\": 5960,\n        \"programName\": \"DS\",\n        \"programDescription\": \"data science\",\n        \"online\": false\n    },\n    {\n        \"programId\": 5961,\n        \"programName\": \"Testing\",\n        \"programDescription\": \"Testing\",\n        \"online\": true\n    },\n    {\n        \"programId\": 5962,\n        \"programName\": \"password\",\n        \"programDescription\": \"admin\",\n        \"online\": false\n    },\n    {\n        \"programId\": 5963,\n        \"programName\": \"Java\",\n        \"programDescription\": \"Testing\",\n        \"online\": false\n    },\n    {\n        \"programId\": 5964,\n        \"programName\": \"Csharp\",\n        \"programDescription\": \"Testing\",\n        \"online\": true\n    },\n    {\n        \"programId\": 5965,\n        \"programName\": \"Cypress\",\n        \"programDescription\": \"Testing edited\",\n        \"online\": false\n    },\n    {\n        \"programId\": 5966,\n        \"programName\": \"CoralDraw\",\n        \"programDescription\": \"Testing edited\",\n        \"online\": true\n    },\n    {\n        \"programId\": 5967,\n        \"programName\": \"Adobe Reader\",\n        \"programDescription\": \"Testing edited\",\n        \"online\": true\n    },\n    {\n        \"programId\": 5968,\n        \"programName\": \"Selenium Modified\",\n        \"programDescription\": \"Testing Modified\",\n        \"online\": true\n    },\n    {\n        \"programId\": 5969,\n        \"programName\": \"Java\",\n        \"programDescription\": \"Testing\",\n        \"online\": false\n    },\n    {\n        \"programId\": 5970,\n        \"programName\": \"Java Modified\",\n        \"programDescription\": \"Testing Modified\",\n        \"online\": false\n    },\n    {\n        \"programId\": 5971,\n        \"programName\": \"Csharp\",\n        \"programDescription\": \"Testing\",\n        \"online\": true\n    },\n    {\n        \"programId\": 5972,\n        \"programName\": \"Csharp Modified\",\n        \"programDescription\": \"Testing Modified\",\n        \"online\": true\n    },\n    {\n        \"programId\": 5973,\n        \"programName\": \"Cypress\",\n        \"programDescription\": \"Testing edited\",\n        \"online\": false\n    },\n    {\n        \"programId\": 5974,\n        \"programName\": \"Cypress Modified\",\n        \"programDescription\": \"Testing edited Modified\",\n        \"online\": false\n    },\n    {\n        \"programId\": 5975,\n        \"programName\": \"CoralDraw\",\n        \"programDescription\": \"Testing edited\",\n        \"online\": true\n    },\n    {\n        \"programId\": 5976,\n        \"programName\": \"CoralDraw Modified\",\n        \"programDescription\": \"Testing edited Modified\",\n        \"online\": true\n    },\n    {\n        \"programId\": 5977,\n        \"programName\": \"Adobe Reader\",\n        \"programDescription\": \"Testing edited\",\n        \"online\": true\n    },\n    {\n        \"programId\": 5978,\n        \"programName\": \"Adobe Reader Modified\",\n        \"programDescription\": \"Testing edited Modified\",\n        \"online\": true\n    },\n    {\n        \"programId\": 5979,\n        \"programName\": \"Cucumber Modified\",\n        \"programDescription\": \"Testing edited Modified\",\n        \"online\": true\n    },\n    {\n        \"programId\": 5980,\n        \"programName\": \"password\",\n        \"programDescription\": \"admin\",\n        \"online\": false\n    },\n    {\n        \"programId\": 5981,\n        \"programName\": \"SDET26\",\n        \"programDescription\": \"Automation testing\",\n        \"online\": true\n    },\n    {\n        \"programId\": 5982,\n        \"programName\": \"DS\",\n        \"programDescription\": \"data science\",\n        \"online\": false\n    },\n    {\n        \"programId\": 5983,\n        \"programName\": \"SDET26\",\n        \"programDescription\": \"Automation testing\",\n        \"online\": true\n    },\n    {\n        \"programId\": 5984,\n        \"programName\": \"DS\",\n        \"programDescription\": \"data science\",\n        \"online\": false\n    },\n    {\n        \"programId\": 5985,\n        \"programName\": \"SDET26\",\n        \"programDescription\": \"Automation testing\",\n        \"online\": true\n    },\n    {\n        \"programId\": 5986,\n        \"programName\": \"SDET26\",\n        \"programDescription\": \"Automation testing\",\n        \"online\": true\n    },\n    {\n        \"programId\": 5987,\n        \"programName\": \"password\",\n        \"programDescription\": \"admin\",\n        \"online\": true\n    },\n    {\n        \"programId\": 5988,\n        \"programName\": \"string\",\n        \"programDescription\": \"string\",\n        \"online\": true\n    },\n    {\n        \"programId\": 5989,\n        \"programName\": \"string\",\n        \"programDescription\": \"string\",\n        \"online\": true\n    },\n    {\n        \"programId\": 5990,\n        \"programName\": \"password\",\n        \"programDescription\": \"admin\",\n        \"online\": true\n    },\n    {\n        \"programId\": 5991,\n        \"programName\": \"string\",\n        \"programDescription\": \"string\",\n        \"online\": true\n    },\n    {\n        \"programId\": 5992,\n        \"programName\": \"SDET26\",\n        \"programDescription\": \"Automation testing\",\n        \"online\": true\n    },\n    {\n        \"programId\": 5993,\n        \"programName\": \"DS\",\n        \"programDescription\": \"data science\",\n        \"online\": false\n    },\n    {\n        \"programId\": 5994,\n        \"programName\": \"three years experience\",\n        \"programDescription\": \"Tester\",\n        \"online\": true\n    },\n    {\n        \"programId\": 5995,\n        \"programName\": \"Fresher\",\n        \"programDescription\": \"Developer\",\n        \"online\": true\n    },\n    {\n        \"programId\": 5996,\n        \"programName\": \"SDET26\",\n        \"programDescription\": \"Automation testing\",\n        \"online\": true\n    },\n    {\n        \"programId\": 5997,\n        \"programName\": \"string\",\n        \"programDescription\": \"string\",\n        \"online\": true\n    },\n    {\n        \"programId\": 5998,\n        \"programName\": \"Cadaats\",\n        \"programDescription\": \"testingpostman\",\n        \"online\": true\n    },\n    {\n        \"programId\": 6000,\n        \"programName\": \"SDET26\",\n        \"programDescription\": \"Automation testing\",\n        \"online\": true\n    },\n    {\n        \"programId\": 6001,\n        \"programName\": \"DS\",\n        \"programDescription\": \"data science\",\n        \"online\": false\n    },\n    {\n        \"programId\": 6002,\n        \"programName\": \"SDET26\",\n        \"programDescription\": \"Automation testing\",\n        \"online\": true\n    },\n    {\n        \"programId\": 6003,\n        \"programName\": \"DS\",\n        \"programDescription\": \"data science\",\n        \"online\": false\n    },\n    {\n        \"programId\": 6004,\n        \"programName\": \"SDET26\",\n        \"programDescription\": \"Automation testing\",\n        \"online\": true\n    },\n    {\n        \"programId\": 6005,\n        \"programName\": \"DS\",\n        \"programDescription\": \"data science\",\n        \"online\": false\n    },\n    {\n        \"programId\": 6006,\n        \"programName\": \"SDET26\",\n        \"programDescription\": \"Automation testing\",\n        \"online\": true\n    },\n    {\n        \"programId\": 6007,\n        \"programName\": \"DS\",\n        \"programDescription\": \"data science\",\n        \"online\": false\n    },\n    {\n        \"programId\": 6008,\n        \"programName\": \"Cadaats\",\n        \"programDescription\": \"testingpostman\",\n        \"online\": true\n    },\n    {\n        \"programId\": 6009,\n        \"programName\": \"SDET26\",\n        \"programDescription\": \"Automation testing\",\n        \"online\": true\n    },\n    {\n        \"programId\": 6010,\n        \"programName\": \"DS\",\n        \"programDescription\": \"data science\",\n        \"online\": false\n    },\n    {\n        \"programId\": 6011,\n        \"programName\": \"SDET26\",\n        \"programDescription\": \"Automation testing\",\n        \"online\": true\n    },\n    {\n        \"programId\": 6012,\n        \"programName\": \"DS\",\n        \"programDescription\": \"data science\",\n        \"online\": false\n    },\n    {\n        \"programId\": 6013,\n        \"programName\": \"SDET26\",\n        \"programDescription\": \"Automation testing\",\n        \"online\": true\n    },\n    {\n        \"programId\": 6014,\n        \"programName\": \"DS\",\n        \"programDescription\": \"data science\",\n        \"online\": false\n    },\n    {\n        \"programId\": 6015,\n        \"programName\": \"SDET26\",\n        \"programDescription\": \"Automation testing\",\n        \"online\": true\n    },\n    {\n        \"programId\": 6016,\n        \"programName\": \"DS\",\n        \"programDescription\": \"data science\",\n        \"online\": false\n    },\n    {\n        \"programId\": 6017,\n        \"programName\": \"string\",\n        \"programDescription\": \"string\",\n        \"online\": true\n    },\n    {\n        \"programId\": 6018,\n        \"programName\": \"SDET26\",\n        \"programDescription\": \"Automation testing\",\n        \"online\": true\n    },\n    {\n        \"programId\": 6019,\n        \"programName\": \"DS\",\n        \"programDescription\": \"data science\",\n        \"online\": false\n    },\n    {\n        \"programId\": 6020,\n        \"programName\": \"SDET26\",\n        \"programDescription\": \"Automation testing\",\n        \"online\": true\n    },\n    {\n        \"programId\": 6021,\n        \"programName\": \"DS\",\n        \"programDescription\": \"data science\",\n        \"online\": false\n    },\n    {\n        \"programId\": 6022,\n        \"programName\": \"Testing\",\n        \"programDescription\": \"Testing\",\n        \"online\": true\n    },\n    {\n        \"programId\": 6023,\n        \"programName\": \"SDET26\",\n        \"programDescription\": \"Automation testing\",\n        \"online\": true\n    },\n    {\n        \"programId\": 6024,\n        \"programName\": \"DS\",\n        \"programDescription\": \"data science\",\n        \"online\": false\n    },\n    {\n        \"programId\": 6025,\n        \"programName\": \"Scrum master\",\n        \"programDescription\": \"management\",\n        \"online\": true\n    },\n    {\n        \"programId\": 6026,\n        \"programName\": \"SDET\",\n        \"programDescription\": \"api\",\n        \"online\": true\n    },\n    {\n        \"programId\": 6027,\n        \"programName\": \"SDET123\",\n        \"programDescription\": \"\",\n        \"online\": true\n    },\n    {\n        \"programId\": 6028,\n        \"programName\": \"SDET\",\n        \"programDescription\": \"\",\n        \"online\": true\n    },\n    {\n        \"programId\": 6029,\n        \"programName\": \"SDET123\",\n        \"programDescription\": \"1\",\n        \"online\": true\n    },\n    {\n        \"programId\": 6030,\n        \"programName\": \"Scrum master\",\n        \"programDescription\": \"management\",\n        \"online\": true\n    },\n    {\n        \"programId\": 6031,\n        \"programName\": \"SDET\",\n        \"programDescription\": \"api\",\n        \"online\": true\n    },\n    {\n        \"programId\": 6032,\n        \"programName\": \"SDET\",\n        \"programDescription\": \"api\",\n        \"online\": true\n    },\n    {\n        \"programId\": 6033,\n        \"programName\": \"SDET26\",\n        \"programDescription\": \"Automation testing\",\n        \"online\": true\n    },\n    {\n        \"programId\": 6034,\n        \"programName\": \"DS\",\n        \"programDescription\": \"data science\",\n        \"online\": false\n    },\n    {\n        \"programId\": 6035,\n        \"programName\": \"string\",\n        \"programDescription\": \"string\",\n        \"online\": true\n    },\n    {\n        \"programId\": 6036,\n        \"programName\": \"NewProgram\",\n        \"programDescription\": \"New Program for Java\",\n        \"online\": false\n    },\n    {\n        \"programId\": 6037,\n        \"programName\": \"SDET\",\n        \"programDescription\": \"Automation\",\n        \"online\": true\n    },\n    {\n        \"programId\": 6038,\n        \"programName\": \"SDET\",\n        \"programDescription\": \"Automation\",\n        \"online\": true\n    },\n    {\n        \"programId\": 6039,\n        \"programName\": \"string\",\n        \"programDescription\": \"string\",\n        \"online\": true\n    },\n    {\n        \"programId\": 6040,\n        \"programName\": \"DS\",\n        \"programDescription\": \"Datascience\",\n        \"online\": true\n    },\n    {\n        \"programId\": 7394,\n        \"programName\": \"testing modify\",\n        \"programDescription\": \"testing modify\",\n        \"online\": true\n    },\n    {\n        \"programId\": 6042,\n        \"programName\": \"Testing\",\n        \"programDescription\": \"Testing\",\n        \"online\": true\n    },\n    {\n        \"programId\": 6043,\n        \"programName\": \"three years experience\",\n        \"programDescription\": \"Tester\",\n        \"online\": true\n    },\n    {\n        \"programId\": 6044,\n        \"programName\": \"Fresher\",\n        \"programDescription\": \"Developer\",\n        \"online\": true\n    },\n    {\n        \"programId\": 6045,\n        \"programName\": \"three years experience\",\n        \"programDescription\": \"Tester\",\n        \"online\": true\n    },\n    {\n        \"programId\": 6046,\n        \"programName\": \"Fresher\",\n        \"programDescription\": \"Developer\",\n        \"online\": true\n    },\n    {\n        \"programId\": 6047,\n        \"programName\": \"testing modified\",\n        \"programDescription\": \"testing modified\",\n        \"online\": true\n    },\n    {\n        \"programId\": 6048,\n        \"programName\": \"string\",\n        \"programDescription\": \"string\",\n        \"online\": true\n    },\n    {\n        \"programId\": 6049,\n        \"programName\": \"string\",\n        \"programDescription\": \"string\",\n        \"online\": true\n    },\n    {\n        \"programId\": 6050,\n        \"programName\": \"string\",\n        \"programDescription\": \"string\",\n        \"online\": true\n    },\n    {\n        \"programId\": 6051,\n        \"programName\": \"string\",\n        \"programDescription\": \"string\",\n        \"online\": true\n    },\n    {\n        \"programId\": 6052,\n        \"programName\": \"string\",\n        \"programDescription\": \"string\",\n        \"online\": true\n    },\n    {\n        \"programId\": 6053,\n        \"programName\": \"string\",\n        \"programDescription\": \"string\",\n        \"online\": true\n    },\n    {\n        \"programId\": 6054,\n        \"programName\": \"Testing modified\",\n        \"programDescription\": \"Testing modified\",\n        \"online\": true\n    },\n    {\n        \"programId\": 6055,\n        \"programName\": \"Testing modified\",\n        \"programDescription\": \"Testing modified\",\n        \"online\": true\n    },\n    {\n        \"programId\": 6056,\n        \"programName\": \"Testing modified\",\n        \"programDescription\": \"Testing modified\",\n        \"online\": true\n    },\n    {\n        \"programId\": 9253,\n        \"programName\": \"via automation programName\",\n        \"programDescription\": \"via automation programDescription\",\n        \"online\": true\n    },\n    {\n        \"programId\": 6058,\n        \"programName\": \"Java\",\n        \"programDescription\": \"Testing\",\n        \"online\": false\n    },\n    {\n        \"programId\": 6059,\n        \"programName\": \"Csharp\",\n        \"programDescription\": \"Testing\",\n        \"online\": true\n    },\n    {\n        \"programId\": 5999,\n        \"programName\": \"Testing2\",\n        \"programDescription\": \"Testing2\",\n        \"online\": true\n    },\n    {\n        \"programId\": 6061,\n        \"programName\": \"CoralDraw\",\n        \"programDescription\": \"Testing edited\",\n        \"online\": true\n    },\n    {\n        \"programId\": 6062,\n        \"programName\": \"Adobe Reader\",\n        \"programDescription\": \"Testing edited\",\n        \"online\": true\n    },\n    {\n        \"programId\": 6063,\n        \"programName\": \"Selenium Modified\",\n        \"programDescription\": \"Testing Modified\",\n        \"online\": true\n    },\n    {\n        \"programId\": 6064,\n        \"programName\": \"Java\",\n        \"programDescription\": \"Testing\",\n        \"online\": false\n    },\n    {\n        \"programId\": 6065,\n        \"programName\": \"Java Modified\",\n        \"programDescription\": \"Testing Modified\",\n        \"online\": false\n    },\n    {\n        \"programId\": 6066,\n        \"programName\": \"Csharp\",\n        \"programDescription\": \"Testing\",\n        \"online\": true\n    },\n    {\n        \"programId\": 6067,\n        \"programName\": \"Csharp Modified\",\n        \"programDescription\": \"Testing Modified\",\n        \"online\": true\n    },\n    {\n        \"programId\": 6068,\n        \"programName\": \"Cypress\",\n        \"programDescription\": \"Testing edited\",\n        \"online\": false\n    },\n    {\n        \"programId\": 6069,\n        \"programName\": \"Cypress Modified\",\n        \"programDescription\": \"Testing edited Modified\",\n        \"online\": false\n    },\n    {\n        \"programId\": 6070,\n        \"programName\": \"CoralDraw\",\n        \"programDescription\": \"Testing edited\",\n        \"online\": true\n    },\n    {\n        \"programId\": 6071,\n        \"programName\": \"CoralDraw Modified\",\n        \"programDescription\": \"Testing edited Modified\",\n        \"online\": true\n    },\n    {\n        \"programId\": 6072,\n        \"programName\": \"Adobe Reader\",\n        \"programDescription\": \"Testing edited\",\n        \"online\": true\n    },\n    {\n        \"programId\": 6073,\n        \"programName\": \"Adobe Reader Modified\",\n        \"programDescription\": \"Testing edited Modified\",\n        \"online\": true\n    },\n    {\n        \"programId\": 6074,\n        \"programName\": \"Cucumber Modified\",\n        \"programDescription\": \"Testing edited Modified\",\n        \"online\": true\n    },\n    {\n        \"programId\": 6076,\n        \"programName\": \"Testing modified\",\n        \"programDescription\": \"Testing modified\",\n        \"online\": true\n    },\n    {\n        \"programId\": 6077,\n        \"programName\": \"Testing modified\",\n        \"programDescription\": \"Testing modified\",\n        \"online\": true\n    },\n    {\n        \"programId\": 6080,\n        \"programName\": \"Testing\",\n        \"programDescription\": \"Testing\",\n        \"online\": true\n    },\n    {\n        \"programId\": 6082,\n        \"programName\": \"fizzy bath bom\",\n        \"programDescription\": \"science project is used in schoolscience project is used in schoolscience project is used in schoolscience project is used in schoolscience project is used in schoolscience project is used in schoolscience project is used in ool\",\n        \"online\": true\n    },\n    {\n        \"programId\": 6083,\n        \"programName\": \"Testing\",\n        \"programDescription\": \"Testing\",\n        \"online\": true\n    },\n    {\n        \"programId\": 6084,\n        \"programName\": \"Testing\",\n        \"programDescription\": \"Testing\",\n        \"online\": true\n    },\n    {\n        \"programId\": 6085,\n        \"programName\": \"Testing Modified\",\n        \"programDescription\": \"Testing Modified\",\n        \"online\": true\n    },\n    {\n        \"programId\": 6087,\n        \"programName\": \"Testing\",\n        \"programDescription\": \"Testing\",\n        \"online\": true\n    },\n    {\n        \"programId\": 6088,\n        \"programName\": \"Testing\",\n        \"programDescription\": \"Testing\",\n        \"online\": true\n    },\n    {\n        \"programId\": 6089,\n        \"programName\": \"Testing\",\n        \"programDescription\": \"Testing\",\n        \"online\": true\n    },\n    {\n        \"programId\": 6090,\n        \"programName\": \"string\",\n        \"programDescription\": \"string\",\n        \"online\": true\n    },\n    {\n        \"programId\": 6091,\n        \"programName\": \"string\",\n        \"programDescription\": \"string\",\n        \"online\": true\n    },\n    {\n        \"programId\": 6092,\n        \"programName\": \"string\",\n        \"programDescription\": \"string\",\n        \"online\": true\n    },\n    {\n        \"programId\": 6093,\n        \"programName\": \"string\",\n        \"programDescription\": \"string\",\n        \"online\": true\n    },\n    {\n        \"programId\": 6094,\n        \"programName\": \"Testing\",\n        \"programDescription\": \"Testing\",\n        \"online\": true\n    },\n    {\n        \"programId\": 6095,\n        \"programName\": \"Testing\",\n        \"programDescription\": \"Testing\",\n        \"online\": true\n    },\n    {\n        \"programId\": 6096,\n        \"programName\": \"Automation\",\n        \"programDescription\": \"QA\",\n        \"online\": true\n    },\n    {\n        \"programId\": 6097,\n        \"programName\": \"string\",\n        \"programDescription\": \"string\",\n        \"online\": true\n    },\n    {\n        \"programId\": 6098,\n        \"programName\": \"string\",\n        \"programDescription\": \"string\",\n        \"online\": true\n    },\n    {\n        \"programId\": 6099,\n        \"programName\": \"string\",\n        \"programDescription\": \"string\",\n        \"online\": true\n    },\n    {\n        \"programId\": 6101,\n        \"programName\": \"Testing modified\",\n        \"programDescription\": \"Testing modified\",\n        \"online\": true\n    },\n    {\n        \"programId\": 6102,\n        \"programName\": \"SDET26\",\n        \"programDescription\": \"Automation testing\",\n        \"online\": true\n    },\n    {\n        \"programId\": 6103,\n        \"programName\": \"DS\",\n        \"programDescription\": \"data science\",\n        \"online\": false\n    },\n    {\n        \"programId\": 6104,\n        \"programName\": \"SDET26\",\n        \"programDescription\": \"Automation testing\",\n        \"online\": true\n    },\n    {\n        \"programId\": 6105,\n        \"programName\": \"DS\",\n        \"programDescription\": \"data science\",\n        \"online\": false\n    },\n    {\n        \"programId\": 6106,\n        \"programName\": \"string\",\n        \"programDescription\": \"string\",\n        \"online\": true\n    },\n    {\n        \"programId\": 6107,\n        \"programName\": \"Testing\",\n        \"programDescription\": \"Testing\",\n        \"online\": true\n    },\n    {\n        \"programId\": 6108,\n        \"programName\": \"Testing\",\n        \"programDescription\": \"Testing\",\n        \"online\": true\n    },\n    {\n        \"programId\": 6109,\n        \"programName\": \"Testing\",\n        \"programDescription\": \"Testing\",\n        \"online\": true\n    },\n    {\n        \"programId\": 6110,\n        \"programName\": \"string\",\n        \"programDescription\": \"string\",\n        \"online\": true\n    },\n    {\n        \"programId\": 6111,\n        \"programName\": \"Testing\",\n        \"programDescription\": \"Testing\",\n        \"online\": true\n    },\n    {\n        \"programId\": 6113,\n        \"programName\": \"Testing modified\",\n        \"programDescription\": \"Testing modified\",\n        \"online\": true\n    },\n    {\n        \"programId\": 6114,\n        \"programName\": \"SDET26\",\n        \"programDescription\": \"Automation testing\",\n        \"online\": true\n    },\n    {\n        \"programId\": 6115,\n        \"programName\": \"DS\",\n        \"programDescription\": \"data science\",\n        \"online\": false\n    },\n    {\n        \"programId\": 6116,\n        \"programName\": \"Testing modified\",\n        \"programDescription\": \"Testing modified\",\n        \"online\": true\n    },\n    {\n        \"programId\": 6117,\n        \"programName\": \"SDET26\",\n        \"programDescription\": \"Automation testing\",\n        \"online\": true\n    },\n    {\n        \"programId\": 6118,\n        \"programName\": \"DS\",\n        \"programDescription\": \"data science\",\n        \"online\": false\n    },\n    {\n        \"programId\": 6119,\n        \"programName\": \"SDET26\",\n        \"programDescription\": \"Automation testing\",\n        \"online\": true\n    },\n    {\n        \"programId\": 7396,\n        \"programName\": \"string\",\n        \"programDescription\": \"string\",\n        \"online\": true\n    },\n    {\n        \"programId\": 6212,\n        \"programName\": \"updated\",\n        \"programDescription\": \"updated\",\n        \"online\": true\n    },\n    {\n        \"programId\": 6122,\n        \"programName\": \"SDET26\",\n        \"programDescription\": \"Automation testing\",\n        \"online\": true\n    },\n    {\n        \"programId\": 6123,\n        \"programName\": \"DS\",\n        \"programDescription\": \"data science\",\n        \"online\": false\n    },\n    {\n        \"programId\": 6124,\n        \"programName\": \"SDET26\",\n        \"programDescription\": \"Automation testing\",\n        \"online\": true\n    },\n    {\n        \"programId\": 6125,\n        \"programName\": \"DS\",\n        \"programDescription\": \"data science\",\n        \"online\": false\n    },\n    {\n        \"programId\": 6126,\n        \"programName\": \"string\",\n        \"programDescription\": \"string\",\n        \"online\": true\n    },\n    {\n        \"programId\": 6127,\n        \"programName\": \"string\",\n        \"programDescription\": \"string\",\n        \"online\": true\n    },\n    {\n        \"programId\": 6266,\n        \"programName\": \"Testing\",\n        \"programDescription\": \"Testing\",\n        \"online\": true\n    },\n    {\n        \"programId\": 6128,\n        \"programName\": \"SDET26\",\n        \"programDescription\": \"Automation testing\",\n        \"online\": true\n    },\n    {\n        \"programId\": 6129,\n        \"programName\": \"DS\",\n        \"programDescription\": \"data science\",\n        \"online\": false\n    },\n    {\n        \"programId\": 6130,\n        \"programName\": \"SDET26\",\n        \"programDescription\": \"Automation testing\",\n        \"online\": true\n    },\n    {\n        \"programId\": 6131,\n        \"programName\": \"DS\",\n        \"programDescription\": \"data science\",\n        \"online\": false\n    },\n    {\n        \"programId\": 6132,\n        \"programName\": \"SDET26\",\n        \"programDescription\": \"Automation testing\",\n        \"online\": true\n    },\n    {\n        \"programId\": 6133,\n        \"programName\": \"DS\",\n        \"programDescription\": \"data science\",\n        \"online\": false\n    },\n    {\n        \"programId\": 6134,\n        \"programName\": \"SDET26\",\n        \"programDescription\": \"Automation testing\",\n        \"online\": true\n    },\n    {\n        \"programId\": 6135,\n        \"programName\": \"DS\",\n        \"programDescription\": \"data science\",\n        \"online\": false\n    },\n    {\n        \"programId\": 6136,\n        \"programName\": \"fizzy bath bom\",\n        \"programDescription\": \"science project is used in school\",\n        \"online\": true\n    },\n    {\n        \"programId\": 6138,\n        \"programName\": \"SDET26\",\n        \"programDescription\": \"Automation testing\",\n        \"online\": true\n    },\n    {\n        \"programId\": 6139,\n        \"programName\": \"DS\",\n        \"programDescription\": \"data science\",\n        \"online\": false\n    },\n    {\n        \"programId\": 6140,\n        \"programName\": \"SDET26\",\n        \"programDescription\": \"Automation testing\",\n        \"online\": true\n    },\n    {\n        \"programId\": 6141,\n        \"programName\": \"DS\",\n        \"programDescription\": \"data science\",\n        \"online\": false\n    },\n    {\n        \"programId\": 6142,\n        \"programName\": \"SDET26\",\n        \"programDescription\": \"Automation testing\",\n        \"online\": true\n    },\n    {\n        \"programId\": 6143,\n        \"programName\": \"DS\",\n        \"programDescription\": \"data science\",\n        \"online\": false\n    },\n    {\n        \"programId\": 6144,\n        \"programName\": \"SDET26\",\n        \"programDescription\": \"Automation testing\",\n        \"online\": true\n    },\n    {\n        \"programId\": 6145,\n        \"programName\": \"DS\",\n        \"programDescription\": \"data science\",\n        \"online\": false\n    },\n    {\n        \"programId\": 6146,\n        \"programName\": \"less fizzy bomb\",\n        \"programDescription\": \"science fair\",\n        \"online\": true\n    },\n    {\n        \"programId\": 6147,\n        \"programName\": \"SDET26\",\n        \"programDescription\": \"Automation testing\",\n        \"online\": true\n    },\n    {\n        \"programId\": 6148,\n        \"programName\": \"DS\",\n        \"programDescription\": \"data science\",\n        \"online\": false\n    },\n    {\n        \"programId\": 6149,\n        \"programName\": \"SDET26\",\n        \"programDescription\": \"Automation testing\",\n        \"online\": true\n    },\n    {\n        \"programId\": 6150,\n        \"programName\": \"DS\",\n        \"programDescription\": \"data science\",\n        \"online\": false\n    },\n    {\n        \"programId\": 6151,\n        \"programName\": \"fizzy bath bom\",\n        \"programDescription\": \"science project is used in school\",\n        \"online\": true\n    },\n    {\n        \"programId\": 6152,\n        \"programName\": \"fizzy bath bom\",\n        \"programDescription\": \"science project is used in school\",\n        \"online\": true\n    },\n    {\n        \"programId\": 6153,\n        \"programName\": \"SDET26\",\n        \"programDescription\": \"Automation testing\",\n        \"online\": true\n    },\n    {\n        \"programId\": 6154,\n        \"programName\": \"DS\",\n        \"programDescription\": \"data science\",\n        \"online\": false\n    },\n    {\n        \"programId\": 6155,\n        \"programName\": \"SDET26\",\n        \"programDescription\": \"Automation testing\",\n        \"online\": true\n    },\n    {\n        \"programId\": 6156,\n        \"programName\": \"DS\",\n        \"programDescription\": \"data science\",\n        \"online\": false\n    },\n    {\n        \"programId\": 6157,\n        \"programName\": \"SDET26\",\n        \"programDescription\": \"Automation testing\",\n        \"online\": true\n    },\n    {\n        \"programId\": 6158,\n        \"programName\": \"DS\",\n        \"programDescription\": \"data science\",\n        \"online\": false\n    },\n    {\n        \"programId\": 6160,\n        \"programName\": \"Testing\",\n        \"programDescription\": \"Testing\",\n        \"online\": true\n    },\n    {\n        \"programId\": 6161,\n        \"programName\": \"Testing\",\n        \"programDescription\": \"Testing\",\n        \"online\": true\n    },\n    {\n        \"programId\": 6162,\n        \"programName\": \"SDET26\",\n        \"programDescription\": \"Automation testing\",\n        \"online\": true\n    },\n    {\n        \"programId\": 6163,\n        \"programName\": \"DS\",\n        \"programDescription\": \"data science\",\n        \"online\": false\n    },\n    {\n        \"programId\": 6164,\n        \"programName\": \"SDET26\",\n        \"programDescription\": \"Automation testing\",\n        \"online\": true\n    },\n    {\n        \"programId\": 6165,\n        \"programName\": \"DS\",\n        \"programDescription\": \"data science\",\n        \"online\": false\n    },\n    {\n        \"programId\": 6166,\n        \"programName\": \"SDET26\",\n        \"programDescription\": \"Automation testing\",\n        \"online\": true\n    },\n    {\n        \"programId\": 6167,\n        \"programName\": \"DS\",\n        \"programDescription\": \"data science\",\n        \"online\": false\n    },\n    {\n        \"programId\": 6168,\n        \"programName\": \"SDET26\",\n        \"programDescription\": \"Automation testing\",\n        \"online\": true\n    },\n    {\n        \"programId\": 6170,\n        \"programName\": \"Testing modified\",\n        \"programDescription\": \"Testing modified\",\n        \"online\": true\n    },\n    {\n        \"programId\": 6173,\n        \"programName\": \"Testing modified from postman\",\n        \"programDescription\": \"Testing modified\",\n        \"online\": true\n    },\n    {\n        \"programId\": 6174,\n        \"programName\": \"SDET26\",\n        \"programDescription\": \"Automation testing\",\n        \"online\": true\n    },\n    {\n        \"programId\": 6175,\n        \"programName\": \"DS\",\n        \"programDescription\": \"data science\",\n        \"online\": false\n    },\n    {\n        \"programId\": 6176,\n        \"programName\": \"SDET26\",\n        \"programDescription\": \"Automation testing\",\n        \"online\": true\n    },\n    {\n        \"programId\": 6177,\n        \"programName\": \"DS\",\n        \"programDescription\": \"data science\",\n        \"online\": false\n    },\n    {\n        \"programId\": 6178,\n        \"programName\": \"Testing modified from postman\",\n        \"programDescription\": \"Testing modified\",\n        \"online\": true\n    },\n    {\n        \"programId\": 6179,\n        \"programName\": \"Testing modified from postman\",\n        \"programDescription\": \"Testing modified\",\n        \"online\": true\n    },\n    {\n        \"programId\": 6180,\n        \"programName\": \"Testing modified from postman\",\n        \"programDescription\": \"Testing modified\",\n        \"online\": true\n    },\n    {\n        \"programId\": 6181,\n        \"programName\": \"Testing modified from postman\",\n        \"programDescription\": \"Testing modified\",\n        \"online\": true\n    },\n    {\n        \"programId\": 6182,\n        \"programName\": \"Testing modified from postman\",\n        \"programDescription\": \"Testing modified\",\n        \"online\": true\n    },\n    {\n        \"programId\": 6183,\n        \"programName\": \"Testing modified from postman\",\n        \"programDescription\": \"Testing modified\",\n        \"online\": true\n    },\n    {\n        \"programId\": 6184,\n        \"programName\": \"Cadaats\",\n        \"programDescription\": \"testingpostman\",\n        \"online\": true\n    },\n    {\n        \"programId\": 6185,\n        \"programName\": \"Cadaats\",\n        \"programDescription\": \"testingsample\",\n        \"online\": true\n    },\n    {\n        \"programId\": 6186,\n        \"programName\": \"Testing\",\n        \"programDescription\": \"Testing\",\n        \"online\": true\n    },\n    {\n        \"programId\": 6187,\n        \"programName\": \"Testing modified from postman\",\n        \"programDescription\": \"Testing modified\",\n        \"online\": true\n    },\n    {\n        \"programId\": 6189,\n        \"programName\": \"Testing modified from postman\",\n        \"programDescription\": \"Testing modified\",\n        \"online\": true\n    },\n    {\n        \"programId\": 6190,\n        \"programName\": \"Testing\",\n        \"programDescription\": \"Testing\",\n        \"online\": true\n    },\n    {\n        \"programId\": 6191,\n        \"programName\": \"Testing modified\",\n        \"programDescription\": \"Testing modified\",\n        \"online\": true\n    },\n    {\n        \"programId\": 6192,\n        \"programName\": \"Testing modified\",\n        \"programDescription\": \"Testing modified\",\n        \"online\": true\n    },\n    {\n        \"programId\": 6213,\n        \"programName\": \"Automation\",\n        \"programDescription\": \"QA\",\n        \"online\": true\n    },\n    {\n        \"programId\": 6215,\n        \"programName\": \"Testing modified\",\n        \"programDescription\": \"Testing modified\",\n        \"online\": true\n    },\n    {\n        \"programId\": 6216,\n        \"programName\": \"SME\",\n        \"programDescription\": \"HealthCare\",\n        \"online\": false\n    },\n    {\n        \"programId\": 6217,\n        \"programName\": \"Scrum Master\",\n        \"programDescription\": \"Agile\",\n        \"online\": false\n    },\n    {\n        \"programId\": 6218,\n        \"programName\": \"Backend Developer\",\n        \"programDescription\": \"Sql Developer\",\n        \"online\": false\n    },\n    {\n        \"programId\": 6222,\n        \"programName\": \"string\",\n        \"programDescription\": \"string\",\n        \"online\": true\n    },\n    {\n        \"programId\": 6244,\n        \"programName\": \"Testing\",\n        \"programDescription\": \"Testing\",\n        \"online\": true\n    },\n    {\n        \"programId\": 6245,\n        \"programName\": \"Testing\",\n        \"programDescription\": \"Testing\",\n        \"online\": true\n    },\n    {\n        \"programId\": 6246,\n        \"programName\": \"Testing\",\n        \"programDescription\": \"Testing\",\n        \"online\": true\n    },\n    {\n        \"programId\": 6247,\n        \"programName\": \"Testing\",\n        \"programDescription\": \"Testing\",\n        \"online\": true\n    },\n    {\n        \"programId\": 6248,\n        \"programName\": \"Testing modified\",\n        \"programDescription\": \"Testing modified\",\n        \"online\": true\n    },\n    {\n        \"programId\": 6249,\n        \"programName\": \"Testing modified\",\n        \"programDescription\": \"Testing modified\",\n        \"online\": true\n    },\n    {\n        \"programId\": 6250,\n        \"programName\": \"Testing\",\n        \"programDescription\": \"Testing\",\n        \"online\": true\n    },\n    {\n        \"programId\": 6251,\n        \"programName\": \"DS\",\n        \"programDescription\": \"Datascience\",\n        \"online\": true\n    },\n    {\n        \"programId\": 6252,\n        \"programName\": \"SDET26\",\n        \"programDescription\": \"Automation testing\",\n        \"online\": true\n    },\n    {\n        \"programId\": 6253,\n        \"programName\": \"DS\",\n        \"programDescription\": \"data science\",\n        \"online\": false\n    },\n    {\n        \"programId\": 6254,\n        \"programName\": \"DS\",\n        \"programDescription\": \"QA\",\n        \"online\": true\n    },\n    {\n        \"programId\": 6255,\n        \"programName\": \"SDET26\",\n        \"programDescription\": \"Automation testing\",\n        \"online\": true\n    },\n    {\n        \"programId\": 6256,\n        \"programName\": \"DS\",\n        \"programDescription\": \"data science\",\n        \"online\": false\n    },\n    {\n        \"programId\": 6257,\n        \"programName\": \"SDET26\",\n        \"programDescription\": \"Automation testing\",\n        \"online\": true\n    },\n    {\n        \"programId\": 6258,\n        \"programName\": \"DS\",\n        \"programDescription\": \"data science\",\n        \"online\": false\n    },\n    {\n        \"programId\": 6259,\n        \"programName\": \"SDET26\",\n        \"programDescription\": \"Automation testing\",\n        \"online\": true\n    },\n    {\n        \"programId\": 6264,\n        \"programName\": \"Testing modified\",\n        \"programDescription\": \"Testing modified\",\n        \"online\": true\n    },\n    {\n        \"programId\": 6265,\n        \"programName\": \"Testing modified\",\n        \"programDescription\": \"Testing modified\",\n        \"online\": true\n    },\n    {\n        \"programId\": 6267,\n        \"programName\": \"Testing modified\",\n        \"programDescription\": \"Testing modified\",\n        \"online\": true\n    },\n    {\n        \"programId\": 6268,\n        \"programName\": \"Testing modified\",\n        \"programDescription\": \"Testing modified\",\n        \"online\": true\n    },\n    {\n        \"programId\": 6269,\n        \"programName\": \"Testing modified\",\n        \"programDescription\": \"Testing modified\",\n        \"online\": true\n    },\n    {\n        \"programId\": 6270,\n        \"programName\": \"Testing modified\",\n        \"programDescription\": \"Testing modified\",\n        \"online\": true\n    },\n    {\n        \"programId\": 6271,\n        \"programName\": \"Testing modified\",\n        \"programDescription\": \"Testing modified\",\n        \"online\": true\n    },\n    {\n        \"programId\": 6272,\n        \"programName\": \"Testing modified\",\n        \"programDescription\": \"Testing modified\",\n        \"online\": true\n    },\n    {\n        \"programId\": 6273,\n        \"programName\": \"Testing modified\",\n        \"programDescription\": \"Testing modified\",\n        \"online\": true\n    },\n    {\n        \"programId\": 6274,\n        \"programName\": \"Testing\",\n        \"programDescription\": \"Testing\",\n        \"online\": true\n    },\n    {\n        \"programId\": 6275,\n        \"programName\": \"Testing modified\",\n        \"programDescription\": \"Testing modified\",\n        \"online\": true\n    },\n    {\n        \"programId\": 6276,\n        \"programName\": \"Testing\",\n        \"programDescription\": \"Testing\",\n        \"online\": true\n    },\n    {\n        \"programId\": 6277,\n        \"programName\": \"Testing\",\n        \"programDescription\": \"Testing\",\n        \"online\": true\n    },\n    {\n        \"programId\": 6278,\n        \"programName\": \"Testing\",\n        \"programDescription\": \"Testing\",\n        \"online\": true\n    },\n    {\n        \"programId\": 6279,\n        \"programName\": \"Testing\",\n        \"programDescription\": \"Testing\",\n        \"online\": true\n    },\n    {\n        \"programId\": 6280,\n        \"programName\": \"Testing\",\n        \"programDescription\": \"Testing\",\n        \"online\": true\n    },\n    {\n        \"programId\": 6281,\n        \"programName\": \"Testing modified\",\n        \"programDescription\": \"Testing modified\",\n        \"online\": true\n    },\n    {\n        \"programId\": 6282,\n        \"programName\": \"Testing modified\",\n        \"programDescription\": \"Testing modified\",\n        \"online\": true\n    },\n    {\n        \"programId\": 6283,\n        \"programName\": \"Testing modified\",\n        \"programDescription\": \"Testing modified\",\n        \"online\": true\n    },\n    {\n        \"programId\": 6284,\n        \"programName\": \"Testing modified\",\n        \"programDescription\": \"Testing modified\",\n        \"online\": true\n    },\n    {\n        \"programId\": 6285,\n        \"programName\": \"Testing modified\",\n        \"programDescription\": \"Testing modified\",\n        \"online\": true\n    },\n    {\n        \"programId\": 6286,\n        \"programName\": \"Testing modified\",\n        \"programDescription\": \"Testing modified\",\n        \"online\": true\n    },\n    {\n        \"programId\": 6287,\n        \"programName\": \"Testing modified\",\n        \"programDescription\": \"Testing modified\",\n        \"online\": true\n    },\n    {\n        \"programId\": 6288,\n        \"programName\": \"Testing modified\",\n        \"programDescription\": \"Testing modified\",\n        \"online\": true\n    },\n    {\n        \"programId\": 9254,\n        \"programName\": \"via automation programName\",\n        \"programDescription\": \"via automation programDescription\",\n        \"online\": true\n    },\n    {\n        \"programId\": 6290,\n        \"programName\": \"Api Dev\",\n        \"programDescription\": \"APi Development\",\n        \"online\": true\n    },\n    {\n        \"programId\": 6291,\n        \"programName\": \"string\",\n        \"programDescription\": \"string\",\n        \"online\": true\n    },\n    {\n        \"programId\": 6292,\n        \"programName\": \"EJBs\",\n        \"programDescription\": \"EJBs learning\",\n        \"online\": true\n    },\n    {\n        \"programId\": 6293,\n        \"programName\": \"Testing modified\",\n        \"programDescription\": \"Testing modified\",\n        \"online\": true\n    },\n    {\n        \"programId\": 6294,\n        \"programName\": \"Testing modified\",\n        \"programDescription\": \"Testing modified\",\n        \"online\": true\n    },\n    {\n        \"programId\": 6295,\n        \"programName\": \"Testing modified\",\n        \"programDescription\": \"Testing modified\",\n        \"online\": true\n    },\n    {\n        \"programId\": 6296,\n        \"programName\": \"Testing modified\",\n        \"programDescription\": \"Testing modified\",\n        \"online\": true\n    },\n    {\n        \"programId\": 6297,\n        \"programName\": \"string\",\n        \"programDescription\": \"string\",\n        \"online\": true\n    },\n    {\n        \"programId\": 6298,\n        \"programName\": \"string\",\n        \"programDescription\": \"string\",\n        \"online\": true\n    },\n    {\n        \"programId\": 6299,\n        \"programName\": \"string\",\n        \"programDescription\": \"string\",\n        \"online\": true\n    },\n    {\n        \"programId\": 6300,\n        \"programName\": \"Testing modified\",\n        \"programDescription\": \"Testing modified\",\n        \"online\": true\n    },\n    {\n        \"programId\": 6301,\n        \"programName\": \"DS\",\n        \"programDescription\": \"QA\",\n        \"online\": true\n    },\n    {\n        \"programId\": 6302,\n        \"programName\": \"DS\",\n        \"programDescription\": \"QA\",\n        \"online\": true\n    },\n    {\n        \"programId\": 6303,\n        \"programName\": \"Testing modified\",\n        \"programDescription\": \"Testing modified\",\n        \"online\": true\n    },\n    {\n        \"programId\": 6304,\n        \"programName\": \"Testing modified\",\n        \"programDescription\": \"Testing modified\",\n        \"online\": true\n    },\n    {\n        \"programId\": 6305,\n        \"programName\": \"EJBs\",\n        \"programDescription\": \"EJBs learning\",\n        \"online\": true\n    },\n    {\n        \"programId\": 6306,\n        \"programName\": \"batman \",\n        \"programDescription\": \"string\",\n        \"online\": true\n    },\n    {\n        \"programId\": 6307,\n        \"programName\": \"ironman\",\n        \"programDescription\": \"string\",\n        \"online\": true\n    },\n    {\n        \"programId\": 6308,\n        \"programName\": \"java\",\n        \"programDescription\": \"core java\",\n        \"online\": true\n    },\n    {\n        \"programId\": 6309,\n        \"programName\": \"Multipal Digit Testing\",\n        \"programDescription\": \"Program ID Testing\",\n        \"online\": true\n    },\n    {\n        \"programId\": 6310,\n        \"programName\": \"batman \",\n        \"programDescription\": \"string\",\n        \"online\": true\n    },\n    {\n        \"programId\": 6311,\n        \"programName\": \"ironman\",\n        \"programDescription\": \"string\",\n        \"online\": true\n    },\n    {\n        \"programId\": 6312,\n        \"programName\": \"java\",\n        \"programDescription\": \"core java\",\n        \"online\": true\n    },\n    {\n        \"programId\": 6313,\n        \"programName\": \"Multipal Digit Testing\",\n        \"programDescription\": \"Program ID Testing\",\n        \"online\": true\n    },\n    {\n        \"programId\": 6314,\n        \"programName\": \"Testing modified\",\n        \"programDescription\": \"Testing modified\",\n        \"online\": true\n    },\n    {\n        \"programId\": 6315,\n        \"programName\": \"Testing modified\",\n        \"programDescription\": \"Testing modified\",\n        \"online\": true\n    },\n    {\n        \"programId\": 6316,\n        \"programName\": \"batman \",\n        \"programDescription\": \"string\",\n        \"online\": true\n    },\n    {\n        \"programId\": 6317,\n        \"programName\": \"ironman\",\n        \"programDescription\": \"string\",\n        \"online\": true\n    },\n    {\n        \"programId\": 6318,\n        \"programName\": \"java\",\n        \"programDescription\": \"core java\",\n        \"online\": true\n    },\n    {\n        \"programId\": 6319,\n        \"programName\": \"Multipal Digit Testing\",\n        \"programDescription\": \"Program ID Testing\",\n        \"online\": true\n    },\n    {\n        \"programId\": 6321,\n        \"programName\": \"DS\",\n        \"programDescription\": \"QA\",\n        \"online\": true\n    },\n    {\n        \"programId\": 6322,\n        \"programName\": \"Testing modified\",\n        \"programDescription\": \"Testing modified\",\n        \"online\": true\n    },\n    {\n        \"programId\": 6323,\n        \"programName\": \"Testing modified\",\n        \"programDescription\": \"Testing modified\",\n        \"online\": true\n    },\n    {\n        \"programId\": 6399,\n        \"programName\": \"Testing modified\",\n        \"programDescription\": \"Testing modified\",\n        \"online\": true\n    },\n    {\n        \"programId\": 6326,\n        \"programName\": \"Develop\",\n        \"programDescription\": \"Testing\",\n        \"online\": true\n    },\n    {\n        \"programId\": 6327,\n        \"programName\": \"Testing modified\",\n        \"programDescription\": \"Testing modified\",\n        \"online\": true\n    },\n    {\n        \"programId\": 6328,\n        \"programName\": \"Testing modified\",\n        \"programDescription\": \"Testing modified\",\n        \"online\": true\n    },\n    {\n        \"programId\": 6329,\n        \"programName\": \"fizzy bath bom\",\n        \"programDescription\": \"science project is used in school\",\n        \"online\": true\n    },\n    {\n        \"programId\": 6330,\n        \"programName\": \"fizzy bath bom\",\n        \"programDescription\": \"science project is used in school\",\n        \"online\": true\n    },\n    {\n        \"programId\": 6325,\n        \"programName\": \"Downig town\",\n        \"programDescription\": \"Testing\",\n        \"online\": true\n    },\n    {\n        \"programId\": 6331,\n        \"programName\": \"Testing modified\",\n        \"programDescription\": \"Testing modified\",\n        \"online\": true\n    },\n    {\n        \"programId\": 6332,\n        \"programName\": \"string\",\n        \"programDescription\": \"string\",\n        \"online\": true\n    },\n    {\n        \"programId\": 6333,\n        \"programName\": \"LC\",\n        \"programDescription\": \"API\",\n        \"online\": true\n    },\n    {\n        \"programId\": 6334,\n        \"programName\": \"LC\",\n        \"programDescription\": \"API\",\n        \"online\": true\n    },\n    {\n        \"programId\": 6336,\n        \"programName\": \"DS\",\n        \"programDescription\": \"Datascience\",\n        \"online\": true\n    },\n    {\n        \"programId\": 6337,\n        \"programName\": \"DS\",\n        \"programDescription\": \"Datascience\",\n        \"online\": true\n    },\n    {\n        \"programId\": 6338,\n        \"programName\": \"DS\",\n        \"programDescription\": \"Datascience\",\n        \"online\": true\n    },\n    {\n        \"programId\": 6339,\n        \"programName\": \"string\",\n        \"programDescription\": \"string\",\n        \"online\": true\n    },\n    {\n        \"programId\": 6340,\n        \"programName\": \"string\",\n        \"programDescription\": \"string\",\n        \"online\": false\n    },\n    {\n        \"programId\": 6341,\n        \"programName\": \"Testing\",\n        \"programDescription\": \"Testing\",\n        \"online\": true\n    },\n    {\n        \"programId\": 6344,\n        \"programName\": \"testing modified\",\n        \"programDescription\": \"testing modified\",\n        \"online\": true\n    },\n    {\n        \"programId\": 6400,\n        \"programName\": \"string\",\n        \"programDescription\": \"string\",\n        \"online\": true\n    },\n    {\n        \"programId\": 6349,\n        \"programName\": \"Testing\",\n        \"programDescription\": \"Testing\",\n        \"online\": true\n    },\n    {\n        \"programId\": 6350,\n        \"programName\": \"Testing modified from postman\",\n        \"programDescription\": \"Testing modified\",\n        \"online\": true\n    },\n    {\n        \"programId\": 6351,\n        \"programName\": \"Science Sisterhood \",\n        \"programDescription\": \"Science Sisterhood \",\n        \"online\": false\n    },\n    {\n        \"programId\": 6352,\n        \"programName\": \"Descriptioncase5\",\n        \"programDescription\": \"Learning League\",\n        \"online\": false\n    },\n    {\n        \"programId\": 6353,\n        \"programName\": \"Descriptioncase5\",\n        \"programDescription\": \"Coding Camp\",\n        \"online\": false\n    },\n    {\n        \"programId\": 6354,\n        \"programName\": \"Descriptioncase7\",\n        \"programDescription\": \"AI Alliance\",\n        \"online\": false\n    },\n    {\n        \"programId\": 6355,\n        \"programName\": \"Descriptioncase8\",\n        \"programDescription\": \"Code for Good\",\n        \"online\": false\n    },\n    {\n        \"programId\": 6356,\n        \"programName\": \"Descriptioncase10\",\n        \"programDescription\": \"Her Science Lab\",\n        \"online\": false\n    },\n    {\n        \"programId\": 6357,\n        \"programName\": \"Science Sisterhood \",\n        \"programDescription\": \"Science Sisterhood \",\n        \"online\": false\n    },\n    {\n        \"programId\": 6358,\n        \"programName\": \"Descriptioncase5\",\n        \"programDescription\": \"Learning League\",\n        \"online\": false\n    },\n    {\n        \"programId\": 6359,\n        \"programName\": \"Descriptioncase5\",\n        \"programDescription\": \"Coding Camp\",\n        \"online\": false\n    },\n    {\n        \"programId\": 6360,\n        \"programName\": \"Descriptioncase7\",\n        \"programDescription\": \"AI Alliance\",\n        \"online\": false\n    },\n    {\n        \"programId\": 6361,\n        \"programName\": \"Descriptioncase8\",\n        \"programDescription\": \"Code for Good\",\n        \"online\": false\n    },\n    {\n        \"programId\": 6362,\n        \"programName\": \"Descriptioncase10\",\n        \"programDescription\": \"Her Science Lab\",\n        \"online\": false\n    },\n    {\n        \"programId\": 6363,\n        \"programName\": \"Science Sisterhood \",\n        \"programDescription\": \"Science Sisterhood \",\n        \"online\": false\n    },\n    {\n        \"programId\": 6364,\n        \"programName\": \"Descriptioncase5\",\n        \"programDescription\": \"Learning League\",\n        \"online\": false\n    },\n    {\n        \"programId\": 6365,\n        \"programName\": \"Descriptioncase5\",\n        \"programDescription\": \"Coding Camp\",\n        \"online\": false\n    },\n    {\n        \"programId\": 6366,\n        \"programName\": \"Descriptioncase7\",\n        \"programDescription\": \"AI Alliance\",\n        \"online\": false\n    },\n    {\n        \"programId\": 6367,\n        \"programName\": \"Descriptioncase8\",\n        \"programDescription\": \"Code for Good\",\n        \"online\": false\n    },\n    {\n        \"programId\": 6368,\n        \"programName\": \"Descriptioncase10\",\n        \"programDescription\": \"Her Science Lab\",\n        \"online\": false\n    },\n    {\n        \"programId\": 6369,\n        \"programName\": \"Science Sisterhood \",\n        \"programDescription\": \"Science Sisterhood \",\n        \"online\": false\n    },\n    {\n        \"programId\": 6370,\n        \"programName\": \"Descriptioncase5\",\n        \"programDescription\": \"Learning League\",\n        \"online\": false\n    },\n    {\n        \"programId\": 6371,\n        \"programName\": \"Descriptioncase5\",\n        \"programDescription\": \"Coding Camp\",\n        \"online\": false\n    },\n    {\n        \"programId\": 6372,\n        \"programName\": \"Descriptioncase7\",\n        \"programDescription\": \"AI Alliance\",\n        \"online\": false\n    },\n    {\n        \"programId\": 6373,\n        \"programName\": \"Descriptioncase8\",\n        \"programDescription\": \"Code for Good\",\n        \"online\": false\n    },\n    {\n        \"programId\": 6374,\n        \"programName\": \"Descriptioncase10\",\n        \"programDescription\": \"Her Science Lab\",\n        \"online\": false\n    },\n    {\n        \"programId\": 6375,\n        \"programName\": \"Science Sisterhood \",\n        \"programDescription\": \"Science Sisterhood \",\n        \"online\": false\n    },\n    {\n        \"programId\": 6376,\n        \"programName\": \"Descriptioncase5\",\n        \"programDescription\": \"Learning League\",\n        \"online\": false\n    },\n    {\n        \"programId\": 6377,\n        \"programName\": \"Descriptioncase5\",\n        \"programDescription\": \"Coding Camp\",\n        \"online\": false\n    },\n    {\n        \"programId\": 6378,\n        \"programName\": \"Descriptioncase7\",\n        \"programDescription\": \"AI Alliance\",\n        \"online\": false\n    },\n    {\n        \"programId\": 6379,\n        \"programName\": \"Descriptioncase8\",\n        \"programDescription\": \"Code for Good\",\n        \"online\": false\n    },\n    {\n        \"programId\": 6380,\n        \"programName\": \"Descriptioncase10\",\n        \"programDescription\": \"Her Science Lab\",\n        \"online\": false\n    },\n    {\n        \"programId\": 6381,\n        \"programName\": \"\\\"API Testing\\\"\",\n        \"programDescription\": \"\\\"RestAssured\\\"\",\n        \"online\": false\n    },\n    {\n        \"programId\": 6382,\n        \"programName\": \"\\\"Framework\\\"\",\n        \"programDescription\": \"\\\"Cucumber\\\"\",\n        \"online\": false\n    },\n    {\n        \"programId\": 6383,\n        \"programName\": \"JMeter\",\n        \"programDescription\": \" Testing\",\n        \"online\": true\n    },\n    {\n        \"programId\": 6384,\n        \"programName\": \"\\\"API Testing\\\"\",\n        \"programDescription\": \"\\\"RestAssured\\\"\",\n        \"online\": false\n    },\n    {\n        \"programId\": 6385,\n        \"programName\": \"\\\"Framework\\\"\",\n        \"programDescription\": \"\\\"Cucumber\\\"\",\n        \"online\": false\n    },\n    {\n        \"programId\": 6386,\n        \"programName\": \".846474\",\n        \"programDescription\": \"string\",\n        \"online\": true\n    },\n    {\n        \"programId\": 6387,\n        \"programName\": \"Science Sisterhood \",\n        \"programDescription\": \"Science Sisterhood \",\n        \"online\": false\n    },\n    {\n        \"programId\": 6388,\n        \"programName\": \"Descriptioncase5\",\n        \"programDescription\": \"Learning League\",\n        \"online\": false\n    },\n    {\n        \"programId\": 6389,\n        \"programName\": \"Descriptioncase5\",\n        \"programDescription\": \"Coding Camp\",\n        \"online\": false\n    },\n    {\n        \"programId\": 6390,\n        \"programName\": \"Descriptioncase7\",\n        \"programDescription\": \"AI Alliance\",\n        \"online\": false\n    },\n    {\n        \"programId\": 6391,\n        \"programName\": \"Descriptioncase8\",\n        \"programDescription\": \"Code for Good\",\n        \"online\": false\n    },\n    {\n        \"programId\": 6392,\n        \"programName\": \"Descriptioncase10\",\n        \"programDescription\": \"Her Science Lab\",\n        \"online\": false\n    },\n    {\n        \"programId\": 6393,\n        \"programName\": \"Science Sisterhood \",\n        \"programDescription\": \"Science Sisterhood \",\n        \"online\": false\n    },\n    {\n        \"programId\": 6394,\n        \"programName\": \"Descriptioncase5\",\n        \"programDescription\": \"Learning League\",\n        \"online\": false\n    },\n    {\n        \"programId\": 6395,\n        \"programName\": \"Descriptioncase5\",\n        \"programDescription\": \"Coding Camp\",\n        \"online\": false\n    },\n    {\n        \"programId\": 6396,\n        \"programName\": \"Descriptioncase7\",\n        \"programDescription\": \"AI Alliance\",\n        \"online\": false\n    },\n    {\n        \"programId\": 6397,\n        \"programName\": \"Descriptioncase8\",\n        \"programDescription\": \"Code for Good\",\n        \"online\": false\n    },\n    {\n        \"programId\": 6398,\n        \"programName\": \"Descriptioncase10\",\n        \"programDescription\": \"Her Science Lab\",\n        \"online\": false\n    },\n    {\n        \"programId\": 6401,\n        \"programName\": \"Testing modified\",\n        \"programDescription\": \"Testing modified\",\n        \"online\": true\n    },\n    {\n        \"programId\": 6402,\n        \"programName\": \"string\",\n        \"programDescription\": \"string\",\n        \"online\": true\n    },\n    {\n        \"programId\": 6403,\n        \"programName\": \"string\",\n        \"programDescription\": \"string\",\n        \"online\": true\n    },\n    {\n        \"programId\": 6404,\n        \"programName\": \"Testing modified\",\n        \"programDescription\": \"Testing modified\",\n        \"online\": true\n    },\n    {\n        \"programId\": 6405,\n        \"programName\": \"string\",\n        \"programDescription\": \"string\",\n        \"online\": true\n    },\n    {\n        \"programId\": 6406,\n        \"programName\": \"Testing modified\",\n        \"programDescription\": \"Testing modified\",\n        \"online\": true\n    },\n    {\n        \"programId\": 6407,\n        \"programName\": \"SDET26\",\n        \"programDescription\": \"Automation testing\",\n        \"online\": true\n    },\n    {\n        \"programId\": 6408,\n        \"programName\": \"DS\",\n        \"programDescription\": \"data science\",\n        \"online\": false\n    },\n    {\n        \"programId\": 6409,\n        \"programName\": \"SDET26\",\n        \"programDescription\": \"Automation testing\",\n        \"online\": true\n    },\n    {\n        \"programId\": 6410,\n        \"programName\": \"DS\",\n        \"programDescription\": \"data science\",\n        \"online\": false\n    },\n    {\n        \"programId\": 6411,\n        \"programName\": \"SDET26\",\n        \"programDescription\": \"Automation testing\",\n        \"online\": true\n    },\n    {\n        \"programId\": 6412,\n        \"programName\": \"DS\",\n        \"programDescription\": \"data science\",\n        \"online\": false\n    },\n    {\n        \"programId\": 6413,\n        \"programName\": \"SDET26\",\n        \"programDescription\": \"Automation testing\",\n        \"online\": true\n    },\n    {\n        \"programId\": 6414,\n        \"programName\": \"DS\",\n        \"programDescription\": \"data science\",\n        \"online\": false\n    },\n    {\n        \"programId\": 6415,\n        \"programName\": \"SDET26\",\n        \"programDescription\": \"Automation testing\",\n        \"online\": true\n    },\n    {\n        \"programId\": 6416,\n        \"programName\": \"DS\",\n        \"programDescription\": \"data science\",\n        \"online\": false\n    },\n    {\n        \"programId\": 6417,\n        \"programName\": \"SDET26\",\n        \"programDescription\": \"Automation testing\",\n        \"online\": true\n    },\n    {\n        \"programId\": 6418,\n        \"programName\": \"DS\",\n        \"programDescription\": \"data science\",\n        \"online\": false\n    },\n    {\n        \"programId\": 6419,\n        \"programName\": \"SDET26\",\n        \"programDescription\": \"Automation testing\",\n        \"online\": true\n    },\n    {\n        \"programId\": 6420,\n        \"programName\": \"DS\",\n        \"programDescription\": \"data science\",\n        \"online\": false\n    },\n    {\n        \"programId\": 6421,\n        \"programName\": \"SDET26\",\n        \"programDescription\": \"Automation testing\",\n        \"online\": true\n    },\n    {\n        \"programId\": 6422,\n        \"programName\": \"DS\",\n        \"programDescription\": \"data science\",\n        \"online\": false\n    },\n    {\n        \"programId\": 6423,\n        \"programName\": \"SDET26\",\n        \"programDescription\": \"Automation testing\",\n        \"online\": true\n    },\n    {\n        \"programId\": 6424,\n        \"programName\": \"DS\",\n        \"programDescription\": \"data science\",\n        \"online\": false\n    },\n    {\n        \"programId\": 6425,\n        \"programName\": \"SDET26\",\n        \"programDescription\": \"Automation testing\",\n        \"online\": true\n    },\n    {\n        \"programId\": 6426,\n        \"programName\": \"DS\",\n        \"programDescription\": \"data science\",\n        \"online\": false\n    },\n    {\n        \"programId\": 6427,\n        \"programName\": \"SDET26\",\n        \"programDescription\": \"Automation testing\",\n        \"online\": true\n    },\n    {\n        \"programId\": 6428,\n        \"programName\": \"DS\",\n        \"programDescription\": \"data science\",\n        \"online\": false\n    },\n    {\n        \"programId\": 6429,\n        \"programName\": \"SDET26\",\n        \"programDescription\": \"Automation testing\",\n        \"online\": true\n    },\n    {\n        \"programId\": 6430,\n        \"programName\": \"DS\",\n        \"programDescription\": \"data science\",\n        \"online\": false\n    },\n    {\n        \"programId\": 6431,\n        \"programName\": \"SDET26\",\n        \"programDescription\": \"Automation testing\",\n        \"online\": true\n    },\n    {\n        \"programId\": 6432,\n        \"programName\": \"DS\",\n        \"programDescription\": \"data science\",\n        \"online\": false\n    },\n    {\n        \"programId\": 6433,\n        \"programName\": \"SDET26\",\n        \"programDescription\": \"Automation testing\",\n        \"online\": true\n    },\n    {\n        \"programId\": 6434,\n        \"programName\": \"DS\",\n        \"programDescription\": \"data science\",\n        \"online\": false\n    },\n    {\n        \"programId\": 9321,\n        \"programName\": \"QA\",\n        \"programDescription\": \"BASICS\",\n        \"online\": true\n    },\n    {\n        \"programId\": 6436,\n        \"programName\": \"DS\",\n        \"programDescription\": \"data science\",\n        \"online\": false\n    },\n    {\n        \"programId\": 6437,\n        \"programName\": \"SDET26\",\n        \"programDescription\": \"Automation testing\",\n        \"online\": true\n    },\n    {\n        \"programId\": 6438,\n        \"programName\": \"DS\",\n        \"programDescription\": \"data science\",\n        \"online\": false\n    },\n    {\n        \"programId\": 6439,\n        \"programName\": \"SDET26\",\n        \"programDescription\": \"Automation testing\",\n        \"online\": true\n    },\n    {\n        \"programId\": 6440,\n        \"programName\": \"DS\",\n        \"programDescription\": \"data science\",\n        \"online\": false\n    },\n    {\n        \"programId\": 6441,\n        \"programName\": \"SDET26\",\n        \"programDescription\": \"Automation testing\",\n        \"online\": true\n    },\n    {\n        \"programId\": 6442,\n        \"programName\": \"DS\",\n        \"programDescription\": \"data science\",\n        \"online\": false\n    },\n    {\n        \"programId\": 6443,\n        \"programName\": \"SDET26\",\n        \"programDescription\": \"Automation testing\",\n        \"online\": true\n    },\n    {\n        \"programId\": 6444,\n        \"programName\": \"DS\",\n        \"programDescription\": \"data science\",\n        \"online\": false\n    },\n    {\n        \"programId\": 6445,\n        \"programName\": \"SDET26\",\n        \"programDescription\": \"Automation testing\",\n        \"online\": true\n    },\n    {\n        \"programId\": 6446,\n        \"programName\": \"DS\",\n        \"programDescription\": \"data science\",\n        \"online\": false\n    },\n    {\n        \"programId\": 6447,\n        \"programName\": \"SDET26\",\n        \"programDescription\": \"Automation testing\",\n        \"online\": true\n    },\n    {\n        \"programId\": 6448,\n        \"programName\": \"DS\",\n        \"programDescription\": \"data science\",\n        \"online\": false\n    },\n    {\n        \"programId\": 6449,\n        \"programName\": \"SDET26\",\n        \"programDescription\": \"Automation testing\",\n        \"online\": true\n    },\n    {\n        \"programId\": 6450,\n        \"programName\": \"DS\",\n        \"programDescription\": \"data science\",\n        \"online\": false\n    },\n    {\n        \"programId\": 6451,\n        \"programName\": \"Testing\",\n        \"programDescription\": \"Testing\",\n        \"online\": true\n    },\n    {\n        \"programId\": 6452,\n        \"programName\": \"Testing\",\n        \"programDescription\": \"Tensting\",\n        \"online\": true\n    },\n    {\n        \"programId\": 6453,\n        \"programName\": \"SDET26\",\n        \"programDescription\": \"Automation testing\",\n        \"online\": true\n    },\n    {\n        \"programId\": 6454,\n        \"programName\": \"DS\",\n        \"programDescription\": \"data science\",\n        \"online\": false\n    },\n    {\n        \"programId\": 6455,\n        \"programName\": \"Testing\",\n        \"programDescription\": \"Testing\",\n        \"online\": true\n    },\n    {\n        \"programId\": 6456,\n        \"programName\": \"SDET26\",\n        \"programDescription\": \"Automation testing\",\n        \"online\": true\n    },\n    {\n        \"programId\": 6457,\n        \"programName\": \"DS\",\n        \"programDescription\": \"data science\",\n        \"online\": false\n    },\n    {\n        \"programId\": 6458,\n        \"programName\": \"Testing\",\n        \"programDescription\": \"Testing\",\n        \"online\": true\n    },\n    {\n        \"programId\": 6459,\n        \"programName\": \"SDET26\",\n        \"programDescription\": \"Automation testing\",\n        \"online\": true\n    },\n    {\n        \"programId\": 6460,\n        \"programName\": \"Testing\",\n        \"programDescription\": \"Testing\",\n        \"online\": true\n    },\n    {\n        \"programId\": 6461,\n        \"programName\": \"DS\",\n        \"programDescription\": \"data science\",\n        \"online\": false\n    },\n    {\n        \"programId\": 6462,\n        \"programName\": \"Testing\",\n        \"programDescription\": \"Testing\",\n        \"online\": true\n    },\n    {\n        \"programId\": 6463,\n        \"programName\": \"Testing\",\n        \"programDescription\": \"Testing\",\n        \"online\": true\n    },\n    {\n        \"programId\": 6464,\n        \"programName\": \"SDET26\",\n        \"programDescription\": \"Automation testing\",\n        \"online\": true\n    },\n    {\n        \"programId\": 6465,\n        \"programName\": \"DS\",\n        \"programDescription\": \"data science\",\n        \"online\": false\n    },\n    {\n        \"programId\": 6466,\n        \"programName\": \"Testing\",\n        \"programDescription\": \"Testing\",\n        \"online\": true\n    },\n    {\n        \"programId\": 6467,\n        \"programName\": \"Testing\",\n        \"programDescription\": \"Testing\",\n        \"online\": true\n    },\n    {\n        \"programId\": 6468,\n        \"programName\": \"Testing\",\n        \"programDescription\": \"Testing\",\n        \"online\": true\n    },\n    {\n        \"programId\": 6469,\n        \"programName\": \"Testing\",\n        \"programDescription\": \"Testing\",\n        \"online\": true\n    },\n    {\n        \"programId\": 6470,\n        \"programName\": \"Testing\",\n        \"programDescription\": \"Testing\",\n        \"online\": true\n    },\n    {\n        \"programId\": 6471,\n        \"programName\": \"SDET26\",\n        \"programDescription\": \"Automation testing\",\n        \"online\": true\n    },\n    {\n        \"programId\": 6472,\n        \"programName\": \"DS\",\n        \"programDescription\": \"data science\",\n        \"online\": false\n    },\n    {\n        \"programId\": 6473,\n        \"programName\": \"Testing\",\n        \"programDescription\": \"Testing\",\n        \"online\": true\n    },\n    {\n        \"programId\": 6474,\n        \"programName\": \"SDET26\",\n        \"programDescription\": \"Automation testing\",\n        \"online\": true\n    },\n    {\n        \"programId\": 6475,\n        \"programName\": \"DS\",\n        \"programDescription\": \"data science\",\n        \"online\": false\n    },\n    {\n        \"programId\": 6476,\n        \"programName\": \"SDET26\",\n        \"programDescription\": \"Automation testing\",\n        \"online\": true\n    },\n    {\n        \"programId\": 6477,\n        \"programName\": \"DS\",\n        \"programDescription\": \"data science\",\n        \"online\": false\n    },\n    {\n        \"programId\": 6478,\n        \"programName\": \"Testing modified\",\n        \"programDescription\": \"Testing modified\",\n        \"online\": true\n    },\n    {\n        \"programId\": 6479,\n        \"programName\": \"SDET26\",\n        \"programDescription\": \"Automation testing\",\n        \"online\": true\n    },\n    {\n        \"programId\": 6480,\n        \"programName\": \"DS\",\n        \"programDescription\": \"data science\",\n        \"online\": false\n    },\n    {\n        \"programId\": 6481,\n        \"programName\": \"Testing modified\",\n        \"programDescription\": \"Testing modified\",\n        \"online\": true\n    },\n    {\n        \"programId\": 6482,\n        \"programName\": \"SDET26\",\n        \"programDescription\": \"Automation testing\",\n        \"online\": true\n    },\n    {\n        \"programId\": 6483,\n        \"programName\": \"DS\",\n        \"programDescription\": \"data science\",\n        \"online\": false\n    },\n    {\n        \"programId\": 6484,\n        \"programName\": \"Testing modified\",\n        \"programDescription\": \"Testing modified\",\n        \"online\": true\n    },\n    {\n        \"programId\": 6485,\n        \"programName\": \"Testing modified\",\n        \"programDescription\": \"Testing modified\",\n        \"online\": true\n    },\n    {\n        \"programId\": 6486,\n        \"programName\": \"Testing modified\",\n        \"programDescription\": \"Testing modified\",\n        \"online\": true\n    },\n    {\n        \"programId\": 6487,\n        \"programName\": \"Testing modified\",\n        \"programDescription\": \"Testing modified\",\n        \"online\": true\n    },\n    {\n        \"programId\": 6488,\n        \"programName\": \"Testing modified\",\n        \"programDescription\": \"Testing modified\",\n        \"online\": true\n    },\n    {\n        \"programId\": 6489,\n        \"programName\": \"Testing modified\",\n        \"programDescription\": \"Testing modified\",\n        \"online\": true\n    },\n    {\n        \"programId\": 6490,\n        \"programName\": \"Testing modified\",\n        \"programDescription\": \"Testing modified\",\n        \"online\": true\n    },\n    {\n        \"programId\": 6528,\n        \"programName\": \"SDET26\",\n        \"programDescription\": \"Automation testing\",\n        \"online\": true\n    },\n    {\n        \"programId\": 6494,\n        \"programName\": \"\\\"Programming\\\"\",\n        \"programDescription\": \"\\\"Java\\\"\",\n        \"online\": false\n    },\n    {\n        \"programId\": 6495,\n        \"programName\": \"\\\"Develeopment\\\"\",\n        \"programDescription\": \"\\\"Python\\\"\",\n        \"online\": false\n    },\n    {\n        \"programId\": 6496,\n        \"programName\": \"\\\"Programming\\\"\",\n        \"programDescription\": \"\\\"Java\\\"\",\n        \"online\": false\n    },\n    {\n        \"programId\": 6497,\n        \"programName\": \"\\\"Develeopment\\\"\",\n        \"programDescription\": \"\\\"Python\\\"\",\n        \"online\": false\n    },\n    {\n        \"programId\": 6498,\n        \"programName\": \"\\\"Programming\\\"\",\n        \"programDescription\": \"\\\"Java\\\"\",\n        \"online\": false\n    },\n    {\n        \"programId\": 6499,\n        \"programName\": \"\\\"Programming\\\"\",\n        \"programDescription\": \"\\\"Java\\\"\",\n        \"online\": false\n    },\n    {\n        \"programId\": 6500,\n        \"programName\": \"\\\"Programming\\\"\",\n        \"programDescription\": \"\\\"Java\\\"\",\n        \"online\": false\n    },\n    {\n        \"programId\": 6501,\n        \"programName\": \"\\\"Programming\\\"\",\n        \"programDescription\": \"\\\"Java\\\"\",\n        \"online\": false\n    },\n    {\n        \"programId\": 6502,\n        \"programName\": \"\\\"Programming\\\"\",\n        \"programDescription\": \"\\\"Java\\\"\",\n        \"online\": false\n    },\n    {\n        \"programId\": 6503,\n        \"programName\": \"\\\"Programming\\\"\",\n        \"programDescription\": \"\\\"Java\\\"\",\n        \"online\": false\n    },\n    {\n        \"programId\": 6504,\n        \"programName\": \"\\\"Programming\\\"\",\n        \"programDescription\": \"\\\"Java\\\"\",\n        \"online\": false\n    },\n    {\n        \"programId\": 6505,\n        \"programName\": \"Automation Testing\",\n        \"programDescription\": \"RestAssured\",\n        \"online\": true\n    },\n    {\n        \"programId\": 6506,\n        \"programName\": \"Automation Testing\",\n        \"programDescription\": \"RestAssured\",\n        \"online\": true\n    },\n    {\n        \"programId\": 6509,\n        \"programName\": \"\\\"API Testing\\\"\",\n        \"programDescription\": \"\\\"RestAssured\\\"\",\n        \"online\": false\n    },\n    {\n        \"programId\": 6510,\n        \"programName\": \"\\\"Framework\\\"\",\n        \"programDescription\": \"\\\"Cucumber\\\"\",\n        \"online\": false\n    },\n    {\n        \"programId\": 6511,\n        \"programName\": \"Automation Testing\",\n        \"programDescription\": \"RestAssured\",\n        \"online\": true\n    },\n    {\n        \"programId\": 6512,\n        \"programName\": \"\\\"API Testing\\\"\",\n        \"programDescription\": \"\\\"RestAssured\\\"\",\n        \"online\": false\n    },\n    {\n        \"programId\": 6513,\n        \"programName\": \"\\\"Framework\\\"\",\n        \"programDescription\": \"\\\"Cucumber\\\"\",\n        \"online\": false\n    },\n    {\n        \"programId\": 6514,\n        \"programName\": \"Automation Testing\",\n        \"programDescription\": \"RestAssured\",\n        \"online\": true\n    },\n    {\n        \"programId\": 6517,\n        \"programName\": \"St\",\n        \"programDescription\": \"ts\",\n        \"online\": false\n    },\n    {\n        \"programId\": 6518,\n        \"programName\": \"\\\"API Testing\\\"\",\n        \"programDescription\": \"\\\"RestAssured\\\"\",\n        \"online\": false\n    },\n    {\n        \"programId\": 6519,\n        \"programName\": \"\\\"Framework\\\"\",\n        \"programDescription\": \"\\\"Cucumber\\\"\",\n        \"online\": false\n    },\n    {\n        \"programId\": 6520,\n        \"programName\": \"Automation Testing\",\n        \"programDescription\": \"RestAssured\",\n        \"online\": true\n    },\n    {\n        \"programId\": 6521,\n        \"programName\": \"St\",\n        \"programDescription\": \"ts\",\n        \"online\": false\n    },\n    {\n        \"programId\": 6524,\n        \"programName\": \"\\\"API Testing\\\"\",\n        \"programDescription\": \"\\\"RestAssured\\\"\",\n        \"online\": false\n    },\n    {\n        \"programId\": 6525,\n        \"programName\": \"\\\"Framework\\\"\",\n        \"programDescription\": \"\\\"Cucumber\\\"\",\n        \"online\": false\n    },\n    {\n        \"programId\": 6526,\n        \"programName\": \"\\\"Programming\\\"\",\n        \"programDescription\": \"\\\"Java\\\"\",\n        \"online\": false\n    },\n    {\n        \"programId\": 6527,\n        \"programName\": \"Automation Testing\",\n        \"programDescription\": \"RestAssured\",\n        \"online\": true\n    },\n    {\n        \"programId\": 6529,\n        \"programName\": \"DS\",\n        \"programDescription\": \"data science\",\n        \"online\": false\n    },\n    {\n        \"programId\": 6530,\n        \"programName\": \"Devops\",\n        \"programDescription\": \"New Devops\",\n        \"online\": true\n    },\n    {\n        \"programId\": 6531,\n        \"programName\": \"Selenium Testing\",\n        \"programDescription\": \"Selenium\",\n        \"online\": true\n    },\n    {\n        \"programId\": 6532,\n        \"programName\": \"SDET26\",\n        \"programDescription\": \"Automation testing\",\n        \"online\": true\n    },\n    {\n        \"programId\": 6533,\n        \"programName\": \"DS\",\n        \"programDescription\": \"data science\",\n        \"online\": false\n    },\n    {\n        \"programId\": 6534,\n        \"programName\": \"SDET26\",\n        \"programDescription\": \"Automation testing\",\n        \"online\": true\n    },\n    {\n        \"programId\": 6535,\n        \"programName\": \"DS\",\n        \"programDescription\": \"data science\",\n        \"online\": false\n    },\n    {\n        \"programId\": 6536,\n        \"programName\": \"SDET26\",\n        \"programDescription\": \"Automation testing\",\n        \"online\": true\n    },\n    {\n        \"programId\": 6537,\n        \"programName\": \"DS\",\n        \"programDescription\": \"data science\",\n        \"online\": false\n    },\n    {\n        \"programId\": 6538,\n        \"programName\": \"SDET26\",\n        \"programDescription\": \"Automation testing\",\n        \"online\": true\n    },\n    {\n        \"programId\": 6539,\n        \"programName\": \"DS\",\n        \"programDescription\": \"data science\",\n        \"online\": false\n    },\n    {\n        \"programId\": 6540,\n        \"programName\": \"SDET26\",\n        \"programDescription\": \"Automation testing\",\n        \"online\": true\n    },\n    {\n        \"programId\": 6541,\n        \"programName\": \"DS\",\n        \"programDescription\": \"data science\",\n        \"online\": false\n    },\n    {\n        \"programId\": 6542,\n        \"programName\": \"SDET26\",\n        \"programDescription\": \"Automation testing\",\n        \"online\": true\n    },\n    {\n        \"programId\": 6543,\n        \"programName\": \"DS\",\n        \"programDescription\": \"data science\",\n        \"online\": false\n    },\n    {\n        \"programId\": 6544,\n        \"programName\": \"SDET\",\n        \"programDescription\": \"api\",\n        \"online\": true\n    },\n    {\n        \"programId\": 6545,\n        \"programName\": \"SDET26\",\n        \"programDescription\": \"Automation testing\",\n        \"online\": true\n    },\n    {\n        \"programId\": 6546,\n        \"programName\": \"DS\",\n        \"programDescription\": \"data science\",\n        \"online\": false\n    },\n    {\n        \"programId\": 6547,\n        \"programName\": \"SDET26\",\n        \"programDescription\": \"Automation testing\",\n        \"online\": true\n    },\n    {\n        \"programId\": 6548,\n        \"programName\": \"SDET26\",\n        \"programDescription\": \"Automation testing\",\n        \"online\": true\n    },\n    {\n        \"programId\": 6549,\n        \"programName\": \"SDET26\",\n        \"programDescription\": \"Automation testing\",\n        \"online\": true\n    },\n    {\n        \"programId\": 6550,\n        \"programName\": \"SDET26\",\n        \"programDescription\": \"Automation testing\",\n        \"online\": true\n    },\n    {\n        \"programId\": 6551,\n        \"programName\": \"DS\",\n        \"programDescription\": \"data science\",\n        \"online\": false\n    },\n    {\n        \"programId\": 6552,\n        \"programName\": \"SDET26\",\n        \"programDescription\": \"Automation testing\",\n        \"online\": true\n    },\n    {\n        \"programId\": 6553,\n        \"programName\": \"DS\",\n        \"programDescription\": \"data science\",\n        \"online\": false\n    },\n    {\n        \"programId\": 9255,\n        \"programName\": \"yes yes yes updated\",\n        \"programDescription\": \"is it updated\",\n        \"online\": true\n    },\n    {\n        \"programId\": 6556,\n        \"programName\": \"\\\"API Testing\\\"\",\n        \"programDescription\": \"\\\"RestAssured\\\"\",\n        \"online\": false\n    },\n    {\n        \"programId\": 6557,\n        \"programName\": \"\\\"Framework\\\"\",\n        \"programDescription\": \"\\\"Cucumber\\\"\",\n        \"online\": false\n    },\n    {\n        \"programId\": 6558,\n        \"programName\": \"\\\"Programming\\\"\",\n        \"programDescription\": \"\\\"Java\\\"\",\n        \"online\": false\n    },\n    {\n        \"programId\": 6559,\n        \"programName\": \"Automation Testing\",\n        \"programDescription\": \"RestAssured\",\n        \"online\": true\n    },\n    {\n        \"programId\": 6560,\n        \"programName\": \"Java\",\n        \"programDescription\": \"Java Learning\",\n        \"online\": true\n    },\n    {\n        \"programId\": 6561,\n        \"programName\": \"C#\",\n        \"programDescription\": \"C# learning\",\n        \"online\": false\n    },\n    {\n        \"programId\": 6562,\n        \"programName\": \"Selenium\",\n        \"programDescription\": \"Selenium with Java\",\n        \"online\": true\n    },\n    {\n        \"programId\": 6563,\n        \"programName\": \"DotNet\",\n        \"programDescription\": \"DotNet\",\n        \"online\": false\n    },\n    {\n        \"programId\": 6564,\n        \"programName\": \"Java\",\n        \"programDescription\": \"Java Learning\",\n        \"online\": true\n    },\n    {\n        \"programId\": 6565,\n        \"programName\": \"C#\",\n        \"programDescription\": \"C# learning\",\n        \"online\": false\n    },\n    {\n        \"programId\": 6566,\n        \"programName\": \"Selenium\",\n        \"programDescription\": \"Selenium with Java\",\n        \"online\": true\n    },\n    {\n        \"programId\": 6567,\n        \"programName\": \"DotNet\",\n        \"programDescription\": \"DotNet\",\n        \"online\": false\n    },\n    {\n        \"programId\": 6568,\n        \"programName\": \"SDET26\",\n        \"programDescription\": \"Automation testing\",\n        \"online\": true\n    },\n    {\n        \"programId\": 6569,\n        \"programName\": \"DS\",\n        \"programDescription\": \"data science\",\n        \"online\": false\n    },\n    {\n        \"programId\": 6570,\n        \"programName\": \"SDET26\",\n        \"programDescription\": \"Automation testing\",\n        \"online\": true\n    },\n    {\n        \"programId\": 6571,\n        \"programName\": \"DS\",\n        \"programDescription\": \"data science\",\n        \"online\": false\n    },\n    {\n        \"programId\": 6572,\n        \"programName\": \"SDET26\",\n        \"programDescription\": \"Automation testing\",\n        \"online\": true\n    },\n    {\n        \"programId\": 6573,\n        \"programName\": \"DS\",\n        \"programDescription\": \"data science\",\n        \"online\": false\n    },\n    {\n        \"programId\": 6574,\n        \"programName\": \"SDET26\",\n        \"programDescription\": \"Automation testing\",\n        \"online\": true\n    },\n    {\n        \"programId\": 6575,\n        \"programName\": \"DS\",\n        \"programDescription\": \"data science\",\n        \"online\": false\n    },\n    {\n        \"programId\": 6576,\n        \"programName\": \"SDET26\",\n        \"programDescription\": \"Automation testing\",\n        \"online\": true\n    },\n    {\n        \"programId\": 6577,\n        \"programName\": \"DS\",\n        \"programDescription\": \"data science\",\n        \"online\": false\n    },\n    {\n        \"programId\": 6578,\n        \"programName\": \"SDET26\",\n        \"programDescription\": \"Automation testing\",\n        \"online\": true\n    },\n    {\n        \"programId\": 6579,\n        \"programName\": \"DS\",\n        \"programDescription\": \"data science\",\n        \"online\": false\n    },\n    {\n        \"programId\": 5744,\n        \"programName\": \"Spring\",\n        \"programDescription\": \"Spring Boot Training\",\n        \"online\": true\n    },\n    {\n        \"programId\": 6584,\n        \"programName\": \"SDET26\",\n        \"programDescription\": \"Automation testing\",\n        \"online\": true\n    },\n    {\n        \"programId\": 6585,\n        \"programName\": \"DS\",\n        \"programDescription\": \"data science\",\n        \"online\": false\n    },\n    {\n        \"programId\": 6586,\n        \"programName\": \"SDET26\",\n        \"programDescription\": \"Automation testing\",\n        \"online\": true\n    },\n    {\n        \"programId\": 6587,\n        \"programName\": \"DS\",\n        \"programDescription\": \"data science\",\n        \"online\": false\n    },\n    {\n        \"programId\": 6588,\n        \"programName\": \"SDET26\",\n        \"programDescription\": \"Automation testing\",\n        \"online\": true\n    },\n    {\n        \"programId\": 6589,\n        \"programName\": \"DS\",\n        \"programDescription\": \"data science\",\n        \"online\": false\n    },\n    {\n        \"programId\": 6590,\n        \"programName\": \"SDET26\",\n        \"programDescription\": \"Automation testing\",\n        \"online\": true\n    },\n    {\n        \"programId\": 6591,\n        \"programName\": \"DS\",\n        \"programDescription\": \"data science\",\n        \"online\": false\n    },\n    {\n        \"programId\": 6592,\n        \"programName\": \"SDET26\",\n        \"programDescription\": \"Automation testing\",\n        \"online\": true\n    },\n    {\n        \"programId\": 6593,\n        \"programName\": \"DS\",\n        \"programDescription\": \"data science\",\n        \"online\": false\n    },\n    {\n        \"programId\": 6594,\n        \"programName\": \"SDET26\",\n        \"programDescription\": \"Automation testing\",\n        \"online\": true\n    },\n    {\n        \"programId\": 6595,\n        \"programName\": \"DS\",\n        \"programDescription\": \"data science\",\n        \"online\": false\n    },\n    {\n        \"programId\": 6596,\n        \"programName\": \"SDET26\",\n        \"programDescription\": \"Automation testing\",\n        \"online\": true\n    },\n    {\n        \"programId\": 6597,\n        \"programName\": \"DS\",\n        \"programDescription\": \"data science\",\n        \"online\": false\n    },\n    {\n        \"programId\": 6598,\n        \"programName\": \"SDET26\",\n        \"programDescription\": \"Automation testing\",\n        \"online\": true\n    },\n    {\n        \"programId\": 6599,\n        \"programName\": \"DS\",\n        \"programDescription\": \"data science\",\n        \"online\": false\n    },\n    {\n        \"programId\": 6600,\n        \"programName\": \"SDET26\",\n        \"programDescription\": \"Automation testing\",\n        \"online\": true\n    },\n    {\n        \"programId\": 6601,\n        \"programName\": \"DS\",\n        \"programDescription\": \"data science\",\n        \"online\": false\n    },\n    {\n        \"programId\": 6602,\n        \"programName\": \"SDET26\",\n        \"programDescription\": \"Automation testing\",\n        \"online\": true\n    },\n    {\n        \"programId\": 6603,\n        \"programName\": \"DS\",\n        \"programDescription\": \"data science\",\n        \"online\": false\n    },\n    {\n        \"programId\": 6604,\n        \"programName\": \"SDET26\",\n        \"programDescription\": \"Automation testing\",\n        \"online\": true\n    },\n    {\n        \"programId\": 6605,\n        \"programName\": \"DS\",\n        \"programDescription\": \"data science\",\n        \"online\": false\n    },\n    {\n        \"programId\": 6606,\n        \"programName\": \"SDET26\",\n        \"programDescription\": \"Automation testing\",\n        \"online\": true\n    },\n    {\n        \"programId\": 6607,\n        \"programName\": \"DS\",\n        \"programDescription\": \"data science\",\n        \"online\": false\n    },\n    {\n        \"programId\": 6608,\n        \"programName\": \"SDET26\",\n        \"programDescription\": \"Automation testing\",\n        \"online\": true\n    },\n    {\n        \"programId\": 6609,\n        \"programName\": \"DS\",\n        \"programDescription\": \"data science\",\n        \"online\": false\n    },\n    {\n        \"programId\": 6610,\n        \"programName\": \"SDET26\",\n        \"programDescription\": \"Automation testing\",\n        \"online\": true\n    },\n    {\n        \"programId\": 6611,\n        \"programName\": \"DS\",\n        \"programDescription\": \"data science\",\n        \"online\": false\n    },\n    {\n        \"programId\": 6612,\n        \"programName\": \"SDET26\",\n        \"programDescription\": \"Automation testing\",\n        \"online\": true\n    },\n    {\n        \"programId\": 6613,\n        \"programName\": \"DS\",\n        \"programDescription\": \"data science\",\n        \"online\": false\n    },\n    {\n        \"programId\": 6614,\n        \"programName\": \"SDET26\",\n        \"programDescription\": \"Automation testing\",\n        \"online\": true\n    },\n    {\n        \"programId\": 6615,\n        \"programName\": \"DS\",\n        \"programDescription\": \"data science\",\n        \"online\": false\n    },\n    {\n        \"programId\": 6616,\n        \"programName\": \"SDET26\",\n        \"programDescription\": \"Automation testing\",\n        \"online\": true\n    },\n    {\n        \"programId\": 6617,\n        \"programName\": \"DS\",\n        \"programDescription\": \"data science\",\n        \"online\": false\n    },\n    {\n        \"programId\": 6618,\n        \"programName\": \"SDET26\",\n        \"programDescription\": \"Automation testing\",\n        \"online\": true\n    },\n    {\n        \"programId\": 6619,\n        \"programName\": \"DS\",\n        \"programDescription\": \"data science\",\n        \"online\": false\n    },\n    {\n        \"programId\": 6620,\n        \"programName\": \"\\\"API Testing\\\"\",\n        \"programDescription\": \"\\\"RestAssured\\\"\",\n        \"online\": false\n    },\n    {\n        \"programId\": 6621,\n        \"programName\": \"\\\"Framework\\\"\",\n        \"programDescription\": \"\\\"Cucumber\\\"\",\n        \"online\": false\n    },\n    {\n        \"programId\": 6623,\n        \"programName\": \"\\\"Programming\\\"\",\n        \"programDescription\": \"\\\"Java\\\"\",\n        \"online\": false\n    },\n    {\n        \"programId\": 6624,\n        \"programName\": \"Automation Testing \",\n        \"programDescription\": \"RestAssured\",\n        \"online\": true\n    },\n    {\n        \"programId\": 6625,\n        \"programName\": \"\\\"API Testing\\\"\",\n        \"programDescription\": \"\\\"RestAssured\\\"\",\n        \"online\": false\n    },\n    {\n        \"programId\": 6626,\n        \"programName\": \"\\\"Framework\\\"\",\n        \"programDescription\": \"\\\"Cucumber\\\"\",\n        \"online\": false\n    },\n    {\n        \"programId\": 6628,\n        \"programName\": \"\\\"Programming\\\"\",\n        \"programDescription\": \"\\\"Java\\\"\",\n        \"online\": false\n    },\n    {\n        \"programId\": 6629,\n        \"programName\": \"Automation Testing \",\n        \"programDescription\": \"RestAssured\",\n        \"online\": true\n    },\n    {\n        \"programId\": 6630,\n        \"programName\": \"SDET26\",\n        \"programDescription\": \"Automation testing\",\n        \"online\": true\n    },\n    {\n        \"programId\": 6631,\n        \"programName\": \"DS\",\n        \"programDescription\": \"data science\",\n        \"online\": false\n    },\n    {\n        \"programId\": 6632,\n        \"programName\": \"SDET26\",\n        \"programDescription\": \"Automation testing\",\n        \"online\": true\n    },\n    {\n        \"programId\": 6633,\n        \"programName\": \"DS\",\n        \"programDescription\": \"data science\",\n        \"online\": false\n    },\n    {\n        \"programId\": 6634,\n        \"programName\": \"SDET26\",\n        \"programDescription\": \"Automation testing\",\n        \"online\": true\n    },\n    {\n        \"programId\": 6635,\n        \"programName\": \"DS\",\n        \"programDescription\": \"data science\",\n        \"online\": false\n    },\n    {\n        \"programId\": 6636,\n        \"programName\": \"SDET26\",\n        \"programDescription\": \"Automation testing\",\n        \"online\": true\n    },\n    {\n        \"programId\": 6637,\n        \"programName\": \"DS\",\n        \"programDescription\": \"data science\",\n        \"online\": false\n    },\n    {\n        \"programId\": 6638,\n        \"programName\": \"SDET26\",\n        \"programDescription\": \"Automation testing\",\n        \"online\": true\n    },\n    {\n        \"programId\": 6639,\n        \"programName\": \"DS\",\n        \"programDescription\": \"data science\",\n        \"online\": false\n    },\n    {\n        \"programId\": 6640,\n        \"programName\": \"SDET26\",\n        \"programDescription\": \"Automation testing\",\n        \"online\": true\n    },\n    {\n        \"programId\": 6641,\n        \"programName\": \"DS\",\n        \"programDescription\": \"data science\",\n        \"online\": false\n    },\n    {\n        \"programId\": 6642,\n        \"programName\": \"SDET26\",\n        \"programDescription\": \"Automation testing\",\n        \"online\": true\n    },\n    {\n        \"programId\": 6643,\n        \"programName\": \"DS\",\n        \"programDescription\": \"data science\",\n        \"online\": false\n    },\n    {\n        \"programId\": 6644,\n        \"programName\": \"\\\"API Testing\\\"\",\n        \"programDescription\": \"\\\"RestAssured\\\"\",\n        \"online\": false\n    },\n    {\n        \"programId\": 6645,\n        \"programName\": \"\\\"Framework\\\"\",\n        \"programDescription\": \"\\\"Cucumber\\\"\",\n        \"online\": false\n    },\n    {\n        \"programId\": 6647,\n        \"programName\": \"\\\"Programming\\\"\",\n        \"programDescription\": \"\\\"Java\\\"\",\n        \"online\": false\n    },\n    {\n        \"programId\": 6648,\n        \"programName\": \"Automation Testing \",\n        \"programDescription\": \"RestAssured\",\n        \"online\": true\n    },\n    {\n        \"programId\": 6649,\n        \"programName\": \"\\\"API Testing\\\"\",\n        \"programDescription\": \"\\\"RestAssured\\\"\",\n        \"online\": false\n    },\n    {\n        \"programId\": 6650,\n        \"programName\": \"\\\"Framework\\\"\",\n        \"programDescription\": \"\\\"Cucumber\\\"\",\n        \"online\": false\n    },\n    {\n        \"programId\": 6652,\n        \"programName\": \"\\\"Programming\\\"\",\n        \"programDescription\": \"\\\"Java\\\"\",\n        \"online\": false\n    },\n    {\n        \"programId\": 6653,\n        \"programName\": \"Automation Testing \",\n        \"programDescription\": \"RestAssured\",\n        \"online\": true\n    },\n    {\n        \"programId\": 6654,\n        \"programName\": \"SDET26\",\n        \"programDescription\": \"Automation testing\",\n        \"online\": true\n    },\n    {\n        \"programId\": 6655,\n        \"programName\": \"DS\",\n        \"programDescription\": \"data science\",\n        \"online\": false\n    },\n    {\n        \"programId\": 6656,\n        \"programName\": \"SDET26\",\n        \"programDescription\": \"Automation testing\",\n        \"online\": true\n    },\n    {\n        \"programId\": 6657,\n        \"programName\": \"DS\",\n        \"programDescription\": \"data science\",\n        \"online\": false\n    },\n    {\n        \"programId\": 6658,\n        \"programName\": \"SDET26\",\n        \"programDescription\": \"Automation testing\",\n        \"online\": true\n    },\n    {\n        \"programId\": 6659,\n        \"programName\": \"DS\",\n        \"programDescription\": \"data science\",\n        \"online\": false\n    },\n    {\n        \"programId\": 6660,\n        \"programName\": \"SDET26\",\n        \"programDescription\": \"Automation testing\",\n        \"online\": true\n    },\n    {\n        \"programId\": 6661,\n        \"programName\": \"DS\",\n        \"programDescription\": \"data science\",\n        \"online\": false\n    },\n    {\n        \"programId\": 6662,\n        \"programName\": \"SDET26\",\n        \"programDescription\": \"Automation testing\",\n        \"online\": true\n    },\n    {\n        \"programId\": 6663,\n        \"programName\": \"DS\",\n        \"programDescription\": \"data science\",\n        \"online\": false\n    },\n    {\n        \"programId\": 6664,\n        \"programName\": \"SDET26\",\n        \"programDescription\": \"Automation testing\",\n        \"online\": true\n    },\n    {\n        \"programId\": 6665,\n        \"programName\": \"DS\",\n        \"programDescription\": \"data science\",\n        \"online\": false\n    },\n    {\n        \"programId\": 6666,\n        \"programName\": \"SDET26\",\n        \"programDescription\": \"Automation testing\",\n        \"online\": true\n    },\n    {\n        \"programId\": 6667,\n        \"programName\": \"DS\",\n        \"programDescription\": \"data science\",\n        \"online\": false\n    },\n    {\n        \"programId\": 6668,\n        \"programName\": \"SDET26\",\n        \"programDescription\": \"Automation testing\",\n        \"online\": true\n    },\n    {\n        \"programId\": 6669,\n        \"programName\": \"DS\",\n        \"programDescription\": \"data science\",\n        \"online\": false\n    },\n    {\n        \"programId\": 6670,\n        \"programName\": \"SDET26\",\n        \"programDescription\": \"Automation testing\",\n        \"online\": true\n    },\n    {\n        \"programId\": 6671,\n        \"programName\": \"DS\",\n        \"programDescription\": \"data science\",\n        \"online\": false\n    },\n    {\n        \"programId\": 6672,\n        \"programName\": \"SDET26\",\n        \"programDescription\": \"Automation testing\",\n        \"online\": true\n    },\n    {\n        \"programId\": 6673,\n        \"programName\": \"DS\",\n        \"programDescription\": \"data science\",\n        \"online\": false\n    },\n    {\n        \"programId\": 6674,\n        \"programName\": \"SDET26\",\n        \"programDescription\": \"Automation testing\",\n        \"online\": true\n    },\n    {\n        \"programId\": 6675,\n        \"programName\": \"DS\",\n        \"programDescription\": \"data science\",\n        \"online\": false\n    },\n    {\n        \"programId\": 6676,\n        \"programName\": \"SDET26\",\n        \"programDescription\": \"Automation testing\",\n        \"online\": true\n    },\n    {\n        \"programId\": 6677,\n        \"programName\": \"DS\",\n        \"programDescription\": \"data science\",\n        \"online\": false\n    },\n    {\n        \"programId\": 6678,\n        \"programName\": \"string\",\n        \"programDescription\": \"string\",\n        \"online\": true\n    },\n    {\n        \"programId\": 6679,\n        \"programName\": \"string\",\n        \"programDescription\": \"MI\",\n        \"online\": true\n    },\n    {\n        \"programId\": 6680,\n        \"programName\": \"string\",\n        \"programDescription\": \"MI\",\n        \"online\": true\n    },\n    {\n        \"programId\": 6681,\n        \"programName\": \"string\",\n        \"programDescription\": \"MI\",\n        \"online\": true\n    },\n    {\n        \"programId\": 6682,\n        \"programName\": \"string\",\n        \"programDescription\": \"MI\",\n        \"online\": true\n    },\n    {\n        \"programId\": 6683,\n        \"programName\": \"string\",\n        \"programDescription\": \"MI\",\n        \"online\": true\n    },\n    {\n        \"programId\": 6684,\n        \"programName\": \"string\",\n        \"programDescription\": \"MI\",\n        \"online\": true\n    },\n    {\n        \"programId\": 6685,\n        \"programName\": \"string\",\n        \"programDescription\": \"MI\",\n        \"online\": true\n    },\n    {\n        \"programId\": 6686,\n        \"programName\": \"SDET26\",\n        \"programDescription\": \"Automation testing\",\n        \"online\": true\n    },\n    {\n        \"programId\": 6687,\n        \"programName\": \"DS\",\n        \"programDescription\": \"data science\",\n        \"online\": false\n    },\n    {\n        \"programId\": 6688,\n        \"programName\": \"SDET26\",\n        \"programDescription\": \"Automation testing\",\n        \"online\": true\n    },\n    {\n        \"programId\": 6689,\n        \"programName\": \"DS\",\n        \"programDescription\": \"data science\",\n        \"online\": false\n    },\n    {\n        \"programId\": 6690,\n        \"programName\": \"SDET26\",\n        \"programDescription\": \"Automation testing\",\n        \"online\": true\n    },\n    {\n        \"programId\": 6691,\n        \"programName\": \"DS\",\n        \"programDescription\": \"data science\",\n        \"online\": false\n    },\n    {\n        \"programId\": 6692,\n        \"programName\": \"SDET26\",\n        \"programDescription\": \"Automation testing\",\n        \"online\": true\n    },\n    {\n        \"programId\": 6693,\n        \"programName\": \"DS\",\n        \"programDescription\": \"data science\",\n        \"online\": false\n    },\n    {\n        \"programId\": 6694,\n        \"programName\": \"SDET26\",\n        \"programDescription\": \"Automation testing\",\n        \"online\": true\n    },\n    {\n        \"programId\": 6695,\n        \"programName\": \"DS\",\n        \"programDescription\": \"data science\",\n        \"online\": false\n    },\n    {\n        \"programId\": 6696,\n        \"programName\": \"SDET26\",\n        \"programDescription\": \"Automation testing\",\n        \"online\": true\n    },\n    {\n        \"programId\": 6697,\n        \"programName\": \"DS\",\n        \"programDescription\": \"data science\",\n        \"online\": false\n    },\n    {\n        \"programId\": 6698,\n        \"programName\": \"SDET26\",\n        \"programDescription\": \"Automation testing\",\n        \"online\": true\n    },\n    {\n        \"programId\": 6699,\n        \"programName\": \"DS\",\n        \"programDescription\": \"data science\",\n        \"online\": false\n    },\n    {\n        \"programId\": 6700,\n        \"programName\": \"SDET26\",\n        \"programDescription\": \"Automation testing\",\n        \"online\": true\n    },\n    {\n        \"programId\": 6701,\n        \"programName\": \"DS\",\n        \"programDescription\": \"data science\",\n        \"online\": false\n    },\n    {\n        \"programId\": 6702,\n        \"programName\": \"Science Sisterhood \",\n        \"programDescription\": \"Science Sisterhood \",\n        \"online\": false\n    },\n    {\n        \"programId\": 6703,\n        \"programName\": \"Descriptioncase5\",\n        \"programDescription\": \"Learning League\",\n        \"online\": false\n    },\n    {\n        \"programId\": 6704,\n        \"programName\": \"Descriptioncase5\",\n        \"programDescription\": \"Coding Camp\",\n        \"online\": false\n    },\n    {\n        \"programId\": 6705,\n        \"programName\": \"Descriptioncase7\",\n        \"programDescription\": \"AI Alliance\",\n        \"online\": false\n    },\n    {\n        \"programId\": 6706,\n        \"programName\": \"Descriptioncase8\",\n        \"programDescription\": \"Code for Good\",\n        \"online\": false\n    },\n    {\n        \"programId\": 6707,\n        \"programName\": \"Descriptioncase10\",\n        \"programDescription\": \"Her Science Lab\",\n        \"online\": false\n    },\n    {\n        \"programId\": 6708,\n        \"programName\": \"SDET26\",\n        \"programDescription\": \"Automation testing\",\n        \"online\": true\n    },\n    {\n        \"programId\": 6709,\n        \"programName\": \"DS\",\n        \"programDescription\": \"data science\",\n        \"online\": false\n    },\n    {\n        \"programId\": 6710,\n        \"programName\": \"SDET26\",\n        \"programDescription\": \"Automation testing\",\n        \"online\": true\n    },\n    {\n        \"programId\": 6711,\n        \"programName\": \"DS\",\n        \"programDescription\": \"data science\",\n        \"online\": false\n    },\n    {\n        \"programId\": 6712,\n        \"programName\": \"SDET26\",\n        \"programDescription\": \"Automation testing\",\n        \"online\": true\n    },\n    {\n        \"programId\": 6713,\n        \"programName\": \"DS\",\n        \"programDescription\": \"data science\",\n        \"online\": false\n    },\n    {\n        \"programId\": 6714,\n        \"programName\": \"SDET26\",\n        \"programDescription\": \"Automation testing\",\n        \"online\": true\n    },\n    {\n        \"programId\": 6715,\n        \"programName\": \"DS\",\n        \"programDescription\": \"data science\",\n        \"online\": false\n    },\n    {\n        \"programId\": 6716,\n        \"programName\": \"SDET26\",\n        \"programDescription\": \"Automation testing\",\n        \"online\": true\n    },\n    {\n        \"programId\": 6717,\n        \"programName\": \"DS\",\n        \"programDescription\": \"data science\",\n        \"online\": false\n    },\n    {\n        \"programId\": 6718,\n        \"programName\": \"SDET26\",\n        \"programDescription\": \"Automation testing\",\n        \"online\": true\n    },\n    {\n        \"programId\": 6719,\n        \"programName\": \"DS\",\n        \"programDescription\": \"data science\",\n        \"online\": false\n    },\n    {\n        \"programId\": 6720,\n        \"programName\": \"SDET26\",\n        \"programDescription\": \"Automation testing\",\n        \"online\": true\n    },\n    {\n        \"programId\": 6721,\n        \"programName\": \"DS\",\n        \"programDescription\": \"data science\",\n        \"online\": false\n    },\n    {\n        \"programId\": 6722,\n        \"programName\": \"SDET26\",\n        \"programDescription\": \"Automation testing\",\n        \"online\": true\n    },\n    {\n        \"programId\": 6723,\n        \"programName\": \"DS\",\n        \"programDescription\": \"data science\",\n        \"online\": false\n    },\n    {\n        \"programId\": 6724,\n        \"programName\": \"SDET26\",\n        \"programDescription\": \"Automation testing\",\n        \"online\": true\n    },\n    {\n        \"programId\": 6725,\n        \"programName\": \"DS\",\n        \"programDescription\": \"data science\",\n        \"online\": false\n    },\n    {\n        \"programId\": 6726,\n        \"programName\": \"SDET26\",\n        \"programDescription\": \"Automation testing\",\n        \"online\": true\n    },\n    {\n        \"programId\": 6727,\n        \"programName\": \"DS\",\n        \"programDescription\": \"data science\",\n        \"online\": false\n    },\n    {\n        \"programId\": 6728,\n        \"programName\": \"SDET26\",\n        \"programDescription\": \"Automation testing\",\n        \"online\": true\n    },\n    {\n        \"programId\": 6729,\n        \"programName\": \"DS\",\n        \"programDescription\": \"data science\",\n        \"online\": false\n    },\n    {\n        \"programId\": 6730,\n        \"programName\": \"SDET26\",\n        \"programDescription\": \"Automation testing\",\n        \"online\": true\n    },\n    {\n        \"programId\": 6731,\n        \"programName\": \"DS\",\n        \"programDescription\": \"data science\",\n        \"online\": false\n    },\n    {\n        \"programId\": 6732,\n        \"programName\": \"SDET26\",\n        \"programDescription\": \"Automation testing\",\n        \"online\": true\n    },\n    {\n        \"programId\": 6733,\n        \"programName\": \"DS\",\n        \"programDescription\": \"data science\",\n        \"online\": false\n    },\n    {\n        \"programId\": 6734,\n        \"programName\": \"SDET26\",\n        \"programDescription\": \"Automation testing\",\n        \"online\": true\n    },\n    {\n        \"programId\": 6735,\n        \"programName\": \"DS\",\n        \"programDescription\": \"data science\",\n        \"online\": false\n    },\n    {\n        \"programId\": 6736,\n        \"programName\": \"SDET26\",\n        \"programDescription\": \"Automation testing\",\n        \"online\": true\n    },\n    {\n        \"programId\": 6737,\n        \"programName\": \"DS\",\n        \"programDescription\": \"data science\",\n        \"online\": false\n    },\n    {\n        \"programId\": 6738,\n        \"programName\": \"SDET26\",\n        \"programDescription\": \"Automation testing\",\n        \"online\": true\n    },\n    {\n        \"programId\": 6739,\n        \"programName\": \"DS\",\n        \"programDescription\": \"data science\",\n        \"online\": false\n    },\n    {\n        \"programId\": 6740,\n        \"programName\": \"SDET26\",\n        \"programDescription\": \"Automation testing\",\n        \"online\": true\n    },\n    {\n        \"programId\": 6741,\n        \"programName\": \"DS\",\n        \"programDescription\": \"data science\",\n        \"online\": false\n    },\n    {\n        \"programId\": 6742,\n        \"programName\": \"SDET26\",\n        \"programDescription\": \"Automation testing\",\n        \"online\": true\n    },\n    {\n        \"programId\": 6743,\n        \"programName\": \"DS\",\n        \"programDescription\": \"data science\",\n        \"online\": false\n    },\n    {\n        \"programId\": 6744,\n        \"programName\": \"SDET26\",\n        \"programDescription\": \"Automation testing\",\n        \"online\": true\n    },\n    {\n        \"programId\": 6745,\n        \"programName\": \"DS\",\n        \"programDescription\": \"data science\",\n        \"online\": false\n    },\n    {\n        \"programId\": 6746,\n        \"programName\": \"SDET26\",\n        \"programDescription\": \"Automation testing\",\n        \"online\": true\n    },\n    {\n        \"programId\": 6747,\n        \"programName\": \"DS\",\n        \"programDescription\": \"data science\",\n        \"online\": false\n    },\n    {\n        \"programId\": 6748,\n        \"programName\": \"SDET26\",\n        \"programDescription\": \"Automation testing\",\n        \"online\": true\n    },\n    {\n        \"programId\": 6749,\n        \"programName\": \"DS\",\n        \"programDescription\": \"data science\",\n        \"online\": false\n    },\n    {\n        \"programId\": 6750,\n        \"programName\": \"SDET26\",\n        \"programDescription\": \"Automation testing\",\n        \"online\": true\n    },\n    {\n        \"programId\": 6751,\n        \"programName\": \"DS\",\n        \"programDescription\": \"data science\",\n        \"online\": false\n    },\n    {\n        \"programId\": 6752,\n        \"programName\": \"SDET26\",\n        \"programDescription\": \"Automation testing\",\n        \"online\": true\n    },\n    {\n        \"programId\": 6753,\n        \"programName\": \"DS\",\n        \"programDescription\": \"data science\",\n        \"online\": false\n    },\n    {\n        \"programId\": 6754,\n        \"programName\": \"SDET26\",\n        \"programDescription\": \"Automation testing\",\n        \"online\": true\n    },\n    {\n        \"programId\": 6755,\n        \"programName\": \"DS\",\n        \"programDescription\": \"data science\",\n        \"online\": false\n    },\n    {\n        \"programId\": 6756,\n        \"programName\": \"SDET26\",\n        \"programDescription\": \"Automation testing\",\n        \"online\": true\n    },\n    {\n        \"programId\": 6757,\n        \"programName\": \"DS\",\n        \"programDescription\": \"data science\",\n        \"online\": false\n    },\n    {\n        \"programId\": 6758,\n        \"programName\": \"SDET26\",\n        \"programDescription\": \"Automation testing\",\n        \"online\": true\n    },\n    {\n        \"programId\": 6759,\n        \"programName\": \"DS\",\n        \"programDescription\": \"data science\",\n        \"online\": false\n    },\n    {\n        \"programId\": 6760,\n        \"programName\": \"SDET26\",\n        \"programDescription\": \"Automation testing\",\n        \"online\": true\n    },\n    {\n        \"programId\": 6761,\n        \"programName\": \"DS\",\n        \"programDescription\": \"data science\",\n        \"online\": false\n    },\n    {\n        \"programId\": 6762,\n        \"programName\": \"SDET26\",\n        \"programDescription\": \"Automation testing\",\n        \"online\": true\n    },\n    {\n        \"programId\": 6763,\n        \"programName\": \"DS\",\n        \"programDescription\": \"data science\",\n        \"online\": false\n    },\n    {\n        \"programId\": 6764,\n        \"programName\": \"SDET26\",\n        \"programDescription\": \"Automation testing\",\n        \"online\": true\n    },\n    {\n        \"programId\": 6765,\n        \"programName\": \"DS\",\n        \"programDescription\": \"data science\",\n        \"online\": false\n    },\n    {\n        \"programId\": 6766,\n        \"programName\": \"SDET26\",\n        \"programDescription\": \"Automation testing\",\n        \"online\": true\n    },\n    {\n        \"programId\": 6767,\n        \"programName\": \"DS\",\n        \"programDescription\": \"data science\",\n        \"online\": false\n    },\n    {\n        \"programId\": 6768,\n        \"programName\": \"SDET26\",\n        \"programDescription\": \"Automation testing\",\n        \"online\": true\n    },\n    {\n        \"programId\": 6769,\n        \"programName\": \"DS\",\n        \"programDescription\": \"data science\",\n        \"online\": false\n    },\n    {\n        \"programId\": 6770,\n        \"programName\": \"SDET26\",\n        \"programDescription\": \"Automation testing\",\n        \"online\": true\n    },\n    {\n        \"programId\": 6771,\n        \"programName\": \"DS\",\n        \"programDescription\": \"data science\",\n        \"online\": false\n    },\n    {\n        \"programId\": 6772,\n        \"programName\": \"SDET26\",\n        \"programDescription\": \"Automation testing\",\n        \"online\": true\n    },\n    {\n        \"programId\": 6773,\n        \"programName\": \"DS\",\n        \"programDescription\": \"data science\",\n        \"online\": false\n    },\n    {\n        \"programId\": 6774,\n        \"programName\": \"SDET26\",\n        \"programDescription\": \"Automation testing\",\n        \"online\": true\n    },\n    {\n        \"programId\": 6775,\n        \"programName\": \"DS\",\n        \"programDescription\": \"data science\",\n        \"online\": false\n    },\n    {\n        \"programId\": 6776,\n        \"programName\": \"SDET26\",\n        \"programDescription\": \"Automation testing\",\n        \"online\": true\n    },\n    {\n        \"programId\": 6777,\n        \"programName\": \"DS\",\n        \"programDescription\": \"data science\",\n        \"online\": false\n    },\n    {\n        \"programId\": 6778,\n        \"programName\": \"SDET26\",\n        \"programDescription\": \"Automation testing\",\n        \"online\": true\n    },\n    {\n        \"programId\": 6779,\n        \"programName\": \"DS\",\n        \"programDescription\": \"data science\",\n        \"online\": false\n    },\n    {\n        \"programId\": 6780,\n        \"programName\": \"SDET26\",\n        \"programDescription\": \"Automation testing\",\n        \"online\": true\n    },\n    {\n        \"programId\": 6781,\n        \"programName\": \"DS\",\n        \"programDescription\": \"data science\",\n        \"online\": false\n    },\n    {\n        \"programId\": 6782,\n        \"programName\": \"SDET26\",\n        \"programDescription\": \"Automation testing\",\n        \"online\": true\n    },\n    {\n        \"programId\": 6783,\n        \"programName\": \"DS\",\n        \"programDescription\": \"data science\",\n        \"online\": false\n    },\n    {\n        \"programId\": 6784,\n        \"programName\": \"SDET26\",\n        \"programDescription\": \"Automation testing\",\n        \"online\": true\n    },\n    {\n        \"programId\": 6785,\n        \"programName\": \"DS\",\n        \"programDescription\": \"data science\",\n        \"online\": false\n    },\n    {\n        \"programId\": 6786,\n        \"programName\": \"SDET26\",\n        \"programDescription\": \"Automation testing\",\n        \"online\": true\n    },\n    {\n        \"programId\": 6787,\n        \"programName\": \"DS\",\n        \"programDescription\": \"data science\",\n        \"online\": false\n    },\n    {\n        \"programId\": 6788,\n        \"programName\": \"SDET26\",\n        \"programDescription\": \"Automation testing\",\n        \"online\": true\n    },\n    {\n        \"programId\": 6789,\n        \"programName\": \"DS\",\n        \"programDescription\": \"data science\",\n        \"online\": false\n    },\n    {\n        \"programId\": 6790,\n        \"programName\": \"SDET26\",\n        \"programDescription\": \"Automation testing\",\n        \"online\": true\n    },\n    {\n        \"programId\": 6791,\n        \"programName\": \"DS\",\n        \"programDescription\": \"data science\",\n        \"online\": false\n    },\n    {\n        \"programId\": 6792,\n        \"programName\": \"Science Sisterhood \",\n        \"programDescription\": \"Science Sisterhood \",\n        \"online\": false\n    },\n    {\n        \"programId\": 6793,\n        \"programName\": \"Descriptioncase5\",\n        \"programDescription\": \"Learning League\",\n        \"online\": false\n    },\n    {\n        \"programId\": 6794,\n        \"programName\": \"Descriptioncase5\",\n        \"programDescription\": \"Coding Camp\",\n        \"online\": false\n    },\n    {\n        \"programId\": 6795,\n        \"programName\": \"Descriptioncase7\",\n        \"programDescription\": \"AI Alliance\",\n        \"online\": false\n    },\n    {\n        \"programId\": 6796,\n        \"programName\": \"Descriptioncase8\",\n        \"programDescription\": \"Code for Good\",\n        \"online\": false\n    },\n    {\n        \"programId\": 6797,\n        \"programName\": \"Descriptioncase10\",\n        \"programDescription\": \"Her Science Lab\",\n        \"online\": false\n    },\n    {\n        \"programId\": 6798,\n        \"programName\": \"Science Sisterhood \",\n        \"programDescription\": \"Science Sisterhood \",\n        \"online\": false\n    },\n    {\n        \"programId\": 6799,\n        \"programName\": \"Descriptioncase5\",\n        \"programDescription\": \"Learning League\",\n        \"online\": false\n    },\n    {\n        \"programId\": 6800,\n        \"programName\": \"Descriptioncase5\",\n        \"programDescription\": \"Coding Camp\",\n        \"online\": false\n    },\n    {\n        \"programId\": 6801,\n        \"programName\": \"Descriptioncase7\",\n        \"programDescription\": \"AI Alliance\",\n        \"online\": false\n    },\n    {\n        \"programId\": 6802,\n        \"programName\": \"Descriptioncase8\",\n        \"programDescription\": \"Code for Good\",\n        \"online\": false\n    },\n    {\n        \"programId\": 6804,\n        \"programName\": \"SDET26\",\n        \"programDescription\": \"Automation testing\",\n        \"online\": true\n    },\n    {\n        \"programId\": 9301,\n        \"programName\": \"TestingModified\",\n        \"programDescription\": \"TestingModified\",\n        \"online\": true\n    },\n    {\n        \"programId\": 6806,\n        \"programName\": \"SDET26\",\n        \"programDescription\": \"Automation testing\",\n        \"online\": true\n    },\n    {\n        \"programId\": 6807,\n        \"programName\": \"SDET26\",\n        \"programDescription\": \"Automation testing\",\n        \"online\": true\n    },\n    {\n        \"programId\": 6808,\n        \"programName\": \"DS\",\n        \"programDescription\": \"data science\",\n        \"online\": false\n    },\n    {\n        \"programId\": 9322,\n        \"programName\": \"BUISNESS ANALYST\",\n        \"programDescription\": \"Basics of java\",\n        \"online\": true\n    },\n    {\n        \"programId\": 6809,\n        \"programName\": \"SDET26\",\n        \"programDescription\": \"Automation testing\",\n        \"online\": true\n    },\n    {\n        \"programId\": 6810,\n        \"programName\": \"DS\",\n        \"programDescription\": \"data science\",\n        \"online\": false\n    },\n    {\n        \"programId\": 6811,\n        \"programName\": \"SDET26\",\n        \"programDescription\": \"Automation testing\",\n        \"online\": true\n    },\n    {\n        \"programId\": 6812,\n        \"programName\": \"SDET26\",\n        \"programDescription\": \"Automation testing\",\n        \"online\": true\n    },\n    {\n        \"programId\": 6813,\n        \"programName\": \"DS\",\n        \"programDescription\": \"data science\",\n        \"online\": false\n    },\n    {\n        \"programId\": 6814,\n        \"programName\": \"SDET26\",\n        \"programDescription\": \"Automation testing\",\n        \"online\": true\n    },\n    {\n        \"programId\": 6815,\n        \"programName\": \"DS\",\n        \"programDescription\": \"data science\",\n        \"online\": false\n    },\n    {\n        \"programId\": 6820,\n        \"programName\": \"\\\"API Testing\\\"\",\n        \"programDescription\": \"\\\"RestAssured\\\"\",\n        \"online\": false\n    },\n    {\n        \"programId\": 6821,\n        \"programName\": \"\\\"Framework\\\"\",\n        \"programDescription\": \"\\\"Cucumber\\\"\",\n        \"online\": false\n    },\n    {\n        \"programId\": 6823,\n        \"programName\": \"\\\"Programming\\\"\",\n        \"programDescription\": \"\\\"Java\\\"\",\n        \"online\": false\n    },\n    {\n        \"programId\": 6824,\n        \"programName\": \"Automation Testing \",\n        \"programDescription\": \"RestAssured\",\n        \"online\": true\n    },\n    {\n        \"programId\": 6825,\n        \"programName\": \"SDET26\",\n        \"programDescription\": \"Automation testing\",\n        \"online\": true\n    },\n    {\n        \"programId\": 6826,\n        \"programName\": \"\\\"API Testing\\\"\",\n        \"programDescription\": \"\\\"RestAssured\\\"\",\n        \"online\": false\n    },\n    {\n        \"programId\": 6827,\n        \"programName\": \"\\\"Framework\\\"\",\n        \"programDescription\": \"\\\"Cucumber\\\"\",\n        \"online\": false\n    },\n    {\n        \"programId\": 6829,\n        \"programName\": \"\\\"Programming\\\"\",\n        \"programDescription\": \"\\\"Java\\\"\",\n        \"online\": false\n    },\n    {\n        \"programId\": 6830,\n        \"programName\": \"Automation Testing \",\n        \"programDescription\": \"RestAssured\",\n        \"online\": true\n    },\n    {\n        \"programId\": 6831,\n        \"programName\": \"SDET26\",\n        \"programDescription\": \"Automation testing\",\n        \"online\": true\n    },\n    {\n        \"programId\": 6832,\n        \"programName\": \"DS\",\n        \"programDescription\": \"data science\",\n        \"online\": false\n    },\n    {\n        \"programId\": 6833,\n        \"programName\": \"SDET26\",\n        \"programDescription\": \"Automation testing\",\n        \"online\": true\n    },\n    {\n        \"programId\": 6834,\n        \"programName\": \"SDET26\",\n        \"programDescription\": \"Automation testing\",\n        \"online\": true\n    },\n    {\n        \"programId\": 6835,\n        \"programName\": \"DS\",\n        \"programDescription\": \"data science\",\n        \"online\": false\n    },\n    {\n        \"programId\": 6836,\n        \"programName\": \"SDET26\",\n        \"programDescription\": \"management\",\n        \"online\": true\n    },\n    {\n        \"programId\": 6837,\n        \"programName\": \"SDET\",\n        \"programDescription\": \"api\",\n        \"online\": true\n    },\n    {\n        \"programId\": 6838,\n        \"programName\": \"SDET26\",\n        \"programDescription\": \"Automation testing\",\n        \"online\": true\n    },\n    {\n        \"programId\": 6839,\n        \"programName\": \"DS\",\n        \"programDescription\": \"data science\",\n        \"online\": false\n    },\n    {\n        \"programId\": 6840,\n        \"programName\": \"Python\",\n        \"programDescription\": \"Python\",\n        \"online\": true\n    },\n    {\n        \"programId\": 6841,\n        \"programName\": \"Python\",\n        \"programDescription\": \"Python\",\n        \"online\": true\n    },\n    {\n        \"programId\": 6842,\n        \"programName\": \"Java\",\n        \"programDescription\": \"Python\",\n        \"online\": true\n    },\n    {\n        \"programId\": 6843,\n        \"programName\": \"Java\",\n        \"programDescription\": \"Python\",\n        \"online\": true\n    },\n    {\n        \"programId\": 6848,\n        \"programName\": \"Java\",\n        \"programDescription\": \"Java Learning\",\n        \"online\": true\n    },\n    {\n        \"programId\": 6849,\n        \"programName\": \"C#\",\n        \"programDescription\": \"C# learning\",\n        \"online\": false\n    },\n    {\n        \"programId\": 6850,\n        \"programName\": \"Selenium\",\n        \"programDescription\": \"Selenium with Java\",\n        \"online\": true\n    },\n    {\n        \"programId\": 6851,\n        \"programName\": \"DotNet\",\n        \"programDescription\": \"DotNet\",\n        \"online\": false\n    },\n    {\n        \"programId\": 6852,\n        \"programName\": \"SDET26\",\n        \"programDescription\": \"Automation testing\",\n        \"online\": true\n    },\n    {\n        \"programId\": 6853,\n        \"programName\": \"DS\",\n        \"programDescription\": \"data science\",\n        \"online\": false\n    },\n    {\n        \"programId\": 6854,\n        \"programName\": \"SDET26\",\n        \"programDescription\": \"Automation testing\",\n        \"online\": true\n    },\n    {\n        \"programId\": 6855,\n        \"programName\": \"DS\",\n        \"programDescription\": \"data science\",\n        \"online\": false\n    },\n    {\n        \"programId\": 6856,\n        \"programName\": \"SDET26\",\n        \"programDescription\": \"Automation testing\",\n        \"online\": true\n    },\n    {\n        \"programId\": 6857,\n        \"programName\": \"DS\",\n        \"programDescription\": \"data science\",\n        \"online\": false\n    },\n    {\n        \"programId\": 9256,\n        \"programName\": \"\\\"LMS API Testing\\\"\",\n        \"programDescription\": \"\\\"SWAGGER\\\"\",\n        \"online\": false\n    },\n    {\n        \"programId\": 9302,\n        \"programName\": \"TestingModified\",\n        \"programDescription\": \"TestingModified\",\n        \"online\": true\n    },\n    {\n        \"programId\": 9303,\n        \"programName\": \"Testing\",\n        \"programDescription\": \"Testing\",\n        \"online\": true\n    },\n    {\n        \"programId\": 931,\n        \"programName\": \"QA\",\n        \"programDescription\": \"BASICS\",\n        \"online\": true\n    },\n    {\n        \"programId\": 9323,\n        \"programName\": \"QA\",\n        \"programDescription\": \"BASICS\",\n        \"online\": true\n    },\n    {\n        \"programId\": 6863,\n        \"programName\": \"SDET\",\n        \"programDescription\": \"api\",\n        \"online\": true\n    },\n    {\n        \"programId\": 6864,\n        \"programName\": \"batman \",\n        \"programDescription\": \"string\",\n        \"online\": true\n    },\n    {\n        \"programId\": 6865,\n        \"programName\": \"ironman\",\n        \"programDescription\": \"string\",\n        \"online\": true\n    },\n    {\n        \"programId\": 6866,\n        \"programName\": \"java\",\n        \"programDescription\": \"core java\",\n        \"online\": true\n    },\n    {\n        \"programId\": 6867,\n        \"programName\": \"Multipal Digit Testing\",\n        \"programDescription\": \"Program ID Testing\",\n        \"online\": true\n    },\n    {\n        \"programId\": 6868,\n        \"programName\": \"Testing modified from postman\",\n        \"programDescription\": \"Testing modified\",\n        \"online\": true\n    },\n    {\n        \"programId\": 6869,\n        \"programName\": \"Testing modified from postman\",\n        \"programDescription\": \"Testing modified\",\n        \"online\": true\n    },\n    {\n        \"programId\": 6870,\n        \"programName\": \"Testing modified from postman\",\n        \"programDescription\": \"Testing modified\",\n        \"online\": true\n    },\n    {\n        \"programId\": 6871,\n        \"programName\": \"Testing modified from postman\",\n        \"programDescription\": \"Testing modified\",\n        \"online\": true\n    },\n    {\n        \"programId\": 6872,\n        \"programName\": \"Testing modified from postman\",\n        \"programDescription\": \"Testing modified\",\n        \"online\": true\n    },\n    {\n        \"programId\": 6873,\n        \"programName\": \"Testing modified from postman\",\n        \"programDescription\": \"Testing modified\",\n        \"online\": true\n    },\n    {\n        \"programId\": 6874,\n        \"programName\": \"Testing modified from postman\",\n        \"programDescription\": \"Testing modified\",\n        \"online\": true\n    },\n    {\n        \"programId\": 6875,\n        \"programName\": \"Testing modified from postman\",\n        \"programDescription\": \"Testing modified\",\n        \"online\": true\n    },\n    {\n        \"programId\": 6876,\n        \"programName\": \"Testing modified from postman\",\n        \"programDescription\": \"Testing modified\",\n        \"online\": true\n    },\n    {\n        \"programId\": 6877,\n        \"programName\": \"Testing modified from postman\",\n        \"programDescription\": \"Testing modified\",\n        \"online\": true\n    },\n    {\n        \"programId\": 6878,\n        \"programName\": \"batman \",\n        \"programDescription\": \"string\",\n        \"online\": true\n    },\n    {\n        \"programId\": 6879,\n        \"programName\": \"ironman\",\n        \"programDescription\": \"string\",\n        \"online\": true\n    },\n    {\n        \"programId\": 6880,\n        \"programName\": \"java\",\n        \"programDescription\": \"core java\",\n        \"online\": true\n    },\n    {\n        \"programId\": 6881,\n        \"programName\": \"Multipal Digit Testing\",\n        \"programDescription\": \"Program ID Testing\",\n        \"online\": true\n    },\n    {\n        \"programId\": 6882,\n        \"programName\": \"Testing modified from postman\",\n        \"programDescription\": \"Testing modified\",\n        \"online\": true\n    },\n    {\n        \"programId\": 6883,\n        \"programName\": \"Testing modified from postman\",\n        \"programDescription\": \"Testing modified\",\n        \"online\": true\n    },\n    {\n        \"programId\": 6884,\n        \"programName\": \"Testing modified from postman\",\n        \"programDescription\": \"Testing modified\",\n        \"online\": true\n    },\n    {\n        \"programId\": 6885,\n        \"programName\": \"SDET26\",\n        \"programDescription\": \"Automation testing\",\n        \"online\": true\n    },\n    {\n        \"programId\": 6888,\n        \"programName\": \"DS\",\n        \"programDescription\": \"data science\",\n        \"online\": false\n    },\n    {\n        \"programId\": 6889,\n        \"programName\": \"Testing\",\n        \"programDescription\": \"Testing\",\n        \"online\": true\n    },\n    {\n        \"programId\": 6890,\n        \"programName\": \"Java\",\n        \"programDescription\": \"Java Learning\",\n        \"online\": true\n    },\n    {\n        \"programId\": 6891,\n        \"programName\": \"C#\",\n        \"programDescription\": \"C# learning\",\n        \"online\": false\n    },\n    {\n        \"programId\": 6892,\n        \"programName\": \"Selenium\",\n        \"programDescription\": \"Selenium with Java\",\n        \"online\": true\n    },\n    {\n        \"programId\": 6893,\n        \"programName\": \"DotNet\",\n        \"programDescription\": \"DotNet\",\n        \"online\": false\n    },\n    {\n        \"programId\": 6899,\n        \"programName\": \"C#\",\n        \"programDescription\": \"C# learning\",\n        \"online\": false\n    },\n    {\n        \"programId\": 6900,\n        \"programName\": \"Selenium\",\n        \"programDescription\": \"Selenium with Java\",\n        \"online\": true\n    },\n    {\n        \"programId\": 6901,\n        \"programName\": \"DotNet\",\n        \"programDescription\": \"DotNet\",\n        \"online\": false\n    },\n    {\n        \"programId\": 6906,\n        \"programName\": \"Java\",\n        \"programDescription\": \"Java Learning\",\n        \"online\": true\n    },\n    {\n        \"programId\": 6907,\n        \"programName\": \"C#\",\n        \"programDescription\": \"C# learning\",\n        \"online\": false\n    },\n    {\n        \"programId\": 6908,\n        \"programName\": \"Selenium\",\n        \"programDescription\": \"Selenium with Java\",\n        \"online\": true\n    },\n    {\n        \"programId\": 6909,\n        \"programName\": \"DotNet\",\n        \"programDescription\": \"DotNet\",\n        \"online\": false\n    },\n    {\n        \"programId\": 6924,\n        \"programName\": \"Testing\",\n        \"programDescription\": null,\n        \"online\": true\n    },\n    {\n        \"programId\": 6925,\n        \"programName\": \"Selenium\",\n        \"programDescription\": \"Selenium with Java\",\n        \"online\": true\n    },\n    {\n        \"programId\": 6926,\n        \"programName\": \"DotNet\",\n        \"programDescription\": \"DotNet\",\n        \"online\": false\n    },\n    {\n        \"programId\": 6931,\n        \"programName\": \"Java\",\n        \"programDescription\": \"Java Learning\",\n        \"online\": true\n    },\n    {\n        \"programId\": 6932,\n        \"programName\": \"C#\",\n        \"programDescription\": \"C# learning\",\n        \"online\": false\n    },\n    {\n        \"programId\": 6933,\n        \"programName\": \"Selenium\",\n        \"programDescription\": \"Selenium with Java\",\n        \"online\": true\n    },\n    {\n        \"programId\": 6934,\n        \"programName\": \"DotNet\",\n        \"programDescription\": \"DotNet\",\n        \"online\": false\n    },\n    {\n        \"programId\": 6939,\n        \"programName\": \"Java\",\n        \"programDescription\": \"Java Learning\",\n        \"online\": true\n    },\n    {\n        \"programId\": 6940,\n        \"programName\": \"C#\",\n        \"programDescription\": \"C# learning\",\n        \"online\": false\n    },\n    {\n        \"programId\": 6941,\n        \"programName\": \"Selenium\",\n        \"programDescription\": \"Selenium with Java\",\n        \"online\": true\n    },\n    {\n        \"programId\": 6942,\n        \"programName\": \"DotNet\",\n        \"programDescription\": \"DotNet\",\n        \"online\": false\n    },\n    {\n        \"programId\": 6947,\n        \"programName\": \"Java\",\n        \"programDescription\": \"Java Learning\",\n        \"online\": true\n    },\n    {\n        \"programId\": 6948,\n        \"programName\": \"C#\",\n        \"programDescription\": \"C# learning\",\n        \"online\": false\n    },\n    {\n        \"programId\": 6949,\n        \"programName\": \"Selenium\",\n        \"programDescription\": \"Selenium with Java\",\n        \"online\": true\n    },\n    {\n        \"programId\": 6950,\n        \"programName\": \"DotNet\",\n        \"programDescription\": \"DotNet\",\n        \"online\": false\n    },\n    {\n        \"programId\": 6955,\n        \"programName\": \"Science Sisterhood \",\n        \"programDescription\": \"Science Sisterhood \",\n        \"online\": false\n    },\n    {\n        \"programId\": 6956,\n        \"programName\": \"Descriptioncase5\",\n        \"programDescription\": \"Learning League\",\n        \"online\": false\n    },\n    {\n        \"programId\": 6957,\n        \"programName\": \"Descriptioncase5\",\n        \"programDescription\": \"Coding Camp\",\n        \"online\": false\n    },\n    {\n        \"programId\": 6958,\n        \"programName\": \"Descriptioncase7\",\n        \"programDescription\": \"AI Alliance\",\n        \"online\": false\n    },\n    {\n        \"programId\": 6959,\n        \"programName\": \"Descriptioncase8\",\n        \"programDescription\": \"Code for Good\",\n        \"online\": false\n    },\n    {\n        \"programId\": 6960,\n        \"programName\": \"Descriptioncase10\",\n        \"programDescription\": \"Her Science Lab\",\n        \"online\": false\n    },\n    {\n        \"programId\": 6961,\n        \"programName\": \"SDET26\",\n        \"programDescription\": \"Automation testing\",\n        \"online\": true\n    },\n    {\n        \"programId\": 6962,\n        \"programName\": \"DS\",\n        \"programDescription\": \"data science\",\n        \"online\": false\n    },\n    {\n        \"programId\": 6964,\n        \"programName\": \"Assistantabc\",\n        \"programDescription\": \"Assistantabc\",\n        \"online\": true\n    },\n    {\n        \"programId\": 6965,\n        \"programName\": \"JAVA\",\n        \"programDescription\": \"Automation Testing\",\n        \"online\": true\n    },\n    {\n        \"programId\": 6966,\n        \"programName\": \"SDET26\",\n        \"programDescription\": \"Automation testing\",\n        \"online\": true\n    },\n    {\n        \"programId\": 6967,\n        \"programName\": \"DS\",\n        \"programDescription\": \"data science\",\n        \"online\": false\n    },\n    {\n        \"programId\": 6968,\n        \"programName\": \"Testing\",\n        \"programDescription\": \"Testing\",\n        \"online\": true\n    },\n    {\n        \"programId\": 6969,\n        \"programName\": \"c\",\n        \"programDescription\": \"abc\",\n        \"online\": true\n    },\n    {\n        \"programId\": 6970,\n        \"programName\": \"string\",\n        \"programDescription\": \"string\",\n        \"online\": true\n    },\n    {\n        \"programId\": 6971,\n        \"programName\": \"SDET\",\n        \"programDescription\": \"SDET11\",\n        \"online\": true\n    },\n    {\n        \"programId\": 6972,\n        \"programName\": \"Data Science\",\n        \"programDescription\": \"DS10\",\n        \"online\": true\n    },\n    {\n        \"programId\": 6973,\n        \"programName\": \"SDET\",\n        \"programDescription\": \"SDET20\",\n        \"online\": true\n    },\n    {\n        \"programId\": 6974,\n        \"programName\": \"Data Science\",\n        \"programDescription\": \"DS23\",\n        \"online\": true\n    },\n    {\n        \"programId\": 6975,\n        \"programName\": \"SDET\",\n        \"programDescription\": \"SDET20\",\n        \"online\": true\n    },\n    {\n        \"programId\": 6979,\n        \"programName\": \"SDET\",\n        \"programDescription\": \"SDET20\",\n        \"online\": true\n    },\n    {\n        \"programId\": 6980,\n        \"programName\": \"batman \",\n        \"programDescription\": \"string\",\n        \"online\": true\n    },\n    {\n        \"programId\": 6981,\n        \"programName\": \"ironman\",\n        \"programDescription\": \"string\",\n        \"online\": true\n    },\n    {\n        \"programId\": 6982,\n        \"programName\": \"java\",\n        \"programDescription\": \"core java\",\n        \"online\": true\n    },\n    {\n        \"programId\": 6983,\n        \"programName\": \"Multipal Digit Testing\",\n        \"programDescription\": \"Program ID Testing\",\n        \"online\": true\n    },\n    {\n        \"programId\": 6984,\n        \"programName\": \"Application Support\",\n        \"programDescription\": \"Full time\",\n        \"online\": true\n    },\n    {\n        \"programId\": 6985,\n        \"programName\": \"Application Support\",\n        \"programDescription\": \"\",\n        \"online\": true\n    },\n    {\n        \"programId\": 6986,\n        \"programName\": \"Application Support\",\n        \"programDescription\": \"\",\n        \"online\": true\n    },\n    {\n        \"programId\": 6989,\n        \"programName\": \"Application Support\",\n        \"programDescription\": \"\",\n        \"online\": true\n    },\n    {\n        \"programId\": 6990,\n        \"programName\": \"Application Support\",\n        \"programDescription\": \"\",\n        \"online\": true\n    },\n    {\n        \"programId\": 6991,\n        \"programName\": \"batman \",\n        \"programDescription\": \"string\",\n        \"online\": true\n    },\n    {\n        \"programId\": 6992,\n        \"programName\": \"ironman\",\n        \"programDescription\": \"string\",\n        \"online\": true\n    },\n    {\n        \"programId\": 6993,\n        \"programName\": \"java\",\n        \"programDescription\": \"core java\",\n        \"online\": true\n    },\n    {\n        \"programId\": 6994,\n        \"programName\": \"Multipal Digit Testing\",\n        \"programDescription\": \"Program ID Testing\",\n        \"online\": true\n    },\n    {\n        \"programId\": 6995,\n        \"programName\": \"DS\",\n        \"programDescription\": \"Datascience\",\n        \"online\": true\n    },\n    {\n        \"programId\": 9257,\n        \"programName\": \"Csharp\",\n        \"programDescription\": \"Testing\",\n        \"online\": true\n    },\n    {\n        \"programId\": 6997,\n        \"programName\": \"SDET\",\n        \"programDescription\": \"SDET20\",\n        \"online\": true\n    },\n    {\n        \"programId\": 7001,\n        \"programName\": \"SDET\",\n        \"programDescription\": \"SDET20\",\n        \"online\": true\n    },\n    {\n        \"programId\": 7135,\n        \"programName\": \"testing modified\",\n        \"programDescription\": \"testing modified\",\n        \"online\": true\n    },\n    {\n        \"programId\": 7005,\n        \"programName\": \"SDET\",\n        \"programDescription\": \"SDET20\",\n        \"online\": true\n    },\n    {\n        \"programId\": 7006,\n        \"programName\": \"SDET\",\n        \"programDescription\": \"SDET20\",\n        \"online\": true\n    },\n    {\n        \"programId\": 7007,\n        \"programName\": \"SDET\",\n        \"programDescription\": \"SDET20\",\n        \"online\": true\n    },\n    {\n        \"programId\": 7008,\n        \"programName\": \"SME\",\n        \"programDescription\": \"HealthCare\",\n        \"online\": false\n    },\n    {\n        \"programId\": 7009,\n        \"programName\": \"Scrum Master\",\n        \"programDescription\": \"Agile\",\n        \"online\": false\n    },\n    {\n        \"programId\": 7010,\n        \"programName\": \"Backend Developer\",\n        \"programDescription\": \"Sql Developer\",\n        \"online\": false\n    },\n    {\n        \"programId\": 7011,\n        \"programName\": \"SDET\",\n        \"programDescription\": \"SDET20\",\n        \"online\": true\n    },\n    {\n        \"programId\": 7012,\n        \"programName\": \"SDET\",\n        \"programDescription\": \"SDET20\",\n        \"online\": true\n    },\n    {\n        \"programId\": 7013,\n        \"programName\": \"Testing Nama\",\n        \"programDescription\": \"Testing\",\n        \"online\": true\n    },\n    {\n        \"programId\": 7015,\n        \"programName\": \"sdsfefe\",\n        \"programDescription\": \"Testing\",\n        \"online\": true\n    },\n    {\n        \"programId\": 7017,\n        \"programName\": \"SDET\",\n        \"programDescription\": \"SDET20\",\n        \"online\": true\n    },\n    {\n        \"programId\": 7018,\n        \"programName\": \"SME\",\n        \"programDescription\": \"HealthCare\",\n        \"online\": false\n    },\n    {\n        \"programId\": 7019,\n        \"programName\": \"Scrum Master\",\n        \"programDescription\": \"Agile\",\n        \"online\": false\n    },\n    {\n        \"programId\": 7020,\n        \"programName\": \"Backend Developer\",\n        \"programDescription\": \"Sql Developer\",\n        \"online\": false\n    },\n    {\n        \"programId\": 7021,\n        \"programName\": \"SDET\",\n        \"programDescription\": \"SDET20\",\n        \"online\": true\n    },\n    {\n        \"programId\": 7022,\n        \"programName\": \"SME\",\n        \"programDescription\": \"HealthCare\",\n        \"online\": false\n    },\n    {\n        \"programId\": 9258,\n        \"programName\": \"Csharp\",\n        \"programDescription\": \"Testing\",\n        \"online\": true\n    },\n    {\n        \"programId\": 9259,\n        \"programName\": \"Csharp\",\n        \"programDescription\": \"Testing\",\n        \"online\": true\n    },\n    {\n        \"programId\": 7025,\n        \"programName\": \"SME\",\n        \"programDescription\": \"HealthCare\",\n        \"online\": false\n    },\n    {\n        \"programId\": 7026,\n        \"programName\": \"Scrum Master\",\n        \"programDescription\": \"Agile\",\n        \"online\": false\n    },\n    {\n        \"programId\": 9304,\n        \"programName\": \"Testing\",\n        \"programDescription\": \"Testing\",\n        \"online\": true\n    },\n    {\n        \"programId\": 7028,\n        \"programName\": \"SDET\",\n        \"programDescription\": \"SDET20\",\n        \"online\": true\n    },\n    {\n        \"programId\": 7029,\n        \"programName\": \"SDET\",\n        \"programDescription\": \"SDET20\",\n        \"online\": true\n    },\n    {\n        \"programId\": 9324,\n        \"programName\": \"QA\",\n        \"programDescription\": \"BASICS\",\n        \"online\": true\n    },\n    {\n        \"programId\": 7031,\n        \"programName\": \"56456fdsfgfd\",\n        \"programDescription\": \"Testing\",\n        \"online\": true\n    },\n    {\n        \"programId\": 7033,\n        \"programName\": \"Scrum Master\",\n        \"programDescription\": \"Agile\",\n        \"online\": false\n    },\n    {\n        \"programId\": 9326,\n        \"programName\": \"QUALTY ASSUANCE\",\n        \"programDescription\": \"Automation testing\",\n        \"online\": true\n    },\n    {\n        \"programId\": 7035,\n        \"programName\": \"SDET\",\n        \"programDescription\": \"SDET20\",\n        \"online\": true\n    },\n    {\n        \"programId\": 9327,\n        \"programName\": \"QUALTY ASSUANCE\",\n        \"programDescription\": \"Automation testing\",\n        \"online\": true\n    },\n    {\n        \"programId\": 7037,\n        \"programName\": \"Testing\",\n        \"programDescription\": \"Testing\",\n        \"online\": true\n    },\n    {\n        \"programId\": 7038,\n        \"programName\": \"Testing\",\n        \"programDescription\": \"Testing\",\n        \"online\": true\n    },\n    {\n        \"programId\": 7039,\n        \"programName\": \"56456fdsfgfd\",\n        \"programDescription\": \"Testing\",\n        \"online\": true\n    },\n    {\n        \"programId\": 7040,\n        \"programName\": \"Testing modified\",\n        \"programDescription\": \"Testing modified\",\n        \"online\": true\n    },\n    {\n        \"programId\": 7041,\n        \"programName\": \"string\",\n        \"programDescription\": \"string\",\n        \"online\": true\n    },\n    {\n        \"programId\": 7002,\n        \"programName\": \"postman\",\n        \"programDescription\": \"modified\",\n        \"online\": true\n    },\n    {\n        \"programId\": 7042,\n        \"programName\": \"postman\",\n        \"programDescription\": \"modified\",\n        \"online\": true\n    },\n    {\n        \"programId\": 7043,\n        \"programName\": \"postman\",\n        \"programDescription\": \"modified\",\n        \"online\": true\n    },\n    {\n        \"programId\": 7044,\n        \"programName\": \"SME\",\n        \"programDescription\": \"HealthCare\",\n        \"online\": false\n    },\n    {\n        \"programId\": 7045,\n        \"programName\": \"Scrum Master\",\n        \"programDescription\": \"Agile\",\n        \"online\": false\n    },\n    {\n        \"programId\": 7046,\n        \"programName\": \"Backend Developer\",\n        \"programDescription\": \"Sql Developer\",\n        \"online\": false\n    },\n    {\n        \"programId\": 7047,\n        \"programName\": \"SDET\",\n        \"programDescription\": \"SDET20\",\n        \"online\": true\n    },\n    {\n        \"programId\": 7048,\n        \"programName\": \"SME\",\n        \"programDescription\": \"HealthCare\",\n        \"online\": false\n    },\n    {\n        \"programId\": 7049,\n        \"programName\": \"Scrum Master\",\n        \"programDescription\": \"Agile\",\n        \"online\": false\n    },\n    {\n        \"programId\": 7050,\n        \"programName\": \"Backend Developer\",\n        \"programDescription\": \"Sql Developer\",\n        \"online\": false\n    },\n    {\n        \"programId\": 7052,\n        \"programName\": \"sun\",\n        \"programDescription\": \"TestNG1\",\n        \"online\": true\n    },\n    {\n        \"programId\": 2771,\n        \"programName\": \"Prek\",\n        \"programDescription\": \"India\",\n        \"online\": true\n    },\n    {\n        \"programId\": 7053,\n        \"programName\": \"SDET\",\n        \"programDescription\": \"SDET20\",\n        \"online\": true\n    },\n    {\n        \"programId\": 7054,\n        \"programName\": \"sun\",\n        \"programDescription\": \"TestNG1\",\n        \"online\": true\n    },\n    {\n        \"programId\": 7055,\n        \"programName\": \"string\",\n        \"programDescription\": \"string\",\n        \"online\": true\n    },\n    {\n        \"programId\": 7056,\n        \"programName\": \"sun\",\n        \"programDescription\": \"TestNG1\",\n        \"online\": true\n    },\n    {\n        \"programId\": 7057,\n        \"programName\": \"Testing\",\n        \"programDescription\": \"string\",\n        \"online\": true\n    },\n    {\n        \"programId\": 7058,\n        \"programName\": \"Testing\",\n        \"programDescription\": \"Testing\",\n        \"online\": true\n    },\n    {\n        \"programId\": 7059,\n        \"programName\": \"sun\",\n        \"programDescription\": \"TestNG1\",\n        \"online\": true\n    },\n    {\n        \"programId\": 7060,\n        \"programName\": \"SME\",\n        \"programDescription\": \"HealthCare\",\n        \"online\": false\n    },\n    {\n        \"programId\": 7061,\n        \"programName\": \"DB Developer\",\n        \"programDescription\": \"HealthCare\",\n        \"online\": false\n    },\n    {\n        \"programId\": 7062,\n        \"programName\": \"sun\",\n        \"programDescription\": \"TestNG1\",\n        \"online\": true\n    },\n    {\n        \"programId\": 7063,\n        \"programName\": \"Testing Demo\",\n        \"programDescription\": \"Testing\",\n        \"online\": true\n    },\n    {\n        \"programId\": 7064,\n        \"programName\": \"string\",\n        \"programDescription\": \"string\",\n        \"online\": true\n    },\n    {\n        \"programId\": 7065,\n        \"programName\": \"string\",\n        \"programDescription\": \"string\",\n        \"online\": true\n    },\n    {\n        \"programId\": 7066,\n        \"programName\": \"SME\",\n        \"programDescription\": \"HealthCare\",\n        \"online\": false\n    },\n    {\n        \"programId\": 7067,\n        \"programName\": \"DB Developer\",\n        \"programDescription\": \"HealthCare\",\n        \"online\": false\n    },\n    {\n        \"programId\": 7068,\n        \"programName\": \"Testing\",\n        \"programDescription\": \"Testing\",\n        \"online\": true\n    },\n    {\n        \"programId\": 7069,\n        \"programName\": \"string\",\n        \"programDescription\": \"string\",\n        \"online\": true\n    },\n    {\n        \"programId\": 7070,\n        \"programName\": \"test1\",\n        \"programDescription\": \"test1\",\n        \"online\": true\n    },\n    {\n        \"programId\": 7075,\n        \"programName\": \"string\",\n        \"programDescription\": \"string\",\n        \"online\": true\n    },\n    {\n        \"programId\": 7078,\n        \"programName\": \"test1\",\n        \"programDescription\": \"test1\",\n        \"online\": true\n    },\n    {\n        \"programId\": 7083,\n        \"programName\": \"Testing\",\n        \"programDescription\": \"Testing\",\n        \"online\": true\n    },\n    {\n        \"programId\": 7084,\n        \"programName\": \"string\",\n        \"programDescription\": \"string\",\n        \"online\": true\n    },\n    {\n        \"programId\": 7085,\n        \"programName\": \"string\",\n        \"programDescription\": \"string\",\n        \"online\": true\n    },\n    {\n        \"programId\": 7086,\n        \"programName\": \"string\",\n        \"programDescription\": \"string\",\n        \"online\": true\n    },\n    {\n        \"programId\": 7087,\n        \"programName\": \"string\",\n        \"programDescription\": \"string\",\n        \"online\": true\n    },\n    {\n        \"programId\": 7088,\n        \"programName\": \"string\",\n        \"programDescription\": \"string\",\n        \"online\": true\n    },\n    {\n        \"programId\": 7089,\n        \"programName\": \"string\",\n        \"programDescription\": \"string\",\n        \"online\": true\n    },\n    {\n        \"programId\": 7090,\n        \"programName\": \"string\",\n        \"programDescription\": \"string\",\n        \"online\": true\n    },\n    {\n        \"programId\": 7091,\n        \"programName\": \"string\",\n        \"programDescription\": \"string\",\n        \"online\": true\n    },\n    {\n        \"programId\": 7092,\n        \"programName\": \"testing\",\n        \"programDescription\": \"testing123\",\n        \"online\": true\n    },\n    {\n        \"programId\": 7093,\n        \"programName\": \"Testing modified\",\n        \"programDescription\": \"Testing modified\",\n        \"online\": true\n    },\n    {\n        \"programId\": 7094,\n        \"programName\": \"test123456\",\n        \"programDescription\": \"test123456\",\n        \"online\": true\n    },\n    {\n        \"programId\": 7095,\n        \"programName\": \"test123456\",\n        \"programDescription\": \"test123456\",\n        \"online\": true\n    },\n    {\n        \"programId\": 7097,\n        \"programName\": \"string\",\n        \"programDescription\": \"string\",\n        \"online\": true\n    },\n    {\n        \"programId\": 7098,\n        \"programName\": \"string\",\n        \"programDescription\": \"string\",\n        \"online\": true\n    },\n    {\n        \"programId\": 7099,\n        \"programName\": \"testing\",\n        \"programDescription\": \"Testing\",\n        \"online\": true\n    },\n    {\n        \"programId\": 7100,\n        \"programName\": \"Testing\",\n        \"programDescription\": \"Testing\",\n        \"online\": true\n    },\n    {\n        \"programId\": 7101,\n        \"programName\": \"Testing\",\n        \"programDescription\": \"Testing\",\n        \"online\": true\n    },\n    {\n        \"programId\": 7103,\n        \"programName\": \"string\",\n        \"programDescription\": \"string\",\n        \"online\": true\n    },\n    {\n        \"programId\": 7104,\n        \"programName\": \"Testing modified\",\n        \"programDescription\": \"Testing Modified\",\n        \"online\": true\n    },\n    {\n        \"programId\": 7105,\n        \"programName\": \"EclipseSpecialist123\",\n        \"programDescription\": \"EclipseEclairs123\",\n        \"online\": true\n    },\n    {\n        \"programId\": 7106,\n        \"programName\": \"Testing\",\n        \"programDescription\": \"Testing\",\n        \"online\": true\n    },\n    {\n        \"programId\": 7107,\n        \"programName\": \"Testing modified\",\n        \"programDescription\": \"Testing modified\",\n        \"online\": true\n    },\n    {\n        \"programId\": 7108,\n        \"programName\": \"Testing modified\",\n        \"programDescription\": \"Testing modified\",\n        \"online\": true\n    },\n    {\n        \"programId\": 7110,\n        \"programName\": \"string\",\n        \"programDescription\": \"string\",\n        \"online\": true\n    },\n    {\n        \"programId\": 7111,\n        \"programName\": \"SME\",\n        \"programDescription\": \"HealthCare\",\n        \"online\": false\n    },\n    {\n        \"programId\": 7112,\n        \"programName\": \"Scrum Master\",\n        \"programDescription\": \"Agile\",\n        \"online\": false\n    },\n    {\n        \"programId\": 7113,\n        \"programName\": \"Backend Developer\",\n        \"programDescription\": \"Sql Developer\",\n        \"online\": false\n    },\n    {\n        \"programId\": 7114,\n        \"programName\": \"SME\",\n        \"programDescription\": \"HealthCare\",\n        \"online\": false\n    },\n    {\n        \"programId\": 7115,\n        \"programName\": \"DB Developer\",\n        \"programDescription\": \"HealthCare\",\n        \"online\": false\n    },\n    {\n        \"programId\": 7116,\n        \"programName\": \"Testing modified\",\n        \"programDescription\": \"Testing modified\",\n        \"online\": true\n    },\n    {\n        \"programId\": 7117,\n        \"programName\": \"string\",\n        \"programDescription\": \"string\",\n        \"online\": true\n    },\n    {\n        \"programId\": 7118,\n        \"programName\": \"string\",\n        \"programDescription\": \"string\",\n        \"online\": true\n    },\n    {\n        \"programId\": 7119,\n        \"programName\": \"string\",\n        \"programDescription\": \"string\",\n        \"online\": true\n    },\n    {\n        \"programId\": 7120,\n        \"programName\": \"testing\",\n        \"programDescription\": \"testing\",\n        \"online\": true\n    },\n    {\n        \"programId\": 7121,\n        \"programName\": \"string\",\n        \"programDescription\": \"string\",\n        \"online\": true\n    },\n    {\n        \"programId\": 7122,\n        \"programName\": \"string\",\n        \"programDescription\": \"string\",\n        \"online\": true\n    },\n    {\n        \"programId\": 7123,\n        \"programName\": \"SME\",\n        \"programDescription\": \"HealthCare\",\n        \"online\": false\n    },\n    {\n        \"programId\": 7124,\n        \"programName\": \"Scrum Master\",\n        \"programDescription\": \"Agile\",\n        \"online\": false\n    },\n    {\n        \"programId\": 7125,\n        \"programName\": \"Backend Developer\",\n        \"programDescription\": \"Sql Developer\",\n        \"online\": false\n    },\n    {\n        \"programId\": 7126,\n        \"programName\": \"SME\",\n        \"programDescription\": \"HealthCare\",\n        \"online\": false\n    },\n    {\n        \"programId\": 7127,\n        \"programName\": \"Scrum Master\",\n        \"programDescription\": \"Agile\",\n        \"online\": false\n    },\n    {\n        \"programId\": 7128,\n        \"programName\": \"Backend Developer\",\n        \"programDescription\": \"Sql Developer\",\n        \"online\": false\n    },\n    {\n        \"programId\": 7129,\n        \"programName\": \"string\",\n        \"programDescription\": \"junit testing\",\n        \"online\": true\n    },\n    {\n        \"programId\": 7130,\n        \"programName\": \"Scrum Master\",\n        \"programDescription\": \"Agile\",\n        \"online\": false\n    },\n    {\n        \"programId\": 7131,\n        \"programName\": \"Scrum Master Modified\",\n        \"programDescription\": \"Agile Modified\",\n        \"online\": false\n    },\n    {\n        \"programId\": 7132,\n        \"programName\": \"Automation\",\n        \"programDescription\": \"Selinium\",\n        \"online\": false\n    },\n    {\n        \"programId\": 7133,\n        \"programName\": \"Automation Modified\",\n        \"programDescription\": \"Selinium Modified\",\n        \"online\": false\n    },\n    {\n        \"programId\": 7134,\n        \"programName\": \"testing modified\",\n        \"programDescription\": \"testing modified\",\n        \"online\": true\n    },\n    {\n        \"programId\": 7136,\n        \"programName\": \"SME\",\n        \"programDescription\": \"HealthCare\",\n        \"online\": false\n    },\n    {\n        \"programId\": 7137,\n        \"programName\": \"Scrum Master\",\n        \"programDescription\": \"Agile\",\n        \"online\": false\n    },\n    {\n        \"programId\": 7138,\n        \"programName\": \"Backend Developer\",\n        \"programDescription\": \"Sql Developer\",\n        \"online\": false\n    },\n    {\n        \"programId\": 7139,\n        \"programName\": \"testing modified\",\n        \"programDescription\": \"testing modified from postman\",\n        \"online\": true\n    },\n    {\n        \"programId\": 7140,\n        \"programName\": \"Scrum Master\",\n        \"programDescription\": \"Agile\",\n        \"online\": false\n    },\n    {\n        \"programId\": 7141,\n        \"programName\": \"Scrum Master Modified\",\n        \"programDescription\": \"Agile Modified\",\n        \"online\": false\n    },\n    {\n        \"programId\": 7142,\n        \"programName\": \"Automation\",\n        \"programDescription\": \"Selinium\",\n        \"online\": false\n    },\n    {\n        \"programId\": 7143,\n        \"programName\": \"Automation Modified\",\n        \"programDescription\": \"Selinium Modified\",\n        \"online\": false\n    },\n    {\n        \"programId\": 7144,\n        \"programName\": \"testing modified\",\n        \"programDescription\": \"testing modified from postman\",\n        \"online\": false\n    },\n    {\n        \"programId\": 7145,\n        \"programName\": \"string\",\n        \"programDescription\": \"string\",\n        \"online\": true\n    },\n    {\n        \"programId\": 7146,\n        \"programName\": \"string\",\n        \"programDescription\": \"string\",\n        \"online\": true\n    },\n    {\n        \"programId\": 7147,\n        \"programName\": \"string\",\n        \"programDescription\": \"string\",\n        \"online\": true\n    },\n    {\n        \"programId\": 7148,\n        \"programName\": \"string\",\n        \"programDescription\": \"string\",\n        \"online\": true\n    },\n    {\n        \"programId\": 7149,\n        \"programName\": \"string\",\n        \"programDescription\": \"string\",\n        \"online\": true\n    },\n    {\n        \"programId\": 7150,\n        \"programName\": \"testing\",\n        \"programDescription\": \"testing\",\n        \"online\": true\n    },\n    {\n        \"programId\": 7151,\n        \"programName\": \"testing modified\",\n        \"programDescription\": \"testing modified\",\n        \"online\": true\n    },\n    {\n        \"programId\": 7153,\n        \"programName\": \"Testing put - Request\",\n        \"programDescription\": \"Testing put - Request\",\n        \"online\": true\n    },\n    {\n        \"programId\": 7154,\n        \"programName\": \"batman \",\n        \"programDescription\": \"string\",\n        \"online\": true\n    },\n    {\n        \"programId\": 7155,\n        \"programName\": \"ironman\",\n        \"programDescription\": \"string\",\n        \"online\": true\n    },\n    {\n        \"programId\": 7156,\n        \"programName\": \"java\",\n        \"programDescription\": \"core java\",\n        \"online\": true\n    },\n    {\n        \"programId\": 7157,\n        \"programName\": \"Multipal Digit Testing\",\n        \"programDescription\": \"Program ID Testing\",\n        \"online\": true\n    },\n    {\n        \"programId\": 7158,\n        \"programName\": \"batman \",\n        \"programDescription\": \"string\",\n        \"online\": true\n    },\n    {\n        \"programId\": 7159,\n        \"programName\": \"ironman\",\n        \"programDescription\": \"string\",\n        \"online\": true\n    },\n    {\n        \"programId\": 7160,\n        \"programName\": \"java\",\n        \"programDescription\": \"core java\",\n        \"online\": true\n    },\n    {\n        \"programId\": 7161,\n        \"programName\": \"Multipal Digit Testing\",\n        \"programDescription\": \"Program ID Testing\",\n        \"online\": true\n    },\n    {\n        \"programId\": 7162,\n        \"programName\": \"lms_restassured\",\n        \"programDescription\": \"lms_jobs_test\",\n        \"online\": true\n    },\n    {\n        \"programId\": 7163,\n        \"programName\": \"Testingg\",\n        \"programDescription\": \"Testingg\",\n        \"online\": true\n    },\n    {\n        \"programId\": 7164,\n        \"programName\": \"Testingg\",\n        \"programDescription\": \"Testingg\",\n        \"online\": true\n    },\n    {\n        \"programId\": 7165,\n        \"programName\": \"Testingg\",\n        \"programDescription\": \"Testingg\",\n        \"online\": true\n    },\n    {\n        \"programId\": 7166,\n        \"programName\": \"Testingg\",\n        \"programDescription\": \"Testingg\",\n        \"online\": true\n    },\n    {\n        \"programId\": 7167,\n        \"programName\": \"Twwestingg\",\n        \"programDescription\": \"Twwestingg\",\n        \"online\": true\n    },\n    {\n        \"programId\": 7168,\n        \"programName\": \"string\",\n        \"programDescription\": \"stttring\",\n        \"online\": true\n    },\n    {\n        \"programId\": 7169,\n        \"programName\": \"string\",\n        \"programDescription\": \"stttring\",\n        \"online\": true\n    },\n    {\n        \"programId\": 7170,\n        \"programName\": \"string\",\n        \"programDescription\": \"stttring\",\n        \"online\": true\n    },\n    {\n        \"programId\": 7171,\n        \"programName\": \"string\",\n        \"programDescription\": \"stttring\",\n        \"online\": true\n    },\n    {\n        \"programId\": 7172,\n        \"programName\": \"string\",\n        \"programDescription\": \"stttring\",\n        \"online\": true\n    },\n    {\n        \"programId\": 7173,\n        \"programName\": \"Sdet38\",\n        \"programDescription\": \"Postman\",\n        \"online\": true\n    },\n    {\n        \"programId\": 7174,\n        \"programName\": \"java version 2\",\n        \"programDescription\": \"sdet39\",\n        \"online\": true\n    },\n    {\n        \"programId\": 7175,\n        \"programName\": \"java version 2\",\n        \"programDescription\": \"sdet39\",\n        \"online\": true\n    },\n    {\n        \"programId\": 7176,\n        \"programName\": \"java version 2\",\n        \"programDescription\": \"sdet39\",\n        \"online\": true\n    },\n    {\n        \"programId\": 7177,\n        \"programName\": \"Testing\",\n        \"programDescription\": \"Testing\",\n        \"online\": true\n    },\n    {\n        \"programId\": 7178,\n        \"programName\": \"Testing\",\n        \"programDescription\": \"Testing\",\n        \"online\": true\n    },\n    {\n        \"programId\": 7185,\n        \"programName\": \"my first api testing\",\n        \"programDescription\": \"my first api testing\",\n        \"online\": true\n    },\n    {\n        \"programId\": 7188,\n        \"programName\": \"my first api testing\",\n        \"programDescription\": \"my first api testing\",\n        \"online\": true\n    },\n    {\n        \"programId\": 7189,\n        \"programName\": \"Testing\",\n        \"programDescription\": \"Testing\",\n        \"online\": true\n    },\n    {\n        \"programId\": 7192,\n        \"programName\": \"Testing\",\n        \"programDescription\": \"Testing\",\n        \"online\": true\n    },\n    {\n        \"programId\": 7193,\n        \"programName\": \"trial Testing\",\n        \"programDescription\": \"trial Testing\",\n        \"online\": true\n    },\n    {\n        \"programId\": 7194,\n        \"programName\": \"string\",\n        \"programDescription\": \"string\",\n        \"online\": true\n    },\n    {\n        \"programId\": 7397,\n        \"programName\": \"string\",\n        \"programDescription\": \"string\",\n        \"online\": true\n    },\n    {\n        \"programId\": 7196,\n        \"programName\": \"string\",\n        \"programDescription\": \"string\",\n        \"online\": true\n    },\n    {\n        \"programId\": 7197,\n        \"programName\": \"string\",\n        \"programDescription\": \"string\",\n        \"online\": true\n    },\n    {\n        \"programId\": 9305,\n        \"programName\": \"Testing\",\n        \"programDescription\": \"Testing\",\n        \"online\": true\n    },\n    {\n        \"programId\": 7199,\n        \"programName\": \"string\",\n        \"programDescription\": \"string\",\n        \"online\": true\n    },\n    {\n        \"programId\": 7200,\n        \"programName\": \"string\",\n        \"programDescription\": \"string\",\n        \"online\": true\n    },\n    {\n        \"programId\": 7201,\n        \"programName\": \"trial Testing\",\n        \"programDescription\": \"trial Testing\",\n        \"online\": true\n    },\n    {\n        \"programId\": 7203,\n        \"programName\": \"lms api\",\n        \"programDescription\": \"lms api\",\n        \"online\": true\n    },\n    {\n        \"programId\": 7205,\n        \"programName\": \"\\\"LMS API Testing\\\"\",\n        \"programDescription\": \"\\\"SWAGGER\\\"\",\n        \"online\": false\n    },\n    {\n        \"programId\": 7206,\n        \"programName\": \"lms api\",\n        \"programDescription\": \"lms api\",\n        \"online\": true\n    },\n    {\n        \"programId\": 7207,\n        \"programName\": \"Scrum Master\",\n        \"programDescription\": \"Agile\",\n        \"online\": false\n    },\n    {\n        \"programId\": 7208,\n        \"programName\": \"Scrum Master Modified\",\n        \"programDescription\": \"Agile Modified\",\n        \"online\": false\n    },\n    {\n        \"programId\": 7209,\n        \"programName\": \"Automation\",\n        \"programDescription\": \"Selinium\",\n        \"online\": false\n    },\n    {\n        \"programId\": 7210,\n        \"programName\": \"Automation Modified\",\n        \"programDescription\": \"Selinium Modified\",\n        \"online\": false\n    },\n    {\n        \"programId\": 7211,\n        \"programName\": \"lms api\",\n        \"programDescription\": \"lms api\",\n        \"online\": true\n    },\n    {\n        \"programId\": 7212,\n        \"programName\": \"lms api\",\n        \"programDescription\": \"lms api\",\n        \"online\": true\n    },\n    {\n        \"programId\": 7213,\n        \"programName\": \"lms api\",\n        \"programDescription\": \"lms api\",\n        \"online\": true\n    },\n    {\n        \"programId\": 7214,\n        \"programName\": \"Scrum Master\",\n        \"programDescription\": \"Agile\",\n        \"online\": false\n    },\n    {\n        \"programId\": 7215,\n        \"programName\": \"Scrum Master Jira\",\n        \"programDescription\": \"Agile Sprint update\",\n        \"online\": false\n    },\n    {\n        \"programId\": 7216,\n        \"programName\": \"Automation\",\n        \"programDescription\": \"Selinium\",\n        \"online\": false\n    },\n    {\n        \"programId\": 7217,\n        \"programName\": \"Automation Jira\",\n        \"programDescription\": \"Selinium Sprint update\",\n        \"online\": false\n    },\n    {\n        \"programId\": 7294,\n        \"programName\": \"string\",\n        \"programDescription\": \"string\",\n        \"online\": true\n    },\n    {\n        \"programId\": 7220,\n        \"programName\": \"string posted \",\n        \"programDescription\": \"string posted\",\n        \"online\": true\n    },\n    {\n        \"programId\": 7224,\n        \"programName\": \"Scrum Master\",\n        \"programDescription\": \"Agile\",\n        \"online\": false\n    },\n    {\n        \"programId\": 7225,\n        \"programName\": \"Scrum Master Modified\",\n        \"programDescription\": \"Agile  Modified\",\n        \"online\": false\n    },\n    {\n        \"programId\": 7226,\n        \"programName\": \"Automation\",\n        \"programDescription\": \"Selinium\",\n        \"online\": false\n    },\n    {\n        \"programId\": 7227,\n        \"programName\": \"Automation Modified\",\n        \"programDescription\": \"Selinium  Modified\",\n        \"online\": false\n    },\n    {\n        \"programId\": 7228,\n        \"programName\": \"Scrum Master\",\n        \"programDescription\": \"Agile\",\n        \"online\": false\n    },\n    {\n        \"programId\": 7229,\n        \"programName\": \" Modified\",\n        \"programDescription\": \"  Modified\",\n        \"online\": false\n    },\n    {\n        \"programId\": 7230,\n        \"programName\": \"Automation\",\n        \"programDescription\": \"Selinium\",\n        \"online\": false\n    },\n    {\n        \"programId\": 7231,\n        \"programName\": \" Modified\",\n        \"programDescription\": \"  Modified\",\n        \"online\": false\n    },\n    {\n        \"programId\": 7232,\n        \"programName\": \"string\",\n        \"programDescription\": \"string\",\n        \"online\": true\n    },\n    {\n        \"programId\": 7233,\n        \"programName\": \"Scrum Master\",\n        \"programDescription\": \"Agile\",\n        \"online\": false\n    },\n    {\n        \"programId\": 7234,\n        \"programName\": \"Automation\",\n        \"programDescription\": \"Selinium\",\n        \"online\": false\n    },\n    {\n        \"programId\": 7235,\n        \"programName\": \"Scrum Master\",\n        \"programDescription\": \"Agile\",\n        \"online\": false\n    },\n    {\n        \"programId\": 7236,\n        \"programName\": \"Scrum MasterModified\",\n        \"programDescription\": \"Agile  Modified\",\n        \"online\": false\n    },\n    {\n        \"programId\": 7237,\n        \"programName\": \"Automation\",\n        \"programDescription\": \"Selinium\",\n        \"online\": false\n    },\n    {\n        \"programId\": 7238,\n        \"programName\": \"AutomationModified\",\n        \"programDescription\": \"Selinium  Modified\",\n        \"online\": false\n    },\n    {\n        \"programId\": 7239,\n        \"programName\": \"Scrum Master\",\n        \"programDescription\": \"Agile\",\n        \"online\": false\n    },\n    {\n        \"programId\": 7240,\n        \"programName\": \"SOAP UI\",\n        \"programDescription\": \"  POSTMAN\",\n        \"online\": false\n    },\n    {\n        \"programId\": 7241,\n        \"programName\": \"Automation\",\n        \"programDescription\": \"Selinium\",\n        \"online\": false\n    },\n    {\n        \"programId\": 7242,\n        \"programName\": \"SOAP UI\",\n        \"programDescription\": \"  POSTMAN\",\n        \"online\": false\n    },\n    {\n        \"programId\": 7243,\n        \"programName\": \"string\",\n        \"programDescription\": \"string\",\n        \"online\": true\n    },\n    {\n        \"programId\": 7244,\n        \"programName\": \"string\",\n        \"programDescription\": \"string\",\n        \"online\": true\n    },\n    {\n        \"programId\": 7245,\n        \"programName\": \"string\",\n        \"programDescription\": \"string\",\n        \"online\": true\n    },\n    {\n        \"programId\": 7246,\n        \"programName\": \"string\",\n        \"programDescription\": \"string\",\n        \"online\": true\n    },\n    {\n        \"programId\": 7247,\n        \"programName\": \"string\",\n        \"programDescription\": \"string\",\n        \"online\": true\n    },\n    {\n        \"programId\": 7248,\n        \"programName\": \"string\",\n        \"programDescription\": \"string\",\n        \"online\": true\n    },\n    {\n        \"programId\": 7249,\n        \"programName\": \"string\",\n        \"programDescription\": \"string\",\n        \"online\": true\n    },\n    {\n        \"programId\": 7250,\n        \"programName\": \"string\",\n        \"programDescription\": \"string\",\n        \"online\": true\n    },\n    {\n        \"programId\": 7251,\n        \"programName\": \"string\",\n        \"programDescription\": \"string\",\n        \"online\": true\n    },\n    {\n        \"programId\": 7252,\n        \"programName\": \"string\",\n        \"programDescription\": \"string\",\n        \"online\": true\n    },\n    {\n        \"programId\": 7253,\n        \"programName\": \"string\",\n        \"programDescription\": \"string\",\n        \"online\": true\n    },\n    {\n        \"programId\": 7262,\n        \"programName\": \"string\",\n        \"programDescription\": \"string\",\n        \"online\": true\n    },\n    {\n        \"programId\": 7264,\n        \"programName\": \"string\",\n        \"programDescription\": \"string\",\n        \"online\": true\n    },\n    {\n        \"programId\": 7265,\n        \"programName\": \"string\",\n        \"programDescription\": \"string\",\n        \"online\": true\n    },\n    {\n        \"programId\": 7266,\n        \"programName\": \"string\",\n        \"programDescription\": \"string\",\n        \"online\": true\n    },\n    {\n        \"programId\": 7268,\n        \"programName\": \"string\",\n        \"programDescription\": \"string\",\n        \"online\": true\n    },\n    {\n        \"programId\": 7269,\n        \"programName\": \"string\",\n        \"programDescription\": \"string\",\n        \"online\": true\n    },\n    {\n        \"programId\": 7270,\n        \"programName\": \"string\",\n        \"programDescription\": \"string\",\n        \"online\": true\n    },\n    {\n        \"programId\": 7271,\n        \"programName\": \"java version 2\",\n        \"programDescription\": \"sdet38\",\n        \"online\": true\n    },\n    {\n        \"programId\": 7272,\n        \"programName\": \"Testing\",\n        \"programDescription\": \"Testing\",\n        \"online\": true\n    },\n    {\n        \"programId\": 7273,\n        \"programName\": \"testing\",\n        \"programDescription\": \"testing\",\n        \"online\": true\n    },\n    {\n        \"programId\": 7274,\n        \"programName\": \"testing\",\n        \"programDescription\": \"testing\",\n        \"online\": true\n    },\n    {\n        \"programId\": 7275,\n        \"programName\": \"sdet\",\n        \"programDescription\": \"sdet\",\n        \"online\": true\n    },\n    {\n        \"programId\": 7276,\n        \"programName\": \"sdet\",\n        \"programDescription\": \"sdet\",\n        \"online\": true\n    },\n    {\n        \"programId\": 7277,\n        \"programName\": \"string100\",\n        \"programDescription\": \"testing\",\n        \"online\": true\n    },\n    {\n        \"programId\": 7278,\n        \"programName\": \"string\",\n        \"programDescription\": \"string\",\n        \"online\": true\n    },\n    {\n        \"programId\": 7279,\n        \"programName\": \"string\",\n        \"programDescription\": \"string\",\n        \"online\": true\n    },\n    {\n        \"programId\": 7280,\n        \"programName\": \"string\",\n        \"programDescription\": \"string\",\n        \"online\": true\n    },\n    {\n        \"programId\": 7281,\n        \"programName\": \"testing modified\",\n        \"programDescription\": \"testing modified\",\n        \"online\": true\n    },\n    {\n        \"programId\": 7282,\n        \"programName\": \"Testing\",\n        \"programDescription\": \"Testing\",\n        \"online\": true\n    },\n    {\n        \"programId\": 7283,\n        \"programName\": \"string\",\n        \"programDescription\": \"string\",\n        \"online\": true\n    },\n    {\n        \"programId\": 7284,\n        \"programName\": \"string\",\n        \"programDescription\": \"string\",\n        \"online\": true\n    },\n    {\n        \"programId\": 7285,\n        \"programName\": \"string\",\n        \"programDescription\": \"string\",\n        \"online\": true\n    },\n    {\n        \"programId\": 7286,\n        \"programName\": \"string\",\n        \"programDescription\": \"string\",\n        \"online\": true\n    },\n    {\n        \"programId\": 7287,\n        \"programName\": \"string\",\n        \"programDescription\": \"java\",\n        \"online\": true\n    },\n    {\n        \"programId\": 7288,\n        \"programName\": \"Testing modified\",\n        \"programDescription\": \"Testing modified\",\n        \"online\": true\n    },\n    {\n        \"programId\": 7289,\n        \"programName\": \"string\",\n        \"programDescription\": \"string\",\n        \"online\": true\n    },\n    {\n        \"programId\": 7290,\n        \"programName\": \"string\",\n        \"programDescription\": \"string\",\n        \"online\": true\n    },\n    {\n        \"programId\": 7291,\n        \"programName\": \"testing modified\",\n        \"programDescription\": \"testing modified\",\n        \"online\": true\n    },\n    {\n        \"programId\": 7293,\n        \"programName\": \"string\",\n        \"programDescription\": \"string\",\n        \"online\": true\n    },\n    {\n        \"programId\": 7295,\n        \"programName\": \"Testing modified from postman\",\n        \"programDescription\": \"Testing\",\n        \"online\": true\n    },\n    {\n        \"programId\": 7296,\n        \"programName\": \"niiji\",\n        \"programDescription\": \"sdet\",\n        \"online\": true\n    },\n    {\n        \"programId\": 7297,\n        \"programName\": \"string\",\n        \"programDescription\": \"java\",\n        \"online\": true\n    },\n    {\n        \"programId\": 7299,\n        \"programName\": \"string\",\n        \"programDescription\": \"string\",\n        \"online\": true\n    },\n    {\n        \"programId\": 7305,\n        \"programName\": \"java version 2\",\n        \"programDescription\": \"sdet38\",\n        \"online\": true\n    },\n    {\n        \"programId\": 7300,\n        \"programName\": \"Twwestingg\",\n        \"programDescription\": \"Twwestingg\",\n        \"online\": true\n    },\n    {\n        \"programId\": 7308,\n        \"programName\": \"string\",\n        \"programDescription\": \"101213string\",\n        \"online\": true\n    },\n    {\n        \"programId\": 7302,\n        \"programName\": \"java version 2\",\n        \"programDescription\": \"sdet38\",\n        \"online\": true\n    },\n    {\n        \"programId\": 7303,\n        \"programName\": \"string\",\n        \"programDescription\": \"string\",\n        \"online\": true\n    },\n    {\n        \"programId\": 7304,\n        \"programName\": \"string\",\n        \"programDescription\": \"string\",\n        \"online\": true\n    },\n    {\n        \"programId\": 7306,\n        \"programName\": \"10string\",\n        \"programDescription\": \"10string\",\n        \"online\": true\n    },\n    {\n        \"programId\": 7307,\n        \"programName\": \"nji\",\n        \"programDescription\": \"sd\",\n        \"online\": true\n    },\n    {\n        \"programId\": 7267,\n        \"programName\": \"Twwestingg\",\n        \"programDescription\": \"Twwestingg\",\n        \"online\": true\n    },\n    {\n        \"programId\": 7309,\n        \"programName\": \"string\",\n        \"programDescription\": \"string\",\n        \"online\": true\n    },\n    {\n        \"programId\": 7310,\n        \"programName\": \"string\",\n        \"programDescription\": \"string\",\n        \"online\": true\n    },\n    {\n        \"programId\": 7311,\n        \"programName\": \"Twwestingg\",\n        \"programDescription\": \"Twwestingg\",\n        \"online\": true\n    },\n    {\n        \"programId\": 7313,\n        \"programName\": \"string\",\n        \"programDescription\": \"string\",\n        \"online\": true\n    },\n    {\n        \"programId\": 7314,\n        \"programName\": \"string\",\n        \"programDescription\": \"string\",\n        \"online\": true\n    },\n    {\n        \"programId\": 7315,\n        \"programName\": \"string\",\n        \"programDescription\": \"string\",\n        \"online\": true\n    },\n    {\n        \"programId\": 7316,\n        \"programName\": \"string\",\n        \"programDescription\": \"string\",\n        \"online\": true\n    },\n    {\n        \"programId\": 7317,\n        \"programName\": \"string\",\n        \"programDescription\": \"string\",\n        \"online\": true\n    },\n    {\n        \"programId\": 7318,\n        \"programName\": \"string\",\n        \"programDescription\": \"string\",\n        \"online\": true\n    },\n    {\n        \"programId\": 7319,\n        \"programName\": \"Testing modified\",\n        \"programDescription\": \"Testing modified\",\n        \"online\": true\n    },\n    {\n        \"programId\": 9261,\n        \"programName\": \"SDET\",\n        \"programDescription\": \"api\",\n        \"online\": true\n    },\n    {\n        \"programId\": 7321,\n        \"programName\": \"76876078-8-09789678767686878\",\n        \"programDescription\": \"gkjgkgkgliglgklhklh;lj;k;'kp'u9y8tgihpl'k'klhohhl;hlh;jlhjlhlhhljgklg\",\n        \"online\": true\n    },\n    {\n        \"programId\": 7322,\n        \"programName\": \"Testing modified\",\n        \"programDescription\": \"Testing modified\",\n        \"online\": true\n    },\n    {\n        \"programId\": 7323,\n        \"programName\": \"Testing modified\",\n        \"programDescription\": \"Testing modified\",\n        \"online\": true\n    },\n    {\n        \"programId\": 9262,\n        \"programName\": \"SDET\",\n        \"programDescription\": \"123\",\n        \"online\": true\n    },\n    {\n        \"programId\": 7325,\n        \"programName\": \"Testing modified\",\n        \"programDescription\": \"Testing modified\",\n        \"online\": true\n    },\n    {\n        \"programId\": 7326,\n        \"programName\": \"string\",\n        \"programDescription\": \"string\",\n        \"online\": true\n    },\n    {\n        \"programId\": 7398,\n        \"programName\": \"string\",\n        \"programDescription\": \"string\",\n        \"online\": true\n    },\n    {\n        \"programId\": 7399,\n        \"programName\": \"string\",\n        \"programDescription\": \"string\",\n        \"online\": true\n    },\n    {\n        \"programId\": 7400,\n        \"programName\": \"string\",\n        \"programDescription\": \"string\",\n        \"online\": true\n    },\n    {\n        \"programId\": 7401,\n        \"programName\": \"string\",\n        \"programDescription\": \"string\",\n        \"online\": true\n    },\n    {\n        \"programId\": 7402,\n        \"programName\": \"Testing test\",\n        \"programDescription\": \"Testing modified\",\n        \"online\": true\n    },\n    {\n        \"programId\": 7403,\n        \"programName\": \"Testing test\",\n        \"programDescription\": \"Testing modified\",\n        \"online\": true\n    },\n    {\n        \"programId\": 9263,\n        \"programName\": \"SDET\",\n        \"programDescription\": \"123\",\n        \"online\": true\n    },\n    {\n        \"programId\": 9265,\n        \"programName\": \"DS\",\n        \"programDescription\": \"data science\",\n        \"online\": true\n    },\n    {\n        \"programId\": 7578,\n        \"programName\": \"SDET26\",\n        \"programDescription\": \"Automation testing\",\n        \"online\": true\n    },\n    {\n        \"programId\": 7432,\n        \"programName\": \"Testing\",\n        \"programDescription\": \"Testing\",\n        \"online\": true\n    },\n    {\n        \"programId\": 7434,\n        \"programName\": \"batman \",\n        \"programDescription\": \"string\",\n        \"online\": true\n    },\n    {\n        \"programId\": 7437,\n        \"programName\": \"Multipal Digit Testing\",\n        \"programDescription\": \"Program ID Testing\",\n        \"online\": true\n    },\n    {\n        \"programId\": 7445,\n        \"programName\": \"string\",\n        \"programDescription\": \"string\",\n        \"online\": true\n    },\n    {\n        \"programId\": 7446,\n        \"programName\": \"string\",\n        \"programDescription\": \"string\",\n        \"online\": true\n    },\n    {\n        \"programId\": 7449,\n        \"programName\": \"string\",\n        \"programDescription\": \"string\",\n        \"online\": true\n    },\n    {\n        \"programId\": 7450,\n        \"programName\": \"string\",\n        \"programDescription\": \"string\",\n        \"online\": true\n    },\n    {\n        \"programId\": 7448,\n        \"programName\": \"Testing 100 Modified\",\n        \"programDescription\": \"Testing 100 Modified\",\n        \"online\": true\n    },\n    {\n        \"programId\": 7451,\n        \"programName\": \"string\",\n        \"programDescription\": \"string\",\n        \"online\": true\n    },\n    {\n        \"programId\": 7452,\n        \"programName\": \"string\",\n        \"programDescription\": \"string\",\n        \"online\": true\n    },\n    {\n        \"programId\": 7453,\n        \"programName\": \"string\",\n        \"programDescription\": \"string\",\n        \"online\": true\n    },\n    {\n        \"programId\": 7454,\n        \"programName\": \"string\",\n        \"programDescription\": \"string\",\n        \"online\": true\n    },\n    {\n        \"programId\": 7455,\n        \"programName\": \"string\",\n        \"programDescription\": \"string\",\n        \"online\": true\n    },\n    {\n        \"programId\": 7456,\n        \"programName\": \"string\",\n        \"programDescription\": \"string\",\n        \"online\": true\n    },\n    {\n        \"programId\": 7457,\n        \"programName\": \"string\",\n        \"programDescription\": \"string\",\n        \"online\": true\n    },\n    {\n        \"programId\": 7458,\n        \"programName\": \"string\",\n        \"programDescription\": \"string\",\n        \"online\": true\n    },\n    {\n        \"programId\": 7459,\n        \"programName\": \"string\",\n        \"programDescription\": \"string\",\n        \"online\": true\n    },\n    {\n        \"programId\": 7460,\n        \"programName\": \"string\",\n        \"programDescription\": \"string\",\n        \"online\": true\n    },\n    {\n        \"programId\": 7461,\n        \"programName\": \"string\",\n        \"programDescription\": \"string\",\n        \"online\": true\n    },\n    {\n        \"programId\": 7462,\n        \"programName\": \"string\",\n        \"programDescription\": \"string\",\n        \"online\": true\n    },\n    {\n        \"programId\": 7463,\n        \"programName\": \"string\",\n        \"programDescription\": \"string\",\n        \"online\": true\n    },\n    {\n        \"programId\": 7435,\n        \"programName\": \"Testing modified\",\n        \"programDescription\": \"Testing modified\",\n        \"online\": true\n    },\n    {\n        \"programId\": 7465,\n        \"programName\": \"string\",\n        \"programDescription\": \"string\",\n        \"online\": true\n    },\n    {\n        \"programId\": 7466,\n        \"programName\": \"string\",\n        \"programDescription\": \"string\",\n        \"online\": true\n    },\n    {\n        \"programId\": 7467,\n        \"programName\": \"string\",\n        \"programDescription\": \"string\",\n        \"online\": true\n    },\n    {\n        \"programId\": 7468,\n        \"programName\": \"string\",\n        \"programDescription\": \"string\",\n        \"online\": true\n    },\n    {\n        \"programId\": 7469,\n        \"programName\": \"string\",\n        \"programDescription\": \"string\",\n        \"online\": true\n    },\n    {\n        \"programId\": 7470,\n        \"programName\": \"string\",\n        \"programDescription\": \"string\",\n        \"online\": true\n    },\n    {\n        \"programId\": 7473,\n        \"programName\": \"Testing 1000\",\n        \"programDescription\": \"Testing 1000\",\n        \"online\": true\n    },\n    {\n        \"programId\": 7474,\n        \"programName\": \"string\",\n        \"programDescription\": \"string\",\n        \"online\": true\n    },\n    {\n        \"programId\": 7475,\n        \"programName\": \"string\",\n        \"programDescription\": \"string\",\n        \"online\": true\n    },\n    {\n        \"programId\": 7476,\n        \"programName\": \"string\",\n        \"programDescription\": \"string\",\n        \"online\": true\n    },\n    {\n        \"programId\": 7477,\n        \"programName\": \"string\",\n        \"programDescription\": \"string\",\n        \"online\": false\n    },\n    {\n        \"programId\": 7478,\n        \"programName\": \"string\",\n        \"programDescription\": \"string\",\n        \"online\": true\n    },\n    {\n        \"programId\": 7479,\n        \"programName\": \"int\",\n        \"programDescription\": \"string\",\n        \"online\": true\n    },\n    {\n        \"programId\": 7480,\n        \"programName\": \"int\",\n        \"programDescription\": \"hello\",\n        \"online\": true\n    },\n    {\n        \"programId\": 7481,\n        \"programName\": \"int\",\n        \"programDescription\": \"hello\",\n        \"online\": true\n    },\n    {\n        \"programId\": 7482,\n        \"programName\": \"int\",\n        \"programDescription\": \"hello\",\n        \"online\": true\n    },\n    {\n        \"programId\": 7483,\n        \"programName\": \"int\",\n        \"programDescription\": \"hello\",\n        \"online\": true\n    },\n    {\n        \"programId\": 7484,\n        \"programName\": \"int\",\n        \"programDescription\": \"hello\",\n        \"online\": true\n    },\n    {\n        \"programId\": 7485,\n        \"programName\": \"int\",\n        \"programDescription\": \"hello\",\n        \"online\": true\n    },\n    {\n        \"programId\": 7486,\n        \"programName\": \"int\",\n        \"programDescription\": \"hello\",\n        \"online\": true\n    },\n    {\n        \"programId\": 7490,\n        \"programName\": \"int\",\n        \"programDescription\": \"hello\",\n        \"online\": true\n    },\n    {\n        \"programId\": 7491,\n        \"programName\": \"int\",\n        \"programDescription\": \"hello\",\n        \"online\": true\n    },\n    {\n        \"programId\": 7494,\n        \"programName\": \"int\",\n        \"programDescription\": \"hello\",\n        \"online\": false\n    },\n    {\n        \"programId\": 7495,\n        \"programName\": \"int\",\n        \"programDescription\": \"hello\",\n        \"online\": false\n    },\n    {\n        \"programId\": 7496,\n        \"programName\": \"int\",\n        \"programDescription\": \"hello\",\n        \"online\": false\n    },\n    {\n        \"programId\": 7497,\n        \"programName\": \"Calculato\",\n        \"programDescription\": \"Calculator Pro\",\n        \"online\": false\n    },\n    {\n        \"programId\": 7498,\n        \"programName\": \"string\",\n        \"programDescription\": \"string\",\n        \"online\": true\n    },\n    {\n        \"programId\": 7500,\n        \"programName\": \"Testing put - Request\",\n        \"programDescription\": \"Testing put - Request\",\n        \"online\": true\n    },\n    {\n        \"programId\": 7579,\n        \"programName\": \"DS\",\n        \"programDescription\": \"data science\",\n        \"online\": false\n    },\n    {\n        \"programId\": 7584,\n        \"programName\": \"SDET26\",\n        \"programDescription\": \"Automation testing\",\n        \"online\": true\n    },\n    {\n        \"programId\": 7504,\n        \"programName\": \"SDET 42\",\n        \"programDescription\": \"SDET 42\",\n        \"online\": true\n    },\n    {\n        \"programId\": 7508,\n        \"programName\": \"batman\",\n        \"programDescription\": \"string\",\n        \"online\": true\n    },\n    {\n        \"programId\": 7510,\n        \"programName\": \"string\",\n        \"programDescription\": \"string\",\n        \"online\": true\n    },\n    {\n        \"programId\": 7515,\n        \"programName\": \"Testing\",\n        \"programDescription\": \"Testing\",\n        \"online\": true\n    },\n    {\n        \"programId\": 7517,\n        \"programName\": \"Testing2\",\n        \"programDescription\": \"Testing2\",\n        \"online\": true\n    },\n    {\n        \"programId\": 7518,\n        \"programName\": \"math\",\n        \"programDescription\": null,\n        \"online\": false\n    },\n    {\n        \"programId\": 7520,\n        \"programName\": \"science\",\n        \"programDescription\": null,\n        \"online\": false\n    },\n    {\n        \"programId\": 7585,\n        \"programName\": \"DS\",\n        \"programDescription\": \"data science\",\n        \"online\": false\n    },\n    {\n        \"programId\": 7586,\n        \"programName\": \"SDET26\",\n        \"programDescription\": \"Automation testing\",\n        \"online\": true\n    },\n    {\n        \"programId\": 7587,\n        \"programName\": \"DS\",\n        \"programDescription\": \"data science\",\n        \"online\": false\n    },\n    {\n        \"programId\": 7529,\n        \"programName\": \"batman \",\n        \"programDescription\": \"string\",\n        \"online\": true\n    },\n    {\n        \"programId\": 7530,\n        \"programName\": \"ironman\",\n        \"programDescription\": \"string\",\n        \"online\": true\n    },\n    {\n        \"programId\": 7531,\n        \"programName\": \"java\",\n        \"programDescription\": \"core java\",\n        \"online\": true\n    },\n    {\n        \"programId\": 7532,\n        \"programName\": \"Multipal Digit Testing\",\n        \"programDescription\": \"Program ID Testing\",\n        \"online\": true\n    },\n    {\n        \"programId\": 7534,\n        \"programName\": \"Angular\",\n        \"programDescription\": \"AngularTESTST\",\n        \"online\": true\n    },\n    {\n        \"programId\": 1112,\n        \"programName\": \"EclipseSpecialist\",\n        \"programDescription\": \"EclipseEclairs\",\n        \"online\": true\n    },\n    {\n        \"programId\": 1113,\n        \"programName\": \"PatternSpecialist\",\n        \"programDescription\": \"PatternExpert\",\n        \"online\": true\n    },\n    {\n        \"programId\": 7538,\n        \"programName\": \"Class Assistant\",\n        \"programDescription\": \"Singleton class\",\n        \"online\": false\n    },\n    {\n        \"programId\": 7548,\n        \"programName\": \"cucumber learning modified\",\n        \"programDescription\": \"cucumber learning\",\n        \"online\": false\n    },\n    {\n        \"programId\": 7549,\n        \"programName\": \"SDET\",\n        \"programDescription\": \"Selenium Postman\",\n        \"online\": true\n    },\n    {\n        \"programId\": 7550,\n        \"programName\": \"Blank testing\",\n        \"programDescription\": \"\",\n        \"online\": false\n    },\n    {\n        \"programId\": 7551,\n        \"programName\": \"API Testing\",\n        \"programDescription\": \"RestAssured Postman\",\n        \"online\": false\n    },\n    {\n        \"programId\": 7552,\n        \"programName\": \"API Testing\",\n        \"programDescription\": \"Selenium Postman\",\n        \"online\": false\n    },\n    {\n        \"programId\": 7553,\n        \"programName\": \"Updating ProgramName for 272\",\n        \"programDescription\": \"Updating programDescription\",\n        \"online\": false\n    },\n    {\n        \"programId\": 7554,\n        \"programName\": \"Testing\",\n        \"programDescription\": \"Testing\",\n        \"online\": true\n    },\n    {\n        \"programId\": 7555,\n        \"programName\": \"Updating ProgramName for 273\",\n        \"programDescription\": \"Updating programDescription\",\n        \"online\": true\n    },\n    {\n        \"programId\": 7556,\n        \"programName\": \"Testing\",\n        \"programDescription\": \"AutomationTesting\",\n        \"online\": true\n    },\n    {\n        \"programId\": 7557,\n        \"programName\": \"cucumber learning modified\",\n        \"programDescription\": \"cucumber learning\",\n        \"online\": false\n    },\n    {\n        \"programId\": 7558,\n        \"programName\": \"SDET\",\n        \"programDescription\": \"Selenium Postman\",\n        \"online\": true\n    },\n    {\n        \"programId\": 7559,\n        \"programName\": \"Blank testing\",\n        \"programDescription\": \"\",\n        \"online\": false\n    },\n    {\n        \"programId\": 7561,\n        \"programName\": \"API Testing\",\n        \"programDescription\": \"Selenium Postman\",\n        \"online\": false\n    },\n    {\n        \"programId\": 7562,\n        \"programName\": \"Updating ProgramName for 272\",\n        \"programDescription\": \"Updating programDescription\",\n        \"online\": false\n    },\n    {\n        \"programId\": 7563,\n        \"programName\": \"Testing\",\n        \"programDescription\": \"Testing\",\n        \"online\": true\n    },\n    {\n        \"programId\": 7564,\n        \"programName\": \"Updating ProgramName for 273\",\n        \"programDescription\": \"Updating programDescription\",\n        \"online\": true\n    },\n    {\n        \"programId\": 7565,\n        \"programName\": \"Testing\",\n        \"programDescription\": \"AutomationTesting\",\n        \"online\": true\n    },\n    {\n        \"programId\": 7566,\n        \"programName\": \"batman \",\n        \"programDescription\": \"string\",\n        \"online\": true\n    },\n    {\n        \"programId\": 7567,\n        \"programName\": \"ironman\",\n        \"programDescription\": \"string\",\n        \"online\": true\n    },\n    {\n        \"programId\": 7568,\n        \"programName\": \"java\",\n        \"programDescription\": \"core java\",\n        \"online\": true\n    },\n    {\n        \"programId\": 7569,\n        \"programName\": \"Multipal Digit Testing\",\n        \"programDescription\": \"Program ID Testing\",\n        \"online\": true\n    },\n    {\n        \"programId\": 7588,\n        \"programName\": \"SDET26\",\n        \"programDescription\": \"Automation testing\",\n        \"online\": true\n    },\n    {\n        \"programId\": 7589,\n        \"programName\": \"DS\",\n        \"programDescription\": \"data science\",\n        \"online\": false\n    },\n    {\n        \"programId\": 7590,\n        \"programName\": \"SDET26\",\n        \"programDescription\": \"Automation testing\",\n        \"online\": true\n    },\n    {\n        \"programId\": 7591,\n        \"programName\": \"DS\",\n        \"programDescription\": \"data science\",\n        \"online\": false\n    },\n    {\n        \"programId\": 7592,\n        \"programName\": \"SDET26\",\n        \"programDescription\": \"Automation testing\",\n        \"online\": true\n    },\n    {\n        \"programId\": 7593,\n        \"programName\": \"DS\",\n        \"programDescription\": \"data science\",\n        \"online\": false\n    },\n    {\n        \"programId\": 7594,\n        \"programName\": \"SDET26\",\n        \"programDescription\": \"Automation testing\",\n        \"online\": true\n    },\n    {\n        \"programId\": 7595,\n        \"programName\": \"DS\",\n        \"programDescription\": \"data science\",\n        \"online\": false\n    },\n    {\n        \"programId\": 7596,\n        \"programName\": \"SDET26\",\n        \"programDescription\": \"Automation testing\",\n        \"online\": true\n    },\n    {\n        \"programId\": 7597,\n        \"programName\": \"DS\",\n        \"programDescription\": \"data science\",\n        \"online\": false\n    },\n    {\n        \"programId\": 7598,\n        \"programName\": \"SDET26\",\n        \"programDescription\": \"management\",\n        \"online\": true\n    },\n    {\n        \"programId\": 7599,\n        \"programName\": \"SDET\",\n        \"programDescription\": \"api\",\n        \"online\": true\n    },\n    {\n        \"programId\": 7600,\n        \"programName\": \"SDET26\",\n        \"programDescription\": \"management\",\n        \"online\": true\n    },\n    {\n        \"programId\": 7601,\n        \"programName\": \"SDET26\",\n        \"programDescription\": \"management\",\n        \"online\": true\n    },\n    {\n        \"programId\": 7602,\n        \"programName\": \"SDET\",\n        \"programDescription\": \"api\",\n        \"online\": true\n    },\n    {\n        \"programId\": 7603,\n        \"programName\": \"SDET26\",\n        \"programDescription\": \"Automation testing\",\n        \"online\": true\n    },\n    {\n        \"programId\": 7604,\n        \"programName\": \"DS\",\n        \"programDescription\": \"data science\",\n        \"online\": false\n    },\n    {\n        \"programId\": 7607,\n        \"programName\": \"SDET26\",\n        \"programDescription\": \"management\",\n        \"online\": true\n    },\n    {\n        \"programId\": 429,\n        \"programName\": \"SDET\",\n        \"programDescription\": \"Part time\",\n        \"online\": false\n    },\n    {\n        \"programId\": 7616,\n        \"programName\": \"supriya\",\n        \"programDescription\": \"SDET\",\n        \"online\": false\n    },\n    {\n        \"programId\": 7630,\n        \"programName\": \"USA\",\n        \"programDescription\": \"USAstring\",\n        \"online\": true\n    },\n    {\n        \"programId\": 7632,\n        \"programName\": \"cucumber learning modified\",\n        \"programDescription\": \"cucumber learning\",\n        \"online\": false\n    },\n    {\n        \"programId\": 7631,\n        \"programName\": \"cucumber learning modified\",\n        \"programDescription\": \"cucumber learning\",\n        \"online\": false\n    },\n    {\n        \"programId\": 7670,\n        \"programName\": \"SDET\",\n        \"programDescription\": \"Selenium Postman\",\n        \"online\": true\n    },\n    {\n        \"programId\": 7671,\n        \"programName\": \"Blank testing\",\n        \"programDescription\": \"\",\n        \"online\": false\n    },\n    {\n        \"programId\": 7672,\n        \"programName\": \"API Testing\",\n        \"programDescription\": \"RestAssured Postman\",\n        \"online\": false\n    },\n    {\n        \"programId\": 7673,\n        \"programName\": \"API Testing\",\n        \"programDescription\": \"Selenium Postman\",\n        \"online\": false\n    },\n    {\n        \"programId\": 7674,\n        \"programName\": \"Updating ProgramName for 272\",\n        \"programDescription\": \"Updating programDescription\",\n        \"online\": false\n    },\n    {\n        \"programId\": 7675,\n        \"programName\": \"Testing\",\n        \"programDescription\": \"Testing\",\n        \"online\": true\n    },\n    {\n        \"programId\": 7676,\n        \"programName\": \"Updating ProgramName for 273\",\n        \"programDescription\": \"Updating programDescription\",\n        \"online\": true\n    },\n    {\n        \"programId\": 7677,\n        \"programName\": \"Testing\",\n        \"programDescription\": \"AutomationTesting\",\n        \"online\": true\n    },\n    {\n        \"programId\": 7678,\n        \"programName\": \"string\",\n        \"programDescription\": \"string\",\n        \"online\": true\n    },\n    {\n        \"programId\": 7679,\n        \"programName\": \"cucumber learning modified\",\n        \"programDescription\": \"cucumber learning\",\n        \"online\": false\n    },\n    {\n        \"programId\": 7680,\n        \"programName\": \"SDET\",\n        \"programDescription\": \"Selenium Postman\",\n        \"online\": true\n    },\n    {\n        \"programId\": 7681,\n        \"programName\": \"Blank testing\",\n        \"programDescription\": \"\",\n        \"online\": false\n    },\n    {\n        \"programId\": 7682,\n        \"programName\": \"API Testing\",\n        \"programDescription\": \"RestAssured Postman\",\n        \"online\": false\n    },\n    {\n        \"programId\": 7683,\n        \"programName\": \"API Testing\",\n        \"programDescription\": \"Selenium Postman\",\n        \"online\": false\n    },\n    {\n        \"programId\": 7684,\n        \"programName\": \"Updating ProgramName for 272\",\n        \"programDescription\": \"Updating programDescription\",\n        \"online\": false\n    },\n    {\n        \"programId\": 7685,\n        \"programName\": \"Testing\",\n        \"programDescription\": \"Testing\",\n        \"online\": true\n    },\n    {\n        \"programId\": 7686,\n        \"programName\": \"Updating ProgramName for 273\",\n        \"programDescription\": \"Updating programDescription\",\n        \"online\": true\n    },\n    {\n        \"programId\": 7687,\n        \"programName\": \"Testing\",\n        \"programDescription\": \"AutomationTesting\",\n        \"online\": true\n    },\n    {\n        \"programId\": 7688,\n        \"programName\": \"Sdet38\",\n        \"programDescription\": \"Postman\",\n        \"online\": false\n    },\n    {\n        \"programId\": 7689,\n        \"programName\": \"sample test\",\n        \"programDescription\": \"sample test\",\n        \"online\": true\n    },\n    {\n        \"programId\": 7690,\n        \"programName\": \"sample test\",\n        \"programDescription\": \"sample test\",\n        \"online\": false\n    },\n    {\n        \"programId\": 7691,\n        \"programName\": \"string\",\n        \"programDescription\": \"string\",\n        \"online\": true\n    },\n    {\n        \"programId\": 7693,\n        \"programName\": \"cucumber learning modified\",\n        \"programDescription\": \"cucumber learning\",\n        \"online\": false\n    },\n    {\n        \"programId\": 7694,\n        \"programName\": \"SDET\",\n        \"programDescription\": \"Selenium Postman\",\n        \"online\": true\n    },\n    {\n        \"programId\": 7695,\n        \"programName\": \"Blank testing\",\n        \"programDescription\": \"\",\n        \"online\": false\n    },\n    {\n        \"programId\": 7696,\n        \"programName\": \"API Testing\",\n        \"programDescription\": \"RestAssured Postman\",\n        \"online\": false\n    },\n    {\n        \"programId\": 7697,\n        \"programName\": \"API Testing\",\n        \"programDescription\": \"Selenium Postman\",\n        \"online\": false\n    },\n    {\n        \"programId\": 7698,\n        \"programName\": \"Updating ProgramName for 272\",\n        \"programDescription\": \"Updating programDescription\",\n        \"online\": false\n    },\n    {\n        \"programId\": 7699,\n        \"programName\": \"Testing\",\n        \"programDescription\": \"Testing\",\n        \"online\": true\n    },\n    {\n        \"programId\": 7700,\n        \"programName\": \"Updating ProgramName for 273\",\n        \"programDescription\": \"Updating programDescription\",\n        \"online\": true\n    },\n    {\n        \"programId\": 7701,\n        \"programName\": \"Testing\",\n        \"programDescription\": \"AutomationTesting\",\n        \"online\": true\n    },\n    {\n        \"programId\": 7692,\n        \"programName\": \"string\",\n        \"programDescription\": \"string\",\n        \"online\": true\n    },\n    {\n        \"programId\": 7702,\n        \"programName\": \"cucumber learning modified\",\n        \"programDescription\": \"cucumber learning\",\n        \"online\": false\n    },\n    {\n        \"programId\": 7703,\n        \"programName\": \"SDET\",\n        \"programDescription\": \"Selenium Postman\",\n        \"online\": true\n    },\n    {\n        \"programId\": 7704,\n        \"programName\": \"Blank testing\",\n        \"programDescription\": \"\",\n        \"online\": false\n    },\n    {\n        \"programId\": 7705,\n        \"programName\": \"API Testing\",\n        \"programDescription\": \"RestAssured Postman\",\n        \"online\": false\n    },\n    {\n        \"programId\": 7706,\n        \"programName\": \"API Testing\",\n        \"programDescription\": \"Selenium Postman\",\n        \"online\": false\n    },\n    {\n        \"programId\": 7709,\n        \"programName\": \"Updating ProgramName for 273\",\n        \"programDescription\": \"Updating programDescription\",\n        \"online\": true\n    },\n    {\n        \"programId\": 7710,\n        \"programName\": \"Testing\",\n        \"programDescription\": \"AutomationTesting\",\n        \"online\": true\n    },\n    {\n        \"programId\": 7711,\n        \"programName\": \"SDET26\",\n        \"programDescription\": \"Automation testing\",\n        \"online\": true\n    },\n    {\n        \"programId\": 7712,\n        \"programName\": \"DS\",\n        \"programDescription\": \"data science\",\n        \"online\": false\n    },\n    {\n        \"programId\": 7713,\n        \"programName\": \"SDET26\",\n        \"programDescription\": \"management\",\n        \"online\": true\n    },\n    {\n        \"programId\": 7714,\n        \"programName\": \"SDET\",\n        \"programDescription\": \"api\",\n        \"online\": true\n    },\n    {\n        \"programId\": 7715,\n        \"programName\": \"string modify\",\n        \"programDescription\": \"string\",\n        \"online\": false\n    },\n    {\n        \"programId\": 7716,\n        \"programName\": \"string modify\",\n        \"programDescription\": \"string\",\n        \"online\": false\n    },\n    {\n        \"programId\": 7717,\n        \"programName\": \"string\",\n        \"programDescription\": \"string\",\n        \"online\": true\n    },\n    {\n        \"programId\": 7718,\n        \"programName\": \"string modify\",\n        \"programDescription\": \"string\",\n        \"online\": false\n    },\n    {\n        \"programId\": 7719,\n        \"programName\": \"cucumber learning modified\",\n        \"programDescription\": \"cucumber learning\",\n        \"online\": false\n    },\n    {\n        \"programId\": 7720,\n        \"programName\": \"SDET\",\n        \"programDescription\": \"Selenium Postman\",\n        \"online\": true\n    },\n    {\n        \"programId\": 7721,\n        \"programName\": \"Blank testing\",\n        \"programDescription\": \"\",\n        \"online\": false\n    },\n    {\n        \"programId\": 7722,\n        \"programName\": \"API Testing\",\n        \"programDescription\": \"RestAssured Postman\",\n        \"online\": false\n    },\n    {\n        \"programId\": 7723,\n        \"programName\": \"API Testing\",\n        \"programDescription\": \"Selenium Postman\",\n        \"online\": false\n    },\n    {\n        \"programId\": 7724,\n        \"programName\": \"Updating ProgramName for 272\",\n        \"programDescription\": \"Updating programDescription\",\n        \"online\": false\n    },\n    {\n        \"programId\": 7725,\n        \"programName\": \"Testing\",\n        \"programDescription\": \"Testing\",\n        \"online\": true\n    },\n    {\n        \"programId\": 7726,\n        \"programName\": \"Updating ProgramName for 273\",\n        \"programDescription\": \"Updating programDescription\",\n        \"online\": true\n    },\n    {\n        \"programId\": 7727,\n        \"programName\": \"Testing\",\n        \"programDescription\": \"AutomationTesting\",\n        \"online\": true\n    },\n    {\n        \"programId\": 7728,\n        \"programName\": \"APITest\",\n        \"programDescription\": \"APITest\",\n        \"online\": true\n    },\n    {\n        \"programId\": 7729,\n        \"programName\": \"APITest\",\n        \"programDescription\": \"APITest\",\n        \"online\": true\n    },\n    {\n        \"programId\": 7730,\n        \"programName\": \"APITest\",\n        \"programDescription\": \"APITest\",\n        \"online\": true\n    },\n    {\n        \"programId\": 7731,\n        \"programName\": \"cucumber learning modified\",\n        \"programDescription\": \"cucumber learning\",\n        \"online\": false\n    },\n    {\n        \"programId\": 7732,\n        \"programName\": \"SDET\",\n        \"programDescription\": \"Selenium Postman\",\n        \"online\": true\n    },\n    {\n        \"programId\": 7733,\n        \"programName\": \"Blank testing\",\n        \"programDescription\": \"\",\n        \"online\": false\n    },\n    {\n        \"programId\": 7734,\n        \"programName\": \"API Testing\",\n        \"programDescription\": \"RestAssured Postman\",\n        \"online\": false\n    },\n    {\n        \"programId\": 7735,\n        \"programName\": \"API Testing\",\n        \"programDescription\": \"Selenium Postman\",\n        \"online\": false\n    },\n    {\n        \"programId\": 7736,\n        \"programName\": \"Updating ProgramName for 272\",\n        \"programDescription\": \"Updating programDescription\",\n        \"online\": false\n    },\n    {\n        \"programId\": 7737,\n        \"programName\": \"Testing\",\n        \"programDescription\": \"Testing\",\n        \"online\": true\n    },\n    {\n        \"programId\": 7738,\n        \"programName\": \"Updating ProgramName for 273\",\n        \"programDescription\": \"Updating programDescription\",\n        \"online\": true\n    },\n    {\n        \"programId\": 7739,\n        \"programName\": \"Testing\",\n        \"programDescription\": \"AutomationTesting\",\n        \"online\": true\n    },\n    {\n        \"programId\": 7740,\n        \"programName\": \"cucumber learning modified\",\n        \"programDescription\": \"cucumber learning\",\n        \"online\": false\n    },\n    {\n        \"programId\": 7741,\n        \"programName\": \"SDET\",\n        \"programDescription\": \"Selenium Postman\",\n        \"online\": true\n    },\n    {\n        \"programId\": 7742,\n        \"programName\": \"Blank testing\",\n        \"programDescription\": \"\",\n        \"online\": false\n    },\n    {\n        \"programId\": 7743,\n        \"programName\": \"API Testing\",\n        \"programDescription\": \"RestAssured Postman\",\n        \"online\": false\n    },\n    {\n        \"programId\": 7744,\n        \"programName\": \"API Testing\",\n        \"programDescription\": \"Selenium Postman\",\n        \"online\": false\n    },\n    {\n        \"programId\": 7745,\n        \"programName\": \"Updating ProgramName for 272\",\n        \"programDescription\": \"Updating programDescription\",\n        \"online\": false\n    },\n    {\n        \"programId\": 7746,\n        \"programName\": \"Testing\",\n        \"programDescription\": \"Testing\",\n        \"online\": true\n    },\n    {\n        \"programId\": 7747,\n        \"programName\": \"Updating ProgramName for 273\",\n        \"programDescription\": \"Updating programDescription\",\n        \"online\": true\n    },\n    {\n        \"programId\": 7748,\n        \"programName\": \"Testing\",\n        \"programDescription\": \"AutomationTesting\",\n        \"online\": true\n    },\n    {\n        \"programId\": 7749,\n        \"programName\": \"SME\",\n        \"programDescription\": null,\n        \"online\": false\n    },\n    {\n        \"programId\": 7752,\n        \"programName\": \"cucumber learning modified\",\n        \"programDescription\": \"cucumber learning\",\n        \"online\": false\n    },\n    {\n        \"programId\": 7753,\n        \"programName\": \"SDET\",\n        \"programDescription\": \"Selenium Postman\",\n        \"online\": true\n    },\n    {\n        \"programId\": 7754,\n        \"programName\": \"Blank testing\",\n        \"programDescription\": \"\",\n        \"online\": false\n    },\n    {\n        \"programId\": 7755,\n        \"programName\": \"API Testing\",\n        \"programDescription\": \"RestAssured Postman\",\n        \"online\": false\n    },\n    {\n        \"programId\": 7756,\n        \"programName\": \"API Testing\",\n        \"programDescription\": \"Selenium Postman\",\n        \"online\": false\n    },\n    {\n        \"programId\": 7757,\n        \"programName\": \"Updating ProgramName for 272\",\n        \"programDescription\": \"Updating programDescription\",\n        \"online\": false\n    },\n    {\n        \"programId\": 7758,\n        \"programName\": \"Testing\",\n        \"programDescription\": \"Testing\",\n        \"online\": true\n    },\n    {\n        \"programId\": 7759,\n        \"programName\": \"Updating ProgramName for 273\",\n        \"programDescription\": \"Updating programDescription\",\n        \"online\": true\n    },\n    {\n        \"programId\": 7760,\n        \"programName\": \"Testing\",\n        \"programDescription\": \"AutomationTesting\",\n        \"online\": true\n    },\n    {\n        \"programId\": 7761,\n        \"programName\": \"SME\",\n        \"programDescription\": null,\n        \"online\": false\n    },\n    {\n        \"programId\": 7764,\n        \"programName\": \"SME\",\n        \"programDescription\": \"HealthCare\",\n        \"online\": true\n    },\n    {\n        \"programId\": 9266,\n        \"programName\": \"DS\",\n        \"programDescription\": \"data science\",\n        \"online\": true\n    },\n    {\n        \"programId\": 7766,\n        \"programName\": \"Backend Developer\",\n        \"programDescription\": \"Sql Developer\",\n        \"online\": true\n    },\n    {\n        \"programId\": 7767,\n        \"programName\": \"SME\",\n        \"programDescription\": \"HealthCare\",\n        \"online\": true\n    },\n    {\n        \"programId\": 7768,\n        \"programName\": \"Scrum Master\",\n        \"programDescription\": \"Agile\",\n        \"online\": true\n    },\n    {\n        \"programId\": 7769,\n        \"programName\": \"Backend Developer\",\n        \"programDescription\": \"Sql Developer\",\n        \"online\": true\n    },\n    {\n        \"programId\": 7770,\n        \"programName\": \"cucumber learning modified\",\n        \"programDescription\": \"cucumber learning\",\n        \"online\": false\n    },\n    {\n        \"programId\": 7771,\n        \"programName\": \"SDET\",\n        \"programDescription\": \"Selenium Postman\",\n        \"online\": true\n    },\n    {\n        \"programId\": 7772,\n        \"programName\": \"Blank testing\",\n        \"programDescription\": \"\",\n        \"online\": false\n    },\n    {\n        \"programId\": 7773,\n        \"programName\": \"API Testing\",\n        \"programDescription\": \"RestAssured Postman\",\n        \"online\": false\n    },\n    {\n        \"programId\": 7774,\n        \"programName\": \"API Testing\",\n        \"programDescription\": \"Selenium Postman\",\n        \"online\": false\n    },\n    {\n        \"programId\": 7775,\n        \"programName\": \"Updating ProgramName for 272\",\n        \"programDescription\": \"Updating programDescription\",\n        \"online\": false\n    },\n    {\n        \"programId\": 7776,\n        \"programName\": \"Testing\",\n        \"programDescription\": \"Testing\",\n        \"online\": true\n    },\n    {\n        \"programId\": 7777,\n        \"programName\": \"Updating ProgramName for 273\",\n        \"programDescription\": \"Updating programDescription\",\n        \"online\": true\n    },\n    {\n        \"programId\": 9306,\n        \"programName\": \"lms api modified\",\n        \"programDescription\": \"lms api modified\",\n        \"online\": true\n    },\n    {\n        \"programId\": 9307,\n        \"programName\": \"Testing\",\n        \"programDescription\": \"Testing\",\n        \"online\": true\n    },\n    {\n        \"programId\": 7782,\n        \"programName\": \"string\",\n        \"programDescription\": \"string\",\n        \"online\": true\n    },\n    {\n        \"programId\": 7783,\n        \"programName\": \"string\",\n        \"programDescription\": \"string\",\n        \"online\": true\n    },\n    {\n        \"programId\": 7785,\n        \"programName\": \"string\",\n        \"programDescription\": \"string\",\n        \"online\": true\n    },\n    {\n        \"programId\": 7786,\n        \"programName\": \"string\",\n        \"programDescription\": \"string\",\n        \"online\": true\n    },\n    {\n        \"programId\": 7787,\n        \"programName\": \"string\",\n        \"programDescription\": \"string\",\n        \"online\": true\n    },\n    {\n        \"programId\": 7789,\n        \"programName\": \"string\",\n        \"programDescription\": \"string\",\n        \"online\": true\n    },\n    {\n        \"programId\": 7790,\n        \"programName\": \"string\",\n        \"programDescription\": \"string\",\n        \"online\": true\n    },\n    {\n        \"programId\": 7792,\n        \"programName\": \"string\",\n        \"programDescription\": \"string\",\n        \"online\": true\n    },\n    {\n        \"programId\": 7793,\n        \"programName\": \"string\",\n        \"programDescription\": \"string\",\n        \"online\": true\n    },\n    {\n        \"programId\": 7794,\n        \"programName\": \"string\",\n        \"programDescription\": \"string\",\n        \"online\": true\n    },\n    {\n        \"programId\": 7795,\n        \"programName\": \"string\",\n        \"programDescription\": \"string\",\n        \"online\": true\n    },\n    {\n        \"programId\": 9308,\n        \"programName\": \"Testing\",\n        \"programDescription\": \"Testing\",\n        \"online\": true\n    },\n    {\n        \"programId\": 7796,\n        \"programName\": \"string\",\n        \"programDescription\": \"string\",\n        \"online\": true\n    },\n    {\n        \"programId\": 7797,\n        \"programName\": \"string\",\n        \"programDescription\": \"string\",\n        \"online\": true\n    },\n    {\n        \"programId\": 7798,\n        \"programName\": \"string\",\n        \"programDescription\": \"string\",\n        \"online\": true\n    },\n    {\n        \"programId\": 7799,\n        \"programName\": \"string\",\n        \"programDescription\": \"string\",\n        \"online\": true\n    },\n    {\n        \"programId\": 7800,\n        \"programName\": \"string\",\n        \"programDescription\": \"string\",\n        \"online\": true\n    },\n    {\n        \"programId\": 7801,\n        \"programName\": \"string\",\n        \"programDescription\": \"string\",\n        \"online\": true\n    },\n    {\n        \"programId\": 7802,\n        \"programName\": \"string\",\n        \"programDescription\": \"string\",\n        \"online\": true\n    },\n    {\n        \"programId\": 7803,\n        \"programName\": \"string\",\n        \"programDescription\": \"string\",\n        \"online\": true\n    },\n    {\n        \"programId\": 7804,\n        \"programName\": \"string\",\n        \"programDescription\": \"string\",\n        \"online\": true\n    },\n    {\n        \"programId\": 7780,\n        \"programName\": \"string\",\n        \"programDescription\": \"string\",\n        \"online\": true\n    },\n    {\n        \"programId\": 7807,\n        \"programName\": \"batman \",\n        \"programDescription\": \"string\",\n        \"online\": true\n    },\n    {\n        \"programId\": 7808,\n        \"programName\": \"ironman\",\n        \"programDescription\": \"string\",\n        \"online\": true\n    },\n    {\n        \"programId\": 7809,\n        \"programName\": \"java\",\n        \"programDescription\": \"core java\",\n        \"online\": true\n    },\n    {\n        \"programId\": 7810,\n        \"programName\": \"Multipal Digit Testing\",\n        \"programDescription\": \"Program ID Testing\",\n        \"online\": true\n    },\n    {\n        \"programId\": 7813,\n        \"programName\": \"fizzy bath bom\",\n        \"programDescription\": \"science project is used in school\",\n        \"online\": true\n    },\n    {\n        \"programId\": 9267,\n        \"programName\": \"string\",\n        \"programDescription\": \"string\",\n        \"online\": true\n    },\n    {\n        \"programId\": 7814,\n        \"programName\": \"API\",\n        \"programDescription\": \"APITesting\",\n        \"online\": true\n    },\n    {\n        \"programId\": 7815,\n        \"programName\": \"API\",\n        \"programDescription\": \"APITesting\",\n        \"online\": false\n    },\n    {\n        \"programId\": 7818,\n        \"programName\": \"Python programming\",\n        \"programDescription\": \"Learn Python\",\n        \"online\": true\n    },\n    {\n        \"programId\": 7819,\n        \"programName\": \"API testing\",\n        \"programDescription\": \"Testing using Postman \",\n        \"online\": true\n    },\n    {\n        \"programId\": 7820,\n        \"programName\": \"string\",\n        \"programDescription\": \"string modification\",\n        \"online\": true\n    },\n    {\n        \"programId\": 7821,\n        \"programName\": \"PRADEEPA TESTING MODIFY\",\n        \"programDescription\": \"TESTING MODIFY\",\n        \"online\": true\n    },\n    {\n        \"programId\": 7822,\n        \"programName\": \"Anjali\",\n        \"programDescription\": \"anjali\",\n        \"online\": true\n    },\n    {\n        \"programId\": 7823,\n        \"programName\": \"Anjali\",\n        \"programDescription\": \"anjali\",\n        \"online\": true\n    },\n    {\n        \"programId\": 7824,\n        \"programName\": \"Anjali\",\n        \"programDescription\": \"anjali\",\n        \"online\": true\n    },\n    {\n        \"programId\": 7825,\n        \"programName\": \"Anjali\",\n        \"programDescription\": \"anjali\",\n        \"online\": true\n    },\n    {\n        \"programId\": 7826,\n        \"programName\": \"Anjali\",\n        \"programDescription\": \"anjali\",\n        \"online\": true\n    },\n    {\n        \"programId\": 7827,\n        \"programName\": \"Anjali\",\n        \"programDescription\": \"anjali\",\n        \"online\": true\n    },\n    {\n        \"programId\": 7828,\n        \"programName\": \"Anjali\",\n        \"programDescription\": \"anjali\",\n        \"online\": true\n    },\n    {\n        \"programId\": 7829,\n        \"programName\": \"Anjali\",\n        \"programDescription\": \"anjali\",\n        \"online\": true\n    },\n    {\n        \"programId\": 8068,\n        \"programName\": \"Selenium\",\n        \"programDescription\": \"Automation Testing\",\n        \"online\": true\n    },\n    {\n        \"programId\": 7830,\n        \"programName\": \"batman \",\n        \"programDescription\": \"string\",\n        \"online\": true\n    },\n    {\n        \"programId\": 7831,\n        \"programName\": \"ironman\",\n        \"programDescription\": \"string\",\n        \"online\": true\n    },\n    {\n        \"programId\": 7832,\n        \"programName\": \"java\",\n        \"programDescription\": \"core java\",\n        \"online\": true\n    },\n    {\n        \"programId\": 7833,\n        \"programName\": \"Multipal Digit Testing\",\n        \"programDescription\": \"Program ID Testing\",\n        \"online\": true\n    },\n    {\n        \"programId\": 7834,\n        \"programName\": \"batman \",\n        \"programDescription\": \"string\",\n        \"online\": true\n    },\n    {\n        \"programId\": 7835,\n        \"programName\": \"ironman\",\n        \"programDescription\": \"string\",\n        \"online\": true\n    },\n    {\n        \"programId\": 7836,\n        \"programName\": \"java\",\n        \"programDescription\": \"core java\",\n        \"online\": true\n    },\n    {\n        \"programId\": 7837,\n        \"programName\": \"Multipal Digit Testing\",\n        \"programDescription\": \"Program ID Testing\",\n        \"online\": true\n    },\n    {\n        \"programId\": 7838,\n        \"programName\": \"Python programming\",\n        \"programDescription\": \"Learn Python\",\n        \"online\": false\n    },\n    {\n        \"programId\": 7839,\n        \"programName\": \"Python programming Modified\",\n        \"programDescription\": \"Learn Python Modified\",\n        \"online\": false\n    },\n    {\n        \"programId\": 7840,\n        \"programName\": \"API testing\",\n        \"programDescription\": \"Testing using Postman \",\n        \"online\": false\n    },\n    {\n        \"programId\": 7841,\n        \"programName\": \"API testing Modified\",\n        \"programDescription\": \"Testing using Postman  Modified\",\n        \"online\": false\n    },\n    {\n        \"programId\": 7842,\n        \"programName\": \"Python programming\",\n        \"programDescription\": \"Learn Python\",\n        \"online\": false\n    },\n    {\n        \"programId\": 7844,\n        \"programName\": \"API testing\",\n        \"programDescription\": \"Testing using Postman \",\n        \"online\": false\n    },\n    {\n        \"programId\": 7846,\n        \"programName\": \"Python programming\",\n        \"programDescription\": \"Learn Python\",\n        \"online\": false\n    },\n    {\n        \"programId\": 7847,\n        \"programName\": \"API testing\",\n        \"programDescription\": \"Testing using Postman \",\n        \"online\": false\n    },\n    {\n        \"programId\": 7848,\n        \"programName\": \"Python programming\",\n        \"programDescription\": \"Learn Python\",\n        \"online\": false\n    },\n    {\n        \"programId\": 7849,\n        \"programName\": \"API testing\",\n        \"programDescription\": \"Testing using Postman \",\n        \"online\": false\n    },\n    {\n        \"programId\": 9268,\n        \"programName\": \"string\",\n        \"programDescription\": \"string\",\n        \"online\": true\n    },\n    {\n        \"programId\": 7852,\n        \"programName\": \"Learn Pyt Modified\",\n        \"programDescription\": \" Pyt Pgm Modified\",\n        \"online\": false\n    },\n    {\n        \"programId\": 7853,\n        \"programName\": \"Learn Pyt Modified\",\n        \"programDescription\": \" Pyt Pgm Modified\",\n        \"online\": false\n    },\n    {\n        \"programId\": 7854,\n        \"programName\": \"string\",\n        \"programDescription\": \"string\",\n        \"online\": true\n    },\n    {\n        \"programId\": 7855,\n        \"programName\": \"Namitha Krishna\",\n        \"programDescription\": \"Testing\",\n        \"online\": false\n    },\n    {\n        \"programId\": 7856,\n        \"programName\": \"Java123\",\n        \"programDescription\": \"Java Pro\",\n        \"online\": true\n    },\n    {\n        \"programId\": 7857,\n        \"programName\": \"Selenium\",\n        \"programDescription\": \"Java Pro2\",\n        \"online\": true\n    },\n    {\n        \"programId\": 7858,\n        \"programName\": \"SDET\",\n        \"programDescription\": \"SDET20\",\n        \"online\": true\n    },\n    {\n        \"programId\": 7859,\n        \"programName\": \"SDET28\",\n        \"programDescription\": \"Automation Testing\",\n        \"online\": true\n    },\n    {\n        \"programId\": 7860,\n        \"programName\": \"DS\",\n        \"programDescription\": \"Data Science\",\n        \"online\": false\n    },\n    {\n        \"programId\": 7861,\n        \"programName\": \"SQL\",\n        \"programDescription\": \"SQL\",\n        \"online\": true\n    },\n    {\n        \"programId\": 7862,\n        \"programName\": \"NOSQL\",\n        \"programDescription\": \"NOSQL\",\n        \"online\": false\n    },\n    {\n        \"programId\": 7863,\n        \"programName\": \"Testing\",\n        \"programDescription\": \"Testing\",\n        \"online\": true\n    },\n    {\n        \"programId\": 7864,\n        \"programName\": \"SDET28\",\n        \"programDescription\": \"Automation Testing\",\n        \"online\": true\n    },\n    {\n        \"programId\": 7865,\n        \"programName\": \"DS\",\n        \"programDescription\": \"Data Science\",\n        \"online\": false\n    },\n    {\n        \"programId\": 7866,\n        \"programName\": \"SQL\",\n        \"programDescription\": \"SQL\",\n        \"online\": true\n    },\n    {\n        \"programId\": 7867,\n        \"programName\": \"NOSQL\",\n        \"programDescription\": \"NOSQL\",\n        \"online\": false\n    },\n    {\n        \"programId\": 7868,\n        \"programName\": \"SDET28\",\n        \"programDescription\": \"Automation Testing\",\n        \"online\": true\n    },\n    {\n        \"programId\": 7869,\n        \"programName\": \"DS\",\n        \"programDescription\": \"Data Science\",\n        \"online\": false\n    },\n    {\n        \"programId\": 7870,\n        \"programName\": \"SQL\",\n        \"programDescription\": \"SQL\",\n        \"online\": true\n    },\n    {\n        \"programId\": 7871,\n        \"programName\": \"NOSQL\",\n        \"programDescription\": \"NOSQL\",\n        \"online\": false\n    },\n    {\n        \"programId\": 7872,\n        \"programName\": \"SDET28\",\n        \"programDescription\": \"Automation Testing\",\n        \"online\": true\n    },\n    {\n        \"programId\": 7873,\n        \"programName\": \"DS\",\n        \"programDescription\": \"Data Science\",\n        \"online\": false\n    },\n    {\n        \"programId\": 7874,\n        \"programName\": \"SQL\",\n        \"programDescription\": \"SQL\",\n        \"online\": true\n    },\n    {\n        \"programId\": 7875,\n        \"programName\": \"NOSQL\",\n        \"programDescription\": \"NOSQL\",\n        \"online\": false\n    },\n    {\n        \"programId\": 7876,\n        \"programName\": \"SDET28\",\n        \"programDescription\": \"Automation Testing\",\n        \"online\": true\n    },\n    {\n        \"programId\": 7877,\n        \"programName\": \"DS\",\n        \"programDescription\": \"Data Science\",\n        \"online\": false\n    },\n    {\n        \"programId\": 7878,\n        \"programName\": \"SQL\",\n        \"programDescription\": \"SQL\",\n        \"online\": true\n    },\n    {\n        \"programId\": 7879,\n        \"programName\": \"NOSQL\",\n        \"programDescription\": \"NOSQL\",\n        \"online\": false\n    },\n    {\n        \"programId\": 7880,\n        \"programName\": \"Testing\",\n        \"programDescription\": \"Testing\",\n        \"online\": true\n    },\n    {\n        \"programId\": 7881,\n        \"programName\": \"Testing\",\n        \"programDescription\": \"Testing\",\n        \"online\": true\n    },\n    {\n        \"programId\": 7882,\n        \"programName\": \"Testing\",\n        \"programDescription\": \"Testing\",\n        \"online\": true\n    },\n    {\n        \"programId\": 7883,\n        \"programName\": \"Testing\",\n        \"programDescription\": \"Testing\",\n        \"online\": true\n    },\n    {\n        \"programId\": 7884,\n        \"programName\": \"SQL\",\n        \"programDescription\": \"SQL\",\n        \"online\": true\n    },\n    {\n        \"programId\": 7885,\n        \"programName\": \"SDET28\",\n        \"programDescription\": \"Automation\",\n        \"online\": true\n    },\n    {\n        \"programId\": 7886,\n        \"programName\": \"SDET28\",\n        \"programDescription\": \"Automation \",\n        \"online\": true\n    },\n    {\n        \"programId\": 7887,\n        \"programName\": \"Testing\",\n        \"programDescription\": \"Testing\",\n        \"online\": true\n    },\n    {\n        \"programId\": 7888,\n        \"programName\": \"SQL\",\n        \"programDescription\": \"SQL\",\n        \"online\": false\n    },\n    {\n        \"programId\": 7889,\n        \"programName\": \"Testing\",\n        \"programDescription\": \"Testing\",\n        \"online\": true\n    },\n    {\n        \"programId\": 7890,\n        \"programName\": \"SDET28\",\n        \"programDescription\": \"Automation \",\n        \"online\": true\n    },\n    {\n        \"programId\": 7891,\n        \"programName\": \"Testing\",\n        \"programDescription\": \"Testing\",\n        \"online\": true\n    },\n    {\n        \"programId\": 7892,\n        \"programName\": \"SQL\",\n        \"programDescription\": \"SQL\",\n        \"online\": false\n    },\n    {\n        \"programId\": 7893,\n        \"programName\": \"Testing\",\n        \"programDescription\": \"Testing\",\n        \"online\": false\n    },\n    {\n        \"programId\": 7894,\n        \"programName\": \"SDET28\",\n        \"programDescription\": \"Automation \",\n        \"online\": true\n    },\n    {\n        \"programId\": 7895,\n        \"programName\": \"Testing\",\n        \"programDescription\": \"Testing\",\n        \"online\": true\n    },\n    {\n        \"programId\": 7896,\n        \"programName\": \"SQL\",\n        \"programDescription\": \"SQL\",\n        \"online\": false\n    },\n    {\n        \"programId\": 7897,\n        \"programName\": \"Testing\",\n        \"programDescription\": \"Testing\",\n        \"online\": false\n    },\n    {\n        \"programId\": 7898,\n        \"programName\": \"SDET28\",\n        \"programDescription\": \"Automation \",\n        \"online\": true\n    },\n    {\n        \"programId\": 7899,\n        \"programName\": \"Testing\",\n        \"programDescription\": \"Testing\",\n        \"online\": true\n    },\n    {\n        \"programId\": 7900,\n        \"programName\": \"SQL\",\n        \"programDescription\": \"SQL\",\n        \"online\": false\n    },\n    {\n        \"programId\": 7901,\n        \"programName\": \"Testing\",\n        \"programDescription\": \"Testing\",\n        \"online\": false\n    },\n    {\n        \"programId\": 7902,\n        \"programName\": \"SDET28\",\n        \"programDescription\": \"Automation \",\n        \"online\": true\n    },\n    {\n        \"programId\": 7903,\n        \"programName\": \"Testing\",\n        \"programDescription\": \"Testing\",\n        \"online\": true\n    },\n    {\n        \"programId\": 7904,\n        \"programName\": \"SQL\",\n        \"programDescription\": \"SQL\",\n        \"online\": false\n    },\n    {\n        \"programId\": 7905,\n        \"programName\": \"Testing\",\n        \"programDescription\": \"Testing\",\n        \"online\": false\n    },\n    {\n        \"programId\": 7907,\n        \"programName\": \"SDET28\",\n        \"programDescription\": \"Automation \",\n        \"online\": true\n    },\n    {\n        \"programId\": 7908,\n        \"programName\": \"Testing\",\n        \"programDescription\": \"Testing\",\n        \"online\": true\n    },\n    {\n        \"programId\": 7909,\n        \"programName\": \"SQL\",\n        \"programDescription\": \"SQL\",\n        \"online\": false\n    },\n    {\n        \"programId\": 7910,\n        \"programName\": \"Testing\",\n        \"programDescription\": \"Testing\",\n        \"online\": false\n    },\n    {\n        \"programId\": 7911,\n        \"programName\": \"SDET28\",\n        \"programDescription\": \"Automation \",\n        \"online\": true\n    },\n    {\n        \"programId\": 7912,\n        \"programName\": \"Testing\",\n        \"programDescription\": \"Testing\",\n        \"online\": true\n    },\n    {\n        \"programId\": 7913,\n        \"programName\": \"SQL\",\n        \"programDescription\": \"SQL\",\n        \"online\": false\n    },\n    {\n        \"programId\": 7914,\n        \"programName\": \"Testing\",\n        \"programDescription\": \"Testing\",\n        \"online\": false\n    },\n    {\n        \"programId\": 7915,\n        \"programName\": \"SDET28\",\n        \"programDescription\": \"Automation\",\n        \"online\": true\n    },\n    {\n        \"programId\": 7916,\n        \"programName\": \"SDET28\",\n        \"programDescription\": \"Automation \",\n        \"online\": true\n    },\n    {\n        \"programId\": 7917,\n        \"programName\": \"Testing\",\n        \"programDescription\": \"Testing\",\n        \"online\": true\n    },\n    {\n        \"programId\": 7918,\n        \"programName\": \"SQL\",\n        \"programDescription\": \"SQL\",\n        \"online\": false\n    },\n    {\n        \"programId\": 7919,\n        \"programName\": \"Testing\",\n        \"programDescription\": \"Testing\",\n        \"online\": false\n    },\n    {\n        \"programId\": 7920,\n        \"programName\": \"SDET28\",\n        \"programDescription\": \"Automation \",\n        \"online\": true\n    },\n    {\n        \"programId\": 7921,\n        \"programName\": \"Testing\",\n        \"programDescription\": \"Testing\",\n        \"online\": true\n    },\n    {\n        \"programId\": 7922,\n        \"programName\": \"SQL\",\n        \"programDescription\": \"SQL\",\n        \"online\": false\n    },\n    {\n        \"programId\": 7923,\n        \"programName\": \"Testing\",\n        \"programDescription\": \"Testing\",\n        \"online\": false\n    },\n    {\n        \"programId\": 7924,\n        \"programName\": \"SDET28\",\n        \"programDescription\": \"Automation \",\n        \"online\": false\n    },\n    {\n        \"programId\": 7925,\n        \"programName\": \"SDET28\",\n        \"programDescription\": \"Automation \",\n        \"online\": true\n    },\n    {\n        \"programId\": 7926,\n        \"programName\": \"Testing\",\n        \"programDescription\": \"Testing\",\n        \"online\": true\n    },\n    {\n        \"programId\": 7927,\n        \"programName\": \"SQL\",\n        \"programDescription\": \"SQL\",\n        \"online\": false\n    },\n    {\n        \"programId\": 7928,\n        \"programName\": \"Testing\",\n        \"programDescription\": \"Testing\",\n        \"online\": false\n    },\n    {\n        \"programId\": 7930,\n        \"programName\": \"cucumber learning modified\",\n        \"programDescription\": \"cucumber learning\",\n        \"online\": false\n    },\n    {\n        \"programId\": 7931,\n        \"programName\": \"SDET\",\n        \"programDescription\": \"Selenium Postman\",\n        \"online\": true\n    },\n    {\n        \"programId\": 7932,\n        \"programName\": \"Blank testing\",\n        \"programDescription\": \"\",\n        \"online\": false\n    },\n    {\n        \"programId\": 7933,\n        \"programName\": \"API Testing\",\n        \"programDescription\": \"RestAssured Postman\",\n        \"online\": false\n    },\n    {\n        \"programId\": 7934,\n        \"programName\": \"API Testing\",\n        \"programDescription\": \"Selenium Postman\",\n        \"online\": false\n    },\n    {\n        \"programId\": 7935,\n        \"programName\": \"Updating ProgramName for 272\",\n        \"programDescription\": \"Updating programDescription\",\n        \"online\": false\n    },\n    {\n        \"programId\": 7936,\n        \"programName\": \"Testing\",\n        \"programDescription\": \"Testing\",\n        \"online\": true\n    },\n    {\n        \"programId\": 7937,\n        \"programName\": \"Updating ProgramName for 273\",\n        \"programDescription\": \"Updating programDescription\",\n        \"online\": true\n    },\n    {\n        \"programId\": 7938,\n        \"programName\": \"Testing\",\n        \"programDescription\": \"AutomationTesting\",\n        \"online\": true\n    },\n    {\n        \"programId\": 7939,\n        \"programName\": \"SDET28\",\n        \"programDescription\": \"Automation \",\n        \"online\": true\n    },\n    {\n        \"programId\": 7940,\n        \"programName\": \"Testing\",\n        \"programDescription\": \"Testing\",\n        \"online\": true\n    },\n    {\n        \"programId\": 7941,\n        \"programName\": \"SQL\",\n        \"programDescription\": \"SQL\",\n        \"online\": false\n    },\n    {\n        \"programId\": 7942,\n        \"programName\": \"Testing\",\n        \"programDescription\": \"Testing\",\n        \"online\": false\n    },\n    {\n        \"programId\": 7944,\n        \"programName\": \"SDET28\",\n        \"programDescription\": \"Automation \",\n        \"online\": true\n    },\n    {\n        \"programId\": 7945,\n        \"programName\": \"Testing\",\n        \"programDescription\": \"Testing\",\n        \"online\": true\n    },\n    {\n        \"programId\": 7946,\n        \"programName\": \"Testing\",\n        \"programDescription\": \"\",\n        \"online\": true\n    },\n    {\n        \"programId\": 7947,\n        \"programName\": \"SQL\",\n        \"programDescription\": \"SQL\",\n        \"online\": false\n    },\n    {\n        \"programId\": 7948,\n        \"programName\": \"Testing\",\n        \"programDescription\": \"Testing\",\n        \"online\": false\n    },\n    {\n        \"programId\": 7950,\n        \"programName\": \"SDET28\",\n        \"programDescription\": \"Automation \",\n        \"online\": true\n    },\n    {\n        \"programId\": 7951,\n        \"programName\": \"Testing\",\n        \"programDescription\": \"Testing\",\n        \"online\": true\n    },\n    {\n        \"programId\": 7952,\n        \"programName\": \"Testing\",\n        \"programDescription\": \"\",\n        \"online\": true\n    },\n    {\n        \"programId\": 7953,\n        \"programName\": \"SQL\",\n        \"programDescription\": \"SQL\",\n        \"online\": false\n    },\n    {\n        \"programId\": 7954,\n        \"programName\": \"Testing\",\n        \"programDescription\": \"Testing\",\n        \"online\": false\n    },\n    {\n        \"programId\": 7956,\n        \"programName\": \"Testing123\",\n        \"programDescription\": \"Testing\",\n        \"online\": false\n    },\n    {\n        \"programId\": 7957,\n        \"programName\": \"SDET28\",\n        \"programDescription\": \"Automation \",\n        \"online\": true\n    },\n    {\n        \"programId\": 7958,\n        \"programName\": \"Testing\",\n        \"programDescription\": \"Testing\",\n        \"online\": true\n    },\n    {\n        \"programId\": 7959,\n        \"programName\": \"Testing\",\n        \"programDescription\": \"\",\n        \"online\": true\n    },\n    {\n        \"programId\": 7960,\n        \"programName\": \"SQL\",\n        \"programDescription\": \"SQL\",\n        \"online\": false\n    },\n    {\n        \"programId\": 7961,\n        \"programName\": \"Testing\",\n        \"programDescription\": \"Testing\",\n        \"online\": false\n    },\n    {\n        \"programId\": 7963,\n        \"programName\": \"Testing123\",\n        \"programDescription\": \"Testing\",\n        \"online\": false\n    },\n    {\n        \"programId\": 7964,\n        \"programName\": \"SDET28\",\n        \"programDescription\": \"Automation \",\n        \"online\": true\n    },\n    {\n        \"programId\": 7965,\n        \"programName\": \"Testing\",\n        \"programDescription\": \"Testing\",\n        \"online\": true\n    },\n    {\n        \"programId\": 7966,\n        \"programName\": \"Testing\",\n        \"programDescription\": \"\",\n        \"online\": true\n    },\n    {\n        \"programId\": 7967,\n        \"programName\": \"SQL\",\n        \"programDescription\": \"SQL\",\n        \"online\": false\n    },\n    {\n        \"programId\": 7968,\n        \"programName\": \"Testing\",\n        \"programDescription\": \"Testing\",\n        \"online\": false\n    },\n    {\n        \"programId\": 7970,\n        \"programName\": \"SDET28\",\n        \"programDescription\": \"Automation \",\n        \"online\": true\n    },\n    {\n        \"programId\": 7971,\n        \"programName\": \"Testing\",\n        \"programDescription\": \"Testing\",\n        \"online\": true\n    },\n    {\n        \"programId\": 7972,\n        \"programName\": \"Testing\",\n        \"programDescription\": \"\",\n        \"online\": true\n    },\n    {\n        \"programId\": 7973,\n        \"programName\": \"SQL\",\n        \"programDescription\": \"SQL\",\n        \"online\": false\n    },\n    {\n        \"programId\": 7974,\n        \"programName\": \"Testing\",\n        \"programDescription\": \"Testing\",\n        \"online\": false\n    },\n    {\n        \"programId\": 7976,\n        \"programName\": \"SDET28\",\n        \"programDescription\": \"Automation \",\n        \"online\": true\n    },\n    {\n        \"programId\": 7977,\n        \"programName\": \"Testing\",\n        \"programDescription\": \"Testing\",\n        \"online\": true\n    },\n    {\n        \"programId\": 7978,\n        \"programName\": \"Testing\",\n        \"programDescription\": \"\",\n        \"online\": true\n    },\n    {\n        \"programId\": 7979,\n        \"programName\": \"SQL\",\n        \"programDescription\": \"SQL\",\n        \"online\": false\n    },\n    {\n        \"programId\": 7980,\n        \"programName\": \"Testing\",\n        \"programDescription\": \"Testing\",\n        \"online\": false\n    },\n    {\n        \"programId\": 7982,\n        \"programName\": \"Testing modified\",\n        \"programDescription\": \"Testing modified\",\n        \"online\": true\n    },\n    {\n        \"programId\": 7983,\n        \"programName\": \"Testing modified\",\n        \"programDescription\": \"Testing modified\",\n        \"online\": true\n    },\n    {\n        \"programId\": 7984,\n        \"programName\": \"Testing modified\",\n        \"programDescription\": \"Testing modified\",\n        \"online\": true\n    },\n    {\n        \"programId\": 7985,\n        \"programName\": \"Testing modified\",\n        \"programDescription\": \"Testing modified\",\n        \"online\": true\n    },\n    {\n        \"programId\": 7986,\n        \"programName\": \"Testing modified\",\n        \"programDescription\": \"Testing modified\",\n        \"online\": true\n    },\n    {\n        \"programId\": 7987,\n        \"programName\": \"Testing modified\",\n        \"programDescription\": \"Testing modified\",\n        \"online\": true\n    },\n    {\n        \"programId\": 7988,\n        \"programName\": \"Testing modified\",\n        \"programDescription\": \"Testing modified\",\n        \"online\": true\n    },\n    {\n        \"programId\": 5411,\n        \"programName\": \"SQL\",\n        \"programDescription\": \"Selenium\",\n        \"online\": false\n    },\n    {\n        \"programId\": 7989,\n        \"programName\": \"SDET26\",\n        \"programDescription\": \"Automation\",\n        \"online\": true\n    },\n    {\n        \"programId\": 7990,\n        \"programName\": \"SQL\",\n        \"programDescription\": \"Selenium\",\n        \"online\": false\n    },\n    {\n        \"programId\": 7991,\n        \"programName\": \"SDET26\",\n        \"programDescription\": \"Automation\",\n        \"online\": true\n    },\n    {\n        \"programId\": 7992,\n        \"programName\": \"SQL\",\n        \"programDescription\": \"Selenium\",\n        \"online\": false\n    },\n    {\n        \"programId\": 7993,\n        \"programName\": \"Testing modified\",\n        \"programDescription\": \"Testing modified\",\n        \"online\": true\n    },\n    {\n        \"programId\": 7994,\n        \"programName\": \"SDET26\",\n        \"programDescription\": \"Automation\",\n        \"online\": true\n    },\n    {\n        \"programId\": 7995,\n        \"programName\": \"SDET26\",\n        \"programDescription\": \"700\",\n        \"online\": true\n    },\n    {\n        \"programId\": 7996,\n        \"programName\": \"2h78\",\n        \"programDescription\": \"70\",\n        \"online\": true\n    },\n    {\n        \"programId\": 7997,\n        \"programName\": \"cucumber learning modified\",\n        \"programDescription\": \"cucumber learning\",\n        \"online\": false\n    },\n    {\n        \"programId\": 7998,\n        \"programName\": \"SDET\",\n        \"programDescription\": \"Selenium Postman\",\n        \"online\": true\n    },\n    {\n        \"programId\": 7999,\n        \"programName\": \"Blank testing\",\n        \"programDescription\": \"\",\n        \"online\": false\n    },\n    {\n        \"programId\": 8001,\n        \"programName\": \"API Testing\",\n        \"programDescription\": \"Selenium Postman\",\n        \"online\": false\n    },\n    {\n        \"programId\": 8002,\n        \"programName\": \"Updating ProgramName for 272\",\n        \"programDescription\": \"Updating programDescription\",\n        \"online\": false\n    },\n    {\n        \"programId\": 8000,\n        \"programName\": \"Testing\",\n        \"programDescription\": \"Testing\",\n        \"online\": true\n    },\n    {\n        \"programId\": 8003,\n        \"programName\": \"Updating ProgramName for 273\",\n        \"programDescription\": \"Updating programDescription\",\n        \"online\": true\n    },\n    {\n        \"programId\": 8004,\n        \"programName\": \"Testing\",\n        \"programDescription\": \"AutomationTesting\",\n        \"online\": true\n    },\n    {\n        \"programId\": 8005,\n        \"programName\": \"cucumber learning modified\",\n        \"programDescription\": \"cucumber learning\",\n        \"online\": false\n    },\n    {\n        \"programId\": 8006,\n        \"programName\": \"SDET\",\n        \"programDescription\": \"Selenium Postman\",\n        \"online\": true\n    },\n    {\n        \"programId\": 8007,\n        \"programName\": \"Blank testing\",\n        \"programDescription\": \"\",\n        \"online\": false\n    },\n    {\n        \"programId\": 8008,\n        \"programName\": \"API Testing\",\n        \"programDescription\": \"RestAssured Postman\",\n        \"online\": false\n    },\n    {\n        \"programId\": 8009,\n        \"programName\": \"API Testing\",\n        \"programDescription\": \"Selenium Postman\",\n        \"online\": false\n    },\n    {\n        \"programId\": 8010,\n        \"programName\": \"Updating ProgramName for 272\",\n        \"programDescription\": \"Updating programDescription\",\n        \"online\": false\n    },\n    {\n        \"programId\": 8011,\n        \"programName\": \"Updating ProgramName for 273\",\n        \"programDescription\": \"Updating programDescription\",\n        \"online\": true\n    },\n    {\n        \"programId\": 8012,\n        \"programName\": \"Testing\",\n        \"programDescription\": \"AutomationTesting\",\n        \"online\": true\n    },\n    {\n        \"programId\": 8013,\n        \"programName\": \"string\",\n        \"programDescription\": \"Postmanrn\",\n        \"online\": true\n    },\n    {\n        \"programId\": 8014,\n        \"programName\": \"string\",\n        \"programDescription\": \"Postmanrn\",\n        \"online\": true\n    },\n    {\n        \"programId\": 8015,\n        \"programName\": \"string\",\n        \"programDescription\": \"Postmannnn1\",\n        \"online\": true\n    },\n    {\n        \"programId\": 8016,\n        \"programName\": \"cucumber learning modified\",\n        \"programDescription\": \"cucumber learning\",\n        \"online\": false\n    },\n    {\n        \"programId\": 8017,\n        \"programName\": \"SDET\",\n        \"programDescription\": \"Selenium Postman\",\n        \"online\": true\n    },\n    {\n        \"programId\": 8018,\n        \"programName\": \"Blank testing\",\n        \"programDescription\": \"\",\n        \"online\": false\n    },\n    {\n        \"programId\": 8019,\n        \"programName\": \"API Testing\",\n        \"programDescription\": \"RestAssured Postman\",\n        \"online\": false\n    },\n    {\n        \"programId\": 8020,\n        \"programName\": \"API Testing\",\n        \"programDescription\": \"Selenium Postman\",\n        \"online\": false\n    },\n    {\n        \"programId\": 8021,\n        \"programName\": \"Updating ProgramName for 272\",\n        \"programDescription\": \"Updating programDescription\",\n        \"online\": false\n    },\n    {\n        \"programId\": 8022,\n        \"programName\": \"Updating ProgramName for 273\",\n        \"programDescription\": \"Updating programDescription\",\n        \"online\": true\n    },\n    {\n        \"programId\": 8023,\n        \"programName\": \"Testing\",\n        \"programDescription\": \"AutomationTesting\",\n        \"online\": true\n    },\n    {\n        \"programId\": 8024,\n        \"programName\": \"cucumber learning modified\",\n        \"programDescription\": \"cucumber learning\",\n        \"online\": false\n    },\n    {\n        \"programId\": 8025,\n        \"programName\": \"SDET\",\n        \"programDescription\": \"Selenium Postman\",\n        \"online\": true\n    },\n    {\n        \"programId\": 8026,\n        \"programName\": \"Blank testing\",\n        \"programDescription\": \"\",\n        \"online\": false\n    },\n    {\n        \"programId\": 8027,\n        \"programName\": \"API Testing\",\n        \"programDescription\": \"RestAssured Postman\",\n        \"online\": false\n    },\n    {\n        \"programId\": 8028,\n        \"programName\": \"API Testing\",\n        \"programDescription\": \"Selenium Postman\",\n        \"online\": false\n    },\n    {\n        \"programId\": 8029,\n        \"programName\": \"Updating ProgramName for 272\",\n        \"programDescription\": \"Updating programDescription\",\n        \"online\": false\n    },\n    {\n        \"programId\": 8030,\n        \"programName\": \"Updating ProgramName for 273\",\n        \"programDescription\": \"Updating programDescription\",\n        \"online\": true\n    },\n    {\n        \"programId\": 8031,\n        \"programName\": \"Testing\",\n        \"programDescription\": \"AutomationTesting\",\n        \"online\": true\n    },\n    {\n        \"programId\": 8033,\n        \"programName\": \"Selenium\",\n        \"programDescription\": \"Automation Testing\",\n        \"online\": true\n    },\n    {\n        \"programId\": 8034,\n        \"programName\": \"Selenium\",\n        \"programDescription\": \"Automation Testing\",\n        \"online\": true\n    },\n    {\n        \"programId\": 8035,\n        \"programName\": \"Selenium\",\n        \"programDescription\": \"Automation Testing\",\n        \"online\": true\n    },\n    {\n        \"programId\": 8036,\n        \"programName\": \"batman \",\n        \"programDescription\": \"string\",\n        \"online\": true\n    },\n    {\n        \"programId\": 8037,\n        \"programName\": \"ironman\",\n        \"programDescription\": \"string\",\n        \"online\": true\n    },\n    {\n        \"programId\": 8038,\n        \"programName\": \"java\",\n        \"programDescription\": \"core java\",\n        \"online\": true\n    },\n    {\n        \"programId\": 8039,\n        \"programName\": \"Multipal Digit Testing\",\n        \"programDescription\": \"Program ID Testing\",\n        \"online\": true\n    },\n    {\n        \"programId\": 8040,\n        \"programName\": \"linux \",\n        \"programDescription\": \"string\",\n        \"online\": true\n    },\n    {\n        \"programId\": 8041,\n        \"programName\": \"unix\",\n        \"programDescription\": \"string\",\n        \"online\": true\n    },\n    {\n        \"programId\": 8042,\n        \"programName\": \"java\",\n        \"programDescription\": \"core java\",\n        \"online\": true\n    },\n    {\n        \"programId\": 8043,\n        \"programName\": \"Multipal Digit Testing\",\n        \"programDescription\": \"Program ID Testing\",\n        \"online\": true\n    },\n    {\n        \"programId\": 8044,\n        \"programName\": \"linux \",\n        \"programDescription\": \"int\",\n        \"online\": true\n    },\n    {\n        \"programId\": 8045,\n        \"programName\": \"unix\",\n        \"programDescription\": \"int\",\n        \"online\": true\n    },\n    {\n        \"programId\": 8046,\n        \"programName\": \"java\",\n        \"programDescription\": \"core java\",\n        \"online\": true\n    },\n    {\n        \"programId\": 8047,\n        \"programName\": \"Multipal Digit Testing\",\n        \"programDescription\": \"Program ID Testing\",\n        \"online\": true\n    },\n    {\n        \"programId\": 8048,\n        \"programName\": \"linux \",\n        \"programDescription\": \"string\",\n        \"online\": true\n    },\n    {\n        \"programId\": 8049,\n        \"programName\": \"unix\",\n        \"programDescription\": \"string\",\n        \"online\": true\n    },\n    {\n        \"programId\": 8050,\n        \"programName\": \"java\",\n        \"programDescription\": \"core java\",\n        \"online\": true\n    },\n    {\n        \"programId\": 8051,\n        \"programName\": \"Multipal Digit Testing\",\n        \"programDescription\": \"Program ID Testing\",\n        \"online\": true\n    },\n    {\n        \"programId\": 8052,\n        \"programName\": \"linux \",\n        \"programDescription\": \"string\",\n        \"online\": true\n    },\n    {\n        \"programId\": 8053,\n        \"programName\": \"unix\",\n        \"programDescription\": \"string\",\n        \"online\": true\n    },\n    {\n        \"programId\": 8054,\n        \"programName\": \"java\",\n        \"programDescription\": \"core java\",\n        \"online\": true\n    },\n    {\n        \"programId\": 8055,\n        \"programName\": \"Multipal Digit Testing\",\n        \"programDescription\": \"Program ID Testing\",\n        \"online\": true\n    },\n    {\n        \"programId\": 8056,\n        \"programName\": \"GreatGoing\",\n        \"programDescription\": \"Do great things\",\n        \"online\": true\n    },\n    {\n        \"programId\": 8057,\n        \"programName\": \"Selenium\",\n        \"programDescription\": \"Automation Testing\",\n        \"online\": true\n    },\n    {\n        \"programId\": 8058,\n        \"programName\": \"Selenium\",\n        \"programDescription\": \"Automation Testing\",\n        \"online\": true\n    },\n    {\n        \"programId\": 8059,\n        \"programName\": \"Selenium\",\n        \"programDescription\": \"Automation Testing\",\n        \"online\": true\n    },\n    {\n        \"programId\": 8060,\n        \"programName\": \"Selenium\",\n        \"programDescription\": \"Automation Testing\",\n        \"online\": true\n    },\n    {\n        \"programId\": 8061,\n        \"programName\": \"SDET26\",\n        \"programDescription\": \"Automation\",\n        \"online\": true\n    },\n    {\n        \"programId\": 8062,\n        \"programName\": \"SDET26\",\n        \"programDescription\": \"700\",\n        \"online\": true\n    },\n    {\n        \"programId\": 8063,\n        \"programName\": \"2h78\",\n        \"programDescription\": \"70\",\n        \"online\": true\n    },\n    {\n        \"programId\": 8064,\n        \"programName\": \"Selenium\",\n        \"programDescription\": \"Automation Testing\",\n        \"online\": true\n    },\n    {\n        \"programId\": 8065,\n        \"programName\": \"Selenium\",\n        \"programDescription\": \"Automation Testing\",\n        \"online\": true\n    },\n    {\n        \"programId\": 8066,\n        \"programName\": \"Selenium\",\n        \"programDescription\": \"Automation Testing\",\n        \"online\": true\n    },\n    {\n        \"programId\": 8067,\n        \"programName\": \"Selenium\",\n        \"programDescription\": \"Automation Testing\",\n        \"online\": true\n    },\n    {\n        \"programId\": 9269,\n        \"programName\": \"string\",\n        \"programDescription\": \"geeta\",\n        \"online\": true\n    },\n    {\n        \"programId\": 8071,\n        \"programName\": \"SME\",\n        \"programDescription\": \"HealthCare\",\n        \"online\": false\n    },\n    {\n        \"programId\": 8072,\n        \"programName\": \"Scrum Master\",\n        \"programDescription\": \"Agile\",\n        \"online\": false\n    },\n    {\n        \"programId\": 8073,\n        \"programName\": \"Backend Developer\",\n        \"programDescription\": \"Sql Developer\",\n        \"online\": false\n    },\n    {\n        \"programId\": 8074,\n        \"programName\": \"Scrum Master\",\n        \"programDescription\": \"Agile\",\n        \"online\": false\n    },\n    {\n        \"programId\": 8075,\n        \"programName\": \"SOAP UI\",\n        \"programDescription\": \"  POSTMAN\",\n        \"online\": false\n    },\n    {\n        \"programId\": 8076,\n        \"programName\": \"Automation\",\n        \"programDescription\": \"Selinium\",\n        \"online\": false\n    },\n    {\n        \"programId\": 8077,\n        \"programName\": \"SOAP UI\",\n        \"programDescription\": \"  POSTMAN\",\n        \"online\": false\n    },\n    {\n        \"programId\": 8078,\n        \"programName\": \"Devops\",\n        \"programDescription\": \"New Devops\",\n        \"online\": true\n    },\n    {\n        \"programId\": 8079,\n        \"programName\": \"Devops\",\n        \"programDescription\": \"New Devops\",\n        \"online\": true\n    },\n    {\n        \"programId\": 8080,\n        \"programName\": \"Devops\",\n        \"programDescription\": \"New Devops\",\n        \"online\": true\n    },\n    {\n        \"programId\": 8081,\n        \"programName\": \"Devops\",\n        \"programDescription\": \"New Devops\",\n        \"online\": true\n    },\n    {\n        \"programId\": 8082,\n        \"programName\": \"Devops\",\n        \"programDescription\": \"New Devops\",\n        \"online\": true\n    },\n    {\n        \"programId\": 8083,\n        \"programName\": \"Devops\",\n        \"programDescription\": \"New Devops\",\n        \"online\": true\n    },\n    {\n        \"programId\": 8084,\n        \"programName\": \"Devops\",\n        \"programDescription\": \"New Devops\",\n        \"online\": true\n    },\n    {\n        \"programId\": 8085,\n        \"programName\": \"Devops\",\n        \"programDescription\": \"New Devops\",\n        \"online\": true\n    },\n    {\n        \"programId\": 8086,\n        \"programName\": \"Devops\",\n        \"programDescription\": \"New Devops\",\n        \"online\": true\n    },\n    {\n        \"programId\": 8087,\n        \"programName\": \"Devops\",\n        \"programDescription\": \"New Devops\",\n        \"online\": true\n    },\n    {\n        \"programId\": 8088,\n        \"programName\": \"Devops\",\n        \"programDescription\": \"New Devops\",\n        \"online\": true\n    },\n    {\n        \"programId\": 8089,\n        \"programName\": \"Devops\",\n        \"programDescription\": \"New Devops\",\n        \"online\": true\n    },\n    {\n        \"programId\": 8090,\n        \"programName\": \"Devops\",\n        \"programDescription\": \"New Devops\",\n        \"online\": true\n    },\n    {\n        \"programId\": 8091,\n        \"programName\": \"Devops\",\n        \"programDescription\": \"New Devops\",\n        \"online\": true\n    },\n    {\n        \"programId\": 8094,\n        \"programName\": \"Devops\",\n        \"programDescription\": \"New Devops\",\n        \"online\": true\n    },\n    {\n        \"programId\": 8096,\n        \"programName\": \"Devops\",\n        \"programDescription\": \"New Devops\",\n        \"online\": true\n    },\n    {\n        \"programId\": 8098,\n        \"programName\": \"Devops\",\n        \"programDescription\": \"New Devops\",\n        \"online\": true\n    },\n    {\n        \"programId\": 8100,\n        \"programName\": \"Devops\",\n        \"programDescription\": \"New Devops\",\n        \"online\": true\n    },\n    {\n        \"programId\": 8102,\n        \"programName\": \"Devops\",\n        \"programDescription\": \"New Devops\",\n        \"online\": true\n    },\n    {\n        \"programId\": 8104,\n        \"programName\": \"Devops\",\n        \"programDescription\": \"New Devops\",\n        \"online\": true\n    },\n    {\n        \"programId\": 8106,\n        \"programName\": \"Devops\",\n        \"programDescription\": \"New Devops\",\n        \"online\": true\n    },\n    {\n        \"programId\": 8108,\n        \"programName\": \"Devops\",\n        \"programDescription\": \"New Devops\",\n        \"online\": true\n    },\n    {\n        \"programId\": 8110,\n        \"programName\": \"Devops\",\n        \"programDescription\": \"New Devops\",\n        \"online\": true\n    },\n    {\n        \"programId\": 8112,\n        \"programName\": \"Devops\",\n        \"programDescription\": \"New Devops\",\n        \"online\": true\n    },\n    {\n        \"programId\": 8114,\n        \"programName\": \"Devops\",\n        \"programDescription\": \"New Devops\",\n        \"online\": true\n    },\n    {\n        \"programId\": 8116,\n        \"programName\": \"Devops\",\n        \"programDescription\": \"New Devops\",\n        \"online\": true\n    },\n    {\n        \"programId\": 8118,\n        \"programName\": \"Devops\",\n        \"programDescription\": \"New Devops\",\n        \"online\": true\n    },\n    {\n        \"programId\": 8120,\n        \"programName\": \"Devops\",\n        \"programDescription\": \"New Devops\",\n        \"online\": true\n    },\n    {\n        \"programId\": 8122,\n        \"programName\": \"Devops\",\n        \"programDescription\": \"New Devops\",\n        \"online\": true\n    },\n    {\n        \"programId\": 8124,\n        \"programName\": \"Devops\",\n        \"programDescription\": \"New Devops\",\n        \"online\": true\n    },\n    {\n        \"programId\": 8126,\n        \"programName\": \"Devops\",\n        \"programDescription\": \"New Devops\",\n        \"online\": true\n    },\n    {\n        \"programId\": 8128,\n        \"programName\": \"Devops\",\n        \"programDescription\": \"New Devops\",\n        \"online\": true\n    },\n    {\n        \"programId\": 8130,\n        \"programName\": \"Devops\",\n        \"programDescription\": \"New Devops\",\n        \"online\": true\n    },\n    {\n        \"programId\": 8132,\n        \"programName\": \"Devops\",\n        \"programDescription\": \"New Devops\",\n        \"online\": true\n    },\n    {\n        \"programId\": 8134,\n        \"programName\": \"Devops\",\n        \"programDescription\": \"New Devops\",\n        \"online\": true\n    },\n    {\n        \"programId\": 8136,\n        \"programName\": \"Devops\",\n        \"programDescription\": \"New Devops\",\n        \"online\": true\n    },\n    {\n        \"programId\": 8138,\n        \"programName\": \"Devops\",\n        \"programDescription\": \"New Devops\",\n        \"online\": true\n    },\n    {\n        \"programId\": 8140,\n        \"programName\": \"Devops\",\n        \"programDescription\": \"New Devops\",\n        \"online\": true\n    },\n    {\n        \"programId\": 8142,\n        \"programName\": \"Devops\",\n        \"programDescription\": \"New Devops\",\n        \"online\": true\n    },\n    {\n        \"programId\": 8144,\n        \"programName\": \"Devops\",\n        \"programDescription\": \"New Devops\",\n        \"online\": true\n    },\n    {\n        \"programId\": 8146,\n        \"programName\": \"Devops\",\n        \"programDescription\": \"New Devops\",\n        \"online\": true\n    },\n    {\n        \"programId\": 8148,\n        \"programName\": \"Devops\",\n        \"programDescription\": \"New Devops\",\n        \"online\": true\n    },\n    {\n        \"programId\": 8150,\n        \"programName\": \"Devops\",\n        \"programDescription\": \"New Devops\",\n        \"online\": true\n    },\n    {\n        \"programId\": 8152,\n        \"programName\": \"Devops\",\n        \"programDescription\": \"New Devops\",\n        \"online\": true\n    },\n    {\n        \"programId\": 8155,\n        \"programName\": \"SDET20\",\n        \"programDescription\": \"SDET\",\n        \"online\": true\n    },\n    {\n        \"programId\": 8156,\n        \"programName\": \"SDET20 Modified\",\n        \"programDescription\": \"SDET Modified\",\n        \"online\": false\n    },\n    {\n        \"programId\": 8158,\n        \"programName\": \"SDET20 Modified\",\n        \"programDescription\": \"SDET Modified\",\n        \"online\": false\n    },\n    {\n        \"programId\": 8157,\n        \"programName\": \"Testing\",\n        \"programDescription\": \"Testing\",\n        \"online\": true\n    },\n    {\n        \"programId\": 8159,\n        \"programName\": \"Devops\",\n        \"programDescription\": \"New Devops\",\n        \"online\": true\n    },\n    {\n        \"programId\": 8212,\n        \"programName\": \"Scrum Master\",\n        \"programDescription\": \"Agile\",\n        \"online\": true\n    },\n    {\n        \"programId\": 8163,\n        \"programName\": \"Class Assistant\",\n        \"programDescription\": \"Singleton Class\",\n        \"online\": false\n    },\n    {\n        \"programId\": 8164,\n        \"programName\": \"Class Assistant\",\n        \"programDescription\": \"Singleton Class\",\n        \"online\": true\n    },\n    {\n        \"programId\": 8165,\n        \"programName\": \"Class Assistant\",\n        \"programDescription\": \"Singleton Class\",\n        \"online\": true\n    },\n    {\n        \"programId\": 8166,\n        \"programName\": \"SME\",\n        \"programDescription\": \"HealthCare\",\n        \"online\": false\n    },\n    {\n        \"programId\": 8167,\n        \"programName\": \"Scrum Master\",\n        \"programDescription\": \"Agile\",\n        \"online\": false\n    },\n    {\n        \"programId\": 8168,\n        \"programName\": \"Backend Developer\",\n        \"programDescription\": \"Sql Developer\",\n        \"online\": false\n    },\n    {\n        \"programId\": 8169,\n        \"programName\": \"Scrum Master\",\n        \"programDescription\": \"Agile\",\n        \"online\": false\n    },\n    {\n        \"programId\": 8170,\n        \"programName\": \"SOAP UI\",\n        \"programDescription\": \"  POSTMAN\",\n        \"online\": false\n    },\n    {\n        \"programId\": 8171,\n        \"programName\": \"Automation\",\n        \"programDescription\": \"Selinium\",\n        \"online\": false\n    },\n    {\n        \"programId\": 8172,\n        \"programName\": \"SOAP UI\",\n        \"programDescription\": \"  POSTMAN\",\n        \"online\": false\n    },\n    {\n        \"programId\": 8174,\n        \"programName\": \"Class Assistant\",\n        \"programDescription\": \"Singleton Class\",\n        \"online\": true\n    },\n    {\n        \"programId\": 8175,\n        \"programName\": \"SDET26\",\n        \"programDescription\": \"Automation testing\",\n        \"online\": true\n    },\n    {\n        \"programId\": 8176,\n        \"programName\": \"DS\",\n        \"programDescription\": \"data science\",\n        \"online\": false\n    },\n    {\n        \"programId\": 8177,\n        \"programName\": \"SDET26\",\n        \"programDescription\": \"management\",\n        \"online\": true\n    },\n    {\n        \"programId\": 8178,\n        \"programName\": \"SDET\",\n        \"programDescription\": \"api\",\n        \"online\": true\n    },\n    {\n        \"programId\": 8179,\n        \"programName\": \"SDET26\",\n        \"programDescription\": \"Automation testing\",\n        \"online\": true\n    },\n    {\n        \"programId\": 8180,\n        \"programName\": \"DS\",\n        \"programDescription\": \"data science\",\n        \"online\": false\n    },\n    {\n        \"programId\": 8181,\n        \"programName\": \"Selenium\",\n        \"programDescription\": \"Automation Testing\",\n        \"online\": true\n    },\n    {\n        \"programId\": 8182,\n        \"programName\": \"Selenium\",\n        \"programDescription\": \"Automation Testing\",\n        \"online\": true\n    },\n    {\n        \"programId\": 2331,\n        \"programName\": \"progName\",\n        \"programDescription\": \"progDesc\",\n        \"online\": true\n    },\n    {\n        \"programId\": 8184,\n        \"programName\": \"Testing modified from postman\",\n        \"programDescription\": \"Testing modified\",\n        \"online\": true\n    },\n    {\n        \"programId\": 8185,\n        \"programName\": \"Testing modified from postman\",\n        \"programDescription\": \"Testing modified\",\n        \"online\": true\n    },\n    {\n        \"programId\": 8186,\n        \"programName\": \"Testing modified from postman\",\n        \"programDescription\": \"Testing modified\",\n        \"online\": true\n    },\n    {\n        \"programId\": 8183,\n        \"programName\": \"API\",\n        \"programDescription\": \"Automation Testing\",\n        \"online\": false\n    },\n    {\n        \"programId\": 8187,\n        \"programName\": \"Testing modified from postman\",\n        \"programDescription\": \"Testing modified\",\n        \"online\": true\n    },\n    {\n        \"programId\": 8188,\n        \"programName\": \"Testing modified from postman\",\n        \"programDescription\": \"Testing modified\",\n        \"online\": true\n    },\n    {\n        \"programId\": 8189,\n        \"programName\": \"Testing modified from postman\",\n        \"programDescription\": \"Testing modified\",\n        \"online\": true\n    },\n    {\n        \"programId\": 8190,\n        \"programName\": \"Testing modified from postman\",\n        \"programDescription\": \"xyss modified\",\n        \"online\": true\n    },\n    {\n        \"programId\": 8191,\n        \"programName\": \"SME\",\n        \"programDescription\": \"HealthCare\",\n        \"online\": false\n    },\n    {\n        \"programId\": 8192,\n        \"programName\": \"Scrum Master\",\n        \"programDescription\": \"Agile\",\n        \"online\": false\n    },\n    {\n        \"programId\": 8193,\n        \"programName\": \"Backend Developer\",\n        \"programDescription\": \"Sql Developer\",\n        \"online\": false\n    },\n    {\n        \"programId\": 8194,\n        \"programName\": \"SME\",\n        \"programDescription\": \"HealthCare\",\n        \"online\": false\n    },\n    {\n        \"programId\": 8195,\n        \"programName\": \"DB Developer\",\n        \"programDescription\": \"HealthCare\",\n        \"online\": false\n    },\n    {\n        \"programId\": 8196,\n        \"programName\": \"SDET26\",\n        \"programDescription\": \"Automation testing\",\n        \"online\": true\n    },\n    {\n        \"programId\": 8197,\n        \"programName\": \"DS\",\n        \"programDescription\": \"data science\",\n        \"online\": false\n    },\n    {\n        \"programId\": 8198,\n        \"programName\": \"SDET26\",\n        \"programDescription\": \"management\",\n        \"online\": true\n    },\n    {\n        \"programId\": 8199,\n        \"programName\": \"SDET\",\n        \"programDescription\": \"api\",\n        \"online\": true\n    },\n    {\n        \"programId\": 8200,\n        \"programName\": \"Selenium\",\n        \"programDescription\": \"Automation Testing\",\n        \"online\": true\n    },\n    {\n        \"programId\": 8201,\n        \"programName\": \"Selenium\",\n        \"programDescription\": \"Automation Testing\",\n        \"online\": true\n    },\n    {\n        \"programId\": 8202,\n        \"programName\": \"Selenium\",\n        \"programDescription\": \"Automation Testing\",\n        \"online\": true\n    },\n    {\n        \"programId\": 8203,\n        \"programName\": \"Selenium\",\n        \"programDescription\": \"Automation Testing\",\n        \"online\": true\n    },\n    {\n        \"programId\": 8204,\n        \"programName\": \"Selenium\",\n        \"programDescription\": \"Automation Testing\",\n        \"online\": true\n    },\n    {\n        \"programId\": 8205,\n        \"programName\": \"Selenium\",\n        \"programDescription\": \"Automation Testing\",\n        \"online\": true\n    },\n    {\n        \"programId\": 8206,\n        \"programName\": \"Selenium\",\n        \"programDescription\": \"Automation Testing\",\n        \"online\": true\n    },\n    {\n        \"programId\": 8207,\n        \"programName\": \"Selenium\",\n        \"programDescription\": \"Automation Testing\",\n        \"online\": true\n    },\n    {\n        \"programId\": 8208,\n        \"programName\": \"Selenium\",\n        \"programDescription\": \"Automation Testing\",\n        \"online\": true\n    },\n    {\n        \"programId\": 8209,\n        \"programName\": \"Selenium\",\n        \"programDescription\": \"Automation Testing\",\n        \"online\": true\n    },\n    {\n        \"programId\": 8210,\n        \"programName\": \"Scrum Master\",\n        \"programDescription\": \"Agile\",\n        \"online\": true\n    },\n    {\n        \"programId\": 8211,\n        \"programName\": \"Scrum Master\",\n        \"programDescription\": \"Agile\",\n        \"online\": true\n    },\n    {\n        \"programId\": 8213,\n        \"programName\": \"Selenium\",\n        \"programDescription\": \"Automation Testing\",\n        \"online\": true\n    },\n    {\n        \"programId\": 8214,\n        \"programName\": \"Scrum Master\",\n        \"programDescription\": \"Agile\",\n        \"online\": true\n    },\n    {\n        \"programId\": 8215,\n        \"programName\": \"Jmeter\",\n        \"programDescription\": \"Performance Testing\",\n        \"online\": true\n    },\n    {\n        \"programId\": 8216,\n        \"programName\": \"Jmeter\",\n        \"programDescription\": \"Performance Testing\",\n        \"online\": true\n    },\n    {\n        \"programId\": 8217,\n        \"programName\": \"Jmeter\",\n        \"programDescription\": \"Performance Testing\",\n        \"online\": true\n    },\n    {\n        \"programId\": 8218,\n        \"programName\": \"Jmeter\",\n        \"programDescription\": \"Performance Testing\",\n        \"online\": true\n    },\n    {\n        \"programId\": 8224,\n        \"programName\": \"SDETNew Modified\",\n        \"programDescription\": \"SDETmodified\",\n        \"online\": false\n    },\n    {\n        \"programId\": 8222,\n        \"programName\": \"Devops\",\n        \"programDescription\": \"New Devops\",\n        \"online\": true\n    },\n    {\n        \"programId\": 8225,\n        \"programName\": \"SDETNew Modified\",\n        \"programDescription\": \"SDETmodified\",\n        \"online\": false\n    },\n    {\n        \"programId\": 8228,\n        \"programName\": \"SDET20\",\n        \"programDescription\": \"SDET\",\n        \"online\": true\n    },\n    {\n        \"programId\": 8229,\n        \"programName\": \"SDET20\",\n        \"programDescription\": \"SDET\",\n        \"online\": true\n    },\n    {\n        \"programId\": 8230,\n        \"programName\": \"SDET20\",\n        \"programDescription\": \"SDET\",\n        \"online\": true\n    },\n    {\n        \"programId\": 8231,\n        \"programName\": \"SDET20\",\n        \"programDescription\": \"SDET\",\n        \"online\": true\n    },\n    {\n        \"programId\": 8232,\n        \"programName\": \"SDET20modified\",\n        \"programDescription\": \"SDETmodified\",\n        \"online\": true\n    },\n    {\n        \"programId\": 8233,\n        \"programName\": \"SDET20modified\",\n        \"programDescription\": \"SDETmodified\",\n        \"online\": true\n    },\n    {\n        \"programId\": 8242,\n        \"programName\": \"Testing modified from postman\",\n        \"programDescription\": \"Testing modified\",\n        \"online\": true\n    },\n    {\n        \"programId\": 8243,\n        \"programName\": \"Testing\",\n        \"programDescription\": \"Testing\",\n        \"online\": true\n    },\n    {\n        \"programId\": 8244,\n        \"programName\": \"Testing\",\n        \"programDescription\": \"Testing\",\n        \"online\": true\n    },\n    {\n        \"programId\": 8245,\n        \"programName\": \"Testing\",\n        \"programDescription\": \"Testing\",\n        \"online\": true\n    },\n    {\n        \"programId\": 8246,\n        \"programName\": \"Testing\",\n        \"programDescription\": \"Testing\",\n        \"online\": true\n    },\n    {\n        \"programId\": 8247,\n        \"programName\": \"Testing\",\n        \"programDescription\": \"Testing\",\n        \"online\": true\n    },\n    {\n        \"programId\": 9270,\n        \"programName\": \"string\",\n        \"programDescription\": \"string\",\n        \"online\": true\n    },\n    {\n        \"programId\": 8251,\n        \"programName\": \"\\\"API Testing\\\"\",\n        \"programDescription\": \"\\\"RestAssured\\\"\",\n        \"online\": false\n    },\n    {\n        \"programId\": 8252,\n        \"programName\": \"\\\"Framework\\\"\",\n        \"programDescription\": \"\\\"Cucumber\\\"\",\n        \"online\": false\n    },\n    {\n        \"programId\": 8257,\n        \"programName\": \"C#\",\n        \"programDescription\": \"C# learning\",\n        \"online\": false\n    },\n    {\n        \"programId\": 8264,\n        \"programName\": \"Java\",\n        \"programDescription\": \"Java Learning\",\n        \"online\": true\n    },\n    {\n        \"programId\": 8265,\n        \"programName\": \"C#\",\n        \"programDescription\": \"C# learning\",\n        \"online\": false\n    },\n    {\n        \"programId\": 8266,\n        \"programName\": \"Selenium\",\n        \"programDescription\": \"Selenium with Java\",\n        \"online\": true\n    },\n    {\n        \"programId\": 8267,\n        \"programName\": \"DotNet\",\n        \"programDescription\": \"DotNet\",\n        \"online\": false\n    },\n    {\n        \"programId\": 8254,\n        \"programName\": \"Python\",\n        \"programDescription\": \"Python\",\n        \"online\": true\n    },\n    {\n        \"programId\": 8255,\n        \"programName\": \"Spring\",\n        \"programDescription\": \"Spring Boot Training\",\n        \"online\": true\n    },\n    {\n        \"programId\": 8256,\n        \"programName\": \"Selenium Training\",\n        \"programDescription\": \"Selenium with python\",\n        \"online\": true\n    },\n    {\n        \"programId\": 8272,\n        \"programName\": \"\\\"API Testing\\\"\",\n        \"programDescription\": \"\\\"RestAssured\\\"\",\n        \"online\": false\n    },\n    {\n        \"programId\": 8273,\n        \"programName\": \"\\\"Framework\\\"\",\n        \"programDescription\": \"\\\"Cucumber\\\"\",\n        \"online\": false\n    },\n    {\n        \"programId\": 8275,\n        \"programName\": \"\\\"Programming\\\"\",\n        \"programDescription\": \"\\\"Java\\\"\",\n        \"online\": false\n    },\n    {\n        \"programId\": 8276,\n        \"programName\": \"Automation Testing \",\n        \"programDescription\": \"RestAssured\",\n        \"online\": true\n    },\n    {\n        \"programId\": 8286,\n        \"programName\": \"C#\",\n        \"programDescription\": \"C# learning\",\n        \"online\": false\n    },\n    {\n        \"programId\": 8287,\n        \"programName\": \"Selenium\",\n        \"programDescription\": \"Selenium with Java\",\n        \"online\": true\n    },\n    {\n        \"programId\": 8277,\n        \"programName\": \"Python\",\n        \"programDescription\": \"Python\",\n        \"online\": true\n    },\n    {\n        \"programId\": 8381,\n        \"programName\": \"string\",\n        \"programDescription\": \"string\",\n        \"online\": true\n    },\n    {\n        \"programId\": 8382,\n        \"programName\": \"string\",\n        \"programDescription\": \"string\",\n        \"online\": true\n    },\n    {\n        \"programId\": 8293,\n        \"programName\": \"Java\",\n        \"programDescription\": \"Java Learning\",\n        \"online\": true\n    },\n    {\n        \"programId\": 8294,\n        \"programName\": \"C#\",\n        \"programDescription\": \"C# learning\",\n        \"online\": false\n    },\n    {\n        \"programId\": 8303,\n        \"programName\": \"Java\",\n        \"programDescription\": \"Java Learning\",\n        \"online\": true\n    },\n    {\n        \"programId\": 8304,\n        \"programName\": \"C#\",\n        \"programDescription\": \"C# learning\",\n        \"online\": false\n    },\n    {\n        \"programId\": 8305,\n        \"programName\": \"Selenium\",\n        \"programDescription\": \"Selenium with Java\",\n        \"online\": true\n    },\n    {\n        \"programId\": 8306,\n        \"programName\": \"DotNet\",\n        \"programDescription\": \"DotNet\",\n        \"online\": false\n    },\n    {\n        \"programId\": 8295,\n        \"programName\": \"Python\",\n        \"programDescription\": \"Python\",\n        \"online\": true\n    },\n    {\n        \"programId\": 8296,\n        \"programName\": \"Spring\",\n        \"programDescription\": \"Spring Boot Training\",\n        \"online\": true\n    },\n    {\n        \"programId\": 8383,\n        \"programName\": \"string\",\n        \"programDescription\": \"string\",\n        \"online\": true\n    },\n    {\n        \"programId\": 8311,\n        \"programName\": \"Java\",\n        \"programDescription\": \"Java Learning\",\n        \"online\": true\n    },\n    {\n        \"programId\": 8312,\n        \"programName\": \"C#\",\n        \"programDescription\": \"C# learning\",\n        \"online\": false\n    },\n    {\n        \"programId\": 8313,\n        \"programName\": \"Selenium\",\n        \"programDescription\": \"Selenium with Java\",\n        \"online\": true\n    },\n    {\n        \"programId\": 8314,\n        \"programName\": \"DotNet\",\n        \"programDescription\": \"DotNet\",\n        \"online\": false\n    },\n    {\n        \"programId\": 8297,\n        \"programName\": \"Python\",\n        \"programDescription\": \"Python\",\n        \"online\": true\n    },\n    {\n        \"programId\": 8298,\n        \"programName\": \"Spring\",\n        \"programDescription\": \"Spring Boot Training\",\n        \"online\": true\n    },\n    {\n        \"programId\": 8315,\n        \"programName\": \"Selenium Training\",\n        \"programDescription\": \"Selenium with python\",\n        \"online\": true\n    },\n    {\n        \"programId\": 8320,\n        \"programName\": \"Science Sisterhood \",\n        \"programDescription\": \"Science Sisterhood \",\n        \"online\": false\n    },\n    {\n        \"programId\": 8321,\n        \"programName\": \"Descriptioncase5\",\n        \"programDescription\": \"Learning League\",\n        \"online\": false\n    },\n    {\n        \"programId\": 8322,\n        \"programName\": \"Descriptioncase5\",\n        \"programDescription\": \"Coding Camp\",\n        \"online\": false\n    },\n    {\n        \"programId\": 8323,\n        \"programName\": \"Descriptioncase7\",\n        \"programDescription\": \"AI Alliance\",\n        \"online\": false\n    },\n    {\n        \"programId\": 8324,\n        \"programName\": \"Descriptioncase8\",\n        \"programDescription\": \"Code for Good\",\n        \"online\": false\n    },\n    {\n        \"programId\": 8325,\n        \"programName\": \"Descriptioncase10\",\n        \"programDescription\": \"Her Science Lab\",\n        \"online\": false\n    },\n    {\n        \"programId\": 8326,\n        \"programName\": \"batman\",\n        \"programDescription\": \"string\",\n        \"online\": true\n    },\n    {\n        \"programId\": 8327,\n        \"programName\": \"unix\",\n        \"programDescription\": \"string\",\n        \"online\": true\n    },\n    {\n        \"programId\": 8329,\n        \"programName\": \"Multipal Digit Testing\",\n        \"programDescription\": \"Program ID Testing\",\n        \"online\": true\n    },\n    {\n        \"programId\": 8330,\n        \"programName\": \"ironman\",\n        \"programDescription\": \"Agile\",\n        \"online\": true\n    },\n    {\n        \"programId\": 8331,\n        \"programName\": \"Application Support\",\n        \"programDescription\": \"\",\n        \"online\": true\n    },\n    {\n        \"programId\": 8332,\n        \"programName\": \"batman\",\n        \"programDescription\": \"string\",\n        \"online\": true\n    },\n    {\n        \"programId\": 8333,\n        \"programName\": \"unix\",\n        \"programDescription\": \"string\",\n        \"online\": true\n    },\n    {\n        \"programId\": 8335,\n        \"programName\": \"Multipal Digit Testing\",\n        \"programDescription\": \"Program ID Testing\",\n        \"online\": true\n    },\n    {\n        \"programId\": 8336,\n        \"programName\": \"ironman\",\n        \"programDescription\": \"Agile\",\n        \"online\": true\n    },\n    {\n        \"programId\": 8337,\n        \"programName\": \"Application Support\",\n        \"programDescription\": \"\",\n        \"online\": true\n    },\n    {\n        \"programId\": 8338,\n        \"programName\": \"batman\",\n        \"programDescription\": \"string\",\n        \"online\": true\n    },\n    {\n        \"programId\": 8339,\n        \"programName\": \"unix\",\n        \"programDescription\": \"string\",\n        \"online\": true\n    },\n    {\n        \"programId\": 8340,\n        \"programName\": \"Cprogram\",\n        \"programDescription\": \"core java\",\n        \"online\": true\n    },\n    {\n        \"programId\": 8341,\n        \"programName\": \"Multipal Digit Testing\",\n        \"programDescription\": \"Program ID Testing\",\n        \"online\": true\n    },\n    {\n        \"programId\": 8342,\n        \"programName\": \"ironman\",\n        \"programDescription\": \"Agile\",\n        \"online\": true\n    },\n    {\n        \"programId\": 8343,\n        \"programName\": \"Application Support\",\n        \"programDescription\": \"java\",\n        \"online\": true\n    },\n    {\n        \"programId\": 8344,\n        \"programName\": \"batman\",\n        \"programDescription\": \"string\",\n        \"online\": true\n    },\n    {\n        \"programId\": 8345,\n        \"programName\": \"unix\",\n        \"programDescription\": \"string\",\n        \"online\": true\n    },\n    {\n        \"programId\": 8346,\n        \"programName\": \"linux\",\n        \"programDescription\": \"core java\",\n        \"online\": true\n    },\n    {\n        \"programId\": 8347,\n        \"programName\": \"Multipal Digit Testing\",\n        \"programDescription\": \"Program ID Testing\",\n        \"online\": true\n    },\n    {\n        \"programId\": 8348,\n        \"programName\": \"ironman\",\n        \"programDescription\": \"Agile\",\n        \"online\": true\n    },\n    {\n        \"programId\": 8349,\n        \"programName\": \"Application Support\",\n        \"programDescription\": \"java\",\n        \"online\": true\n    },\n    {\n        \"programId\": 8350,\n        \"programName\": \"batman\",\n        \"programDescription\": \"string\",\n        \"online\": true\n    },\n    {\n        \"programId\": 8351,\n        \"programName\": \"unix\",\n        \"programDescription\": \"string\",\n        \"online\": true\n    },\n    {\n        \"programId\": 8352,\n        \"programName\": \"linux\",\n        \"programDescription\": \"core java\",\n        \"online\": true\n    },\n    {\n        \"programId\": 8353,\n        \"programName\": \"Multipal Digit Testing\",\n        \"programDescription\": \"Program ID Testing\",\n        \"online\": true\n    },\n    {\n        \"programId\": 8354,\n        \"programName\": \"ironman\",\n        \"programDescription\": \"Agile\",\n        \"online\": true\n    },\n    {\n        \"programId\": 8355,\n        \"programName\": \"Application Support\",\n        \"programDescription\": \"java\",\n        \"online\": true\n    },\n    {\n        \"programId\": 8356,\n        \"programName\": \"batman\",\n        \"programDescription\": \"string\",\n        \"online\": true\n    },\n    {\n        \"programId\": 8357,\n        \"programName\": \"unix\",\n        \"programDescription\": \"string\",\n        \"online\": true\n    },\n    {\n        \"programId\": 8358,\n        \"programName\": \"linux\",\n        \"programDescription\": \"core java\",\n        \"online\": true\n    },\n    {\n        \"programId\": 8359,\n        \"programName\": \"Multipal Digit Testing\",\n        \"programDescription\": \"Program ID Testing\",\n        \"online\": true\n    },\n    {\n        \"programId\": 8360,\n        \"programName\": \"ironman\",\n        \"programDescription\": \"Agile\",\n        \"online\": true\n    },\n    {\n        \"programId\": 8361,\n        \"programName\": \"Application Support\",\n        \"programDescription\": \"java\",\n        \"online\": true\n    },\n    {\n        \"programId\": 8362,\n        \"programName\": \"Selenium\",\n        \"programDescription\": \"Automation Testing\",\n        \"online\": true\n    },\n    {\n        \"programId\": 8384,\n        \"programName\": \"string\",\n        \"programDescription\": \"string\",\n        \"online\": true\n    },\n    {\n        \"programId\": 8385,\n        \"programName\": \"batman\",\n        \"programDescription\": \"string\",\n        \"online\": true\n    },\n    {\n        \"programId\": 8366,\n        \"programName\": \"batman\",\n        \"programDescription\": \"string\",\n        \"online\": true\n    },\n    {\n        \"programId\": 8367,\n        \"programName\": \"unix\",\n        \"programDescription\": \"string\",\n        \"online\": true\n    },\n    {\n        \"programId\": 8368,\n        \"programName\": \"linux\",\n        \"programDescription\": \"core java\",\n        \"online\": true\n    },\n    {\n        \"programId\": 8369,\n        \"programName\": \"Multipal Digit Testing\",\n        \"programDescription\": \"Program ID Testing\",\n        \"online\": true\n    },\n    {\n        \"programId\": 8370,\n        \"programName\": \"ironman\",\n        \"programDescription\": \"Agile\",\n        \"online\": true\n    },\n    {\n        \"programId\": 8371,\n        \"programName\": \"Application Support\",\n        \"programDescription\": \"java\",\n        \"online\": true\n    },\n    {\n        \"programId\": 8372,\n        \"programName\": \"batman\",\n        \"programDescription\": \"string\",\n        \"online\": true\n    },\n    {\n        \"programId\": 8373,\n        \"programName\": \"unix\",\n        \"programDescription\": \"string\",\n        \"online\": true\n    },\n    {\n        \"programId\": 8374,\n        \"programName\": \"linux\",\n        \"programDescription\": \"core java\",\n        \"online\": true\n    },\n    {\n        \"programId\": 8375,\n        \"programName\": \"Multipal Digit Testing\",\n        \"programDescription\": \"Program ID Testing\",\n        \"online\": true\n    },\n    {\n        \"programId\": 8376,\n        \"programName\": \"ironman\",\n        \"programDescription\": \"Agile\",\n        \"online\": true\n    },\n    {\n        \"programId\": 8377,\n        \"programName\": \"Application Support\",\n        \"programDescription\": \"java\",\n        \"online\": true\n    },\n    {\n        \"programId\": 8378,\n        \"programName\": \"string\",\n        \"programDescription\": \"string\",\n        \"online\": true\n    },\n    {\n        \"programId\": 8379,\n        \"programName\": \"string\",\n        \"programDescription\": \"string\",\n        \"online\": true\n    },\n    {\n        \"programId\": 8386,\n        \"programName\": \"unix\",\n        \"programDescription\": \"string\",\n        \"online\": true\n    },\n    {\n        \"programId\": 1377,\n        \"programName\": \"string\",\n        \"programDescription\": \"string\",\n        \"online\": true\n    },\n    {\n        \"programId\": 8414,\n        \"programName\": \"Java\",\n        \"programDescription\": \"Testing\",\n        \"online\": false\n    },\n    {\n        \"programId\": 8387,\n        \"programName\": \"linux\",\n        \"programDescription\": \"core java\",\n        \"online\": true\n    },\n    {\n        \"programId\": 8388,\n        \"programName\": \"Multipal Digit Testing\",\n        \"programDescription\": \"Program ID Testing\",\n        \"online\": true\n    },\n    {\n        \"programId\": 8389,\n        \"programName\": \"ironman\",\n        \"programDescription\": \"Agile\",\n        \"online\": true\n    },\n    {\n        \"programId\": 8390,\n        \"programName\": \"Application Support\",\n        \"programDescription\": \"java\",\n        \"online\": true\n    },\n    {\n        \"programId\": 8391,\n        \"programName\": \"zxcv\",\n        \"programDescription\": \"abcd\",\n        \"online\": true\n    },\n    {\n        \"programId\": 8392,\n        \"programName\": \"zxcv\",\n        \"programDescription\": \"abcd\",\n        \"online\": true\n    },\n    {\n        \"programId\": 1507,\n        \"programName\": \"my prog\",\n        \"programDescription\": \"dummy desc\",\n        \"online\": true\n    },\n    {\n        \"programId\": 8393,\n        \"programName\": \"my prog\",\n        \"programDescription\": \"dummy desc\",\n        \"online\": true\n    },\n    {\n        \"programId\": 8394,\n        \"programName\": \"java\",\n        \"programDescription\": \"javastring\",\n        \"online\": true\n    },\n    {\n        \"programId\": 8395,\n        \"programName\": \"batman\",\n        \"programDescription\": \"string\",\n        \"online\": true\n    },\n    {\n        \"programId\": 8396,\n        \"programName\": \"batman\",\n        \"programDescription\": \"string\",\n        \"online\": true\n    },\n    {\n        \"programId\": 8397,\n        \"programName\": \"java\",\n        \"programDescription\": \"javastring\",\n        \"online\": true\n    },\n    {\n        \"programId\": 8398,\n        \"programName\": \"java\",\n        \"programDescription\": \"javastring\",\n        \"online\": true\n    },\n    {\n        \"programId\": 8399,\n        \"programName\": \"java\",\n        \"programDescription\": \"javastring\",\n        \"online\": true\n    },\n    {\n        \"programId\": 8400,\n        \"programName\": \"batman\",\n        \"programDescription\": \"string\",\n        \"online\": true\n    },\n    {\n        \"programId\": 8401,\n        \"programName\": \"batman\",\n        \"programDescription\": \"string\",\n        \"online\": true\n    },\n    {\n        \"programId\": 8402,\n        \"programName\": \"unix\",\n        \"programDescription\": \"string\",\n        \"online\": true\n    },\n    {\n        \"programId\": 8403,\n        \"programName\": \"linux\",\n        \"programDescription\": \"core java\",\n        \"online\": true\n    },\n    {\n        \"programId\": 8404,\n        \"programName\": \"Multipal Digit Testing\",\n        \"programDescription\": \"Program ID Testing\",\n        \"online\": true\n    },\n    {\n        \"programId\": 8405,\n        \"programName\": \"ironman\",\n        \"programDescription\": \"Agile\",\n        \"online\": true\n    },\n    {\n        \"programId\": 8406,\n        \"programName\": \"Application Support\",\n        \"programDescription\": \"java\",\n        \"online\": true\n    },\n    {\n        \"programId\": 8407,\n        \"programName\": \"cucumber learning modified\",\n        \"programDescription\": \"cucumber learning\",\n        \"online\": false\n    },\n    {\n        \"programId\": 8408,\n        \"programName\": \"SDET\",\n        \"programDescription\": \"Selenium Postman\",\n        \"online\": true\n    },\n    {\n        \"programId\": 8409,\n        \"programName\": \"Blank testing\",\n        \"programDescription\": \"\",\n        \"online\": false\n    },\n    {\n        \"programId\": 8410,\n        \"programName\": \"API Testing\",\n        \"programDescription\": \"RestAssured Postman\",\n        \"online\": false\n    },\n    {\n        \"programId\": 8411,\n        \"programName\": \"API Testing\",\n        \"programDescription\": \"Selenium Postman\",\n        \"online\": false\n    },\n    {\n        \"programId\": 8412,\n        \"programName\": \"Testing\",\n        \"programDescription\": \"Testing\",\n        \"online\": true\n    },\n    {\n        \"programId\": 8413,\n        \"programName\": \"Testing\",\n        \"programDescription\": \"AutomationTesting\",\n        \"online\": true\n    },\n    {\n        \"programId\": 8415,\n        \"programName\": \"Csharp\",\n        \"programDescription\": \"Testing\",\n        \"online\": true\n    },\n    {\n        \"programId\": 8416,\n        \"programName\": \"Cypress\",\n        \"programDescription\": \"Testing edited\",\n        \"online\": false\n    },\n    {\n        \"programId\": 8417,\n        \"programName\": \"CoralDraw\",\n        \"programDescription\": \"Testing edited\",\n        \"online\": true\n    },\n    {\n        \"programId\": 8418,\n        \"programName\": \"Adobe Reader\",\n        \"programDescription\": \"Testing edited\",\n        \"online\": true\n    },\n    {\n        \"programId\": 8419,\n        \"programName\": \"Selenium Modified\",\n        \"programDescription\": \"Testing Modified\",\n        \"online\": true\n    },\n    {\n        \"programId\": 8420,\n        \"programName\": \"Java\",\n        \"programDescription\": \"Testing\",\n        \"online\": false\n    },\n    {\n        \"programId\": 8421,\n        \"programName\": \"Java Modified\",\n        \"programDescription\": \"Testing Modified\",\n        \"online\": false\n    },\n    {\n        \"programId\": 8422,\n        \"programName\": \"Csharp\",\n        \"programDescription\": \"Testing\",\n        \"online\": true\n    },\n    {\n        \"programId\": 8423,\n        \"programName\": \"Csharp Modified\",\n        \"programDescription\": \"Testing Modified\",\n        \"online\": true\n    },\n    {\n        \"programId\": 8424,\n        \"programName\": \"Cypress\",\n        \"programDescription\": \"Testing edited\",\n        \"online\": false\n    },\n    {\n        \"programId\": 8425,\n        \"programName\": \"Cypress Modified\",\n        \"programDescription\": \"Testing edited Modified\",\n        \"online\": false\n    },\n    {\n        \"programId\": 8426,\n        \"programName\": \"CoralDraw\",\n        \"programDescription\": \"Testing edited\",\n        \"online\": true\n    },\n    {\n        \"programId\": 8427,\n        \"programName\": \"CoralDraw Modified\",\n        \"programDescription\": \"Testing edited Modified\",\n        \"online\": true\n    },\n    {\n        \"programId\": 8428,\n        \"programName\": \"Adobe Reader\",\n        \"programDescription\": \"Testing edited\",\n        \"online\": true\n    },\n    {\n        \"programId\": 8429,\n        \"programName\": \"Adobe Reader Modified\",\n        \"programDescription\": \"Testing edited Modified\",\n        \"online\": true\n    },\n    {\n        \"programId\": 8430,\n        \"programName\": \"Cucumber Modified\",\n        \"programDescription\": \"Testing edited Modified\",\n        \"online\": true\n    },\n    {\n        \"programId\": 8431,\n        \"programName\": \"cucumber learning modified\",\n        \"programDescription\": \"cucumber learning\",\n        \"online\": false\n    },\n    {\n        \"programId\": 8432,\n        \"programName\": \"SDET\",\n        \"programDescription\": \"Selenium Postman\",\n        \"online\": true\n    },\n    {\n        \"programId\": 8433,\n        \"programName\": \"Blank testing\",\n        \"programDescription\": \"\",\n        \"online\": false\n    },\n    {\n        \"programId\": 8434,\n        \"programName\": \"API Testing\",\n        \"programDescription\": \"RestAssured Postman\",\n        \"online\": false\n    },\n    {\n        \"programId\": 8435,\n        \"programName\": \"API Testing\",\n        \"programDescription\": \"Selenium Postman\",\n        \"online\": false\n    },\n    {\n        \"programId\": 8436,\n        \"programName\": \"Testing\",\n        \"programDescription\": \"Testing\",\n        \"online\": true\n    },\n    {\n        \"programId\": 5850,\n        \"programName\": \"Testing\",\n        \"programDescription\": \"Selenium CucumberBDD\",\n        \"online\": true\n    },\n    {\n        \"programId\": 8437,\n        \"programName\": \"Testing\",\n        \"programDescription\": \"AutomationTesting\",\n        \"online\": true\n    },\n    {\n        \"programId\": 8438,\n        \"programName\": \"lms api\",\n        \"programDescription\": \"lms api\",\n        \"online\": true\n    },\n    {\n        \"programId\": 6435,\n        \"programName\": \"API testing\",\n        \"programDescription\": \"Testing the API in Postman\",\n        \"online\": true\n    },\n    {\n        \"programId\": 8439,\n        \"programName\": \"Java\",\n        \"programDescription\": \"Java Learning\",\n        \"online\": true\n    },\n    {\n        \"programId\": 8440,\n        \"programName\": \"C#\",\n        \"programDescription\": \"C# learning\",\n        \"online\": false\n    },\n    {\n        \"programId\": 8441,\n        \"programName\": \"Selenium\",\n        \"programDescription\": \"Selenium with Java\",\n        \"online\": true\n    },\n    {\n        \"programId\": 8442,\n        \"programName\": \"DotNet\",\n        \"programDescription\": \"DotNet\",\n        \"online\": false\n    },\n    {\n        \"programId\": 8443,\n        \"programName\": \"Java\",\n        \"programDescription\": \"Java Learning\",\n        \"online\": true\n    },\n    {\n        \"programId\": 8444,\n        \"programName\": \"C#\",\n        \"programDescription\": \"C# learning\",\n        \"online\": false\n    },\n    {\n        \"programId\": 8445,\n        \"programName\": \"Selenium\",\n        \"programDescription\": \"Selenium with Java\",\n        \"online\": true\n    },\n    {\n        \"programId\": 8446,\n        \"programName\": \"DotNet\",\n        \"programDescription\": \"DotNet\",\n        \"online\": false\n    },\n    {\n        \"programId\": 8447,\n        \"programName\": \"Java\",\n        \"programDescription\": \"Java Learning\",\n        \"online\": true\n    },\n    {\n        \"programId\": 8448,\n        \"programName\": \"C#\",\n        \"programDescription\": \"C# learning\",\n        \"online\": false\n    },\n    {\n        \"programId\": 8449,\n        \"programName\": \"Selenium\",\n        \"programDescription\": \"Selenium with Java\",\n        \"online\": true\n    },\n    {\n        \"programId\": 8450,\n        \"programName\": \"DotNet\",\n        \"programDescription\": \"DotNet\",\n        \"online\": false\n    },\n    {\n        \"programId\": 8451,\n        \"programName\": \"Java\",\n        \"programDescription\": \"Java Learning\",\n        \"online\": true\n    },\n    {\n        \"programId\": 8452,\n        \"programName\": \"C#\",\n        \"programDescription\": \"C# learning\",\n        \"online\": false\n    },\n    {\n        \"programId\": 8453,\n        \"programName\": \"Selenium\",\n        \"programDescription\": \"Selenium with Java\",\n        \"online\": true\n    },\n    {\n        \"programId\": 8456,\n        \"programName\": \"C#\",\n        \"programDescription\": \"C# learning\",\n        \"online\": false\n    },\n    {\n        \"programId\": 8457,\n        \"programName\": \"Selenium\",\n        \"programDescription\": \"Selenium with Java\",\n        \"online\": true\n    },\n    {\n        \"programId\": 8458,\n        \"programName\": \"DotNet\",\n        \"programDescription\": \"DotNet\",\n        \"online\": false\n    },\n    {\n        \"programId\": 8459,\n        \"programName\": \"SDET26\",\n        \"programDescription\": \"Automation testing\",\n        \"online\": true\n    },\n    {\n        \"programId\": 8460,\n        \"programName\": \"DS\",\n        \"programDescription\": \"data science\",\n        \"online\": false\n    },\n    {\n        \"programId\": 8461,\n        \"programName\": \"SDET26\",\n        \"programDescription\": \"management\",\n        \"online\": true\n    },\n    {\n        \"programId\": 8462,\n        \"programName\": \"SDET\",\n        \"programDescription\": \"api\",\n        \"online\": true\n    },\n    {\n        \"programId\": 8463,\n        \"programName\": \"SDET26\",\n        \"programDescription\": \"Automation testing\",\n        \"online\": true\n    },\n    {\n        \"programId\": 8464,\n        \"programName\": \"DS\",\n        \"programDescription\": \"data science\",\n        \"online\": false\n    },\n    {\n        \"programId\": 8465,\n        \"programName\": \"SDET26\",\n        \"programDescription\": \"management\",\n        \"online\": true\n    },\n    {\n        \"programId\": 8466,\n        \"programName\": \"SDET\",\n        \"programDescription\": \"api\",\n        \"online\": true\n    },\n    {\n        \"programId\": 8467,\n        \"programName\": \"SDET26\",\n        \"programDescription\": \"Automation testing\",\n        \"online\": true\n    },\n    {\n        \"programId\": 8468,\n        \"programName\": \"DS\",\n        \"programDescription\": \"data science\",\n        \"online\": false\n    },\n    {\n        \"programId\": 8469,\n        \"programName\": \"SDET26\",\n        \"programDescription\": \"management\",\n        \"online\": true\n    },\n    {\n        \"programId\": 8470,\n        \"programName\": \"SDET\",\n        \"programDescription\": \"api\",\n        \"online\": true\n    },\n    {\n        \"programId\": 8471,\n        \"programName\": \"java\",\n        \"programDescription\": \"javastring\",\n        \"online\": true\n    },\n    {\n        \"programId\": 8472,\n        \"programName\": \"SDET26\",\n        \"programDescription\": \"Automation testing\",\n        \"online\": true\n    },\n    {\n        \"programId\": 8473,\n        \"programName\": \"DS\",\n        \"programDescription\": \"data science\",\n        \"online\": false\n    },\n    {\n        \"programId\": 8474,\n        \"programName\": \"SDET26\",\n        \"programDescription\": \"management\",\n        \"online\": true\n    },\n    {\n        \"programId\": 8475,\n        \"programName\": \"SDET\",\n        \"programDescription\": \"api\",\n        \"online\": true\n    },\n    {\n        \"programId\": 8476,\n        \"programName\": \"SDET26\",\n        \"programDescription\": \"Automation testing\",\n        \"online\": true\n    },\n    {\n        \"programId\": 8477,\n        \"programName\": \"DS\",\n        \"programDescription\": \"data science\",\n        \"online\": false\n    },\n    {\n        \"programId\": 8478,\n        \"programName\": \"SDET26\",\n        \"programDescription\": \"management\",\n        \"online\": true\n    },\n    {\n        \"programId\": 8479,\n        \"programName\": \"SDET\",\n        \"programDescription\": \"api\",\n        \"online\": true\n    },\n    {\n        \"programId\": 8480,\n        \"programName\": \"Python programming\",\n        \"programDescription\": \"Learn Python\",\n        \"online\": false\n    },\n    {\n        \"programId\": 8481,\n        \"programName\": \"API testing\",\n        \"programDescription\": \"Testing using Postman \",\n        \"online\": false\n    },\n    {\n        \"programId\": 8482,\n        \"programName\": \"Learn Pyt Modified\",\n        \"programDescription\": \" Pyt Pgm Modified\",\n        \"online\": false\n    },\n    {\n        \"programId\": 8483,\n        \"programName\": \"Learn Pyt Modified\",\n        \"programDescription\": \" Pyt Pgm Modified\",\n        \"online\": false\n    },\n    {\n        \"programId\": 6554,\n        \"programName\": \"S100\",\n        \"programDescription\": \"Learn Python\",\n        \"online\": true\n    },\n    {\n        \"programId\": 6555,\n        \"programName\": \"S200\",\n        \"programDescription\": \"Testing using Postman \",\n        \"online\": true\n    },\n    {\n        \"programId\": 8484,\n        \"programName\": \"Python programming\",\n        \"programDescription\": \"Learn Python\",\n        \"online\": true\n    },\n    {\n        \"programId\": 8485,\n        \"programName\": \"API testing\",\n        \"programDescription\": \"Testing using Postman \",\n        \"online\": true\n    },\n    {\n        \"programId\": 8486,\n        \"programName\": \"Python programming\",\n        \"programDescription\": \"Learn Python\",\n        \"online\": false\n    },\n    {\n        \"programId\": 8487,\n        \"programName\": \"API testing\",\n        \"programDescription\": \"Testing using Postman \",\n        \"online\": false\n    },\n    {\n        \"programId\": 9271,\n        \"programName\": \"string\",\n        \"programDescription\": \"geeta\",\n        \"online\": true\n    },\n    {\n        \"programId\": 8490,\n        \"programName\": \"cucumber\",\n        \"programDescription\": \"cucumber learning\",\n        \"online\": false\n    },\n    {\n        \"programId\": 8491,\n        \"programName\": \"cucumber modified\",\n        \"programDescription\": \"cucumber learning\",\n        \"online\": false\n    },\n    {\n        \"programId\": 8492,\n        \"programName\": \"Assistantabc\",\n        \"programDescription\": \"Assistantabc\",\n        \"online\": true\n    },\n    {\n        \"programId\": 8493,\n        \"programName\": \"SDET26\",\n        \"programDescription\": \"Automation testing\",\n        \"online\": true\n    },\n    {\n        \"programId\": 8494,\n        \"programName\": \"DS\",\n        \"programDescription\": \"data science\",\n        \"online\": false\n    },\n    {\n        \"programId\": 8495,\n        \"programName\": \"SDET26\",\n        \"programDescription\": \"management\",\n        \"online\": true\n    },\n    {\n        \"programId\": 8496,\n        \"programName\": \"SDET\",\n        \"programDescription\": \"api\",\n        \"online\": true\n    },\n    {\n        \"programId\": 8497,\n        \"programName\": \"SDET26\",\n        \"programDescription\": \"Automation testing\",\n        \"online\": true\n    },\n    {\n        \"programId\": 5555,\n        \"programName\": \"string \",\n        \"programDescription\": \"string\",\n        \"online\": true\n    },\n    {\n        \"programId\": 9272,\n        \"programName\": \"string\",\n        \"programDescription\": \"geeta\",\n        \"online\": true\n    },\n    {\n        \"programId\": 8500,\n        \"programName\": \"SDET\",\n        \"programDescription\": \"api\",\n        \"online\": true\n    },\n    {\n        \"programId\": 8532,\n        \"programName\": \"Testing\",\n        \"programDescription\": \"AutomationTesting\",\n        \"online\": true\n    },\n    {\n        \"programId\": 8501,\n        \"programName\": \"SDT\",\n        \"programDescription\": \"SDET102\",\n        \"online\": false\n    },\n    {\n        \"programId\": 8502,\n        \"programName\": \"DS\",\n        \"programDescription\": \"DS102\",\n        \"online\": false\n    },\n    {\n        \"programId\": 8503,\n        \"programName\": \"sdt\",\n        \"programDescription\": \"sSDET202\",\n        \"online\": false\n    },\n    {\n        \"programId\": 8504,\n        \"programName\": \"ds\",\n        \"programDescription\": \"DS202\",\n        \"online\": false\n    },\n    {\n        \"programId\": 8505,\n        \"programName\": \"SDT\",\n        \"programDescription\": \"SDET102\",\n        \"online\": false\n    },\n    {\n        \"programId\": 8506,\n        \"programName\": \"DS\",\n        \"programDescription\": \"DS102\",\n        \"online\": false\n    },\n    {\n        \"programId\": 8507,\n        \"programName\": \"sdt\",\n        \"programDescription\": \"sSDET202\",\n        \"online\": false\n    },\n    {\n        \"programId\": 8508,\n        \"programName\": \"ds\",\n        \"programDescription\": \"DS202\",\n        \"online\": false\n    },\n    {\n        \"programId\": 8509,\n        \"programName\": \"SDT\",\n        \"programDescription\": \"SDET102\",\n        \"online\": false\n    },\n    {\n        \"programId\": 8510,\n        \"programName\": \"DS\",\n        \"programDescription\": \"DS102\",\n        \"online\": false\n    },\n    {\n        \"programId\": 8511,\n        \"programName\": \"sdt\",\n        \"programDescription\": \"sSDET202\",\n        \"online\": false\n    },\n    {\n        \"programId\": 8512,\n        \"programName\": \"ds\",\n        \"programDescription\": \"DS202\",\n        \"online\": false\n    },\n    {\n        \"programId\": 8533,\n        \"programName\": \"Java\",\n        \"programDescription\": \"Java Learning\",\n        \"online\": true\n    },\n    {\n        \"programId\": 8534,\n        \"programName\": \"C#\",\n        \"programDescription\": \"C# learning\",\n        \"online\": false\n    },\n    {\n        \"programId\": 8513,\n        \"programName\": \"\\\"API Testing\\\"\",\n        \"programDescription\": \"\\\"RestAssured\\\"\",\n        \"online\": false\n    },\n    {\n        \"programId\": 8514,\n        \"programName\": \"\\\"Framework\\\"\",\n        \"programDescription\": \"\\\"Cucumber\\\"\",\n        \"online\": false\n    },\n    {\n        \"programId\": 8516,\n        \"programName\": \"\\\"Programming\\\"\",\n        \"programDescription\": \"\\\"Java\\\"\",\n        \"online\": false\n    },\n    {\n        \"programId\": 8517,\n        \"programName\": \"Automation Testing \",\n        \"programDescription\": \"RestAssured\",\n        \"online\": true\n    },\n    {\n        \"programId\": 9273,\n        \"programName\": \"string\",\n        \"programDescription\": \"geeta\",\n        \"online\": true\n    },\n    {\n        \"programId\": 8518,\n        \"programName\": \"Java\",\n        \"programDescription\": \"Java Learning\",\n        \"online\": true\n    },\n    {\n        \"programId\": 8519,\n        \"programName\": \"C#\",\n        \"programDescription\": \"C# learning\",\n        \"online\": false\n    },\n    {\n        \"programId\": 9309,\n        \"programName\": \"Testing\",\n        \"programDescription\": \"Testing\",\n        \"online\": true\n    },\n    {\n        \"programId\": 8521,\n        \"programName\": \"DotNet\",\n        \"programDescription\": \"DotNet\",\n        \"online\": false\n    },\n    {\n        \"programId\": 8522,\n        \"programName\": \"Java\",\n        \"programDescription\": \"Java Learning\",\n        \"online\": true\n    },\n    {\n        \"programId\": 8523,\n        \"programName\": \"C#\",\n        \"programDescription\": \"C# learning\",\n        \"online\": false\n    },\n    {\n        \"programId\": 8524,\n        \"programName\": \"Selenium\",\n        \"programDescription\": \"Selenium with Java\",\n        \"online\": true\n    },\n    {\n        \"programId\": 8525,\n        \"programName\": \"DotNet\",\n        \"programDescription\": \"DotNet\",\n        \"online\": false\n    },\n    {\n        \"programId\": 8526,\n        \"programName\": \"cucumber learning modified\",\n        \"programDescription\": \"cucumber learning\",\n        \"online\": false\n    },\n    {\n        \"programId\": 8529,\n        \"programName\": \"API Testing\",\n        \"programDescription\": \"RestAssured Postman\",\n        \"online\": false\n    },\n    {\n        \"programId\": 8536,\n        \"programName\": \"DotNet\",\n        \"programDescription\": \"DotNet\",\n        \"online\": false\n    },\n    {\n        \"programId\": 8537,\n        \"programName\": \"hihihi\",\n        \"programDescription\": null,\n        \"online\": false\n    },\n    {\n        \"programId\": 8538,\n        \"programName\": \"Automation Testing\",\n        \"programDescription\": \"API Automation Testing\",\n        \"online\": false\n    },\n    {\n        \"programId\": 2001,\n        \"programName\": \"Java\",\n        \"programDescription\": \"Testing\",\n        \"online\": false\n    },\n    {\n        \"programId\": 2005,\n        \"programName\": \"Adobe Reader\",\n        \"programDescription\": \"Testing edited\",\n        \"online\": true\n    },\n    {\n        \"programId\": 8539,\n        \"programName\": \"Selenium Modified\",\n        \"programDescription\": \"Testing Modified\",\n        \"online\": true\n    },\n    {\n        \"programId\": 8540,\n        \"programName\": \"Java Modified\",\n        \"programDescription\": \"Testing Modified\",\n        \"online\": false\n    },\n    {\n        \"programId\": 8541,\n        \"programName\": \"Csharp Modified\",\n        \"programDescription\": \"Testing Modified\",\n        \"online\": true\n    },\n    {\n        \"programId\": 8542,\n        \"programName\": \"Cypress Modified\",\n        \"programDescription\": \"Testing edited Modified\",\n        \"online\": false\n    },\n    {\n        \"programId\": 8543,\n        \"programName\": \"CoralDraw Modified\",\n        \"programDescription\": \"Testing edited Modified\",\n        \"online\": true\n    },\n    {\n        \"programId\": 8544,\n        \"programName\": \"Adobe Reader Modified\",\n        \"programDescription\": \"Testing edited Modified\",\n        \"online\": true\n    },\n    {\n        \"programId\": 8530,\n        \"programName\": \"Python\",\n        \"programDescription\": \"Python\",\n        \"online\": true\n    },\n    {\n        \"programId\": 8531,\n        \"programName\": \"Spring\",\n        \"programDescription\": \"Spring Boot Training\",\n        \"online\": true\n    },\n    {\n        \"programId\": 8535,\n        \"programName\": \"Selenium Training\",\n        \"programDescription\": \"Selenium with python\",\n        \"online\": true\n    },\n    {\n        \"programId\": 9310,\n        \"programName\": \"QA\",\n        \"programDescription\": \"BASICS\",\n        \"online\": true\n    },\n    {\n        \"programId\": 9311,\n        \"programName\": \"QA\",\n        \"programDescription\": \"BASICS\",\n        \"online\": true\n    },\n    {\n        \"programId\": 9328,\n        \"programName\": \"QUALTY ASSUANCE\",\n        \"programDescription\": \"Automation testing\",\n        \"online\": true\n    },\n    {\n        \"programId\": 9349,\n        \"programName\": \"Java Modified\",\n        \"programDescription\": \"Testing Modified\",\n        \"online\": false\n    },\n    {\n        \"programId\": 8545,\n        \"programName\": \"Cucumber Modified\",\n        \"programDescription\": \"Testing edited Modified\",\n        \"online\": true\n    },\n    {\n        \"programId\": 8546,\n        \"programName\": \"Automation Testing\",\n        \"programDescription\": null,\n        \"online\": false\n    },\n    {\n        \"programId\": 5674,\n        \"programName\": \"java\",\n        \"programDescription\": \"java Developer\",\n        \"online\": true\n    },\n    {\n        \"programId\": 8547,\n        \"programName\": \"Automation Testing\",\n        \"programDescription\": null,\n        \"online\": false\n    },\n    {\n        \"programId\": 8549,\n        \"programName\": \"cucumber mod\",\n        \"programDescription\": \"cucumber learning\",\n        \"online\": false\n    },\n    {\n        \"programId\": 8550,\n        \"programName\": \"SME\",\n        \"programDescription\": \"HealthCare\",\n        \"online\": false\n    },\n    {\n        \"programId\": 8551,\n        \"programName\": \"Scrum Master\",\n        \"programDescription\": \"Agile\",\n        \"online\": false\n    },\n    {\n        \"programId\": 8552,\n        \"programName\": \"Backend Developer\",\n        \"programDescription\": \"Sql Developer\",\n        \"online\": false\n    },\n    {\n        \"programId\": 8553,\n        \"programName\": \"SDET\",\n        \"programDescription\": \"Selenium Postman\",\n        \"online\": true\n    },\n    {\n        \"programId\": 8554,\n        \"programName\": \"1234\",\n        \"programDescription\": \"Manual Testing\",\n        \"online\": true\n    },\n    {\n        \"programId\": 8555,\n        \"programName\": \"Blank testing\",\n        \"programDescription\": \"\",\n        \"online\": false\n    },\n    {\n        \"programId\": 8556,\n        \"programName\": \"API Testing\",\n        \"programDescription\": \"RestAssured Postman\",\n        \"online\": false\n    },\n    {\n        \"programId\": 8557,\n        \"programName\": \"SDET\",\n        \"programDescription\": \"Selenium\",\n        \"online\": true\n    },\n    {\n        \"programId\": 8558,\n        \"programName\": \"API Testing\",\n        \"programDescription\": \"Selenium Postman\",\n        \"online\": false\n    },\n    {\n        \"programId\": 8561,\n        \"programName\": \"Testing\",\n        \"programDescription\": \"AutomationTesting\",\n        \"online\": true\n    },\n    {\n        \"programId\": 8562,\n        \"programName\": \"Scrum Master\",\n        \"programDescription\": \"Agile\",\n        \"online\": false\n    },\n    {\n        \"programId\": 8563,\n        \"programName\": \"Scrum Mastermodified\",\n        \"programDescription\": \"Agilemodified\",\n        \"online\": false\n    },\n    {\n        \"programId\": 8564,\n        \"programName\": \"Automation\",\n        \"programDescription\": \"Selinium\",\n        \"online\": false\n    },\n    {\n        \"programId\": 8565,\n        \"programName\": \"Automationmodified\",\n        \"programDescription\": \"Seliniummodified\",\n        \"online\": false\n    },\n    {\n        \"programId\": 8567,\n        \"programName\": \"SME\",\n        \"programDescription\": \"HealthCare\",\n        \"online\": false\n    },\n    {\n        \"programId\": 8568,\n        \"programName\": \"Scrum Master\",\n        \"programDescription\": \"Agile\",\n        \"online\": false\n    },\n    {\n        \"programId\": 8569,\n        \"programName\": \"Backend Developer\",\n        \"programDescription\": \"Sql Developer\",\n        \"online\": false\n    },\n    {\n        \"programId\": 8570,\n        \"programName\": \"Scrum Master\",\n        \"programDescription\": \"Agile\",\n        \"online\": false\n    },\n    {\n        \"programId\": 8571,\n        \"programName\": \"Scrum Mastermodified\",\n        \"programDescription\": \"Agilemodified\",\n        \"online\": false\n    },\n    {\n        \"programId\": 8572,\n        \"programName\": \"Automation\",\n        \"programDescription\": \"Selinium\",\n        \"online\": false\n    },\n    {\n        \"programId\": 8573,\n        \"programName\": \"Automationmodified\",\n        \"programDescription\": \"Seliniummodified\",\n        \"online\": false\n    },\n    {\n        \"programId\": 8670,\n        \"programName\": \"cucumber\",\n        \"programDescription\": \"cucumber learning\",\n        \"online\": false\n    },\n    {\n        \"programId\": 8671,\n        \"programName\": \"Selenium Modified\",\n        \"programDescription\": \"Testing Modified\",\n        \"online\": true\n    },\n    {\n        \"programId\": 8577,\n        \"programName\": \"SDET\",\n        \"programDescription\": \"Selenium Postman\",\n        \"online\": true\n    },\n    {\n        \"programId\": 8578,\n        \"programName\": \"1234\",\n        \"programDescription\": \"Manual Testing\",\n        \"online\": true\n    },\n    {\n        \"programId\": 8579,\n        \"programName\": \"Blank testing\",\n        \"programDescription\": \"\",\n        \"online\": false\n    },\n    {\n        \"programId\": 8580,\n        \"programName\": \"API Testing\",\n        \"programDescription\": \"RestAssured Postman\",\n        \"online\": false\n    },\n    {\n        \"programId\": 8581,\n        \"programName\": \"SDET\",\n        \"programDescription\": \"Selenium\",\n        \"online\": true\n    },\n    {\n        \"programId\": 8582,\n        \"programName\": \"API Testing\",\n        \"programDescription\": \"Selenium Postman\",\n        \"online\": false\n    },\n    {\n        \"programId\": 8584,\n        \"programName\": \"Testing\",\n        \"programDescription\": \"Testing\",\n        \"online\": true\n    },\n    {\n        \"programId\": 8585,\n        \"programName\": \"Testing\",\n        \"programDescription\": \"AutomationTesting\",\n        \"online\": true\n    },\n    {\n        \"programId\": 8586,\n        \"programName\": \"\\\"API Testing\\\"\",\n        \"programDescription\": \"\\\"RestAssured\\\"\",\n        \"online\": false\n    },\n    {\n        \"programId\": 8587,\n        \"programName\": \"\\\"Framework\\\"\",\n        \"programDescription\": \"\\\"Cucumber\\\"\",\n        \"online\": false\n    },\n    {\n        \"programId\": 8589,\n        \"programName\": \"\\\"Programming\\\"\",\n        \"programDescription\": \"\\\"Java\\\"\",\n        \"online\": false\n    },\n    {\n        \"programId\": 8590,\n        \"programName\": \"Automation Testing \",\n        \"programDescription\": \"RestAssured\",\n        \"online\": true\n    },\n    {\n        \"programId\": 8591,\n        \"programName\": \"cucumber modified\",\n        \"programDescription\": null,\n        \"online\": false\n    },\n    {\n        \"programId\": 8592,\n        \"programName\": \"SME\",\n        \"programDescription\": \"HealthCare\",\n        \"online\": false\n    },\n    {\n        \"programId\": 8593,\n        \"programName\": \"Scrum Master\",\n        \"programDescription\": \"Agile\",\n        \"online\": false\n    },\n    {\n        \"programId\": 8594,\n        \"programName\": \"Backend Developer\",\n        \"programDescription\": \"Sql Developer\",\n        \"online\": false\n    },\n    {\n        \"programId\": 8595,\n        \"programName\": \"Scrum Master\",\n        \"programDescription\": \"Agile\",\n        \"online\": false\n    },\n    {\n        \"programId\": 8596,\n        \"programName\": \"Scrum Mastermodified\",\n        \"programDescription\": \"Agilemodified\",\n        \"online\": false\n    },\n    {\n        \"programId\": 8597,\n        \"programName\": \"Automation\",\n        \"programDescription\": \"Selinium\",\n        \"online\": false\n    },\n    {\n        \"programId\": 8598,\n        \"programName\": \"Automationmodified\",\n        \"programDescription\": \"Seliniummodified\",\n        \"online\": false\n    },\n    {\n        \"programId\": 8600,\n        \"programName\": \"cucur mod\",\n        \"programDescription\": null,\n        \"online\": false\n    },\n    {\n        \"programId\": 8601,\n        \"programName\": \"cucumber modified\",\n        \"programDescription\": null,\n        \"online\": false\n    },\n    {\n        \"programId\": 8602,\n        \"programName\": \"VideoGame\",\n        \"programDescription\": \"user friendly\",\n        \"online\": true\n    },\n    {\n        \"programId\": 8603,\n        \"programName\": \"VideoGame\",\n        \"programDescription\": \"user friendly\",\n        \"online\": true\n    },\n    {\n        \"programId\": 8604,\n        \"programName\": \"Java\",\n        \"programDescription\": \"Java Learning\",\n        \"online\": true\n    },\n    {\n        \"programId\": 8605,\n        \"programName\": \"C#\",\n        \"programDescription\": \"C# learning\",\n        \"online\": false\n    },\n    {\n        \"programId\": 8606,\n        \"programName\": \"Selenium\",\n        \"programDescription\": \"Selenium with Java\",\n        \"online\": true\n    },\n    {\n        \"programId\": 8607,\n        \"programName\": \"DotNet\",\n        \"programDescription\": \"DotNet\",\n        \"online\": false\n    },\n    {\n        \"programId\": 8612,\n        \"programName\": \"batman\",\n        \"programDescription\": \"string\",\n        \"online\": true\n    },\n    {\n        \"programId\": 8613,\n        \"programName\": \"unix\",\n        \"programDescription\": \"string\",\n        \"online\": true\n    },\n    {\n        \"programId\": 8614,\n        \"programName\": \"linux\",\n        \"programDescription\": \"core java\",\n        \"online\": true\n    },\n    {\n        \"programId\": 8615,\n        \"programName\": \"Multipal Digit Testing\",\n        \"programDescription\": \"Program ID Testing\",\n        \"online\": true\n    },\n    {\n        \"programId\": 8616,\n        \"programName\": \"ironman\",\n        \"programDescription\": \"Agile\",\n        \"online\": true\n    },\n    {\n        \"programId\": 8617,\n        \"programName\": \"Application Support\",\n        \"programDescription\": \"java\",\n        \"online\": true\n    },\n    {\n        \"programId\": 8618,\n        \"programName\": \"sun\",\n        \"programDescription\": \"TestNG1\",\n        \"online\": true\n    },\n    {\n        \"programId\": 8619,\n        \"programName\": \"Devops123\",\n        \"programDescription\": \"New full stack web dev\",\n        \"online\": true\n    },\n    {\n        \"programId\": 8621,\n        \"programName\": \"Devops123\",\n        \"programDescription\": \"New full stack web dev\",\n        \"online\": true\n    },\n    {\n        \"programId\": 8623,\n        \"programName\": \"Python programming\",\n        \"programDescription\": \"Learn Python\",\n        \"online\": true\n    },\n    {\n        \"programId\": 8624,\n        \"programName\": \"API testing\",\n        \"programDescription\": \"Testing using Postman \",\n        \"online\": true\n    },\n    {\n        \"programId\": 8625,\n        \"programName\": \"Devops123\",\n        \"programDescription\": \"New full stack web dev\",\n        \"online\": true\n    },\n    {\n        \"programId\": 8627,\n        \"programName\": \"Python programming\",\n        \"programDescription\": \"Learn Python\",\n        \"online\": false\n    },\n    {\n        \"programId\": 8628,\n        \"programName\": \"API testing\",\n        \"programDescription\": \"Testing using Postman \",\n        \"online\": false\n    },\n    {\n        \"programId\": 8629,\n        \"programName\": \"Learn Pyt Modified\",\n        \"programDescription\": \" Pyt Pgm Modified\",\n        \"online\": false\n    },\n    {\n        \"programId\": 8630,\n        \"programName\": \"Learn Pyt Modified\",\n        \"programDescription\": \" Pyt Pgm Modified\",\n        \"online\": false\n    },\n    {\n        \"programId\": 8633,\n        \"programName\": \"SDET28\",\n        \"programDescription\": \"Automation \",\n        \"online\": true\n    },\n    {\n        \"programId\": 8634,\n        \"programName\": \"Testing\",\n        \"programDescription\": \"Testing\",\n        \"online\": true\n    },\n    {\n        \"programId\": 8635,\n        \"programName\": \"Testing\",\n        \"programDescription\": \"\",\n        \"online\": true\n    },\n    {\n        \"programId\": 8636,\n        \"programName\": \"SQL\",\n        \"programDescription\": \"SQL\",\n        \"online\": false\n    },\n    {\n        \"programId\": 8637,\n        \"programName\": \"Testing\",\n        \"programDescription\": \"Testing\",\n        \"online\": false\n    },\n    {\n        \"programId\": 8639,\n        \"programName\": \"SDET26\",\n        \"programDescription\": \"Automation\",\n        \"online\": true\n    },\n    {\n        \"programId\": 8640,\n        \"programName\": \"SDET26\",\n        \"programDescription\": \"700\",\n        \"online\": true\n    },\n    {\n        \"programId\": 8641,\n        \"programName\": \"2h78\",\n        \"programDescription\": \"70\",\n        \"online\": true\n    },\n    {\n        \"programId\": 8642,\n        \"programName\": \"SDET26\",\n        \"programDescription\": \"Automation\",\n        \"online\": true\n    },\n    {\n        \"programId\": 8643,\n        \"programName\": \"SDET26\",\n        \"programDescription\": \"700\",\n        \"online\": true\n    },\n    {\n        \"programId\": 8644,\n        \"programName\": \"2h78\",\n        \"programDescription\": \"70\",\n        \"online\": true\n    },\n    {\n        \"programId\": 8645,\n        \"programName\": \"SDET28\",\n        \"programDescription\": \"Automation \",\n        \"online\": true\n    },\n    {\n        \"programId\": 8646,\n        \"programName\": \"Testing\",\n        \"programDescription\": \"Testing\",\n        \"online\": true\n    },\n    {\n        \"programId\": 8647,\n        \"programName\": \"Testing\",\n        \"programDescription\": \"\",\n        \"online\": true\n    },\n    {\n        \"programId\": 8648,\n        \"programName\": \"SQL\",\n        \"programDescription\": \"SQL\",\n        \"online\": false\n    },\n    {\n        \"programId\": 8649,\n        \"programName\": \"Testing\",\n        \"programDescription\": \"Testing\",\n        \"online\": false\n    },\n    {\n        \"programId\": 8651,\n        \"programName\": \"SDET26\",\n        \"programDescription\": \"Automation\",\n        \"online\": true\n    },\n    {\n        \"programId\": 8652,\n        \"programName\": \"SDET26\",\n        \"programDescription\": \"700\",\n        \"online\": true\n    },\n    {\n        \"programId\": 8653,\n        \"programName\": \"2h78\",\n        \"programDescription\": \"70\",\n        \"online\": true\n    },\n    {\n        \"programId\": 8654,\n        \"programName\": \"\\\"API Testing\\\"\",\n        \"programDescription\": \"\\\"RestAssured\\\"\",\n        \"online\": false\n    },\n    {\n        \"programId\": 8655,\n        \"programName\": \"\\\"Framework\\\"\",\n        \"programDescription\": \"\\\"Cucumber\\\"\",\n        \"online\": false\n    },\n    {\n        \"programId\": 8657,\n        \"programName\": \"\\\"Programming\\\"\",\n        \"programDescription\": \"\\\"Java\\\"\",\n        \"online\": false\n    },\n    {\n        \"programId\": 8658,\n        \"programName\": \"Automation Testing \",\n        \"programDescription\": \"RestAssured\",\n        \"online\": true\n    },\n    {\n        \"programId\": 8659,\n        \"programName\": \"Python programming\",\n        \"programDescription\": \"Learn Python\",\n        \"online\": true\n    },\n    {\n        \"programId\": 8663,\n        \"programName\": \"batman\",\n        \"programDescription\": \"string\",\n        \"online\": true\n    },\n    {\n        \"programId\": 8664,\n        \"programName\": \"batman\",\n        \"programDescription\": \"string\",\n        \"online\": true\n    },\n    {\n        \"programId\": 8672,\n        \"programName\": \"Java Modified\",\n        \"programDescription\": \"Testing Modified\",\n        \"online\": false\n    },\n    {\n        \"programId\": 8660,\n        \"programName\": \"Python\",\n        \"programDescription\": \"Python\",\n        \"online\": true\n    },\n    {\n        \"programId\": 8661,\n        \"programName\": \"Spring\",\n        \"programDescription\": \"Spring Boot Training\",\n        \"online\": true\n    },\n    {\n        \"programId\": 8662,\n        \"programName\": \"Selenium Training\",\n        \"programDescription\": \"Selenium with python\",\n        \"online\": true\n    },\n    {\n        \"programId\": 8666,\n        \"programName\": \"Java\",\n        \"programDescription\": \"Java Learning\",\n        \"online\": true\n    },\n    {\n        \"programId\": 8667,\n        \"programName\": \"C#\",\n        \"programDescription\": \"C# learning\",\n        \"online\": false\n    },\n    {\n        \"programId\": 8668,\n        \"programName\": \"Selenium\",\n        \"programDescription\": \"Selenium with Java\",\n        \"online\": true\n    },\n    {\n        \"programId\": 8669,\n        \"programName\": \"DotNet\",\n        \"programDescription\": \"DotNet\",\n        \"online\": false\n    },\n    {\n        \"programId\": 8673,\n        \"programName\": \"Csharp Modified\",\n        \"programDescription\": \"Testing Modified\",\n        \"online\": true\n    },\n    {\n        \"programId\": 8674,\n        \"programName\": \"Cypress Modified\",\n        \"programDescription\": \"Testing edited Modified\",\n        \"online\": false\n    },\n    {\n        \"programId\": 8675,\n        \"programName\": \"CoralDraw Modified\",\n        \"programDescription\": \"Testing edited Modified\",\n        \"online\": true\n    },\n    {\n        \"programId\": 8676,\n        \"programName\": \"Adobe Reader Modified\",\n        \"programDescription\": \"Testing edited Modified\",\n        \"online\": true\n    },\n    {\n        \"programId\": 8677,\n        \"programName\": \"Cucumber Modified\",\n        \"programDescription\": \"Testing edited Modified\",\n        \"online\": true\n    },\n    {\n        \"programId\": 8678,\n        \"programName\": \"SDET\",\n        \"programDescription\": \"Selenium Postman\",\n        \"online\": true\n    },\n    {\n        \"programId\": 8679,\n        \"programName\": \"1234\",\n        \"programDescription\": \"Manual Testing\",\n        \"online\": true\n    },\n    {\n        \"programId\": 8680,\n        \"programName\": \"Blank testing\",\n        \"programDescription\": \"\",\n        \"online\": false\n    },\n    {\n        \"programId\": 8681,\n        \"programName\": \"API Testing\",\n        \"programDescription\": \"RestAssured Postman\",\n        \"online\": false\n    },\n    {\n        \"programId\": 8682,\n        \"programName\": \"SDET\",\n        \"programDescription\": \"Selenium\",\n        \"online\": true\n    },\n    {\n        \"programId\": 8683,\n        \"programName\": \"API Testing\",\n        \"programDescription\": \"Selenium Postman\",\n        \"online\": false\n    },\n    {\n        \"programId\": 8685,\n        \"programName\": \"Testing\",\n        \"programDescription\": \"Testing\",\n        \"online\": true\n    },\n    {\n        \"programId\": 8686,\n        \"programName\": \"Testing\",\n        \"programDescription\": \"AutomationTesting\",\n        \"online\": true\n    },\n    {\n        \"programId\": 8687,\n        \"programName\": \"batman\",\n        \"programDescription\": \"string\",\n        \"online\": true\n    },\n    {\n        \"programId\": 8688,\n        \"programName\": \"batman\",\n        \"programDescription\": \"string\",\n        \"online\": true\n    },\n    {\n        \"programId\": 8689,\n        \"programName\": \"sun\",\n        \"programDescription\": \"TestNG1\",\n        \"online\": true\n    },\n    {\n        \"programId\": 8690,\n        \"programName\": \"Java\",\n        \"programDescription\": \"Java Learning\",\n        \"online\": true\n    },\n    {\n        \"programId\": 8691,\n        \"programName\": \"C#\",\n        \"programDescription\": \"C# learning\",\n        \"online\": false\n    },\n    {\n        \"programId\": 8692,\n        \"programName\": \"Selenium\",\n        \"programDescription\": \"Selenium with Java\",\n        \"online\": true\n    },\n    {\n        \"programId\": 8693,\n        \"programName\": \"DotNet\",\n        \"programDescription\": \"DotNet\",\n        \"online\": false\n    },\n    {\n        \"programId\": 8694,\n        \"programName\": \"Java\",\n        \"programDescription\": \"Java Learning\",\n        \"online\": true\n    },\n    {\n        \"programId\": 8695,\n        \"programName\": \"C#\",\n        \"programDescription\": \"C# learning\",\n        \"online\": false\n    },\n    {\n        \"programId\": 8696,\n        \"programName\": \"Selenium\",\n        \"programDescription\": \"Selenium with Java\",\n        \"online\": true\n    },\n    {\n        \"programId\": 8697,\n        \"programName\": \"DotNet\",\n        \"programDescription\": \"DotNet\",\n        \"online\": false\n    },\n    {\n        \"programId\": 8698,\n        \"programName\": \"Java\",\n        \"programDescription\": \"Java Learning\",\n        \"online\": true\n    },\n    {\n        \"programId\": 8699,\n        \"programName\": \"C#\",\n        \"programDescription\": \"C# learning\",\n        \"online\": false\n    },\n    {\n        \"programId\": 8700,\n        \"programName\": \"Selenium\",\n        \"programDescription\": \"Selenium with Java\",\n        \"online\": true\n    },\n    {\n        \"programId\": 8701,\n        \"programName\": \"DotNet\",\n        \"programDescription\": \"DotNet\",\n        \"online\": false\n    },\n    {\n        \"programId\": 8706,\n        \"programName\": \"\\\"API Testing\\\"\",\n        \"programDescription\": \"\\\"RestAssured\\\"\",\n        \"online\": false\n    },\n    {\n        \"programId\": 8707,\n        \"programName\": \"\\\"Framework\\\"\",\n        \"programDescription\": \"\\\"Cucumber\\\"\",\n        \"online\": false\n    },\n    {\n        \"programId\": 8709,\n        \"programName\": \"\\\"API Testing\\\"\",\n        \"programDescription\": \"\\\"RestAssured\\\"\",\n        \"online\": false\n    },\n    {\n        \"programId\": 8710,\n        \"programName\": \"\\\"Framework\\\"\",\n        \"programDescription\": \"\\\"Cucumber\\\"\",\n        \"online\": false\n    },\n    {\n        \"programId\": 8712,\n        \"programName\": \"\\\"API Testing\\\"\",\n        \"programDescription\": \"\\\"RestAssured\\\"\",\n        \"online\": false\n    },\n    {\n        \"programId\": 8713,\n        \"programName\": \"\\\"Framework\\\"\",\n        \"programDescription\": \"\\\"Cucumber\\\"\",\n        \"online\": false\n    },\n    {\n        \"programId\": 8715,\n        \"programName\": \"SDET\",\n        \"programDescription\": \"Selenium Postman\",\n        \"online\": true\n    },\n    {\n        \"programId\": 8716,\n        \"programName\": \"1234\",\n        \"programDescription\": \"Manual Testing\",\n        \"online\": true\n    },\n    {\n        \"programId\": 8717,\n        \"programName\": \"Blank testing\",\n        \"programDescription\": \"\",\n        \"online\": false\n    },\n    {\n        \"programId\": 8718,\n        \"programName\": \"API Testing\",\n        \"programDescription\": \"RestAssured Postman\",\n        \"online\": false\n    },\n    {\n        \"programId\": 8719,\n        \"programName\": \"SDET\",\n        \"programDescription\": \"Selenium\",\n        \"online\": true\n    },\n    {\n        \"programId\": 8720,\n        \"programName\": \"API Testing\",\n        \"programDescription\": \"Selenium Postman\",\n        \"online\": false\n    },\n    {\n        \"programId\": 8722,\n        \"programName\": \"Testing\",\n        \"programDescription\": \"Testing\",\n        \"online\": true\n    },\n    {\n        \"programId\": 8723,\n        \"programName\": \"Testing\",\n        \"programDescription\": \"AutomationTesting\",\n        \"online\": true\n    },\n    {\n        \"programId\": 8724,\n        \"programName\": \"Java\",\n        \"programDescription\": \"Java Learning\",\n        \"online\": true\n    },\n    {\n        \"programId\": 8725,\n        \"programName\": \"C#\",\n        \"programDescription\": \"C# learning\",\n        \"online\": false\n    },\n    {\n        \"programId\": 8726,\n        \"programName\": \"Selenium\",\n        \"programDescription\": \"Selenium with Java\",\n        \"online\": true\n    },\n    {\n        \"programId\": 8727,\n        \"programName\": \"DotNet\",\n        \"programDescription\": \"DotNet\",\n        \"online\": false\n    },\n    {\n        \"programId\": 8732,\n        \"programName\": \"Java\",\n        \"programDescription\": \"Java Learning\",\n        \"online\": true\n    },\n    {\n        \"programId\": 8733,\n        \"programName\": \"C#\",\n        \"programDescription\": \"C# learning\",\n        \"online\": false\n    },\n    {\n        \"programId\": 8734,\n        \"programName\": \"Selenium\",\n        \"programDescription\": \"Selenium with Java\",\n        \"online\": true\n    },\n    {\n        \"programId\": 8735,\n        \"programName\": \"DotNet\",\n        \"programDescription\": \"DotNet\",\n        \"online\": false\n    },\n    {\n        \"programId\": 8740,\n        \"programName\": \"Java\",\n        \"programDescription\": \"Java Learning\",\n        \"online\": true\n    },\n    {\n        \"programId\": 8741,\n        \"programName\": \"C#\",\n        \"programDescription\": \"C# learning\",\n        \"online\": false\n    },\n    {\n        \"programId\": 8742,\n        \"programName\": \"Selenium\",\n        \"programDescription\": \"Selenium with Java\",\n        \"online\": true\n    },\n    {\n        \"programId\": 8743,\n        \"programName\": \"DotNet\",\n        \"programDescription\": \"DotNet\",\n        \"online\": false\n    },\n    {\n        \"programId\": 8748,\n        \"programName\": \"Java\",\n        \"programDescription\": \"Java Learning\",\n        \"online\": true\n    },\n    {\n        \"programId\": 8749,\n        \"programName\": \"C#\",\n        \"programDescription\": \"C# learning\",\n        \"online\": false\n    },\n    {\n        \"programId\": 8750,\n        \"programName\": \"Selenium\",\n        \"programDescription\": \"Selenium with Java\",\n        \"online\": true\n    },\n    {\n        \"programId\": 8751,\n        \"programName\": \"DotNet\",\n        \"programDescription\": \"DotNet\",\n        \"online\": false\n    },\n    {\n        \"programId\": 8752,\n        \"programName\": \"Java\",\n        \"programDescription\": \"Java Learning\",\n        \"online\": true\n    },\n    {\n        \"programId\": 8753,\n        \"programName\": \"C#\",\n        \"programDescription\": \"C# learning\",\n        \"online\": false\n    },\n    {\n        \"programId\": 8754,\n        \"programName\": \"Selenium\",\n        \"programDescription\": \"Selenium with Java\",\n        \"online\": true\n    },\n    {\n        \"programId\": 8755,\n        \"programName\": \"DotNet\",\n        \"programDescription\": \"DotNet\",\n        \"online\": false\n    },\n    {\n        \"programId\": 8756,\n        \"programName\": \"Java\",\n        \"programDescription\": \"Java Learning\",\n        \"online\": true\n    },\n    {\n        \"programId\": 8757,\n        \"programName\": \"C#\",\n        \"programDescription\": \"C# learning\",\n        \"online\": false\n    },\n    {\n        \"programId\": 8758,\n        \"programName\": \"Selenium\",\n        \"programDescription\": \"Selenium with Java\",\n        \"online\": true\n    },\n    {\n        \"programId\": 8759,\n        \"programName\": \"DotNet\",\n        \"programDescription\": \"DotNet\",\n        \"online\": false\n    },\n    {\n        \"programId\": 8760,\n        \"programName\": \"Java\",\n        \"programDescription\": \"Java Learning\",\n        \"online\": true\n    },\n    {\n        \"programId\": 8761,\n        \"programName\": \"C#\",\n        \"programDescription\": \"C# learning\",\n        \"online\": false\n    },\n    {\n        \"programId\": 8762,\n        \"programName\": \"Selenium\",\n        \"programDescription\": \"Selenium with Java\",\n        \"online\": true\n    },\n    {\n        \"programId\": 8763,\n        \"programName\": \"DotNet\",\n        \"programDescription\": \"DotNet\",\n        \"online\": false\n    },\n    {\n        \"programId\": 8784,\n        \"programName\": \"Java\",\n        \"programDescription\": \"Java Learning\",\n        \"online\": true\n    },\n    {\n        \"programId\": 8785,\n        \"programName\": \"C#\",\n        \"programDescription\": \"C# learning\",\n        \"online\": false\n    },\n    {\n        \"programId\": 8786,\n        \"programName\": \"Selenium\",\n        \"programDescription\": \"Selenium with Java\",\n        \"online\": true\n    },\n    {\n        \"programId\": 8787,\n        \"programName\": \"DotNet\",\n        \"programDescription\": \"DotNet\",\n        \"online\": false\n    },\n    {\n        \"programId\": 8788,\n        \"programName\": \"Java\",\n        \"programDescription\": \"Java Learning\",\n        \"online\": true\n    },\n    {\n        \"programId\": 8789,\n        \"programName\": \"C#\",\n        \"programDescription\": \"C# learning\",\n        \"online\": false\n    },\n    {\n        \"programId\": 8790,\n        \"programName\": \"Selenium\",\n        \"programDescription\": \"Selenium with Java\",\n        \"online\": true\n    },\n    {\n        \"programId\": 8791,\n        \"programName\": \"DotNet\",\n        \"programDescription\": \"DotNet\",\n        \"online\": false\n    },\n    {\n        \"programId\": 8792,\n        \"programName\": \"SDT\",\n        \"programDescription\": \"SDET102\",\n        \"online\": false\n    },\n    {\n        \"programId\": 8793,\n        \"programName\": \"DS\",\n        \"programDescription\": \"DS102\",\n        \"online\": false\n    },\n    {\n        \"programId\": 8794,\n        \"programName\": \"sdt\",\n        \"programDescription\": \"sSDET202\",\n        \"online\": false\n    },\n    {\n        \"programId\": 8795,\n        \"programName\": \"ds\",\n        \"programDescription\": \"DS202\",\n        \"online\": false\n    },\n    {\n        \"programId\": 8796,\n        \"programName\": \"SDT\",\n        \"programDescription\": \"SDET102\",\n        \"online\": false\n    },\n    {\n        \"programId\": 8797,\n        \"programName\": \"DS\",\n        \"programDescription\": \"DS102\",\n        \"online\": false\n    },\n    {\n        \"programId\": 8798,\n        \"programName\": \"sdt\",\n        \"programDescription\": \"sSDET202\",\n        \"online\": false\n    },\n    {\n        \"programId\": 8799,\n        \"programName\": \"ds\",\n        \"programDescription\": \"DS202\",\n        \"online\": false\n    },\n    {\n        \"programId\": 8800,\n        \"programName\": \"SDT\",\n        \"programDescription\": \"SDET102\",\n        \"online\": false\n    },\n    {\n        \"programId\": 8801,\n        \"programName\": \"DS\",\n        \"programDescription\": \"DS102\",\n        \"online\": false\n    },\n    {\n        \"programId\": 8802,\n        \"programName\": \"sdt\",\n        \"programDescription\": \"sSDET202\",\n        \"online\": false\n    },\n    {\n        \"programId\": 8803,\n        \"programName\": \"ds\",\n        \"programDescription\": \"DS202\",\n        \"online\": false\n    },\n    {\n        \"programId\": 8808,\n        \"programName\": \"Devops123\",\n        \"programDescription\": \"New full stack web dev\",\n        \"online\": true\n    },\n    {\n        \"programId\": 8810,\n        \"programName\": \"fizzy bath bom\",\n        \"programDescription\": \"science project is used in school\",\n        \"online\": true\n    },\n    {\n        \"programId\": 8811,\n        \"programName\": \"Assistantabc\",\n        \"programDescription\": \"Tuesday_PN\",\n        \"online\": true\n    },\n    {\n        \"programId\": 8812,\n        \"programName\": \"SDET28\",\n        \"programDescription\": \"Automation \",\n        \"online\": true\n    },\n    {\n        \"programId\": 8813,\n        \"programName\": \"Testing\",\n        \"programDescription\": \"Testing\",\n        \"online\": true\n    },\n    {\n        \"programId\": 8814,\n        \"programName\": \"Testing\",\n        \"programDescription\": \"\",\n        \"online\": true\n    },\n    {\n        \"programId\": 8815,\n        \"programName\": \"SQL\",\n        \"programDescription\": \"SQL\",\n        \"online\": false\n    },\n    {\n        \"programId\": 8816,\n        \"programName\": \"Testing\",\n        \"programDescription\": \"Testing\",\n        \"online\": false\n    },\n    {\n        \"programId\": 8818,\n        \"programName\": \"SDET28\",\n        \"programDescription\": \"Automation \",\n        \"online\": true\n    },\n    {\n        \"programId\": 8819,\n        \"programName\": \"Testing\",\n        \"programDescription\": \"Testing\",\n        \"online\": true\n    },\n    {\n        \"programId\": 8820,\n        \"programName\": \"Testing\",\n        \"programDescription\": \"\",\n        \"online\": true\n    },\n    {\n        \"programId\": 8821,\n        \"programName\": \"SQL\",\n        \"programDescription\": \"SQL\",\n        \"online\": false\n    },\n    {\n        \"programId\": 8822,\n        \"programName\": \"Testing\",\n        \"programDescription\": \"Testing\",\n        \"online\": false\n    },\n    {\n        \"programId\": 8824,\n        \"programName\": \"1234\",\n        \"programDescription\": \"Testing\",\n        \"online\": false\n    },\n    {\n        \"programId\": 8825,\n        \"programName\": \"SDET28\",\n        \"programDescription\": \"Automation \",\n        \"online\": true\n    },\n    {\n        \"programId\": 8826,\n        \"programName\": \"Testing\",\n        \"programDescription\": \"Testing\",\n        \"online\": true\n    },\n    {\n        \"programId\": 8827,\n        \"programName\": \"Testing\",\n        \"programDescription\": \"\",\n        \"online\": true\n    },\n    {\n        \"programId\": 8828,\n        \"programName\": \"SQL\",\n        \"programDescription\": \"SQL\",\n        \"online\": false\n    },\n    {\n        \"programId\": 8829,\n        \"programName\": \"Testing\",\n        \"programDescription\": \"Testing\",\n        \"online\": false\n    },\n    {\n        \"programId\": 8831,\n        \"programName\": \"1234\",\n        \"programDescription\": \"Testing\",\n        \"online\": false\n    },\n    {\n        \"programId\": 8832,\n        \"programName\": \"SDET28\",\n        \"programDescription\": \"Automation \",\n        \"online\": true\n    },\n    {\n        \"programId\": 8833,\n        \"programName\": \"Testing\",\n        \"programDescription\": \"Testing\",\n        \"online\": true\n    },\n    {\n        \"programId\": 8834,\n        \"programName\": \"Testing\",\n        \"programDescription\": \"\",\n        \"online\": true\n    },\n    {\n        \"programId\": 8835,\n        \"programName\": \"SQL\",\n        \"programDescription\": \"SQL\",\n        \"online\": false\n    },\n    {\n        \"programId\": 8836,\n        \"programName\": \"Testing\",\n        \"programDescription\": \"Testing\",\n        \"online\": false\n    },\n    {\n        \"programId\": 8838,\n        \"programName\": \"1234\",\n        \"programDescription\": \"Testing\",\n        \"online\": false\n    },\n    {\n        \"programId\": 8839,\n        \"programName\": \"DS Algo\",\n        \"programDescription\": \"\",\n        \"online\": true\n    },\n    {\n        \"programId\": 8840,\n        \"programName\": \"SDET28\",\n        \"programDescription\": \"Automation \",\n        \"online\": true\n    },\n    {\n        \"programId\": 8841,\n        \"programName\": \"Testing\",\n        \"programDescription\": \"Testing\",\n        \"online\": true\n    },\n    {\n        \"programId\": 8842,\n        \"programName\": \"Testing\",\n        \"programDescription\": \"\",\n        \"online\": true\n    },\n    {\n        \"programId\": 8843,\n        \"programName\": \"SQL\",\n        \"programDescription\": \"SQL\",\n        \"online\": false\n    },\n    {\n        \"programId\": 8844,\n        \"programName\": \"Testing\",\n        \"programDescription\": \"Testing\",\n        \"online\": false\n    },\n    {\n        \"programId\": 8846,\n        \"programName\": \"1234\",\n        \"programDescription\": \"Testing\",\n        \"online\": false\n    },\n    {\n        \"programId\": 8847,\n        \"programName\": \"DS Algo\",\n        \"programDescription\": \"\",\n        \"online\": true\n    },\n    {\n        \"programId\": 8848,\n        \"programName\": \"Testing\",\n        \"programDescription\": \"SDET\",\n        \"online\": false\n    },\n    {\n        \"programId\": 8849,\n        \"programName\": \"SDET28\",\n        \"programDescription\": \"Automation \",\n        \"online\": true\n    },\n    {\n        \"programId\": 8850,\n        \"programName\": \"Testing\",\n        \"programDescription\": \"Testing\",\n        \"online\": true\n    },\n    {\n        \"programId\": 8851,\n        \"programName\": \"Testing\",\n        \"programDescription\": \"\",\n        \"online\": true\n    },\n    {\n        \"programId\": 8852,\n        \"programName\": \"SQL\",\n        \"programDescription\": \"SQL\",\n        \"online\": false\n    },\n    {\n        \"programId\": 8853,\n        \"programName\": \"Testing\",\n        \"programDescription\": \"Testing\",\n        \"online\": false\n    },\n    {\n        \"programId\": 8855,\n        \"programName\": \"1234\",\n        \"programDescription\": \"Testing\",\n        \"online\": false\n    },\n    {\n        \"programId\": 8856,\n        \"programName\": \"DS Algo\",\n        \"programDescription\": \"\",\n        \"online\": true\n    },\n    {\n        \"programId\": 8858,\n        \"programName\": \"SDET28\",\n        \"programDescription\": \"Automation \",\n        \"online\": true\n    },\n    {\n        \"programId\": 8859,\n        \"programName\": \"Testing\",\n        \"programDescription\": \"Testing\",\n        \"online\": true\n    },\n    {\n        \"programId\": 8860,\n        \"programName\": \"Testing\",\n        \"programDescription\": \"\",\n        \"online\": true\n    },\n    {\n        \"programId\": 8861,\n        \"programName\": \"SQL\",\n        \"programDescription\": \"SQL\",\n        \"online\": false\n    },\n    {\n        \"programId\": 8862,\n        \"programName\": \"Testing\",\n        \"programDescription\": \"Testing\",\n        \"online\": false\n    },\n    {\n        \"programId\": 8864,\n        \"programName\": \"1234\",\n        \"programDescription\": \"Testing\",\n        \"online\": false\n    },\n    {\n        \"programId\": 8865,\n        \"programName\": \"DS Algo\",\n        \"programDescription\": \"\",\n        \"online\": true\n    },\n    {\n        \"programId\": 8867,\n        \"programName\": \"SDET28\",\n        \"programDescription\": \"Automation \",\n        \"online\": true\n    },\n    {\n        \"programId\": 8868,\n        \"programName\": \"Testing\",\n        \"programDescription\": \"Testing\",\n        \"online\": true\n    },\n    {\n        \"programId\": 8869,\n        \"programName\": \"Testing\",\n        \"programDescription\": \"\",\n        \"online\": true\n    },\n    {\n        \"programId\": 8870,\n        \"programName\": \"SQL\",\n        \"programDescription\": \"SQL\",\n        \"online\": false\n    },\n    {\n        \"programId\": 8871,\n        \"programName\": \"Testing\",\n        \"programDescription\": \"Testing\",\n        \"online\": false\n    },\n    {\n        \"programId\": 8873,\n        \"programName\": \"1234\",\n        \"programDescription\": \"Testing\",\n        \"online\": false\n    },\n    {\n        \"programId\": 8874,\n        \"programName\": \"DS Algo\",\n        \"programDescription\": \"\",\n        \"online\": true\n    },\n    {\n        \"programId\": 8876,\n        \"programName\": \"SDET28\",\n        \"programDescription\": \"Automation \",\n        \"online\": true\n    },\n    {\n        \"programId\": 8877,\n        \"programName\": \"Testing\",\n        \"programDescription\": \"Testing\",\n        \"online\": true\n    },\n    {\n        \"programId\": 8878,\n        \"programName\": \"Testing\",\n        \"programDescription\": \"\",\n        \"online\": true\n    },\n    {\n        \"programId\": 8879,\n        \"programName\": \"SQL\",\n        \"programDescription\": \"SQL\",\n        \"online\": false\n    },\n    {\n        \"programId\": 8880,\n        \"programName\": \"Testing\",\n        \"programDescription\": \"Testing\",\n        \"online\": false\n    },\n    {\n        \"programId\": 8882,\n        \"programName\": \"1234\",\n        \"programDescription\": \"Testing\",\n        \"online\": false\n    },\n    {\n        \"programId\": 8883,\n        \"programName\": \"DS Algo\",\n        \"programDescription\": \"\",\n        \"online\": true\n    },\n    {\n        \"programId\": 8885,\n        \"programName\": \"SDET28\",\n        \"programDescription\": \"Automation \",\n        \"online\": true\n    },\n    {\n        \"programId\": 8886,\n        \"programName\": \"Testing\",\n        \"programDescription\": \"Testing\",\n        \"online\": true\n    },\n    {\n        \"programId\": 8887,\n        \"programName\": \"Testing\",\n        \"programDescription\": \"\",\n        \"online\": true\n    },\n    {\n        \"programId\": 8888,\n        \"programName\": \"SQL\",\n        \"programDescription\": \"SQL\",\n        \"online\": false\n    },\n    {\n        \"programId\": 8889,\n        \"programName\": \"Testing\",\n        \"programDescription\": \"Testing\",\n        \"online\": false\n    },\n    {\n        \"programId\": 8891,\n        \"programName\": \"1234\",\n        \"programDescription\": \"Testing\",\n        \"online\": false\n    },\n    {\n        \"programId\": 8892,\n        \"programName\": \"DS Algo\",\n        \"programDescription\": \"\",\n        \"online\": true\n    },\n    {\n        \"programId\": 8893,\n        \"programName\": \"SDET29\",\n        \"programDescription\": \"Testing\",\n        \"online\": true\n    },\n    {\n        \"programId\": 8894,\n        \"programName\": \"Testing modified\",\n        \"programDescription\": \"Testing modified\",\n        \"online\": true\n    },\n    {\n        \"programId\": 8895,\n        \"programName\": \"Testing modified\",\n        \"programDescription\": \"Testing modified\",\n        \"online\": true\n    },\n    {\n        \"programId\": 8896,\n        \"programName\": \"Testing modified\",\n        \"programDescription\": \"Testing modified\",\n        \"online\": true\n    },\n    {\n        \"programId\": 8897,\n        \"programName\": \"Testing modified\",\n        \"programDescription\": \"Testing modified\",\n        \"online\": true\n    },\n    {\n        \"programId\": 8898,\n        \"programName\": \"SDET26\",\n        \"programDescription\": \"Automation\",\n        \"online\": true\n    },\n    {\n        \"programId\": 8899,\n        \"programName\": \"SDET26\",\n        \"programDescription\": \"700\",\n        \"online\": true\n    },\n    {\n        \"programId\": 8900,\n        \"programName\": \"2h78\",\n        \"programDescription\": \"70\",\n        \"online\": true\n    },\n    {\n        \"programId\": 8901,\n        \"programName\": \"SDET26\",\n        \"programDescription\": \"Automation\",\n        \"online\": true\n    },\n    {\n        \"programId\": 8902,\n        \"programName\": \"SDET26\",\n        \"programDescription\": \"700\",\n        \"online\": true\n    },\n    {\n        \"programId\": 8903,\n        \"programName\": \"2h78\",\n        \"programDescription\": \"70\",\n        \"online\": true\n    },\n    {\n        \"programId\": 8904,\n        \"programName\": \"SDET26\",\n        \"programDescription\": \"Automation\",\n        \"online\": true\n    },\n    {\n        \"programId\": 8905,\n        \"programName\": \"SDET26\",\n        \"programDescription\": \"700\",\n        \"online\": true\n    },\n    {\n        \"programId\": 8906,\n        \"programName\": \"2h78\",\n        \"programDescription\": \"70\",\n        \"online\": true\n    },\n    {\n        \"programId\": 8907,\n        \"programName\": \"75g\",\n        \"programDescription\": \"num programname\",\n        \"online\": true\n    },\n    {\n        \"programId\": 8908,\n        \"programName\": \"num prog desc\",\n        \"programDescription\": \"75g\",\n        \"online\": true\n    },\n    {\n        \"programId\": 8909,\n        \"programName\": \"SDET26\",\n        \"programDescription\": \"Automation\",\n        \"online\": true\n    },\n    {\n        \"programId\": 8910,\n        \"programName\": \"SDET26\",\n        \"programDescription\": \"700\",\n        \"online\": true\n    },\n    {\n        \"programId\": 8911,\n        \"programName\": \"2h78\",\n        \"programDescription\": \"70\",\n        \"online\": true\n    },\n    {\n        \"programId\": 8912,\n        \"programName\": \"75g\",\n        \"programDescription\": \"num programname\",\n        \"online\": true\n    },\n    {\n        \"programId\": 8913,\n        \"programName\": \"num prog desc\",\n        \"programDescription\": \"75g\",\n        \"online\": true\n    },\n    {\n        \"programId\": 8914,\n        \"programName\": \"#@12g\",\n        \"programDescription\": \"special char pgname\",\n        \"online\": true\n    },\n    {\n        \"programId\": 8915,\n        \"programName\": \"SDET26\",\n        \"programDescription\": \"Automation\",\n        \"online\": true\n    },\n    {\n        \"programId\": 8916,\n        \"programName\": \"SDET26\",\n        \"programDescription\": \"700\",\n        \"online\": true\n    },\n    {\n        \"programId\": 8917,\n        \"programName\": \"2h78\",\n        \"programDescription\": \"70\",\n        \"online\": true\n    },\n    {\n        \"programId\": 8918,\n        \"programName\": \"75g\",\n        \"programDescription\": \"num programname\",\n        \"online\": true\n    },\n    {\n        \"programId\": 8919,\n        \"programName\": \"num prog desc\",\n        \"programDescription\": \"75g\",\n        \"online\": true\n    },\n    {\n        \"programId\": 8920,\n        \"programName\": \"78?\",\n        \"programDescription\": \"special char pgname\",\n        \"online\": true\n    },\n    {\n        \"programId\": 8921,\n        \"programName\": \"SDET26\",\n        \"programDescription\": \"Automation\",\n        \"online\": true\n    },\n    {\n        \"programId\": 8922,\n        \"programName\": \"SDET26\",\n        \"programDescription\": \"700\",\n        \"online\": true\n    },\n    {\n        \"programId\": 8923,\n        \"programName\": \"2h78\",\n        \"programDescription\": \"70\",\n        \"online\": true\n    },\n    {\n        \"programId\": 8924,\n        \"programName\": \"75g\",\n        \"programDescription\": \"num programname\",\n        \"online\": true\n    },\n    {\n        \"programId\": 8925,\n        \"programName\": \"num prog desc\",\n        \"programDescription\": \"75g\",\n        \"online\": true\n    },\n    {\n        \"programId\": 8926,\n        \"programName\": \"78\",\n        \"programDescription\": \"special char pgname\",\n        \"online\": true\n    },\n    {\n        \"programId\": 8927,\n        \"programName\": \"SDET26\",\n        \"programDescription\": \"Automation\",\n        \"online\": true\n    },\n    {\n        \"programId\": 8928,\n        \"programName\": \"SDET26\",\n        \"programDescription\": \"700\",\n        \"online\": true\n    },\n    {\n        \"programId\": 8929,\n        \"programName\": \"2h78\",\n        \"programDescription\": \"70\",\n        \"online\": true\n    },\n    {\n        \"programId\": 8930,\n        \"programName\": \"75g\",\n        \"programDescription\": \"num programname\",\n        \"online\": true\n    },\n    {\n        \"programId\": 8931,\n        \"programName\": \"num prog desc\",\n        \"programDescription\": \"75g\",\n        \"online\": true\n    },\n    {\n        \"programId\": 8932,\n        \"programName\": \"78\",\n        \"programDescription\": \"special char pgname\",\n        \"online\": true\n    },\n    {\n        \"programId\": 9274,\n        \"programName\": \"programName\",\n        \"programDescription\": \"programDescription\",\n        \"online\": true\n    },\n    {\n        \"programId\": 9275,\n        \"programName\": \"programName\",\n        \"programDescription\": \"programDescription\",\n        \"online\": true\n    },\n    {\n        \"programId\": 8935,\n        \"programName\": \"2h78\",\n        \"programDescription\": \"70\",\n        \"online\": true\n    },\n    {\n        \"programId\": 8936,\n        \"programName\": \"75g\",\n        \"programDescription\": \"num programname\",\n        \"online\": true\n    },\n    {\n        \"programId\": 8937,\n        \"programName\": \"num prog desc\",\n        \"programDescription\": \"75g\",\n        \"online\": true\n    },\n    {\n        \"programId\": 8938,\n        \"programName\": \"78&?\",\n        \"programDescription\": \"special char pgname\",\n        \"online\": true\n    },\n    {\n        \"programId\": 8939,\n        \"programName\": \"SDET26\",\n        \"programDescription\": \"Automation\",\n        \"online\": true\n    },\n    {\n        \"programId\": 8940,\n        \"programName\": \"SDET26\",\n        \"programDescription\": \"700\",\n        \"online\": true\n    },\n    {\n        \"programId\": 8941,\n        \"programName\": \"2h78\",\n        \"programDescription\": \"70\",\n        \"online\": true\n    },\n    {\n        \"programId\": 8942,\n        \"programName\": \"75g\",\n        \"programDescription\": \"num programname\",\n        \"online\": true\n    },\n    {\n        \"programId\": 8943,\n        \"programName\": \"num prog desc\",\n        \"programDescription\": \"75g\",\n        \"online\": true\n    },\n    {\n        \"programId\": 8944,\n        \"programName\": \"78&?\",\n        \"programDescription\": \"special char pgname\",\n        \"online\": true\n    },\n    {\n        \"programId\": 8946,\n        \"programName\": \"SDET28\",\n        \"programDescription\": \"Automation \",\n        \"online\": true\n    },\n    {\n        \"programId\": 8947,\n        \"programName\": \"Testing\",\n        \"programDescription\": \"Testing\",\n        \"online\": true\n    },\n    {\n        \"programId\": 8948,\n        \"programName\": \"Testing\",\n        \"programDescription\": \"\",\n        \"online\": true\n    },\n    {\n        \"programId\": 8949,\n        \"programName\": \"SQL\",\n        \"programDescription\": \"SQL\",\n        \"online\": false\n    },\n    {\n        \"programId\": 8950,\n        \"programName\": \"Testing\",\n        \"programDescription\": \"Testing\",\n        \"online\": false\n    },\n    {\n        \"programId\": 8952,\n        \"programName\": \"1234\",\n        \"programDescription\": \"Testing\",\n        \"online\": false\n    },\n    {\n        \"programId\": 8953,\n        \"programName\": \"DS Algo\",\n        \"programDescription\": \"\",\n        \"online\": true\n    },\n    {\n        \"programId\": 8954,\n        \"programName\": \"SDET29\",\n        \"programDescription\": \"Testing\",\n        \"online\": true\n    },\n    {\n        \"programId\": 8955,\n        \"programName\": \"SDET26\",\n        \"programDescription\": \"Automation\",\n        \"online\": true\n    },\n    {\n        \"programId\": 8956,\n        \"programName\": \"SDET26\",\n        \"programDescription\": \"700\",\n        \"online\": true\n    },\n    {\n        \"programId\": 8957,\n        \"programName\": \"2h78\",\n        \"programDescription\": \"70\",\n        \"online\": true\n    },\n    {\n        \"programId\": 8958,\n        \"programName\": \"75g\",\n        \"programDescription\": \"num programname\",\n        \"online\": true\n    },\n    {\n        \"programId\": 9330,\n        \"programName\": \"QUALTY ASSUANCE\",\n        \"programDescription\": null,\n        \"online\": false\n    },\n    {\n        \"programId\": 8960,\n        \"programName\": \"78&?\",\n        \"programDescription\": \"special char pgname\",\n        \"online\": true\n    },\n    {\n        \"programId\": 8961,\n        \"programName\": \"0.456\",\n        \"programDescription\": \"decimal pgname\",\n        \"online\": true\n    },\n    {\n        \"programId\": 8962,\n        \"programName\": \"SDET28\",\n        \"programDescription\": \"Automation \",\n        \"online\": true\n    },\n    {\n        \"programId\": 8963,\n        \"programName\": \"Testing\",\n        \"programDescription\": \"Testing\",\n        \"online\": true\n    },\n    {\n        \"programId\": 8964,\n        \"programName\": \"Testing\",\n        \"programDescription\": \"\",\n        \"online\": true\n    },\n    {\n        \"programId\": 8965,\n        \"programName\": \"SQL\",\n        \"programDescription\": \"SQL\",\n        \"online\": false\n    },\n    {\n        \"programId\": 8966,\n        \"programName\": \"Testing\",\n        \"programDescription\": \"Testing\",\n        \"online\": false\n    },\n    {\n        \"programId\": 8968,\n        \"programName\": \"1234\",\n        \"programDescription\": \"Testing\",\n        \"online\": false\n    },\n    {\n        \"programId\": 8969,\n        \"programName\": \"DS Algo\",\n        \"programDescription\": \"\",\n        \"online\": true\n    },\n    {\n        \"programId\": 8970,\n        \"programName\": \"SDET29\",\n        \"programDescription\": \"Testing\",\n        \"online\": true\n    },\n    {\n        \"programId\": 8971,\n        \"programName\": \"SDET26\",\n        \"programDescription\": \"Automation\",\n        \"online\": true\n    },\n    {\n        \"programId\": 8972,\n        \"programName\": \"SDET26\",\n        \"programDescription\": \"700\",\n        \"online\": true\n    },\n    {\n        \"programId\": 8973,\n        \"programName\": \"2h78\",\n        \"programDescription\": \"70\",\n        \"online\": true\n    },\n    {\n        \"programId\": 8974,\n        \"programName\": \"75g\",\n        \"programDescription\": \"num programname\",\n        \"online\": true\n    },\n    {\n        \"programId\": 8975,\n        \"programName\": \"num prog desc\",\n        \"programDescription\": \"75g\",\n        \"online\": true\n    },\n    {\n        \"programId\": 8976,\n        \"programName\": \"78&?\",\n        \"programDescription\": \"special char pgname\",\n        \"online\": true\n    },\n    {\n        \"programId\": 8977,\n        \"programName\": \"0.456\",\n        \"programDescription\": \"decimal pgname\",\n        \"online\": true\n    },\n    {\n        \"programId\": 8978,\n        \"programName\": \"SDET\",\n        \"programDescription\": \"Selenium Postman\",\n        \"online\": true\n    },\n    {\n        \"programId\": 8979,\n        \"programName\": \"1234\",\n        \"programDescription\": \"Manual Testing\",\n        \"online\": true\n    },\n    {\n        \"programId\": 8980,\n        \"programName\": \"Blank testing\",\n        \"programDescription\": \"\",\n        \"online\": false\n    },\n    {\n        \"programId\": 8981,\n        \"programName\": \"API Testing\",\n        \"programDescription\": \"RestAssured Postman\",\n        \"online\": false\n    },\n    {\n        \"programId\": 8982,\n        \"programName\": \"SDET\",\n        \"programDescription\": \"Selenium\",\n        \"online\": true\n    },\n    {\n        \"programId\": 8983,\n        \"programName\": \"API Testing\",\n        \"programDescription\": \"Selenium Postman\",\n        \"online\": false\n    },\n    {\n        \"programId\": 8985,\n        \"programName\": \"SDET\",\n        \"programDescription\": \"Selenium Postman\",\n        \"online\": true\n    },\n    {\n        \"programId\": 8986,\n        \"programName\": \"1234\",\n        \"programDescription\": \"Manual Testing\",\n        \"online\": true\n    },\n    {\n        \"programId\": 8987,\n        \"programName\": \"Blank testing\",\n        \"programDescription\": \"\",\n        \"online\": false\n    },\n    {\n        \"programId\": 8988,\n        \"programName\": \"API Testing\",\n        \"programDescription\": \"RestAssured Postman\",\n        \"online\": false\n    },\n    {\n        \"programId\": 8989,\n        \"programName\": \"SDET\",\n        \"programDescription\": \"Selenium\",\n        \"online\": true\n    },\n    {\n        \"programId\": 8990,\n        \"programName\": \"API Testing\",\n        \"programDescription\": \"Selenium Postman\",\n        \"online\": false\n    },\n    {\n        \"programId\": 8992,\n        \"programName\": \"Testing\",\n        \"programDescription\": \"Testing\",\n        \"online\": true\n    },\n    {\n        \"programId\": 8993,\n        \"programName\": \"Testing\",\n        \"programDescription\": \"AutomationTesting\",\n        \"online\": true\n    },\n    {\n        \"programId\": 8994,\n        \"programName\": \"SDET\",\n        \"programDescription\": \"Selenium Postman\",\n        \"online\": true\n    },\n    {\n        \"programId\": 8995,\n        \"programName\": \"1234\",\n        \"programDescription\": \"Manual Testing\",\n        \"online\": true\n    },\n    {\n        \"programId\": 8996,\n        \"programName\": \"Blank testing\",\n        \"programDescription\": \"\",\n        \"online\": false\n    },\n    {\n        \"programId\": 8997,\n        \"programName\": \"API Testing\",\n        \"programDescription\": \"RestAssured Postman\",\n        \"online\": false\n    },\n    {\n        \"programId\": 8998,\n        \"programName\": \"SDET\",\n        \"programDescription\": \"Selenium\",\n        \"online\": true\n    },\n    {\n        \"programId\": 8999,\n        \"programName\": \"API Testing\",\n        \"programDescription\": \"Selenium Postman\",\n        \"online\": false\n    },\n    {\n        \"programId\": 9001,\n        \"programName\": \"Testing\",\n        \"programDescription\": \"Testing\",\n        \"online\": true\n    },\n    {\n        \"programId\": 9002,\n        \"programName\": \"Testing\",\n        \"programDescription\": \"AutomationTesting\",\n        \"online\": true\n    },\n    {\n        \"programId\": 9003,\n        \"programName\": \"Testing\",\n        \"programDescription\": \"Testing\",\n        \"online\": true\n    },\n    {\n        \"programId\": 9004,\n        \"programName\": \"Testing\",\n        \"programDescription\": \"Testing\",\n        \"online\": true\n    },\n    {\n        \"programId\": 9312,\n        \"programName\": \"QAf\",\n        \"programDescription\": \"BASICS\",\n        \"online\": true\n    },\n    {\n        \"programId\": 9006,\n        \"programName\": \"Testing\",\n        \"programDescription\": \"Shr-Testing\",\n        \"online\": true\n    },\n    {\n        \"programId\": 9010,\n        \"programName\": \"QUALTY ASSUANCE\",\n        \"programDescription\": \"Automation testing\",\n        \"online\": true\n    },\n    {\n        \"programId\": 9021,\n        \"programName\": \"QUALITY ASSURANCE\",\n        \"programDescription\": \"Automation testing\",\n        \"online\": true\n    },\n    {\n        \"programId\": 9008,\n        \"programName\": \"Testing\",\n        \"programDescription\": \"Testing-Shr2\",\n        \"online\": true\n    },\n    {\n        \"programId\": 9041,\n        \"programName\": \"QA\",\n        \"programDescription\": \"BASICS\",\n        \"online\": true\n    },\n    {\n        \"programId\": 9009,\n        \"programName\": \"Testing\",\n        \"programDescription\": \"Testing-Shr3\",\n        \"online\": true\n    },\n    {\n        \"programId\": 9011,\n        \"programName\": \"Testing\",\n        \"programDescription\": \"Testing-Shr4\",\n        \"online\": true\n    },\n    {\n        \"programId\": 9350,\n        \"programName\": \"Csharp\",\n        \"programDescription\": \"Testing\",\n        \"online\": true\n    },\n    {\n        \"programId\": 9024,\n        \"programName\": \"QUALITY ASSURANCE\",\n        \"programDescription\": \"Automation testing\",\n        \"online\": true\n    },\n    {\n        \"programId\": 9351,\n        \"programName\": \"Csharp Modified\",\n        \"programDescription\": \"Testing Modified\",\n        \"online\": true\n    },\n    {\n        \"programId\": 9352,\n        \"programName\": \"Cypress Modified\",\n        \"programDescription\": \"Testing edited Modified\",\n        \"online\": false\n    },\n    {\n        \"programId\": 9015,\n        \"programName\": \"Testing modified\",\n        \"programDescription\": \"Testing modified\",\n        \"online\": true\n    },\n    {\n        \"programId\": 9016,\n        \"programName\": \"Testing\",\n        \"programDescription\": \"Testing\",\n        \"online\": true\n    },\n    {\n        \"programId\": 9017,\n        \"programName\": \"Testing modified from postman\",\n        \"programDescription\": \"Testing modified\",\n        \"online\": true\n    },\n    {\n        \"programId\": 9018,\n        \"programName\": \"Testing\",\n        \"programDescription\": \"Testing\",\n        \"online\": true\n    },\n    {\n        \"programId\": 9019,\n        \"programName\": \"aathi\",\n        \"programDescription\": \"aathi\",\n        \"online\": true\n    },\n    {\n        \"programId\": 9022,\n        \"programName\": \"QUALITY ASSURANCE\",\n        \"programDescription\": \"Automation testing\",\n        \"online\": true\n    },\n    {\n        \"programId\": 9023,\n        \"programName\": \"QUALITY ASSURANCE\",\n        \"programDescription\": \"Automation testing\",\n        \"online\": true\n    },\n    {\n        \"programId\": 9025,\n        \"programName\": \"QUALITY ASSURANCE\",\n        \"programDescription\": \"Automation testing\",\n        \"online\": true\n    },\n    {\n        \"programId\": 9027,\n        \"programName\": \"java\",\n        \"programDescription\": \"Basics of java\",\n        \"online\": true\n    },\n    {\n        \"programId\": 9030,\n        \"programName\": \"QA\",\n        \"programDescription\": \"Automation Testing\",\n        \"online\": true\n    },\n    {\n        \"programId\": 9031,\n        \"programName\": \"QA\",\n        \"programDescription\": \"Automation Testing\",\n        \"online\": true\n    },\n    {\n        \"programId\": 9032,\n        \"programName\": \"QA\",\n        \"programDescription\": \"Automation Testing\",\n        \"online\": true\n    },\n    {\n        \"programId\": 9033,\n        \"programName\": \"QA\",\n        \"programDescription\": \"Automation Testing\",\n        \"online\": true\n    },\n    {\n        \"programId\": 9034,\n        \"programName\": \"QA\",\n        \"programDescription\": \"Automation Testing\",\n        \"online\": true\n    },\n    {\n        \"programId\": 9035,\n        \"programName\": \"QA\",\n        \"programDescription\": \"Automation Testing\",\n        \"online\": true\n    },\n    {\n        \"programId\": 9037,\n        \"programName\": \"SDET\",\n        \"programDescription\": \"QA\",\n        \"online\": true\n    },\n    {\n        \"programId\": 9026,\n        \"programName\": \"SDET\",\n        \"programDescription\": \"QA\",\n        \"online\": true\n    },\n    {\n        \"programId\": 9040,\n        \"programName\": \"string\",\n        \"programDescription\": \"string\",\n        \"online\": true\n    },\n    {\n        \"programId\": 9020,\n        \"programName\": \"string\",\n        \"programDescription\": \"string\",\n        \"online\": true\n    },\n    {\n        \"programId\": 9043,\n        \"programName\": \"QA\",\n        \"programDescription\": \"BASICS\",\n        \"online\": true\n    },\n    {\n        \"programId\": 9047,\n        \"programName\": \"SDT\",\n        \"programDescription\": \"SDET102\",\n        \"online\": false\n    },\n    {\n        \"programId\": 9048,\n        \"programName\": \"SDT\",\n        \"programDescription\": \"SDET102\",\n        \"online\": false\n    },\n    {\n        \"programId\": 9049,\n        \"programName\": \"DS\",\n        \"programDescription\": \"DS102\",\n        \"online\": false\n    },\n    {\n        \"programId\": 9050,\n        \"programName\": \"DS\",\n        \"programDescription\": \"DS102\",\n        \"online\": false\n    },\n    {\n        \"programId\": 9052,\n        \"programName\": \"sdt\",\n        \"programDescription\": \"sSDET202\",\n        \"online\": false\n    },\n    {\n        \"programId\": 9051,\n        \"programName\": \"sdt\",\n        \"programDescription\": \"sSDET202\",\n        \"online\": false\n    },\n    {\n        \"programId\": 9053,\n        \"programName\": \"ds\",\n        \"programDescription\": \"DS202\",\n        \"online\": false\n    },\n    {\n        \"programId\": 9054,\n        \"programName\": \"ds\",\n        \"programDescription\": \"DS202\",\n        \"online\": false\n    },\n    {\n        \"programId\": 9055,\n        \"programName\": \"string\",\n        \"programDescription\": \"string\",\n        \"online\": true\n    },\n    {\n        \"programId\": 9056,\n        \"programName\": \"Software Development in Test\",\n        \"programDescription\": \"SDET102\",\n        \"online\": false\n    },\n    {\n        \"programId\": 9057,\n        \"programName\": \"Data Science\",\n        \"programDescription\": \"DS102\",\n        \"online\": false\n    },\n    {\n        \"programId\": 9058,\n        \"programName\": \"Software Development in Test\",\n        \"programDescription\": \"SDET202\",\n        \"online\": false\n    },\n    {\n        \"programId\": 9059,\n        \"programName\": \"Data Science\",\n        \"programDescription\": \"DS202\",\n        \"online\": false\n    },\n    {\n        \"programId\": 9060,\n        \"programName\": \"VideoGame\",\n        \"programDescription\": \"user friendly\",\n        \"online\": true\n    },\n    {\n        \"programId\": 9062,\n        \"programName\": \"cucumber learning part 1 modified\",\n        \"programDescription\": \"cucumber learning part 1\",\n        \"online\": false\n    },\n    {\n        \"programId\": 9064,\n        \"programName\": \"cucumber learning part 1 modified\",\n        \"programDescription\": \"cucumber learning part 1\",\n        \"online\": false\n    },\n    {\n        \"programId\": 9065,\n        \"programName\": \"Scrum Master\",\n        \"programDescription\": \"Agile\",\n        \"online\": false\n    },\n    {\n        \"programId\": 9066,\n        \"programName\": \"Scrum Mastermodified\",\n        \"programDescription\": \"Agilemodified\",\n        \"online\": false\n    },\n    {\n        \"programId\": 9067,\n        \"programName\": \"Automation\",\n        \"programDescription\": \"Selinium\",\n        \"online\": false\n    },\n    {\n        \"programId\": 9068,\n        \"programName\": \"Automationmodified\",\n        \"programDescription\": \"Seliniummodified\",\n        \"online\": false\n    },\n    {\n        \"programId\": 9155,\n        \"programName\": \"SDET26\",\n        \"programDescription\": \"Automation testing\",\n        \"online\": true\n    },\n    {\n        \"programId\": 9070,\n        \"programName\": \"string\",\n        \"programDescription\": \"string\",\n        \"online\": true\n    },\n    {\n        \"programId\": 9071,\n        \"programName\": \"Selenium\",\n        \"programDescription\": \"Automation Testing\",\n        \"online\": true\n    },\n    {\n        \"programId\": 9156,\n        \"programName\": \"DS\",\n        \"programDescription\": \"data science\",\n        \"online\": false\n    },\n    {\n        \"programId\": 9157,\n        \"programName\": \"Scrum Master\",\n        \"programDescription\": \"Agile\",\n        \"online\": false\n    },\n    {\n        \"programId\": 9075,\n        \"programName\": \"SDET-39\",\n        \"programDescription\": \"QA Batch\",\n        \"online\": true\n    },\n    {\n        \"programId\": 9076,\n        \"programName\": \"SDET-39\",\n        \"programDescription\": \"QA Batch\",\n        \"online\": true\n    },\n    {\n        \"programId\": 9077,\n        \"programName\": \"SDET-39\",\n        \"programDescription\": null,\n        \"online\": true\n    },\n    {\n        \"programId\": 9079,\n        \"programName\": \"Selenium\",\n        \"programDescription\": \"Automation Testing\",\n        \"online\": true\n    },\n    {\n        \"programId\": 9080,\n        \"programName\": \"Jmeter\",\n        \"programDescription\": \"Performance Testing\",\n        \"online\": true\n    },\n    {\n        \"programId\": 9083,\n        \"programName\": \"SDET-39\",\n        \"programDescription\": \"QA Batch\",\n        \"online\": true\n    },\n    {\n        \"programId\": 9086,\n        \"programName\": \"SDET-39\",\n        \"programDescription\": \"QA Batch\",\n        \"online\": true\n    },\n    {\n        \"programId\": 9088,\n        \"programName\": \"SDET-39\",\n        \"programDescription\": null,\n        \"online\": true\n    },\n    {\n        \"programId\": 9089,\n        \"programName\": \"SDET-39\",\n        \"programDescription\": null,\n        \"online\": false\n    },\n    {\n        \"programId\": 9158,\n        \"programName\": \"Scrum Mastermodified\",\n        \"programDescription\": \"Agilemodified\",\n        \"online\": false\n    },\n    {\n        \"programId\": 9092,\n        \"programName\": \"SDET-39\",\n        \"programDescription\": \"QA Batch\",\n        \"online\": true\n    },\n    {\n        \"programId\": 9159,\n        \"programName\": \"Automation\",\n        \"programDescription\": \"Selinium\",\n        \"online\": false\n    },\n    {\n        \"programId\": 9094,\n        \"programName\": \"string\",\n        \"programDescription\": \"string\",\n        \"online\": true\n    },\n    {\n        \"programId\": 9095,\n        \"programName\": \"string\",\n        \"programDescription\": \"string\",\n        \"online\": true\n    },\n    {\n        \"programId\": 9096,\n        \"programName\": \"testing\",\n        \"programDescription\": \"testing\",\n        \"online\": true\n    },\n    {\n        \"programId\": 9097,\n        \"programName\": \"testing\",\n        \"programDescription\": \"testing\",\n        \"online\": true\n    },\n    {\n        \"programId\": 9098,\n        \"programName\": \"testing\",\n        \"programDescription\": \"testing\",\n        \"online\": true\n    },\n    {\n        \"programId\": 9099,\n        \"programName\": \"string\",\n        \"programDescription\": \"string\",\n        \"online\": true\n    },\n    {\n        \"programId\": 9100,\n        \"programName\": \"testing\",\n        \"programDescription\": \"testing\",\n        \"online\": true\n    },\n    {\n        \"programId\": 9101,\n        \"programName\": \"testing modified\",\n        \"programDescription\": null,\n        \"online\": true\n    },\n    {\n        \"programId\": 9102,\n        \"programName\": \"Testing modified\",\n        \"programDescription\": null,\n        \"online\": true\n    },\n    {\n        \"programId\": 9103,\n        \"programName\": \"string\",\n        \"programDescription\": \"string\",\n        \"online\": true\n    },\n    {\n        \"programId\": 9104,\n        \"programName\": \"Testing modified\",\n        \"programDescription\": \"Testing modified\",\n        \"online\": true\n    },\n    {\n        \"programId\": 9105,\n        \"programName\": \"Testing modified\",\n        \"programDescription\": null,\n        \"online\": true\n    },\n    {\n        \"programId\": 9106,\n        \"programName\": \"Testing modified\",\n        \"programDescription\": \"Testing modified\",\n        \"online\": true\n    },\n    {\n        \"programId\": 9107,\n        \"programName\": \"Testing modified\",\n        \"programDescription\": \"Testing modified\",\n        \"online\": true\n    },\n    {\n        \"programId\": 9108,\n        \"programName\": \"Testing modified\",\n        \"programDescription\": \"Testing modified\",\n        \"online\": true\n    },\n    {\n        \"programId\": 9109,\n        \"programName\": \"Testing modified\",\n        \"programDescription\": null,\n        \"online\": true\n    },\n    {\n        \"programId\": 9111,\n        \"programName\": \"Testing modified\",\n        \"programDescription\": null,\n        \"online\": true\n    },\n    {\n        \"programId\": 9110,\n        \"programName\": \"Testing modified\",\n        \"programDescription\": null,\n        \"online\": true\n    },\n    {\n        \"programId\": 9112,\n        \"programName\": \"Testing modified\",\n        \"programDescription\": \"Testing modified\",\n        \"online\": true\n    },\n    {\n        \"programId\": 9114,\n        \"programName\": \"string\",\n        \"programDescription\": \"string\",\n        \"online\": true\n    },\n    {\n        \"programId\": 9160,\n        \"programName\": \"Automationmodified\",\n        \"programDescription\": \"Seliniummodified\",\n        \"online\": false\n    },\n    {\n        \"programId\": 9113,\n        \"programName\": \"SDET-39 Updated V2\",\n        \"programDescription\": \"updated through put V2\",\n        \"online\": true\n    },\n    {\n        \"programId\": 9125,\n        \"programName\": \"doing good\",\n        \"programDescription\": \"sdet 39\",\n        \"online\": true\n    },\n    {\n        \"programId\": 9126,\n        \"programName\": \"gtr\",\n        \"programDescription\": \"stb\",\n        \"online\": true\n    },\n    {\n        \"programId\": 9127,\n        \"programName\": \"gtr\",\n        \"programDescription\": \"stb\",\n        \"online\": true\n    },\n    {\n        \"programId\": 9128,\n        \"programName\": \"gtr\",\n        \"programDescription\": \"stb\",\n        \"online\": true\n    },\n    {\n        \"programId\": 9129,\n        \"programName\": \"gtr\",\n        \"programDescription\": \"stb\",\n        \"online\": true\n    },\n    {\n        \"programId\": 9131,\n        \"programName\": \"string\",\n        \"programDescription\": \"string\",\n        \"online\": true\n    },\n    {\n        \"programId\": 9132,\n        \"programName\": \"SDET\",\n        \"programDescription\": \"Selenium Postman\",\n        \"online\": true\n    },\n    {\n        \"programId\": 9133,\n        \"programName\": \"1234\",\n        \"programDescription\": \"Manual Testing\",\n        \"online\": true\n    },\n    {\n        \"programId\": 9134,\n        \"programName\": \"Blank testing\",\n        \"programDescription\": \"\",\n        \"online\": false\n    },\n    {\n        \"programId\": 9135,\n        \"programName\": \"API Testing\",\n        \"programDescription\": \"RestAssured Postman\",\n        \"online\": false\n    },\n    {\n        \"programId\": 9136,\n        \"programName\": \"SDET\",\n        \"programDescription\": \"Selenium\",\n        \"online\": true\n    },\n    {\n        \"programId\": 9137,\n        \"programName\": \"SME\",\n        \"programDescription\": \"HealthCare\",\n        \"online\": false\n    },\n    {\n        \"programId\": 9138,\n        \"programName\": \"Scrum Master\",\n        \"programDescription\": \"Agile\",\n        \"online\": false\n    },\n    {\n        \"programId\": 9139,\n        \"programName\": \"Backend Developer\",\n        \"programDescription\": \"Sql Developer\",\n        \"online\": false\n    },\n    {\n        \"programId\": 9140,\n        \"programName\": \"VideoGame\",\n        \"programDescription\": \"user friendly\",\n        \"online\": true\n    },\n    {\n        \"programId\": 9145,\n        \"programName\": \"SME\",\n        \"programDescription\": \"HealthCare\",\n        \"online\": false\n    },\n    {\n        \"programId\": 9146,\n        \"programName\": \"Scrum Master\",\n        \"programDescription\": \"Agile\",\n        \"online\": false\n    },\n    {\n        \"programId\": 9147,\n        \"programName\": \"Backend Developer\",\n        \"programDescription\": \"Sql Developer\",\n        \"online\": false\n    },\n    {\n        \"programId\": 9148,\n        \"programName\": \"SDET26\",\n        \"programDescription\": \"Automation testing\",\n        \"online\": true\n    },\n    {\n        \"programId\": 9149,\n        \"programName\": \"DS\",\n        \"programDescription\": \"data science\",\n        \"online\": false\n    },\n    {\n        \"programId\": 9150,\n        \"programName\": \"SME\",\n        \"programDescription\": \"HealthCare\",\n        \"online\": false\n    },\n    {\n        \"programId\": 9151,\n        \"programName\": \"Scrum Master\",\n        \"programDescription\": \"Agile\",\n        \"online\": false\n    },\n    {\n        \"programId\": 9152,\n        \"programName\": \"Backend Developer\",\n        \"programDescription\": \"Sql Developer\",\n        \"online\": false\n    },\n    {\n        \"programId\": 9153,\n        \"programName\": \"SDET26\",\n        \"programDescription\": \"management\",\n        \"online\": true\n    },\n    {\n        \"programId\": 9154,\n        \"programName\": \"SDET\",\n        \"programDescription\": \"api\",\n        \"online\": true\n    },\n    {\n        \"programId\": 9189,\n        \"programName\": \"Python programming\",\n        \"programDescription\": \"Learn Python\",\n        \"online\": true\n    },\n    {\n        \"programId\": 9167,\n        \"programName\": \"SDET26\",\n        \"programDescription\": \"Automation testing\",\n        \"online\": true\n    },\n    {\n        \"programId\": 9168,\n        \"programName\": \"DS\",\n        \"programDescription\": \"data science\",\n        \"online\": false\n    },\n    {\n        \"programId\": 9169,\n        \"programName\": \"SDET26\",\n        \"programDescription\": \"Automation testing\",\n        \"online\": true\n    },\n    {\n        \"programId\": 9170,\n        \"programName\": \"DS\",\n        \"programDescription\": \"data science\",\n        \"online\": false\n    },\n    {\n        \"programId\": 9171,\n        \"programName\": \"SDET26\",\n        \"programDescription\": \"management\",\n        \"online\": true\n    },\n    {\n        \"programId\": 9172,\n        \"programName\": \"SDET\",\n        \"programDescription\": \"api\",\n        \"online\": true\n    },\n    {\n        \"programId\": 9173,\n        \"programName\": \"SDET26\",\n        \"programDescription\": \"Automation testing\",\n        \"online\": true\n    },\n    {\n        \"programId\": 9174,\n        \"programName\": \"DS\",\n        \"programDescription\": \"data science\",\n        \"online\": false\n    },\n    {\n        \"programId\": 9175,\n        \"programName\": \"SDET26\",\n        \"programDescription\": \"Automation testing\",\n        \"online\": true\n    },\n    {\n        \"programId\": 9176,\n        \"programName\": \"DS\",\n        \"programDescription\": \"data science\",\n        \"online\": false\n    },\n    {\n        \"programId\": 9190,\n        \"programName\": \"API testing\",\n        \"programDescription\": \"Testing using Postman \",\n        \"online\": true\n    },\n    {\n        \"programId\": 9178,\n        \"programName\": \"API\",\n        \"programDescription\": \"Automation Testing\",\n        \"online\": false\n    },\n    {\n        \"programId\": 9179,\n        \"programName\": \"API\",\n        \"programDescription\": \"Automation Testing\",\n        \"online\": false\n    },\n    {\n        \"programId\": 9180,\n        \"programName\": \"API\",\n        \"programDescription\": \"Automation Testing\",\n        \"online\": false\n    },\n    {\n        \"programId\": 9191,\n        \"programName\": \"Python programming\",\n        \"programDescription\": \"Learn Python\",\n        \"online\": true\n    },\n    {\n        \"programId\": 9183,\n        \"programName\": \"Selenium\",\n        \"programDescription\": \"Automation Testing\",\n        \"online\": true\n    },\n    {\n        \"programId\": 9192,\n        \"programName\": \"API testing\",\n        \"programDescription\": \"Testing using Postman \",\n        \"online\": true\n    },\n    {\n        \"programId\": 9185,\n        \"programName\": \"Python programming\",\n        \"programDescription\": \"Learn Python\",\n        \"online\": true\n    },\n    {\n        \"programId\": 9186,\n        \"programName\": \"API testing\",\n        \"programDescription\": \"Testing using Postman \",\n        \"online\": true\n    },\n    {\n        \"programId\": 9187,\n        \"programName\": \"Python programming\",\n        \"programDescription\": \"Learn Python\",\n        \"online\": true\n    },\n    {\n        \"programId\": 9188,\n        \"programName\": \"API testing\",\n        \"programDescription\": \"Testing using Postman \",\n        \"online\": true\n    },\n    {\n        \"programId\": 9193,\n        \"programName\": \"Python programming\",\n        \"programDescription\": \"Learn Python\",\n        \"online\": true\n    },\n    {\n        \"programId\": 9194,\n        \"programName\": \"API testing\",\n        \"programDescription\": \"Testing using Postman \",\n        \"online\": true\n    },\n    {\n        \"programId\": 9195,\n        \"programName\": \"Python programming\",\n        \"programDescription\": \"Learn Python\",\n        \"online\": true\n    },\n    {\n        \"programId\": 9196,\n        \"programName\": \"API testing\",\n        \"programDescription\": \"Testing using Postman \",\n        \"online\": true\n    },\n    {\n        \"programId\": 9197,\n        \"programName\": \"SDET26\",\n        \"programDescription\": \"Automation testing\",\n        \"online\": true\n    },\n    {\n        \"programId\": 9198,\n        \"programName\": \"DS\",\n        \"programDescription\": \"data science\",\n        \"online\": false\n    },\n    {\n        \"programId\": 9199,\n        \"programName\": \"SDET26\",\n        \"programDescription\": \"Automation testing\",\n        \"online\": true\n    },\n    {\n        \"programId\": 9200,\n        \"programName\": \"DS\",\n        \"programDescription\": \"data science\",\n        \"online\": false\n    },\n    {\n        \"programId\": 9201,\n        \"programName\": \"SDET26\",\n        \"programDescription\": \"Automation testing\",\n        \"online\": true\n    },\n    {\n        \"programId\": 9202,\n        \"programName\": \"DS\",\n        \"programDescription\": \"data science\",\n        \"online\": false\n    },\n    {\n        \"programId\": 9203,\n        \"programName\": \"SDET26\",\n        \"programDescription\": \"Automation testing\",\n        \"online\": true\n    },\n    {\n        \"programId\": 9204,\n        \"programName\": \"DS\",\n        \"programDescription\": \"data science\",\n        \"online\": false\n    },\n    {\n        \"programId\": 9205,\n        \"programName\": \"SDET26\",\n        \"programDescription\": \"Automation testing\",\n        \"online\": true\n    },\n    {\n        \"programId\": 9206,\n        \"programName\": \"DS\",\n        \"programDescription\": \"data science\",\n        \"online\": false\n    },\n    {\n        \"programId\": 9207,\n        \"programName\": \"SDET26\",\n        \"programDescription\": \"management\",\n        \"online\": true\n    },\n    {\n        \"programId\": 9208,\n        \"programName\": \"SDET\",\n        \"programDescription\": \"api\",\n        \"online\": true\n    },\n    {\n        \"programId\": 9209,\n        \"programName\": \"SDET26\",\n        \"programDescription\": \"management\",\n        \"online\": true\n    },\n    {\n        \"programId\": 9210,\n        \"programName\": \"SDET\",\n        \"programDescription\": \"api\",\n        \"online\": true\n    },\n    {\n        \"programId\": 9212,\n        \"programName\": \"SDET\",\n        \"programDescription\": \"api\",\n        \"online\": true\n    },\n    {\n        \"programId\": 9213,\n        \"programName\": \"SDET26\",\n        \"programDescription\": \"management\",\n        \"online\": true\n    },\n    {\n        \"programId\": 9214,\n        \"programName\": \"SDET\",\n        \"programDescription\": \"api\",\n        \"online\": true\n    },\n    {\n        \"programId\": 9276,\n        \"programName\": \"updated\",\n        \"programDescription\": \"updated\",\n        \"online\": true\n    },\n    {\n        \"programId\": 9277,\n        \"programName\": \"geeta\",\n        \"programDescription\": \"ID\",\n        \"online\": true\n    },\n    {\n        \"programId\": 9278,\n        \"programName\": \"geeta\",\n        \"programDescription\": \"ID\",\n        \"online\": true\n    },\n    {\n        \"programId\": 9279,\n        \"programName\": \"geeta\",\n        \"programDescription\": \"ID\",\n        \"online\": true\n    },\n    {\n        \"programId\": 9280,\n        \"programName\": \"geeta\",\n        \"programDescription\": \"ID\",\n        \"online\": true\n    },\n    {\n        \"programId\": 9313,\n        \"programName\": \"LMSTesting\",\n        \"programDescription\": \"LMSTesting by nikita \",\n        \"online\": true\n    },\n    {\n        \"programId\": 9334,\n        \"programName\": \"QUALITY ASSURANCE\",\n        \"programDescription\": \"Automation testing\",\n        \"online\": true\n    },\n    {\n        \"programId\": 9336,\n        \"programName\": \"f\",\n        \"programDescription\": \"Automation testing\",\n        \"online\": true\n    },\n    {\n        \"programId\": 9337,\n        \"programName\": \"f\",\n        \"programDescription\": \"Automation testing\",\n        \"online\": true\n    },\n    {\n        \"programId\": 9338,\n        \"programName\": \"f\",\n        \"programDescription\": \"Automation testing\",\n        \"online\": true\n    },\n    {\n        \"programId\": 9356,\n        \"programName\": \"Testing modified\",\n        \"programDescription\": \"Testing modified\",\n        \"online\": true\n    },\n    {\n        \"programId\": 9361,\n        \"programName\": \"batman\",\n        \"programDescription\": \"string\",\n        \"online\": true\n    },\n    {\n        \"programId\": 9362,\n        \"programName\": \"unix\",\n        \"programDescription\": \"string\",\n        \"online\": true\n    },\n    {\n        \"programId\": 9363,\n        \"programName\": \"linux\",\n        \"programDescription\": \"core java\",\n        \"online\": true\n    },\n    {\n        \"programId\": 9364,\n        \"programName\": \"Multipal Digit Testing\",\n        \"programDescription\": \"Program ID Testing\",\n        \"online\": true\n    },\n    {\n        \"programId\": 9365,\n        \"programName\": \"ironman\",\n        \"programDescription\": \"Agile\",\n        \"online\": true\n    },\n    {\n        \"programId\": 9366,\n        \"programName\": \"Application Support\",\n        \"programDescription\": \"java\",\n        \"online\": true\n    },\n    {\n        \"programId\": 9368,\n        \"programName\": \"batman\",\n        \"programDescription\": \"string\",\n        \"online\": true\n    },\n    {\n        \"programId\": 9369,\n        \"programName\": \"unix\",\n        \"programDescription\": \"string\",\n        \"online\": true\n    },\n    {\n        \"programId\": 9370,\n        \"programName\": \"linux\",\n        \"programDescription\": \"core java\",\n        \"online\": true\n    },\n    {\n        \"programId\": 9371,\n        \"programName\": \"Multipal Digit Testing\",\n        \"programDescription\": \"Program ID Testing\",\n        \"online\": true\n    },\n    {\n        \"programId\": 9372,\n        \"programName\": \"ironman\",\n        \"programDescription\": \"Agile\",\n        \"online\": true\n    },\n    {\n        \"programId\": 9373,\n        \"programName\": \"Application Support\",\n        \"programDescription\": \"java\",\n        \"online\": true\n    },\n    {\n        \"programId\": 9374,\n        \"programName\": \"batman\",\n        \"programDescription\": \"string\",\n        \"online\": true\n    },\n    {\n        \"programId\": 9375,\n        \"programName\": \"unix\",\n        \"programDescription\": \"string\",\n        \"online\": true\n    },\n    {\n        \"programId\": 9376,\n        \"programName\": \"linux\",\n        \"programDescription\": \"core java\",\n        \"online\": true\n    },\n    {\n        \"programId\": 9377,\n        \"programName\": \"Multipal Digit Testing\",\n        \"programDescription\": \"Program ID Testing\",\n        \"online\": true\n    },\n    {\n        \"programId\": 9378,\n        \"programName\": \"ironman\",\n        \"programDescription\": \"Agile\",\n        \"online\": true\n    },\n    {\n        \"programId\": 9379,\n        \"programName\": \"Application Support\",\n        \"programDescription\": \"java\",\n        \"online\": true\n    },\n    {\n        \"programId\": 9381,\n        \"programName\": \"SDET\",\n        \"programDescription\": \"SDET20\",\n        \"online\": true\n    },\n    {\n        \"programId\": 9551,\n        \"programName\": \"batman\",\n        \"programDescription\": \"string\",\n        \"online\": true\n    },\n    {\n        \"programId\": 9386,\n        \"programName\": \"DataScience\",\n        \"programDescription\": \"DataScience\",\n        \"online\": true\n    },\n    {\n        \"programId\": 9552,\n        \"programName\": \"unix\",\n        \"programDescription\": \"string\",\n        \"online\": true\n    },\n    {\n        \"programId\": 2134,\n        \"programName\": \"Java\",\n        \"programDescription\": \"Developer\",\n        \"online\": true\n    },\n    {\n        \"programId\": 9408,\n        \"programName\": \"Devops\",\n        \"programDescription\": \"New Devops\",\n        \"online\": true\n    },\n    {\n        \"programId\": 9412,\n        \"programName\": \"Java123\",\n        \"programDescription\": \"Developer\",\n        \"online\": true\n    },\n    {\n        \"programId\": 9418,\n        \"programName\": \"cucumber learning modified\",\n        \"programDescription\": \"cucumber learning\",\n        \"online\": false\n    },\n    {\n        \"programId\": 9420,\n        \"programName\": \"programName Volcano1\",\n        \"programDescription\": \"programDescription TestPUT1\",\n        \"online\": true\n    },\n    {\n        \"programId\": 9434,\n        \"programName\": \"Devops\",\n        \"programDescription\": \"New Devops\",\n        \"online\": true\n    },\n    {\n        \"programId\": 9436,\n        \"programName\": \"Devops\",\n        \"programDescription\": \"New Devops\",\n        \"online\": true\n    },\n    {\n        \"programId\": 9440,\n        \"programName\": \"Devops\",\n        \"programDescription\": \"New Devops\",\n        \"online\": true\n    },\n    {\n        \"programId\": 9442,\n        \"programName\": \"Devops\",\n        \"programDescription\": \"New devops program\",\n        \"online\": false\n    },\n    {\n        \"programId\": 9443,\n        \"programName\": \"Devops\",\n        \"programDescription\": \"New Devops\",\n        \"online\": true\n    },\n    {\n        \"programId\": 9448,\n        \"programName\": \"string\",\n        \"programDescription\": \"string\",\n        \"online\": true\n    },\n    {\n        \"programId\": 9449,\n        \"programName\": \"Testing modified\",\n        \"programDescription\": \"Testing modified\",\n        \"online\": true\n    },\n    {\n        \"programId\": 9450,\n        \"programName\": \"Testing modified\",\n        \"programDescription\": \"Testing modified\",\n        \"online\": true\n    },\n    {\n        \"programId\": 9451,\n        \"programName\": \"Testing modified\",\n        \"programDescription\": \"Testing modified\",\n        \"online\": true\n    },\n    {\n        \"programId\": 9452,\n        \"programName\": \"Testing modified\",\n        \"programDescription\": \"Testing modified\",\n        \"online\": true\n    },\n    {\n        \"programId\": 9453,\n        \"programName\": \"Testing modified\",\n        \"programDescription\": \"Testing modified\",\n        \"online\": true\n    },\n    {\n        \"programId\": 9454,\n        \"programName\": \"Testing modified\",\n        \"programDescription\": \"Testing modified\",\n        \"online\": true\n    },\n    {\n        \"programId\": 9553,\n        \"programName\": \"linux\",\n        \"programDescription\": \"core java\",\n        \"online\": true\n    },\n    {\n        \"programId\": 9484,\n        \"programName\": \"LMS Automation\",\n        \"programDescription\": \"LMS API Testing\",\n        \"online\": true\n    },\n    {\n        \"programId\": 9489,\n        \"programName\": \"API Testing1\",\n        \"programDescription\": \"Testing2\",\n        \"online\": false\n    },\n    {\n        \"programId\": 9490,\n        \"programName\": \"Testing\",\n        \"programDescription\": \"Testing\",\n        \"online\": true\n    },\n    {\n        \"programId\": 9497,\n        \"programName\": \"API\",\n        \"programDescription\": \"API\",\n        \"online\": true\n    },\n    {\n        \"programId\": 9554,\n        \"programName\": \"Multipal Digit Testing\",\n        \"programDescription\": \"Program ID Testing\",\n        \"online\": true\n    },\n    {\n        \"programId\": 9504,\n        \"programName\": \"Testing\",\n        \"programDescription\": \"Testing\",\n        \"online\": true\n    },\n    {\n        \"programId\": 9505,\n        \"programName\": \"Testing\",\n        \"programDescription\": \"Testing\",\n        \"online\": true\n    },\n    {\n        \"programId\": 9507,\n        \"programName\": \"Test updated\",\n        \"programDescription\": \"Test updated\",\n        \"online\": true\n    },\n    {\n        \"programId\": 9509,\n        \"programName\": \"Testing\",\n        \"programDescription\": \"Testing\",\n        \"online\": true\n    },\n    {\n        \"programId\": 9555,\n        \"programName\": \"ironman\",\n        \"programDescription\": \"Agile\",\n        \"online\": true\n    },\n    {\n        \"programId\": 9556,\n        \"programName\": \"Application Support\",\n        \"programDescription\": \"java\",\n        \"online\": true\n    },\n    {\n        \"programId\": 9518,\n        \"programName\": \"tytututu\",\n        \"programDescription\": \"mkimkimki\",\n        \"online\": true\n    },\n    {\n        \"programId\": 9510,\n        \"programName\": \"QA\",\n        \"programDescription\": \"Quality Assurance\",\n        \"online\": false\n    },\n    {\n        \"programId\": 9511,\n        \"programName\": \"SDET\",\n        \"programDescription\": \"Software Development Engineer in Test\",\n        \"online\": true\n    },\n    {\n        \"programId\": 9512,\n        \"programName\": \"ETL\",\n        \"programDescription\": \"Extract Transform Load\",\n        \"online\": true\n    },\n    {\n        \"programId\": 9519,\n        \"programName\": \"checking\",\n        \"programDescription\": \"check\",\n        \"online\": true\n    },\n    {\n        \"programId\": 9520,\n        \"programName\": \"Devops\",\n        \"programDescription\": \"New devops program\",\n        \"online\": false\n    },\n    {\n        \"programId\": 9523,\n        \"programName\": \"Devops\",\n        \"programDescription\": \"New devops program\",\n        \"online\": false\n    },\n    {\n        \"programId\": 9526,\n        \"programName\": \"Devops123\",\n        \"programDescription\": \"New full stack web dev\",\n        \"online\": false\n    },\n    {\n        \"programId\": 9527,\n        \"programName\": \"React\",\n        \"programDescription\": \"It is huge. It is an UI.\",\n        \"online\": false\n    },\n    {\n        \"programId\": 9528,\n        \"programName\": \"Devops123\",\n        \"programDescription\": \"New full stack web dev\",\n        \"online\": false\n    },\n    {\n        \"programId\": 9530,\n        \"programName\": \"Devops123\",\n        \"programDescription\": \"New full stack web dev\",\n        \"online\": false\n    },\n    {\n        \"programId\": 9532,\n        \"programName\": \"Devops123\",\n        \"programDescription\": \"New full stack web dev\",\n        \"online\": false\n    },\n    {\n        \"programId\": 9534,\n        \"programName\": \"Devops123\",\n        \"programDescription\": \"New full stack web dev\",\n        \"online\": false\n    },\n    {\n        \"programId\": 9536,\n        \"programName\": \"Devops123\",\n        \"programDescription\": \"New full stack web dev\",\n        \"online\": false\n    },\n    {\n        \"programId\": 9538,\n        \"programName\": \"Devops123\",\n        \"programDescription\": \"New full stack web dev\",\n        \"online\": false\n    },\n    {\n        \"programId\": 9540,\n        \"programName\": \"oracle\",\n        \"programDescription\": \"oracle\",\n        \"online\": true\n    },\n    {\n        \"programId\": 9541,\n        \"programName\": \"oracle\",\n        \"programDescription\": \"oracle\",\n        \"online\": true\n    },\n    {\n        \"programId\": 9542,\n        \"programName\": \"Devops123\",\n        \"programDescription\": \"New full stack web dev\",\n        \"online\": false\n    },\n    {\n        \"programId\": 9544,\n        \"programName\": \"string\",\n        \"programDescription\": \"string\",\n        \"online\": true\n    },\n    {\n        \"programId\": 9545,\n        \"programName\": \"stringman\",\n        \"programDescription\": \"stringman\",\n        \"online\": true\n    },\n    {\n        \"programId\": 9546,\n        \"programName\": \"SDET40\",\n        \"programDescription\": \"TestingSelenium\",\n        \"online\": true\n    },\n    {\n        \"programId\": 9547,\n        \"programName\": \"SDET40\",\n        \"programDescription\": \"TestingAPI\",\n        \"online\": true\n    },\n    {\n        \"programId\": 9548,\n        \"programName\": \"Testing SDET40\",\n        \"programDescription\": \"Testing-SeleniumSDET40\",\n        \"online\": true\n    },\n    {\n        \"programId\": 9549,\n        \"programName\": \"Testing SDET40\",\n        \"programDescription\": \"Testing-Mobile(Appium)\",\n        \"online\": true\n    },\n    {\n        \"programId\": 9557,\n        \"programName\": \"batman\",\n        \"programDescription\": \"string\",\n        \"online\": true\n    },\n    {\n        \"programId\": 9558,\n        \"programName\": \"unix\",\n        \"programDescription\": \"string\",\n        \"online\": true\n    },\n    {\n        \"programId\": 9559,\n        \"programName\": \"linux\",\n        \"programDescription\": \"core java\",\n        \"online\": true\n    },\n    {\n        \"programId\": 9560,\n        \"programName\": \"Multipal Digit Testing\",\n        \"programDescription\": \"Program ID Testing\",\n        \"online\": true\n    },\n    {\n        \"programId\": 9561,\n        \"programName\": \"ironman\",\n        \"programDescription\": \"Agile\",\n        \"online\": true\n    },\n    {\n        \"programId\": 9562,\n        \"programName\": \"Application Support\",\n        \"programDescription\": \"java\",\n        \"online\": true\n    },\n    {\n        \"programId\": 9563,\n        \"programName\": \"batman\",\n        \"programDescription\": \"string\",\n        \"online\": true\n    },\n    {\n        \"programId\": 9564,\n        \"programName\": \"unix\",\n        \"programDescription\": \"string\",\n        \"online\": true\n    },\n    {\n        \"programId\": 9565,\n        \"programName\": \"linux\",\n        \"programDescription\": \"core java\",\n        \"online\": true\n    },\n    {\n        \"programId\": 9566,\n        \"programName\": \"Multipal Digit Testing\",\n        \"programDescription\": \"Program ID Testing\",\n        \"online\": true\n    },\n    {\n        \"programId\": 9567,\n        \"programName\": \"ironman\",\n        \"programDescription\": \"Agile\",\n        \"online\": true\n    },\n    {\n        \"programId\": 9568,\n        \"programName\": \"Application Support\",\n        \"programDescription\": \"java\",\n        \"online\": true\n    },\n    {\n        \"programId\": 9569,\n        \"programName\": \"batman\",\n        \"programDescription\": \"string\",\n        \"online\": true\n    },\n    {\n        \"programId\": 9570,\n        \"programName\": \"unix\",\n        \"programDescription\": \"string\",\n        \"online\": true\n    },\n    {\n        \"programId\": 9571,\n        \"programName\": \"linux\",\n        \"programDescription\": \"core java\",\n        \"online\": true\n    },\n    {\n        \"programId\": 9572,\n        \"programName\": \"Multipal Digit Testing\",\n        \"programDescription\": \"Program ID Testing\",\n        \"online\": true\n    },\n    {\n        \"programId\": 9573,\n        \"programName\": \"ironman\",\n        \"programDescription\": \"Agile\",\n        \"online\": true\n    },\n    {\n        \"programId\": 9574,\n        \"programName\": \"Application Support\",\n        \"programDescription\": \"java\",\n        \"online\": true\n    },\n    {\n        \"programId\": 9575,\n        \"programName\": \"batman\",\n        \"programDescription\": \"string\",\n        \"online\": true\n    },\n    {\n        \"programId\": 9576,\n        \"programName\": \"unix\",\n        \"programDescription\": \"string\",\n        \"online\": true\n    },\n    {\n        \"programId\": 9577,\n        \"programName\": \"linux\",\n        \"programDescription\": \"core java\",\n        \"online\": true\n    },\n    {\n        \"programId\": 9578,\n        \"programName\": \"Multipal Digit Testing\",\n        \"programDescription\": \"Program ID Testing\",\n        \"online\": true\n    },\n    {\n        \"programId\": 9579,\n        \"programName\": \"ironman\",\n        \"programDescription\": \"Agile\",\n        \"online\": true\n    },\n    {\n        \"programId\": 9580,\n        \"programName\": \"Application Support\",\n        \"programDescription\": \"java\",\n        \"online\": true\n    },\n    {\n        \"programId\": 9581,\n        \"programName\": \"batman\",\n        \"programDescription\": \"string\",\n        \"online\": true\n    },\n    {\n        \"programId\": 9582,\n        \"programName\": \"unix\",\n        \"programDescription\": \"string\",\n        \"online\": true\n    },\n    {\n        \"programId\": 9583,\n        \"programName\": \"linux\",\n        \"programDescription\": \"core java\",\n        \"online\": true\n    },\n    {\n        \"programId\": 9584,\n        \"programName\": \"Multipal Digit Testing\",\n        \"programDescription\": \"Program ID Testing\",\n        \"online\": true\n    },\n    {\n        \"programId\": 9585,\n        \"programName\": \"ironman\",\n        \"programDescription\": \"Agile\",\n        \"online\": true\n    },\n    {\n        \"programId\": 9586,\n        \"programName\": \"Application Support\",\n        \"programDescription\": \"java\",\n        \"online\": true\n    },\n    {\n        \"programId\": 9588,\n        \"programName\": \"batman\",\n        \"programDescription\": \"string\",\n        \"online\": true\n    },\n    {\n        \"programId\": 9589,\n        \"programName\": \"unix\",\n        \"programDescription\": \"string\",\n        \"online\": true\n    },\n    {\n        \"programId\": 9590,\n        \"programName\": \"linux\",\n        \"programDescription\": \"core java\",\n        \"online\": true\n    },\n    {\n        \"programId\": 9591,\n        \"programName\": \"Multipal Digit Testing\",\n        \"programDescription\": \"Program ID Testing\",\n        \"online\": true\n    },\n    {\n        \"programId\": 9592,\n        \"programName\": \"ironman\",\n        \"programDescription\": \"Agile\",\n        \"online\": true\n    },\n    {\n        \"programId\": 9593,\n        \"programName\": \"Application Support\",\n        \"programDescription\": \"java\",\n        \"online\": true\n    },\n    {\n        \"programId\": 9594,\n        \"programName\": \"Devops123\",\n        \"programDescription\": \"New full stack web dev\",\n        \"online\": false\n    },\n    {\n        \"programId\": 9596,\n        \"programName\": \"Testing\",\n        \"programDescription\": \"Testing\",\n        \"online\": true\n    },\n    {\n        \"programId\": 9597,\n        \"programName\": \"Devops123\",\n        \"programDescription\": \"New full stack web dev\",\n        \"online\": false\n    },\n    {\n        \"programId\": 9599,\n        \"programName\": \"Devops123\",\n        \"programDescription\": \"New full stack web dev\",\n        \"online\": false\n    },\n    {\n        \"programId\": 9601,\n        \"programName\": \"Testing modified\",\n        \"programDescription\": \"Testing modified\",\n        \"online\": true\n    },\n    {\n        \"programId\": 9602,\n        \"programName\": \"TestingModified\",\n        \"programDescription\": \"TestingModified\",\n        \"online\": true\n    },\n    {\n        \"programId\": 9603,\n        \"programName\": \"Devops123\",\n        \"programDescription\": \"New full stack web dev\",\n        \"online\": false\n    },\n    {\n        \"programId\": 9605,\n        \"programName\": \"TestPUT1\",\n        \"programDescription\": \"Exp21\",\n        \"online\": true\n    },\n    {\n        \"programId\": 9723,\n        \"programName\": \"batman\",\n        \"programDescription\": \"string\",\n        \"online\": true\n    },\n    {\n        \"programId\": 9724,\n        \"programName\": \"unix\",\n        \"programDescription\": \"string\",\n        \"online\": true\n    },\n    {\n        \"programId\": 9608,\n        \"programName\": \"Testing\",\n        \"programDescription\": \"Testing\",\n        \"online\": true\n    },\n    {\n        \"programId\": 9609,\n        \"programName\": \"SDET\",\n        \"programDescription\": \"SDET20\",\n        \"online\": true\n    },\n    {\n        \"programId\": 9610,\n        \"programName\": \"Devops\",\n        \"programDescription\": \"New Devops\",\n        \"online\": true\n    },\n    {\n        \"programId\": 9613,\n        \"programName\": \"Testing\",\n        \"programDescription\": \"Testing\",\n        \"online\": true\n    },\n    {\n        \"programId\": 9614,\n        \"programName\": \"LMS-Testing\",\n        \"programDescription\": \"Testing for Post Method\",\n        \"online\": true\n    },\n    {\n        \"programId\": 9615,\n        \"programName\": \"LMS-Testing\",\n        \"programDescription\": \"Testing for Post Method\",\n        \"online\": true\n    },\n    {\n        \"programId\": 9616,\n        \"programName\": \"LMS-Testing\",\n        \"programDescription\": \"Testing for Post Method\",\n        \"online\": true\n    },\n    {\n        \"programId\": 9617,\n        \"programName\": \"SDET QA 40\",\n        \"programDescription\": \"SDET QA 40\",\n        \"online\": true\n    },\n    {\n        \"programId\": 9618,\n        \"programName\": \"SDET QA 40 modified from postman\",\n        \"programDescription\": \"SDET QA 40\",\n        \"online\": true\n    },\n    {\n        \"programId\": 9619,\n        \"programName\": \"Selenium\",\n        \"programDescription\": \"Automation Testing\",\n        \"online\": true\n    },\n    {\n        \"programId\": 9620,\n        \"programName\": \"\\\" \\\"\",\n        \"programDescription\": \"Data Science\",\n        \"online\": false\n    },\n    {\n        \"programId\": 9624,\n        \"programName\": \"Selenium\",\n        \"programDescription\": \"Automation Testing\",\n        \"online\": true\n    },\n    {\n        \"programId\": 9725,\n        \"programName\": \"linux\",\n        \"programDescription\": \"core java\",\n        \"online\": true\n    },\n    {\n        \"programId\": 9626,\n        \"programName\": \"Selenium\",\n        \"programDescription\": \"Automation Testing\",\n        \"online\": true\n    },\n    {\n        \"programId\": 9627,\n        \"programName\": \"\\\" \\\"\",\n        \"programDescription\": \"Data Science\",\n        \"online\": false\n    },\n    {\n        \"programId\": 9629,\n        \"programName\": \"Selenium\",\n        \"programDescription\": \"Automation Testing\",\n        \"online\": true\n    },\n    {\n        \"programId\": 9726,\n        \"programName\": \"Multipal Digit Testing\",\n        \"programDescription\": \"Program ID Testing\",\n        \"online\": true\n    },\n    {\n        \"programId\": 9631,\n        \"programName\": \"Selenium\",\n        \"programDescription\": \"Automation Testing\",\n        \"online\": true\n    },\n    {\n        \"programId\": 9633,\n        \"programName\": \"LMS-Testing\",\n        \"programDescription\": \"Testing for Post Method\",\n        \"online\": true\n    },\n    {\n        \"programId\": 9634,\n        \"programName\": \"Testing\",\n        \"programDescription\": \"Testing\",\n        \"online\": true\n    },\n    {\n        \"programId\": 9635,\n        \"programName\": \"Java code\",\n        \"programDescription\": \"Testing code\",\n        \"online\": true\n    },\n    {\n        \"programId\": 9636,\n        \"programName\": \"Java code\",\n        \"programDescription\": \"Testing code\",\n        \"online\": true\n    },\n    {\n        \"programId\": 9727,\n        \"programName\": \"ironman\",\n        \"programDescription\": \"Agile\",\n        \"online\": true\n    },\n    {\n        \"programId\": 9637,\n        \"programName\": \"Java code\",\n        \"programDescription\": \"Testing code\",\n        \"online\": true\n    },\n    {\n        \"programId\": 9638,\n        \"programName\": \"Java coding1\",\n        \"programDescription\": \"Testing code\",\n        \"online\": true\n    },\n    {\n        \"programId\": 9728,\n        \"programName\": \"Application Support\",\n        \"programDescription\": \"java\",\n        \"online\": true\n    },\n    {\n        \"programId\": 9640,\n        \"programName\": \"Python\",\n        \"programDescription\": \"Python for Beginners\",\n        \"online\": true\n    },\n    {\n        \"programId\": 9641,\n        \"programName\": \"Java\",\n        \"programDescription\": \"Java for Beginners\",\n        \"online\": true\n    },\n    {\n        \"programId\": 9642,\n        \"programName\": \"Data Analysis\",\n        \"programDescription\": \"Data Analytics\",\n        \"online\": true\n    },\n    {\n        \"programId\": 9643,\n        \"programName\": \"Python\",\n        \"programDescription\": \"Python for Beginners\",\n        \"online\": true\n    },\n    {\n        \"programId\": 9644,\n        \"programName\": \"Java\",\n        \"programDescription\": \"Java for Beginners\",\n        \"online\": true\n    },\n    {\n        \"programId\": 9645,\n        \"programName\": \"Data Analysis\",\n        \"programDescription\": \"Data Analytics\",\n        \"online\": true\n    },\n    {\n        \"programId\": 9646,\n        \"programName\": \"Devops\",\n        \"programDescription\": \"New Devops\",\n        \"online\": true\n    },\n    {\n        \"programId\": 9648,\n        \"programName\": \"Devops\",\n        \"programDescription\": \"New Devops\",\n        \"online\": true\n    },\n    {\n        \"programId\": 9650,\n        \"programName\": \"Devops\",\n        \"programDescription\": \"New Devops\",\n        \"online\": true\n    },\n    {\n        \"programId\": 9652,\n        \"programName\": \"Testing\",\n        \"programDescription\": \"Testing\",\n        \"online\": true\n    },\n    {\n        \"programId\": 9653,\n        \"programName\": \"string\",\n        \"programDescription\": \"string\",\n        \"online\": true\n    },\n    {\n        \"programId\": 9654,\n        \"programName\": \"stringyyy\",\n        \"programDescription\": \"stringrrrr\",\n        \"online\": true\n    },\n    {\n        \"programId\": 9729,\n        \"programName\": \"batman\",\n        \"programDescription\": \"string\",\n        \"online\": true\n    },\n    {\n        \"programId\": 9655,\n        \"programName\": \"Selenium\",\n        \"programDescription\": \"Automation Testing\",\n        \"online\": true\n    },\n    {\n        \"programId\": 9730,\n        \"programName\": \"unix\",\n        \"programDescription\": \"string\",\n        \"online\": true\n    },\n    {\n        \"programId\": 9659,\n        \"programName\": \"Java\",\n        \"programDescription\": \"Java Learning\",\n        \"online\": true\n    },\n    {\n        \"programId\": 9660,\n        \"programName\": \"C#\",\n        \"programDescription\": \"C# learning\",\n        \"online\": false\n    },\n    {\n        \"programId\": 9661,\n        \"programName\": \"Selenium\",\n        \"programDescription\": \"Selenium with Java\",\n        \"online\": true\n    },\n    {\n        \"programId\": 9662,\n        \"programName\": \"DotNet\",\n        \"programDescription\": \"DotNet\",\n        \"online\": false\n    },\n    {\n        \"programId\": 9731,\n        \"programName\": \"linux\",\n        \"programDescription\": \"core java\",\n        \"online\": true\n    },\n    {\n        \"programId\": 9665,\n        \"programName\": \"Testing\",\n        \"programDescription\": \"Testing\",\n        \"online\": true\n    },\n    {\n        \"programId\": 9666,\n        \"programName\": \"API\",\n        \"programDescription\": \"Automation Testing\",\n        \"online\": false\n    },\n    {\n        \"programId\": 9732,\n        \"programName\": \"Multipal Digit Testing\",\n        \"programDescription\": \"Program ID Testing\",\n        \"online\": true\n    },\n    {\n        \"programId\": 9733,\n        \"programName\": \"ironman\",\n        \"programDescription\": \"Agile\",\n        \"online\": true\n    },\n    {\n        \"programId\": 9671,\n        \"programName\": \"Devops\",\n        \"programDescription\": \"New Devops\",\n        \"online\": true\n    },\n    {\n        \"programId\": 9673,\n        \"programName\": \"Devops\",\n        \"programDescription\": \"New Devops\",\n        \"online\": true\n    },\n    {\n        \"programId\": 9675,\n        \"programName\": \"Devops\",\n        \"programDescription\": \"New Devops\",\n        \"online\": true\n    },\n    {\n        \"programId\": 9734,\n        \"programName\": \"Application Support\",\n        \"programDescription\": \"java\",\n        \"online\": true\n    },\n    {\n        \"programId\": 9679,\n        \"programName\": \"Devops\",\n        \"programDescription\": \"New devops program\",\n        \"online\": false\n    },\n    {\n        \"programId\": 9684,\n        \"programName\": \"LMS-Testing\",\n        \"programDescription\": \"Testing for Post Method\",\n        \"online\": true\n    },\n    {\n        \"programId\": 9685,\n        \"programName\": \"LMS-Testing\",\n        \"programDescription\": \"Testing for Post Method\",\n        \"online\": true\n    },\n    {\n        \"programId\": 9686,\n        \"programName\": \"Devops123\",\n        \"programDescription\": \"New devops program blah blah\",\n        \"online\": false\n    },\n    {\n        \"programId\": 9689,\n        \"programName\": \"SDET26\",\n        \"programDescription\": \"management\",\n        \"online\": true\n    },\n    {\n        \"programId\": 9690,\n        \"programName\": \"SDET\",\n        \"programDescription\": \"api\",\n        \"online\": true\n    },\n    {\n        \"programId\": 9691,\n        \"programName\": \"SDET26\",\n        \"programDescription\": \"Automation testing\",\n        \"online\": true\n    },\n    {\n        \"programId\": 9692,\n        \"programName\": \"DS\",\n        \"programDescription\": \"data science\",\n        \"online\": false\n    },\n    {\n        \"programId\": 9695,\n        \"programName\": \"Devops\",\n        \"programDescription\": \"New Devops\",\n        \"online\": true\n    },\n    {\n        \"programId\": 9697,\n        \"programName\": \"Devops\",\n        \"programDescription\": \"New Devops\",\n        \"online\": true\n    },\n    {\n        \"programId\": 9699,\n        \"programName\": \"Devops\",\n        \"programDescription\": \"New Devops\",\n        \"online\": true\n    },\n    {\n        \"programId\": 9701,\n        \"programName\": \"Devops123\",\n        \"programDescription\": \"New devops program blah blah\",\n        \"online\": false\n    },\n    {\n        \"programId\": 9705,\n        \"programName\": \"Post method Testing\",\n        \"programDescription\": \"Testing for Post Method\",\n        \"online\": true\n    },\n    {\n        \"programId\": 9706,\n        \"programName\": \"Computer Science\",\n        \"programDescription\": \"Testing code\",\n        \"online\": true\n    },\n    {\n        \"programId\": 9759,\n        \"programName\": \"string\",\n        \"programDescription\": \"string\",\n        \"online\": true\n    },\n    {\n        \"programId\": 9707,\n        \"programName\": \"SDET26\",\n        \"programDescription\": \"management\",\n        \"online\": true\n    },\n    {\n        \"programId\": 9708,\n        \"programName\": \"SDET\",\n        \"programDescription\": \"api\",\n        \"online\": true\n    },\n    {\n        \"programId\": 9709,\n        \"programName\": \"SDET26\",\n        \"programDescription\": \"Automation testing\",\n        \"online\": true\n    },\n    {\n        \"programId\": 9710,\n        \"programName\": \"DS\",\n        \"programDescription\": \"data science\",\n        \"online\": false\n    },\n    {\n        \"programId\": 9711,\n        \"programName\": \"batman\",\n        \"programDescription\": \"string\",\n        \"online\": true\n    },\n    {\n        \"programId\": 9712,\n        \"programName\": \"unix\",\n        \"programDescription\": \"string\",\n        \"online\": true\n    },\n    {\n        \"programId\": 9713,\n        \"programName\": \"linux\",\n        \"programDescription\": \"core java\",\n        \"online\": true\n    },\n    {\n        \"programId\": 9714,\n        \"programName\": \"Multipal Digit Testing\",\n        \"programDescription\": \"Program ID Testing\",\n        \"online\": true\n    },\n    {\n        \"programId\": 9715,\n        \"programName\": \"ironman\",\n        \"programDescription\": \"Agile\",\n        \"online\": true\n    },\n    {\n        \"programId\": 9716,\n        \"programName\": \"Application Support\",\n        \"programDescription\": \"java\",\n        \"online\": true\n    },\n    {\n        \"programId\": 9717,\n        \"programName\": \"batman\",\n        \"programDescription\": \"string\",\n        \"online\": true\n    },\n    {\n        \"programId\": 9718,\n        \"programName\": \"unix\",\n        \"programDescription\": \"string\",\n        \"online\": true\n    },\n    {\n        \"programId\": 9719,\n        \"programName\": \"linux\",\n        \"programDescription\": \"core java\",\n        \"online\": true\n    },\n    {\n        \"programId\": 9720,\n        \"programName\": \"Multipal Digit Testing\",\n        \"programDescription\": \"Program ID Testing\",\n        \"online\": true\n    },\n    {\n        \"programId\": 9721,\n        \"programName\": \"ironman\",\n        \"programDescription\": \"Agile\",\n        \"online\": true\n    },\n    {\n        \"programId\": 9722,\n        \"programName\": \"Application Support\",\n        \"programDescription\": \"java\",\n        \"online\": true\n    },\n    {\n        \"programId\": 9743,\n        \"programName\": \"\\\"API Testing\\\"\",\n        \"programDescription\": \"\\\"RestAssured\\\"\",\n        \"online\": false\n    },\n    {\n        \"programId\": 9744,\n        \"programName\": \"\\\"Framework\\\"\",\n        \"programDescription\": \"\\\"Cucumber\\\"\",\n        \"online\": false\n    },\n    {\n        \"programId\": 9746,\n        \"programName\": \"\\\"Programming\\\"\",\n        \"programDescription\": \"\\\"Java\\\"\",\n        \"online\": false\n    },\n    {\n        \"programId\": 9747,\n        \"programName\": \"Automation Testing \",\n        \"programDescription\": \"RestAssured\",\n        \"online\": true\n    },\n    {\n        \"programId\": 9748,\n        \"programName\": \"\\\"API Testing\\\"\",\n        \"programDescription\": \"\\\"RestAssured\\\"\",\n        \"online\": false\n    },\n    {\n        \"programId\": 9749,\n        \"programName\": \"\\\"Framework\\\"\",\n        \"programDescription\": \"\\\"Cucumber\\\"\",\n        \"online\": false\n    },\n    {\n        \"programId\": 9751,\n        \"programName\": \"\\\"Programming\\\"\",\n        \"programDescription\": \"\\\"Java\\\"\",\n        \"online\": false\n    },\n    {\n        \"programId\": 9752,\n        \"programName\": \"Automation Testing \",\n        \"programDescription\": \"RestAssured\",\n        \"online\": true\n    },\n    {\n        \"programId\": 9753,\n        \"programName\": \"batman\",\n        \"programDescription\": \"string\",\n        \"online\": true\n    },\n    {\n        \"programId\": 9754,\n        \"programName\": \"unix\",\n        \"programDescription\": \"string\",\n        \"online\": true\n    },\n    {\n        \"programId\": 9755,\n        \"programName\": \"linux\",\n        \"programDescription\": \"core java\",\n        \"online\": true\n    },\n    {\n        \"programId\": 9756,\n        \"programName\": \"Multipal Digit Testing\",\n        \"programDescription\": \"Program ID Testing\",\n        \"online\": true\n    },\n    {\n        \"programId\": 9757,\n        \"programName\": \"ironman\",\n        \"programDescription\": \"Agile\",\n        \"online\": true\n    },\n    {\n        \"programId\": 9758,\n        \"programName\": \"Application Support\",\n        \"programDescription\": \"java\",\n        \"online\": true\n    },\n    {\n        \"programId\": 9760,\n        \"programName\": \"St\",\n        \"programDescription\": \"ts\",\n        \"online\": false\n    },\n    {\n        \"programId\": 9761,\n        \"programName\": \"\\\"API Testing\\\"\",\n        \"programDescription\": \"\\\"RestAssured\\\"\",\n        \"online\": false\n    },\n    {\n        \"programId\": 9762,\n        \"programName\": \"\\\"Framework\\\"\",\n        \"programDescription\": \"\\\"Cucumber\\\"\",\n        \"online\": false\n    },\n    {\n        \"programId\": 9764,\n        \"programName\": \"SDET26\",\n        \"programDescription\": \"management\",\n        \"online\": true\n    },\n    {\n        \"programId\": 9765,\n        \"programName\": \"SDET\",\n        \"programDescription\": \"api\",\n        \"online\": true\n    },\n    {\n        \"programId\": 9766,\n        \"programName\": \"SDET26\",\n        \"programDescription\": \"Automation testing\",\n        \"online\": true\n    },\n    {\n        \"programId\": 9767,\n        \"programName\": \"DS\",\n        \"programDescription\": \"data science\",\n        \"online\": false\n    },\n    {\n        \"programId\": 9768,\n        \"programName\": \"\\\"API Testing\\\"\",\n        \"programDescription\": \"\\\"RestAssured\\\"\",\n        \"online\": false\n    },\n    {\n        \"programId\": 9769,\n        \"programName\": \"\\\"Framework\\\"\",\n        \"programDescription\": \"\\\"Cucumber\\\"\",\n        \"online\": false\n    },\n    {\n        \"programId\": 9771,\n        \"programName\": \"\\\"API Testing\\\"\",\n        \"programDescription\": \"\\\"RestAssured\\\"\",\n        \"online\": false\n    },\n    {\n        \"programId\": 9772,\n        \"programName\": \"\\\"Framework\\\"\",\n        \"programDescription\": \"\\\"Cucumber\\\"\",\n        \"online\": false\n    },\n    {\n        \"programId\": 9775,\n        \"programName\": \"\\\"API Testing\\\"\",\n        \"programDescription\": \"\\\"RestAssured\\\"\",\n        \"online\": false\n    },\n    {\n        \"programId\": 9776,\n        \"programName\": \"\\\"Framework\\\"\",\n        \"programDescription\": \"\\\"Cucumber\\\"\",\n        \"online\": false\n    },\n    {\n        \"programId\": 9778,\n        \"programName\": \"C1\",\n        \"programDescription\": \"Testing code 1\",\n        \"online\": true\n    },\n    {\n        \"programId\": 9779,\n        \"programName\": \"Data1\",\n        \"programDescription\": \"Data code1\",\n        \"online\": true\n    },\n    {\n        \"programId\": 9780,\n        \"programName\": \"123\",\n        \"programDescription\": \"Data code3\",\n        \"online\": false\n    },\n    {\n        \"programId\": 9781,\n        \"programName\": \"Science\",\n        \"programDescription\": \"Data code4\",\n        \"online\": true\n    },\n    {\n        \"programId\": 9783,\n        \"programName\": \"Chemistry\",\n        \"programDescription\": \"\",\n        \"online\": true\n    },\n    {\n        \"programId\": 9784,\n        \"programName\": \"C#\",\n        \"programDescription\": \"Data code8\",\n        \"online\": false\n    },\n    {\n        \"programId\": 9785,\n        \"programName\": \"Devops\",\n        \"programDescription\": \"New Devops\",\n        \"online\": true\n    },\n    {\n        \"programId\": 9787,\n        \"programName\": \"Devops\",\n        \"programDescription\": \"New Devops\",\n        \"online\": true\n    },\n    {\n        \"programId\": 9789,\n        \"programName\": \"string\",\n        \"programDescription\": \"string\",\n        \"online\": true\n    },\n    {\n        \"programId\": 9790,\n        \"programName\": \"string\",\n        \"programDescription\": \"string\",\n        \"online\": true\n    },\n    {\n        \"programId\": 9791,\n        \"programName\": \"string\",\n        \"programDescription\": \"string\",\n        \"online\": true\n    },\n    {\n        \"programId\": 9792,\n        \"programName\": \"Devops\",\n        \"programDescription\": \"New Devops\",\n        \"online\": true\n    },\n    {\n        \"programId\": 9796,\n        \"programName\": \"Testing\",\n        \"programDescription\": \"Testing\",\n        \"online\": true\n    },\n    {\n        \"programId\": 9797,\n        \"programName\": \"Devops\",\n        \"programDescription\": \"New Devops\",\n        \"online\": true\n    },\n    {\n        \"programId\": 9800,\n        \"programName\": \"Devops123\",\n        \"programDescription\": \"New devops program blah blah\",\n        \"online\": false\n    },\n    {\n        \"programId\": 9803,\n        \"programName\": \"rekha\",\n        \"programDescription\": \"string\",\n        \"online\": true\n    },\n    {\n        \"programId\": 9804,\n        \"programName\": \"rekha\",\n        \"programDescription\": \"string\",\n        \"online\": true\n    },\n    {\n        \"programId\": 9805,\n        \"programName\": \"Devops123\",\n        \"programDescription\": \"New devops program blah blah\",\n        \"online\": false\n    },\n    {\n        \"programId\": 9808,\n        \"programName\": \"hihihi\",\n        \"programDescription\": null,\n        \"online\": false\n    },\n    {\n        \"programId\": 9810,\n        \"programName\": \"Devops123\",\n        \"programDescription\": \"New devops program blah blah\",\n        \"online\": false\n    },\n    {\n        \"programId\": 9811,\n        \"programName\": \"Devops123\",\n        \"programDescription\": \"New devops program blah blah\",\n        \"online\": false\n    },\n    {\n        \"programId\": 9812,\n        \"programName\": \"Devops123\",\n        \"programDescription\": \"New devops program blah blah\",\n        \"online\": false\n    },\n    {\n        \"programId\": 9813,\n        \"programName\": \"Devops123\",\n        \"programDescription\": \"New devops program blah blah\",\n        \"online\": false\n    },\n    {\n        \"programId\": 9814,\n        \"programName\": \"Devops123\",\n        \"programDescription\": \"New devops program blah blah\",\n        \"online\": false\n    },\n    {\n        \"programId\": 9815,\n        \"programName\": \"Devops123\",\n        \"programDescription\": \"New devops program blah blah\",\n        \"online\": true\n    },\n    {\n        \"programId\": 9817,\n        \"programName\": \"programName Volcano1\",\n        \"programDescription\": \"programDescription TestPUT1\",\n        \"online\": true\n    },\n    {\n        \"programId\": 9818,\n        \"programName\": \"put Volcano1\",\n        \"programDescription\": \"put TestPUT1\",\n        \"online\": true\n    },\n    {\n        \"programId\": 9819,\n        \"programName\": \"put Volcano1\",\n        \"programDescription\": \"put TestPUT1\",\n        \"online\": true\n    },\n    {\n        \"programId\": 9821,\n        \"programName\": \"Devops\",\n        \"programDescription\": \"New Devops\",\n        \"online\": true\n    },\n    {\n        \"programId\": 9822,\n        \"programName\": \"Testing\",\n        \"programDescription\": \"Testing\",\n        \"online\": true\n    },\n    {\n        \"programId\": 9823,\n        \"programName\": \"Devops\",\n        \"programDescription\": \"New Devops\",\n        \"online\": true\n    },\n    {\n        \"programId\": 9909,\n        \"programName\": \"Devops123\",\n        \"programDescription\": \"New full stack web dev\",\n        \"online\": false\n    },\n    {\n        \"programId\": 9824,\n        \"programName\": \"Devops123\",\n        \"programDescription\": \"New full stack web dev\",\n        \"online\": false\n    },\n    {\n        \"programId\": 9826,\n        \"programName\": \"Devops123\",\n        \"programDescription\": \"New full stack web dev\",\n        \"online\": false\n    },\n    {\n        \"programId\": 9930,\n        \"programName\": \"cucumber learning bbbb \",\n        \"programDescription\": \"cucumber \",\n        \"online\": true\n    },\n    {\n        \"programId\": 9831,\n        \"programName\": \"Python\",\n        \"programDescription\": \"Python for Beginners\",\n        \"online\": true\n    },\n    {\n        \"programId\": 9832,\n        \"programName\": \"Java\",\n        \"programDescription\": \"Java for Beginners\",\n        \"online\": true\n    },\n    {\n        \"programId\": 9833,\n        \"programName\": \"Data Analysis\",\n        \"programDescription\": \"Data Analytics\",\n        \"online\": true\n    },\n    {\n        \"programId\": 9834,\n        \"programName\": \"Oracle\",\n        \"programDescription\": \"Oracle Training\",\n        \"online\": false\n    },\n    {\n        \"programId\": 9835,\n        \"programName\": \"Python\",\n        \"programDescription\": \"Python for Beginners\",\n        \"online\": true\n    },\n    {\n        \"programId\": 9836,\n        \"programName\": \"Java\",\n        \"programDescription\": \"Java for Beginners\",\n        \"online\": true\n    },\n    {\n        \"programId\": 9837,\n        \"programName\": \"Data Analysis\",\n        \"programDescription\": \"Data Analytics\",\n        \"online\": true\n    },\n    {\n        \"programId\": 9838,\n        \"programName\": \"Oracle\",\n        \"programDescription\": \"Oracle Training done\",\n        \"online\": false\n    },\n    {\n        \"programId\": 9839,\n        \"programName\": \"Python\",\n        \"programDescription\": \"Python for Beginners\",\n        \"online\": true\n    },\n    {\n        \"programId\": 9840,\n        \"programName\": \"Java\",\n        \"programDescription\": \"Java for Beginners\",\n        \"online\": true\n    },\n    {\n        \"programId\": 9841,\n        \"programName\": \"Data Analysis\",\n        \"programDescription\": \"Data Analytics\",\n        \"online\": true\n    },\n    {\n        \"programId\": 9842,\n        \"programName\": \"Python\",\n        \"programDescription\": \"Python for Beginners\",\n        \"online\": true\n    },\n    {\n        \"programId\": 9843,\n        \"programName\": \"Java\",\n        \"programDescription\": \"Java for Beginners\",\n        \"online\": true\n    },\n    {\n        \"programId\": 9844,\n        \"programName\": \"Data Analysis\",\n        \"programDescription\": \"Data Analytics\",\n        \"online\": true\n    },\n    {\n        \"programId\": 9846,\n        \"programName\": \"Python\",\n        \"programDescription\": \"Python for Beginners\",\n        \"online\": true\n    },\n    {\n        \"programId\": 9847,\n        \"programName\": \"Java\",\n        \"programDescription\": \"Java for Beginners\",\n        \"online\": true\n    },\n    {\n        \"programId\": 9848,\n        \"programName\": \"Data Analysis\",\n        \"programDescription\": \"Data Analytics\",\n        \"online\": true\n    },\n    {\n        \"programId\": 9849,\n        \"programName\": \"Python\",\n        \"programDescription\": \"Python for Beginners\",\n        \"online\": true\n    },\n    {\n        \"programId\": 9850,\n        \"programName\": \"Java\",\n        \"programDescription\": \"Java for Beginners\",\n        \"online\": true\n    },\n    {\n        \"programId\": 9851,\n        \"programName\": \"Data Analysis\",\n        \"programDescription\": \"Data Analytics\",\n        \"online\": true\n    },\n    {\n        \"programId\": 9852,\n        \"programName\": \"string\",\n        \"programDescription\": \"string\",\n        \"online\": true\n    },\n    {\n        \"programId\": 9853,\n        \"programName\": \"C1\",\n        \"programDescription\": \"Testing code 1\",\n        \"online\": true\n    },\n    {\n        \"programId\": 9854,\n        \"programName\": \"S1\",\n        \"programDescription\": \"Testing code 1\",\n        \"online\": true\n    },\n    {\n        \"programId\": 9855,\n        \"programName\": \"Data1\",\n        \"programDescription\": \"Data code1\",\n        \"online\": true\n    },\n    {\n        \"programId\": 9856,\n        \"programName\": \"123\",\n        \"programDescription\": \"Data code3\",\n        \"online\": false\n    },\n    {\n        \"programId\": 9857,\n        \"programName\": \"Science\",\n        \"programDescription\": \"Data code4\",\n        \"online\": true\n    },\n    {\n        \"programId\": 9859,\n        \"programName\": \"Chemistry\",\n        \"programDescription\": \"\",\n        \"online\": true\n    },\n    {\n        \"programId\": 9860,\n        \"programName\": \"C#\",\n        \"programDescription\": \"Data code8\",\n        \"online\": false\n    },\n    {\n        \"programId\": 9864,\n        \"programName\": \"Devops123\",\n        \"programDescription\": \"New full stack web dev\",\n        \"online\": false\n    },\n    {\n        \"programId\": 9868,\n        \"programName\": \"string\",\n        \"programDescription\": \"string\",\n        \"online\": false\n    },\n    {\n        \"programId\": 9869,\n        \"programName\": \"SME\",\n        \"programDescription\": \"HealthCare\",\n        \"online\": false\n    },\n    {\n        \"programId\": 9870,\n        \"programName\": \"Scrum Master\",\n        \"programDescription\": \"Agile\",\n        \"online\": false\n    },\n    {\n        \"programId\": 9871,\n        \"programName\": \"Backend Developer\",\n        \"programDescription\": \"Sql Developer\",\n        \"online\": false\n    },\n    {\n        \"programId\": 9872,\n        \"programName\": \"SME\",\n        \"programDescription\": \"HealthCare\",\n        \"online\": false\n    },\n    {\n        \"programId\": 9873,\n        \"programName\": \"Scrum Master\",\n        \"programDescription\": \"Agile\",\n        \"online\": false\n    },\n    {\n        \"programId\": 9874,\n        \"programName\": \"Backend Developer\",\n        \"programDescription\": \"Sql Developer\",\n        \"online\": false\n    },\n    {\n        \"programId\": 9875,\n        \"programName\": \"SME\",\n        \"programDescription\": \"HealthCare\",\n        \"online\": false\n    },\n    {\n        \"programId\": 9876,\n        \"programName\": \"Scrum Master\",\n        \"programDescription\": \"Agile\",\n        \"online\": false\n    },\n    {\n        \"programId\": 9877,\n        \"programName\": \"Backend Developer\",\n        \"programDescription\": \"Sql Developer\",\n        \"online\": false\n    },\n    {\n        \"programId\": 9878,\n        \"programName\": \"Java\",\n        \"programDescription\": \"Java Learning\",\n        \"online\": true\n    },\n    {\n        \"programId\": 9879,\n        \"programName\": \"C#\",\n        \"programDescription\": \"C# learning\",\n        \"online\": false\n    },\n    {\n        \"programId\": 9880,\n        \"programName\": \"Selenium\",\n        \"programDescription\": \"Selenium with Java\",\n        \"online\": true\n    },\n    {\n        \"programId\": 9881,\n        \"programName\": \"DotNet\",\n        \"programDescription\": \"DotNet\",\n        \"online\": false\n    },\n    {\n        \"programId\": 9882,\n        \"programName\": \"Testing\",\n        \"programDescription\": \"Testing\",\n        \"online\": true\n    },\n    {\n        \"programId\": 9883,\n        \"programName\": \"Testing\",\n        \"programDescription\": \"Testing\",\n        \"online\": true\n    },\n    {\n        \"programId\": 9911,\n        \"programName\": \"SDET\",\n        \"programDescription\": \"Selenium Postman\",\n        \"online\": true\n    },\n    {\n        \"programId\": 9888,\n        \"programName\": \"Devops123\",\n        \"programDescription\": \"New full stack web dev\",\n        \"online\": false\n    },\n    {\n        \"programId\": 9890,\n        \"programName\": \"Testing\",\n        \"programDescription\": \"Testing\",\n        \"online\": true\n    },\n    {\n        \"programId\": 9891,\n        \"programName\": \"Java\",\n        \"programDescription\": \"Java Learning\",\n        \"online\": true\n    },\n    {\n        \"programId\": 9892,\n        \"programName\": \"C#\",\n        \"programDescription\": \"C# learning\",\n        \"online\": false\n    },\n    {\n        \"programId\": 9893,\n        \"programName\": \"Selenium\",\n        \"programDescription\": \"Selenium with Java\",\n        \"online\": true\n    },\n    {\n        \"programId\": 9894,\n        \"programName\": \"DotNet\",\n        \"programDescription\": \"DotNet\",\n        \"online\": false\n    },\n    {\n        \"programId\": 5664,\n        \"programName\": \"Spring\",\n        \"programDescription\": \"Spring Boot Training\",\n        \"online\": true\n    },\n    {\n        \"programId\": 9899,\n        \"programName\": \"Testing\",\n        \"programDescription\": \"Testing\",\n        \"online\": true\n    },\n    {\n        \"programId\": 9912,\n        \"programName\": \"1234\",\n        \"programDescription\": \"Manual Testing\",\n        \"online\": true\n    },\n    {\n        \"programId\": 9901,\n        \"programName\": \"batman\",\n        \"programDescription\": \"string\",\n        \"online\": true\n    },\n    {\n        \"programId\": 9902,\n        \"programName\": \"unix\",\n        \"programDescription\": \"string\",\n        \"online\": true\n    },\n    {\n        \"programId\": 9903,\n        \"programName\": \"Testing\",\n        \"programDescription\": \"Testing\",\n        \"online\": true\n    },\n    {\n        \"programId\": 9904,\n        \"programName\": \"linux\",\n        \"programDescription\": \"core java\",\n        \"online\": true\n    },\n    {\n        \"programId\": 9905,\n        \"programName\": \"Multipal Digit Testing\",\n        \"programDescription\": \"Program ID Testing\",\n        \"online\": true\n    },\n    {\n        \"programId\": 9906,\n        \"programName\": \"ironman\",\n        \"programDescription\": \"Agile\",\n        \"online\": true\n    },\n    {\n        \"programId\": 9907,\n        \"programName\": \"Application Support\",\n        \"programDescription\": \"java\",\n        \"online\": true\n    },\n    {\n        \"programId\": 9908,\n        \"programName\": \"Testing\",\n        \"programDescription\": \"Testing\",\n        \"online\": true\n    },\n    {\n        \"programId\": 9913,\n        \"programName\": \"Blank testing\",\n        \"programDescription\": \"\",\n        \"online\": false\n    },\n    {\n        \"programId\": 9914,\n        \"programName\": \"API Testing\",\n        \"programDescription\": \"RestAssured Postman\",\n        \"online\": false\n    },\n    {\n        \"programId\": 9915,\n        \"programName\": \"SDET\",\n        \"programDescription\": \"Selenium\",\n        \"online\": true\n    },\n    {\n        \"programId\": 9916,\n        \"programName\": \"API Testing\",\n        \"programDescription\": \"Selenium Postman\",\n        \"online\": false\n    },\n    {\n        \"programId\": 9900,\n        \"programName\": \"Automation Testing\",\n        \"programDescription\": \"API Automation Testing\",\n        \"online\": false\n    },\n    {\n        \"programId\": 9918,\n        \"programName\": \"Testing\",\n        \"programDescription\": \"Testing\",\n        \"online\": true\n    },\n    {\n        \"programId\": 9919,\n        \"programName\": \"Testing\",\n        \"programDescription\": \"AutomationTesting\",\n        \"online\": true\n    },\n    {\n        \"programId\": 9920,\n        \"programName\": \"Oracle\",\n        \"programDescription\": \"Oracle Training done\",\n        \"online\": false\n    },\n    {\n        \"programId\": 9921,\n        \"programName\": \"Testing\",\n        \"programDescription\": \"Testing\",\n        \"online\": true\n    },\n    {\n        \"programId\": 9922,\n        \"programName\": \"Java\",\n        \"programDescription\": \"Java Learning\",\n        \"online\": true\n    },\n    {\n        \"programId\": 9923,\n        \"programName\": \"C#\",\n        \"programDescription\": \"C# learning\",\n        \"online\": false\n    },\n    {\n        \"programId\": 9924,\n        \"programName\": \"Selenium\",\n        \"programDescription\": \"Selenium with Java\",\n        \"online\": true\n    },\n    {\n        \"programId\": 9925,\n        \"programName\": \"DotNet\",\n        \"programDescription\": \"DotNet\",\n        \"online\": false\n    },\n    {\n        \"programId\": 9931,\n        \"programName\": \"DB\",\n        \"programDescription\": \"DB Training done\",\n        \"online\": true\n    },\n    {\n        \"programId\": 9934,\n        \"programName\": \"DB\",\n        \"programDescription\": \"DB Training done\",\n        \"online\": true\n    },\n    {\n        \"programId\": 9935,\n        \"programName\": \"Java\",\n        \"programDescription\": \"Java Learning\",\n        \"online\": true\n    },\n    {\n        \"programId\": 9936,\n        \"programName\": \"C#\",\n        \"programDescription\": \"C# learning\",\n        \"online\": false\n    },\n    {\n        \"programId\": 9937,\n        \"programName\": \"Selenium\",\n        \"programDescription\": \"Selenium with Java\",\n        \"online\": true\n    },\n    {\n        \"programId\": 9938,\n        \"programName\": \"DotNet\",\n        \"programDescription\": \"DotNet\",\n        \"online\": false\n    },\n    {\n        \"programId\": 9943,\n        \"programName\": \"DB One\",\n        \"programDescription\": \"DB Training done\",\n        \"online\": true\n    },\n    {\n        \"programId\": 9944,\n        \"programName\": \"\\\"API Testing\\\"\",\n        \"programDescription\": \"\\\"RestAssured\\\"\",\n        \"online\": false\n    },\n    {\n        \"programId\": 9945,\n        \"programName\": \"\\\"Framework\\\"\",\n        \"programDescription\": \"\\\"Cucumber\\\"\",\n        \"online\": false\n    },\n    {\n        \"programId\": 9947,\n        \"programName\": \"\\\"Programming\\\"\",\n        \"programDescription\": \"\\\"Java\\\"\",\n        \"online\": false\n    },\n    {\n        \"programId\": 9948,\n        \"programName\": \"Automation Testing \",\n        \"programDescription\": \"RestAssured\",\n        \"online\": true\n    },\n    {\n        \"programId\": 9949,\n        \"programName\": \"DB One\",\n        \"programDescription\": \"DB Training done\",\n        \"online\": true\n    },\n    {\n        \"programId\": 9950,\n        \"programName\": \"DB One\",\n        \"programDescription\": \"DB Training done\",\n        \"online\": true\n    },\n    {\n        \"programId\": 9951,\n        \"programName\": \"\\\"API Testing\\\"\",\n        \"programDescription\": \"\\\"RestAssured\\\"\",\n        \"online\": false\n    },\n    {\n        \"programId\": 9952,\n        \"programName\": \"\\\"Framework\\\"\",\n        \"programDescription\": \"\\\"Cucumber\\\"\",\n        \"online\": false\n    },\n    {\n        \"programId\": 9954,\n        \"programName\": \"\\\"Programming\\\"\",\n        \"programDescription\": \"\\\"Java\\\"\",\n        \"online\": false\n    },\n    {\n        \"programId\": 9955,\n        \"programName\": \"Automation Testing \",\n        \"programDescription\": \"RestAssured\",\n        \"online\": true\n    },\n    {\n        \"programId\": 9956,\n        \"programName\": \"Testing\",\n        \"programDescription\": \"Testing\",\n        \"online\": true\n    },\n    {\n        \"programId\": 9957,\n        \"programName\": \"SDET28\",\n        \"programDescription\": \"Automation \",\n        \"online\": true\n    },\n    {\n        \"programId\": 9958,\n        \"programName\": \"Testing\",\n        \"programDescription\": \"Testing\",\n        \"online\": true\n    },\n    {\n        \"programId\": 9959,\n        \"programName\": \"Testing\",\n        \"programDescription\": \"\",\n        \"online\": true\n    },\n    {\n        \"programId\": 9960,\n        \"programName\": \"SQL\",\n        \"programDescription\": \"SQL\",\n        \"online\": false\n    },\n    {\n        \"programId\": 9961,\n        \"programName\": \"Testing\",\n        \"programDescription\": \"Testing\",\n        \"online\": false\n    },\n    {\n        \"programId\": 9963,\n        \"programName\": \"1234\",\n        \"programDescription\": \"Testing\",\n        \"online\": false\n    },\n    {\n        \"programId\": 10088,\n        \"programName\": \"Testing modified\",\n        \"programDescription\": \"Testing modified\",\n        \"online\": true\n    },\n    {\n        \"programId\": 9964,\n        \"programName\": \"DS Algo\",\n        \"programDescription\": \"\",\n        \"online\": true\n    },\n    {\n        \"programId\": 9965,\n        \"programName\": \"SDET29\",\n        \"programDescription\": \"Testing\",\n        \"online\": true\n    },\n    {\n        \"programId\": 9966,\n        \"programName\": \"Testing\",\n        \"programDescription\": \"Testing\",\n        \"online\": true\n    },\n    {\n        \"programId\": 9967,\n        \"programName\": \"DB One\",\n        \"programDescription\": \"DB Training done\",\n        \"online\": true\n    },\n    {\n        \"programId\": 9970,\n        \"programName\": \"Devops123\",\n        \"programDescription\": \"New full stack web dev\",\n        \"online\": false\n    },\n    {\n        \"programId\": 9975,\n        \"programName\": \"batman\",\n        \"programDescription\": \"string\",\n        \"online\": true\n    },\n    {\n        \"programId\": 9976,\n        \"programName\": \"unix\",\n        \"programDescription\": \"string\",\n        \"online\": true\n    },\n    {\n        \"programId\": 9977,\n        \"programName\": \"linux\",\n        \"programDescription\": \"core java\",\n        \"online\": true\n    },\n    {\n        \"programId\": 9978,\n        \"programName\": \"Multipal Digit Testing\",\n        \"programDescription\": \"Program ID Testing\",\n        \"online\": true\n    },\n    {\n        \"programId\": 9979,\n        \"programName\": \"ironman\",\n        \"programDescription\": \"Agile\",\n        \"online\": true\n    },\n    {\n        \"programId\": 9980,\n        \"programName\": \"Application Support\",\n        \"programDescription\": \"java\",\n        \"online\": true\n    },\n    {\n        \"programId\": 9981,\n        \"programName\": \"Testing2\",\n        \"programDescription\": \"Testing2\",\n        \"online\": true\n    },\n    {\n        \"programId\": 9984,\n        \"programName\": \"Testing2\",\n        \"programDescription\": \"Testing2\",\n        \"online\": true\n    },\n    {\n        \"programId\": 9985,\n        \"programName\": \"batman\",\n        \"programDescription\": \"string\",\n        \"online\": true\n    },\n    {\n        \"programId\": 9986,\n        \"programName\": \"unix\",\n        \"programDescription\": \"string\",\n        \"online\": true\n    },\n    {\n        \"programId\": 9987,\n        \"programName\": \"linux\",\n        \"programDescription\": \"core java\",\n        \"online\": true\n    },\n    {\n        \"programId\": 9988,\n        \"programName\": \"Multipal Digit Testing\",\n        \"programDescription\": \"Program ID Testing\",\n        \"online\": true\n    },\n    {\n        \"programId\": 9989,\n        \"programName\": \"ironman\",\n        \"programDescription\": \"Agile\",\n        \"online\": true\n    },\n    {\n        \"programId\": 9990,\n        \"programName\": \"Application Support\",\n        \"programDescription\": \"java\",\n        \"online\": true\n    },\n    {\n        \"programId\": 9991,\n        \"programName\": \"Devops123\",\n        \"programDescription\": \"New full stack web dev\",\n        \"online\": false\n    },\n    {\n        \"programId\": 9820,\n        \"programName\": \"SDET\",\n        \"programDescription\": \"SDET20R\",\n        \"online\": false\n    },\n    {\n        \"programId\": 9995,\n        \"programName\": \"Testing modified\",\n        \"programDescription\": \"Testing modified\",\n        \"online\": true\n    },\n    {\n        \"programId\": 9996,\n        \"programName\": \"Testing modified\",\n        \"programDescription\": \"Testing modified\",\n        \"online\": true\n    },\n    {\n        \"programId\": 7436,\n        \"programName\": \"Testing modified\",\n        \"programDescription\": \"Testing modified\",\n        \"online\": true\n    },\n    {\n        \"programId\": 9997,\n        \"programName\": \"\\\"API Testing\\\"\",\n        \"programDescription\": \"\\\"RestAssured\\\"\",\n        \"online\": false\n    },\n    {\n        \"programId\": 9998,\n        \"programName\": \"\\\"Framework\\\"\",\n        \"programDescription\": \"\\\"Cucumber\\\"\",\n        \"online\": false\n    },\n    {\n        \"programId\": 10000,\n        \"programName\": \"\\\"Programming\\\"\",\n        \"programDescription\": \"\\\"Java\\\"\",\n        \"online\": false\n    },\n    {\n        \"programId\": 10001,\n        \"programName\": \"Automation Testing \",\n        \"programDescription\": \"RestAssured\",\n        \"online\": true\n    },\n    {\n        \"programId\": 10002,\n        \"programName\": \"Testing modified\",\n        \"programDescription\": \"Testing modified\",\n        \"online\": true\n    },\n    {\n        \"programId\": 10003,\n        \"programName\": \"SDET26\",\n        \"programDescription\": \"Automation\",\n        \"online\": true\n    },\n    {\n        \"programId\": 10004,\n        \"programName\": \"SDET26\",\n        \"programDescription\": \"700\",\n        \"online\": true\n    },\n    {\n        \"programId\": 10005,\n        \"programName\": \"2h78\",\n        \"programDescription\": \"70\",\n        \"online\": true\n    },\n    {\n        \"programId\": 10006,\n        \"programName\": \"75g\",\n        \"programDescription\": \"num programname\",\n        \"online\": true\n    },\n    {\n        \"programId\": 10007,\n        \"programName\": \"num prog desc\",\n        \"programDescription\": \"75g\",\n        \"online\": true\n    },\n    {\n        \"programId\": 10008,\n        \"programName\": \"78&?\",\n        \"programDescription\": \"special char pgname\",\n        \"online\": true\n    },\n    {\n        \"programId\": 10009,\n        \"programName\": \"0.456\",\n        \"programDescription\": \"decimal pgname\",\n        \"online\": true\n    },\n    {\n        \"programId\": 10089,\n        \"programName\": \"Testing modified\",\n        \"programDescription\": \"Testing modified\",\n        \"online\": true\n    },\n    {\n        \"programId\": 10012,\n        \"programName\": \"Python programming\",\n        \"programDescription\": \"Learn Python\",\n        \"online\": true\n    },\n    {\n        \"programId\": 10013,\n        \"programName\": \"API testing\",\n        \"programDescription\": \"Testing using Postman \",\n        \"online\": true\n    },\n    {\n        \"programId\": 10090,\n        \"programName\": \"Testing modified\",\n        \"programDescription\": \"Testing modified\",\n        \"online\": true\n    },\n    {\n        \"programId\": 10016,\n        \"programName\": \"SDET26\",\n        \"programDescription\": \"management\",\n        \"online\": true\n    },\n    {\n        \"programId\": 10017,\n        \"programName\": \"SDET\",\n        \"programDescription\": \"api\",\n        \"online\": true\n    },\n    {\n        \"programId\": 10018,\n        \"programName\": \"SDET26\",\n        \"programDescription\": \"Automation testing\",\n        \"online\": true\n    },\n    {\n        \"programId\": 10019,\n        \"programName\": \"DS\",\n        \"programDescription\": \"data science\",\n        \"online\": false\n    },\n    {\n        \"programId\": 10020,\n        \"programName\": \"SDET28\",\n        \"programDescription\": \"Automation \",\n        \"online\": true\n    },\n    {\n        \"programId\": 10091,\n        \"programName\": \"Testing modified\",\n        \"programDescription\": \"Testing modified\",\n        \"online\": true\n    },\n    {\n        \"programId\": 10021,\n        \"programName\": \"Testing\",\n        \"programDescription\": \"Testing\",\n        \"online\": true\n    },\n    {\n        \"programId\": 10022,\n        \"programName\": \"Testing\",\n        \"programDescription\": \"\",\n        \"online\": true\n    },\n    {\n        \"programId\": 10023,\n        \"programName\": \"SQL\",\n        \"programDescription\": \"SQL\",\n        \"online\": false\n    },\n    {\n        \"programId\": 10024,\n        \"programName\": \"Testing\",\n        \"programDescription\": \"Testing\",\n        \"online\": false\n    },\n    {\n        \"programId\": 10026,\n        \"programName\": \"1234\",\n        \"programDescription\": \"Testing\",\n        \"online\": false\n    },\n    {\n        \"programId\": 7906,\n        \"programName\": \"Python\",\n        \"programDescription\": \"Automation \",\n        \"online\": true\n    },\n    {\n        \"programId\": 10027,\n        \"programName\": \"DS Algo\",\n        \"programDescription\": \"\",\n        \"online\": true\n    },\n    {\n        \"programId\": 10028,\n        \"programName\": \"SDET29\",\n        \"programDescription\": \"Testing\",\n        \"online\": true\n    },\n    {\n        \"programId\": 10029,\n        \"programName\": \"SDET26\",\n        \"programDescription\": \"Automation\",\n        \"online\": true\n    },\n    {\n        \"programId\": 10030,\n        \"programName\": \"SDET26\",\n        \"programDescription\": \"700\",\n        \"online\": true\n    },\n    {\n        \"programId\": 10031,\n        \"programName\": \"2h78\",\n        \"programDescription\": \"70\",\n        \"online\": true\n    },\n    {\n        \"programId\": 10032,\n        \"programName\": \"75g\",\n        \"programDescription\": \"num programname\",\n        \"online\": true\n    },\n    {\n        \"programId\": 10033,\n        \"programName\": \"num prog desc\",\n        \"programDescription\": \"75g\",\n        \"online\": true\n    },\n    {\n        \"programId\": 10034,\n        \"programName\": \"78&?\",\n        \"programDescription\": \"special char pgname\",\n        \"online\": true\n    },\n    {\n        \"programId\": 10035,\n        \"programName\": \"0.456\",\n        \"programDescription\": \"decimal pgname\",\n        \"online\": true\n    },\n    {\n        \"programId\": 10036,\n        \"programName\": \"batman\",\n        \"programDescription\": \"string\",\n        \"online\": true\n    },\n    {\n        \"programId\": 10037,\n        \"programName\": \"unix\",\n        \"programDescription\": \"string\",\n        \"online\": true\n    },\n    {\n        \"programId\": 10038,\n        \"programName\": \"linux\",\n        \"programDescription\": \"core java\",\n        \"online\": true\n    },\n    {\n        \"programId\": 10039,\n        \"programName\": \"Multipal Digit Testing\",\n        \"programDescription\": \"Program ID Testing\",\n        \"online\": true\n    },\n    {\n        \"programId\": 10040,\n        \"programName\": \"ironman\",\n        \"programDescription\": \"Agile\",\n        \"online\": true\n    },\n    {\n        \"programId\": 10041,\n        \"programName\": \"Application Support\",\n        \"programDescription\": \"java\",\n        \"online\": true\n    },\n    {\n        \"programId\": 10043,\n        \"programName\": \"string\",\n        \"programDescription\": \"string\",\n        \"online\": true\n    },\n    {\n        \"programId\": 10042,\n        \"programName\": \"modified testing\",\n        \"programDescription\": \"modified testing\",\n        \"online\": true\n    },\n    {\n        \"programId\": 10044,\n        \"programName\": \"SDET\",\n        \"programDescription\": \"Testing Insert\",\n        \"online\": true\n    },\n    {\n        \"programId\": 10045,\n        \"programName\": \"SDET\",\n        \"programDescription\": \"Testing Insert\",\n        \"online\": true\n    },\n    {\n        \"programId\": 10046,\n        \"programName\": \"SDET\",\n        \"programDescription\": \"Testing Insert\",\n        \"online\": true\n    },\n    {\n        \"programId\": 10047,\n        \"programName\": \"SDET\",\n        \"programDescription\": \"Testing Insert\",\n        \"online\": true\n    },\n    {\n        \"programId\": 10048,\n        \"programName\": \"Devops123\",\n        \"programDescription\": \"New full stack web dev\",\n        \"online\": false\n    },\n    {\n        \"programId\": 10053,\n        \"programName\": \"\\\"API Testing\\\"\",\n        \"programDescription\": \"\\\"RestAssured\\\"\",\n        \"online\": false\n    },\n    {\n        \"programId\": 10054,\n        \"programName\": \"\\\"Framework\\\"\",\n        \"programDescription\": \"\\\"Cucumber\\\"\",\n        \"online\": false\n    },\n    {\n        \"programId\": 10056,\n        \"programName\": \"\\\"API Testing\\\"\",\n        \"programDescription\": \"\\\"RestAssured\\\"\",\n        \"online\": false\n    },\n    {\n        \"programId\": 10057,\n        \"programName\": \"\\\"Framework\\\"\",\n        \"programDescription\": \"\\\"Cucumber\\\"\",\n        \"online\": false\n    },\n    {\n        \"programId\": 10059,\n        \"programName\": \"\\\"API Testing\\\"\",\n        \"programDescription\": \"\\\"RestAssured\\\"\",\n        \"online\": false\n    },\n    {\n        \"programId\": 10061,\n        \"programName\": \"\\\"API Testing\\\"\",\n        \"programDescription\": \"\\\"RestAssured\\\"\",\n        \"online\": false\n    },\n    {\n        \"programId\": 10063,\n        \"programName\": \"Testing modified\",\n        \"programDescription\": \"Testing modified\",\n        \"online\": true\n    },\n    {\n        \"programId\": 10064,\n        \"programName\": \"Testing modified\",\n        \"programDescription\": \"Testing modified\",\n        \"online\": true\n    },\n    {\n        \"programId\": 10065,\n        \"programName\": \"Testing modified\",\n        \"programDescription\": \"Testing modified\",\n        \"online\": true\n    },\n    {\n        \"programId\": 10066,\n        \"programName\": \"Testing modified\",\n        \"programDescription\": \"Testing modified\",\n        \"online\": true\n    },\n    {\n        \"programId\": 10067,\n        \"programName\": \"\\\"API Testing\\\"\",\n        \"programDescription\": \"\\\"RestAssured\\\"\",\n        \"online\": false\n    },\n    {\n        \"programId\": 10069,\n        \"programName\": \"\\\"API Testing\\\"\",\n        \"programDescription\": \"\\\"RestAssured\\\"\",\n        \"online\": false\n    },\n    {\n        \"programId\": 10071,\n        \"programName\": \"\\\"API Testing\\\"\",\n        \"programDescription\": \"\\\"RestAssured\\\"\",\n        \"online\": false\n    },\n    {\n        \"programId\": 10073,\n        \"programName\": \"\\\"API Testing\\\"\",\n        \"programDescription\": \"\\\"RestAssured\\\"\",\n        \"online\": false\n    },\n    {\n        \"programId\": 10075,\n        \"programName\": \"\\\"API Testing\\\"\",\n        \"programDescription\": \"\\\"RestAssured\\\"\",\n        \"online\": false\n    },\n    {\n        \"programId\": 10077,\n        \"programName\": \"\\\"API Testing\\\"\",\n        \"programDescription\": \"\\\"RestAssured\\\"\",\n        \"online\": false\n    },\n    {\n        \"programId\": 10080,\n        \"programName\": \"nerre\",\n        \"programDescription\": \"ts\",\n        \"online\": false\n    },\n    {\n        \"programId\": 10081,\n        \"programName\": \"nerre\",\n        \"programDescription\": \"ts\",\n        \"online\": true\n    },\n    {\n        \"programId\": 10082,\n        \"programName\": \"nerre\",\n        \"programDescription\": \"ts\",\n        \"online\": true\n    },\n    {\n        \"programId\": 10084,\n        \"programName\": \"\\\"API Testing\\\"\",\n        \"programDescription\": \"\\\"RestAssured\\\"\",\n        \"online\": false\n    },\n    {\n        \"programId\": 10086,\n        \"programName\": \"\\\"Programming\\\"\",\n        \"programDescription\": \"\\\"Java\\\"\",\n        \"online\": false\n    },\n    {\n        \"programId\": 10087,\n        \"programName\": \"Automation Testing \",\n        \"programDescription\": \"RestAssured\",\n        \"online\": true\n    },\n    {\n        \"programId\": 10092,\n        \"programName\": \"Testing modified\",\n        \"programDescription\": \"Testing modified\",\n        \"online\": true\n    },\n    {\n        \"programId\": 10093,\n        \"programName\": \"Testing modified\",\n        \"programDescription\": \"Testing modified\",\n        \"online\": true\n    },\n    {\n        \"programId\": 10094,\n        \"programName\": \"Testing modified\",\n        \"programDescription\": \"Testing modified\",\n        \"online\": true\n    },\n    {\n        \"programId\": 10095,\n        \"programName\": \"Testing modified\",\n        \"programDescription\": \"Testing modified\",\n        \"online\": true\n    },\n    {\n        \"programId\": 10096,\n        \"programName\": \"Testing modified\",\n        \"programDescription\": \"Testing modified\",\n        \"online\": true\n    },\n    {\n        \"programId\": 10097,\n        \"programName\": \"Testing modified\",\n        \"programDescription\": \"Testing modified\",\n        \"online\": true\n    },\n    {\n        \"programId\": 10098,\n        \"programName\": \"Testing modified\",\n        \"programDescription\": \"Testing modified\",\n        \"online\": true\n    },\n    {\n        \"programId\": 10099,\n        \"programName\": \"Testing modified\",\n        \"programDescription\": \"Testing modified\",\n        \"online\": true\n    },\n    {\n        \"programId\": 10100,\n        \"programName\": \"Testing modified\",\n        \"programDescription\": \"Testing modified\",\n        \"online\": true\n    },\n    {\n        \"programId\": 10101,\n        \"programName\": \"Testing modified\",\n        \"programDescription\": \"Testing modified\",\n        \"online\": true\n    },\n    {\n        \"programId\": 10102,\n        \"programName\": \"Testing modified\",\n        \"programDescription\": \"Testing modified\",\n        \"online\": true\n    },\n    {\n        \"programId\": 10103,\n        \"programName\": \"Testing modified\",\n        \"programDescription\": \"Testing modified\",\n        \"online\": true\n    },\n    {\n        \"programId\": 10104,\n        \"programName\": \"Testing modified\",\n        \"programDescription\": \"Testing modified\",\n        \"online\": true\n    },\n    {\n        \"programId\": 10105,\n        \"programName\": \"Testing modified\",\n        \"programDescription\": \"Testing modified\",\n        \"online\": true\n    },\n    {\n        \"programId\": 10106,\n        \"programName\": \"Testing modified\",\n        \"programDescription\": \"Testing modified\",\n        \"online\": true\n    },\n    {\n        \"programId\": 10107,\n        \"programName\": \"Testing modified\",\n        \"programDescription\": \"Testing modified\",\n        \"online\": true\n    },\n    {\n        \"programId\": 10108,\n        \"programName\": \"Testing modified\",\n        \"programDescription\": \"Testing modified\",\n        \"online\": true\n    },\n    {\n        \"programId\": 10109,\n        \"programName\": \"Testing modified\",\n        \"programDescription\": \"Testing modified\",\n        \"online\": true\n    },\n    {\n        \"programId\": 10110,\n        \"programName\": \"Testing modified\",\n        \"programDescription\": \"Testing modified\",\n        \"online\": true\n    },\n    {\n        \"programId\": 10111,\n        \"programName\": \"Testing modified\",\n        \"programDescription\": \"Testing modified\",\n        \"online\": true\n    },\n    {\n        \"programId\": 10112,\n        \"programName\": \"Testing modified\",\n        \"programDescription\": \"Testing modified\",\n        \"online\": true\n    },\n    {\n        \"programId\": 10113,\n        \"programName\": \"Testing modified\",\n        \"programDescription\": \"Testing modified\",\n        \"online\": true\n    },\n    {\n        \"programId\": 10114,\n        \"programName\": \"Testing modified\",\n        \"programDescription\": \"Testing modified\",\n        \"online\": true\n    },\n    {\n        \"programId\": 10115,\n        \"programName\": \"Testing modified\",\n        \"programDescription\": \"Testing modified\",\n        \"online\": true\n    },\n    {\n        \"programId\": 10116,\n        \"programName\": \"Testing modified\",\n        \"programDescription\": \"Testing modified\",\n        \"online\": true\n    },\n    {\n        \"programId\": 10117,\n        \"programName\": \"Testing modified\",\n        \"programDescription\": \"Testing modified\",\n        \"online\": true\n    },\n    {\n        \"programId\": 10118,\n        \"programName\": \"\\\"API Testing\\\"\",\n        \"programDescription\": \"\\\"RestAssured\\\"\",\n        \"online\": false\n    },\n    {\n        \"programId\": 10120,\n        \"programName\": \"\\\"Programming\\\"\",\n        \"programDescription\": \"\\\"Java\\\"\",\n        \"online\": false\n    },\n    {\n        \"programId\": 10121,\n        \"programName\": \"Automation Testing \",\n        \"programDescription\": \"RestAssured\",\n        \"online\": true\n    },\n    {\n        \"programId\": 10122,\n        \"programName\": \"Testing modified\",\n        \"programDescription\": \"Testing modified\",\n        \"online\": true\n    },\n    {\n        \"programId\": 10123,\n        \"programName\": \"Testing modified\",\n        \"programDescription\": \"Testing modified\",\n        \"online\": true\n    },\n    {\n        \"programId\": 10124,\n        \"programName\": \"Testing modified\",\n        \"programDescription\": \"Testing modified\",\n        \"online\": true\n    },\n    {\n        \"programId\": 10125,\n        \"programName\": \"Testing modified\",\n        \"programDescription\": \"Testing modified\",\n        \"online\": true\n    },\n    {\n        \"programId\": 10126,\n        \"programName\": \"Testing modified\",\n        \"programDescription\": \"Testing modified\",\n        \"online\": true\n    },\n    {\n        \"programId\": 10127,\n        \"programName\": \"Testing modified\",\n        \"programDescription\": \"Testing modified\",\n        \"online\": true\n    },\n    {\n        \"programId\": 10128,\n        \"programName\": \"\\\"API Testing\\\"\",\n        \"programDescription\": \"\\\"RestAssured\\\"\",\n        \"online\": false\n    },\n    {\n        \"programId\": 10130,\n        \"programName\": \"\\\"Programming\\\"\",\n        \"programDescription\": \"\\\"Java\\\"\",\n        \"online\": false\n    },\n    {\n        \"programId\": 10131,\n        \"programName\": \"Automation Testing \",\n        \"programDescription\": \"RestAssured\",\n        \"online\": true\n    },\n    {\n        \"programId\": 10132,\n        \"programName\": \"batman\",\n        \"programDescription\": \"string\",\n        \"online\": true\n    },\n    {\n        \"programId\": 10133,\n        \"programName\": \"Testing modified\",\n        \"programDescription\": \"Testing modified\",\n        \"online\": true\n    },\n    {\n        \"programId\": 10134,\n        \"programName\": \"Testing modified\",\n        \"programDescription\": \"Testing modified\",\n        \"online\": true\n    },\n    {\n        \"programId\": 10135,\n        \"programName\": \"Testing modified\",\n        \"programDescription\": \"Testing modified\",\n        \"online\": true\n    },\n    {\n        \"programId\": 10136,\n        \"programName\": \"Testing modified\",\n        \"programDescription\": \"Testing modified\",\n        \"online\": true\n    },\n    {\n        \"programId\": 10137,\n        \"programName\": \"Testing modified\",\n        \"programDescription\": \"Testing modified\",\n        \"online\": true\n    },\n    {\n        \"programId\": 10138,\n        \"programName\": \"Testing modified\",\n        \"programDescription\": \"Testing modified\",\n        \"online\": true\n    },\n    {\n        \"programId\": 10139,\n        \"programName\": \"Testing modified\",\n        \"programDescription\": \"Testing modified\",\n        \"online\": true\n    },\n    {\n        \"programId\": 10140,\n        \"programName\": \"Testing modified\",\n        \"programDescription\": \"Testing modified\",\n        \"online\": true\n    },\n    {\n        \"programId\": 10141,\n        \"programName\": \"Testing modified\",\n        \"programDescription\": \"Testing modified\",\n        \"online\": true\n    },\n    {\n        \"programId\": 10142,\n        \"programName\": \"Testing modified\",\n        \"programDescription\": \"Testing modified\",\n        \"online\": true\n    },\n    {\n        \"programId\": 10143,\n        \"programName\": \"Testing modified\",\n        \"programDescription\": \"Testing modified\",\n        \"online\": true\n    },\n    {\n        \"programId\": 10144,\n        \"programName\": \"Testing modified\",\n        \"programDescription\": \"Testing modified\",\n        \"online\": true\n    },\n    {\n        \"programId\": 10145,\n        \"programName\": \"batman\",\n        \"programDescription\": \"string\",\n        \"online\": true\n    },\n    {\n        \"programId\": 10146,\n        \"programName\": \"SDET\",\n        \"programDescription\": \"Testing Insert\",\n        \"online\": true\n    },\n    {\n        \"programId\": 10147,\n        \"programName\": \"\\\"API Testing\\\"\",\n        \"programDescription\": \"\\\"RestAssured\\\"\",\n        \"online\": false\n    },\n    {\n        \"programId\": 10149,\n        \"programName\": \"\\\"Programming\\\"\",\n        \"programDescription\": \"\\\"Java\\\"\",\n        \"online\": false\n    },\n    {\n        \"programId\": 10150,\n        \"programName\": \"Automation Testing \",\n        \"programDescription\": \"RestAssured\",\n        \"online\": true\n    },\n    {\n        \"programId\": 10151,\n        \"programName\": \"batman\",\n        \"programDescription\": \"string\",\n        \"online\": true\n    },\n    {\n        \"programId\": 10152,\n        \"programName\": \"Testing modified\",\n        \"programDescription\": \"Testing modified\",\n        \"online\": true\n    },\n    {\n        \"programId\": 10153,\n        \"programName\": \"Testing modified\",\n        \"programDescription\": \"Testing modified\",\n        \"online\": true\n    },\n    {\n        \"programId\": 10154,\n        \"programName\": \"Testing modified\",\n        \"programDescription\": \"Testing modified\",\n        \"online\": true\n    },\n    {\n        \"programId\": 10155,\n        \"programName\": \"Testing modified\",\n        \"programDescription\": \"Testing modified\",\n        \"online\": true\n    },\n    {\n        \"programId\": 10156,\n        \"programName\": \"Testing modified\",\n        \"programDescription\": \"Testing modified\",\n        \"online\": true\n    },\n    {\n        \"programId\": 10157,\n        \"programName\": \"batman\",\n        \"programDescription\": \"string\",\n        \"online\": true\n    },\n    {\n        \"programId\": 10158,\n        \"programName\": \"Testing modified\",\n        \"programDescription\": \"Testing modified\",\n        \"online\": true\n    },\n    {\n        \"programId\": 10159,\n        \"programName\": \"Testing modified\",\n        \"programDescription\": \"Testing modified\",\n        \"online\": true\n    },\n    {\n        \"programId\": 10160,\n        \"programName\": \"Testing modified\",\n        \"programDescription\": \"Testing modified\",\n        \"online\": true\n    },\n    {\n        \"programId\": 10161,\n        \"programName\": \"Testing modified\",\n        \"programDescription\": \"Testing modified\",\n        \"online\": true\n    },\n    {\n        \"programId\": 10162,\n        \"programName\": \"Testing modified\",\n        \"programDescription\": \"Testing modified\",\n        \"online\": true\n    },\n    {\n        \"programId\": 10163,\n        \"programName\": \"batman\",\n        \"programDescription\": \"string\",\n        \"online\": true\n    },\n    {\n        \"programId\": 10164,\n        \"programName\": \"batman\",\n        \"programDescription\": \"string\",\n        \"online\": true\n    },\n    {\n        \"programId\": 10165,\n        \"programName\": \"batman\",\n        \"programDescription\": \"string\",\n        \"online\": true\n    },\n    {\n        \"programId\": 10166,\n        \"programName\": \"batman\",\n        \"programDescription\": \"string\",\n        \"online\": true\n    },\n    {\n        \"programId\": 10167,\n        \"programName\": \"batman\",\n        \"programDescription\": \"string\",\n        \"online\": true\n    },\n    {\n        \"programId\": 10222,\n        \"programName\": \"C1\",\n        \"programDescription\": \"Testing code 1\",\n        \"online\": true\n    },\n    {\n        \"programId\": 10169,\n        \"programName\": \"Testing modified\",\n        \"programDescription\": \"Testing modified\",\n        \"online\": true\n    },\n    {\n        \"programId\": 10170,\n        \"programName\": \"Testing modified\",\n        \"programDescription\": \"Testing modified\",\n        \"online\": true\n    },\n    {\n        \"programId\": 10171,\n        \"programName\": \"Testing modified\",\n        \"programDescription\": \"Testing modified\",\n        \"online\": true\n    },\n    {\n        \"programId\": 10172,\n        \"programName\": \"Testing modified\",\n        \"programDescription\": \"Testing modified\",\n        \"online\": true\n    },\n    {\n        \"programId\": 10173,\n        \"programName\": \"Testing modified\",\n        \"programDescription\": \"Testing modified\",\n        \"online\": true\n    },\n    {\n        \"programId\": 10168,\n        \"programName\": \"C#\",\n        \"programDescription\": \".net core\",\n        \"online\": true\n    },\n    {\n        \"programId\": 10174,\n        \"programName\": \"Testing modified\",\n        \"programDescription\": \"Testing modified\",\n        \"online\": true\n    },\n    {\n        \"programId\": 10175,\n        \"programName\": \"Testing modified\",\n        \"programDescription\": \"Testing modified\",\n        \"online\": true\n    },\n    {\n        \"programId\": 10176,\n        \"programName\": \"Testing modified\",\n        \"programDescription\": \"Testing modified\",\n        \"online\": true\n    },\n    {\n        \"programId\": 10177,\n        \"programName\": \"Testing modified\",\n        \"programDescription\": \"Testing modified\",\n        \"online\": true\n    },\n    {\n        \"programId\": 10178,\n        \"programName\": \"Testing modified\",\n        \"programDescription\": \"Testing modified\",\n        \"online\": true\n    },\n    {\n        \"programId\": 10179,\n        \"programName\": \"Testing modified\",\n        \"programDescription\": \"Testing modified\",\n        \"online\": true\n    },\n    {\n        \"programId\": 10180,\n        \"programName\": \"Testing modified\",\n        \"programDescription\": \"Testing modified\",\n        \"online\": true\n    },\n    {\n        \"programId\": 10181,\n        \"programName\": \"Testing modified\",\n        \"programDescription\": \"Testing modified\",\n        \"online\": true\n    },\n    {\n        \"programId\": 10182,\n        \"programName\": \"Testing modified\",\n        \"programDescription\": \"Testing modified\",\n        \"online\": true\n    },\n    {\n        \"programId\": 10183,\n        \"programName\": \"Testing modified\",\n        \"programDescription\": \"Testing modified\",\n        \"online\": true\n    },\n    {\n        \"programId\": 10184,\n        \"programName\": \"Testing modified\",\n        \"programDescription\": \"Testing modified\",\n        \"online\": true\n    },\n    {\n        \"programId\": 10185,\n        \"programName\": \"Testing modified\",\n        \"programDescription\": \"Testing modified\",\n        \"online\": true\n    },\n    {\n        \"programId\": 10186,\n        \"programName\": \"Testing modified\",\n        \"programDescription\": \"Testing modified\",\n        \"online\": true\n    },\n    {\n        \"programId\": 10187,\n        \"programName\": \"Testing modified\",\n        \"programDescription\": \"Testing modified\",\n        \"online\": true\n    },\n    {\n        \"programId\": 10188,\n        \"programName\": \"Testing modified\",\n        \"programDescription\": \"Testing modified\",\n        \"online\": true\n    },\n    {\n        \"programId\": 10189,\n        \"programName\": \"Testing modified\",\n        \"programDescription\": \"Testing modified\",\n        \"online\": true\n    },\n    {\n        \"programId\": 10190,\n        \"programName\": \"Testing modified\",\n        \"programDescription\": \"Testing modified\",\n        \"online\": true\n    },\n    {\n        \"programId\": 10191,\n        \"programName\": \"Testing modified\",\n        \"programDescription\": \"Testing modified\",\n        \"online\": true\n    },\n    {\n        \"programId\": 10192,\n        \"programName\": \"Testing modified\",\n        \"programDescription\": \"Testing modified\",\n        \"online\": true\n    },\n    {\n        \"programId\": 10193,\n        \"programName\": \"Testing modified\",\n        \"programDescription\": \"Testing modified\",\n        \"online\": true\n    },\n    {\n        \"programId\": 10194,\n        \"programName\": \"VideoGame\",\n        \"programDescription\": \"user friendly\",\n        \"online\": true\n    },\n    {\n        \"programId\": 10195,\n        \"programName\": \"SDET\",\n        \"programDescription\": \"Testing Insert\",\n        \"online\": true\n    },\n    {\n        \"programId\": 10196,\n        \"programName\": \"VideoGame\",\n        \"programDescription\": \"user friendly\",\n        \"online\": true\n    },\n    {\n        \"programId\": 10197,\n        \"programName\": \"VideoGame\",\n        \"programDescription\": \"user friendly\",\n        \"online\": true\n    },\n    {\n        \"programId\": 10198,\n        \"programName\": \"VideoGame\",\n        \"programDescription\": \"user friendly\",\n        \"online\": true\n    },\n    {\n        \"programId\": 10199,\n        \"programName\": \"VideoGame\",\n        \"programDescription\": \"user friendly\",\n        \"online\": true\n    },\n    {\n        \"programId\": 10200,\n        \"programName\": \"VideoGame\",\n        \"programDescription\": \"user friendly\",\n        \"online\": true\n    },\n    {\n        \"programId\": 10205,\n        \"programName\": \"Python\",\n        \"programDescription\": \"Python for Beginners\",\n        \"online\": true\n    },\n    {\n        \"programId\": 10206,\n        \"programName\": \"Java\",\n        \"programDescription\": \"Java for Beginners\",\n        \"online\": true\n    },\n    {\n        \"programId\": 10207,\n        \"programName\": \"Data Analysis\",\n        \"programDescription\": \"Data Analytics\",\n        \"online\": true\n    },\n    {\n        \"programId\": 10223,\n        \"programName\": \"S1\",\n        \"programDescription\": \"Testing code 1\",\n        \"online\": true\n    },\n    {\n        \"programId\": 10208,\n        \"programName\": \"VideoGame\",\n        \"programDescription\": \"user friendly\",\n        \"online\": true\n    },\n    {\n        \"programId\": 10209,\n        \"programName\": \"VideoGame\",\n        \"programDescription\": \"user friendly\",\n        \"online\": true\n    },\n    {\n        \"programId\": 10210,\n        \"programName\": \"VideoGame\",\n        \"programDescription\": \"user friendly\",\n        \"online\": true\n    },\n    {\n        \"programId\": 10211,\n        \"programName\": \"VideoGame\",\n        \"programDescription\": \"user friendly\",\n        \"online\": true\n    },\n    {\n        \"programId\": 10212,\n        \"programName\": \"VideoGame\",\n        \"programDescription\": \"user friendly\",\n        \"online\": true\n    },\n    {\n        \"programId\": 10213,\n        \"programName\": \"VideoGame\",\n        \"programDescription\": \"user friendly\",\n        \"online\": true\n    },\n    {\n        \"programId\": 10214,\n        \"programName\": \"C1\",\n        \"programDescription\": \"Testing code 1\",\n        \"online\": true\n    },\n    {\n        \"programId\": 10215,\n        \"programName\": \"S1\",\n        \"programDescription\": \"Testing code 1\",\n        \"online\": true\n    },\n    {\n        \"programId\": 10216,\n        \"programName\": \"Data1\",\n        \"programDescription\": \"Data code1\",\n        \"online\": true\n    },\n    {\n        \"programId\": 10217,\n        \"programName\": \"123\",\n        \"programDescription\": \"Data code3\",\n        \"online\": false\n    },\n    {\n        \"programId\": 10219,\n        \"programName\": \"Chemistry\",\n        \"programDescription\": \"\",\n        \"online\": true\n    },\n    {\n        \"programId\": 10220,\n        \"programName\": \"C#\",\n        \"programDescription\": \"Data code8\",\n        \"online\": false\n    },\n    {\n        \"programId\": 10221,\n        \"programName\": \"C++\",\n        \"programDescription\": \"Data code9\",\n        \"online\": false\n    },\n    {\n        \"programId\": 10224,\n        \"programName\": \"Data1\",\n        \"programDescription\": \"Data code1\",\n        \"online\": true\n    },\n    {\n        \"programId\": 10225,\n        \"programName\": \"123\",\n        \"programDescription\": \"Data code3\",\n        \"online\": false\n    },\n    {\n        \"programId\": 10227,\n        \"programName\": \"Chemistry\",\n        \"programDescription\": \"\",\n        \"online\": true\n    },\n    {\n        \"programId\": 10228,\n        \"programName\": \"C#\",\n        \"programDescription\": \"Data code8\",\n        \"online\": false\n    },\n    {\n        \"programId\": 10229,\n        \"programName\": \"C++\",\n        \"programDescription\": \"Data code9\",\n        \"online\": false\n    },\n    {\n        \"programId\": 10230,\n        \"programName\": \"Computer1\",\n        \"programDescription\": \"Testing code 101\",\n        \"online\": true\n    },\n    {\n        \"programId\": 10231,\n        \"programName\": \"Computer2\",\n        \"programDescription\": \"Testing code 102\",\n        \"online\": true\n    },\n    {\n        \"programId\": 10232,\n        \"programName\": \"Computer1\",\n        \"programDescription\": \"Testing code 101\",\n        \"online\": true\n    },\n    {\n        \"programId\": 10233,\n        \"programName\": \"Computer2\",\n        \"programDescription\": \"Testing code 102\",\n        \"online\": true\n    },\n    {\n        \"programId\": 10234,\n        \"programName\": \"Computer1\",\n        \"programDescription\": \"Testing code 101\",\n        \"online\": true\n    },\n    {\n        \"programId\": 10235,\n        \"programName\": \"Computer2\",\n        \"programDescription\": \"Testing code 102\",\n        \"online\": true\n    },\n    {\n        \"programId\": 10236,\n        \"programName\": \"Computer1\",\n        \"programDescription\": \"Testing code 101\",\n        \"online\": true\n    },\n    {\n        \"programId\": 10237,\n        \"programName\": \"Computer2\",\n        \"programDescription\": \"Testing code 102\",\n        \"online\": true\n    },\n    {\n        \"programId\": 10238,\n        \"programName\": \"Computer1\",\n        \"programDescription\": \"Testing code 104\",\n        \"online\": true\n    },\n    {\n        \"programId\": 10239,\n        \"programName\": \"Computer2\",\n        \"programDescription\": \"Testing code 105\",\n        \"online\": true\n    },\n    {\n        \"programId\": 10240,\n        \"programName\": \"Data1\",\n        \"programDescription\": \"Testing code 107\",\n        \"online\": true\n    },\n    {\n        \"programId\": 10241,\n        \"programName\": \"123\",\n        \"programDescription\": \"Testing code 109\",\n        \"online\": false\n    },\n    {\n        \"programId\": 10243,\n        \"programName\": \"Chemistry\",\n        \"programDescription\": \"\",\n        \"online\": true\n    },\n    {\n        \"programId\": 10244,\n        \"programName\": \"C#\",\n        \"programDescription\": \"Data code8\",\n        \"online\": false\n    },\n    {\n        \"programId\": 10245,\n        \"programName\": \"C++\",\n        \"programDescription\": \"Data code9\",\n        \"online\": false\n    },\n    {\n        \"programId\": 10252,\n        \"programName\": \"Post method Testing\",\n        \"programDescription\": \"Testing for Post Method\",\n        \"online\": true\n    },\n    {\n        \"programId\": 10253,\n        \"programName\": \"Post method Testing\",\n        \"programDescription\": \"Testing for Post Method\",\n        \"online\": true\n    },\n    {\n        \"programId\": 10257,\n        \"programName\": \"create post\",\n        \"programDescription\": \"Testing Post\",\n        \"online\": false\n    },\n    {\n        \"programId\": 10261,\n        \"programName\": \"create post\",\n        \"programDescription\": \"Testing Post\",\n        \"online\": false\n    },\n    {\n        \"programId\": 10268,\n        \"programName\": \"Computer1\",\n        \"programDescription\": \"Testing code 104\",\n        \"online\": true\n    },\n    {\n        \"programId\": 10269,\n        \"programName\": \"Computer2\",\n        \"programDescription\": \"Testing code 105\",\n        \"online\": true\n    },\n    {\n        \"programId\": 10270,\n        \"programName\": \"Data1\",\n        \"programDescription\": \"Testing code 107\",\n        \"online\": true\n    },\n    {\n        \"programId\": 10271,\n        \"programName\": \"123\",\n        \"programDescription\": \"Testing code 109\",\n        \"online\": false\n    },\n    {\n        \"programId\": 10273,\n        \"programName\": \"Chemistry\",\n        \"programDescription\": \"\",\n        \"online\": true\n    },\n    {\n        \"programId\": 10274,\n        \"programName\": \"C#\",\n        \"programDescription\": \"Data code8\",\n        \"online\": false\n    },\n    {\n        \"programId\": 10275,\n        \"programName\": \"C++\",\n        \"programDescription\": \"Data code9\",\n        \"online\": false\n    },\n    {\n        \"programId\": 10285,\n        \"programName\": \"post program testing\",\n        \"programDescription\": \"postprogram\",\n        \"online\": true\n    },\n    {\n        \"programId\": 10286,\n        \"programName\": \"C++\",\n        \"programDescription\": \"Data code90\",\n        \"online\": true\n    },\n    {\n        \"programId\": 10321,\n        \"programName\": \"C1\",\n        \"programDescription\": \"Testing code 1\",\n        \"online\": true\n    },\n    {\n        \"programId\": 10322,\n        \"programName\": \"S1\",\n        \"programDescription\": \"Testing code 1\",\n        \"online\": true\n    },\n    {\n        \"programId\": 10323,\n        \"programName\": \"C1\",\n        \"programDescription\": \"Testing code 1\",\n        \"online\": true\n    },\n    {\n        \"programId\": 10324,\n        \"programName\": \"S1\",\n        \"programDescription\": \"Testing code 1\",\n        \"online\": true\n    },\n    {\n        \"programId\": 10325,\n        \"programName\": \"C1\",\n        \"programDescription\": \"Testing code 1\",\n        \"online\": true\n    },\n    {\n        \"programId\": 10326,\n        \"programName\": \"S1\",\n        \"programDescription\": \"Testing code 1\",\n        \"online\": true\n    },\n    {\n        \"programId\": 10327,\n        \"programName\": \"C1\",\n        \"programDescription\": \"Testing code 1\",\n        \"online\": true\n    },\n    {\n        \"programId\": 10328,\n        \"programName\": \"S1\",\n        \"programDescription\": \"Testing code 1\",\n        \"online\": true\n    },\n    {\n        \"programId\": 10329,\n        \"programName\": \"C1\",\n        \"programDescription\": \"Testing code 1\",\n        \"online\": true\n    },\n    {\n        \"programId\": 10330,\n        \"programName\": \"S1\",\n        \"programDescription\": \"Testing code 1\",\n        \"online\": true\n    },\n    {\n        \"programId\": 10331,\n        \"programName\": \"C1\",\n        \"programDescription\": \"Testing code 1\",\n        \"online\": true\n    },\n    {\n        \"programId\": 10332,\n        \"programName\": \"S1\",\n        \"programDescription\": \"Testing code 1\",\n        \"online\": true\n    },\n    {\n        \"programId\": 10333,\n        \"programName\": \"C1\",\n        \"programDescription\": \"Testing code 1\",\n        \"online\": true\n    },\n    {\n        \"programId\": 10334,\n        \"programName\": \"S1\",\n        \"programDescription\": \"Testing code 1\",\n        \"online\": true\n    },\n    {\n        \"programId\": 10335,\n        \"programName\": \"C1\",\n        \"programDescription\": \"Testing code 1\",\n        \"online\": true\n    },\n    {\n        \"programId\": 10336,\n        \"programName\": \"S1\",\n        \"programDescription\": \"Testing code 1\",\n        \"online\": true\n    },\n    {\n        \"programId\": 10337,\n        \"programName\": \"C1\",\n        \"programDescription\": \"Testing code 1\",\n        \"online\": true\n    },\n    {\n        \"programId\": 10338,\n        \"programName\": \"S1\",\n        \"programDescription\": \"Testing code 1\",\n        \"online\": true\n    },\n    {\n        \"programId\": 10339,\n        \"programName\": \"C1\",\n        \"programDescription\": \"Testing code 1\",\n        \"online\": true\n    },\n    {\n        \"programId\": 10340,\n        \"programName\": \"S1\",\n        \"programDescription\": \"Testing code 1\",\n        \"online\": true\n    },\n    {\n        \"programId\": 10341,\n        \"programName\": \"C1\",\n        \"programDescription\": \"Testing code 1\",\n        \"online\": true\n    },\n    {\n        \"programId\": 10342,\n        \"programName\": \"S1\",\n        \"programDescription\": \"Testing code 1\",\n        \"online\": true\n    },\n    {\n        \"programId\": 10343,\n        \"programName\": \"C1\",\n        \"programDescription\": \"Testing code 1\",\n        \"online\": true\n    },\n    {\n        \"programId\": 10344,\n        \"programName\": \"S1\",\n        \"programDescription\": \"Testing code 1\",\n        \"online\": true\n    },\n    {\n        \"programId\": 10345,\n        \"programName\": \"C1\",\n        \"programDescription\": \"Testing code 1\",\n        \"online\": true\n    },\n    {\n        \"programId\": 10346,\n        \"programName\": \"S1\",\n        \"programDescription\": \"Testing code 1\",\n        \"online\": true\n    },\n    {\n        \"programId\": 10347,\n        \"programName\": \"C1\",\n        \"programDescription\": \"Testing code 1\",\n        \"online\": true\n    },\n    {\n        \"programId\": 10348,\n        \"programName\": \"S1\",\n        \"programDescription\": \"Testing code 1\",\n        \"online\": true\n    },\n    {\n        \"programId\": 10349,\n        \"programName\": \"C1\",\n        \"programDescription\": \"Testing code 1\",\n        \"online\": true\n    },\n    {\n        \"programId\": 10350,\n        \"programName\": \"S1\",\n        \"programDescription\": \"Testing code 1\",\n        \"online\": true\n    },\n    {\n        \"programId\": 10351,\n        \"programName\": \"C1\",\n        \"programDescription\": \"Testing code 1\",\n        \"online\": true\n    },\n    {\n        \"programId\": 10352,\n        \"programName\": \"S1\",\n        \"programDescription\": \"Testing code 1\",\n        \"online\": true\n    },\n    {\n        \"programId\": 10353,\n        \"programName\": \"C1\",\n        \"programDescription\": \"Testing code 1\",\n        \"online\": true\n    },\n    {\n        \"programId\": 10354,\n        \"programName\": \"S1\",\n        \"programDescription\": \"Testing code 1\",\n        \"online\": true\n    },\n    {\n        \"programId\": 10355,\n        \"programName\": \"JavaCore\",\n        \"programDescription\": \"JavaClass\",\n        \"online\": true\n    },\n    {\n        \"programId\": 10356,\n        \"programName\": \"JavaCore\",\n        \"programDescription\": \"JavaClass\",\n        \"online\": true\n    },\n    {\n        \"programId\": 10357,\n        \"programName\": \"Csharp\",\n        \"programDescription\": \"Testing\",\n        \"online\": true\n    },\n    {\n        \"programId\": 10358,\n        \"programName\": \"Csharp\",\n        \"programDescription\": \"Testing\",\n        \"online\": true\n    },\n    {\n        \"programId\": 10359,\n        \"programName\": \"Selenium Modified\",\n        \"programDescription\": \"Testing Modified\",\n        \"online\": true\n    },\n    {\n        \"programId\": 10360,\n        \"programName\": \"Java Modified\",\n        \"programDescription\": \"Testing Modified\",\n        \"online\": false\n    },\n    {\n        \"programId\": 10361,\n        \"programName\": \"Csharp\",\n        \"programDescription\": \"Testing\",\n        \"online\": true\n    },\n    {\n        \"programId\": 10362,\n        \"programName\": \"Csharp Modified\",\n        \"programDescription\": \"Testing Modified\",\n        \"online\": true\n    },\n    {\n        \"programId\": 10363,\n        \"programName\": \"Cypress Modified\",\n        \"programDescription\": \"Testing edited Modified\",\n        \"online\": false\n    },\n    {\n        \"programId\": 10364,\n        \"programName\": \"CoralDraw Modified\",\n        \"programDescription\": \"Testing edited Modified\",\n        \"online\": true\n    },\n    {\n        \"programId\": 10365,\n        \"programName\": \"Adobe Reader Modified\",\n        \"programDescription\": \"Testing edited Modified\",\n        \"online\": true\n    },\n    {\n        \"programId\": 10366,\n        \"programName\": \"Cucumber Modified\",\n        \"programDescription\": \"Testing edited Modified\",\n        \"online\": true\n    },\n    {\n        \"programId\": 10367,\n        \"programName\": \"JavaCore\",\n        \"programDescription\": \"JavaClass\",\n        \"online\": true\n    },\n    {\n        \"programId\": 10368,\n        \"programName\": \"JavaCore\",\n        \"programDescription\": \"JavaClass\",\n        \"online\": true\n    },\n    {\n        \"programId\": 10369,\n        \"programName\": \"JavaCore\",\n        \"programDescription\": \"JavaClass\",\n        \"online\": true\n    },\n    {\n        \"programId\": 10370,\n        \"programName\": \"JavaCore\",\n        \"programDescription\": \"JavaClass\",\n        \"online\": true\n    },\n    {\n        \"programId\": 10371,\n        \"programName\": \"JavaCore\",\n        \"programDescription\": \"JavaClass\",\n        \"online\": true\n    },\n    {\n        \"programId\": 10375,\n        \"programName\": \"batman\",\n        \"programDescription\": \"string\",\n        \"online\": true\n    },\n    {\n        \"programId\": 10376,\n        \"programName\": \"batman\",\n        \"programDescription\": \"string\",\n        \"online\": true\n    },\n    {\n        \"programId\": 10377,\n        \"programName\": \"create post\",\n        \"programDescription\": \"Testing Post\",\n        \"online\": false\n    },\n    {\n        \"programId\": 10378,\n        \"programName\": \"create post\",\n        \"programDescription\": \"Testing Post\",\n        \"online\": false\n    },\n    {\n        \"programId\": 10379,\n        \"programName\": \"testing insert\",\n        \"programDescription\": \"SDET\",\n        \"online\": true\n    },\n    {\n        \"programId\": 10380,\n        \"programName\": \"create post\",\n        \"programDescription\": \"Testing Post\",\n        \"online\": false\n    },\n    {\n        \"programId\": 10381,\n        \"programName\": \"testing insert\",\n        \"programDescription\": \"SDET\",\n        \"online\": true\n    },\n    {\n        \"programId\": 10382,\n        \"programName\": \"testing insert\",\n        \"programDescription\": \"SDET\",\n        \"online\": true\n    },\n    {\n        \"programId\": 10383,\n        \"programName\": \"testing update\",\n        \"programDescription\": \"SDET\",\n        \"online\": true\n    },\n    {\n        \"programId\": 10386,\n        \"programName\": \"VideoGame\",\n        \"programDescription\": \"user friendly\",\n        \"online\": true\n    },\n    {\n        \"programId\": 10387,\n        \"programName\": \"VideoGame\",\n        \"programDescription\": \"user friendly\",\n        \"online\": true\n    },\n    {\n        \"programId\": 10388,\n        \"programName\": \"VideoGame\",\n        \"programDescription\": \"user friendly\",\n        \"online\": true\n    },\n    {\n        \"programId\": 10389,\n        \"programName\": \"VideoGame\",\n        \"programDescription\": \"user friendly\",\n        \"online\": true\n    },\n    {\n        \"programId\": 10390,\n        \"programName\": \"testing insert\",\n        \"programDescription\": \"SDET\",\n        \"online\": true\n    },\n    {\n        \"programId\": 10391,\n        \"programName\": \"create post\",\n        \"programDescription\": \"Testing Post\",\n        \"online\": false\n    },\n    {\n        \"programId\": 10392,\n        \"programName\": \"create post\",\n        \"programDescription\": \"Testing Post\",\n        \"online\": false\n    }\n]"
at org.hamcrest.MatcherAssert.assertThat(MatcherAssert.java:18)
at org.hamcrest.MatcherAssert.assertThat(MatcherAssert.java:6)
at dataDrivenTesting.LMS_API_GETRQ.LMS_API_TC01_GETRQ(LMS_API_GETRQ.java:72)
at java.base/jdk.internal.reflect.NativeMethodAccessorImpl.invoke0(Native Method)
at java.base/jdk.internal.reflect.NativeMethodAccessorImpl.invoke(NativeMethodAccessorImpl.java:77)
at java.base/jdk.internal.reflect.DelegatingMethodAccessorImpl.invoke(DelegatingMethodAccessorImpl.java:43)
at java.base/java.lang.reflect.Method.invoke(Method.java:568)
at org.testng.internal.invokers.MethodInvocationHelper.invokeMethod(MethodInvocationHelper.java:135)
at org.testng.internal.invokers.TestInvoker.invokeMethod(TestInvoker.java:673)
at org.testng.internal.invokers.TestInvoker.invokeTestMethod(TestInvoker.java:220)
at org.testng.internal.invokers.MethodRunner.runInSequence(MethodRunner.java:50)
at org.testng.internal.invokers.TestInvoker$MethodInvocationAgent.invoke(TestInvoker.java:945)
at org.testng.internal.invokers.TestInvoker.invokeTestMethods(TestInvoker.java:193)
at org.testng.internal.invokers.TestMethodWorker.invokeTestMethods(TestMethodWorker.java:146)
at org.testng.internal.invokers.TestMethodWorker.run(TestMethodWorker.java:128)
at java.base/java.util.ArrayList.forEach(ArrayList.java:1511)
at org.testng.TestRunner.privateRun(TestRunner.java:808)
at org.testng.TestRunner.run(TestRunner.java:603)
at org.testng.SuiteRunner.runTest(SuiteRunner.java:429)
at org.testng.SuiteRunner.runSequentially(SuiteRunner.java:423)
at org.testng.SuiteRunner.privateRun(SuiteRunner.java:383)
at org.testng.SuiteRunner.run(SuiteRunner.java:326)
at org.testng.SuiteRunnerWorker.runSuite(SuiteRunnerWorker.java:52)
at org.testng.SuiteRunnerWorker.run(SuiteRunnerWorker.java:95)
at org.testng.TestNG.runSuitesSequentially(TestNG.java:1249)
at org.testng.TestNG.runSuitesLocally(TestNG.java:1169)
at org.testng.TestNG.runSuites(TestNG.java:1092)
at org.testng.TestNG.run(TestNG.java:1060)
at org.testng.remote.AbstractRemoteTestNG.run(AbstractRemoteTestNG.java:115)
at org.testng.remote.RemoteTestNG.initAndRun(RemoteTestNG.java:251)
at org.testng.remote.RemoteTestNG.main(RemoteTestNG.java:77)
]]>
    </failure>
  </testcase> <!-- LMS_API_TC01_GETRQ -->
  <system-out/>
</testsuite> <!-- dataDrivenTesting.LMS_API_GETRQ -->
