<?xml version="1.0" encoding="UTF-8"?>
<!-- Generated by org.testng.reporters.JUnitReportReporter -->
<testsuite hostname="DESKTOP-EEMVQ20" failures="0" tests="1" name="dataDrivenTesting.Jobs_API_GETRQ" time="1.848" errors="0" timestamp="2022-02-23T10:44:28 MST" skipped="0">
  <testcase classname="dataDrivenTesting.Jobs_API_GETRQ" name="Jobs_API_TC01_GetAllRecs" time="1.848"/>
  <system-out/>
</testsuite> <!-- dataDrivenTesting.Jobs_API_GETRQ -->
