<?xml version="1.0" encoding="UTF-8"?>
<!-- Generated by org.testng.reporters.JUnitReportReporter -->
<testsuite hostname="DESKTOP-EEMVQ20" failures="0" tests="6" name="dataDrivenTesting.Jobs_API_TC06_Post_sameRecord" time="1.816" errors="0" timestamp="2022-02-08T10:48:30 MST" skipped="0">
  <testcase classname="dataDrivenTesting.Jobs_API_TC06_Post_sameRecord" name="TC_PostRequest" time="0.301"/>
  <system-out/>
  <testcase classname="dataDrivenTesting.Jobs_API_TC06_Post_sameRecord" name="TC_PostRequest" time="0.296"/>
  <system-out/>
  <testcase classname="dataDrivenTesting.Jobs_API_TC06_Post_sameRecord" name="TC_PostRequest" time="0.300"/>
  <system-out/>
  <testcase classname="dataDrivenTesting.Jobs_API_TC06_Post_sameRecord" name="TC_PostRequest" time="0.301"/>
  <system-out/>
  <testcase classname="dataDrivenTesting.Jobs_API_TC06_Post_sameRecord" name="TC_PostRequest" time="0.313"/>
  <system-out/>
  <testcase classname="dataDrivenTesting.Jobs_API_TC06_Post_sameRecord" name="TC_PostRequest" time="0.305"/>
  <system-out/>
</testsuite> <!-- dataDrivenTesting.Jobs_API_TC06_Post_sameRecord -->
