<?xml version="1.0" encoding="UTF-8"?>
<!-- Generated by org.testng.reporters.JUnitReportReporter -->
<testsuite hostname="DESKTOP-EEMVQ20" failures="0" tests="2" name="dataDrivenTesting.LMS_API_TC08_DeletenewId" time="0.922" errors="0" timestamp="2022-02-08T10:48:30 MST" skipped="0">
  <testcase classname="dataDrivenTesting.LMS_API_TC08_DeletenewId" name="TC_deleteRequest" time="0.464"/>
  <system-out/>
  <testcase classname="dataDrivenTesting.LMS_API_TC08_DeletenewId" name="TC_deleteRequest" time="0.458"/>
  <system-out/>
</testsuite> <!-- dataDrivenTesting.LMS_API_TC08_DeletenewId -->
