<?xml version="1.0" encoding="UTF-8"?>
<!-- Generated by org.testng.reporters.JUnitReportReporter -->
<testsuite hostname="DESKTOP-EEMVQ20" failures="0" tests="13" name="dataDrivenTesting.Jobs_API_TC02_POSTRQ" time="5.507" errors="0" timestamp="2022-02-08T14:27:09 MST" skipped="0">
  <testcase classname="dataDrivenTesting.Jobs_API_TC02_POSTRQ" name="TC_PostRequest" time="0.333"/>
  <system-out/>
  <testcase classname="dataDrivenTesting.Jobs_API_TC02_POSTRQ" name="TC_PostRequest" time="0.326"/>
  <system-out/>
  <testcase classname="dataDrivenTesting.Jobs_API_TC02_POSTRQ" name="TC_PostRequest" time="0.320"/>
  <system-out/>
  <testcase classname="dataDrivenTesting.Jobs_API_TC02_POSTRQ" name="TC_PostRequest" time="1.639"/>
  <system-out/>
  <testcase classname="dataDrivenTesting.Jobs_API_TC02_POSTRQ" name="TC_PostRequest" time="0.314"/>
  <system-out/>
  <testcase classname="dataDrivenTesting.Jobs_API_TC02_POSTRQ" name="TC_PostRequest" time="0.319"/>
  <system-out/>
  <testcase classname="dataDrivenTesting.Jobs_API_TC02_POSTRQ" name="TC_PostRequest" time="0.337"/>
  <system-out/>
  <testcase classname="dataDrivenTesting.Jobs_API_TC02_POSTRQ" name="TC_PostRequest_sameData" time="0.308"/>
  <system-out/>
  <testcase classname="dataDrivenTesting.Jobs_API_TC02_POSTRQ" name="TC_PostRequest_sameData" time="0.338"/>
  <system-out/>
  <testcase classname="dataDrivenTesting.Jobs_API_TC02_POSTRQ" name="TC_PostRequest_sameData" time="0.327"/>
  <system-out/>
  <testcase classname="dataDrivenTesting.Jobs_API_TC02_POSTRQ" name="TC_PostRequest_sameData" time="0.312"/>
  <system-out/>
  <testcase classname="dataDrivenTesting.Jobs_API_TC02_POSTRQ" name="TC_PostRequest_sameData" time="0.318"/>
  <system-out/>
  <testcase classname="dataDrivenTesting.Jobs_API_TC02_POSTRQ" name="TC_PostRequest_sameData" time="0.316"/>
  <system-out/>
</testsuite> <!-- dataDrivenTesting.Jobs_API_TC02_POSTRQ -->
