<?xml version="1.0" encoding="UTF-8"?>
<!-- Generated by org.testng.reporters.JUnitReportReporter -->
<testsuite hostname="DESKTOP-EEMVQ20" failures="0" tests="6" name="DataDrivenTesting.Jobs_API_PostRQ_DataDrivenTests" time="3.329" errors="0" timestamp="2022-01-20T19:17:55 MST" skipped="0">
  <testcase classname="DataDrivenTesting.Jobs_API_PostRQ_DataDrivenTests" name="TC_PostRequest" time="0.361"/>
  <system-out/>
  <testcase classname="DataDrivenTesting.Jobs_API_PostRQ_DataDrivenTests" name="TC_PostRequest" time="0.323"/>
  <system-out/>
  <testcase classname="DataDrivenTesting.Jobs_API_PostRQ_DataDrivenTests" name="TC_PostRequest" time="1.671"/>
  <system-out/>
  <testcase classname="DataDrivenTesting.Jobs_API_PostRQ_DataDrivenTests" name="TC_PostRequest" time="0.326"/>
  <system-out/>
  <testcase classname="DataDrivenTesting.Jobs_API_PostRQ_DataDrivenTests" name="TC_PostRequest" time="0.328"/>
  <system-out/>
  <testcase classname="DataDrivenTesting.Jobs_API_PostRQ_DataDrivenTests" name="TC_PostRequest" time="0.320"/>
  <system-out/>
</testsuite> <!-- DataDrivenTesting.Jobs_API_PostRQ_DataDrivenTests -->
