<?xml version="1.0" encoding="UTF-8"?>
<!-- Generated by org.testng.reporters.JUnitReportReporter -->
<testsuite hostname="DESKTOP-EEMVQ20" failures="0" tests="3" name="dataDrivenTesting.LMS_API_TC03_PUTRQ" time="2.725" errors="0" timestamp="2022-02-08T12:40:44 MST" skipped="0">
  <testcase classname="dataDrivenTesting.LMS_API_TC03_PUTRQ" name="updateRecord" time="1.795"/>
  <system-out/>
  <testcase classname="dataDrivenTesting.LMS_API_TC03_PUTRQ" name="updateRecord" time="0.466"/>
  <system-out/>
  <testcase classname="dataDrivenTesting.LMS_API_TC03_PUTRQ" name="updateRecord" time="0.464"/>
  <system-out/>
</testsuite> <!-- dataDrivenTesting.LMS_API_TC03_PUTRQ -->
