<?xml version="1.0" encoding="UTF-8"?>
<!-- Generated by org.testng.reporters.JUnitReportReporter -->
<testsuite hostname="DESKTOP-EEMVQ20" failures="0" tests="4" name="dataDrivenTesting_PositiveScenarios.LMS_API_TC01_POSTRQ" time="3.349" errors="0" timestamp="2022-01-25T10:18:03 MST" skipped="0">
  <testcase classname="dataDrivenTesting_PositiveScenarios.LMS_API_TC01_POSTRQ" name="createRecord" time="0.478"/>
  <system-out/>
  <testcase classname="dataDrivenTesting_PositiveScenarios.LMS_API_TC01_POSTRQ" name="createRecord" time="0.474"/>
  <system-out/>
  <testcase classname="dataDrivenTesting_PositiveScenarios.LMS_API_TC01_POSTRQ" name="createRecord" time="0.549"/>
  <system-out/>
  <testcase classname="dataDrivenTesting_PositiveScenarios.LMS_API_TC01_POSTRQ" name="createRecord" time="1.848"/>
  <system-out/>
</testsuite> <!-- dataDrivenTesting_PositiveScenarios.LMS_API_TC01_POSTRQ -->
