<?xml version="1.0" encoding="UTF-8"?>
<!-- Generated by org.testng.reporters.JUnitReportReporter -->
<testsuite hostname="DESKTOP-EEMVQ20" failures="0" tests="1" name="dataDrivenTesting.Jobs_API_TC07_Delete_newId" time="0.298" errors="0" timestamp="2022-02-08T10:48:30 MST" skipped="0">
  <testcase classname="dataDrivenTesting.Jobs_API_TC07_Delete_newId" name="TC_deleteRequest" time="0.298"/>
  <system-out/>
</testsuite> <!-- dataDrivenTesting.Jobs_API_TC07_Delete_newId -->
