<?xml version="1.0" encoding="UTF-8"?>
<!-- Generated by org.testng.reporters.JUnitReportReporter -->
<testsuite hostname="DESKTOP-EEMVQ20" failures="0" tests="1" name="dataDrivenTesting.Jobs_API_TC08_PUT_sameRecord" time="0.316" errors="0" timestamp="2022-02-08T10:48:30 MST" skipped="0">
  <testcase classname="dataDrivenTesting.Jobs_API_TC08_PUT_sameRecord" name="TC_putRequest" time="0.316"/>
  <system-out/>
</testsuite> <!-- dataDrivenTesting.Jobs_API_TC08_PUT_sameRecord -->
