<?xml version="1.0" encoding="UTF-8"?>
<!-- Generated by org.testng.reporters.JUnitReportReporter -->
<testsuite hostname="DESKTOP-EEMVQ20" failures="0" tests="4" name="dataDrivenTesting.LMS_API_TC06_Post_sameId" time="1.961" errors="0" timestamp="2022-02-08T10:48:30 MST" skipped="0">
  <testcase classname="dataDrivenTesting.LMS_API_TC06_Post_sameId" name="createRecord" time="0.520"/>
  <system-out/>
  <testcase classname="dataDrivenTesting.LMS_API_TC06_Post_sameId" name="createRecord" time="0.483"/>
  <system-out/>
  <testcase classname="dataDrivenTesting.LMS_API_TC06_Post_sameId" name="createRecord" time="0.478"/>
  <system-out/>
  <testcase classname="dataDrivenTesting.LMS_API_TC06_Post_sameId" name="createRecord" time="0.480"/>
  <system-out/>
</testsuite> <!-- dataDrivenTesting.LMS_API_TC06_Post_sameId -->
