<?xml version="1.0" encoding="UTF-8"?>
<!-- Generated by org.testng.reporters.JUnitReportReporter -->
<testsuite hostname="DESKTOP-EEMVQ20" failures="0" tests="2" name="dataDrivenTesting.Jobs_API_DeleteRQ" time="0.614" errors="0" timestamp="2022-02-22T10:51:43 MST" skipped="0">
  <testcase classname="dataDrivenTesting.Jobs_API_DeleteRQ" name="Jobs_API_TC07_DeleteRQ" time="0.319"/>
  <system-out/>
  <testcase classname="dataDrivenTesting.Jobs_API_DeleteRQ" name="Jobs_API_TC08_DeleteRQ_newId" time="0.295"/>
  <system-out/>
</testsuite> <!-- dataDrivenTesting.Jobs_API_DeleteRQ -->
