<?xml version="1.0" encoding="UTF-8"?>
<!-- Generated by org.testng.reporters.JUnitReportReporter -->
<testsuite hostname="DESKTOP-EEMVQ20" failures="0" tests="1" name="dataDrivenTesting.LMS_API_JSONSchemaValidator" time="2.868" errors="0" timestamp="2022-02-19T15:16:57 MST" skipped="0">
  <testcase classname="dataDrivenTesting.LMS_API_JSONSchemaValidator" name="TC_GET_AllRecords" time="2.868"/>
  <system-out/>
</testsuite> <!-- dataDrivenTesting.LMS_API_JSONSchemaValidator -->
