<?xml version="1.0" encoding="UTF-8"?>
<!-- Generated by org.testng.reporters.JUnitReportReporter -->
<testsuite hostname="DESKTOP-EEMVQ20" failures="0" tests="2" name="dataDrivenTesting.Jobs_API_TC03_PUTRQ" time="2.152" errors="0" timestamp="2022-02-08T14:32:57 MST" skipped="0">
  <testcase classname="dataDrivenTesting.Jobs_API_TC03_PUTRQ" name="TC_putRequest" time="1.814"/>
  <system-out/>
  <testcase classname="dataDrivenTesting.Jobs_API_TC03_PUTRQ" name="Jobs_API_TC08_PUT_sameRecord" time="0.338"/>
  <system-out/>
</testsuite> <!-- dataDrivenTesting.Jobs_API_TC03_PUTRQ -->
