<?xml version="1.0" encoding="UTF-8"?>
<!-- Generated by org.testng.reporters.JUnitReportReporter -->
<testsuite hostname="DESKTOP-EEMVQ20" failures="0" tests="2" name="dataDrivenTesting_PositiveScenarios.LMS_API_TC03_DeleteRQ" time="2.342" errors="0" timestamp="2022-01-25T20:48:39 MST" skipped="0">
  <testcase classname="dataDrivenTesting_PositiveScenarios.LMS_API_TC03_DeleteRQ" name="TC_deleteRequest" time="0.500"/>
  <system-out/>
  <testcase classname="dataDrivenTesting_PositiveScenarios.LMS_API_TC03_DeleteRQ" name="TC_deleteRequest" time="1.842"/>
  <system-out/>
</testsuite> <!-- dataDrivenTesting_PositiveScenarios.LMS_API_TC03_DeleteRQ -->
