<?xml version="1.0" encoding="UTF-8"?>
<!-- Generated by org.testng.reporters.JUnitReportReporter -->
<testsuite hostname="DESKTOP-EEMVQ20" failures="0" tests="1" name="dataDrivenTesting.LMS_API_TC05_Get_invalidURL" time="0.565" errors="0" timestamp="2022-02-08T10:48:30 MST" skipped="0">
  <testcase classname="dataDrivenTesting.LMS_API_TC05_Get_invalidURL" name="Jobs_API_TC01_GETRQ" time="0.565"/>
  <system-out/>
</testsuite> <!-- dataDrivenTesting.LMS_API_TC05_Get_invalidURL -->
