<?xml version="1.0" encoding="UTF-8"?>
<!-- Generated by org.testng.reporters.JUnitReportReporter -->
<testsuite hostname="DESKTOP-EEMVQ20" failures="0" tests="4" name="dataDrivenTesting.LMS_API_DeleteRQ" time="1.891" errors="0" timestamp="2022-02-22T10:51:43 MST" skipped="0">
  <testcase classname="dataDrivenTesting.LMS_API_DeleteRQ" name="LMS_API_TC07_DeleteRQ" time="0.485"/>
  <system-out/>
  <testcase classname="dataDrivenTesting.LMS_API_DeleteRQ" name="LMS_API_TC07_DeleteRQ" time="0.478"/>
  <system-out/>
  <testcase classname="dataDrivenTesting.LMS_API_DeleteRQ" name="LMS_API_TC08_DeleteRQ_newId" time="0.470"/>
  <system-out/>
  <testcase classname="dataDrivenTesting.LMS_API_DeleteRQ" name="LMS_API_TC08_DeleteRQ_newId" time="0.458"/>
  <system-out/>
</testsuite> <!-- dataDrivenTesting.LMS_API_DeleteRQ -->
