<?xml version="1.0" encoding="UTF-8"?>
<!-- Generated by org.testng.reporters.JUnitReportReporter -->
<testsuite hostname="DESKTOP-EEMVQ20" failures="0" tests="1" name="dataDrivenTesting.Jobs_API_JSONSchemaValidator" time="2.074" errors="0" timestamp="2022-02-23T10:43:50 MST" skipped="0">
  <testcase classname="dataDrivenTesting.Jobs_API_JSONSchemaValidator" name="TC_GET_AllRecords" time="2.074"/>
  <system-out/>
</testsuite> <!-- dataDrivenTesting.Jobs_API_JSONSchemaValidator -->
